<?xml version="1.0" encoding="UTF-8"?>
<testsuites name="Mocha Tests" timestamp="2015-06-24T13:05:30" time="0" tests="1" failures="0">
  <testsuite name="REST API Test Suite" timestamp="2015-06-24T13:05:30" tests="1" failures="0" time="0">
    <testcase name="REST API Test Suite hello_test" time="0" className="hello_test">
    </testcase>
  </testsuite>
</testsuites>