<?xml version="1.0"?>
<testsuites>
  <testsuite name="Chrome 43.0.2357 (Windows 7 0.0.0)" package="" timestamp="2015-06-24T23:50:05" id="0" hostname="MOngoDB3" tests="0" errors="1" failures="0" time="0">
    <properties>
      <property name="browser.fullName" value="Mozilla/5.0 (Windows NT 6.1; WOW64) AppleWebKit/537.36 (KHTML, like Gecko) Chrome/43.0.2357.124 Safari/537.36"/>
    </properties>
    <system-out><![CDATA[Chrome 43.0.2357 (Windows 7 0.0.0) ERROR
  Uncaught ReferenceError: require is not defined
  at C:/dev/MedExplorer/src/server/tests/test.js:1

]]></system-out>
    <system-err/>
  </testsuite>
</testsuites>
