<?xml version="1.0"?>
<testsuites>
  <testsuite name="PhantomJS 1.9.8 (Windows 7 0.0.0)" package="" timestamp="2015-06-26T17:37:55" id="0" hostname="HAYES-LT" tests="16" errors="0" failures="0" time="0.092">
    <properties>
      <property name="browser.fullName" value="Mozilla/5.0 (Windows NT 6.1; WOW64) AppleWebKit/534.34 (KHTML, like Gecko) PhantomJS/1.9.8 Safari/534.34"/>
    </properties>
    <testcase name="has a BreadCrumbsController" time="0.022" classname="PhantomJS 1.9.8 (Windows 7 0.0.0).Controller: BreadCrumbsController"/>
    <testcase name="value should be not null" time="0.004" classname="PhantomJS 1.9.8 (Windows 7 0.0.0).Controller: BreadCrumbsController"/>
    <testcase name="this is a test" time="0" classname="PhantomJS 1.9.8 (Windows 7 0.0.0).Controller: HelloWorldController"/>
    <testcase name="this is another test (which should NOT fail)" time="0" classname="PhantomJS 1.9.8 (Windows 7 0.0.0).Controller: HelloWorldController"/>
    <testcase name="should check validity on init" time="0.007" classname="PhantomJS 1.9.8 (Windows 7 0.0.0).Directive: c3PieChart"/>
    <testcase name="should check validity on init" time="0.005" classname="PhantomJS 1.9.8 (Windows 7 0.0.0).Directive: scrollableDiv"/>
    <testcase name="filters not null" time="0.008" classname="PhantomJS 1.9.8 (Windows 7 0.0.0).Filter: capitalization"/>
    <testcase name="sentence_test" time="0.005" classname="PhantomJS 1.9.8 (Windows 7 0.0.0).Filter: capitalization"/>
    <testcase name="uppercase_test" time="0.006" classname="PhantomJS 1.9.8 (Windows 7 0.0.0).Filter: capitalization"/>
    <testcase name="lowercase_test" time="0.004" classname="PhantomJS 1.9.8 (Windows 7 0.0.0).Filter: capitalization"/>
    <testcase name="title_test" time="0.004" classname="PhantomJS 1.9.8 (Windows 7 0.0.0).Filter: capitalization"/>
    <testcase name="titlePreserveUpper_test" time="0.003" classname="PhantomJS 1.9.8 (Windows 7 0.0.0).Filter: capitalization"/>
    <testcase name="has a mmddyyyy_slashes date filter" time="0.011" classname="PhantomJS 1.9.8 (Windows 7 0.0.0).Filter: date"/>
    <testcase name="convert mmddyyyy_slashes" time="0.004" classname="PhantomJS 1.9.8 (Windows 7 0.0.0).Filter: date"/>
    <testcase name="has a replaceOTC filter" time="0.004" classname="PhantomJS 1.9.8 (Windows 7 0.0.0).Filter: replaceotc"/>
    <testcase name="convert replaceOTC" time="0.005" classname="PhantomJS 1.9.8 (Windows 7 0.0.0).Filter: replaceotc"/>
    <system-out><![CDATA[PhantomJS 1.9.8 (Windows 7 0.0.0) LOG: 'In breadcrumbs contoller'
,PhantomJS 1.9.8 (Windows 7 0.0.0) LOG: 'value undefined'
,PhantomJS 1.9.8 (Windows 7 0.0.0) LOG: 'source undefined'
,PhantomJS 1.9.8 (Windows 7 0.0.0) LOG: 'type undefined'
,PhantomJS 1.9.8 (Windows 7 0.0.0) LOG: 'field undefined'
,PhantomJS 1.9.8 (Windows 7 0.0.0) LOG: 'limit undefined'
,PhantomJS 1.9.8 (Windows 7 0.0.0) LOG: 'tabName undefined'
,PhantomJS 1.9.8 (Windows 7 0.0.0) LOG: 'In breadcrumbs contoller'
,PhantomJS 1.9.8 (Windows 7 0.0.0) LOG: 'value undefined'
,PhantomJS 1.9.8 (Windows 7 0.0.0) LOG: 'source undefined'
,PhantomJS 1.9.8 (Windows 7 0.0.0) LOG: 'type undefined'
,PhantomJS 1.9.8 (Windows 7 0.0.0) LOG: 'field undefined'
,PhantomJS 1.9.8 (Windows 7 0.0.0) LOG: 'limit undefined'
,PhantomJS 1.9.8 (Windows 7 0.0.0) LOG: 'tabName undefined'

]]></system-out>
    <system-err/>
  </testsuite>
</testsuites>
