<?xml version="1.0"?>
<testsuites>
  <testsuite name="PhantomJS 1.9.8 (Windows 7 0.0.0)" package="" timestamp="2015-06-26T16:39:06" id="0" hostname="MOngoDB3" tests="12" errors="0" failures="10" time="0.312">
    <properties>
      <property name="browser.fullName" value="Mozilla/5.0 (Windows NT 6.1; WOW64) AppleWebKit/534.34 (KHTML, like Gecko) PhantomJS/1.9.8 Safari/534.34"/>
    </properties>
    <testcase name="this is a test" time="0.002" classname="PhantomJS 1.9.8 (Windows 7 0.0.0).Controller: HelloWorldController"/>
    <testcase name="this is another test (which should NOT fail)" time="0.001" classname="PhantomJS 1.9.8 (Windows 7 0.0.0).Controller: HelloWorldController"/>
    <testcase name="filters not null" time="0.064" classname="PhantomJS 1.9.8 (Windows 7 0.0.0).Filter: capitalization">
      <failure type="">Error: [$injector:modulerr] Failed to instantiate module MedExplorer due to:
Error: [$injector:modulerr] Failed to instantiate module ui.bootstrap due to:
Error: [$injector:nomod] Module &apos;ui.bootstrap&apos; is not available! You either misspelled the module name or forgot to load it. If registering a module ensure that you specify the dependencies as the second argument.
http://errors.angularjs.org/1.4.1/$injector/nomod?p0=ui.bootstrap
    at C:/dev/MedExplorer/src/client/app/vendor/angular/angular.js:1951
    at ensure (C:/dev/MedExplorer/src/client/app/vendor/angular/angular.js:1873)
    at module (C:/dev/MedExplorer/src/client/app/vendor/angular/angular.js:2201)
    at C:/dev/MedExplorer/src/client/app/vendor/angular/angular.js:4355
    at forEach (C:/dev/MedExplorer/src/client/app/vendor/angular/angular.js:336)
    at loadModules (C:/dev/MedExplorer/src/client/app/vendor/angular/angular.js:4381)
    at C:/dev/MedExplorer/src/client/app/vendor/angular/angular.js:4356
    at forEach (C:/dev/MedExplorer/src/client/app/vendor/angular/angular.js:336)
    at loadModules (C:/dev/MedExplorer/src/client/app/vendor/angular/angular.js:4381)
    at createInjector (C:/dev/MedExplorer/src/client/app/vendor/angular/angular.js:4265)
    at workFn (C:/dev/MedExplorer/src/client/app/vendor/angular-mocks/angular-mocks.js:2409)
http://errors.angularjs.org/1.4.1/$injector/modulerr?p0=ui.bootstrap&amp;p1=Error%3A%20%5B%24injector%3Anomod%5D%20Module%20&apos;ui.bootstrap&apos;%20is%20not%20available!%20You%20either%20misspelled%20the%20module%20name%20or%20forgot%20to%20load%20it.%20If%20registering%20a%20module%20ensure%20that%20you%20specify%20the%20dependencies%20as%20the%20second%20argument.%0Ahttp%3A%2F%2Ferrors.angularjs.org%2F1.4.1%2F%24injector%2Fnomod%3Fp0%3Dui.bootstrap%0A%20%20%20%20at%20http%3A%2F%2Flocalhost%3A8080%2Fbase%2Fapp%2Fvendor%2Fangular%2Fangular.js%3F9d140432f81858ac1e7888708720d419d147ffa9%3A1951%0A%20%20%20%20at%20ensure%20(http%3A%2F%2Flocalhost%3A8080%2Fbase%2Fapp%2Fvendor%2Fangular%2Fangular.js%3F9d140432f81858ac1e7888708720d419d147ffa9%3A1873)%0A%20%20%20%20at%20module%20(http%3A%2F%2Flocalhost%3A8080%2Fbase%2Fapp%2Fvendor%2Fangular%2Fangular.js%3F9d140432f81858ac1e7888708720d419d147ffa9%3A2201)%0A%20%20%20%20at%20http%3A%2F%2Flocalhost%3A8080%2Fbase%2Fapp%2Fvendor%2Fangular%2Fangular.js%3F9d140432f81858ac1e7888708720d419d147ffa9%3A4355%0A%20%20%20%20at%20forEach%20(http%3A%2F%2Flocalhost%3A8080%2Fbase%2Fapp%2Fvendor%2Fangular%2Fangular.js%3F9d140432f81858ac1e7888708720d419d147ffa9%3A336)%0A%20%20%20%20at%20loadModules%20(http%3A%2F%2Flocalhost%3A8080%2Fbase%2Fapp%2Fvendor%2Fangular%2Fangular.js%3F9d140432f81858ac1e7888708720d419d147ffa9%3A4381)%0A%20%20%20%20at%20http%3A%2F%2Flocalhost%3A8080%2Fbase%2Fapp%2Fvendor%2Fangular%2Fangular.js%3F9d140432f81858ac1e7888708720d419d147ffa9%3A4356%0A%20%20%20%20at%20forEach%20(http%3A%2F%2Flocalhost%3A8080%2Fbase%2Fapp%2Fvendor%2Fangular%2Fangular.js%3F9d140432f81858ac1e7888708720d419d147ffa9%3A336)%0A%20%20%20%20at%20loadModules%20(http%3A%2F%2Flocalhost%3A8080%2Fbase%2Fapp%2Fvendor%2Fangular%2Fangular.js%3F9d140432f81858ac1e7888708720d419d147ffa9%3A4381)%0A%20%20%20%20at%20createInjector%20(http%3A%2F%2Flocalhost%3A8080%2Fbase%2Fapp%2Fvendor%2Fangular%2Fangular.js%3F9d140432f81858ac1e7888708720d419d147ffa9%3A4265)%0A%20%20%20%20at%20workFn%20(http%3A%2F%2Flocalhost%3A8080%2Fbase%2Fapp%2Fvendor%2Fangular-mocks%2Fangular-mocks.js%3F6fe041cc8bb7a17f894cb12d8b0d44b12644f10a%3A2409)%0A%20%20%20%20at%20attemptSync%20(http%3A%2F%2Flocalhost%3A8080%2Fbase%2Fnode_modules%2Fjasmine-core%2Flib%2Fjasmine-core%2Fjasmine.js%3F578a1e5ff14db21b04e2d6db7fd0eda37042440c%3A1789)%0A%20%20%20%20at%20http%3A%2F%2Flocalhost%3A8080%2Fbase%2Fnode_modules%2Fjasmine-core%2Flib%2Fjasmine-core%2Fjasmine.js%3F578a1e5ff14db21b04e2d6db7fd0eda37042440c%3A1777%0A%20%20%20%20at%20http%3A%2F%2Flocalhost%3A8080%2Fbase%2Fnode_modules%2Fjasmine-core%2Flib%2Fjasmine-core%2Fjasmine.js%3F578a1e5ff14db21b04e2d6db7fd0eda37042440c%3A1762%0A%20%20%20%20at%20http%3A%2F%2Flocalhost%3A8080%2Fbase%2Fnode_modules%2Fjasmine-core%2Flib%2Fjasmine-core%2Fjasmine.js%3F578a1e5ff14db21b04e2d6db7fd0eda37042440c%3A627%0A%20%20%20%20at%20http%3A%2F%2Flocalhost%3A8080%2Fbase%2Fnode_modules%2Fjasmine-core%2Flib%2Fjasmine-core%2Fjasmine.js%3F578a1e5ff14db21b04e2d6db7fd0eda37042440c%3A357%0A%20%20%20%20at%20http%3A%2F%2Flocalhost%3A8080%2Fbase%2Fnode_modules%2Fjasmine-core%2Flib%2Fjasmine-core%2Fjasmine.js%3F578a1e5ff14db21b04e2d6db7fd0eda37042440c%3A2360%0A%20%20%20%20at%20attemptAsync%20(http%3A%2F%2Flocalhost%3A8080%2Fbase%2Fnode_modules%2Fjasmine-core%2Flib%2Fjasmine-core%2Fjasmine.js%3F578a1e5ff14db21b04e2d6db7fd0eda37042440c%3A1819)%0A%20%20%20%20at%20http%3A%2F%2Flocalhost%3A8080%2Fbase%2Fnode_modules%2Fjasmine-core%2Flib%2Fjasmine-core%2Fjasmine.js%3F578a1e5ff14db21b04e2d6db7fd0eda37042440c%3A1774%0A%20%20%20%20at%20http%3A%2F%2Flocalhost%3A8080%2Fbase%2Fnode_modules%2Fjasmine-core%2Flib%2Fjasmine-core%2Fjasmine.js%3F578a1e5ff14db21b04e2d6db7fd0eda37042440c%3A1762%0A%20%20%20%20at%20http%3A%2F%2Flocalhost%3A8080%2Fbase%2Fnode_modules%2Fjasmine-core%2Flib%2Fjasmine-core%2Fjasmine.js%3F578a1e5ff14db21b04e2d6db7fd0eda37042440c%3A627%0A%20%20%20%20at%20http%3A%2F%2Flocalhost%3A8080%2Fbase%2Fnode_modules%2Fjasmine-core%2Flib%2Fjasmine-core%2Fjasmine.js%3F578a1e5ff14db21b04e2d6db7fd0eda37042440c%3A2354%0A%20%20%20%20at%20attemptAsync%20(http%3A%2F%2Flocalhost%3A8080%2Fbase%2Fnode_modules%2Fjasmine-core%2Flib%2Fjasmine-core%2Fjasmine.js%3F578a1e5ff14db21b04e2d6db7fd0eda37042440c%3A1819)%0A%20%20%20%20at%20http%3A%2F%2Flocalhost%3A8080%2Fbase%2Fnode_modules%2Fjasmine-core%2Flib%2Fjasmine-core%2Fjasmine.js%3F578a1e5ff14db21b04e2d6db7fd0eda37042440c%3A1774%0A%20%20%20%20at%20http%3A%2F%2Flocalhost%3A8080%2Fbase%2Fnode_modules%2Fjasmine-core%2Flib%2Fjasmine-core%2Fjasmine.js%3F578a1e5ff14db21b04e2d6db7fd0eda37042440c%3A1801%0A%20%20%20%20at%20http%3A%2F%2Flocalhost%3A8080%2Fbase%2Fnode_modules%2Fjasmine-core%2Flib%2Fjasmine-core%2Fjasmine.js%3F578a1e5ff14db21b04e2d6db7fd0eda37042440c%3A1745%0A%20%20%20%20at%20http%3A%2F%2Flocalhost%3A8080%2Fbase%2Fnode_modules%2Fjasmine-core%2Flib%2Fjasmine-core%2Fjasmine.js%3F578a1e5ff14db21b04e2d6db7fd0eda37042440c%3A2348%0A%20%20%20%20at%20clearStack%20(http%3A%2F%2Flocalhost%3A8080%2Fbase%2Fnode_modules%2Fjasmine-core%2Flib%2Fjasmine-core%2Fjasmine.js%3F578a1e5ff14db21b04e2d6db7fd0eda37042440c%3A605)%0A%20%20%20%20at%20http%3A%2F%2Flocalhost%3A8080%2Fbase%2Fnode_modules%2Fjasmine-core%2Flib%2Fjasmine-core%2Fjasmine.js%3F578a1e5ff14db21b04e2d6db7fd0eda37042440c%3A1784%0A%20%20%20%20at%20http%3A%2F%2Flocalhost%3A8080%2Fbase%2Fnode_modules%2Fjasmine-core%2Flib%2Fjasmine-core%2Fjasmine.js%3F578a1e5ff14db21b04e2d6db7fd0eda37042440c%3A1762%0A%20%20%20%20at%20http%3A%2F%2Flocalhost%3A8080%2Fbase%2Fnode_modules%2Fjasmine-core%2Flib%2Fjasmine-core%2Fjasmine.js%3F578a1e5ff14db21b04e2d6db7fd0eda37042440c%3A627%0A%20%20%20%20at%20http%3A%2F%2Flocalhost%3A8080%2Fbase%2Fnode_modules%2Fjasmine-core%2Flib%2Fjasmine-core%2Fjasmine.js%3F578a1e5ff14db21b04e2d6db7fd0eda37042440c%3A2354%0A%20%20%20%20at%20attemptAsync%20(http%3A%2F%2Flocalhost%3A8080%2Fbase%2Fnode_modules%2Fjasmine-core%2Flib%2Fjasmine-core%2Fjasmine.js%3F578a1e5ff14db21b04e2d6db7fd0eda37042440c%3A1819)%0A%20%20%20%20at%20http%3A%2F%2Flocalhost%3A8080%2Fbase%2Fnode_modules%2Fjasmine-core%2Flib%2Fjasmine-core%2Fjasmine.js%3F578a1e5ff14db21b04e2d6db7fd0eda37042440c%3A1774%0A%20%20%20%20at%20http%3A%2F%2Flocalhost%3A8080%2Fbase%2Fnode_modules%2Fjasmine-core%2Flib%2Fjasmine-core%2Fjasmine.js%3F578a1e5ff14db21b04e2d6db7fd0eda37042440c%3A1801%0A%20%20%20%20at%20http%3A%2F%2Flocalhost%3A8080%2Fbase%2Fnode_modules%2Fjasmine-core%2Flib%2Fjasmine-core%2Fjasmine.js%3F578a1e5ff14db21b04e2d6db7fd0eda37042440c%3A1745%0A%20%20%20%20at%20http%3A%2F%2Flocalhost%3A8080%2Fbase%2Fnode_modules%2Fjasmine-core%2Flib%2Fjasmine-core%2Fjasmine.js%3F578a1e5ff14db21b04e2d6db7fd0eda37042440c%3A2348%0A%20%20%20%20at%20clearStack%20(http%3A%2F%2Flocalhost%3A8080%2Fbase%2Fnode_modules%2Fjasmine-core%2Flib%2Fjasmine-core%2Fjasmine.js%3F578a1e5ff14db21b04e2d6db7fd0eda37042440c%3A605)%0A%20%20%20%20at%20http%3A%2F%2Flocalhost%3A8080%2Fbase%2Fnode_modules%2Fjasmine-core%2Flib%2Fjasmine-core%2Fjasmine.js%3F578a1e5ff14db21b04e2d6db7fd0eda37042440c%3A1784%0A%20%20%20%20at%20http%3A%2F%2Flocalhost%3A8080%2Fbase%2Fnode_modules%2Fjasmine-core%2Flib%2Fjasmine-core%2Fjasmine.js%3F578a1e5ff14db21b04e2d6db7fd0eda37042440c%3A1762%0A%20%20%20%20at%20http%3A%2F%2Flocalhost%3A8080%2Fbase%2Fnode_modules%2Fjasmine-core%2Flib%2Fjasmine-core%2Fjasmine.js%3F578a1e5ff14db21b04e2d6db7fd0eda37042440c%3A627%0A%20%20%20%20at%20http%3A%2F%2Flocalhost%3A8080%2Fbase%2Fnode_modules%2Fjasmine-core%2Flib%2Fjasmine-core%2Fjasmine.js%3F578a1e5ff14db21b04e2d6db7fd0eda37042440c%3A2354%0A%20%20%20%20at%20attemptAsync%20(http%3A%2F%2Flocalhost%3A8080%2Fbase%2Fnode_modules%2Fjasmine-core%2Flib%2Fjasmine-core%2Fjasmine.js%3F578a1e5ff14db21b04e2d6db7fd0eda37042440c%3A1819)%0A%20%20%20%20at%20http%3A%2F%2Flocalhost%3A8080%2Fbase%2Fnode_modules%2Fjasmine-core%2Flib%2Fjasmine-core%2Fjasmine.js%3F578a1e5ff14db21b04e2d6db7fd0eda37042440c%3A1774%0A%20%20%20%20at%20http%3A%2F%2Flocalhost%3A8080%2Fbase%2Fnode_modules%2Fjasmine-core%2Flib%2Fjasmine-core%2Fjasmine.js%3F578a1e5ff14db21b04e2d6db7fd0eda37042440c%3A1801%0A%20%20%20%20at%20http%3A%2F%2Flocalhost%3A8080%2Fbase%2Fnode_modules%2Fjasmine-core%2Flib%2Fjasmine-core%2Fjasmine.js%3F578a1e5ff14db21b04e2d6db7fd0eda37042440c%3A1745%0A%20%20%20%20at%20http%3A%2F%2Flocalhost%3A8080%2Fbase%2Fnode_modules%2Fjasmine-core%2Flib%2Fjasmine-core%2Fjasmine.js%3F578a1e5ff14db21b04e2d6db7fd0eda37042440c%3A2348%0A%20%20%20%20at%20clearStack%20(http%3A%2F%2Flocalhost%3A8080%2Fbase%2Fnode_modules%2Fjasmine-core%2Flib%2Fjasmine-core%2Fjasmine.js%3F578a1e5ff14db21b04e2d6db7fd0eda37042440c%3A605)%0A%20%20%20%20at%20http%3A%2F%2Flocalhost%3A8080%2Fbase%2Fnode_modules%2Fjasmine-core%2Flib%2Fjasmine-core%2Fjasmine.js%3F578a1e5ff14db21b04e2d6db7fd0eda37042440c%3A1784%0A%20%20%20%20at%20http%3A%2F%2Flocalhost%3A8080%2Fbase%2Fnode_modules%2Fjasmine-core%2Flib%2Fjasmine-core%2Fjasmine.js%3F578a1e5ff14db21b04e2d6db7fd0eda37042440c%3A1801%0A%20%20%20%20at%20http%3A%2F%2Flocalhost%3A8080%2Fbase%2Fnode_modules%2Fjasmine-core%2Flib%2Fjasmine-core%2Fjasmine.js%3F578a1e5ff14db21b04e2d6db7fd0eda37042440c%3A1745%0A%20%20%20%20at%20complete%20(http%3A%2F%2Flocalhost%3A8080%2Fbase%2Fnode_modules%2Fjasmine-core%2Flib%2Fjasmine-core%2Fjasmine.js%3F578a1e5ff14db21b04e2d6db7fd0eda37042440c%3A365)%0A%20%20%20%20at%20clearStack%20(http%3A%2F%2Flocalhost%3A8080%2Fbase%2Fnode_modules%2Fjasmine-core%2Flib%2Fjasmine-core%2Fjasmine.js%3F578a1e5ff14db21b04e2d6db7fd0eda37042440c%3A605)%0A%20%20%20%20at%20http%3A%2F%2Flocalhost%3A8080%2Fbase%2Fnode_modules%2Fjasmine-core%2Flib%2Fjasmine-core%2Fjasmine.js%3F578a1e5ff14db21b04e2d6db7fd0eda37042440c%3A1784%0A%20%20%20%20at%20http%3A%2F%2Flocalhost%3A8080%2Fbase%2Fnode_modules%2Fjasmine-core%2Flib%2Fjasmine-core%2Fjasmine.js%3F578a1e5ff14db21b04e2d6db7fd0eda37042440c%3A1762%0A%20%20%20%20at%20http%3A%2F%2Flocalhost%3A8080%2Fbase%2Fnode_modules%2Fjasmine-core%2Flib%2Fjasmine-core%2Fjasmine.js%3F578a1e5ff14db21b04e2d6db7fd0eda37042440c%3A627%0A%20%20%20%20at%20http%3A%2F%2Flocalhost%3A8080%2Fbase%2Fnode_modules%2Fjasmine-core%2Flib%2Fjasmine-core%2Fjasmine.js%3F578a1e5ff14db21b04e2d6db7fd0eda37042440c%3A357%0A%20%20%20%20at%20http%3A%2F%2Flocalhost%3A8080%2Fbase%2Fnode_modules%2Fjasmine-core%2Flib%2Fjasmine-core%2Fjasmine.js%3F578a1e5ff14db21b04e2d6db7fd0eda37042440c%3A2360%0A%20%20%20%20at%20attemptAsync%20(http%3A%2F%2Flocalhost%3A8080%2Fbase%2Fnode_modules%2Fjasmine-core%2Flib%2Fjasmine-core%2Fjasmine.js%3F578a1e5ff14db21b04e2d6db7fd0eda37042440c%3A1819)%0A%20%20%20%20at%20http%3A%2F%2Flocalhost%3A8080%2Fbase%2Fnode_modules%2Fjasmine-core%2Flib%2Fjasmine-core%2Fjasmine.js%3F578a1e5ff14db21b04e2d6db7fd0eda37042440c%3A1774%0A%20%20%20%20at%20http%3A%2F%2Flocalhost%3A8080%2Fbase%2Fnode_modules%2Fjasmine-core%2Flib%2Fjasmine-core%2Fjasmine.js%3F578a1e5ff14db21b04e2d6db7fd0eda37042440c%3A1801%0A%20%20%20%20at%20http%3A%2F%2Flocalhost%3A8080%2Fbase%2Fnode_modules%2Fjasmine-core%2Flib%2Fjasmine-core%2Fjasmine.js%3F578a1e5ff14db21b04e2d6db7fd0eda37042440c%3A1745%0A%20%20%20%20at%20complete%20(http%3A%2F%2Flocalhost%3A8080%2Fbase%2Fnode_modules%2Fjasmine-core%2Flib%2Fjasmine-core%2Fjasmine.js%3F578a1e5ff14db21b04e2d6db7fd0eda37042440c%3A365)%0A%20%20%20%20at%20clearStack%20(http%3A%2F%2Flocalhost%3A8080%2Fbase%2Fnode_modules%2Fjasmine-core%2Flib%2Fjasmine-core%2Fjasmine.js%3F578a1e5ff14db21b04e2d6db7fd0eda37042440c%3A605)%0A%20%20%20%20at%20http%3A%2F%2Flocalhost%3A8080%2Fbase%2Fnode_modules%2Fjasmine-core%2Flib%2Fjasmine-core%2Fjasmine.js%3F578a1e5ff14db21b04e2d6db7fd0eda37042440c%3A1784%0A%20%20%20%20at%20http%3A%2F%2Flocalhost%3A8080%2Fbase%2Fnode_modules%2Fjasmine-core%2Flib%2Fjasmine-core%2Fjasmine.js%3F578a1e5ff14db21b04e2d6db7fd0eda37042440c%3A1762%0A%20%20%20%20at%20http%3A%2F%2Flocalhost%3A8080%2Fbase%2Fnode_modules%2Fjasmine-core%2Flib%2Fjasmine-core%2Fjasmine.js%3F578a1e5ff14db21b04e2d6db7fd0eda37042440c%3A627%0A%20%20%20%20at%20http%3A%2F%2Flocalhost%3A8080%2Fbase%2Fnode_modules%2Fjasmine-core%2Flib%2Fjasmine-core%2Fjasmine.js%3F578a1e5ff14db21b04e2d6db7fd0eda37042440c%3A357%0A%20%20%20%20at%20http%3A%2F%2Flocalhost%3A8080%2Fbase%2Fnode_modules%2Fjasmine-core%2Flib%2Fjasmine-core%2Fjasmine.js%3F578a1e5ff14db21b04e2d6db7fd0eda37042440c%3A2360%0A%20%20%20%20at%20attemptAsync%20(http%3A%2F%2Flocalhost%3A8080%2Fbase%2Fnode_modules%2Fjasmine-core%2Flib%2Fjasmine-core%2Fjasmine.js%3F578a1e5ff14db21b04e2d6db7fd0eda37042440c%3A1819)%0A%20%20%20%20at%20http%3A%2F%2Flocalhost%3A8080%2Fbase%2Fnode_modules%2Fjasmine-core%2Flib%2Fjasmine-core%2Fjasmine.js%3F578a1e5ff14db21b04e2d6db7fd0eda37042440c%3A1774%0A%20%20%20%20at%20http%3A%2F%2Flocalhost%3A8080%2Fbase%2Fnode_modules%2Fjasmine-core%2Flib%2Fjasmine-core%2Fjasmine.js%3F578a1e5ff14db21b04e2d6db7fd0eda37042440c%3A1762%0A%20%20%20%20at%20http%3A%2F%2Flocalhost%3A8080%2Fbase%2Fnode_modules%2Fjasmine-core%2Flib%2Fjasmine-core%2Fjasmine.js%3F578a1e5ff14db21b04e2d6db7fd0eda37042440c%3A627%0A%20%20%20%20at%20http%3A%2F%2Flocalhost%3A8080%2Fbase%2Fnode_modules%2Fjasmine-core%2Flib%2Fjasmine-core%2Fjasmine.js%3F578a1e5ff14db21b04e2d6db7fd0eda37042440c%3A2354%0A%20%20%20%20at%20attemptAsync%20(http%3A%2F%2Flocalhost%3A8080%2Fbase%2Fnode_modules%2Fjasmine-core%2Flib%2Fjasmine-core%2Fjasmine.js%3F578a1e5ff14db21b04e2d6db7fd0eda37042440c%3A1819)%0A%20%20%20%20at%20http%3A%2F%2Flocalhost%3A8080%2Fbase%2Fnode_modules%2Fjasmine-core%2Flib%2Fjasmine-core%2Fjasmine.js%3F578a1e5ff14db21b04e2d6db7fd0eda37042440c%3A1774%0A%20%20%20%20at%20http%3A%2F%2Flocalhost%3A8080%2Fbase%2Fnode_modules%2Fjasmine-core%2Flib%2Fjasmine-core%2Fjasmine.js%3F578a1e5ff14db21b04e2d6db7fd0eda37042440c%3A1801%0A%20%20%20%20at%20http%3A%2F%2Flocalhost%3A8080%2Fbase%2Fnode_modules%2Fjasmine-core%2Flib%2Fjasmine-core%2Fjasmine.js%3F578a1e5ff14db21b04e2d6db7fd0eda37042440c%3A1745%0A%20%20%20%20at%20http%3A%2F%2Flocalhost%3A8080%2Fbase%2Fnode_modules%2Fjasmine-core%2Flib%2Fjasmine-core%2Fjasmine.js%3F578a1e5ff14db21b04e2d6db7fd0eda37042440c%3A2348%0A%20%20%20%20at%20clearStack%20(http%3A%2F%2Flocalhost%3A8080%2Fbase%2Fnode_modules%2Fjasmine-core%2Flib%2Fjasmine-core%2Fjasmine.js%3F578a1e5ff14db21b04e2d6db7fd0eda37042440c%3A605)%0A%20%20%20%20at%20http%3A%2F%2Flocalhost%3A8080%2Fbase%2Fnode_modules%2Fjasmine-core%2Flib%2Fjasmine-core%2Fjasmine.js%3F578a1e5ff14db21b04e2d6db7fd0eda37042440c%3A1784%0A%20%20%20%20at%20http%3A%2F%2Flocalhost%3A8080%2Fbase%2Fnode_modules%2Fjasmine-core%2Flib%2Fjasmine-core%2Fjasmine.js%3F578a1e5ff14db21b04e2d6db7fd0eda37042440c%3A1762%0A%20%20%20%20at%20http%3A%2F%2Flocalhost%3A8080%2Fbase%2Fnode_modules%2Fjasmine-core%2Flib%2Fjasmine-core%2Fjasmine.js%3F578a1e5ff14db21b04e2d6db7fd0eda37042440c%3A627%0A%20%20%20%20at%20http%3A%2F%2Flocalhost%3A8080%2Fbase%2Fnode_modules%2Fjasmine-core%2Flib%2Fjasmine-core%2Fjasmine.js%3F578a1e5ff14db21b04e2d6db7fd0eda37042440c%3A2354%0A%20%20%20%20at%20attemptAsync%20(http%3A%2F%2Flocalhost%3A8080%2Fbase%2Fnode_modules%2Fjasmine-core%2Flib%2Fjasmine-core%2Fjasmine.js%3F578a1e5ff14db21b04e2d6db7fd0eda37042440c%3A1819)%0A%20%20%20%20at%20http%3A%2F%2Flocalhost%3A8080%2Fbase%2Fnode_modules%2Fjasmine-core%2Flib%2Fjasmine-core%2Fjasmine.js%3F578a1e5ff14db21b04e2d6db7fd0eda37042440c%3A1774%0A%20%20%20%20at%20http%3A%2F%2Flocalhost%3A8080%2Fbase%2Fnode_modules%2Fjasmine-core%2Flib%2Fjasmine-core%2Fjasmine.js%3F578a1e5ff14db21b04e2d6db7fd0eda37042440c%3A1801%0A%20%20%20%20at%20http%3A%2F%2Flocalhost%3A8080%2Fbase%2Fnode_modules%2Fjasmine-core%2Flib%2Fjasmine-core%2Fjasmine.js%3F578a1e5ff14db21b04e2d6db7fd0eda37042440c%3A1745%0A%20%20%20%20at%20http%3A%2F%2Flocalhost%3A8080%2Fbase%2Fnode_modules%2Fjasmine-core%2Flib%2Fjasmine-core%2Fjasmine.js%3F578a1e5ff14db21b04e2d6db7fd0eda37042440c%3A2348%0A%20%20%20%20at%20clearStack%20(http%3A%2F%2Flocalhost%3A8080%2Fbase%2Fnode_modules%2Fjasmine-core%2Flib%2Fjasmine-core%2Fjasmine.js%3F578a1e5ff14db21b04e2d6db7fd0eda37042440c%3A605)%0A%20%20%20%20at%20http%3A%2F%2Flocalhost%3A8080%2Fbase%2Fnode_modules%2Fjasmine-core%2Flib%2Fjasmine-core%2Fjasmine.js%3F578a1e5ff14db21b04e2d6db7fd0eda37042440c%3A1784%0A%20%20%20%20at%20http%3A%2F%2Flocalhost%3A8080%2Fbase%2Fnode_modules%2Fjasmine-core%2Flib%2Fjasmine-core%2Fjasmine.js%3F578a1e5ff14db21b04e2d6db7fd0eda37042440c%3A1762%0A%20%20%20%20at%20http%3A%2F%2Flocalhost%3A8080%2Fbase%2Fnode_modules%2Fjasmine-core%2Flib%2Fjasmine-core%2Fjasmine.js%3F578a1e5ff14db21b04e2d6db7fd0eda37042440c%3A627%0A%20%20%20%20at%20http%3A%2F%2Flocalhost%3A8080%2Fbase%2Fnode_modules%2Fjasmine-core%2Flib%2Fjasmine-core%2Fjasmine.js%3F578a1e5ff14db21b04e2d6db7fd0eda37042440c%3A2354%0A%20%20%20%20at%20attemptAsync%20(http%3A%2F%2Flocalhost%3A8080%2Fbase%2Fnode_modules%2Fjasmine-core%2Flib%2Fjasmine-core%2Fjasmine.js%3F578a1e5ff14db21b04e2d6db7fd0eda37042440c%3A1819)%0A%20%20%20%20at%20http%3A%2F%2Flocalhost%3A8080%2Fbase%2Fnode_modules%2Fjasmine-core%2Flib%2Fjasmine-core%2Fjasmine.js%3F578a1e5ff14db21b04e2d6db7fd0eda37042440c%3A1774%0A%20%20%20%20at%20http%3A%2F%2Flocalhost%3A8080%2Fbase%2Fnode_modules%2Fjasmine-core%2Flib%2Fjasmine-core%2Fjasmine.js%3F578a1e5ff14db21b04e2d6db7fd0eda37042440c%3A1801%0A%20%20%20%20at%20http%3A%2F%2Flocalhost%3A8080%2Fbase%2Fnode_modules%2Fjasmine-core%2Flib%2Fjasmine-core%2Fjasmine.js%3F578a1e5ff14db21b04e2d6db7fd0eda37042440c%3A1745%0A%20%20%20%20at%20http%3A%2F%2Flocalhost%3A8080%2Fbase%2Fnode_modules%2Fjasmine-core%2Flib%2Fjasmine-core%2Fjasmine.js%3F578a1e5ff14db21b04e2d6db7fd0eda37042440c%3A2348%0A%20%20%20%20at%20clearStack%20(http%3A%2F%2Flocalhost%3A8080%2Fbase%2Fnode_modules%2Fjasmine-core%2Flib%2Fjasmine-core%2Fjasmine.js%3F578a1e5ff14db21b04e2d6db7fd0eda37042440c%3A605)%0A%20%20%20%20at%20http%3A%2F%2Flocalhost%3A8080%2Fbase%2Fnode_modules%2Fjasmine-core%2Flib%2Fjasmine-core%2Fjasmine.js%3F578a1e5ff14db21b04e2d6db7fd0eda37042440c%3A1784%0A%20%20%20%20at%20http%3A%2F%2Flocalhost%3A8080%2Fbase%2Fnode_modules%2Fjasmine-core%2Flib%2Fjasmine-core%2Fjasmine.js%3F578a1e5ff14db21b04e2d6db7fd0eda37042440c%3A1762%0A%20%20%20%20at%20http%3A%2F%2Flocalhost%3A8080%2Fbase%2Fnode_modules%2Fjasmine-core%2Flib%2Fjasmine-core%2Fjasmine.js%3F578a1e5ff14db21b04e2d6db7fd0eda37042440c%3A627%0A%20%20%20%20at%20http%3A%2F%2Flocalhost%3A8080%2Fbase%2Fnode_modules%2Fjasmine-core%2Flib%2Fjasmine-core%2Fjasmine.js%3F578a1e5ff14db21b04e2d6db7fd0eda37042440c%3A2354%0A%20%20%20%20at%20attemptAsync%20(http%3A%2F%2Flocalhost%3A8080%2Fbase%2Fnode_modules%2Fjasmine-core%2Flib%2Fjasmine-core%2Fjasmine.js%3F578a1e5ff14db21b04e2d6db7fd0eda37042440c%3A1819)%0A%20%20%20%20at%20http%3A%2F%2Flocalhost%3A8080%2Fbase%2Fnode_modules%2Fjasmine-core%2Flib%2Fjasmine-core%2Fjasmine.js%3F578a1e5ff14db21b04e2d6db7fd0eda37042440c%3A1774%0A%20%20%20%20at%20http%3A%2F%2Flocalhost%3A8080%2Fbase%2Fnode_modules%2Fjasmine-core%2Flib%2Fjasmine-core%2Fjasmine.js%3F578a1e5ff14db21b04e2d6db7fd0eda37042440c%3A1801%0A%20%20%20%20at%20http%3A%2F%2Flocalhost%3A8080%2Fbase%2Fnode_modules%2Fjasmine-core%2Flib%2Fjasmine-core%2Fjasmine.js%3F578a1e5ff14db21b04e2d6db7fd0eda37042440c%3A1745%0A%20%20%20%20at%20http%3A%2F%2Flocalhost%3A8080%2Fbase%2Fnode_modules%2Fjasmine-core%2Flib%2Fjasmine-core%2Fjasmine.js%3F578a1e5ff14db21b04e2d6db7fd0eda37042440c%3A2348%0A%20%20%20%20at%20clearStack%20(http%3A%2F%2Flocalhost%3A8080%2Fbase%2Fnode_modules%2Fjasmine-core%2Flib%2Fjasmine-core%2Fjasmine.js%3F578a1e5ff14db21b04e2d6db7fd0eda37042440c%3A605)%0A%20%20%20%20at%20http%3A%2F%2Flocalhost%3A8080%2Fbase%2Fnode_modules%2Fjasmine-core%2Flib%2Fjasmine-core%2Fjasmine.js%3F578a1e5ff14db21b04e2d6db7fd0eda37042440c%3A1784%0A%20%20%20%20at%20http%3A%2F%2Flocalhost%3A8080%2Fbase%2Fnode_modules%2Fjasmine-core%2Flib%2Fjasmine-core%2Fjasmine.js%3F578a1e5ff14db21b04e2d6db7fd0eda37042440c%3A1762%0A%20%20%20%20at%20http%3A%2F%2Flocalhost%3A8080%2Fbase%2Fnode_modules%2Fjasmine-core%2Flib%2Fjasmine-core%2Fjasmine.js%3F578a1e5ff14db21b04e2d6db7fd0eda37042440c%3A627%0A%20%20%20%20at%20http%3A%2F%2Flocalhost%3A8080%2Fbase%2Fnode_modules%2Fjasmine-core%2Flib%2Fjasmine-core%2Fjasmine.js%3F578a1e5ff14db21b04e2d6db7fd0eda37042440c%3A2354%0A%20%20%20%20at%20attemptAsync%20(http%3A%2F%2Flocalhost%3A8080%2Fbase%2Fnode_modules%2Fjasmine-core%2Flib%2Fjasmine-core%2Fjasmine.js%3F578a1e5ff14db21b04e2d6db7fd0eda37042440c%3A1819)%0A%20%20%20%20at%20http%3A%2F%2Flocalhost%3A8080%2Fbase%2Fnode_modules%2Fjasmine-core%2Flib%2Fjasmine-core%2Fjasmine.js%3F578a1e5ff14db21b04e2d6db7fd0eda37042440c%3A1774%0A%20%20%20%20at%20http%3A%2F%2Flocalhost%3A8080%2Fbase%2Fnode_modules%2Fjasmine-core%2Flib%2Fjasmine-core%2Fjasmine.js%3F578a1e5ff14db21b04e2d6db7fd0eda37042440c%3A1801%0A%20%20%20%20at%20http%3A%2F%2Flocalhost%3A8080%2Fbase%2Fnode_modules%2Fjasmine-core%2Flib%2Fjasmine-core%2Fjasmine.js%3F578a1e5ff14db21b04e2d6db7fd0eda37042440c%3A1745%0A%20%20%20%20at%20http%3A%2F%2Flocalhost%3A8080%2Fbase%2Fnode_modules%2Fjasmine-core%2Flib%2Fjasmine-core%2Fjasmine.js%3F578a1e5ff14db21b04e2d6db7fd0eda37042440c%3A2348%0A%20%20%20%20at%20clearStack%20(http%3A%2F%2Flocalhost%3A8080%2Fbase%2Fnode_modules%2Fjasmine-core%2Flib%2Fjasmine-core%2Fjasmine.js%3F578a1e5ff14db21b04e2d6db7fd0eda37042440c%3A605)%0A%20%20%20%20at%20http%3A%2F%2Flocalhost%3A8080%2Fbase%2Fnode_modules%2Fjasmine-core%2Flib%2Fjasmine-core%2Fjasmine.js%3F578a1e5ff14db21b04e2d6db7fd0eda37042440c%3A1784%0A%20%20%20%20at%20http%3A%2F%2Flocalhost%3A8080%2Fbase%2Fnode_modules%2Fjasmine-core%2Flib%2Fjasmine-core%2Fjasmine.js%3F578a1e5ff14db21b04e2d6db7fd0eda37042440c%3A1762%0A%20%20%20%20at%20http%3A%2F%2Flocalhost%3A8080%2Fbase%2Fnode_modules%2Fjasmine-core%2Flib%2Fjasmine-core%2Fjasmine.js%3F578a1e5ff14db21b04e2d6db7fd0eda37042440c%3A627%0A%20%20%20%20at%20http%3A%2F%2Flocalhost%3A8080%2Fbase%2Fnode_modules%2Fjasmine-core%2Flib%2Fjasmine-core%2Fjasmine.js%3F578a1e5ff14db21b04e2d6db7fd0eda37042440c%3A2354%0A%20%20%20%20at%20attemptAsync%20(http%3A%2F%2Flocalhost%3A8080%2Fbase%2Fnode_modules%2Fjasmine-core%2Flib%2Fjasmine-core%2Fjasmine.js%3F578a1e5ff14db21b04e2d6db7fd0eda37042440c%3A1819)%0A%20%20%20%20at%20http%3A%2F%2Flocalhost%3A8080%2Fbase%2Fnode_modules%2Fjasmine-core%2Flib%2Fjasmine-core%2Fjasmine.js%3F578a1e5ff14db21b04e2d6db7fd0eda37042440c%3A1774%0A%20%20%20%20at%20http%3A%2F%2Flocalhost%3A8080%2Fbase%2Fnode_modules%2Fjasmine-core%2Flib%2Fjasmine-core%2Fjasmine.js%3F578a1e5ff14db21b04e2d6db7fd0eda37042440c%3A1801%0A%20%20%20%20at%20http%3A%2F%2Flocalhost%3A8080%2Fbase%2Fnode_modules%2Fjasmine-core%2Flib%2Fjasmine-core%2Fjasmine.js%3F578a1e5ff14db21b04e2d6db7fd0eda37042440c%3A1745%0A%20%20%20%20at%20http%3A%2F%2Flocalhost%3A8080%2Fbase%2Fnode_modules%2Fjasmine-core%2Flib%2Fjasmine-core%2Fjasmine.js%3F578a1e5ff14db21b04e2d6db7fd0eda37042440c%3A2348%0A%20%20%20%20at%20clearStack%20(http%3A%2F%2Flocalhost%3A8080%2Fbase%2Fnode_modules%2Fjasmine-core%2Flib%2Fjasmine-core%2Fjasmine.js%3F578a1e5ff14db21b04e2d6db7fd0eda37042440c%3A605)%0A%20%20%20%20at%20http%3A%2F%2Flocalhost%3A8080%2Fbase%2Fnode_modules%2Fjasmine-core%2Flib%2Fjasmine-core%2Fjasmine.js%3F578a1e5ff14db21b04e2d6db7fd0eda37042440c%3A1784%0A%20%20%20%20at%20http%3A%2F%2Flocalhost%3A8080%2Fbase%2Fnode_modules%2Fjasmine-core%2Flib%2Fjasmine-core%2Fjasmine.js%3F578a1e5ff14db21b04e2d6db7fd0eda37042440c%3A1762%0A%20%20%20%20at%20http%3A%2F%2Flocalhost%3A8080%2Fbase%2Fnode_modules%2Fjasmine-core%2Flib%2Fjasmine-core%2Fjasmine.js%3F578a1e5ff14db21b04e2d6db7fd0eda37042440c%3A627%0A%20%20%20%20at%20http%3A%2F%2Flocalhost%3A8080%2Fbase%2Fnode_modules%2Fjasmine-core%2Flib%2Fjasmine-core%2Fjasmine.js%3F578a1e5ff14db21b04e2d6db7fd0eda37042440c%3A2354%0A%20%20%20%20at%20attemptAsync%20(http%3A%2F%2Flocalhost%3A8080%2Fbase%2Fnode_modules%2Fjasmine-core%2Flib%2Fjasmine-core%2Fjasmine.js%3F578a1e5ff14db21b04e2d6db7fd0eda37042440c%3A1819)%0A%20%20%20%20at%20http%3A%2F%2Flocalhost%3A8080%2Fbase%2Fnode_modules%2Fjasmine-core%2Flib%2Fjasmine-core%2Fjasmine.js%3F578a1e5ff14db21b04e2d6db7fd0eda37042440c%3A1774%0A%20%20%20%20at%20http%3A%2F%2Flocalhost%3A8080%2Fbase%2Fnode_modules%2Fjasmine-core%2Flib%2Fjasmine-core%2Fjasmine.js%3F578a1e5ff14db21b04e2d6db7fd0eda37042440c%3A1801%0A%20%20%20%20at%20http%3A%2F%2Flocalhost%3A8080%2Fbase%2Fnode_modules%2Fjasmine-core%2Flib%2Fjasmine-core%2Fjasmine.js%3F578a1e5ff14db21b04e2d6db7fd0eda37042440c%3A1745%0A%20%20%20%20at%20http%3A%2F%2Flocalhost%3A8080%2Fbase%2Fnode_modules%2Fjasmine-core%2Flib%2Fjasmine-core%2Fjasmine.js%3F578a1e5ff14db21b04e2d6db7fd0eda37042440c%3A2348%0A%20%20%20%20at%20clearStack%20(http%3A%2F%2Flocalhost%3A8080%2Fbase%2Fnode_modules%2Fjasmine-core%2Flib%2Fjasmine-core%2Fjasmine.js%3F578a1e5ff14db21b04e2d6db7fd0eda37042440c%3A605)%0A%20%20%20%20at%20http%3A%2F%2Flocalhost%3A8080%2Fbase%2Fnode_modules%2Fjasmine-core%2Flib%2Fjasmine-core%2Fjasmine.js%3F578a1e5ff14db21b04e2d6db7fd0eda37042440c%3A1784%0A%20%20%20%20at%20http%3A%2F%2Flocalhost%3A8080%2Fbase%2Fnode_modules%2Fjasmine-core%2Flib%2Fjasmine-core%2Fjasmine.js%3F578a1e5ff14db21b04e2d6db7fd0eda37042440c%3A1762%0A%20%20%20%20at%20http%3A%2F%2Flocalhost%3A8080%2Fbase%2Fnode_modules%2Fjasmine-core%2Flib%2Fjasmine-core%2Fjasmine.js%3F578a1e5ff14db21b04e2d6db7fd0eda37042440c%3A627%0A%20%20%20%20at%20http%3A%2F%2Flocalhost%3A8080%2Fbase%2Fnode_modules%2Fjasmine-core%2Flib%2Fjasmine-core%2Fjasmine.js%3F578a1e5ff14db21b04e2d6db7fd0eda37042440c%3A2354%0A%20%20%20%20at%20attemptAsync%20(http%3A%2F%2Flocalhost%3A8080%2Fbase%2Fnode_modules%2Fjasmine-core%2Flib%2Fjasmine-core%2Fjasmine.js%3F578a1e5ff14db21b04e2d6db7fd0eda37042440c%3A1819)%0A%20%20%20%20at%20http%3A%2F%2Flocalhost%3A8080%2Fbase%2Fnode_modules%2Fjasmine-core%2Flib%2Fjasmine-core%2Fjasmine.js%3F578a1e5ff14db21b04e2d6db7fd0eda37042440c%3A1774%0A%20%20%20%20at%20http%3A%2F%2Flocalhost%3A8080%2Fbase%2Fnode_modules%2Fjasmine-core%2Flib%2Fjasmine-core%2Fjasmine.js%3F578a1e5ff14db21b04e2d6db7fd0eda37042440c%3A1762%0A%20%20%20%20at%20http%3A%2F%2Flocalhost%3A8080%2Fbase%2Fnode_modules%2Fjasmine-core%2Flib%2Fjasmine-core%2Fjasmine.js%3F578a1e5ff14db21b04e2d6db7fd0eda37042440c%3A627%0A%20%20%20%20at%20http%3A%2F%2Flocalhost%3A8080%2Fbase%2Fnode_modules%2Fjasmine-core%2Flib%2Fjasmine-core%2Fjasmine.js%3F578a1e5ff14db21b04e2d6db7fd0eda37042440c%3A2215%0A%20%20%20%20at%20http%3A%2F%2Flocalhost%3A8080%2Fbase%2Fnode_modules%2Fjasmine-core%2Flib%2Fjasmine-core%2Fjasmine.js%3F578a1e5ff14db21b04e2d6db7fd0eda37042440c%3A678%0A%20%20%20%20at%20http%3A%2F%2Flocalhost%3A8080%2Fbase%2Fnode_modules%2Fkarma-jasmine%2Flib%2Fadapter.js%3F0a69ad1fa10cc8be0a12b241227d3b834f82db4f%3A317%0A%20%20%20%20at%20http%3A%2F%2Flocalhost%3A8080%2Fkarma.js%3A185%0A%20%20%20%20at%20http%3A%2F%2Flocalhost%3A8080%2Fcontext.html%3A127
    at C:/dev/MedExplorer/src/client/app/vendor/angular/angular.js:4379
    at forEach (C:/dev/MedExplorer/src/client/app/vendor/angular/angular.js:336)
    at loadModules (C:/dev/MedExplorer/src/client/app/vendor/angular/angular.js:4381)
    at C:/dev/MedExplorer/src/client/app/vendor/angular/angular.js:4356
    at forEach (C:/dev/MedExplorer/src/client/app/vendor/angular/angular.js:336)
    at loadModules (C:/dev/MedExplorer/src/client/app/vendor/angular/angular.js:4381)
    at createInjector (C:/dev/MedExplorer/src/client/app/vendor/angular/angular.js:4265)
    at workFn (C:/dev/MedExplorer/src/client/app/vendor/angular-mocks/angular-mocks.js:2409)
http://errors.angularjs.org/1.4.1/$injector/modulerr?p0=MedExplorer&amp;p1=Error%3A%20%5B%24injector%3Amodulerr%5D%20Failed%20to%20instantiate%20module%20ui.bootstrap%20due%20to%3A%0AError%3A%20%5B%24injector%3Anomod%5D%20Module%20&apos;ui.bootstrap&apos;%20is%20not%20available!%20You%20either%20misspelled%20the%20module%20name%20or%20forgot%20to%20load%20it.%20If%20registering%20a%20module%20ensure%20that%20you%20specify%20the%20dependencies%20as%20the%20second%20argument.%0Ahttp%3A%2F%2Ferrors.angularjs.org%2F1.4.1%2F%24injector%2Fnomod%3Fp0%3Dui.bootstrap%0A%20%20%20%20at%20http%3A%2F%2Flocalhost%3A8080%2Fbase%2Fapp%2Fvendor%2Fangular%2Fangular.js%3F9d140432f81858ac1e7888708720d419d147ffa9%3A1951%0A%20%20%20%20at%20ensure%20(http%3A%2F%2Flocalhost%3A8080%2Fbase%2Fapp%2Fvendor%2Fangular%2Fangular.js%3F9d140432f81858ac1e7888708720d419d147ffa9%3A1873)%0A%20%20%20%20at%20module%20(http%3A%2F%2Flocalhost%3A8080%2Fbase%2Fapp%2Fvendor%2Fangular%2Fangular.js%3F9d140432f81858ac1e7888708720d419d147ffa9%3A2201)%0A%20%20%20%20at%20http%3A%2F%2Flocalhost%3A8080%2Fbase%2Fapp%2Fvendor%2Fangular%2Fangular.js%3F9d140432f81858ac1e7888708720d419d147ffa9%3A4355%0A%20%20%20%20at%20forEach%20(http%3A%2F%2Flocalhost%3A8080%2Fbase%2Fapp%2Fvendor%2Fangular%2Fangular.js%3F9d140432f81858ac1e7888708720d419d147ffa9%3A336)%0A%20%20%20%20at%20loadModules%20(http%3A%2F%2Flocalhost%3A8080%2Fbase%2Fapp%2Fvendor%2Fangular%2Fangular.js%3F9d140432f81858ac1e7888708720d419d147ffa9%3A4381)%0A%20%20%20%20at%20http%3A%2F%2Flocalhost%3A8080%2Fbase%2Fapp%2Fvendor%2Fangular%2Fangular.js%3F9d140432f81858ac1e7888708720d419d147ffa9%3A4356%0A%20%20%20%20at%20forEach%20(http%3A%2F%2Flocalhost%3A8080%2Fbase%2Fapp%2Fvendor%2Fangular%2Fangular.js%3F9d140432f81858ac1e7888708720d419d147ffa9%3A336)%0A%20%20%20%20at%20loadModules%20(http%3A%2F%2Flocalhost%3A8080%2Fbase%2Fapp%2Fvendor%2Fangular%2Fangular.js%3F9d140432f81858ac1e7888708720d419d147ffa9%3A4381)%0A%20%20%20%20at%20createInjector%20(http%3A%2F%2Flocalhost%3A8080%2Fbase%2Fapp%2Fvendor%2Fangular%2Fangular.js%3F9d140432f81858ac1e7888708720d419d147ffa9%3A4265)%0A%20%20%20%20at%20workFn%20(http%3A%2F%2Flocalhost%3A8080%2Fbase%2Fapp%2Fvendor%2Fangular-mocks%2Fangular-mocks.js%3F6fe041cc8bb7a17f894cb12d8b0d44b12644f10a%3A2409)%0A%20%20%20%20at%20attemptSync%20(http%3A%2F%2Flocalhost%3A8080%2Fbase%2Fnode_modules%2Fjasmine-core%2Flib%2Fjasmine-core%2Fjasmine.js%3F578a1e5ff14db21b04e2d6db7fd0eda37042440c%3A1789)%0A%20%20%20%20at%20http%3A%2F%2Flocalhost%3A8080%2Fbase%2Fnode_modules%2Fjasmine-core%2Flib%2Fjasmine-core%2Fjasmine.js%3F578a1e5ff14db21b04e2d6db7fd0eda37042440c%3A1777%0A%20%20%20%20at%20http%3A%2F%2Flocalhost%3A8080%2Fbase%2Fnode_modules%2Fjasmine-core%2Flib%2Fjasmine-core%2Fjasmine.js%3F578a1e5ff14db21b04e2d6db7fd0eda37042440c%3A1762%0A%20%20%20%20at%20http%3A%2F%2Flocalhost%3A8080%2Fbase%2Fnode_modules%2Fjasmine-core%2Flib%2Fjasmine-core%2Fjasmine.js%3F578a1e5ff14db21b04e2d6db7fd0eda37042440c%3A627%0A%20%20%20%20at%20http%3A%2F%2Flocalhost%3A8080%2Fbase%2Fnode_modules%2Fjasmine-core%2Flib%2Fjasmine-core%2Fjasmine.js%3F578a1e5ff14db21b04e2d6db7fd0eda37042440c%3A357%0A%20%20%20%20at%20http%3A%2F%2Flocalhost%3A8080%2Fbase%2Fnode_modules%2Fjasmine-core%2Flib%2Fjasmine-core%2Fjasmine.js%3F578a1e5ff14db21b04e2d6db7fd0eda37042440c%3A2360%0A%20%20%20%20at%20attemptAsync%20(http%3A%2F%2Flocalhost%3A8080%2Fbase%2Fnode_modules%2Fjasmine-core%2Flib%2Fjasmine-core%2Fjasmine.js%3F578a1e5ff14db21b04e2d6db7fd0eda37042440c%3A1819)%0A%20%20%20%20at%20http%3A%2F%2Flocalhost%3A8080%2Fbase%2Fnode_modules%2Fjasmine-core%2Flib%2Fjasmine-core%2Fjasmine.js%3F578a1e5ff14db21b04e2d6db7fd0eda37042440c%3A1774%0A%20%20%20%20at%20http%3A%2F%2Flocalhost%3A8080%2Fbase%2Fnode_modules%2Fjasmine-core%2Flib%2Fjasmine-core%2Fjasmine.js%3F578a1e5ff14db21b04e2d6db7fd0eda37042440c%3A1762%0A%20%20%20%20at%20http%3A%2F%2Flocalhost%3A8080%2Fbase%2Fnode_modules%2Fjasmine-core%2Flib%2Fjasmine-core%2Fjasmine.js%3F578a1e5ff14db21b04e2d6db7fd0eda37042440c%3A627%0A%20%20%20%20at%20http%3A%2F%2Flocalhost%3A8080%2Fbase%2Fnode_modules%2Fjasmine-core%2Flib%2Fjasmine-core%2Fjasmine.js%3F578a1e5ff14db21b04e2d6db7fd0eda37042440c%3A2354%0A%20%20%20%20at%20attemptAsync%20(http%3A%2F%2Flocalhost%3A8080%2Fbase%2Fnode_modules%2Fjasmine-core%2Flib%2Fjasmine-core%2Fjasmine.js%3F578a1e5ff14db21b04e2d6db7fd0eda37042440c%3A1819)%0A%20%20%20%20at%20http%3A%2F%2Flocalhost%3A8080%2Fbase%2Fnode_modules%2Fjasmine-core%2Flib%2Fjasmine-core%2Fjasmine.js%3F578a1e5ff14db21b04e2d6db7fd0eda37042440c%3A1774%0A%20%20%20%20at%20http%3A%2F%2Flocalhost%3A8080%2Fbase%2Fnode_modules%2Fjasmine-core%2Flib%2Fjasmine-core%2Fjasmine.js%3F578a1e5ff14db21b04e2d6db7fd0eda37042440c%3A1801%0A%20%20%20%20at%20http%3A%2F%2Flocalhost%3A8080%2Fbase%2Fnode_modules%2Fjasmine-core%2Flib%2Fjasmine-core%2Fjasmine.js%3F578a1e5ff14db21b04e2d6db7fd0eda37042440c%3A1745%0A%20%20%20%20at%20http%3A%2F%2Flocalhost%3A8080%2Fbase%2Fnode_modules%2Fjasmine-core%2Flib%2Fjasmine-core%2Fjasmine.js%3F578a1e5ff14db21b04e2d6db7fd0eda37042440c%3A2348%0A%20%20%20%20at%20clearStack%20(http%3A%2F%2Flocalhost%3A8080%2Fbase%2Fnode_modules%2Fjasmine-core%2Flib%2Fjasmine-core%2Fjasmine.js%3F578a1e5ff14db21b04e2d6db7fd0eda37042440c%3A605)%0A%20%20%20%20at%20http%3A%2F%2Flocalhost%3A8080%2Fbase%2Fnode_modules%2Fjasmine-core%2Flib%2Fjasmine-core%2Fjasmine.js%3F578a1e5ff14db21b04e2d6db7fd0eda37042440c%3A1784%0A%20%20%20%20at%20http%3A%2F%2Flocalhost%3A8080%2Fbase%2Fnode_modules%2Fjasmine-core%2Flib%2Fjasmine-core%2Fjasmine.js%3F578a1e5ff14db21b04e2d6db7fd0eda37042440c%3A1762%0A%20%20%20%20at%20http%3A%2F%2Flocalhost%3A8080%2Fbase%2Fnode_modules%2Fjasmine-core%2Flib%2Fjasmine-core%2Fjasmine.js%3F578a1e5ff14db21b04e2d6db7fd0eda37042440c%3A627%0A%20%20%20%20at%20http%3A%2F%2Flocalhost%3A8080%2Fbase%2Fnode_modules%2Fjasmine-core%2Flib%2Fjasmine-core%2Fjasmine.js%3F578a1e5ff14db21b04e2d6db7fd0eda37042440c%3A2354%0A%20%20%20%20at%20attemptAsync%20(http%3A%2F%2Flocalhost%3A8080%2Fbase%2Fnode_modules%2Fjasmine-core%2Flib%2Fjasmine-core%2Fjasmine.js%3F578a1e5ff14db21b04e2d6db7fd0eda37042440c%3A1819)%0A%20%20%20%20at%20http%3A%2F%2Flocalhost%3A8080%2Fbase%2Fnode_modules%2Fjasmine-core%2Flib%2Fjasmine-core%2Fjasmine.js%3F578a1e5ff14db21b04e2d6db7fd0eda37042440c%3A1774%0A%20%20%20%20at%20http%3A%2F%2Flocalhost%3A8080%2Fbase%2Fnode_modules%2Fjasmine-core%2Flib%2Fjasmine-core%2Fjasmine.js%3F578a1e5ff14db21b04e2d6db7fd0eda37042440c%3A1801%0A%20%20%20%20at%20http%3A%2F%2Flocalhost%3A8080%2Fbase%2Fnode_modules%2Fjasmine-core%2Flib%2Fjasmine-core%2Fjasmine.js%3F578a1e5ff14db21b04e2d6db7fd0eda37042440c%3A1745%0A%20%20%20%20at%20http%3A%2F%2Flocalhost%3A8080%2Fbase%2Fnode_modules%2Fjasmine-core%2Flib%2Fjasmine-core%2Fjasmine.js%3F578a1e5ff14db21b04e2d6db7fd0eda37042440c%3A2348%0A%20%20%20%20at%20clearStack%20(http%3A%2F%2Flocalhost%3A8080%2Fbase%2Fnode_modules%2Fjasmine-core%2Flib%2Fjasmine-core%2Fjasmine.js%3F578a1e5ff14db21b04e2d6db7fd0eda37042440c%3A605)%0A%20%20%20%20at%20http%3A%2F%2Flocalhost%3A8080%2Fbase%2Fnode_modules%2Fjasmine-core%2Flib%2Fjasmine-core%2Fjasmine.js%3F578a1e5ff14db21b04e2d6db7fd0eda37042440c%3A1784%0A%20%20%20%20at%20http%3A%2F%2Flocalhost%3A8080%2Fbase%2Fnode_modules%2Fjasmine-core%2Flib%2Fjasmine-core%2Fjasmine.js%3F578a1e5ff14db21b04e2d6db7fd0eda37042440c%3A1762%0A%20%20%20%20at%20http%3A%2F%2Flocalhost%3A8080%2Fbase%2Fnode_modules%2Fjasmine-core%2Flib%2Fjasmine-core%2Fjasmine.js%3F578a1e5ff14db21b04e2d6db7fd0eda37042440c%3A627%0A%20%20%20%20at%20http%3A%2F%2Flocalhost%3A8080%2Fbase%2Fnode_modules%2Fjasmine-core%2Flib%2Fjasmine-core%2Fjasmine.js%3F578a1e5ff14db21b04e2d6db7fd0eda37042440c%3A2354%0A%20%20%20%20at%20attemptAsync%20(http%3A%2F%2Flocalhost%3A8080%2Fbase%2Fnode_modules%2Fjasmine-core%2Flib%2Fjasmine-core%2Fjasmine.js%3F578a1e5ff14db21b04e2d6db7fd0eda37042440c%3A1819)%0A%20%20%20%20at%20http%3A%2F%2Flocalhost%3A8080%2Fbase%2Fnode_modules%2Fjasmine-core%2Flib%2Fjasmine-core%2Fjasmine.js%3F578a1e5ff14db21b04e2d6db7fd0eda37042440c%3A1774%0A%20%20%20%20at%20http%3A%2F%2Flocalhost%3A8080%2Fbase%2Fnode_modules%2Fjasmine-core%2Flib%2Fjasmine-core%2Fjasmine.js%3F578a1e5ff14db21b04e2d6db7fd0eda37042440c%3A1801%0A%20%20%20%20at%20http%3A%2F%2Flocalhost%3A8080%2Fbase%2Fnode_modules%2Fjasmine-core%2Flib%2Fjasmine-core%2Fjasmine.js%3F578a1e5ff14db21b04e2d6db7fd0eda37042440c%3A1745%0A%20%20%20%20at%20http%3A%2F%2Flocalhost%3A8080%2Fbase%2Fnode_modules%2Fjasmine-core%2Flib%2Fjasmine-core%2Fjasmine.js%3F578a1e5ff14db21b04e2d6db7fd0eda37042440c%3A2348%0A%20%20%20%20at%20clearStack%20(http%3A%2F%2Flocalhost%3A8080%2Fbase%2Fnode_modules%2Fjasmine-core%2Flib%2Fjasmine-core%2Fjasmine.js%3F578a1e5ff14db21b04e2d6db7fd0eda37042440c%3A605)%0A%20%20%20%20at%20http%3A%2F%2Flocalhost%3A8080%2Fbase%2Fnode_modules%2Fjasmine-core%2Flib%2Fjasmine-core%2Fjasmine.js%3F578a1e5ff14db21b04e2d6db7fd0eda37042440c%3A1784%0A%20%20%20%20at%20http%3A%2F%2Flocalhost%3A8080%2Fbase%2Fnode_modules%2Fjasmine-core%2Flib%2Fjasmine-core%2Fjasmine.js%3F578a1e5ff14db21b04e2d6db7fd0eda37042440c%3A1801%0A%20%20%20%20at%20http%3A%2F%2Flocalhost%3A8080%2Fbase%2Fnode_modules%2Fjasmine-core%2Flib%2Fjasmine-core%2Fjasmine.js%3F578a1e5ff14db21b04e2d6db7fd0eda37042440c%3A1745%0A%20%20%20%20at%20complete%20(http%3A%2F%2Flocalhost%3A8080%2Fbase%2Fnode_modules%2Fjasmine-core%2Flib%2Fjasmine-core%2Fjasmine.js%3F578a1e5ff14db21b04e2d6db7fd0eda37042440c%3A365)%0A%20%20%20%20at%20clearStack%20(http%3A%2F%2Flocalhost%3A8080%2Fbase%2Fnode_modules%2Fjasmine-core%2Flib%2Fjasmine-core%2Fjasmine.js%3F578a1e5ff14db21b04e2d6db7fd0eda37042440c%3A605)%0A%20%20%20%20at%20http%3A%2F%2Flocalhost%3A8080%2Fbase%2Fnode_modules%2Fjasmine-core%2Flib%2Fjasmine-core%2Fjasmine.js%3F578a1e5ff14db21b04e2d6db7fd0eda37042440c%3A1784%0A%20%20%20%20at%20http%3A%2F%2Flocalhost%3A8080%2Fbase%2Fnode_modules%2Fjasmine-core%2Flib%2Fjasmine-core%2Fjasmine.js%3F578a1e5ff14db21b04e2d6db7fd0eda37042440c%3A1762%0A%20%20%20%20at%20http%3A%2F%2Flocalhost%3A8080%2Fbase%2Fnode_modules%2Fjasmine-core%2Flib%2Fjasmine-core%2Fjasmine.js%3F578a1e5ff14db21b04e2d6db7fd0eda37042440c%3A627%0A%20%20%20%20at%20http%3A%2F%2Flocalhost%3A8080%2Fbase%2Fnode_modules%2Fjasmine-core%2Flib%2Fjasmine-core%2Fjasmine.js%3F578a1e5ff14db21b04e2d6db7fd0eda37042440c%3A357%0A%20%20%20%20at%20http%3A%2F%2Flocalhost%3A8080%2Fbase%2Fnode_modules%2Fjasmine-core%2Flib%2Fjasmine-core%2Fjasmine.js%3F578a1e5ff14db21b04e2d6db7fd0eda37042440c%3A2360%0A%20%20%20%20at%20attemptAsync%20(http%3A%2F%2Flocalhost%3A8080%2Fbase%2Fnode_modules%2Fjasmine-core%2Flib%2Fjasmine-core%2Fjasmine.js%3F578a1e5ff14db21b04e2d6db7fd0eda37042440c%3A1819)%0A%20%20%20%20at%20http%3A%2F%2Flocalhost%3A8080%2Fbase%2Fnode_modules%2Fjasmine-core%2Flib%2Fjasmine-core%2Fjasmine.js%3F578a1e5ff14db21b04e2d6db7fd0eda37042440c%3A1774%0A%20%20%20%20at%20http%3A%2F%2Flocalhost%3A8080%2Fbase%2Fnode_modules%2Fjasmine-core%2Flib%2Fjasmine-core%2Fjasmine.js%3F578a1e5ff14db21b04e2d6db7fd0eda37042440c%3A1801%0A%20%20%20%20at%20http%3A%2F%2Flocalhost%3A8080%2Fbase%2Fnode_modules%2Fjasmine-core%2Flib%2Fjasmine-core%2Fjasmine.js%3F578a1e5ff14db21b04e2d6db7fd0eda37042440c%3A1745%0A%20%20%20%20at%20complete%20(http%3A%2F%2Flocalhost%3A8080%2Fbase%2Fnode_modules%2Fjasmine-core%2Flib%2Fjasmine-core%2Fjasmine.js%3F578a1e5ff14db21b04e2d6db7fd0eda37042440c%3A365)%0A%20%20%20%20at%20clearStack%20(http%3A%2F%2Flocalhost%3A8080%2Fbase%2Fnode_modules%2Fjasmine-core%2Flib%2Fjasmine-core%2Fjasmine.js%3F578a1e5ff14db21b04e2d6db7fd0eda37042440c%3A605)%0A%20%20%20%20at%20http%3A%2F%2Flocalhost%3A8080%2Fbase%2Fnode_modules%2Fjasmine-core%2Flib%2Fjasmine-core%2Fjasmine.js%3F578a1e5ff14db21b04e2d6db7fd0eda37042440c%3A1784%0A%20%20%20%20at%20http%3A%2F%2Flocalhost%3A8080%2Fbase%2Fnode_modules%2Fjasmine-core%2Flib%2Fjasmine-core%2Fjasmine.js%3F578a1e5ff14db21b04e2d6db7fd0eda37042440c%3A1762%0A%20%20%20%20at%20http%3A%2F%2Flocalhost%3A8080%2Fbase%2Fnode_modules%2Fjasmine-core%2Flib%2Fjasmine-core%2Fjasmine.js%3F578a1e5ff14db21b04e2d6db7fd0eda37042440c%3A627%0A%20%20%20%20at%20http%3A%2F%2Flocalhost%3A8080%2Fbase%2Fnode_modules%2Fjasmine-core%2Flib%2Fjasmine-core%2Fjasmine.js%3F578a1e5ff14db21b04e2d6db7fd0eda37042440c%3A357%0A%20%20%20%20at%20http%3A%2F%2Flocalhost%3A8080%2Fbase%2Fnode_modules%2Fjasmine-core%2Flib%2Fjasmine-core%2Fjasmine.js%3F578a1e5ff14db21b04e2d6db7fd0eda37042440c%3A2360%0A%20%20%20%20at%20attemptAsync%20(http%3A%2F%2Flocalhost%3A8080%2Fbase%2Fnode_modules%2Fjasmine-core%2Flib%2Fjasmine-core%2Fjasmine.js%3F578a1e5ff14db21b04e2d6db7fd0eda37042440c%3A1819)%0A%20%20%20%20at%20http%3A%2F%2Flocalhost%3A8080%2Fbase%2Fnode_modules%2Fjasmine-core%2Flib%2Fjasmine-core%2Fjasmine.js%3F578a1e5ff14db21b04e2d6db7fd0eda37042440c%3A1774%0A%20%20%20%20at%20http%3A%2F%2Flocalhost%3A8080%2Fbase%2Fnode_modules%2Fjasmine-core%2Flib%2Fjasmine-core%2Fjasmine.js%3F578a1e5ff14db21b04e2d6db7fd0eda37042440c%3A1762%0A%20%20%20%20at%20http%3A%2F%2Flocalhost%3A8080%2Fbase%2Fnode_modules%2Fjasmine-core%2Flib%2Fjasmine-core%2Fjasmine.js%3F578a1e5ff14db21b04e2d6db7fd0eda37042440c%3A627%0A%20%20%20%20at%20http%3A%2F%2Flocalhost%3A8080%2Fbase%2Fnode_modules%2Fjasmine-core%2Flib%2Fjasmine-core%2Fjasmine.js%3F578a1e5ff14db21b04e2d6db7fd0eda37042440c%3A2354%0A%20%20%20%20at%20attemptAsync%20(http%3A%2F%2Flocalhost%3A8080%2Fbase%2Fnode_modules%2Fjasmine-core%2Flib%2Fjasmine-core%2Fjasmine.js%3F578a1e5ff14db21b04e2d6db7fd0eda37042440c%3A1819)%0A%20%20%20%20at%20http%3A%2F%2Flocalhost%3A8080%2Fbase%2Fnode_modules%2Fjasmine-core%2Flib%2Fjasmine-core%2Fjasmine.js%3F578a1e5ff14db21b04e2d6db7fd0eda37042440c%3A1774%0A%20%20%20%20at%20http%3A%2F%2Flocalhost%3A8080%2Fbase%2Fnode_modules%2Fjasmine-core%2Flib%2Fjasmine-core%2Fjasmine.js%3F578a1e5ff14db21b04e2d6db7fd0eda37042440c%3A1801%0A%20%20%20%20at%20http%3A%2F%2Flocalhost%3A8080%2Fbase%2Fnode_modules%2Fjasmine-core%2Flib%2Fjasmine-core%2Fjasmine.js%3F578a1e5ff14db21b04e2d6db7fd0eda37042440c%3A1745%0A%20%20%20%20at%20http%3A%2F%2Flocalhost%3A8080%2Fbase%2Fnode_modules%2Fjasmine-core%2Flib%2Fjasmine-core%2Fjasmine.js%3F578a1e5ff14db21b04e2d6db7fd0eda37042440c%3A2348%0A%20%20%20%20at%20clearStack%20(http%3A%2F%2Flocalhost%3A8080%2Fbase%2Fnode_modules%2Fjasmine-core%2Flib%2Fjasmine-core%2Fjasmine.js%3F578a1e5ff14db21b04e2d6db7fd0eda37042440c%3A605)%0A%20%20%20%20at%20http%3A%2F%2Flocalhost%3A8080%2Fbase%2Fnode_modules%2Fjasmine-core%2Flib%2Fjasmine-core%2Fjasmine.js%3F578a1e5ff14db21b04e2d6db7fd0eda37042440c%3A1784%0A%20%20%20%20at%20http%3A%2F%2Flocalhost%3A8080%2Fbase%2Fnode_modules%2Fjasmine-core%2Flib%2Fjasmine-core%2Fjasmine.js%3F578a1e5ff14db21b04e2d6db7fd0eda37042440c%3A1762%0A%20%20%20%20at%20http%3A%2F%2Flocalhost%3A8080%2Fbase%2Fnode_modules%2Fjasmine-core%2Flib%2Fjasmine-core%2Fjasmine.js%3F578a1e5ff14db21b04e2d6db7fd0eda37042440c%3A627%0A%20%20%20%20at%20http%3A%2F%2Flocalhost%3A8080%2Fbase%2Fnode_modules%2Fjasmine-core%2Flib%2Fjasmine-core%2Fjasmine.js%3F578a1e5ff14db21b04e2d6db7fd0eda37042440c%3A2354%0A%20%20%20%20at%20attemptAsync%20(http%3A%2F%2Flocalhost%3A8080%2Fbase%2Fnode_modules%2Fjasmine-core%2Flib%2Fjasmine-core%2Fjasmine.js%3F578a1e5ff14db21b04e2d6db7fd0eda37042440c%3A1819)%0A%20%20%20%20at%20http%3A%2F%2Flocalhost%3A8080%2Fbase%2Fnode_modules%2Fjasmine-core%2Flib%2Fjasmine-core%2Fjasmine.js%3F578a1e5ff14db21b04e2d6db7fd0eda37042440c%3A1774%0A%20%20%20%20at%20http%3A%2F%2Flocalhost%3A8080%2Fbase%2Fnode_modules%2Fjasmine-core%2Flib%2Fjasmine-core%2Fjasmine.js%3F578a1e5ff14db21b04e2d6db7fd0eda37042440c%3A1801%0A%20%20%20%20at%20http%3A%2F%2Flocalhost%3A8080%2Fbase%2Fnode_modules%2Fjasmine-core%2Flib%2Fjasmine-core%2Fjasmine.js%3F578a1e5ff14db21b04e2d6db7fd0eda37042440c%3A1745%0A%20%20%20%20at%20http%3A%2F%2Flocalhost%3A8080%2Fbase%2Fnode_modules%2Fjasmine-core%2Flib%2Fjasmine-core%2Fjasmine.js%3F578a1e5ff14db21b04e2d6db7fd0eda37042440c%3A2348%0A%20%20%20%20at%20clearStack%20(http%3A%2F%2Flocalhost%3A8080%2Fbase%2Fnode_modules%2Fjasmine-core%2Flib%2Fjasmine-core%2Fjasmine.js%3F578a1e5ff14db21b04e2d6db7fd0eda37042440c%3A605)%0A%20%20%20%20at%20http%3A%2F%2Flocalhost%3A8080%2Fbase%2Fnode_modules%2Fjasmine-core%2Flib%2Fjasmine-core%2Fjasmine.js%3F578a1e5ff14db21b04e2d6db7fd0eda37042440c%3A1784%0A%20%20%20%20at%20http%3A%2F%2Flocalhost%3A8080%2Fbase%2Fnode_modules%2Fjasmine-core%2Flib%2Fjasmine-core%2Fjasmine.js%3F578a1e5ff14db21b04e2d6db7fd0eda37042440c%3A1762%0A%20%20%20%20at%20http%3A%2F%2Flocalhost%3A8080%2Fbase%2Fnode_modules%2Fjasmine-core%2Flib%2Fjasmine-core%2Fjasmine.js%3F578a1e5ff14db21b04e2d6db7fd0eda37042440c%3A627%0A%20%20%20%20at%20http%3A%2F%2Flocalhost%3A8080%2Fbase%2Fnode_modules%2Fjasmine-core%2Flib%2Fjasmine-core%2Fjasmine.js%3F578a1e5ff14db21b04e2d6db7fd0eda37042440c%3A2354%0A%20%20%20%20at%20attemptAsync%20(http%3A%2F%2Flocalhost%3A8080%2Fbase%2Fnode_modules%2Fjasmine-core%2Flib%2Fjasmine-core%2Fjasmine.js%3F578a1e5ff14db21b04e2d6db7fd0eda37042440c%3A1819)%0A%20%20%20%20at%20http%3A%2F%2Flocalhost%3A8080%2Fbase%2Fnode_modules%2Fjasmine-core%2Flib%2Fjasmine-core%2Fjasmine.js%3F578a1e5ff14db21b04e2d6db7fd0eda37042440c%3A1774%0A%20%20%20%20at%20http%3A%2F%2Flocalhost%3A8080%2Fbase%2Fnode_modules%2Fjasmine-core%2Flib%2Fjasmine-core%2Fjasmine.js%3F578a1e5ff14db21b04e2d6db7fd0eda37042440c%3A1801%0A%20%20%20%20at%20http%3A%2F%2Flocalhost%3A8080%2Fbase%2Fnode_modules%2Fjasmine-core%2Flib%2Fjasmine-core%2Fjasmine.js%3F578a1e5ff14db21b04e2d6db7fd0eda37042440c%3A1745%0A%20%20%20%20at%20http%3A%2F%2Flocalhost%3A8080%2Fbase%2Fnode_modules%2Fjasmine-core%2Flib%2Fjasmine-core%2Fjasmine.js%3F578a1e5ff14db21b04e2d6db7fd0eda37042440c%3A2348%0A%20%20%20%20at%20clearStack%20(http%3A%2F%2Flocalhost%3A8080%2Fbase%2Fnode_modules%2Fjasmine-core%2Flib%2Fjasmine-core%2Fjasmine.js%3F578a1e5ff14db21b04e2d6db7fd0eda37042440c%3A605)%0A%20%20%20%20at%20http%3A%2F%2Flocalhost%3A8080%2Fbase%2Fnode_modules%2Fjasmine-core%2Flib%2Fjasmine-core%2Fjasmine.js%3F578a1e5ff14db21b04e2d6db7fd0eda37042440c%3A1784%0A%20%20%20%20at%20http%3A%2F%2Flocalhost%3A8080%2Fbase%2Fnode_modules%2Fjasmine-core%2Flib%2Fjasmine-core%2Fjasmine.js%3F578a1e5ff14db21b04e2d6db7fd0eda37042440c%3A1762%0A%20%20%20%20at%20http%3A%2F%2Flocalhost%3A8080%2Fbase%2Fnode_modules%2Fjasmine-core%2Flib%2Fjasmine-core%2Fjasmine.js%3F578a1e5ff14db21b04e2d6db7fd0eda37042440c%3A627%0A%20%20%20%20at%20http%3A%2F%2Flocalhost%3A8080%2Fbase%2Fnode_modules%2Fjasmine-core%2Flib%2Fjasmine-core%2Fjasmine.js%3F578a1e5ff14db21b04e2d6db7fd0eda37042440c%3A2354%0A%20%20%20%20at%20attemptAsync%20(http%3A%2F%2Flocalhost%3A8080%2Fbase%2Fnode_modules%2Fjasmine-core%2Flib%2Fjasmine-core%2Fjasmine.js%3F578a1e5ff14db21b04e2d6db7fd0eda37042440c%3A1819)%0A%20%20%20%20at%20http%3A%2F%2Flocalhost%3A8080%2Fbase%2Fnode_modules%2Fjasmine-core%2Flib%2Fjasmine-core%2Fjasmine.js%3F578a1e5ff14db21b04e2d6db7fd0eda37042440c%3A1774%0A%20%20%20%20at%20http%3A%2F%2Flocalhost%3A8080%2Fbase%2Fnode_modules%2Fjasmine-core%2Flib%2Fjasmine-core%2Fjasmine.js%3F578a1e5ff14db21b04e2d6db7fd0eda37042440c%3A1801%0A%20%20%20%20at%20http%3A%2F%2Flocalhost%3A8080%2Fbase%2Fnode_modules%2Fjasmine-core%2Flib%2Fjasmine-core%2Fjasmine.js%3F578a1e5ff14db21b04e2d6db7fd0eda37042440c%3A1745%0A%20%20%20%20at%20http%3A%2F%2Flocalhost%3A8080%2Fbase%2Fnode_modules%2Fjasmine-core%2Flib%2Fjasmine-core%2Fjasmine.js%3F578a1e5ff14db21b04e2d6db7fd0eda37042440c%3A2348%0A%20%20%20%20at%20clearStack%20(http%3A%2F%2Flocalhost%3A8080%2Fbase%2Fnode_modules%2Fjasmine-core%2Flib%2Fjasmine-core%2Fjasmine.js%3F578a1e5ff14db21b04e2d6db7fd0eda37042440c%3A605)%0A%20%20%20%20at%20http%3A%2F%2Flocalhost%3A8080%2Fbase%2Fnode_modules%2Fjasmine-core%2Flib%2Fjasmine-core%2Fjasmine.js%3F578a1e5ff14db21b04e2d6db7fd0eda37042440c%3A1784%0A%20%20%20%20at%20http%3A%2F%2Flocalhost%3A8080%2Fbase%2Fnode_modules%2Fjasmine-core%2Flib%2Fjasmine-core%2Fjasmine.js%3F578a1e5ff14db21b04e2d6db7fd0eda37042440c%3A1762%0A%20%20%20%20at%20http%3A%2F%2Flocalhost%3A8080%2Fbase%2Fnode_modules%2Fjasmine-core%2Flib%2Fjasmine-core%2Fjasmine.js%3F578a1e5ff14db21b04e2d6db7fd0eda37042440c%3A627%0A%20%20%20%20at%20http%3A%2F%2Flocalhost%3A8080%2Fbase%2Fnode_modules%2Fjasmine-core%2Flib%2Fjasmine-core%2Fjasmine.js%3F578a1e5ff14db21b04e2d6db7fd0eda37042440c%3A2354%0A%20%20%20%20at%20attemptAsync%20(http%3A%2F%2Flocalhost%3A8080%2Fbase%2Fnode_modules%2Fjasmine-core%2Flib%2Fjasmine-core%2Fjasmine.js%3F578a1e5ff14db21b04e2d6db7fd0eda37042440c%3A1819)%0A%20%20%20%20at%20http%3A%2F%2Flocalhost%3A8080%2Fbase%2Fnode_modules%2Fjasmine-core%2Flib%2Fjasmine-core%2Fjasmine.js%3F578a1e5ff14db21b04e2d6db7fd0eda37042440c%3A1774%0A%20%20%20%20at%20http%3A%2F%2Flocalhost%3A8080%2Fbase%2Fnode_modules%2Fjasmine-core%2Flib%2Fjasmine-core%2Fjasmine.js%3F578a1e5ff14db21b04e2d6db7fd0eda37042440c%3A1801%0A%20%20%20%20at%20http%3A%2F%2Flocalhost%3A8080%2Fbase%2Fnode_modules%2Fjasmine-core%2Flib%2Fjasmine-core%2Fjasmine.js%3F578a1e5ff14db21b04e2d6db7fd0eda37042440c%3A1745%0A%20%20%20%20at%20http%3A%2F%2Flocalhost%3A8080%2Fbase%2Fnode_modules%2Fjasmine-core%2Flib%2Fjasmine-core%2Fjasmine.js%3F578a1e5ff14db21b04e2d6db7fd0eda37042440c%3A2348%0A%20%20%20%20at%20clearStack%20(http%3A%2F%2Flocalhost%3A8080%2Fbase%2Fnode_modules%2Fjasmine-core%2Flib%2Fjasmine-core%2Fjasmine.js%3F578a1e5ff14db21b04e2d6db7fd0eda37042440c%3A605)%0A%20%20%20%20at%20http%3A%2F%2Flocalhost%3A8080%2Fbase%2Fnode_modules%2Fjasmine-core%2Flib%2Fjasmine-core%2Fjasmine.js%3F578a1e5ff14db21b04e2d6db7fd0eda37042440c%3A1784%0A%20%20%20%20at%20http%3A%2F%2Flocalhost%3A8080%2Fbase%2Fnode_modules%2Fjasmine-core%2Flib%2Fjasmine-core%2Fjasmine.js%3F578a1e5ff14db21b04e2d6db7fd0eda37042440c%3A1762%0A%20%20%20%20at%20http%3A%2F%2Flocalhost%3A8080%2Fbase%2Fnode_modules%2Fjasmine-core%2Flib%2Fjasmine-core%2Fjasmine.js%3F578a1e5ff14db21b04e2d6db7fd0eda37042440c%3A627%0A%20%20%20%20at%20http%3A%2F%2Flocalhost%3A8080%2Fbase%2Fnode_modules%2Fjasmine-core%2Flib%2Fjasmine-core%2Fjasmine.js%3F578a1e5ff14db21b04e2d6db7fd0eda37042440c%3A2354%0A%20%20%20%20at%20attemptAsync%20(http%3A%2F%2Flocalhost%3A8080%2Fbase%2Fnode_modules%2Fjasmine-core%2Flib%2Fjasmine-core%2Fjasmine.js%3F578a1e5ff14db21b04e2d6db7fd0eda37042440c%3A1819)%0A%20%20%20%20at%20http%3A%2F%2Flocalhost%3A8080%2Fbase%2Fnode_modules%2Fjasmine-core%2Flib%2Fjasmine-core%2Fjasmine.js%3F578a1e5ff14db21b04e2d6db7fd0eda37042440c%3A1774%0A%20%20%20%20at%20http%3A%2F%2Flocalhost%3A8080%2Fbase%2Fnode_modules%2Fjasmine-core%2Flib%2Fjasmine-core%2Fjasmine.js%3F578a1e5ff14db21b04e2d6db7fd0eda37042440c%3A1801%0A%20%20%20%20at%20http%3A%2F%2Flocalhost%3A8080%2Fbase%2Fnode_modules%2Fjasmine-core%2Flib%2Fjasmine-core%2Fjasmine.js%3F578a1e5ff14db21b04e2d6db7fd0eda37042440c%3A1745%0A%20%20%20%20at%20http%3A%2F%2Flocalhost%3A8080%2Fbase%2Fnode_modules%2Fjasmine-core%2Flib%2Fjasmine-core%2Fjasmine.js%3F578a1e5ff14db21b04e2d6db7fd0eda37042440c%3A2348%0A%20%20%20%20at%20clearStack%20(http%3A%2F%2Flocalhost%3A8080%2Fbase%2Fnode_modules%2Fjasmine-core%2Flib%2Fjasmine-core%2Fjasmine.js%3F578a1e5ff14db21b04e2d6db7fd0eda37042440c%3A605)%0A%20%20%20%20at%20http%3A%2F%2Flocalhost%3A8080%2Fbase%2Fnode_modules%2Fjasmine-core%2Flib%2Fjasmine-core%2Fjasmine.js%3F578a1e5ff14db21b04e2d6db7fd0eda37042440c%3A1784%0A%20%20%20%20at%20http%3A%2F%2Flocalhost%3A8080%2Fbase%2Fnode_modules%2Fjasmine-core%2Flib%2Fjasmine-core%2Fjasmine.js%3F578a1e5ff14db21b04e2d6db7fd0eda37042440c%3A1762%0A%20%20%20%20at%20http%3A%2F%2Flocalhost%3A8080%2Fbase%2Fnode_modules%2Fjasmine-core%2Flib%2Fjasmine-core%2Fjasmine.js%3F578a1e5ff14db21b04e2d6db7fd0eda37042440c%3A627%0A%20%20%20%20at%20http%3A%2F%2Flocalhost%3A8080%2Fbase%2Fnode_modules%2Fjasmine-core%2Flib%2Fjasmine-core%2Fjasmine.js%3F578a1e5ff14db21b04e2d6db7fd0eda37042440c%3A2354%0A%20%20%20%20at%20attemptAsync%20(http%3A%2F%2Flocalhost%3A8080%2Fbase%2Fnode_modules%2Fjasmine-core%2Flib%2Fjasmine-core%2Fjasmine.js%3F578a1e5ff14db21b04e2d6db7fd0eda37042440c%3A1819)%0A%20%20%20%20at%20http%3A%2F%2Flocalhost%3A8080%2Fbase%2Fnode_modules%2Fjasmine-core%2Flib%2Fjasmine-core%2Fjasmine.js%3F578a1e5ff14db21b04e2d6db7fd0eda37042440c%3A1774%0A%20%20%20%20at%20http%3A%2F%2Flocalhost%3A8080%2Fbase%2Fnode_modules%2Fjasmine-core%2Flib%2Fjasmine-core%2Fjasmine.js%3F578a1e5ff14db21b04e2d6db7fd0eda37042440c%3A1801%0A%20%20%20%20at%20http%3A%2F%2Flocalhost%3A8080%2Fbase%2Fnode_modules%2Fjasmine-core%2Flib%2Fjasmine-core%2Fjasmine.js%3F578a1e5ff14db21b04e2d6db7fd0eda37042440c%3A1745%0A%20%20%20%20at%20http%3A%2F%2Flocalhost%3A8080%2Fbase%2Fnode_modules%2Fjasmine-core%2Flib%2Fjasmine-core%2Fjasmine.js%3F578a1e5ff14db21b04e2d6db7fd0eda37042440c%3A2348%0A%20%20%20%20at%20clearStack%20(http%3A%2F%2Flocalhost%3A8080%2Fbase%2Fnode_modules%2Fjasmine-core%2Flib%2Fjasmine-core%2Fjasmine.js%3F578a1e5ff14db21b04e2d6db7fd0eda37042440c%3A605)%0A%20%20%20%20at%20http%3A%2F%2Flocalhost%3A8080%2Fbase%2Fnode_modules%2Fjasmine-core%2Flib%2Fjasmine-core%2Fjasmine.js%3F578a1e5ff14db21b04e2d6db7fd0eda37042440c%3A1784%0A%20%20%20%20at%20http%3A%2F%2Flocalhost%3A8080%2Fbase%2Fnode_modules%2Fjasmine-core%2Flib%2Fjasmine-core%2Fjasmine.js%3F578a1e5ff14db21b04e2d6db7fd0eda37042440c%3A1762%0A%20%20%20%20at%20http%3A%2F%2Flocalhost%3A8080%2Fbase%2Fnode_modules%2Fjasmine-core%2Flib%2Fjasmine-core%2Fjasmine.js%3F578a1e5ff14db21b04e2d6db7fd0eda37042440c%3A627%0A%20%20%20%20at%20http%3A%2F%2Flocalhost%3A8080%2Fbase%2Fnode_modules%2Fjasmine-core%2Flib%2Fjasmine-core%2Fjasmine.js%3F578a1e5ff14db21b04e2d6db7fd0eda37042440c%3A2354%0A%20%20%20%20at%20attemptAsync%20(http%3A%2F%2Flocalhost%3A8080%2Fbase%2Fnode_modules%2Fjasmine-core%2Flib%2Fjasmine-core%2Fjasmine.js%3F578a1e5ff14db21b04e2d6db7fd0eda37042440c%3A1819)%0A%20%20%20%20at%20http%3A%2F%2Flocalhost%3A8080%2Fbase%2Fnode_modules%2Fjasmine-core%2Flib%2Fjasmine-core%2Fjasmine.js%3F578a1e5ff14db21b04e2d6db7fd0eda37042440c%3A1774%0A%20%20%20%20at%20http%3A%2F%2Flocalhost%3A8080%2Fbase%2Fnode_modules%2Fjasmine-core%2Flib%2Fjasmine-core%2Fjasmine.js%3F578a1e5ff14db21b04e2d6db7fd0eda37042440c%3A1762%0A%20%20%20%20at%20http%3A%2F%2Flocalhost%3A8080%2Fbase%2Fnode_modules%2Fjasmine-core%2Flib%2Fjasmine-core%2Fjasmine.js%3F578a1e5ff14db21b04e2d6db7fd0eda37042440c%3A627%0A%20%20%20%20at%20http%3A%2F%2Flocalhost%3A8080%2Fbase%2Fnode_modules%2Fjasmine-core%2Flib%2Fjasmine-core%2Fjasmine.js%3F578a1e5ff14db21b04e2d6db7fd0eda37042440c%3A2215%0A%20%20%20%20at%20http%3A%2F%2Flocalhost%3A8080%2Fbase%2Fnode_modules%2Fjasmine-core%2Flib%2Fjasmine-core%2Fjasmine.js%3F578a1e5ff14db21b04e2d6db7fd0eda37042440c%3A678%0A%20%20%20%20at%20http%3A%2F%2Flocalhost%3A8080%2Fbase%2Fnode_modules%2Fkarma-jasmine%2Flib%2Fadapter.js%3F0a69ad1fa10cc8be0a12b241227d3b834f82db4f%3A317%0A%20%20%20%20at%20http%3A%2F%2Flocalhost%3A8080%2Fkarma.js%3A185%0A%20%20%20%20at%20http%3A%2F%2Flocalhost%3A8080%2Fcontext.html%3A127%0Ahttp%3A%2F%2Ferrors.angularjs.org%2F1.4.1%2F%24injector%2Fmodulerr%3Fp0%3Dui.bootstrap%26p1%3DError%253A%2520%255B%2524injector%253Anomod%255D%2520Module%2520&apos;ui.bootstrap&apos;%2520is%2520not%2520available!%2520You%2520either%2520misspelled%2520the%2520module%2520name%2520or%2520forgot%2520to%2520load%2520it.%2520If%2520registering%2520a%2520module%2520ensure%2520that%2520you%2520specify%2520the%2520dependencies%2520as%2520the%2520second%2520argument.%250Ahttp%253A%252F%252Ferrors.angularjs.org%252F1.4.1%252F%2524injector%252Fnomod%253Fp0%253Dui.bootstrap%250A%2520%2520%2520%2520at%2520http%253A%252F%252Flocalhost%253A8080%252Fbase%252Fapp%252Fvendor%252Fangular%252Fangular.js%253F9d140432f81858ac1e7888708720d419d147ffa9%253A1951%250A%2520%2520%2520%2520at%2520ensure%2520(http%253A%252F%252Flocalhost%253A8080%252Fbase%252Fapp%252Fvendor%252Fangular%252Fangular.js%253F9d140432f81858ac1e7888708720d419d147ffa9%253A1873)%250A%2520%2520%2520%2520at%2520module%2520(http%253A%252F%252Flocalhost%253A8080%252Fbase%252Fapp%252Fvendor%252Fangular%252Fangular.js%253F9d140432f81858ac1e7888708720d419d147ffa9%253A2201)%250A%2520%2520%2520%2520at%2520http%253A%252F%252Flocalhost%253A8080%252Fbase%252Fapp%252Fvendor%252Fangular%252Fangular.js%253F9d140432f81858ac1e7888708720d419d147ffa9%253A4355%250A%2520%2520%2520%2520at%2520forEach%2520(http%253A%252F%252Flocalhost%253A8080%252Fbase%252Fapp%252Fvendor%252Fangular%252Fangular.js%253F9d140432f81858ac1e7888708720d419d147ffa9%253A336)%250A%2520%2520%2520%2520at%2520loadModules%2520(http%253A%252F%252Flocalhost%253A8080%252Fbase%252Fapp%252Fvendor%252Fangular%252Fangular.js%253F9d140432f81858ac1e7888708720d419d147ffa9%253A4381)%250A%2520%2520%2520%2520at%2520http%253A%252F%252Flocalhost%253A8080%252Fbase%252Fapp%252Fvendor%252Fangular%252Fangular.js%253F9d140432f81858ac1e7888708720d419d147ffa9%253A4356%250A%2520%2520%2520%2520at%2520forEach%2520(http%253A%252F%252Flocalhost%253A8080%252Fbase%252Fapp%252Fvendor%252Fangular%252Fangular.js%253F9d140432f81858ac1e7888708720d419d147ffa9%253A336)%250A%2520%2520%2520%2520at%2520loadModules%2520(http%253A%252F%252Flocalhost%253A8080%252Fbase%252Fapp%252Fvendor%252Fangular%252Fangular.js%253F9d140432f81858ac1e7888708720d419d147ffa9%253A4381)%250A%2520%2520%2520%2520at%2520createInjector%2520(http%253A%252F%252Flocalhost%253A8080%252Fbase%252Fapp%252Fvendor%252Fangular%252Fangular.js%253F9d140432f81858ac1e7888708720d419d147ffa9%253A4265)%250A%2520%2520%2520%2520at%2520workFn%2520(http%253A%252F%252Flocalhost%253A8080%252Fbase%252Fapp%252Fvendor%252Fangular-mocks%252Fangular-mocks.js%253F6fe041cc8bb7a17f894cb12d8b0d44b12644f10a%253A2409)%250A%2520%2520%2520%2520at%2520attemptSync%2520(http%253A%252F%252Flocalhost%253A8080%252Fbase%252Fnode_modules%252Fjasmine-core%252Flib%252Fjasmine-core%252Fjasmine.js%253F578a1e5ff14db21b04e2d6db7fd0eda37042440c%253A1789)%250A%2520%2520%2520%2520at%2520http%253A%252F%252Flocalhost%253A8080%252Fbase%252Fnode_modules%252Fjasmine-core%252Flib%252Fjasmine-core%252Fjasmine.js%253F578a1e5ff14db21b04e2d6db7fd0eda37042440c%253A1777%250A%2520%2520%2520%2520at%2520http%253A%252F%252Flocalhost%253A8080%252Fbase%252Fnode_modules%252Fjasmine-core%252Flib%252Fjasmine-core%252Fjasmine.js%253F578a1e5ff14db21b04e2d6db7fd0eda37042440c%253A1762%250A%2520%2520%2520%2520at%2520http%253A%252F%252Flocalhost%253A8080%252Fbase%252Fnode_modules%252Fjasmine-core%252Flib%252Fjasmine-core%252Fjasmine.js%253F578a1e5ff14db21b04e2d6db7fd0eda37042440c%253A627%250A%2520%2520%2520%2520at%2520http%253A%252F%252Flocalhost%253A8080%252Fbase%252Fnode_modules%252Fjasmine-core%252Flib%252Fjasmine-core%252Fjasmine.js%253F578a1e5ff14db21b04e2d6db7fd0eda37042440c%253A357%250A%2520%2520%2520%2520at%2520http%253A%252F%252Flocalhost%253A8080%252Fbase%252Fnode_modules%252Fjasmine-core%252Flib%252Fjasmine-core%252Fjasmine.js%253F578a1e5ff14db21b04e2d6db7fd0eda37042440c%253A2360%250A%2520%2520%2520%2520at%2520attemptAsync%2520(http%253A%252F%252Flocalhost%253A8080%252Fbase%252Fnode_modules%252Fjasmine-core%252Flib%252Fjasmine-core%252Fjasmine.js%253F578a1e5ff14db21b04e2d6db7fd0eda37042440c%253A1819)%250A%2520%2520%2520%2520at%2520http%253A%252F%252Flocalhost%253A8080%252Fbase%252Fnode_modules%252Fjasmine-core%252Flib%252Fjasmine-core%252Fjasmine.js%253F578a1e5ff14db21b04e2d6db7fd0eda37042440c%253A1774%250A%2520%2520%2520%2520at%2520http%253A%252F%252Flocalhost%253A8080%252Fbase%252Fnode_modules%252Fjasmine-core%252Flib%252Fjasmine-core%252Fjasmine.js%253F578a1e5ff14db21b04e2d6db7fd0eda37042440c%253A1762%250A%2520%2520%2520%2520at%2520http%253A%252F%252Flocalhost%253A8080%252Fbase%252Fnode_modules%252Fjasmine-core%252Flib%252Fjasmine-core%252Fjasmine.js%253F578a1e5ff14db21b04e2d6db7fd0eda37042440c%253A627%250A%2520%2520%2520%2520at%2520http%253A%252F%252Flocalhost%253A8080%252Fbase%252Fnode_modules%252Fjasmine-core%252Flib%252Fjasmine-core%252Fjasmine.js%253F578a1e5ff14db21b04e2d6db7fd0eda37042440c%253A2354%250A%2520%2520%2520%2520at%2520attemptAsync%2520(http%253A%252F%252Flocalhost%253A8080%252Fbase%252Fnode_modules%252Fjasmine-core%252Flib%252Fjasmine-core%252Fjasmine.js%253F578a1e5ff14db21b04e2d6db7fd0eda37042440c%253A1819)%250A%2520%2520%2520%2520at%2520http%253A%252F%252Flocalhost%253A8080%252Fbase%252Fnode_modules%252Fjasmine-core%252Flib%252Fjasmine-core%252Fjasmine.js%253F578a1e5ff14db21b04e2d6db7fd0eda37042440c%253A1774%250A%2520%2520%2520%2520at%2520http%253A%252F%252Flocalhost%253A8080%252Fbase%252Fnode_modules%252Fjasmine-core%252Flib%252Fjasmine-core%252Fjasmine.js%253F578a1e5ff14db21b04e2d6db7fd0eda37042440c%253A1801%250A%2520%2520%2520%2520at%2520http%253A%252F%252Flocalhost%253A8080%252Fbase%252Fnode_modules%252Fjasmine-core%252Flib%252Fjasmine-core%252Fjasmine.js%253F578a1e5ff14db21b04e2d6db7fd0eda37042440c%253A1745%250A%2520%2520%2520%2520at%2520http%253A%252F%252Flocalhost%253A8080%252Fbase%252Fnode_modules%252Fjasmine-core%252Flib%252Fjasmine-core%252Fjasmine.js%253F578a1e5ff14db21b04e2d6db7fd0eda37042440c%253A2348%250A%2520%2520%2520%2520at%2520clearStack%2520(http%253A%252F%252Flocalhost%253A8080%252Fbase%252Fnode_modules%252Fjasmine-core%252Flib%252Fjasmine-core%252Fjasmine.js%253F578a1e5ff14db21b04e2d6db7fd0eda37042440c%253A605)%250A%2520%2520%2520%2520at%2520http%253A%252F%252Flocalhost%253A8080%252Fbase%252Fnode_modules%252Fjasmine-core%252Flib%252Fjasmine-core%252Fjasmine.js%253F578a1e5ff14db21b04e2d6db7fd0eda37042440c%253A1784%250A%2520%2520%2520%2520at%2520http%253A%252F%252Flocalhost%253A8080%252Fbase%252Fnode_modules%252Fjasmine-core%252Flib%252Fjasmine-core%252Fjasmine.js%253F578a1e5ff14db21b04e2d6db7fd0eda37042440c%253A1762%250A%2520%2520%2520%2520at%2520http%253A%252F%252Flocalhost%253A8080%252Fbase%252Fnode_modules%252Fjasmine-core%252Flib%252Fjasmine-core%252Fjasmine.js%253F578a1e5ff14db21b04e2d6db7fd0eda37042440c%253A627%250A%2520%2520%2520%2520at%2520http%253A%252F%252Flocalhost%253A8080%252Fbase%252Fnode_modules%252Fjasmine-core%252Flib%252Fjasmine-core%252Fjasmine.js%253F578a1e5ff14db21b04e2d6db7fd0eda37042440c%253A2354%250A%2520%2520%2520%2520at%2520attemptAsync%2520(http%253A%252F%252Flocalhost%253A8080%252Fbase%252Fnode_modules%252Fjasmine-core%252Flib%252Fjasmine-core%252Fjasmine.js%253F578a1e5ff14db21b04e2d6db7fd0eda37042440c%253A1819)%250A%2520%2520%2520%2520at%2520http%253A%252F%252Flocalhost%253A8080%252Fbase%252Fnode_modules%252Fjasmine-core%252Flib%252Fjasmine-core%252Fjasmine.js%253F578a1e5ff14db21b04e2d6db7fd0eda37042440c%253A1774%250A%2520%2520%2520%2520at%2520http%253A%252F%252Flocalhost%253A8080%252Fbase%252Fnode_modules%252Fjasmine-core%252Flib%252Fjasmine-core%252Fjasmine.js%253F578a1e5ff14db21b04e2d6db7fd0eda37042440c%253A1801%250A%2520%2520%2520%2520at%2520http%253A%252F%252Flocalhost%253A8080%252Fbase%252Fnode_modules%252Fjasmine-core%252Flib%252Fjasmine-core%252Fjasmine.js%253F578a1e5ff14db21b04e2d6db7fd0eda37042440c%253A1745%250A%2520%2520%2520%2520at%2520http%253A%252F%252Flocalhost%253A8080%252Fbase%252Fnode_modules%252Fjasmine-core%252Flib%252Fjasmine-core%252Fjasmine.js%253F578a1e5ff14db21b04e2d6db7fd0eda37042440c%253A2348%250A%2520%2520%2520%2520at%2520clearStack%2520(http%253A%252F%252Flocalhost%253A8080%252Fbase%252Fnode_modules%252Fjasmine-core%252Flib%252Fjasmine-core%252Fjasmine.js%253F578a1e5ff14db21b04e2d6db7fd0eda37042440c%253A605)%250A%2520%2520%2520%2520at%2520http%253A%252F%252Flocalhost%253A8080%252Fbase%252Fnode_modules%252Fjasmine-core%252Flib%252Fjasmine-core%252Fjasmine.js%253F578a1e5ff14db21b04e2d6db7fd0eda37042440c%253A1784%250A%2520%2520%2520%2520at%2520http%253A%252F%252Flocalhost%253A8080%252Fbase%252Fnode_modules%252Fjasmine-core%252Flib%252Fjasmine-core%252Fjasmine.js%253F578a1e5ff14db21b04e2d6db7fd0eda37042440c%253A1762%250A%2520%2520%2520%2520at%2520http%253A%252F%252Flocalhost%253A8080%252Fbase%252Fnode_modules%252Fjasmine-core%252Flib%252Fjasmine-core%252Fjasmine.js%253F578a1e5ff14db21b04e2d6db7fd0eda37042440c%253A627%250A%2520%2520%2520%2520at%2520http%253A%252F%252Flocalhost%253A8080%252Fbase%252Fnode_modules%252Fjasmine-core%252Flib%252Fjasmine-core%252Fjasmine.js%253F578a1e5ff14db21b04e2d6db7fd0eda37042440c%253A2354%250A%2520%2520%2520%2520at%2520attemptAsync%2520(http%253A%252F%252Flocalhost%253A8080%252Fbase%252Fnode_modules%252Fjasmine-core%252Flib%252Fjasmine-core%252Fjasmine.js%253F578a1e5ff14db21b04e2d6db7fd0eda37042440c%253A1819)%250A%2520%2520%2520%2520at%2520http%253A%252F%252Flocalhost%253A8080%252Fbase%252Fnode_modules%252Fjasmine-core%252Flib%252Fjasmine-core%252Fjasmine.js%253F578a1e5ff14db21b04e2d6db7fd0eda37042440c%253A1774%250A%2520%2520%2520%2520at%2520http%253A%252F%252Flocalhost%253A8080%252Fbase%252Fnode_modules%252Fjasmine-core%252Flib%252Fjasmine-core%252Fjasmine.js%253F578a1e5ff14db21b04e2d6db7fd0eda37042440c%253A1801%250A%2520%2520%2520%2520at%2520http%253A%252F%252Flocalhost%253A8080%252Fbase%252Fnode_modules%252Fjasmine-core%252Flib%252Fjasmine-core%252Fjasmine.js%253F578a1e5ff14db21b04e2d6db7fd0eda37042440c%253A1745%250A%2520%2520%2520%2520at%2520http%253A%252F%252Flocalhost%253A8080%252Fbase%252Fnode_modules%252Fjasmine-core%252Flib%252Fjasmine-core%252Fjasmine.js%253F578a1e5ff14db21b04e2d6db7fd0eda37042440c%253A2348%250A%2520%2520%2520%2520at%2520clearStack%2520(http%253A%252F%252Flocalhost%253A8080%252Fbase%252Fnode_modules%252Fjasmine-core%252Flib%252Fjasmine-core%252Fjasmine.js%253F578a1e5ff14db21b04e2d6db7fd0eda37042440c%253A605)%250A%2520%2520%2520%2520at%2520http%253A%252F%252Flocalhost%253A8080%252Fbase%252Fnode_modules%252Fjasmine-core%252Flib%252Fjasmine-core%252Fjasmine.js%253F578a1e5ff14db21b04e2d6db7fd0eda37042440c%253A1784%250A%2520%2520%2520%2520at%2520http%253A%252F%252Flocalhost%253A8080%252Fbase%252Fnode_modules%252Fjasmine-core%252Flib%252Fjasmine-core%252Fjasmine.js%253F578a1e5ff14db21b04e2d6db7fd0eda37042440c%253A1801%250A%2520%2520%2520%2520at%2520http%253A%252F%252Flocalhost%253A8080%252Fbase%252Fnode_modules%252Fjasmine-core%252Flib%252Fjasmine-core%252Fjasmine.js%253F578a1e5ff14db21b04e2d6db7fd0eda37042440c%253A1745%250A%2520%2520%2520%2520at%2520complete%2520(http%253A%252F%252Flocalhost%253A8080%252Fbase%252Fnode_modules%252Fjasmine-core%252Flib%252Fjasmine-core%252Fjasmine.js%253F578a1e5ff14db21b04e2d6db7fd0eda37042440c%253A365)%250A%2520%2520%2520%2520at%2520clearStack%2520(http%253A%252F%252Flocalhost%253A8080%252Fbase%252Fnode_modules%252Fjasmine-core%252Flib%252Fjasmine-core%252Fjasmine.js%253F578a1e5ff14db21b04e2d6db7fd0eda37042440c%253A605)%250A%2520%2520%2520%2520at%2520http%253A%252F%252Flocalhost%253A8080%252Fbase%252Fnode_modules%252Fjasmine-core%252Flib%252Fjasmine-core%252Fjasmine.js%253F578a1e5ff14db21b04e2d6db7fd0eda37042440c%253A1784%250A%2520%2520%2520%2520at%2520http%253A%252F%252Flocalhost%253A8080%252Fbase%252Fnode_modules%252Fjasmine-core%252Flib%252Fjasmine-core%252Fjasmine.js%253F578a1e5ff14db21b04e2d6db7fd0eda37042440c%253A1762%250A%2520%2520%2520%2520at%2520http%253A%252F%252Flocalhost%253A8080%252Fbase%252Fnode_modules%252Fjasmine-core%252Flib%252Fjasmine-core%252Fjasmine.js%253F578a1e5ff14db21b04e2d6db7fd0eda37042440c%253A627%250A%2520%2520%2520%2520at%2520http%253A%252F%252Flocalhost%253A8080%252Fbase%252Fnode_modules%252Fjasmine-core%252Flib%252Fjasmine-core%252Fjasmine.js%253F578a1e5ff14db21b04e2d6db7fd0eda37042440c%253A357%250A%2520%2520%2520%2520at%2520http%253A%252F%252Flocalhost%253A8080%252Fbase%252Fnode_modules%252Fjasmine-core%252Flib%252Fjasmine-core%252Fjasmine.js%253F578a1e5ff14db21b04e2d6db7fd0eda37042440c%253A2360%250A%2520%2520%2520%2520at%2520attemptAsync%2520(http%253A%252F%252Flocalhost%253A8080%252Fbase%252Fnode_modules%252Fjasmine-core%252Flib%252Fjasmine-core%252Fjasmine.js%253F578a1e5ff14db21b04e2d6db7fd0eda37042440c%253A1819)%250A%2520%2520%2520%2520at%2520http%253A%252F%252Flocalhost%253A8080%252Fbase%252Fnode_modules%252Fjasmine-core%252Flib%252Fjasmine-core%252Fjasmine.js%253F578a1e5ff14db21b04e2d6db7fd0eda37042440c%253A1774%250A%2520%2520%2520%2520at%2520http%253A%252F%252Flocalhost%253A8080%252Fbase%252Fnode_modules%252Fjasmine-core%252Flib%252Fjasmine-core%252Fjasmine.js%253F578a1e5ff14db21b04e2d6db7fd0eda37042440c%253A1801%250A%2520%2520%2520%2520at%2520http%253A%252F%252Flocalhost%253A8080%252Fbase%252Fnode_modules%252Fjasmine-core%252Flib%252Fjasmine-core%252Fjasmine.js%253F578a1e5ff14db21b04e2d6db7fd0eda37042440c%253A1745%250A%2520%2520%2520%2520at%2520complete%2520(http%253A%252F%252Flocalhost%253A8080%252Fbase%252Fnode_modules%252Fjasmine-core%252Flib%252Fjasmine-core%252Fjasmine.js%253F578a1e5ff14db21b04e2d6db7fd0eda37042440c%253A365)%250A%2520%2520%2520%2520at%2520clearStack%2520(http%253A%252F%252Flocalhost%253A8080%252Fbase%252Fnode_modules%252Fjasmine-core%252Flib%252Fjasmine-core%252Fjasmine.js%253F578a1e5ff14db21b04e2d6db7fd0eda37042440c%253A605)%250A%2520%2520%2520%2520at%2520http%253A%252F%252Flocalhost%253A8080%252Fbase%252Fnode_modules%252Fjasmine-core%252Flib%252Fjasmine-core%252Fjasmine.js%253F578a1e5ff14db21b04e2d6db7fd0eda37042440c%253A1784%250A%2520%2520%2520%2520at%2520http%253A%252F%252Flocalhost%253A8080%252Fbase%252Fnode_modules%252Fjasmine-core%252Flib%252Fjasmine-core%252Fjasmine.js%253F578a1e5ff14db21b04e2d6db7fd0eda37042440c%253A1762%250A%2520%2520%2520%2520at%2520http%253A%252F%252Flocalhost%253A8080%252Fbase%252Fnode_modules%252Fjasmine-core%252Flib%252Fjasmine-core%252Fjasmine.js%253F578a1e5ff14db21b04e2d6db7fd0eda37042440c%253A627%250A%2520%2520%2520%2520at%2520http%253A%252F%252Flocalhost%253A8080%252Fbase%252Fnode_modules%252Fjasmine-core%252Flib%252Fjasmine-core%252Fjasmine.js%253F578a1e5ff14db21b04e2d6db7fd0eda37042440c%253A357%250A%2520%2520%2520%2520at%2520http%253A%252F%252Flocalhost%253A8080%252Fbase%252Fnode_modules%252Fjasmine-core%252Flib%252Fjasmine-core%252Fjasmine.js%253F578a1e5ff14db21b04e2d6db7fd0eda37042440c%253A2360%250A%2520%2520%2520%2520at%2520attemptAsync%2520(http%253A%252F%252Flocalhost%253A8080%252Fbase%252Fnode_modules%252Fjasmine-core%252Flib%252Fjasmine-core%252Fjasmine.js%253F578a1e5ff14db21b04e2d6db7fd0eda37042440c%253A1819)%250A%2520%2520%2520%2520at%2520http%253A%252F%252Flocalhost%253A8080%252Fbase%252Fnode_modules%252Fjasmine-core%252Flib%252Fjasmine-core%252Fjasmine.js%253F578a1e5ff14db21b04e2d6db7fd0eda37042440c%253A1774%250A%2520%2520%2520%2520at%2520http%253A%252F%252Flocalhost%253A8080%252Fbase%252Fnode_modules%252Fjasmine-core%252Flib%252Fjasmine-core%252Fjasmine.js%253F578a1e5ff14db21b04e2d6db7fd0eda37042440c%253A1762%250A%2520%2520%2520%2520at%2520http%253A%252F%252Flocalhost%253A8080%252Fbase%252Fnode_modules%252Fjasmine-core%252Flib%252Fjasmine-core%252Fjasmine.js%253F578a1e5ff14db21b04e2d6db7fd0eda37042440c%253A627%250A%2520%2520%2520%2520at%2520http%253A%252F%252Flocalhost%253A8080%252Fbase%252Fnode_modules%252Fjasmine-core%252Flib%252Fjasmine-core%252Fjasmine.js%253F578a1e5ff14db21b04e2d6db7fd0eda37042440c%253A2354%250A%2520%2520%2520%2520at%2520attemptAsync%2520(http%253A%252F%252Flocalhost%253A8080%252Fbase%252Fnode_modules%252Fjasmine-core%252Flib%252Fjasmine-core%252Fjasmine.js%253F578a1e5ff14db21b04e2d6db7fd0eda37042440c%253A1819)%250A%2520%2520%2520%2520at%2520http%253A%252F%252Flocalhost%253A8080%252Fbase%252Fnode_modules%252Fjasmine-core%252Flib%252Fjasmine-core%252Fjasmine.js%253F578a1e5ff14db21b04e2d6db7fd0eda37042440c%253A1774%250A%2520%2520%2520%2520at%2520http%253A%252F%252Flocalhost%253A8080%252Fbase%252Fnode_modules%252Fjasmine-core%252Flib%252Fjasmine-core%252Fjasmine.js%253F578a1e5ff14db21b04e2d6db7fd0eda37042440c%253A1801%250A%2520%2520%2520%2520at%2520http%253A%252F%252Flocalhost%253A8080%252Fbase%252Fnode_modules%252Fjasmine-core%252Flib%252Fjasmine-core%252Fjasmine.js%253F578a1e5ff14db21b04e2d6db7fd0eda37042440c%253A1745%250A%2520%2520%2520%2520at%2520http%253A%252F%252Flocalhost%253A8080%252Fbase%252Fnode_modules%252Fjasmine-core%252Flib%252Fjasmine-core%252Fjasmine.js%253F578a1e5ff14db21b04e2d6db7fd0eda37042440c%253A2348%250A%2520%2520%2520%2520at%2520clearStack%2520(http%253A%252F%252Flocalhost%253A8080%252Fbase%252Fnode_modules%252Fjasmine-core%252Flib%252Fjasmine-core%252Fjasmine.js%253F578a1e5ff14db21b04e2d6db7fd0eda37042440c%253A605)%250A%2520%2520%2520%2520at%2520http%253A%252F%252Flocalhost%253A8080%252Fbase%252Fnode_modules%252Fjasmine-core%252Flib%252Fjasmine-core%252Fjasmine.js%253F578a1e5ff14db21b04e2d6db7fd0eda37042440c%253A1784%250A%2520%2520%2520%2520at%2520http%253A%252F%252Flocalhost%253A8080%252Fbase%252Fnode_modules%252Fjasmine-core%252Flib%252Fjasmine-core%252Fjasmine.js%253F578a1e5ff14db21b04e2d6db7fd0eda37042440c%253A1762%250A%2520%2520%2520%2520at%2520http%253A%252F%252Flocalhost%253A8080%252Fbase%252Fnode_modules%252Fjasmine-core%252Flib%252Fjasmine-core%252Fjasmine.js%253F578a1e5ff14db21b04e2d6db7fd0eda37042440c%253A627%250A%2520%2520%2520%2520at%2520http%253A%252F%252Flocalhost%253A8080%252Fbase%252Fnode_modules%252Fjasmine-core%252Flib%252Fjasmine-core%252Fjasmine.js%253F578a1e5ff14db21b04e2d6db7fd0eda37042440c%253A2354%250A%2520%2520%2520%2520at%2520attemptAsync%2520(http%253A%252F%252Flocalhost%253A8080%252Fbase%252Fnode_modules%252Fjasmine-core%252Flib%252Fjasmine-core%252Fjasmine.js%253F578a1e5ff14db21b04e2d6db7fd0eda37042440c%253A1819)%250A%2520%2520%2520%2520at%2520http%253A%252F%252Flocalhost%253A8080%252Fbase%252Fnode_modules%252Fjasmine-core%252Flib%252Fjasmine-core%252Fjasmine.js%253F578a1e5ff14db21b04e2d6db7fd0eda37042440c%253A1774%250A%2520%2520%2520%2520at%2520http%253A%252F%252Flocalhost%253A8080%252Fbase%252Fnode_modules%252Fjasmine-core%252Flib%252Fjasmine-core%252Fjasmine.js%253F578a1e5ff14db21b04e2d6db7fd0eda37042440c%253A1801%250A%2520%2520%2520%2520at%2520http%253A%252F%252Flocalhost%253A8080%252Fbase%252Fnode_modules%252Fjasmine-core%252Flib%252Fjasmine-core%252Fjasmine.js%253F578a1e5ff14db21b04e2d6db7fd0eda37042440c%253A1745%250A%2520%2520%2520%2520at%2520http%253A%252F%252Flocalhost%253A8080%252Fbase%252Fnode_modules%252Fjasmine-core%252Flib%252Fjasmine-core%252Fjasmine.js%253F578a1e5ff14db21b04e2d6db7fd0eda37042440c%253A2348%250A%2520%2520%2520%2520at%2520clearStack%2520(http%253A%252F%252Flocalhost%253A8080%252Fbase%252Fnode_modules%252Fjasmine-core%252Flib%252Fjasmine-core%252Fjasmine.js%253F578a1e5ff14db21b04e2d6db7fd0eda37042440c%253A605)%250A%2520%2520%2520%2520at%2520http%253A%252F%252Flocalhost%253A8080%252Fbase%252Fnode_modules%252Fjasmine-core%252Flib%252Fjasmine-core%252Fjasmine.js%253F578a1e5ff14db21b04e2d6db7fd0eda37042440c%253A1784%250A%2520%2520%2520%2520at%2520http%253A%252F%252Flocalhost%253A8080%252Fbase%252Fnode_modules%252Fjasmine-core%252Flib%252Fjasmine-core%252Fjasmine.js%253F578a1e5ff14db21b04e2d6db7fd0eda37042440c%253A1762%250A%2520%2520%2520%2520at%2520http%253A%252F%252Flocalhost%253A8080%252Fbase%252Fnode_modules%252Fjasmine-core%252Flib%252Fjasmine-core%252Fjasmine.js%253F578a1e5ff14db21b04e2d6db7fd0eda37042440c%253A627%250A%2520%2520%2520%2520at%2520http%253A%252F%252Flocalhost%253A8080%252Fbase%252Fnode_modules%252Fjasmine-core%252Flib%252Fjasmine-core%252Fjasmine.js%253F578a1e5ff14db21b04e2d6db7fd0eda37042440c%253A2354%250A%2520%2520%2520%2520at%2520attemptAsync%2520(http%253A%252F%252Flocalhost%253A8080%252Fbase%252Fnode_modules%252Fjasmine-core%252Flib%252Fjasmine-core%252Fjasmine.js%253F578a1e5ff14db21b04e2d6db7fd0eda37042440c%253A1819)%250A%2520%2520%2520%2520at%2520http%253A%252F%252Flocalhost%253A8080%252Fbase%252Fnode_modules%252Fjasmine-core%252Flib%252Fjasmine-core%252Fjasmine.js%253F578a1e5ff14db21b04e2d6db7fd0eda37042440c%253A1774%250A%2520%2520%2520%2520at%2520http%253A%252F%252Flocalhost%253A8080%252Fbase%252Fnode_modules%252Fjasmine-core%252Flib%252Fjasmine-core%252Fjasmine.js%253F578a1e5ff14db21b04e2d6db7fd0eda37042440c%253A1801%250A%2520%2520%2520%2520at%2520http%253A%252F%252Flocalhost%253A8080%252Fbase%252Fnode_modules%252Fjasmine-core%252Flib%252Fjasmine-core%252Fjasmine.js%253F578a1e5ff14db21b04e2d6db7fd0eda37042440c%253A1745%250A%2520%2520%2520%2520at%2520http%253A%252F%252Flocalhost%253A8080%252Fbase%252Fnode_modules%252Fjasmine-core%252Flib%252Fjasmine-core%252Fjasmine.js%253F578a1e5ff14db21b04e2d6db7fd0eda37042440c%253A2348%250A%2520%2520%2520%2520at%2520clearStack%2520(http%253A%252F%252Flocalhost%253A8080%252Fbase%252Fnode_modules%252Fjasmine-core%252Flib%252Fjasmine-core%252Fjasmine.js%253F578a1e5ff14db21b04e2d6db7fd0eda37042440c%253A605)%250A%2520%2520%2520%2520at%2520http%253A%252F%252Flocalhost%253A8080%252Fbase%252Fnode_modules%252Fjasmine-core%252Flib%252Fjasmine-core%252Fjasmine.js%253F578a1e5ff14db21b04e2d6db7fd0eda37042440c%253A1784%250A%2520%2520%2520%2520at%2520http%253A%252F%252Flocalhost%253A8080%252Fbase%252Fnode_modules%252Fjasmine-core%252Flib%252Fjasmine-core%252Fjasmine.js%253F578a1e5ff14db21b04e2d6db7fd0eda37042440c%253A1762%250A%2520%2520%2520%2520at%2520http%253A%252F%252Flocalhost%253A8080%252Fbase%252Fnode_modules%252Fjasmine-core%252Flib%252Fjasmine-core%252Fjasmine.js%253F578a1e5ff14db21b04e2d6db7fd0eda37042440c%253A627%250A%2520%2520%2520%2520at%2520http%253A%252F%252Flocalhost%253A8080%252Fbase%252Fnode_modules%252Fjasmine-core%252Flib%252Fjasmine-core%252Fjasmine.js%253F578a1e5ff14db21b04e2d6db7fd0eda37042440c%253A2354%250A%2520%2520%2520%2520at%2520attemptAsync%2520(http%253A%252F%252Flocalhost%253A8080%252Fbase%252Fnode_modules%252Fjasmine-core%252Flib%252Fjasmine-core%252Fjasmine.js%253F578a1e5ff14db21b04e2d6db7fd0eda37042440c%253A1819)%250A%2520%2520%2520%2520at%2520http%253A%252F%252Flocalhost%253A8080%252Fbase%252Fnode_modules%252Fjasmine-core%252Flib%252Fjasmine-core%252Fjasmine.js%253F578a1e5ff14db21b04e2d6db7fd0eda37042440c%253A1774%250A%2520%2520%2520%2520at%2520http%253A%252F%252Flocalhost%253A8080%252Fbase%252Fnode_modules%252Fjasmine-core%252Flib%252Fjasmine-core%252Fjasmine.js%253F578a1e5ff14db21b04e2d6db7fd0eda37042440c%253A1801%250A%2520%2520%2520%2520at%2520http%253A%252F%252Flocalhost%253A8080%252Fbase%252Fnode_modules%252Fjasmine-core%252Flib%252Fjasmine-core%252Fjasmine.js%253F578a1e5ff14db21b04e2d6db7fd0eda37042440c%253A1745%250A%2520%2520%2520%2520at%2520http%253A%252F%252Flocalhost%253A8080%252Fbase%252Fnode_modules%252Fjasmine-core%252Flib%252Fjasmine-core%252Fjasmine.js%253F578a1e5ff14db21b04e2d6db7fd0eda37042440c%253A2348%250A%2520%2520%2520%2520at%2520clearStack%2520(http%253A%252F%252Flocalhost%253A8080%252Fbase%252Fnode_modules%252Fjasmine-core%252Flib%252Fjasmine-core%252Fjasmine.js%253F578a1e5ff14db21b04e2d6db7fd0eda37042440c%253A605)%250A%2520%2520%2520%2520at%2520http%253A%252F%252Flocalhost%253A8080%252Fbase%252Fnode_modules%252Fjasmine-core%252Flib%252Fjasmine-core%252Fjasmine.js%253F578a1e5ff14db21b04e2d6db7fd0eda37042440c%253A1784%250A%2520%2520%2520%2520at%2520http%253A%252F%252Flocalhost%253A8080%252Fbase%252Fnode_modules%252Fjasmine-core%252Flib%252Fjasmine-core%252Fjasmine.js%253F578a1e5ff14db21b04e2d6db7fd0eda37042440c%253A1762%250A%2520%2520%2520%2520at%2520http%253A%252F%252Flocalhost%253A8080%252Fbase%252Fnode_modules%252Fjasmine-core%252Flib%252Fjasmine-core%252Fjasmine.js%253F578a1e5ff14db21b04e2d6db7fd0eda37042440c%253A627%250A%2520%2520%2520%2520at%2520http%253A%252F%252Flocalhost%253A8080%252Fbase%252Fnode_modules%252Fjasmine-core%252Flib%252Fjasmine-core%252Fjasmine.js%253F578a1e5ff14db21b04e2d6db7fd0eda37042440c%253A2354%250A%2520%2520%2520%2520at%2520attemptAsync%2520(http%253A%252F%252Flocalhost%253A8080%252Fbase%252Fnode_modules%252Fjasmine-core%252Flib%252Fjasmine-core%252Fjasmine.js%253F578a1e5ff14db21b04e2d6db7fd0eda37042440c%253A1819)%250A%2520%2520%2520%2520at%2520http%253A%252F%252Flocalhost%253A8080%252Fbase%252Fnode_modules%252Fjasmine-core%252Flib%252Fjasmine-core%252Fjasmine.js%253F578a1e5ff14db21b04e2d6db7fd0eda37042440c%253A1774%250A%2520%2520%2520%2520at%2520http%253A%252F%252Flocalhost%253A8080%252Fbase%252Fnode_modules%252Fjasmine-core%252Flib%252Fjasmine-core%252Fjasmine.js%253F578a1e5ff14db21b04e2d6db7fd0eda37042440c%253A1801%250A%2520%2520%2520%2520at%2520http%253A%252F%252Flocalhost%253A8080%252Fbase%252Fnode_modules%252Fjasmine-core%252Flib%252Fjasmine-core%252Fjasmine.js%253F578a1e5ff14db21b04e2d6db7fd0eda37042440c%253A1745%250A%2520%2520%2520%2520at%2520http%253A%252F%252Flocalhost%253A8080%252Fbase%252Fnode_modules%252Fjasmine-core%252Flib%252Fjasmine-core%252Fjasmine.js%253F578a1e5ff14db21b04e2d6db7fd0eda37042440c%253A2348%250A%2520%2520%2520%2520at%2520clearStack%2520(http%253A%252F%252Flocalhost%253A8080%252Fbase%252Fnode_modules%252Fjasmine-core%252Flib%252Fjasmine-core%252Fjasmine.js%253F578a1e5ff14db21b04e2d6db7fd0eda37042440c%253A605)%250A%2520%2520%2520%2520at%2520http%253A%252F%252Flocalhost%253A8080%252Fbase%252Fnode_modules%252Fjasmine-core%252Flib%252Fjasmine-core%252Fjasmine.js%253F578a1e5ff14db21b04e2d6db7fd0eda37042440c%253A1784%250A%2520%2520%2520%2520at%2520http%253A%252F%252Flocalhost%253A8080%252Fbase%252Fnode_modules%252Fjasmine-core%252Flib%252Fjasmine-core%252Fjasmine.js%253F578a1e5ff14db21b04e2d6db7fd0eda37042440c%253A1762%250A%2520%2520%2520%2520at%2520http%253A%252F%252Flocalhost%253A8080%252Fbase%252Fnode_modules%252Fjasmine-core%252Flib%252Fjasmine-core%252Fjasmine.js%253F578a1e5ff14db21b04e2d6db7fd0eda37042440c%253A627%250A%2520%2520%2520%2520at%2520http%253A%252F%252Flocalhost%253A8080%252Fbase%252Fnode_modules%252Fjasmine-core%252Flib%252Fjasmine-core%252Fjasmine.js%253F578a1e5ff14db21b04e2d6db7fd0eda37042440c%253A2354%250A%2520%2520%2520%2520at%2520attemptAsync%2520(http%253A%252F%252Flocalhost%253A8080%252Fbase%252Fnode_modules%252Fjasmine-core%252Flib%252Fjasmine-core%252Fjasmine.js%253F578a1e5ff14db21b04e2d6db7fd0eda37042440c%253A1819)%250A%2520%2520%2520%2520at%2520http%253A%252F%252Flocalhost%253A8080%252Fbase%252Fnode_modules%252Fjasmine-core%252Flib%252Fjasmine-core%252Fjasmine.js%253F578a1e5ff14db21b04e2d6db7fd0eda37042440c%253A1774%250A%2520%2520%2520%2520at%2520http%253A%252F%252Flocalhost%253A8080%252Fbase%252Fnode_modules%252Fjasmine-core%252Flib%252Fjasmine-core%252Fjasmine.js%253F578a1e5ff14db21b04e2d6db7fd0eda37042440c%253A1801%250A%2520%2520%2520%2520at%2520http%253A%252F%252Flocalhost%253A8080%252Fbase%252Fnode_modules%252Fjasmine-core%252Flib%252Fjasmine-core%252Fjasmine.js%253F578a1e5ff14db21b04e2d6db7fd0eda37042440c%253A1745%250A%2520%2520%2520%2520at%2520http%253A%252F%252Flocalhost%253A8080%252Fbase%252Fnode_modules%252Fjasmine-core%252Flib%252Fjasmine-core%252Fjasmine.js%253F578a1e5ff14db21b04e2d6db7fd0eda37042440c%253A2348%250A%2520%2520%2520%2520at%2520clearStack%2520(http%253A%252F%252Flocalhost%253A8080%252Fbase%252Fnode_modules%252Fjasmine-core%252Flib%252Fjasmine-core%252Fjasmine.js%253F578a1e5ff14db21b04e2d6db7fd0eda37042440c%253A605)%250A%2520%2520%2520%2520at%2520http%253A%252F%252Flocalhost%253A8080%252Fbase%252Fnode_modules%252Fjasmine-core%252Flib%252Fjasmine-core%252Fjasmine.js%253F578a1e5ff14db21b04e2d6db7fd0eda37042440c%253A1784%250A%2520%2520%2520%2520at%2520http%253A%252F%252Flocalhost%253A8080%252Fbase%252Fnode_modules%252Fjasmine-core%252Flib%252Fjasmine-core%252Fjasmine.js%253F578a1e5ff14db21b04e2d6db7fd0eda37042440c%253A1762%250A%2520%2520%2520%2520at%2520http%253A%252F%252Flocalhost%253A8080%252Fbase%252Fnode_modules%252Fjasmine-core%252Flib%252Fjasmine-core%252Fjasmine.js%253F578a1e5ff14db21b04e2d6db7fd0eda37042440c%253A627%250A%2520%2520%2520%2520at%2520http%253A%252F%252Flocalhost%253A8080%252Fbase%252Fnode_modules%252Fjasmine-core%252Flib%252Fjasmine-core%252Fjasmine.js%253F578a1e5ff14db21b04e2d6db7fd0eda37042440c%253A2354%250A%2520%2520%2520%2520at%2520attemptAsync%2520(http%253A%252F%252Flocalhost%253A8080%252Fbase%252Fnode_modules%252Fjasmine-core%252Flib%252Fjasmine-core%252Fjasmine.js%253F578a1e5ff14db21b04e2d6db7fd0eda37042440c%253A1819)%250A%2520%2520%2520%2520at%2520http%253A%252F%252Flocalhost%253A8080%252Fbase%252Fnode_modules%252Fjasmine-core%252Flib%252Fjasmine-core%252Fjasmine.js%253F578a1e5ff14db21b04e2d6db7fd0eda37042440c%253A1774%250A%2520%2520%2520%2520at%2520http%253A%252F%252Flocalhost%253A8080%252Fbase%252Fnode_modules%252Fjasmine-core%252Flib%252Fjasmine-core%252Fjasmine.js%253F578a1e5ff14db21b04e2d6db7fd0eda37042440c%253A1801%250A%2520%2520%2520%2520at%2520http%253A%252F%252Flocalhost%253A8080%252Fbase%252Fnode_modules%252Fjasmine-core%252Flib%252Fjasmine-core%252Fjasmine.js%253F578a1e5ff14db21b04e2d6db7fd0eda37042440c%253A1745%250A%2520%2520%2520%2520at%2520http%253A%252F%252Flocalhost%253A8080%252Fbase%252Fnode_modules%252Fjasmine-core%252Flib%252Fjasmine-core%252Fjasmine.js%253F578a1e5ff14db21b04e2d6db7fd0eda37042440c%253A2348%250A%2520%2520%2520%2520at%2520clearStack%2520(http%253A%252F%252Flocalhost%253A8080%252Fbase%252Fnode_modules%252Fjasmine-core%252Flib%252Fjasmine-core%252Fjasmine.js%253F578a1e5ff14db21b04e2d6db7fd0eda37042440c%253A605)%250A%2520%2520%2520%2520at%2520http%253A%252F%252Flocalhost%253A8080%252Fbase%252Fnode_modules%252Fjasmine-core%252Flib%252Fjasmine-core%252Fjasmine.js%253F578a1e5ff14db21b04e2d6db7fd0eda37042440c%253A1784%250A%2520%2520%2520%2520at%2520http%253A%252F%252Flocalhost%253A8080%252Fbase%252Fnode_modules%252Fjasmine-core%252Flib%252Fjasmine-core%252Fjasmine.js%253F578a1e5ff14db21b04e2d6db7fd0eda37042440c%253A1762%250A%2520%2520%2520%2520at%2520http%253A%252F%252Flocalhost%253A8080%252Fbase%252Fnode_modules%252Fjasmine-core%252Flib%252Fjasmine-core%252Fjasmine.js%253F578a1e5ff14db21b04e2d6db7fd0eda37042440c%253A627%250A%2520%2520%2520%2520at%2520http%253A%252F%252Flocalhost%253A8080%252Fbase%252Fnode_modules%252Fjasmine-core%252Flib%252Fjasmine-core%252Fjasmine.js%253F578a1e5ff14db21b04e2d6db7fd0eda37042440c%253A2354%250A%2520%2520%2520%2520at%2520attemptAsync%2520(http%253A%252F%252Flocalhost%253A8080%252Fbase%252Fnode_modules%252Fjasmine-core%252Flib%252Fjasmine-core%252Fjasmine.js%253F578a1e5ff14db21b04e2d6db7fd0eda37042440c%253A1819)%250A%2520%2520%2520%2520at%2520http%253A%252F%252Flocalhost%253A8080%252Fbase%252Fnode_modules%252Fjasmine-core%252Flib%252Fjasmine-core%252Fjasmine.js%253F578a1e5ff14db21b04e2d6db7fd0eda37042440c%253A1774%250A%2520%2520%2520%2520at%2520http%253A%252F%252Flocalhost%253A8080%252Fbase%252Fnode_modules%252Fjasmine-core%252Flib%252Fjasmine-core%252Fjasmine.js%253F578a1e5ff14db21b04e2d6db7fd0eda37042440c%253A1762%250A%2520%2520%2520%2520at%2520http%253A%252F%252Flocalhost%253A8080%252Fbase%252Fnode_modules%252Fjasmine-core%252Flib%252Fjasmine-core%252Fjasmine.js%253F578a1e5ff14db21b04e2d6db7fd0eda37042440c%253A627%250A%2520%2520%2520%2520at%2520http%253A%252F%252Flocalhost%253A8080%252Fbase%252Fnode_modules%252Fjasmine-core%252Flib%252Fjasmine-core%252Fjasmine.js%253F578a1e5ff14db21b04e2d6db7fd0eda37042440c%253A2215%250A%2520%2520%2520%2520at%2520http%253A%252F%252Flocalhost%253A8080%252Fbase%252Fnode_modules%252Fjasmine-core%252Flib%252Fjasmine-core%252Fjasmine.js%253F578a1e5ff14db21b04e2d6db7fd0eda37042440c%253A678%250A%2520%2520%2520%2520at%2520http%253A%252F%252Flocalhost%253A8080%252Fbase%252Fnode_modules%252Fkarma-jasmine%252Flib%252Fadapter.js%253F0a69ad1fa10cc8be0a12b241227d3b834f82db4f%253A317%250A%2520%2520%2520%2520at%2520http%253A%252F%252Flocalhost%253A8080%252Fkarma.js%253A185%250A%2520%2520%2520%2520at%2520http%253A%252F%252Flocalhost%253A8080%252Fcontext.html%253A127%0A%20%20%20%20at%20http%3A%2F%2Flocalhost%3A8080%2Fbase%2Fapp%2Fvendor%2Fangular%2Fangular.js%3F9d140432f81858ac1e7888708720d419d147ffa9%3A4379%0A%20%20%20%20at%20forEach%20(http%3A%2F%2Flocalhost%3A8080%2Fbase%2Fapp%2Fvendor%2Fangular%2Fangular.js%3F9d140432f81858ac1e7888708720d419d147ffa9%3A336)%0A%20%20%20%20at%20loadModules%20(http%3A%2F%2Flocalhost%3A8080%2Fbase%2Fapp%2Fvendor%2Fangular%2Fangular.js%3F9d140432f81858ac1e7888708720d419d147ffa9%3A4381)%0A%20%20%20%20at%20http%3A%2F%2Flocalhost%3A8080%2Fbase%2Fapp%2Fvendor%2Fangular%2Fangular.js%3F9d140432f81858ac1e7888708720d419d147ffa9%3A4356%0A%20%20%20%20at%20forEach%20(http%3A%2F%2Flocalhost%3A8080%2Fbase%2Fapp%2Fvendor%2Fangular%2Fangular.js%3F9d140432f81858ac1e7888708720d419d147ffa9%3A336)%0A%20%20%20%20at%20loadModules%20(http%3A%2F%2Flocalhost%3A8080%2Fbase%2Fapp%2Fvendor%2Fangular%2Fangular.js%3F9d140432f81858ac1e7888708720d419d147ffa9%3A4381)%0A%20%20%20%20at%20createInjector%20(http%3A%2F%2Flocalhost%3A8080%2Fbase%2Fapp%2Fvendor%2Fangular%2Fangular.js%3F9d140432f81858ac1e7888708720d419d147ffa9%3A4265)%0A%20%20%20%20at%20workFn%20(http%3A%2F%2Flocalhost%3A8080%2Fbase%2Fapp%2Fvendor%2Fangular-mocks%2Fangular-mocks.js%3F6fe041cc8bb7a17f894cb12d8b0d44b12644f10a%3A2409)%0A%20%20%20%20at%20attemptSync%20(http%3A%2F%2Flocalhost%3A8080%2Fbase%2Fnode_modules%2Fjasmine-core%2Flib%2Fjasmine-core%2Fjasmine.js%3F578a1e5ff14db21b04e2d6db7fd0eda37042440c%3A1789)%0A%20%20%20%20at%20http%3A%2F%2Flocalhost%3A8080%2Fbase%2Fnode_modules%2Fjasmine-core%2Flib%2Fjasmine-core%2Fjasmine.js%3F578a1e5ff14db21b04e2d6db7fd0eda37042440c%3A1777%0A%20%20%20%20at%20http%3A%2F%2Flocalhost%3A8080%2Fbase%2Fnode_modules%2Fjasmine-core%2Flib%2Fjasmine-core%2Fjasmine.js%3F578a1e5ff14db21b04e2d6db7fd0eda37042440c%3A1762%0A%20%20%20%20at%20http%3A%2F%2Flocalhost%3A8080%2Fbase%2Fnode_modules%2Fjasmine-core%2Flib%2Fjasmine-core%2Fjasmine.js%3F578a1e5ff14db21b04e2d6db7fd0eda37042440c%3A627%0A%20%20%20%20at%20http%3A%2F%2Flocalhost%3A8080%2Fbase%2Fnode_modules%2Fjasmine-core%2Flib%2Fjasmine-core%2Fjasmine.js%3F578a1e5ff14db21b04e2d6db7fd0eda37042440c%3A357%0A%20%20%20%20at%20http%3A%2F%2Flocalhost%3A8080%2Fbase%2Fnode_modules%2Fjasmine-core%2Flib%2Fjasmine-core%2Fjasmine.js%3F578a1e5ff14db21b04e2d6db7fd0eda37042440c%3A2360%0A%20%20%20%20at%20attemptAsync%20(http%3A%2F%2Flocalhost%3A8080%2Fbase%2Fnode_modules%2Fjasmine-core%2Flib%2Fjasmine-core%2Fjasmine.js%3F578a1e5ff14db21b04e2d6db7fd0eda37042440c%3A1819)%0A%20%20%20%20at%20http%3A%2F%2Flocalhost%3A8080%2Fbase%2Fnode_modules%2Fjasmine-core%2Flib%2Fjasmine-core%2Fjasmine.js%3F578a1e5ff14db21b04e2d6db7fd0eda37042440c%3A1774%0A%20%20%20%20at%20http%3A%2F%2Flocalhost%3A8080%2Fbase%2Fnode_modules%2Fjasmine-core%2Flib%2Fjasmine-core%2Fjasmine.js%3F578a1e5ff14db21b04e2d6db7fd0eda37042440c%3A1762%0A%20%20%20%20at%20http%3A%2F%2Flocalhost%3A8080%2Fbase%2Fnode_modules%2Fjasmine-core%2Flib%2Fjasmine-core%2Fjasmine.js%3F578a1e5ff14db21b04e2d6db7fd0eda37042440c%3A627%0A%20%20%20%20at%20http%3A%2F%2Flocalhost%3A8080%2Fbase%2Fnode_modules%2Fjasmine-core%2Flib%2Fjasmine-core%2Fjasmine.js%3F578a1e5ff14db21b04e2d6db7fd0eda37042440c%3A2354%0A%20%20%20%20at%20attemptAsync%20(http%3A%2F%2Flocalhost%3A8080%2Fbase%2Fnode_modules%2Fjasmine-core%2Flib%2Fjasmine-core%2Fjasmine.js%3F578a1e5ff14db21b04e2d6db7fd0eda37042440c%3A1819)%0A%20%20%20%20at%20http%3A%2F%2Flocalhost%3A8080%2Fbase%2Fnode_modules%2Fjasmine-core%2Flib%2Fjasmine-core%2Fjasmine.js%3F578a1e5ff14db21b04e2d6db7fd0eda37042440c%3A1774%0A%20%20%20%20at%20http%3A%2F%2Flocalhost%3A8080%2Fbase%2Fnode_modules%2Fjasmine-core%2Flib%2Fjasmine-core%2Fjasmine.js%3F578a1e5ff14db21b04e2d6db7fd0eda37042440c%3A1801%0A%20%20%20%20at%20http%3A%2F%2Flocalhost%3A8080%2Fbase%2Fnode_modules%2Fjasmine-core%2Flib%2Fjasmine-core%2Fjasmine.js%3F578a1e5ff14db21b04e2d6db7fd0eda37042440c%3A1745%0A%20%20%20%20at%20http%3A%2F%2Flocalhost%3A8080%2Fbase%2Fnode_modules%2Fjasmine-core%2Flib%2Fjasmine-core%2Fjasmine.js%3F578a1e5ff14db21b04e2d6db7fd0eda37042440c%3A2348%0A%20%20%20%20at%20clearStack%20(http%3A%2F%2Flocalhost%3A8080%2Fbase%2Fnode_modules%2Fjasmine-core%2Flib%2Fjasmine-core%2Fjasmine.js%3F578a1e5ff14db21b04e2d6db7fd0eda37042440c%3A605)%0A%20%20%20%20at%20http%3A%2F%2Flocalhost%3A8080%2Fbase%2Fnode_modules%2Fjasmine-core%2Flib%2Fjasmine-core%2Fjasmine.js%3F578a1e5ff14db21b04e2d6db7fd0eda37042440c%3A1784%0A%20%20%20%20at%20http%3A%2F%2Flocalhost%3A8080%2Fbase%2Fnode_modules%2Fjasmine-core%2Flib%2Fjasmine-core%2Fjasmine.js%3F578a1e5ff14db21b04e2d6db7fd0eda37042440c%3A1762%0A%20%20%20%20at%20http%3A%2F%2Flocalhost%3A8080%2Fbase%2Fnode_modules%2Fjasmine-core%2Flib%2Fjasmine-core%2Fjasmine.js%3F578a1e5ff14db21b04e2d6db7fd0eda37042440c%3A627%0A%20%20%20%20at%20http%3A%2F%2Flocalhost%3A8080%2Fbase%2Fnode_modules%2Fjasmine-core%2Flib%2Fjasmine-core%2Fjasmine.js%3F578a1e5ff14db21b04e2d6db7fd0eda37042440c%3A2354%0A%20%20%20%20at%20attemptAsync%20(http%3A%2F%2Flocalhost%3A8080%2Fbase%2Fnode_modules%2Fjasmine-core%2Flib%2Fjasmine-core%2Fjasmine.js%3F578a1e5ff14db21b04e2d6db7fd0eda37042440c%3A1819)%0A%20%20%20%20at%20http%3A%2F%2Flocalhost%3A8080%2Fbase%2Fnode_modules%2Fjasmine-core%2Flib%2Fjasmine-core%2Fjasmine.js%3F578a1e5ff14db21b04e2d6db7fd0eda37042440c%3A1774%0A%20%20%20%20at%20http%3A%2F%2Flocalhost%3A8080%2Fbase%2Fnode_modules%2Fjasmine-core%2Flib%2Fjasmine-core%2Fjasmine.js%3F578a1e5ff14db21b04e2d6db7fd0eda37042440c%3A1801%0A%20%20%20%20at%20http%3A%2F%2Flocalhost%3A8080%2Fbase%2Fnode_modules%2Fjasmine-core%2Flib%2Fjasmine-core%2Fjasmine.js%3F578a1e5ff14db21b04e2d6db7fd0eda37042440c%3A1745%0A%20%20%20%20at%20http%3A%2F%2Flocalhost%3A8080%2Fbase%2Fnode_modules%2Fjasmine-core%2Flib%2Fjasmine-core%2Fjasmine.js%3F578a1e5ff14db21b04e2d6db7fd0eda37042440c%3A2348%0A%20%20%20%20at%20clearStack%20(http%3A%2F%2Flocalhost%3A8080%2Fbase%2Fnode_modules%2Fjasmine-core%2Flib%2Fjasmine-core%2Fjasmine.js%3F578a1e5ff14db21b04e2d6db7fd0eda37042440c%3A605)%0A%20%20%20%20at%20http%3A%2F%2Flocalhost%3A8080%2Fbase%2Fnode_modules%2Fjasmine-core%2Flib%2Fjasmine-core%2Fjasmine.js%3F578a1e5ff14db21b04e2d6db7fd0eda37042440c%3A1784%0A%20%20%20%20at%20http%3A%2F%2Flocalhost%3A8080%2Fbase%2Fnode_modules%2Fjasmine-core%2Flib%2Fjasmine-core%2Fjasmine.js%3F578a1e5ff14db21b04e2d6db7fd0eda37042440c%3A1762%0A%20%20%20%20at%20http%3A%2F%2Flocalhost%3A8080%2Fbase%2Fnode_modules%2Fjasmine-core%2Flib%2Fjasmine-core%2Fjasmine.js%3F578a1e5ff14db21b04e2d6db7fd0eda37042440c%3A627%0A%20%20%20%20at%20http%3A%2F%2Flocalhost%3A8080%2Fbase%2Fnode_modules%2Fjasmine-core%2Flib%2Fjasmine-core%2Fjasmine.js%3F578a1e5ff14db21b04e2d6db7fd0eda37042440c%3A2354%0A%20%20%20%20at%20attemptAsync%20(http%3A%2F%2Flocalhost%3A8080%2Fbase%2Fnode_modules%2Fjasmine-core%2Flib%2Fjasmine-core%2Fjasmine.js%3F578a1e5ff14db21b04e2d6db7fd0eda37042440c%3A1819)%0A%20%20%20%20at%20http%3A%2F%2Flocalhost%3A8080%2Fbase%2Fnode_modules%2Fjasmine-core%2Flib%2Fjasmine-core%2Fjasmine.js%3F578a1e5ff14db21b04e2d6db7fd0eda37042440c%3A1774%0A%20%20%20%20at%20http%3A%2F%2Flocalhost%3A8080%2Fbase%2Fnode_modules%2Fjasmine-core%2Flib%2Fjasmine-core%2Fjasmine.js%3F578a1e5ff14db21b04e2d6db7fd0eda37042440c%3A1801%0A%20%20%20%20at%20http%3A%2F%2Flocalhost%3A8080%2Fbase%2Fnode_modules%2Fjasmine-core%2Flib%2Fjasmine-core%2Fjasmine.js%3F578a1e5ff14db21b04e2d6db7fd0eda37042440c%3A1745%0A%20%20%20%20at%20http%3A%2F%2Flocalhost%3A8080%2Fbase%2Fnode_modules%2Fjasmine-core%2Flib%2Fjasmine-core%2Fjasmine.js%3F578a1e5ff14db21b04e2d6db7fd0eda37042440c%3A2348%0A%20%20%20%20at%20clearStack%20(http%3A%2F%2Flocalhost%3A8080%2Fbase%2Fnode_modules%2Fjasmine-core%2Flib%2Fjasmine-core%2Fjasmine.js%3F578a1e5ff14db21b04e2d6db7fd0eda37042440c%3A605)%0A%20%20%20%20at%20http%3A%2F%2Flocalhost%3A8080%2Fbase%2Fnode_modules%2Fjasmine-core%2Flib%2Fjasmine-core%2Fjasmine.js%3F578a1e5ff14db21b04e2d6db7fd0eda37042440c%3A1784%0A%20%20%20%20at%20http%3A%2F%2Flocalhost%3A8080%2Fbase%2Fnode_modules%2Fjasmine-core%2Flib%2Fjasmine-core%2Fjasmine.js%3F578a1e5ff14db21b04e2d6db7fd0eda37042440c%3A1801%0A%20%20%20%20at%20http%3A%2F%2Flocalhost%3A8080%2Fbase%2Fnode_modules%2Fjasmine-core%2Flib%2Fjasmine-core%2Fjasmine.js%3F578a1e5ff14db21b04e2d6db7fd0eda37042440c%3A1745%0A%20%20%20%20at%20complete%20(http%3A%2F%2Flocalhost%3A8080%2Fbase%2Fnode_modules%2Fjasmine-core%2Flib%2Fjasmine-core%2Fjasmine.js%3F578a1e5ff14db21b04e2d6db7fd0eda37042440c%3A365)%0A%20%20%20%20at%20clearStack%20(http%3A%2F%2Flocalhost%3A8080%2Fbase%2Fnode_modules%2Fjasmine-core%2Flib%2Fjasmine-core%2Fjasmine.js%3F578a1e5ff14db21b04e2d6db7fd0eda37042440c%3A605)%0A%20%20%20%20at%20http%3A%2F%2Flocalhost%3A8080%2Fbase%2Fnode_modules%2Fjasmine-core%2Flib%2Fjasmine-core%2Fjasmine.js%3F578a1e5ff14db21b04e2d6db7fd0eda37042440c%3A1784%0A%20%20%20%20at%20http%3A%2F%2Flocalhost%3A8080%2Fbase%2Fnode_modules%2Fjasmine-core%2Flib%2Fjasmine-core%2Fjasmine.js%3F578a1e5ff14db21b04e2d6db7fd0eda37042440c%3A1762%0A%20%20%20%20at%20http%3A%2F%2Flocalhost%3A8080%2Fbase%2Fnode_modules%2Fjasmine-core%2Flib%2Fjasmine-core%2Fjasmine.js%3F578a1e5ff14db21b04e2d6db7fd0eda37042440c%3A627%0A%20%20%20%20at%20http%3A%2F%2Flocalhost%3A8080%2Fbase%2Fnode_modules%2Fjasmine-core%2Flib%2Fjasmine-core%2Fjasmine.js%3F578a1e5ff14db21b04e2d6db7fd0eda37042440c%3A357%0A%20%20%20%20at%20http%3A%2F%2Flocalhost%3A8080%2Fbase%2Fnode_modules%2Fjasmine-core%2Flib%2Fjasmine-core%2Fjasmine.js%3F578a1e5ff14db21b04e2d6db7fd0eda37042440c%3A2360%0A%20%20%20%20at%20attemptAsync%20(http%3A%2F%2Flocalhost%3A8080%2Fbase%2Fnode_modules%2Fjasmine-core%2Flib%2Fjasmine-core%2Fjasmine.js%3F578a1e5ff14db21b04e2d6db7fd0eda37042440c%3A1819)%0A%20%20%20%20at%20http%3A%2F%2Flocalhost%3A8080%2Fbase%2Fnode_modules%2Fjasmine-core%2Flib%2Fjasmine-core%2Fjasmine.js%3F578a1e5ff14db21b04e2d6db7fd0eda37042440c%3A1774%0A%20%20%20%20at%20http%3A%2F%2Flocalhost%3A8080%2Fbase%2Fnode_modules%2Fjasmine-core%2Flib%2Fjasmine-core%2Fjasmine.js%3F578a1e5ff14db21b04e2d6db7fd0eda37042440c%3A1801%0A%20%20%20%20at%20http%3A%2F%2Flocalhost%3A8080%2Fbase%2Fnode_modules%2Fjasmine-core%2Flib%2Fjasmine-core%2Fjasmine.js%3F578a1e5ff14db21b04e2d6db7fd0eda37042440c%3A1745%0A%20%20%20%20at%20complete%20(http%3A%2F%2Flocalhost%3A8080%2Fbase%2Fnode_modules%2Fjasmine-core%2Flib%2Fjasmine-core%2Fjasmine.js%3F578a1e5ff14db21b04e2d6db7fd0eda37042440c%3A365)%0A%20%20%20%20at%20clearStack%20(http%3A%2F%2Flocalhost%3A8080%2Fbase%2Fnode_modules%2Fjasmine-core%2Flib%2Fjasmine-core%2Fjasmine.js%3F578a1e5ff14db21b04e2d6db7fd0eda37042440c%3A605)%0A%20%20%20%20at%20http%3A%2F%2Flocalhost%3A8080%2Fbase%2Fnode_modules%2Fjasmine-core%2Flib%2Fjasmine-core%2Fjasmine.js%3F578a1e5ff14db21b04e2d6db7fd0eda37042440c%3A1784%0A%20%20%20%20at%20http%3A%2F%2Flocalhost%3A8080%2Fbase%2Fnode_modules%2Fjasmine-core%2Flib%2Fjasmine-core%2Fjasmine.js%3F578a1e5ff14db21b04e2d6db7fd0eda37042440c%3A1762%0A%20%20%20%20at%20http%3A%2F%2Flocalhost%3A8080%2Fbase%2Fnode_modules%2Fjasmine-core%2Flib%2Fjasmine-core%2Fjasmine.js%3F578a1e5ff14db21b04e2d6db7fd0eda37042440c%3A627%0A%20%20%20%20at%20http%3A%2F%2Flocalhost%3A8080%2Fbase%2Fnode_modules%2Fjasmine-core%2Flib%2Fjasmine-core%2Fjasmine.js%3F578a1e5ff14db21b04e2d6db7fd0eda37042440c%3A357%0A%20%20%20%20at%20http%3A%2F%2Flocalhost%3A8080%2Fbase%2Fnode_modules%2Fjasmine-core%2Flib%2Fjasmine-core%2Fjasmine.js%3F578a1e5ff14db21b04e2d6db7fd0eda37042440c%3A2360%0A%20%20%20%20at%20attemptAsync%20(http%3A%2F%2Flocalhost%3A8080%2Fbase%2Fnode_modules%2Fjasmine-core%2Flib%2Fjasmine-core%2Fjasmine.js%3F578a1e5ff14db21b04e2d6db7fd0eda37042440c%3A1819)%0A%20%20%20%20at%20http%3A%2F%2Flocalhost%3A8080%2Fbase%2Fnode_modules%2Fjasmine-core%2Flib%2Fjasmine-core%2Fjasmine.js%3F578a1e5ff14db21b04e2d6db7fd0eda37042440c%3A1774%0A%20%20%20%20at%20http%3A%2F%2Flocalhost%3A8080%2Fbase%2Fnode_modules%2Fjasmine-core%2Flib%2Fjasmine-core%2Fjasmine.js%3F578a1e5ff14db21b04e2d6db7fd0eda37042440c%3A1762%0A%20%20%20%20at%20http%3A%2F%2Flocalhost%3A8080%2Fbase%2Fnode_modules%2Fjasmine-core%2Flib%2Fjasmine-core%2Fjasmine.js%3F578a1e5ff14db21b04e2d6db7fd0eda37042440c%3A627%0A%20%20%20%20at%20http%3A%2F%2Flocalhost%3A8080%2Fbase%2Fnode_modules%2Fjasmine-core%2Flib%2Fjasmine-core%2Fjasmine.js%3F578a1e5ff14db21b04e2d6db7fd0eda37042440c%3A2354%0A%20%20%20%20at%20attemptAsync%20(http%3A%2F%2Flocalhost%3A8080%2Fbase%2Fnode_modules%2Fjasmine-core%2Flib%2Fjasmine-core%2Fjasmine.js%3F578a1e5ff14db21b04e2d6db7fd0eda37042440c%3A1819)%0A%20%20%20%20at%20http%3A%2F%2Flocalhost%3A8080%2Fbase%2Fnode_modules%2Fjasmine-core%2Flib%2Fjasmine-core%2Fjasmine.js%3F578a1e5ff14db21b04e2d6db7fd0eda37042440c%3A1774%0A%20%20%20%20at%20http%3A%2F%2Flocalhost%3A8080%2Fbase%2Fnode_modules%2Fjasmine-core%2Flib%2Fjasmine-core%2Fjasmine.js%3F578a1e5ff14db21b04e2d6db7fd0eda37042440c%3A1801%0A%20%20%20%20at%20http%3A%2F%2Flocalhost%3A8080%2Fbase%2Fnode_modules%2Fjasmine-core%2Flib%2Fjasmine-core%2Fjasmine.js%3F578a1e5ff14db21b04e2d6db7fd0eda37042440c%3A1745%0A%20%20%20%20at%20http%3A%2F%2Flocalhost%3A8080%2Fbase%2Fnode_modules%2Fjasmine-core%2Flib%2Fjasmine-core%2Fjasmine.js%3F578a1e5ff14db21b04e2d6db7fd0eda37042440c%3A2348%0A%20%20%20%20at%20clearStack%20(http%3A%2F%2Flocalhost%3A8080%2Fbase%2Fnode_modules%2Fjasmine-core%2Flib%2Fjasmine-core%2Fjasmine.js%3F578a1e5ff14db21b04e2d6db7fd0eda37042440c%3A605)%0A%20%20%20%20at%20http%3A%2F%2Flocalhost%3A8080%2Fbase%2Fnode_modules%2Fjasmine-core%2Flib%2Fjasmine-core%2Fjasmine.js%3F578a1e5ff14db21b04e2d6db7fd0eda37042440c%3A1784%0A%20%20%20%20at%20http%3A%2F%2Flocalhost%3A8080%2Fbase%2Fnode_modules%2Fjasmine-core%2Flib%2Fjasmine-core%2Fjasmine.js%3F578a1e5ff14db21b04e2d6db7fd0eda37042440c%3A1762%0A%20%20%20%20at%20http%3A%2F%2Flocalhost%3A8080%2Fbase%2Fnode_modules%2Fjasmine-core%2Flib%2Fjasmine-core%2Fjasmine.js%3F578a1e5ff14db21b04e2d6db7fd0eda37042440c%3A627%0A%20%20%20%20at%20http%3A%2F%2Flocalhost%3A8080%2Fbase%2Fnode_modules%2Fjasmine-core%2Flib%2Fjasmine-core%2Fjasmine.js%3F578a1e5ff14db21b04e2d6db7fd0eda37042440c%3A2354%0A%20%20%20%20at%20attemptAsync%20(http%3A%2F%2Flocalhost%3A8080%2Fbase%2Fnode_modules%2Fjasmine-core%2Flib%2Fjasmine-core%2Fjasmine.js%3F578a1e5ff14db21b04e2d6db7fd0eda37042440c%3A1819)%0A%20%20%20%20at%20http%3A%2F%2Flocalhost%3A8080%2Fbase%2Fnode_modules%2Fjasmine-core%2Flib%2Fjasmine-core%2Fjasmine.js%3F578a1e5ff14db21b04e2d6db7fd0eda37042440c%3A1774%0A%20%20%20%20at%20http%3A%2F%2Flocalhost%3A8080%2Fbase%2Fnode_modules%2Fjasmine-core%2Flib%2Fjasmine-core%2Fjasmine.js%3F578a1e5ff14db21b04e2d6db7fd0eda37042440c%3A1801%0A%20%20%20%20at%20http%3A%2F%2Flocalhost%3A8080%2Fbase%2Fnode_modules%2Fjasmine-core%2Flib%2Fjasmine-core%2Fjasmine.js%3F578a1e5ff14db21b04e2d6db7fd0eda37042440c%3A1745%0A%20%20%20%20at%20http%3A%2F%2Flocalhost%3A8080%2Fbase%2Fnode_modules%2Fjasmine-core%2Flib%2Fjasmine-core%2Fjasmine.js%3F578a1e5ff14db21b04e2d6db7fd0eda37042440c%3A2348%0A%20%20%20%20at%20clearStack%20(http%3A%2F%2Flocalhost%3A8080%2Fbase%2Fnode_modules%2Fjasmine-core%2Flib%2Fjasmine-core%2Fjasmine.js%3F578a1e5ff14db21b04e2d6db7fd0eda37042440c%3A605)%0A%20%20%20%20at%20http%3A%2F%2Flocalhost%3A8080%2Fbase%2Fnode_modules%2Fjasmine-core%2Flib%2Fjasmine-core%2Fjasmine.js%3F578a1e5ff14db21b04e2d6db7fd0eda37042440c%3A1784%0A%20%20%20%20at%20http%3A%2F%2Flocalhost%3A8080%2Fbase%2Fnode_modules%2Fjasmine-core%2Flib%2Fjasmine-core%2Fjasmine.js%3F578a1e5ff14db21b04e2d6db7fd0eda37042440c%3A1762%0A%20%20%20%20at%20http%3A%2F%2Flocalhost%3A8080%2Fbase%2Fnode_modules%2Fjasmine-core%2Flib%2Fjasmine-core%2Fjasmine.js%3F578a1e5ff14db21b04e2d6db7fd0eda37042440c%3A627%0A%20%20%20%20at%20http%3A%2F%2Flocalhost%3A8080%2Fbase%2Fnode_modules%2Fjasmine-core%2Flib%2Fjasmine-core%2Fjasmine.js%3F578a1e5ff14db21b04e2d6db7fd0eda37042440c%3A2354%0A%20%20%20%20at%20attemptAsync%20(http%3A%2F%2Flocalhost%3A8080%2Fbase%2Fnode_modules%2Fjasmine-core%2Flib%2Fjasmine-core%2Fjasmine.js%3F578a1e5ff14db21b04e2d6db7fd0eda37042440c%3A1819)%0A%20%20%20%20at%20http%3A%2F%2Flocalhost%3A8080%2Fbase%2Fnode_modules%2Fjasmine-core%2Flib%2Fjasmine-core%2Fjasmine.js%3F578a1e5ff14db21b04e2d6db7fd0eda37042440c%3A1774%0A%20%20%20%20at%20http%3A%2F%2Flocalhost%3A8080%2Fbase%2Fnode_modules%2Fjasmine-core%2Flib%2Fjasmine-core%2Fjasmine.js%3F578a1e5ff14db21b04e2d6db7fd0eda37042440c%3A1801%0A%20%20%20%20at%20http%3A%2F%2Flocalhost%3A8080%2Fbase%2Fnode_modules%2Fjasmine-core%2Flib%2Fjasmine-core%2Fjasmine.js%3F578a1e5ff14db21b04e2d6db7fd0eda37042440c%3A1745%0A%20%20%20%20at%20http%3A%2F%2Flocalhost%3A8080%2Fbase%2Fnode_modules%2Fjasmine-core%2Flib%2Fjasmine-core%2Fjasmine.js%3F578a1e5ff14db21b04e2d6db7fd0eda37042440c%3A2348%0A%20%20%20%20at%20clearStack%20(http%3A%2F%2Flocalhost%3A8080%2Fbase%2Fnode_modules%2Fjasmine-core%2Flib%2Fjasmine-core%2Fjasmine.js%3F578a1e5ff14db21b04e2d6db7fd0eda37042440c%3A605)%0A%20%20%20%20at%20http%3A%2F%2Flocalhost%3A8080%2Fbase%2Fnode_modules%2Fjasmine-core%2Flib%2Fjasmine-core%2Fjasmine.js%3F578a1e5ff14db21b04e2d6db7fd0eda37042440c%3A1784%0A%20%20%20%20at%20http%3A%2F%2Flocalhost%3A8080%2Fbase%2Fnode_modules%2Fjasmine-core%2Flib%2Fjasmine-core%2Fjasmine.js%3F578a1e5ff14db21b04e2d6db7fd0eda37042440c%3A1762%0A%20%20%20%20at%20http%3A%2F%2Flocalhost%3A8080%2Fbase%2Fnode_modules%2Fjasmine-core%2Flib%2Fjasmine-core%2Fjasmine.js%3F578a1e5ff14db21b04e2d6db7fd0eda37042440c%3A627%0A%20%20%20%20at%20http%3A%2F%2Flocalhost%3A8080%2Fbase%2Fnode_modules%2Fjasmine-core%2Flib%2Fjasmine-core%2Fjasmine.js%3F578a1e5ff14db21b04e2d6db7fd0eda37042440c%3A2354%0A%20%20%20%20at%20attemptAsync%20(http%3A%2F%2Flocalhost%3A8080%2Fbase%2Fnode_modules%2Fjasmine-core%2Flib%2Fjasmine-core%2Fjasmine.js%3F578a1e5ff14db21b04e2d6db7fd0eda37042440c%3A1819)%0A%20%20%20%20at%20http%3A%2F%2Flocalhost%3A8080%2Fbase%2Fnode_modules%2Fjasmine-core%2Flib%2Fjasmine-core%2Fjasmine.js%3F578a1e5ff14db21b04e2d6db7fd0eda37042440c%3A1774%0A%20%20%20%20at%20http%3A%2F%2Flocalhost%3A8080%2Fbase%2Fnode_modules%2Fjasmine-core%2Flib%2Fjasmine-core%2Fjasmine.js%3F578a1e5ff14db21b04e2d6db7fd0eda37042440c%3A1801%0A%20%20%20%20at%20http%3A%2F%2Flocalhost%3A8080%2Fbase%2Fnode_modules%2Fjasmine-core%2Flib%2Fjasmine-core%2Fjasmine.js%3F578a1e5ff14db21b04e2d6db7fd0eda37042440c%3A1745%0A%20%20%20%20at%20http%3A%2F%2Flocalhost%3A8080%2Fbase%2Fnode_modules%2Fjasmine-core%2Flib%2Fjasmine-core%2Fjasmine.js%3F578a1e5ff14db21b04e2d6db7fd0eda37042440c%3A2348%0A%20%20%20%20at%20clearStack%20(http%3A%2F%2Flocalhost%3A8080%2Fbase%2Fnode_modules%2Fjasmine-core%2Flib%2Fjasmine-core%2Fjasmine.js%3F578a1e5ff14db21b04e2d6db7fd0eda37042440c%3A605)%0A%20%20%20%20at%20http%3A%2F%2Flocalhost%3A8080%2Fbase%2Fnode_modules%2Fjasmine-core%2Flib%2Fjasmine-core%2Fjasmine.js%3F578a1e5ff14db21b04e2d6db7fd0eda37042440c%3A1784%0A%20%20%20%20at%20http%3A%2F%2Flocalhost%3A8080%2Fbase%2Fnode_modules%2Fjasmine-core%2Flib%2Fjasmine-core%2Fjasmine.js%3F578a1e5ff14db21b04e2d6db7fd0eda37042440c%3A1762%0A%20%20%20%20at%20http%3A%2F%2Flocalhost%3A8080%2Fbase%2Fnode_modules%2Fjasmine-core%2Flib%2Fjasmine-core%2Fjasmine.js%3F578a1e5ff14db21b04e2d6db7fd0eda37042440c%3A627%0A%20%20%20%20at%20http%3A%2F%2Flocalhost%3A8080%2Fbase%2Fnode_modules%2Fjasmine-core%2Flib%2Fjasmine-core%2Fjasmine.js%3F578a1e5ff14db21b04e2d6db7fd0eda37042440c%3A2354%0A%20%20%20%20at%20attemptAsync%20(http%3A%2F%2Flocalhost%3A8080%2Fbase%2Fnode_modules%2Fjasmine-core%2Flib%2Fjasmine-core%2Fjasmine.js%3F578a1e5ff14db21b04e2d6db7fd0eda37042440c%3A1819)%0A%20%20%20%20at%20http%3A%2F%2Flocalhost%3A8080%2Fbase%2Fnode_modules%2Fjasmine-core%2Flib%2Fjasmine-core%2Fjasmine.js%3F578a1e5ff14db21b04e2d6db7fd0eda37042440c%3A1774%0A%20%20%20%20at%20http%3A%2F%2Flocalhost%3A8080%2Fbase%2Fnode_modules%2Fjasmine-core%2Flib%2Fjasmine-core%2Fjasmine.js%3F578a1e5ff14db21b04e2d6db7fd0eda37042440c%3A1801%0A%20%20%20%20at%20http%3A%2F%2Flocalhost%3A8080%2Fbase%2Fnode_modules%2Fjasmine-core%2Flib%2Fjasmine-core%2Fjasmine.js%3F578a1e5ff14db21b04e2d6db7fd0eda37042440c%3A1745%0A%20%20%20%20at%20http%3A%2F%2Flocalhost%3A8080%2Fbase%2Fnode_modules%2Fjasmine-core%2Flib%2Fjasmine-core%2Fjasmine.js%3F578a1e5ff14db21b04e2d6db7fd0eda37042440c%3A2348%0A%20%20%20%20at%20clearStack%20(http%3A%2F%2Flocalhost%3A8080%2Fbase%2Fnode_modules%2Fjasmine-core%2Flib%2Fjasmine-core%2Fjasmine.js%3F578a1e5ff14db21b04e2d6db7fd0eda37042440c%3A605)%0A%20%20%20%20at%20http%3A%2F%2Flocalhost%3A8080%2Fbase%2Fnode_modules%2Fjasmine-core%2Flib%2Fjasmine-core%2Fjasmine.js%3F578a1e5ff14db21b04e2d6db7fd0eda37042440c%3A1784%0A%20%20%20%20at%20http%3A%2F%2Flocalhost%3A8080%2Fbase%2Fnode_modules%2Fjasmine-core%2Flib%2Fjasmine-core%2Fjasmine.js%3F578a1e5ff14db21b04e2d6db7fd0eda37042440c%3A1762%0A%20%20%20%20at%20http%3A%2F%2Flocalhost%3A8080%2Fbase%2Fnode_modules%2Fjasmine-core%2Flib%2Fjasmine-core%2Fjasmine.js%3F578a1e5ff14db21b04e2d6db7fd0eda37042440c%3A627%0A%20%20%20%20at%20http%3A%2F%2Flocalhost%3A8080%2Fbase%2Fnode_modules%2Fjasmine-core%2Flib%2Fjasmine-core%2Fjasmine.js%3F578a1e5ff14db21b04e2d6db7fd0eda37042440c%3A2354%0A%20%20%20%20at%20attemptAsync%20(http%3A%2F%2Flocalhost%3A8080%2Fbase%2Fnode_modules%2Fjasmine-core%2Flib%2Fjasmine-core%2Fjasmine.js%3F578a1e5ff14db21b04e2d6db7fd0eda37042440c%3A1819)%0A%20%20%20%20at%20http%3A%2F%2Flocalhost%3A8080%2Fbase%2Fnode_modules%2Fjasmine-core%2Flib%2Fjasmine-core%2Fjasmine.js%3F578a1e5ff14db21b04e2d6db7fd0eda37042440c%3A1774%0A%20%20%20%20at%20http%3A%2F%2Flocalhost%3A8080%2Fbase%2Fnode_modules%2Fjasmine-core%2Flib%2Fjasmine-core%2Fjasmine.js%3F578a1e5ff14db21b04e2d6db7fd0eda37042440c%3A1801%0A%20%20%20%20at%20http%3A%2F%2Flocalhost%3A8080%2Fbase%2Fnode_modules%2Fjasmine-core%2Flib%2Fjasmine-core%2Fjasmine.js%3F578a1e5ff14db21b04e2d6db7fd0eda37042440c%3A1745%0A%20%20%20%20at%20http%3A%2F%2Flocalhost%3A8080%2Fbase%2Fnode_modules%2Fjasmine-core%2Flib%2Fjasmine-core%2Fjasmine.js%3F578a1e5ff14db21b04e2d6db7fd0eda37042440c%3A2348%0A%20%20%20%20at%20clearStack%20(http%3A%2F%2Flocalhost%3A8080%2Fbase%2Fnode_modules%2Fjasmine-core%2Flib%2Fjasmine-core%2Fjasmine.js%3F578a1e5ff14db21b04e2d6db7fd0eda37042440c%3A605)%0A%20%20%20%20at%20http%3A%2F%2Flocalhost%3A8080%2Fbase%2Fnode_modules%2Fjasmine-core%2Flib%2Fjasmine-core%2Fjasmine.js%3F578a1e5ff14db21b04e2d6db7fd0eda37042440c%3A1784%0A%20%20%20%20at%20http%3A%2F%2Flocalhost%3A8080%2Fbase%2Fnode_modules%2Fjasmine-core%2Flib%2Fjasmine-core%2Fjasmine.js%3F578a1e5ff14db21b04e2d6db7fd0eda37042440c%3A1762%0A%20%20%20%20at%20http%3A%2F%2Flocalhost%3A8080%2Fbase%2Fnode_modules%2Fjasmine-core%2Flib%2Fjasmine-core%2Fjasmine.js%3F578a1e5ff14db21b04e2d6db7fd0eda37042440c%3A627%0A%20%20%20%20at%20http%3A%2F%2Flocalhost%3A8080%2Fbase%2Fnode_modules%2Fjasmine-core%2Flib%2Fjasmine-core%2Fjasmine.js%3F578a1e5ff14db21b04e2d6db7fd0eda37042440c%3A2354%0A%20%20%20%20at%20attemptAsync%20(http%3A%2F%2Flocalhost%3A8080%2Fbase%2Fnode_modules%2Fjasmine-core%2Flib%2Fjasmine-core%2Fjasmine.js%3F578a1e5ff14db21b04e2d6db7fd0eda37042440c%3A1819)%0A%20%20%20%20at%20http%3A%2F%2Flocalhost%3A8080%2Fbase%2Fnode_modules%2Fjasmine-core%2Flib%2Fjasmine-core%2Fjasmine.js%3F578a1e5ff14db21b04e2d6db7fd0eda37042440c%3A1774%0A%20%20%20%20at%20http%3A%2F%2Flocalhost%3A8080%2Fbase%2Fnode_modules%2Fjasmine-core%2Flib%2Fjasmine-core%2Fjasmine.js%3F578a1e5ff14db21b04e2d6db7fd0eda37042440c%3A1801%0A%20%20%20%20at%20http%3A%2F%2Flocalhost%3A8080%2Fbase%2Fnode_modules%2Fjasmine-core%2Flib%2Fjasmine-core%2Fjasmine.js%3F578a1e5ff14db21b04e2d6db7fd0eda37042440c%3A1745%0A%20%20%20%20at%20http%3A%2F%2Flocalhost%3A8080%2Fbase%2Fnode_modules%2Fjasmine-core%2Flib%2Fjasmine-core%2Fjasmine.js%3F578a1e5ff14db21b04e2d6db7fd0eda37042440c%3A2348%0A%20%20%20%20at%20clearStack%20(http%3A%2F%2Flocalhost%3A8080%2Fbase%2Fnode_modules%2Fjasmine-core%2Flib%2Fjasmine-core%2Fjasmine.js%3F578a1e5ff14db21b04e2d6db7fd0eda37042440c%3A605)%0A%20%20%20%20at%20http%3A%2F%2Flocalhost%3A8080%2Fbase%2Fnode_modules%2Fjasmine-core%2Flib%2Fjasmine-core%2Fjasmine.js%3F578a1e5ff14db21b04e2d6db7fd0eda37042440c%3A1784%0A%20%20%20%20at%20http%3A%2F%2Flocalhost%3A8080%2Fbase%2Fnode_modules%2Fjasmine-core%2Flib%2Fjasmine-core%2Fjasmine.js%3F578a1e5ff14db21b04e2d6db7fd0eda37042440c%3A1762%0A%20%20%20%20at%20http%3A%2F%2Flocalhost%3A8080%2Fbase%2Fnode_modules%2Fjasmine-core%2Flib%2Fjasmine-core%2Fjasmine.js%3F578a1e5ff14db21b04e2d6db7fd0eda37042440c%3A627%0A%20%20%20%20at%20http%3A%2F%2Flocalhost%3A8080%2Fbase%2Fnode_modules%2Fjasmine-core%2Flib%2Fjasmine-core%2Fjasmine.js%3F578a1e5ff14db21b04e2d6db7fd0eda37042440c%3A2354%0A%20%20%20%20at%20attemptAsync%20(http%3A%2F%2Flocalhost%3A8080%2Fbase%2Fnode_modules%2Fjasmine-core%2Flib%2Fjasmine-core%2Fjasmine.js%3F578a1e5ff14db21b04e2d6db7fd0eda37042440c%3A1819)%0A%20%20%20%20at%20http%3A%2F%2Flocalhost%3A8080%2Fbase%2Fnode_modules%2Fjasmine-core%2Flib%2Fjasmine-core%2Fjasmine.js%3F578a1e5ff14db21b04e2d6db7fd0eda37042440c%3A1774%0A%20%20%20%20at%20http%3A%2F%2Flocalhost%3A8080%2Fbase%2Fnode_modules%2Fjasmine-core%2Flib%2Fjasmine-core%2Fjasmine.js%3F578a1e5ff14db21b04e2d6db7fd0eda37042440c%3A1762%0A%20%20%20%20at%20http%3A%2F%2Flocalhost%3A8080%2Fbase%2Fnode_modules%2Fjasmine-core%2Flib%2Fjasmine-core%2Fjasmine.js%3F578a1e5ff14db21b04e2d6db7fd0eda37042440c%3A627%0A%20%20%20%20at%20http%3A%2F%2Flocalhost%3A8080%2Fbase%2Fnode_modules%2Fjasmine-core%2Flib%2Fjasmine-core%2Fjasmine.js%3F578a1e5ff14db21b04e2d6db7fd0eda37042440c%3A2215%0A%20%20%20%20at%20http%3A%2F%2Flocalhost%3A8080%2Fbase%2Fnode_modules%2Fjasmine-core%2Flib%2Fjasmine-core%2Fjasmine.js%3F578a1e5ff14db21b04e2d6db7fd0eda37042440c%3A678%0A%20%20%20%20at%20http%3A%2F%2Flocalhost%3A8080%2Fbase%2Fnode_modules%2Fkarma-jasmine%2Flib%2Fadapter.js%3F0a69ad1fa10cc8be0a12b241227d3b834f82db4f%3A317%0A%20%20%20%20at%20http%3A%2F%2Flocalhost%3A8080%2Fkarma.js%3A185%0A%20%20%20%20at%20http%3A%2F%2Flocalhost%3A8080%2Fcontext.html%3A127
    at C:/dev/MedExplorer/src/client/app/vendor/angular/angular.js:4379
    at forEach (C:/dev/MedExplorer/src/client/app/vendor/angular/angular.js:336)
    at loadModules (C:/dev/MedExplorer/src/client/app/vendor/angular/angular.js:4381)
    at createInjector (C:/dev/MedExplorer/src/client/app/vendor/angular/angular.js:4265)
    at workFn (C:/dev/MedExplorer/src/client/app/vendor/angular-mocks/angular-mocks.js:2409)
</failure>
      <failure type="">Error: [$injector:modulerr] Failed to instantiate module MedExplorer due to:
Error: [$injector:modulerr] Failed to instantiate module ui.bootstrap due to:
Error: [$injector:nomod] Module &apos;ui.bootstrap&apos; is not available! You either misspelled the module name or forgot to load it. If registering a module ensure that you specify the dependencies as the second argument.
http://errors.angularjs.org/1.4.1/$injector/nomod?p0=ui.bootstrap
    at C:/dev/MedExplorer/src/client/app/vendor/angular/angular.js:1951
    at ensure (C:/dev/MedExplorer/src/client/app/vendor/angular/angular.js:1873)
    at module (C:/dev/MedExplorer/src/client/app/vendor/angular/angular.js:2201)
    at C:/dev/MedExplorer/src/client/app/vendor/angular/angular.js:4355
    at forEach (C:/dev/MedExplorer/src/client/app/vendor/angular/angular.js:336)
    at loadModules (C:/dev/MedExplorer/src/client/app/vendor/angular/angular.js:4381)
    at C:/dev/MedExplorer/src/client/app/vendor/angular/angular.js:4356
    at forEach (C:/dev/MedExplorer/src/client/app/vendor/angular/angular.js:336)
    at loadModules (C:/dev/MedExplorer/src/client/app/vendor/angular/angular.js:4381)
    at createInjector (C:/dev/MedExplorer/src/client/app/vendor/angular/angular.js:4265)
    at workFn (C:/dev/MedExplorer/src/client/app/vendor/angular-mocks/angular-mocks.js:2409)
http://errors.angularjs.org/1.4.1/$injector/modulerr?p0=ui.bootstrap&amp;p1=Error%3A%20%5B%24injector%3Anomod%5D%20Module%20&apos;ui.bootstrap&apos;%20is%20not%20available!%20You%20either%20misspelled%20the%20module%20name%20or%20forgot%20to%20load%20it.%20If%20registering%20a%20module%20ensure%20that%20you%20specify%20the%20dependencies%20as%20the%20second%20argument.%0Ahttp%3A%2F%2Ferrors.angularjs.org%2F1.4.1%2F%24injector%2Fnomod%3Fp0%3Dui.bootstrap%0A%20%20%20%20at%20http%3A%2F%2Flocalhost%3A8080%2Fbase%2Fapp%2Fvendor%2Fangular%2Fangular.js%3F9d140432f81858ac1e7888708720d419d147ffa9%3A1951%0A%20%20%20%20at%20ensure%20(http%3A%2F%2Flocalhost%3A8080%2Fbase%2Fapp%2Fvendor%2Fangular%2Fangular.js%3F9d140432f81858ac1e7888708720d419d147ffa9%3A1873)%0A%20%20%20%20at%20module%20(http%3A%2F%2Flocalhost%3A8080%2Fbase%2Fapp%2Fvendor%2Fangular%2Fangular.js%3F9d140432f81858ac1e7888708720d419d147ffa9%3A2201)%0A%20%20%20%20at%20http%3A%2F%2Flocalhost%3A8080%2Fbase%2Fapp%2Fvendor%2Fangular%2Fangular.js%3F9d140432f81858ac1e7888708720d419d147ffa9%3A4355%0A%20%20%20%20at%20forEach%20(http%3A%2F%2Flocalhost%3A8080%2Fbase%2Fapp%2Fvendor%2Fangular%2Fangular.js%3F9d140432f81858ac1e7888708720d419d147ffa9%3A336)%0A%20%20%20%20at%20loadModules%20(http%3A%2F%2Flocalhost%3A8080%2Fbase%2Fapp%2Fvendor%2Fangular%2Fangular.js%3F9d140432f81858ac1e7888708720d419d147ffa9%3A4381)%0A%20%20%20%20at%20http%3A%2F%2Flocalhost%3A8080%2Fbase%2Fapp%2Fvendor%2Fangular%2Fangular.js%3F9d140432f81858ac1e7888708720d419d147ffa9%3A4356%0A%20%20%20%20at%20forEach%20(http%3A%2F%2Flocalhost%3A8080%2Fbase%2Fapp%2Fvendor%2Fangular%2Fangular.js%3F9d140432f81858ac1e7888708720d419d147ffa9%3A336)%0A%20%20%20%20at%20loadModules%20(http%3A%2F%2Flocalhost%3A8080%2Fbase%2Fapp%2Fvendor%2Fangular%2Fangular.js%3F9d140432f81858ac1e7888708720d419d147ffa9%3A4381)%0A%20%20%20%20at%20createInjector%20(http%3A%2F%2Flocalhost%3A8080%2Fbase%2Fapp%2Fvendor%2Fangular%2Fangular.js%3F9d140432f81858ac1e7888708720d419d147ffa9%3A4265)%0A%20%20%20%20at%20workFn%20(http%3A%2F%2Flocalhost%3A8080%2Fbase%2Fapp%2Fvendor%2Fangular-mocks%2Fangular-mocks.js%3F6fe041cc8bb7a17f894cb12d8b0d44b12644f10a%3A2409)%0A%20%20%20%20at%20attemptSync%20(http%3A%2F%2Flocalhost%3A8080%2Fbase%2Fnode_modules%2Fjasmine-core%2Flib%2Fjasmine-core%2Fjasmine.js%3F578a1e5ff14db21b04e2d6db7fd0eda37042440c%3A1789)%0A%20%20%20%20at%20http%3A%2F%2Flocalhost%3A8080%2Fbase%2Fnode_modules%2Fjasmine-core%2Flib%2Fjasmine-core%2Fjasmine.js%3F578a1e5ff14db21b04e2d6db7fd0eda37042440c%3A1777%0A%20%20%20%20at%20http%3A%2F%2Flocalhost%3A8080%2Fbase%2Fnode_modules%2Fjasmine-core%2Flib%2Fjasmine-core%2Fjasmine.js%3F578a1e5ff14db21b04e2d6db7fd0eda37042440c%3A1762%0A%20%20%20%20at%20http%3A%2F%2Flocalhost%3A8080%2Fbase%2Fnode_modules%2Fjasmine-core%2Flib%2Fjasmine-core%2Fjasmine.js%3F578a1e5ff14db21b04e2d6db7fd0eda37042440c%3A627%0A%20%20%20%20at%20http%3A%2F%2Flocalhost%3A8080%2Fbase%2Fnode_modules%2Fjasmine-core%2Flib%2Fjasmine-core%2Fjasmine.js%3F578a1e5ff14db21b04e2d6db7fd0eda37042440c%3A357%0A%20%20%20%20at%20http%3A%2F%2Flocalhost%3A8080%2Fbase%2Fnode_modules%2Fjasmine-core%2Flib%2Fjasmine-core%2Fjasmine.js%3F578a1e5ff14db21b04e2d6db7fd0eda37042440c%3A2360%0A%20%20%20%20at%20attemptAsync%20(http%3A%2F%2Flocalhost%3A8080%2Fbase%2Fnode_modules%2Fjasmine-core%2Flib%2Fjasmine-core%2Fjasmine.js%3F578a1e5ff14db21b04e2d6db7fd0eda37042440c%3A1819)%0A%20%20%20%20at%20http%3A%2F%2Flocalhost%3A8080%2Fbase%2Fnode_modules%2Fjasmine-core%2Flib%2Fjasmine-core%2Fjasmine.js%3F578a1e5ff14db21b04e2d6db7fd0eda37042440c%3A1774%0A%20%20%20%20at%20http%3A%2F%2Flocalhost%3A8080%2Fbase%2Fnode_modules%2Fjasmine-core%2Flib%2Fjasmine-core%2Fjasmine.js%3F578a1e5ff14db21b04e2d6db7fd0eda37042440c%3A1762%0A%20%20%20%20at%20http%3A%2F%2Flocalhost%3A8080%2Fbase%2Fnode_modules%2Fjasmine-core%2Flib%2Fjasmine-core%2Fjasmine.js%3F578a1e5ff14db21b04e2d6db7fd0eda37042440c%3A627%0A%20%20%20%20at%20http%3A%2F%2Flocalhost%3A8080%2Fbase%2Fnode_modules%2Fjasmine-core%2Flib%2Fjasmine-core%2Fjasmine.js%3F578a1e5ff14db21b04e2d6db7fd0eda37042440c%3A2354%0A%20%20%20%20at%20attemptAsync%20(http%3A%2F%2Flocalhost%3A8080%2Fbase%2Fnode_modules%2Fjasmine-core%2Flib%2Fjasmine-core%2Fjasmine.js%3F578a1e5ff14db21b04e2d6db7fd0eda37042440c%3A1819)%0A%20%20%20%20at%20http%3A%2F%2Flocalhost%3A8080%2Fbase%2Fnode_modules%2Fjasmine-core%2Flib%2Fjasmine-core%2Fjasmine.js%3F578a1e5ff14db21b04e2d6db7fd0eda37042440c%3A1774%0A%20%20%20%20at%20http%3A%2F%2Flocalhost%3A8080%2Fbase%2Fnode_modules%2Fjasmine-core%2Flib%2Fjasmine-core%2Fjasmine.js%3F578a1e5ff14db21b04e2d6db7fd0eda37042440c%3A1801%0A%20%20%20%20at%20http%3A%2F%2Flocalhost%3A8080%2Fbase%2Fnode_modules%2Fjasmine-core%2Flib%2Fjasmine-core%2Fjasmine.js%3F578a1e5ff14db21b04e2d6db7fd0eda37042440c%3A1745%0A%20%20%20%20at%20http%3A%2F%2Flocalhost%3A8080%2Fbase%2Fnode_modules%2Fjasmine-core%2Flib%2Fjasmine-core%2Fjasmine.js%3F578a1e5ff14db21b04e2d6db7fd0eda37042440c%3A2348%0A%20%20%20%20at%20clearStack%20(http%3A%2F%2Flocalhost%3A8080%2Fbase%2Fnode_modules%2Fjasmine-core%2Flib%2Fjasmine-core%2Fjasmine.js%3F578a1e5ff14db21b04e2d6db7fd0eda37042440c%3A605)%0A%20%20%20%20at%20http%3A%2F%2Flocalhost%3A8080%2Fbase%2Fnode_modules%2Fjasmine-core%2Flib%2Fjasmine-core%2Fjasmine.js%3F578a1e5ff14db21b04e2d6db7fd0eda37042440c%3A1784%0A%20%20%20%20at%20http%3A%2F%2Flocalhost%3A8080%2Fbase%2Fnode_modules%2Fjasmine-core%2Flib%2Fjasmine-core%2Fjasmine.js%3F578a1e5ff14db21b04e2d6db7fd0eda37042440c%3A1762%0A%20%20%20%20at%20http%3A%2F%2Flocalhost%3A8080%2Fbase%2Fnode_modules%2Fjasmine-core%2Flib%2Fjasmine-core%2Fjasmine.js%3F578a1e5ff14db21b04e2d6db7fd0eda37042440c%3A627%0A%20%20%20%20at%20http%3A%2F%2Flocalhost%3A8080%2Fbase%2Fnode_modules%2Fjasmine-core%2Flib%2Fjasmine-core%2Fjasmine.js%3F578a1e5ff14db21b04e2d6db7fd0eda37042440c%3A2354%0A%20%20%20%20at%20attemptAsync%20(http%3A%2F%2Flocalhost%3A8080%2Fbase%2Fnode_modules%2Fjasmine-core%2Flib%2Fjasmine-core%2Fjasmine.js%3F578a1e5ff14db21b04e2d6db7fd0eda37042440c%3A1819)%0A%20%20%20%20at%20http%3A%2F%2Flocalhost%3A8080%2Fbase%2Fnode_modules%2Fjasmine-core%2Flib%2Fjasmine-core%2Fjasmine.js%3F578a1e5ff14db21b04e2d6db7fd0eda37042440c%3A1774%0A%20%20%20%20at%20http%3A%2F%2Flocalhost%3A8080%2Fbase%2Fnode_modules%2Fjasmine-core%2Flib%2Fjasmine-core%2Fjasmine.js%3F578a1e5ff14db21b04e2d6db7fd0eda37042440c%3A1801%0A%20%20%20%20at%20http%3A%2F%2Flocalhost%3A8080%2Fbase%2Fnode_modules%2Fjasmine-core%2Flib%2Fjasmine-core%2Fjasmine.js%3F578a1e5ff14db21b04e2d6db7fd0eda37042440c%3A1745%0A%20%20%20%20at%20http%3A%2F%2Flocalhost%3A8080%2Fbase%2Fnode_modules%2Fjasmine-core%2Flib%2Fjasmine-core%2Fjasmine.js%3F578a1e5ff14db21b04e2d6db7fd0eda37042440c%3A2348%0A%20%20%20%20at%20clearStack%20(http%3A%2F%2Flocalhost%3A8080%2Fbase%2Fnode_modules%2Fjasmine-core%2Flib%2Fjasmine-core%2Fjasmine.js%3F578a1e5ff14db21b04e2d6db7fd0eda37042440c%3A605)%0A%20%20%20%20at%20http%3A%2F%2Flocalhost%3A8080%2Fbase%2Fnode_modules%2Fjasmine-core%2Flib%2Fjasmine-core%2Fjasmine.js%3F578a1e5ff14db21b04e2d6db7fd0eda37042440c%3A1784%0A%20%20%20%20at%20http%3A%2F%2Flocalhost%3A8080%2Fbase%2Fnode_modules%2Fjasmine-core%2Flib%2Fjasmine-core%2Fjasmine.js%3F578a1e5ff14db21b04e2d6db7fd0eda37042440c%3A1762%0A%20%20%20%20at%20http%3A%2F%2Flocalhost%3A8080%2Fbase%2Fnode_modules%2Fjasmine-core%2Flib%2Fjasmine-core%2Fjasmine.js%3F578a1e5ff14db21b04e2d6db7fd0eda37042440c%3A627%0A%20%20%20%20at%20http%3A%2F%2Flocalhost%3A8080%2Fbase%2Fnode_modules%2Fjasmine-core%2Flib%2Fjasmine-core%2Fjasmine.js%3F578a1e5ff14db21b04e2d6db7fd0eda37042440c%3A2354%0A%20%20%20%20at%20attemptAsync%20(http%3A%2F%2Flocalhost%3A8080%2Fbase%2Fnode_modules%2Fjasmine-core%2Flib%2Fjasmine-core%2Fjasmine.js%3F578a1e5ff14db21b04e2d6db7fd0eda37042440c%3A1819)%0A%20%20%20%20at%20http%3A%2F%2Flocalhost%3A8080%2Fbase%2Fnode_modules%2Fjasmine-core%2Flib%2Fjasmine-core%2Fjasmine.js%3F578a1e5ff14db21b04e2d6db7fd0eda37042440c%3A1774%0A%20%20%20%20at%20http%3A%2F%2Flocalhost%3A8080%2Fbase%2Fnode_modules%2Fjasmine-core%2Flib%2Fjasmine-core%2Fjasmine.js%3F578a1e5ff14db21b04e2d6db7fd0eda37042440c%3A1801%0A%20%20%20%20at%20http%3A%2F%2Flocalhost%3A8080%2Fbase%2Fnode_modules%2Fjasmine-core%2Flib%2Fjasmine-core%2Fjasmine.js%3F578a1e5ff14db21b04e2d6db7fd0eda37042440c%3A1745%0A%20%20%20%20at%20http%3A%2F%2Flocalhost%3A8080%2Fbase%2Fnode_modules%2Fjasmine-core%2Flib%2Fjasmine-core%2Fjasmine.js%3F578a1e5ff14db21b04e2d6db7fd0eda37042440c%3A2348%0A%20%20%20%20at%20clearStack%20(http%3A%2F%2Flocalhost%3A8080%2Fbase%2Fnode_modules%2Fjasmine-core%2Flib%2Fjasmine-core%2Fjasmine.js%3F578a1e5ff14db21b04e2d6db7fd0eda37042440c%3A605)%0A%20%20%20%20at%20http%3A%2F%2Flocalhost%3A8080%2Fbase%2Fnode_modules%2Fjasmine-core%2Flib%2Fjasmine-core%2Fjasmine.js%3F578a1e5ff14db21b04e2d6db7fd0eda37042440c%3A1784%0A%20%20%20%20at%20http%3A%2F%2Flocalhost%3A8080%2Fbase%2Fnode_modules%2Fjasmine-core%2Flib%2Fjasmine-core%2Fjasmine.js%3F578a1e5ff14db21b04e2d6db7fd0eda37042440c%3A1801%0A%20%20%20%20at%20http%3A%2F%2Flocalhost%3A8080%2Fbase%2Fnode_modules%2Fjasmine-core%2Flib%2Fjasmine-core%2Fjasmine.js%3F578a1e5ff14db21b04e2d6db7fd0eda37042440c%3A1745%0A%20%20%20%20at%20complete%20(http%3A%2F%2Flocalhost%3A8080%2Fbase%2Fnode_modules%2Fjasmine-core%2Flib%2Fjasmine-core%2Fjasmine.js%3F578a1e5ff14db21b04e2d6db7fd0eda37042440c%3A365)%0A%20%20%20%20at%20clearStack%20(http%3A%2F%2Flocalhost%3A8080%2Fbase%2Fnode_modules%2Fjasmine-core%2Flib%2Fjasmine-core%2Fjasmine.js%3F578a1e5ff14db21b04e2d6db7fd0eda37042440c%3A605)%0A%20%20%20%20at%20http%3A%2F%2Flocalhost%3A8080%2Fbase%2Fnode_modules%2Fjasmine-core%2Flib%2Fjasmine-core%2Fjasmine.js%3F578a1e5ff14db21b04e2d6db7fd0eda37042440c%3A1784%0A%20%20%20%20at%20http%3A%2F%2Flocalhost%3A8080%2Fbase%2Fnode_modules%2Fjasmine-core%2Flib%2Fjasmine-core%2Fjasmine.js%3F578a1e5ff14db21b04e2d6db7fd0eda37042440c%3A1762%0A%20%20%20%20at%20http%3A%2F%2Flocalhost%3A8080%2Fbase%2Fnode_modules%2Fjasmine-core%2Flib%2Fjasmine-core%2Fjasmine.js%3F578a1e5ff14db21b04e2d6db7fd0eda37042440c%3A627%0A%20%20%20%20at%20http%3A%2F%2Flocalhost%3A8080%2Fbase%2Fnode_modules%2Fjasmine-core%2Flib%2Fjasmine-core%2Fjasmine.js%3F578a1e5ff14db21b04e2d6db7fd0eda37042440c%3A357%0A%20%20%20%20at%20http%3A%2F%2Flocalhost%3A8080%2Fbase%2Fnode_modules%2Fjasmine-core%2Flib%2Fjasmine-core%2Fjasmine.js%3F578a1e5ff14db21b04e2d6db7fd0eda37042440c%3A2360%0A%20%20%20%20at%20attemptAsync%20(http%3A%2F%2Flocalhost%3A8080%2Fbase%2Fnode_modules%2Fjasmine-core%2Flib%2Fjasmine-core%2Fjasmine.js%3F578a1e5ff14db21b04e2d6db7fd0eda37042440c%3A1819)%0A%20%20%20%20at%20http%3A%2F%2Flocalhost%3A8080%2Fbase%2Fnode_modules%2Fjasmine-core%2Flib%2Fjasmine-core%2Fjasmine.js%3F578a1e5ff14db21b04e2d6db7fd0eda37042440c%3A1774%0A%20%20%20%20at%20http%3A%2F%2Flocalhost%3A8080%2Fbase%2Fnode_modules%2Fjasmine-core%2Flib%2Fjasmine-core%2Fjasmine.js%3F578a1e5ff14db21b04e2d6db7fd0eda37042440c%3A1801%0A%20%20%20%20at%20http%3A%2F%2Flocalhost%3A8080%2Fbase%2Fnode_modules%2Fjasmine-core%2Flib%2Fjasmine-core%2Fjasmine.js%3F578a1e5ff14db21b04e2d6db7fd0eda37042440c%3A1745%0A%20%20%20%20at%20complete%20(http%3A%2F%2Flocalhost%3A8080%2Fbase%2Fnode_modules%2Fjasmine-core%2Flib%2Fjasmine-core%2Fjasmine.js%3F578a1e5ff14db21b04e2d6db7fd0eda37042440c%3A365)%0A%20%20%20%20at%20clearStack%20(http%3A%2F%2Flocalhost%3A8080%2Fbase%2Fnode_modules%2Fjasmine-core%2Flib%2Fjasmine-core%2Fjasmine.js%3F578a1e5ff14db21b04e2d6db7fd0eda37042440c%3A605)%0A%20%20%20%20at%20http%3A%2F%2Flocalhost%3A8080%2Fbase%2Fnode_modules%2Fjasmine-core%2Flib%2Fjasmine-core%2Fjasmine.js%3F578a1e5ff14db21b04e2d6db7fd0eda37042440c%3A1784%0A%20%20%20%20at%20http%3A%2F%2Flocalhost%3A8080%2Fbase%2Fnode_modules%2Fjasmine-core%2Flib%2Fjasmine-core%2Fjasmine.js%3F578a1e5ff14db21b04e2d6db7fd0eda37042440c%3A1762%0A%20%20%20%20at%20http%3A%2F%2Flocalhost%3A8080%2Fbase%2Fnode_modules%2Fjasmine-core%2Flib%2Fjasmine-core%2Fjasmine.js%3F578a1e5ff14db21b04e2d6db7fd0eda37042440c%3A627%0A%20%20%20%20at%20http%3A%2F%2Flocalhost%3A8080%2Fbase%2Fnode_modules%2Fjasmine-core%2Flib%2Fjasmine-core%2Fjasmine.js%3F578a1e5ff14db21b04e2d6db7fd0eda37042440c%3A357%0A%20%20%20%20at%20http%3A%2F%2Flocalhost%3A8080%2Fbase%2Fnode_modules%2Fjasmine-core%2Flib%2Fjasmine-core%2Fjasmine.js%3F578a1e5ff14db21b04e2d6db7fd0eda37042440c%3A2360%0A%20%20%20%20at%20attemptAsync%20(http%3A%2F%2Flocalhost%3A8080%2Fbase%2Fnode_modules%2Fjasmine-core%2Flib%2Fjasmine-core%2Fjasmine.js%3F578a1e5ff14db21b04e2d6db7fd0eda37042440c%3A1819)%0A%20%20%20%20at%20http%3A%2F%2Flocalhost%3A8080%2Fbase%2Fnode_modules%2Fjasmine-core%2Flib%2Fjasmine-core%2Fjasmine.js%3F578a1e5ff14db21b04e2d6db7fd0eda37042440c%3A1774%0A%20%20%20%20at%20http%3A%2F%2Flocalhost%3A8080%2Fbase%2Fnode_modules%2Fjasmine-core%2Flib%2Fjasmine-core%2Fjasmine.js%3F578a1e5ff14db21b04e2d6db7fd0eda37042440c%3A1762%0A%20%20%20%20at%20http%3A%2F%2Flocalhost%3A8080%2Fbase%2Fnode_modules%2Fjasmine-core%2Flib%2Fjasmine-core%2Fjasmine.js%3F578a1e5ff14db21b04e2d6db7fd0eda37042440c%3A627%0A%20%20%20%20at%20http%3A%2F%2Flocalhost%3A8080%2Fbase%2Fnode_modules%2Fjasmine-core%2Flib%2Fjasmine-core%2Fjasmine.js%3F578a1e5ff14db21b04e2d6db7fd0eda37042440c%3A2354%0A%20%20%20%20at%20attemptAsync%20(http%3A%2F%2Flocalhost%3A8080%2Fbase%2Fnode_modules%2Fjasmine-core%2Flib%2Fjasmine-core%2Fjasmine.js%3F578a1e5ff14db21b04e2d6db7fd0eda37042440c%3A1819)%0A%20%20%20%20at%20http%3A%2F%2Flocalhost%3A8080%2Fbase%2Fnode_modules%2Fjasmine-core%2Flib%2Fjasmine-core%2Fjasmine.js%3F578a1e5ff14db21b04e2d6db7fd0eda37042440c%3A1774%0A%20%20%20%20at%20http%3A%2F%2Flocalhost%3A8080%2Fbase%2Fnode_modules%2Fjasmine-core%2Flib%2Fjasmine-core%2Fjasmine.js%3F578a1e5ff14db21b04e2d6db7fd0eda37042440c%3A1801%0A%20%20%20%20at%20http%3A%2F%2Flocalhost%3A8080%2Fbase%2Fnode_modules%2Fjasmine-core%2Flib%2Fjasmine-core%2Fjasmine.js%3F578a1e5ff14db21b04e2d6db7fd0eda37042440c%3A1745%0A%20%20%20%20at%20http%3A%2F%2Flocalhost%3A8080%2Fbase%2Fnode_modules%2Fjasmine-core%2Flib%2Fjasmine-core%2Fjasmine.js%3F578a1e5ff14db21b04e2d6db7fd0eda37042440c%3A2348%0A%20%20%20%20at%20clearStack%20(http%3A%2F%2Flocalhost%3A8080%2Fbase%2Fnode_modules%2Fjasmine-core%2Flib%2Fjasmine-core%2Fjasmine.js%3F578a1e5ff14db21b04e2d6db7fd0eda37042440c%3A605)%0A%20%20%20%20at%20http%3A%2F%2Flocalhost%3A8080%2Fbase%2Fnode_modules%2Fjasmine-core%2Flib%2Fjasmine-core%2Fjasmine.js%3F578a1e5ff14db21b04e2d6db7fd0eda37042440c%3A1784%0A%20%20%20%20at%20http%3A%2F%2Flocalhost%3A8080%2Fbase%2Fnode_modules%2Fjasmine-core%2Flib%2Fjasmine-core%2Fjasmine.js%3F578a1e5ff14db21b04e2d6db7fd0eda37042440c%3A1762%0A%20%20%20%20at%20http%3A%2F%2Flocalhost%3A8080%2Fbase%2Fnode_modules%2Fjasmine-core%2Flib%2Fjasmine-core%2Fjasmine.js%3F578a1e5ff14db21b04e2d6db7fd0eda37042440c%3A627%0A%20%20%20%20at%20http%3A%2F%2Flocalhost%3A8080%2Fbase%2Fnode_modules%2Fjasmine-core%2Flib%2Fjasmine-core%2Fjasmine.js%3F578a1e5ff14db21b04e2d6db7fd0eda37042440c%3A2354%0A%20%20%20%20at%20attemptAsync%20(http%3A%2F%2Flocalhost%3A8080%2Fbase%2Fnode_modules%2Fjasmine-core%2Flib%2Fjasmine-core%2Fjasmine.js%3F578a1e5ff14db21b04e2d6db7fd0eda37042440c%3A1819)%0A%20%20%20%20at%20http%3A%2F%2Flocalhost%3A8080%2Fbase%2Fnode_modules%2Fjasmine-core%2Flib%2Fjasmine-core%2Fjasmine.js%3F578a1e5ff14db21b04e2d6db7fd0eda37042440c%3A1774%0A%20%20%20%20at%20http%3A%2F%2Flocalhost%3A8080%2Fbase%2Fnode_modules%2Fjasmine-core%2Flib%2Fjasmine-core%2Fjasmine.js%3F578a1e5ff14db21b04e2d6db7fd0eda37042440c%3A1801%0A%20%20%20%20at%20http%3A%2F%2Flocalhost%3A8080%2Fbase%2Fnode_modules%2Fjasmine-core%2Flib%2Fjasmine-core%2Fjasmine.js%3F578a1e5ff14db21b04e2d6db7fd0eda37042440c%3A1745%0A%20%20%20%20at%20http%3A%2F%2Flocalhost%3A8080%2Fbase%2Fnode_modules%2Fjasmine-core%2Flib%2Fjasmine-core%2Fjasmine.js%3F578a1e5ff14db21b04e2d6db7fd0eda37042440c%3A2348%0A%20%20%20%20at%20clearStack%20(http%3A%2F%2Flocalhost%3A8080%2Fbase%2Fnode_modules%2Fjasmine-core%2Flib%2Fjasmine-core%2Fjasmine.js%3F578a1e5ff14db21b04e2d6db7fd0eda37042440c%3A605)%0A%20%20%20%20at%20http%3A%2F%2Flocalhost%3A8080%2Fbase%2Fnode_modules%2Fjasmine-core%2Flib%2Fjasmine-core%2Fjasmine.js%3F578a1e5ff14db21b04e2d6db7fd0eda37042440c%3A1784%0A%20%20%20%20at%20http%3A%2F%2Flocalhost%3A8080%2Fbase%2Fnode_modules%2Fjasmine-core%2Flib%2Fjasmine-core%2Fjasmine.js%3F578a1e5ff14db21b04e2d6db7fd0eda37042440c%3A1762%0A%20%20%20%20at%20http%3A%2F%2Flocalhost%3A8080%2Fbase%2Fnode_modules%2Fjasmine-core%2Flib%2Fjasmine-core%2Fjasmine.js%3F578a1e5ff14db21b04e2d6db7fd0eda37042440c%3A627%0A%20%20%20%20at%20http%3A%2F%2Flocalhost%3A8080%2Fbase%2Fnode_modules%2Fjasmine-core%2Flib%2Fjasmine-core%2Fjasmine.js%3F578a1e5ff14db21b04e2d6db7fd0eda37042440c%3A2354%0A%20%20%20%20at%20attemptAsync%20(http%3A%2F%2Flocalhost%3A8080%2Fbase%2Fnode_modules%2Fjasmine-core%2Flib%2Fjasmine-core%2Fjasmine.js%3F578a1e5ff14db21b04e2d6db7fd0eda37042440c%3A1819)%0A%20%20%20%20at%20http%3A%2F%2Flocalhost%3A8080%2Fbase%2Fnode_modules%2Fjasmine-core%2Flib%2Fjasmine-core%2Fjasmine.js%3F578a1e5ff14db21b04e2d6db7fd0eda37042440c%3A1774%0A%20%20%20%20at%20http%3A%2F%2Flocalhost%3A8080%2Fbase%2Fnode_modules%2Fjasmine-core%2Flib%2Fjasmine-core%2Fjasmine.js%3F578a1e5ff14db21b04e2d6db7fd0eda37042440c%3A1801%0A%20%20%20%20at%20http%3A%2F%2Flocalhost%3A8080%2Fbase%2Fnode_modules%2Fjasmine-core%2Flib%2Fjasmine-core%2Fjasmine.js%3F578a1e5ff14db21b04e2d6db7fd0eda37042440c%3A1745%0A%20%20%20%20at%20http%3A%2F%2Flocalhost%3A8080%2Fbase%2Fnode_modules%2Fjasmine-core%2Flib%2Fjasmine-core%2Fjasmine.js%3F578a1e5ff14db21b04e2d6db7fd0eda37042440c%3A2348%0A%20%20%20%20at%20clearStack%20(http%3A%2F%2Flocalhost%3A8080%2Fbase%2Fnode_modules%2Fjasmine-core%2Flib%2Fjasmine-core%2Fjasmine.js%3F578a1e5ff14db21b04e2d6db7fd0eda37042440c%3A605)%0A%20%20%20%20at%20http%3A%2F%2Flocalhost%3A8080%2Fbase%2Fnode_modules%2Fjasmine-core%2Flib%2Fjasmine-core%2Fjasmine.js%3F578a1e5ff14db21b04e2d6db7fd0eda37042440c%3A1784%0A%20%20%20%20at%20http%3A%2F%2Flocalhost%3A8080%2Fbase%2Fnode_modules%2Fjasmine-core%2Flib%2Fjasmine-core%2Fjasmine.js%3F578a1e5ff14db21b04e2d6db7fd0eda37042440c%3A1762%0A%20%20%20%20at%20http%3A%2F%2Flocalhost%3A8080%2Fbase%2Fnode_modules%2Fjasmine-core%2Flib%2Fjasmine-core%2Fjasmine.js%3F578a1e5ff14db21b04e2d6db7fd0eda37042440c%3A627%0A%20%20%20%20at%20http%3A%2F%2Flocalhost%3A8080%2Fbase%2Fnode_modules%2Fjasmine-core%2Flib%2Fjasmine-core%2Fjasmine.js%3F578a1e5ff14db21b04e2d6db7fd0eda37042440c%3A2354%0A%20%20%20%20at%20attemptAsync%20(http%3A%2F%2Flocalhost%3A8080%2Fbase%2Fnode_modules%2Fjasmine-core%2Flib%2Fjasmine-core%2Fjasmine.js%3F578a1e5ff14db21b04e2d6db7fd0eda37042440c%3A1819)%0A%20%20%20%20at%20http%3A%2F%2Flocalhost%3A8080%2Fbase%2Fnode_modules%2Fjasmine-core%2Flib%2Fjasmine-core%2Fjasmine.js%3F578a1e5ff14db21b04e2d6db7fd0eda37042440c%3A1774%0A%20%20%20%20at%20http%3A%2F%2Flocalhost%3A8080%2Fbase%2Fnode_modules%2Fjasmine-core%2Flib%2Fjasmine-core%2Fjasmine.js%3F578a1e5ff14db21b04e2d6db7fd0eda37042440c%3A1801%0A%20%20%20%20at%20http%3A%2F%2Flocalhost%3A8080%2Fbase%2Fnode_modules%2Fjasmine-core%2Flib%2Fjasmine-core%2Fjasmine.js%3F578a1e5ff14db21b04e2d6db7fd0eda37042440c%3A1745%0A%20%20%20%20at%20http%3A%2F%2Flocalhost%3A8080%2Fbase%2Fnode_modules%2Fjasmine-core%2Flib%2Fjasmine-core%2Fjasmine.js%3F578a1e5ff14db21b04e2d6db7fd0eda37042440c%3A2348%0A%20%20%20%20at%20clearStack%20(http%3A%2F%2Flocalhost%3A8080%2Fbase%2Fnode_modules%2Fjasmine-core%2Flib%2Fjasmine-core%2Fjasmine.js%3F578a1e5ff14db21b04e2d6db7fd0eda37042440c%3A605)%0A%20%20%20%20at%20http%3A%2F%2Flocalhost%3A8080%2Fbase%2Fnode_modules%2Fjasmine-core%2Flib%2Fjasmine-core%2Fjasmine.js%3F578a1e5ff14db21b04e2d6db7fd0eda37042440c%3A1784%0A%20%20%20%20at%20http%3A%2F%2Flocalhost%3A8080%2Fbase%2Fnode_modules%2Fjasmine-core%2Flib%2Fjasmine-core%2Fjasmine.js%3F578a1e5ff14db21b04e2d6db7fd0eda37042440c%3A1762%0A%20%20%20%20at%20http%3A%2F%2Flocalhost%3A8080%2Fbase%2Fnode_modules%2Fjasmine-core%2Flib%2Fjasmine-core%2Fjasmine.js%3F578a1e5ff14db21b04e2d6db7fd0eda37042440c%3A627%0A%20%20%20%20at%20http%3A%2F%2Flocalhost%3A8080%2Fbase%2Fnode_modules%2Fjasmine-core%2Flib%2Fjasmine-core%2Fjasmine.js%3F578a1e5ff14db21b04e2d6db7fd0eda37042440c%3A2354%0A%20%20%20%20at%20attemptAsync%20(http%3A%2F%2Flocalhost%3A8080%2Fbase%2Fnode_modules%2Fjasmine-core%2Flib%2Fjasmine-core%2Fjasmine.js%3F578a1e5ff14db21b04e2d6db7fd0eda37042440c%3A1819)%0A%20%20%20%20at%20http%3A%2F%2Flocalhost%3A8080%2Fbase%2Fnode_modules%2Fjasmine-core%2Flib%2Fjasmine-core%2Fjasmine.js%3F578a1e5ff14db21b04e2d6db7fd0eda37042440c%3A1774%0A%20%20%20%20at%20http%3A%2F%2Flocalhost%3A8080%2Fbase%2Fnode_modules%2Fjasmine-core%2Flib%2Fjasmine-core%2Fjasmine.js%3F578a1e5ff14db21b04e2d6db7fd0eda37042440c%3A1801%0A%20%20%20%20at%20http%3A%2F%2Flocalhost%3A8080%2Fbase%2Fnode_modules%2Fjasmine-core%2Flib%2Fjasmine-core%2Fjasmine.js%3F578a1e5ff14db21b04e2d6db7fd0eda37042440c%3A1745%0A%20%20%20%20at%20http%3A%2F%2Flocalhost%3A8080%2Fbase%2Fnode_modules%2Fjasmine-core%2Flib%2Fjasmine-core%2Fjasmine.js%3F578a1e5ff14db21b04e2d6db7fd0eda37042440c%3A2348%0A%20%20%20%20at%20clearStack%20(http%3A%2F%2Flocalhost%3A8080%2Fbase%2Fnode_modules%2Fjasmine-core%2Flib%2Fjasmine-core%2Fjasmine.js%3F578a1e5ff14db21b04e2d6db7fd0eda37042440c%3A605)%0A%20%20%20%20at%20http%3A%2F%2Flocalhost%3A8080%2Fbase%2Fnode_modules%2Fjasmine-core%2Flib%2Fjasmine-core%2Fjasmine.js%3F578a1e5ff14db21b04e2d6db7fd0eda37042440c%3A1784%0A%20%20%20%20at%20http%3A%2F%2Flocalhost%3A8080%2Fbase%2Fnode_modules%2Fjasmine-core%2Flib%2Fjasmine-core%2Fjasmine.js%3F578a1e5ff14db21b04e2d6db7fd0eda37042440c%3A1762%0A%20%20%20%20at%20http%3A%2F%2Flocalhost%3A8080%2Fbase%2Fnode_modules%2Fjasmine-core%2Flib%2Fjasmine-core%2Fjasmine.js%3F578a1e5ff14db21b04e2d6db7fd0eda37042440c%3A627%0A%20%20%20%20at%20http%3A%2F%2Flocalhost%3A8080%2Fbase%2Fnode_modules%2Fjasmine-core%2Flib%2Fjasmine-core%2Fjasmine.js%3F578a1e5ff14db21b04e2d6db7fd0eda37042440c%3A2354%0A%20%20%20%20at%20attemptAsync%20(http%3A%2F%2Flocalhost%3A8080%2Fbase%2Fnode_modules%2Fjasmine-core%2Flib%2Fjasmine-core%2Fjasmine.js%3F578a1e5ff14db21b04e2d6db7fd0eda37042440c%3A1819)%0A%20%20%20%20at%20http%3A%2F%2Flocalhost%3A8080%2Fbase%2Fnode_modules%2Fjasmine-core%2Flib%2Fjasmine-core%2Fjasmine.js%3F578a1e5ff14db21b04e2d6db7fd0eda37042440c%3A1774%0A%20%20%20%20at%20http%3A%2F%2Flocalhost%3A8080%2Fbase%2Fnode_modules%2Fjasmine-core%2Flib%2Fjasmine-core%2Fjasmine.js%3F578a1e5ff14db21b04e2d6db7fd0eda37042440c%3A1801%0A%20%20%20%20at%20http%3A%2F%2Flocalhost%3A8080%2Fbase%2Fnode_modules%2Fjasmine-core%2Flib%2Fjasmine-core%2Fjasmine.js%3F578a1e5ff14db21b04e2d6db7fd0eda37042440c%3A1745%0A%20%20%20%20at%20http%3A%2F%2Flocalhost%3A8080%2Fbase%2Fnode_modules%2Fjasmine-core%2Flib%2Fjasmine-core%2Fjasmine.js%3F578a1e5ff14db21b04e2d6db7fd0eda37042440c%3A2348%0A%20%20%20%20at%20clearStack%20(http%3A%2F%2Flocalhost%3A8080%2Fbase%2Fnode_modules%2Fjasmine-core%2Flib%2Fjasmine-core%2Fjasmine.js%3F578a1e5ff14db21b04e2d6db7fd0eda37042440c%3A605)%0A%20%20%20%20at%20http%3A%2F%2Flocalhost%3A8080%2Fbase%2Fnode_modules%2Fjasmine-core%2Flib%2Fjasmine-core%2Fjasmine.js%3F578a1e5ff14db21b04e2d6db7fd0eda37042440c%3A1784%0A%20%20%20%20at%20http%3A%2F%2Flocalhost%3A8080%2Fbase%2Fnode_modules%2Fjasmine-core%2Flib%2Fjasmine-core%2Fjasmine.js%3F578a1e5ff14db21b04e2d6db7fd0eda37042440c%3A1762%0A%20%20%20%20at%20http%3A%2F%2Flocalhost%3A8080%2Fbase%2Fnode_modules%2Fjasmine-core%2Flib%2Fjasmine-core%2Fjasmine.js%3F578a1e5ff14db21b04e2d6db7fd0eda37042440c%3A627%0A%20%20%20%20at%20http%3A%2F%2Flocalhost%3A8080%2Fbase%2Fnode_modules%2Fjasmine-core%2Flib%2Fjasmine-core%2Fjasmine.js%3F578a1e5ff14db21b04e2d6db7fd0eda37042440c%3A2354%0A%20%20%20%20at%20attemptAsync%20(http%3A%2F%2Flocalhost%3A8080%2Fbase%2Fnode_modules%2Fjasmine-core%2Flib%2Fjasmine-core%2Fjasmine.js%3F578a1e5ff14db21b04e2d6db7fd0eda37042440c%3A1819)%0A%20%20%20%20at%20http%3A%2F%2Flocalhost%3A8080%2Fbase%2Fnode_modules%2Fjasmine-core%2Flib%2Fjasmine-core%2Fjasmine.js%3F578a1e5ff14db21b04e2d6db7fd0eda37042440c%3A1774%0A%20%20%20%20at%20http%3A%2F%2Flocalhost%3A8080%2Fbase%2Fnode_modules%2Fjasmine-core%2Flib%2Fjasmine-core%2Fjasmine.js%3F578a1e5ff14db21b04e2d6db7fd0eda37042440c%3A1801%0A%20%20%20%20at%20http%3A%2F%2Flocalhost%3A8080%2Fbase%2Fnode_modules%2Fjasmine-core%2Flib%2Fjasmine-core%2Fjasmine.js%3F578a1e5ff14db21b04e2d6db7fd0eda37042440c%3A1745%0A%20%20%20%20at%20http%3A%2F%2Flocalhost%3A8080%2Fbase%2Fnode_modules%2Fjasmine-core%2Flib%2Fjasmine-core%2Fjasmine.js%3F578a1e5ff14db21b04e2d6db7fd0eda37042440c%3A2348%0A%20%20%20%20at%20clearStack%20(http%3A%2F%2Flocalhost%3A8080%2Fbase%2Fnode_modules%2Fjasmine-core%2Flib%2Fjasmine-core%2Fjasmine.js%3F578a1e5ff14db21b04e2d6db7fd0eda37042440c%3A605)%0A%20%20%20%20at%20http%3A%2F%2Flocalhost%3A8080%2Fbase%2Fnode_modules%2Fjasmine-core%2Flib%2Fjasmine-core%2Fjasmine.js%3F578a1e5ff14db21b04e2d6db7fd0eda37042440c%3A1784%0A%20%20%20%20at%20http%3A%2F%2Flocalhost%3A8080%2Fbase%2Fnode_modules%2Fjasmine-core%2Flib%2Fjasmine-core%2Fjasmine.js%3F578a1e5ff14db21b04e2d6db7fd0eda37042440c%3A1762%0A%20%20%20%20at%20http%3A%2F%2Flocalhost%3A8080%2Fbase%2Fnode_modules%2Fjasmine-core%2Flib%2Fjasmine-core%2Fjasmine.js%3F578a1e5ff14db21b04e2d6db7fd0eda37042440c%3A627%0A%20%20%20%20at%20http%3A%2F%2Flocalhost%3A8080%2Fbase%2Fnode_modules%2Fjasmine-core%2Flib%2Fjasmine-core%2Fjasmine.js%3F578a1e5ff14db21b04e2d6db7fd0eda37042440c%3A2354%0A%20%20%20%20at%20attemptAsync%20(http%3A%2F%2Flocalhost%3A8080%2Fbase%2Fnode_modules%2Fjasmine-core%2Flib%2Fjasmine-core%2Fjasmine.js%3F578a1e5ff14db21b04e2d6db7fd0eda37042440c%3A1819)%0A%20%20%20%20at%20http%3A%2F%2Flocalhost%3A8080%2Fbase%2Fnode_modules%2Fjasmine-core%2Flib%2Fjasmine-core%2Fjasmine.js%3F578a1e5ff14db21b04e2d6db7fd0eda37042440c%3A1774%0A%20%20%20%20at%20http%3A%2F%2Flocalhost%3A8080%2Fbase%2Fnode_modules%2Fjasmine-core%2Flib%2Fjasmine-core%2Fjasmine.js%3F578a1e5ff14db21b04e2d6db7fd0eda37042440c%3A1762%0A%20%20%20%20at%20http%3A%2F%2Flocalhost%3A8080%2Fbase%2Fnode_modules%2Fjasmine-core%2Flib%2Fjasmine-core%2Fjasmine.js%3F578a1e5ff14db21b04e2d6db7fd0eda37042440c%3A627%0A%20%20%20%20at%20http%3A%2F%2Flocalhost%3A8080%2Fbase%2Fnode_modules%2Fjasmine-core%2Flib%2Fjasmine-core%2Fjasmine.js%3F578a1e5ff14db21b04e2d6db7fd0eda37042440c%3A2215%0A%20%20%20%20at%20http%3A%2F%2Flocalhost%3A8080%2Fbase%2Fnode_modules%2Fjasmine-core%2Flib%2Fjasmine-core%2Fjasmine.js%3F578a1e5ff14db21b04e2d6db7fd0eda37042440c%3A678%0A%20%20%20%20at%20http%3A%2F%2Flocalhost%3A8080%2Fbase%2Fnode_modules%2Fkarma-jasmine%2Flib%2Fadapter.js%3F0a69ad1fa10cc8be0a12b241227d3b834f82db4f%3A317%0A%20%20%20%20at%20http%3A%2F%2Flocalhost%3A8080%2Fkarma.js%3A185%0A%20%20%20%20at%20http%3A%2F%2Flocalhost%3A8080%2Fcontext.html%3A127
    at C:/dev/MedExplorer/src/client/app/vendor/angular/angular.js:4379
    at forEach (C:/dev/MedExplorer/src/client/app/vendor/angular/angular.js:336)
    at loadModules (C:/dev/MedExplorer/src/client/app/vendor/angular/angular.js:4381)
    at C:/dev/MedExplorer/src/client/app/vendor/angular/angular.js:4356
    at forEach (C:/dev/MedExplorer/src/client/app/vendor/angular/angular.js:336)
    at loadModules (C:/dev/MedExplorer/src/client/app/vendor/angular/angular.js:4381)
    at createInjector (C:/dev/MedExplorer/src/client/app/vendor/angular/angular.js:4265)
    at workFn (C:/dev/MedExplorer/src/client/app/vendor/angular-mocks/angular-mocks.js:2409)
http://errors.angularjs.org/1.4.1/$injector/modulerr?p0=MedExplorer&amp;p1=Error%3A%20%5B%24injector%3Amodulerr%5D%20Failed%20to%20instantiate%20module%20ui.bootstrap%20due%20to%3A%0AError%3A%20%5B%24injector%3Anomod%5D%20Module%20&apos;ui.bootstrap&apos;%20is%20not%20available!%20You%20either%20misspelled%20the%20module%20name%20or%20forgot%20to%20load%20it.%20If%20registering%20a%20module%20ensure%20that%20you%20specify%20the%20dependencies%20as%20the%20second%20argument.%0Ahttp%3A%2F%2Ferrors.angularjs.org%2F1.4.1%2F%24injector%2Fnomod%3Fp0%3Dui.bootstrap%0A%20%20%20%20at%20http%3A%2F%2Flocalhost%3A8080%2Fbase%2Fapp%2Fvendor%2Fangular%2Fangular.js%3F9d140432f81858ac1e7888708720d419d147ffa9%3A1951%0A%20%20%20%20at%20ensure%20(http%3A%2F%2Flocalhost%3A8080%2Fbase%2Fapp%2Fvendor%2Fangular%2Fangular.js%3F9d140432f81858ac1e7888708720d419d147ffa9%3A1873)%0A%20%20%20%20at%20module%20(http%3A%2F%2Flocalhost%3A8080%2Fbase%2Fapp%2Fvendor%2Fangular%2Fangular.js%3F9d140432f81858ac1e7888708720d419d147ffa9%3A2201)%0A%20%20%20%20at%20http%3A%2F%2Flocalhost%3A8080%2Fbase%2Fapp%2Fvendor%2Fangular%2Fangular.js%3F9d140432f81858ac1e7888708720d419d147ffa9%3A4355%0A%20%20%20%20at%20forEach%20(http%3A%2F%2Flocalhost%3A8080%2Fbase%2Fapp%2Fvendor%2Fangular%2Fangular.js%3F9d140432f81858ac1e7888708720d419d147ffa9%3A336)%0A%20%20%20%20at%20loadModules%20(http%3A%2F%2Flocalhost%3A8080%2Fbase%2Fapp%2Fvendor%2Fangular%2Fangular.js%3F9d140432f81858ac1e7888708720d419d147ffa9%3A4381)%0A%20%20%20%20at%20http%3A%2F%2Flocalhost%3A8080%2Fbase%2Fapp%2Fvendor%2Fangular%2Fangular.js%3F9d140432f81858ac1e7888708720d419d147ffa9%3A4356%0A%20%20%20%20at%20forEach%20(http%3A%2F%2Flocalhost%3A8080%2Fbase%2Fapp%2Fvendor%2Fangular%2Fangular.js%3F9d140432f81858ac1e7888708720d419d147ffa9%3A336)%0A%20%20%20%20at%20loadModules%20(http%3A%2F%2Flocalhost%3A8080%2Fbase%2Fapp%2Fvendor%2Fangular%2Fangular.js%3F9d140432f81858ac1e7888708720d419d147ffa9%3A4381)%0A%20%20%20%20at%20createInjector%20(http%3A%2F%2Flocalhost%3A8080%2Fbase%2Fapp%2Fvendor%2Fangular%2Fangular.js%3F9d140432f81858ac1e7888708720d419d147ffa9%3A4265)%0A%20%20%20%20at%20workFn%20(http%3A%2F%2Flocalhost%3A8080%2Fbase%2Fapp%2Fvendor%2Fangular-mocks%2Fangular-mocks.js%3F6fe041cc8bb7a17f894cb12d8b0d44b12644f10a%3A2409)%0A%20%20%20%20at%20attemptSync%20(http%3A%2F%2Flocalhost%3A8080%2Fbase%2Fnode_modules%2Fjasmine-core%2Flib%2Fjasmine-core%2Fjasmine.js%3F578a1e5ff14db21b04e2d6db7fd0eda37042440c%3A1789)%0A%20%20%20%20at%20http%3A%2F%2Flocalhost%3A8080%2Fbase%2Fnode_modules%2Fjasmine-core%2Flib%2Fjasmine-core%2Fjasmine.js%3F578a1e5ff14db21b04e2d6db7fd0eda37042440c%3A1777%0A%20%20%20%20at%20http%3A%2F%2Flocalhost%3A8080%2Fbase%2Fnode_modules%2Fjasmine-core%2Flib%2Fjasmine-core%2Fjasmine.js%3F578a1e5ff14db21b04e2d6db7fd0eda37042440c%3A1762%0A%20%20%20%20at%20http%3A%2F%2Flocalhost%3A8080%2Fbase%2Fnode_modules%2Fjasmine-core%2Flib%2Fjasmine-core%2Fjasmine.js%3F578a1e5ff14db21b04e2d6db7fd0eda37042440c%3A627%0A%20%20%20%20at%20http%3A%2F%2Flocalhost%3A8080%2Fbase%2Fnode_modules%2Fjasmine-core%2Flib%2Fjasmine-core%2Fjasmine.js%3F578a1e5ff14db21b04e2d6db7fd0eda37042440c%3A357%0A%20%20%20%20at%20http%3A%2F%2Flocalhost%3A8080%2Fbase%2Fnode_modules%2Fjasmine-core%2Flib%2Fjasmine-core%2Fjasmine.js%3F578a1e5ff14db21b04e2d6db7fd0eda37042440c%3A2360%0A%20%20%20%20at%20attemptAsync%20(http%3A%2F%2Flocalhost%3A8080%2Fbase%2Fnode_modules%2Fjasmine-core%2Flib%2Fjasmine-core%2Fjasmine.js%3F578a1e5ff14db21b04e2d6db7fd0eda37042440c%3A1819)%0A%20%20%20%20at%20http%3A%2F%2Flocalhost%3A8080%2Fbase%2Fnode_modules%2Fjasmine-core%2Flib%2Fjasmine-core%2Fjasmine.js%3F578a1e5ff14db21b04e2d6db7fd0eda37042440c%3A1774%0A%20%20%20%20at%20http%3A%2F%2Flocalhost%3A8080%2Fbase%2Fnode_modules%2Fjasmine-core%2Flib%2Fjasmine-core%2Fjasmine.js%3F578a1e5ff14db21b04e2d6db7fd0eda37042440c%3A1762%0A%20%20%20%20at%20http%3A%2F%2Flocalhost%3A8080%2Fbase%2Fnode_modules%2Fjasmine-core%2Flib%2Fjasmine-core%2Fjasmine.js%3F578a1e5ff14db21b04e2d6db7fd0eda37042440c%3A627%0A%20%20%20%20at%20http%3A%2F%2Flocalhost%3A8080%2Fbase%2Fnode_modules%2Fjasmine-core%2Flib%2Fjasmine-core%2Fjasmine.js%3F578a1e5ff14db21b04e2d6db7fd0eda37042440c%3A2354%0A%20%20%20%20at%20attemptAsync%20(http%3A%2F%2Flocalhost%3A8080%2Fbase%2Fnode_modules%2Fjasmine-core%2Flib%2Fjasmine-core%2Fjasmine.js%3F578a1e5ff14db21b04e2d6db7fd0eda37042440c%3A1819)%0A%20%20%20%20at%20http%3A%2F%2Flocalhost%3A8080%2Fbase%2Fnode_modules%2Fjasmine-core%2Flib%2Fjasmine-core%2Fjasmine.js%3F578a1e5ff14db21b04e2d6db7fd0eda37042440c%3A1774%0A%20%20%20%20at%20http%3A%2F%2Flocalhost%3A8080%2Fbase%2Fnode_modules%2Fjasmine-core%2Flib%2Fjasmine-core%2Fjasmine.js%3F578a1e5ff14db21b04e2d6db7fd0eda37042440c%3A1801%0A%20%20%20%20at%20http%3A%2F%2Flocalhost%3A8080%2Fbase%2Fnode_modules%2Fjasmine-core%2Flib%2Fjasmine-core%2Fjasmine.js%3F578a1e5ff14db21b04e2d6db7fd0eda37042440c%3A1745%0A%20%20%20%20at%20http%3A%2F%2Flocalhost%3A8080%2Fbase%2Fnode_modules%2Fjasmine-core%2Flib%2Fjasmine-core%2Fjasmine.js%3F578a1e5ff14db21b04e2d6db7fd0eda37042440c%3A2348%0A%20%20%20%20at%20clearStack%20(http%3A%2F%2Flocalhost%3A8080%2Fbase%2Fnode_modules%2Fjasmine-core%2Flib%2Fjasmine-core%2Fjasmine.js%3F578a1e5ff14db21b04e2d6db7fd0eda37042440c%3A605)%0A%20%20%20%20at%20http%3A%2F%2Flocalhost%3A8080%2Fbase%2Fnode_modules%2Fjasmine-core%2Flib%2Fjasmine-core%2Fjasmine.js%3F578a1e5ff14db21b04e2d6db7fd0eda37042440c%3A1784%0A%20%20%20%20at%20http%3A%2F%2Flocalhost%3A8080%2Fbase%2Fnode_modules%2Fjasmine-core%2Flib%2Fjasmine-core%2Fjasmine.js%3F578a1e5ff14db21b04e2d6db7fd0eda37042440c%3A1762%0A%20%20%20%20at%20http%3A%2F%2Flocalhost%3A8080%2Fbase%2Fnode_modules%2Fjasmine-core%2Flib%2Fjasmine-core%2Fjasmine.js%3F578a1e5ff14db21b04e2d6db7fd0eda37042440c%3A627%0A%20%20%20%20at%20http%3A%2F%2Flocalhost%3A8080%2Fbase%2Fnode_modules%2Fjasmine-core%2Flib%2Fjasmine-core%2Fjasmine.js%3F578a1e5ff14db21b04e2d6db7fd0eda37042440c%3A2354%0A%20%20%20%20at%20attemptAsync%20(http%3A%2F%2Flocalhost%3A8080%2Fbase%2Fnode_modules%2Fjasmine-core%2Flib%2Fjasmine-core%2Fjasmine.js%3F578a1e5ff14db21b04e2d6db7fd0eda37042440c%3A1819)%0A%20%20%20%20at%20http%3A%2F%2Flocalhost%3A8080%2Fbase%2Fnode_modules%2Fjasmine-core%2Flib%2Fjasmine-core%2Fjasmine.js%3F578a1e5ff14db21b04e2d6db7fd0eda37042440c%3A1774%0A%20%20%20%20at%20http%3A%2F%2Flocalhost%3A8080%2Fbase%2Fnode_modules%2Fjasmine-core%2Flib%2Fjasmine-core%2Fjasmine.js%3F578a1e5ff14db21b04e2d6db7fd0eda37042440c%3A1801%0A%20%20%20%20at%20http%3A%2F%2Flocalhost%3A8080%2Fbase%2Fnode_modules%2Fjasmine-core%2Flib%2Fjasmine-core%2Fjasmine.js%3F578a1e5ff14db21b04e2d6db7fd0eda37042440c%3A1745%0A%20%20%20%20at%20http%3A%2F%2Flocalhost%3A8080%2Fbase%2Fnode_modules%2Fjasmine-core%2Flib%2Fjasmine-core%2Fjasmine.js%3F578a1e5ff14db21b04e2d6db7fd0eda37042440c%3A2348%0A%20%20%20%20at%20clearStack%20(http%3A%2F%2Flocalhost%3A8080%2Fbase%2Fnode_modules%2Fjasmine-core%2Flib%2Fjasmine-core%2Fjasmine.js%3F578a1e5ff14db21b04e2d6db7fd0eda37042440c%3A605)%0A%20%20%20%20at%20http%3A%2F%2Flocalhost%3A8080%2Fbase%2Fnode_modules%2Fjasmine-core%2Flib%2Fjasmine-core%2Fjasmine.js%3F578a1e5ff14db21b04e2d6db7fd0eda37042440c%3A1784%0A%20%20%20%20at%20http%3A%2F%2Flocalhost%3A8080%2Fbase%2Fnode_modules%2Fjasmine-core%2Flib%2Fjasmine-core%2Fjasmine.js%3F578a1e5ff14db21b04e2d6db7fd0eda37042440c%3A1762%0A%20%20%20%20at%20http%3A%2F%2Flocalhost%3A8080%2Fbase%2Fnode_modules%2Fjasmine-core%2Flib%2Fjasmine-core%2Fjasmine.js%3F578a1e5ff14db21b04e2d6db7fd0eda37042440c%3A627%0A%20%20%20%20at%20http%3A%2F%2Flocalhost%3A8080%2Fbase%2Fnode_modules%2Fjasmine-core%2Flib%2Fjasmine-core%2Fjasmine.js%3F578a1e5ff14db21b04e2d6db7fd0eda37042440c%3A2354%0A%20%20%20%20at%20attemptAsync%20(http%3A%2F%2Flocalhost%3A8080%2Fbase%2Fnode_modules%2Fjasmine-core%2Flib%2Fjasmine-core%2Fjasmine.js%3F578a1e5ff14db21b04e2d6db7fd0eda37042440c%3A1819)%0A%20%20%20%20at%20http%3A%2F%2Flocalhost%3A8080%2Fbase%2Fnode_modules%2Fjasmine-core%2Flib%2Fjasmine-core%2Fjasmine.js%3F578a1e5ff14db21b04e2d6db7fd0eda37042440c%3A1774%0A%20%20%20%20at%20http%3A%2F%2Flocalhost%3A8080%2Fbase%2Fnode_modules%2Fjasmine-core%2Flib%2Fjasmine-core%2Fjasmine.js%3F578a1e5ff14db21b04e2d6db7fd0eda37042440c%3A1801%0A%20%20%20%20at%20http%3A%2F%2Flocalhost%3A8080%2Fbase%2Fnode_modules%2Fjasmine-core%2Flib%2Fjasmine-core%2Fjasmine.js%3F578a1e5ff14db21b04e2d6db7fd0eda37042440c%3A1745%0A%20%20%20%20at%20http%3A%2F%2Flocalhost%3A8080%2Fbase%2Fnode_modules%2Fjasmine-core%2Flib%2Fjasmine-core%2Fjasmine.js%3F578a1e5ff14db21b04e2d6db7fd0eda37042440c%3A2348%0A%20%20%20%20at%20clearStack%20(http%3A%2F%2Flocalhost%3A8080%2Fbase%2Fnode_modules%2Fjasmine-core%2Flib%2Fjasmine-core%2Fjasmine.js%3F578a1e5ff14db21b04e2d6db7fd0eda37042440c%3A605)%0A%20%20%20%20at%20http%3A%2F%2Flocalhost%3A8080%2Fbase%2Fnode_modules%2Fjasmine-core%2Flib%2Fjasmine-core%2Fjasmine.js%3F578a1e5ff14db21b04e2d6db7fd0eda37042440c%3A1784%0A%20%20%20%20at%20http%3A%2F%2Flocalhost%3A8080%2Fbase%2Fnode_modules%2Fjasmine-core%2Flib%2Fjasmine-core%2Fjasmine.js%3F578a1e5ff14db21b04e2d6db7fd0eda37042440c%3A1801%0A%20%20%20%20at%20http%3A%2F%2Flocalhost%3A8080%2Fbase%2Fnode_modules%2Fjasmine-core%2Flib%2Fjasmine-core%2Fjasmine.js%3F578a1e5ff14db21b04e2d6db7fd0eda37042440c%3A1745%0A%20%20%20%20at%20complete%20(http%3A%2F%2Flocalhost%3A8080%2Fbase%2Fnode_modules%2Fjasmine-core%2Flib%2Fjasmine-core%2Fjasmine.js%3F578a1e5ff14db21b04e2d6db7fd0eda37042440c%3A365)%0A%20%20%20%20at%20clearStack%20(http%3A%2F%2Flocalhost%3A8080%2Fbase%2Fnode_modules%2Fjasmine-core%2Flib%2Fjasmine-core%2Fjasmine.js%3F578a1e5ff14db21b04e2d6db7fd0eda37042440c%3A605)%0A%20%20%20%20at%20http%3A%2F%2Flocalhost%3A8080%2Fbase%2Fnode_modules%2Fjasmine-core%2Flib%2Fjasmine-core%2Fjasmine.js%3F578a1e5ff14db21b04e2d6db7fd0eda37042440c%3A1784%0A%20%20%20%20at%20http%3A%2F%2Flocalhost%3A8080%2Fbase%2Fnode_modules%2Fjasmine-core%2Flib%2Fjasmine-core%2Fjasmine.js%3F578a1e5ff14db21b04e2d6db7fd0eda37042440c%3A1762%0A%20%20%20%20at%20http%3A%2F%2Flocalhost%3A8080%2Fbase%2Fnode_modules%2Fjasmine-core%2Flib%2Fjasmine-core%2Fjasmine.js%3F578a1e5ff14db21b04e2d6db7fd0eda37042440c%3A627%0A%20%20%20%20at%20http%3A%2F%2Flocalhost%3A8080%2Fbase%2Fnode_modules%2Fjasmine-core%2Flib%2Fjasmine-core%2Fjasmine.js%3F578a1e5ff14db21b04e2d6db7fd0eda37042440c%3A357%0A%20%20%20%20at%20http%3A%2F%2Flocalhost%3A8080%2Fbase%2Fnode_modules%2Fjasmine-core%2Flib%2Fjasmine-core%2Fjasmine.js%3F578a1e5ff14db21b04e2d6db7fd0eda37042440c%3A2360%0A%20%20%20%20at%20attemptAsync%20(http%3A%2F%2Flocalhost%3A8080%2Fbase%2Fnode_modules%2Fjasmine-core%2Flib%2Fjasmine-core%2Fjasmine.js%3F578a1e5ff14db21b04e2d6db7fd0eda37042440c%3A1819)%0A%20%20%20%20at%20http%3A%2F%2Flocalhost%3A8080%2Fbase%2Fnode_modules%2Fjasmine-core%2Flib%2Fjasmine-core%2Fjasmine.js%3F578a1e5ff14db21b04e2d6db7fd0eda37042440c%3A1774%0A%20%20%20%20at%20http%3A%2F%2Flocalhost%3A8080%2Fbase%2Fnode_modules%2Fjasmine-core%2Flib%2Fjasmine-core%2Fjasmine.js%3F578a1e5ff14db21b04e2d6db7fd0eda37042440c%3A1801%0A%20%20%20%20at%20http%3A%2F%2Flocalhost%3A8080%2Fbase%2Fnode_modules%2Fjasmine-core%2Flib%2Fjasmine-core%2Fjasmine.js%3F578a1e5ff14db21b04e2d6db7fd0eda37042440c%3A1745%0A%20%20%20%20at%20complete%20(http%3A%2F%2Flocalhost%3A8080%2Fbase%2Fnode_modules%2Fjasmine-core%2Flib%2Fjasmine-core%2Fjasmine.js%3F578a1e5ff14db21b04e2d6db7fd0eda37042440c%3A365)%0A%20%20%20%20at%20clearStack%20(http%3A%2F%2Flocalhost%3A8080%2Fbase%2Fnode_modules%2Fjasmine-core%2Flib%2Fjasmine-core%2Fjasmine.js%3F578a1e5ff14db21b04e2d6db7fd0eda37042440c%3A605)%0A%20%20%20%20at%20http%3A%2F%2Flocalhost%3A8080%2Fbase%2Fnode_modules%2Fjasmine-core%2Flib%2Fjasmine-core%2Fjasmine.js%3F578a1e5ff14db21b04e2d6db7fd0eda37042440c%3A1784%0A%20%20%20%20at%20http%3A%2F%2Flocalhost%3A8080%2Fbase%2Fnode_modules%2Fjasmine-core%2Flib%2Fjasmine-core%2Fjasmine.js%3F578a1e5ff14db21b04e2d6db7fd0eda37042440c%3A1762%0A%20%20%20%20at%20http%3A%2F%2Flocalhost%3A8080%2Fbase%2Fnode_modules%2Fjasmine-core%2Flib%2Fjasmine-core%2Fjasmine.js%3F578a1e5ff14db21b04e2d6db7fd0eda37042440c%3A627%0A%20%20%20%20at%20http%3A%2F%2Flocalhost%3A8080%2Fbase%2Fnode_modules%2Fjasmine-core%2Flib%2Fjasmine-core%2Fjasmine.js%3F578a1e5ff14db21b04e2d6db7fd0eda37042440c%3A357%0A%20%20%20%20at%20http%3A%2F%2Flocalhost%3A8080%2Fbase%2Fnode_modules%2Fjasmine-core%2Flib%2Fjasmine-core%2Fjasmine.js%3F578a1e5ff14db21b04e2d6db7fd0eda37042440c%3A2360%0A%20%20%20%20at%20attemptAsync%20(http%3A%2F%2Flocalhost%3A8080%2Fbase%2Fnode_modules%2Fjasmine-core%2Flib%2Fjasmine-core%2Fjasmine.js%3F578a1e5ff14db21b04e2d6db7fd0eda37042440c%3A1819)%0A%20%20%20%20at%20http%3A%2F%2Flocalhost%3A8080%2Fbase%2Fnode_modules%2Fjasmine-core%2Flib%2Fjasmine-core%2Fjasmine.js%3F578a1e5ff14db21b04e2d6db7fd0eda37042440c%3A1774%0A%20%20%20%20at%20http%3A%2F%2Flocalhost%3A8080%2Fbase%2Fnode_modules%2Fjasmine-core%2Flib%2Fjasmine-core%2Fjasmine.js%3F578a1e5ff14db21b04e2d6db7fd0eda37042440c%3A1762%0A%20%20%20%20at%20http%3A%2F%2Flocalhost%3A8080%2Fbase%2Fnode_modules%2Fjasmine-core%2Flib%2Fjasmine-core%2Fjasmine.js%3F578a1e5ff14db21b04e2d6db7fd0eda37042440c%3A627%0A%20%20%20%20at%20http%3A%2F%2Flocalhost%3A8080%2Fbase%2Fnode_modules%2Fjasmine-core%2Flib%2Fjasmine-core%2Fjasmine.js%3F578a1e5ff14db21b04e2d6db7fd0eda37042440c%3A2354%0A%20%20%20%20at%20attemptAsync%20(http%3A%2F%2Flocalhost%3A8080%2Fbase%2Fnode_modules%2Fjasmine-core%2Flib%2Fjasmine-core%2Fjasmine.js%3F578a1e5ff14db21b04e2d6db7fd0eda37042440c%3A1819)%0A%20%20%20%20at%20http%3A%2F%2Flocalhost%3A8080%2Fbase%2Fnode_modules%2Fjasmine-core%2Flib%2Fjasmine-core%2Fjasmine.js%3F578a1e5ff14db21b04e2d6db7fd0eda37042440c%3A1774%0A%20%20%20%20at%20http%3A%2F%2Flocalhost%3A8080%2Fbase%2Fnode_modules%2Fjasmine-core%2Flib%2Fjasmine-core%2Fjasmine.js%3F578a1e5ff14db21b04e2d6db7fd0eda37042440c%3A1801%0A%20%20%20%20at%20http%3A%2F%2Flocalhost%3A8080%2Fbase%2Fnode_modules%2Fjasmine-core%2Flib%2Fjasmine-core%2Fjasmine.js%3F578a1e5ff14db21b04e2d6db7fd0eda37042440c%3A1745%0A%20%20%20%20at%20http%3A%2F%2Flocalhost%3A8080%2Fbase%2Fnode_modules%2Fjasmine-core%2Flib%2Fjasmine-core%2Fjasmine.js%3F578a1e5ff14db21b04e2d6db7fd0eda37042440c%3A2348%0A%20%20%20%20at%20clearStack%20(http%3A%2F%2Flocalhost%3A8080%2Fbase%2Fnode_modules%2Fjasmine-core%2Flib%2Fjasmine-core%2Fjasmine.js%3F578a1e5ff14db21b04e2d6db7fd0eda37042440c%3A605)%0A%20%20%20%20at%20http%3A%2F%2Flocalhost%3A8080%2Fbase%2Fnode_modules%2Fjasmine-core%2Flib%2Fjasmine-core%2Fjasmine.js%3F578a1e5ff14db21b04e2d6db7fd0eda37042440c%3A1784%0A%20%20%20%20at%20http%3A%2F%2Flocalhost%3A8080%2Fbase%2Fnode_modules%2Fjasmine-core%2Flib%2Fjasmine-core%2Fjasmine.js%3F578a1e5ff14db21b04e2d6db7fd0eda37042440c%3A1762%0A%20%20%20%20at%20http%3A%2F%2Flocalhost%3A8080%2Fbase%2Fnode_modules%2Fjasmine-core%2Flib%2Fjasmine-core%2Fjasmine.js%3F578a1e5ff14db21b04e2d6db7fd0eda37042440c%3A627%0A%20%20%20%20at%20http%3A%2F%2Flocalhost%3A8080%2Fbase%2Fnode_modules%2Fjasmine-core%2Flib%2Fjasmine-core%2Fjasmine.js%3F578a1e5ff14db21b04e2d6db7fd0eda37042440c%3A2354%0A%20%20%20%20at%20attemptAsync%20(http%3A%2F%2Flocalhost%3A8080%2Fbase%2Fnode_modules%2Fjasmine-core%2Flib%2Fjasmine-core%2Fjasmine.js%3F578a1e5ff14db21b04e2d6db7fd0eda37042440c%3A1819)%0A%20%20%20%20at%20http%3A%2F%2Flocalhost%3A8080%2Fbase%2Fnode_modules%2Fjasmine-core%2Flib%2Fjasmine-core%2Fjasmine.js%3F578a1e5ff14db21b04e2d6db7fd0eda37042440c%3A1774%0A%20%20%20%20at%20http%3A%2F%2Flocalhost%3A8080%2Fbase%2Fnode_modules%2Fjasmine-core%2Flib%2Fjasmine-core%2Fjasmine.js%3F578a1e5ff14db21b04e2d6db7fd0eda37042440c%3A1801%0A%20%20%20%20at%20http%3A%2F%2Flocalhost%3A8080%2Fbase%2Fnode_modules%2Fjasmine-core%2Flib%2Fjasmine-core%2Fjasmine.js%3F578a1e5ff14db21b04e2d6db7fd0eda37042440c%3A1745%0A%20%20%20%20at%20http%3A%2F%2Flocalhost%3A8080%2Fbase%2Fnode_modules%2Fjasmine-core%2Flib%2Fjasmine-core%2Fjasmine.js%3F578a1e5ff14db21b04e2d6db7fd0eda37042440c%3A2348%0A%20%20%20%20at%20clearStack%20(http%3A%2F%2Flocalhost%3A8080%2Fbase%2Fnode_modules%2Fjasmine-core%2Flib%2Fjasmine-core%2Fjasmine.js%3F578a1e5ff14db21b04e2d6db7fd0eda37042440c%3A605)%0A%20%20%20%20at%20http%3A%2F%2Flocalhost%3A8080%2Fbase%2Fnode_modules%2Fjasmine-core%2Flib%2Fjasmine-core%2Fjasmine.js%3F578a1e5ff14db21b04e2d6db7fd0eda37042440c%3A1784%0A%20%20%20%20at%20http%3A%2F%2Flocalhost%3A8080%2Fbase%2Fnode_modules%2Fjasmine-core%2Flib%2Fjasmine-core%2Fjasmine.js%3F578a1e5ff14db21b04e2d6db7fd0eda37042440c%3A1762%0A%20%20%20%20at%20http%3A%2F%2Flocalhost%3A8080%2Fbase%2Fnode_modules%2Fjasmine-core%2Flib%2Fjasmine-core%2Fjasmine.js%3F578a1e5ff14db21b04e2d6db7fd0eda37042440c%3A627%0A%20%20%20%20at%20http%3A%2F%2Flocalhost%3A8080%2Fbase%2Fnode_modules%2Fjasmine-core%2Flib%2Fjasmine-core%2Fjasmine.js%3F578a1e5ff14db21b04e2d6db7fd0eda37042440c%3A2354%0A%20%20%20%20at%20attemptAsync%20(http%3A%2F%2Flocalhost%3A8080%2Fbase%2Fnode_modules%2Fjasmine-core%2Flib%2Fjasmine-core%2Fjasmine.js%3F578a1e5ff14db21b04e2d6db7fd0eda37042440c%3A1819)%0A%20%20%20%20at%20http%3A%2F%2Flocalhost%3A8080%2Fbase%2Fnode_modules%2Fjasmine-core%2Flib%2Fjasmine-core%2Fjasmine.js%3F578a1e5ff14db21b04e2d6db7fd0eda37042440c%3A1774%0A%20%20%20%20at%20http%3A%2F%2Flocalhost%3A8080%2Fbase%2Fnode_modules%2Fjasmine-core%2Flib%2Fjasmine-core%2Fjasmine.js%3F578a1e5ff14db21b04e2d6db7fd0eda37042440c%3A1801%0A%20%20%20%20at%20http%3A%2F%2Flocalhost%3A8080%2Fbase%2Fnode_modules%2Fjasmine-core%2Flib%2Fjasmine-core%2Fjasmine.js%3F578a1e5ff14db21b04e2d6db7fd0eda37042440c%3A1745%0A%20%20%20%20at%20http%3A%2F%2Flocalhost%3A8080%2Fbase%2Fnode_modules%2Fjasmine-core%2Flib%2Fjasmine-core%2Fjasmine.js%3F578a1e5ff14db21b04e2d6db7fd0eda37042440c%3A2348%0A%20%20%20%20at%20clearStack%20(http%3A%2F%2Flocalhost%3A8080%2Fbase%2Fnode_modules%2Fjasmine-core%2Flib%2Fjasmine-core%2Fjasmine.js%3F578a1e5ff14db21b04e2d6db7fd0eda37042440c%3A605)%0A%20%20%20%20at%20http%3A%2F%2Flocalhost%3A8080%2Fbase%2Fnode_modules%2Fjasmine-core%2Flib%2Fjasmine-core%2Fjasmine.js%3F578a1e5ff14db21b04e2d6db7fd0eda37042440c%3A1784%0A%20%20%20%20at%20http%3A%2F%2Flocalhost%3A8080%2Fbase%2Fnode_modules%2Fjasmine-core%2Flib%2Fjasmine-core%2Fjasmine.js%3F578a1e5ff14db21b04e2d6db7fd0eda37042440c%3A1762%0A%20%20%20%20at%20http%3A%2F%2Flocalhost%3A8080%2Fbase%2Fnode_modules%2Fjasmine-core%2Flib%2Fjasmine-core%2Fjasmine.js%3F578a1e5ff14db21b04e2d6db7fd0eda37042440c%3A627%0A%20%20%20%20at%20http%3A%2F%2Flocalhost%3A8080%2Fbase%2Fnode_modules%2Fjasmine-core%2Flib%2Fjasmine-core%2Fjasmine.js%3F578a1e5ff14db21b04e2d6db7fd0eda37042440c%3A2354%0A%20%20%20%20at%20attemptAsync%20(http%3A%2F%2Flocalhost%3A8080%2Fbase%2Fnode_modules%2Fjasmine-core%2Flib%2Fjasmine-core%2Fjasmine.js%3F578a1e5ff14db21b04e2d6db7fd0eda37042440c%3A1819)%0A%20%20%20%20at%20http%3A%2F%2Flocalhost%3A8080%2Fbase%2Fnode_modules%2Fjasmine-core%2Flib%2Fjasmine-core%2Fjasmine.js%3F578a1e5ff14db21b04e2d6db7fd0eda37042440c%3A1774%0A%20%20%20%20at%20http%3A%2F%2Flocalhost%3A8080%2Fbase%2Fnode_modules%2Fjasmine-core%2Flib%2Fjasmine-core%2Fjasmine.js%3F578a1e5ff14db21b04e2d6db7fd0eda37042440c%3A1801%0A%20%20%20%20at%20http%3A%2F%2Flocalhost%3A8080%2Fbase%2Fnode_modules%2Fjasmine-core%2Flib%2Fjasmine-core%2Fjasmine.js%3F578a1e5ff14db21b04e2d6db7fd0eda37042440c%3A1745%0A%20%20%20%20at%20http%3A%2F%2Flocalhost%3A8080%2Fbase%2Fnode_modules%2Fjasmine-core%2Flib%2Fjasmine-core%2Fjasmine.js%3F578a1e5ff14db21b04e2d6db7fd0eda37042440c%3A2348%0A%20%20%20%20at%20clearStack%20(http%3A%2F%2Flocalhost%3A8080%2Fbase%2Fnode_modules%2Fjasmine-core%2Flib%2Fjasmine-core%2Fjasmine.js%3F578a1e5ff14db21b04e2d6db7fd0eda37042440c%3A605)%0A%20%20%20%20at%20http%3A%2F%2Flocalhost%3A8080%2Fbase%2Fnode_modules%2Fjasmine-core%2Flib%2Fjasmine-core%2Fjasmine.js%3F578a1e5ff14db21b04e2d6db7fd0eda37042440c%3A1784%0A%20%20%20%20at%20http%3A%2F%2Flocalhost%3A8080%2Fbase%2Fnode_modules%2Fjasmine-core%2Flib%2Fjasmine-core%2Fjasmine.js%3F578a1e5ff14db21b04e2d6db7fd0eda37042440c%3A1762%0A%20%20%20%20at%20http%3A%2F%2Flocalhost%3A8080%2Fbase%2Fnode_modules%2Fjasmine-core%2Flib%2Fjasmine-core%2Fjasmine.js%3F578a1e5ff14db21b04e2d6db7fd0eda37042440c%3A627%0A%20%20%20%20at%20http%3A%2F%2Flocalhost%3A8080%2Fbase%2Fnode_modules%2Fjasmine-core%2Flib%2Fjasmine-core%2Fjasmine.js%3F578a1e5ff14db21b04e2d6db7fd0eda37042440c%3A2354%0A%20%20%20%20at%20attemptAsync%20(http%3A%2F%2Flocalhost%3A8080%2Fbase%2Fnode_modules%2Fjasmine-core%2Flib%2Fjasmine-core%2Fjasmine.js%3F578a1e5ff14db21b04e2d6db7fd0eda37042440c%3A1819)%0A%20%20%20%20at%20http%3A%2F%2Flocalhost%3A8080%2Fbase%2Fnode_modules%2Fjasmine-core%2Flib%2Fjasmine-core%2Fjasmine.js%3F578a1e5ff14db21b04e2d6db7fd0eda37042440c%3A1774%0A%20%20%20%20at%20http%3A%2F%2Flocalhost%3A8080%2Fbase%2Fnode_modules%2Fjasmine-core%2Flib%2Fjasmine-core%2Fjasmine.js%3F578a1e5ff14db21b04e2d6db7fd0eda37042440c%3A1801%0A%20%20%20%20at%20http%3A%2F%2Flocalhost%3A8080%2Fbase%2Fnode_modules%2Fjasmine-core%2Flib%2Fjasmine-core%2Fjasmine.js%3F578a1e5ff14db21b04e2d6db7fd0eda37042440c%3A1745%0A%20%20%20%20at%20http%3A%2F%2Flocalhost%3A8080%2Fbase%2Fnode_modules%2Fjasmine-core%2Flib%2Fjasmine-core%2Fjasmine.js%3F578a1e5ff14db21b04e2d6db7fd0eda37042440c%3A2348%0A%20%20%20%20at%20clearStack%20(http%3A%2F%2Flocalhost%3A8080%2Fbase%2Fnode_modules%2Fjasmine-core%2Flib%2Fjasmine-core%2Fjasmine.js%3F578a1e5ff14db21b04e2d6db7fd0eda37042440c%3A605)%0A%20%20%20%20at%20http%3A%2F%2Flocalhost%3A8080%2Fbase%2Fnode_modules%2Fjasmine-core%2Flib%2Fjasmine-core%2Fjasmine.js%3F578a1e5ff14db21b04e2d6db7fd0eda37042440c%3A1784%0A%20%20%20%20at%20http%3A%2F%2Flocalhost%3A8080%2Fbase%2Fnode_modules%2Fjasmine-core%2Flib%2Fjasmine-core%2Fjasmine.js%3F578a1e5ff14db21b04e2d6db7fd0eda37042440c%3A1762%0A%20%20%20%20at%20http%3A%2F%2Flocalhost%3A8080%2Fbase%2Fnode_modules%2Fjasmine-core%2Flib%2Fjasmine-core%2Fjasmine.js%3F578a1e5ff14db21b04e2d6db7fd0eda37042440c%3A627%0A%20%20%20%20at%20http%3A%2F%2Flocalhost%3A8080%2Fbase%2Fnode_modules%2Fjasmine-core%2Flib%2Fjasmine-core%2Fjasmine.js%3F578a1e5ff14db21b04e2d6db7fd0eda37042440c%3A2354%0A%20%20%20%20at%20attemptAsync%20(http%3A%2F%2Flocalhost%3A8080%2Fbase%2Fnode_modules%2Fjasmine-core%2Flib%2Fjasmine-core%2Fjasmine.js%3F578a1e5ff14db21b04e2d6db7fd0eda37042440c%3A1819)%0A%20%20%20%20at%20http%3A%2F%2Flocalhost%3A8080%2Fbase%2Fnode_modules%2Fjasmine-core%2Flib%2Fjasmine-core%2Fjasmine.js%3F578a1e5ff14db21b04e2d6db7fd0eda37042440c%3A1774%0A%20%20%20%20at%20http%3A%2F%2Flocalhost%3A8080%2Fbase%2Fnode_modules%2Fjasmine-core%2Flib%2Fjasmine-core%2Fjasmine.js%3F578a1e5ff14db21b04e2d6db7fd0eda37042440c%3A1801%0A%20%20%20%20at%20http%3A%2F%2Flocalhost%3A8080%2Fbase%2Fnode_modules%2Fjasmine-core%2Flib%2Fjasmine-core%2Fjasmine.js%3F578a1e5ff14db21b04e2d6db7fd0eda37042440c%3A1745%0A%20%20%20%20at%20http%3A%2F%2Flocalhost%3A8080%2Fbase%2Fnode_modules%2Fjasmine-core%2Flib%2Fjasmine-core%2Fjasmine.js%3F578a1e5ff14db21b04e2d6db7fd0eda37042440c%3A2348%0A%20%20%20%20at%20clearStack%20(http%3A%2F%2Flocalhost%3A8080%2Fbase%2Fnode_modules%2Fjasmine-core%2Flib%2Fjasmine-core%2Fjasmine.js%3F578a1e5ff14db21b04e2d6db7fd0eda37042440c%3A605)%0A%20%20%20%20at%20http%3A%2F%2Flocalhost%3A8080%2Fbase%2Fnode_modules%2Fjasmine-core%2Flib%2Fjasmine-core%2Fjasmine.js%3F578a1e5ff14db21b04e2d6db7fd0eda37042440c%3A1784%0A%20%20%20%20at%20http%3A%2F%2Flocalhost%3A8080%2Fbase%2Fnode_modules%2Fjasmine-core%2Flib%2Fjasmine-core%2Fjasmine.js%3F578a1e5ff14db21b04e2d6db7fd0eda37042440c%3A1762%0A%20%20%20%20at%20http%3A%2F%2Flocalhost%3A8080%2Fbase%2Fnode_modules%2Fjasmine-core%2Flib%2Fjasmine-core%2Fjasmine.js%3F578a1e5ff14db21b04e2d6db7fd0eda37042440c%3A627%0A%20%20%20%20at%20http%3A%2F%2Flocalhost%3A8080%2Fbase%2Fnode_modules%2Fjasmine-core%2Flib%2Fjasmine-core%2Fjasmine.js%3F578a1e5ff14db21b04e2d6db7fd0eda37042440c%3A2354%0A%20%20%20%20at%20attemptAsync%20(http%3A%2F%2Flocalhost%3A8080%2Fbase%2Fnode_modules%2Fjasmine-core%2Flib%2Fjasmine-core%2Fjasmine.js%3F578a1e5ff14db21b04e2d6db7fd0eda37042440c%3A1819)%0A%20%20%20%20at%20http%3A%2F%2Flocalhost%3A8080%2Fbase%2Fnode_modules%2Fjasmine-core%2Flib%2Fjasmine-core%2Fjasmine.js%3F578a1e5ff14db21b04e2d6db7fd0eda37042440c%3A1774%0A%20%20%20%20at%20http%3A%2F%2Flocalhost%3A8080%2Fbase%2Fnode_modules%2Fjasmine-core%2Flib%2Fjasmine-core%2Fjasmine.js%3F578a1e5ff14db21b04e2d6db7fd0eda37042440c%3A1801%0A%20%20%20%20at%20http%3A%2F%2Flocalhost%3A8080%2Fbase%2Fnode_modules%2Fjasmine-core%2Flib%2Fjasmine-core%2Fjasmine.js%3F578a1e5ff14db21b04e2d6db7fd0eda37042440c%3A1745%0A%20%20%20%20at%20http%3A%2F%2Flocalhost%3A8080%2Fbase%2Fnode_modules%2Fjasmine-core%2Flib%2Fjasmine-core%2Fjasmine.js%3F578a1e5ff14db21b04e2d6db7fd0eda37042440c%3A2348%0A%20%20%20%20at%20clearStack%20(http%3A%2F%2Flocalhost%3A8080%2Fbase%2Fnode_modules%2Fjasmine-core%2Flib%2Fjasmine-core%2Fjasmine.js%3F578a1e5ff14db21b04e2d6db7fd0eda37042440c%3A605)%0A%20%20%20%20at%20http%3A%2F%2Flocalhost%3A8080%2Fbase%2Fnode_modules%2Fjasmine-core%2Flib%2Fjasmine-core%2Fjasmine.js%3F578a1e5ff14db21b04e2d6db7fd0eda37042440c%3A1784%0A%20%20%20%20at%20http%3A%2F%2Flocalhost%3A8080%2Fbase%2Fnode_modules%2Fjasmine-core%2Flib%2Fjasmine-core%2Fjasmine.js%3F578a1e5ff14db21b04e2d6db7fd0eda37042440c%3A1762%0A%20%20%20%20at%20http%3A%2F%2Flocalhost%3A8080%2Fbase%2Fnode_modules%2Fjasmine-core%2Flib%2Fjasmine-core%2Fjasmine.js%3F578a1e5ff14db21b04e2d6db7fd0eda37042440c%3A627%0A%20%20%20%20at%20http%3A%2F%2Flocalhost%3A8080%2Fbase%2Fnode_modules%2Fjasmine-core%2Flib%2Fjasmine-core%2Fjasmine.js%3F578a1e5ff14db21b04e2d6db7fd0eda37042440c%3A2354%0A%20%20%20%20at%20attemptAsync%20(http%3A%2F%2Flocalhost%3A8080%2Fbase%2Fnode_modules%2Fjasmine-core%2Flib%2Fjasmine-core%2Fjasmine.js%3F578a1e5ff14db21b04e2d6db7fd0eda37042440c%3A1819)%0A%20%20%20%20at%20http%3A%2F%2Flocalhost%3A8080%2Fbase%2Fnode_modules%2Fjasmine-core%2Flib%2Fjasmine-core%2Fjasmine.js%3F578a1e5ff14db21b04e2d6db7fd0eda37042440c%3A1774%0A%20%20%20%20at%20http%3A%2F%2Flocalhost%3A8080%2Fbase%2Fnode_modules%2Fjasmine-core%2Flib%2Fjasmine-core%2Fjasmine.js%3F578a1e5ff14db21b04e2d6db7fd0eda37042440c%3A1762%0A%20%20%20%20at%20http%3A%2F%2Flocalhost%3A8080%2Fbase%2Fnode_modules%2Fjasmine-core%2Flib%2Fjasmine-core%2Fjasmine.js%3F578a1e5ff14db21b04e2d6db7fd0eda37042440c%3A627%0A%20%20%20%20at%20http%3A%2F%2Flocalhost%3A8080%2Fbase%2Fnode_modules%2Fjasmine-core%2Flib%2Fjasmine-core%2Fjasmine.js%3F578a1e5ff14db21b04e2d6db7fd0eda37042440c%3A2215%0A%20%20%20%20at%20http%3A%2F%2Flocalhost%3A8080%2Fbase%2Fnode_modules%2Fjasmine-core%2Flib%2Fjasmine-core%2Fjasmine.js%3F578a1e5ff14db21b04e2d6db7fd0eda37042440c%3A678%0A%20%20%20%20at%20http%3A%2F%2Flocalhost%3A8080%2Fbase%2Fnode_modules%2Fkarma-jasmine%2Flib%2Fadapter.js%3F0a69ad1fa10cc8be0a12b241227d3b834f82db4f%3A317%0A%20%20%20%20at%20http%3A%2F%2Flocalhost%3A8080%2Fkarma.js%3A185%0A%20%20%20%20at%20http%3A%2F%2Flocalhost%3A8080%2Fcontext.html%3A127%0Ahttp%3A%2F%2Ferrors.angularjs.org%2F1.4.1%2F%24injector%2Fmodulerr%3Fp0%3Dui.bootstrap%26p1%3DError%253A%2520%255B%2524injector%253Anomod%255D%2520Module%2520&apos;ui.bootstrap&apos;%2520is%2520not%2520available!%2520You%2520either%2520misspelled%2520the%2520module%2520name%2520or%2520forgot%2520to%2520load%2520it.%2520If%2520registering%2520a%2520module%2520ensure%2520that%2520you%2520specify%2520the%2520dependencies%2520as%2520the%2520second%2520argument.%250Ahttp%253A%252F%252Ferrors.angularjs.org%252F1.4.1%252F%2524injector%252Fnomod%253Fp0%253Dui.bootstrap%250A%2520%2520%2520%2520at%2520http%253A%252F%252Flocalhost%253A8080%252Fbase%252Fapp%252Fvendor%252Fangular%252Fangular.js%253F9d140432f81858ac1e7888708720d419d147ffa9%253A1951%250A%2520%2520%2520%2520at%2520ensure%2520(http%253A%252F%252Flocalhost%253A8080%252Fbase%252Fapp%252Fvendor%252Fangular%252Fangular.js%253F9d140432f81858ac1e7888708720d419d147ffa9%253A1873)%250A%2520%2520%2520%2520at%2520module%2520(http%253A%252F%252Flocalhost%253A8080%252Fbase%252Fapp%252Fvendor%252Fangular%252Fangular.js%253F9d140432f81858ac1e7888708720d419d147ffa9%253A2201)%250A%2520%2520%2520%2520at%2520http%253A%252F%252Flocalhost%253A8080%252Fbase%252Fapp%252Fvendor%252Fangular%252Fangular.js%253F9d140432f81858ac1e7888708720d419d147ffa9%253A4355%250A%2520%2520%2520%2520at%2520forEach%2520(http%253A%252F%252Flocalhost%253A8080%252Fbase%252Fapp%252Fvendor%252Fangular%252Fangular.js%253F9d140432f81858ac1e7888708720d419d147ffa9%253A336)%250A%2520%2520%2520%2520at%2520loadModules%2520(http%253A%252F%252Flocalhost%253A8080%252Fbase%252Fapp%252Fvendor%252Fangular%252Fangular.js%253F9d140432f81858ac1e7888708720d419d147ffa9%253A4381)%250A%2520%2520%2520%2520at%2520http%253A%252F%252Flocalhost%253A8080%252Fbase%252Fapp%252Fvendor%252Fangular%252Fangular.js%253F9d140432f81858ac1e7888708720d419d147ffa9%253A4356%250A%2520%2520%2520%2520at%2520forEach%2520(http%253A%252F%252Flocalhost%253A8080%252Fbase%252Fapp%252Fvendor%252Fangular%252Fangular.js%253F9d140432f81858ac1e7888708720d419d147ffa9%253A336)%250A%2520%2520%2520%2520at%2520loadModules%2520(http%253A%252F%252Flocalhost%253A8080%252Fbase%252Fapp%252Fvendor%252Fangular%252Fangular.js%253F9d140432f81858ac1e7888708720d419d147ffa9%253A4381)%250A%2520%2520%2520%2520at%2520createInjector%2520(http%253A%252F%252Flocalhost%253A8080%252Fbase%252Fapp%252Fvendor%252Fangular%252Fangular.js%253F9d140432f81858ac1e7888708720d419d147ffa9%253A4265)%250A%2520%2520%2520%2520at%2520workFn%2520(http%253A%252F%252Flocalhost%253A8080%252Fbase%252Fapp%252Fvendor%252Fangular-mocks%252Fangular-mocks.js%253F6fe041cc8bb7a17f894cb12d8b0d44b12644f10a%253A2409)%250A%2520%2520%2520%2520at%2520attemptSync%2520(http%253A%252F%252Flocalhost%253A8080%252Fbase%252Fnode_modules%252Fjasmine-core%252Flib%252Fjasmine-core%252Fjasmine.js%253F578a1e5ff14db21b04e2d6db7fd0eda37042440c%253A1789)%250A%2520%2520%2520%2520at%2520http%253A%252F%252Flocalhost%253A8080%252Fbase%252Fnode_modules%252Fjasmine-core%252Flib%252Fjasmine-core%252Fjasmine.js%253F578a1e5ff14db21b04e2d6db7fd0eda37042440c%253A1777%250A%2520%2520%2520%2520at%2520http%253A%252F%252Flocalhost%253A8080%252Fbase%252Fnode_modules%252Fjasmine-core%252Flib%252Fjasmine-core%252Fjasmine.js%253F578a1e5ff14db21b04e2d6db7fd0eda37042440c%253A1762%250A%2520%2520%2520%2520at%2520http%253A%252F%252Flocalhost%253A8080%252Fbase%252Fnode_modules%252Fjasmine-core%252Flib%252Fjasmine-core%252Fjasmine.js%253F578a1e5ff14db21b04e2d6db7fd0eda37042440c%253A627%250A%2520%2520%2520%2520at%2520http%253A%252F%252Flocalhost%253A8080%252Fbase%252Fnode_modules%252Fjasmine-core%252Flib%252Fjasmine-core%252Fjasmine.js%253F578a1e5ff14db21b04e2d6db7fd0eda37042440c%253A357%250A%2520%2520%2520%2520at%2520http%253A%252F%252Flocalhost%253A8080%252Fbase%252Fnode_modules%252Fjasmine-core%252Flib%252Fjasmine-core%252Fjasmine.js%253F578a1e5ff14db21b04e2d6db7fd0eda37042440c%253A2360%250A%2520%2520%2520%2520at%2520attemptAsync%2520(http%253A%252F%252Flocalhost%253A8080%252Fbase%252Fnode_modules%252Fjasmine-core%252Flib%252Fjasmine-core%252Fjasmine.js%253F578a1e5ff14db21b04e2d6db7fd0eda37042440c%253A1819)%250A%2520%2520%2520%2520at%2520http%253A%252F%252Flocalhost%253A8080%252Fbase%252Fnode_modules%252Fjasmine-core%252Flib%252Fjasmine-core%252Fjasmine.js%253F578a1e5ff14db21b04e2d6db7fd0eda37042440c%253A1774%250A%2520%2520%2520%2520at%2520http%253A%252F%252Flocalhost%253A8080%252Fbase%252Fnode_modules%252Fjasmine-core%252Flib%252Fjasmine-core%252Fjasmine.js%253F578a1e5ff14db21b04e2d6db7fd0eda37042440c%253A1762%250A%2520%2520%2520%2520at%2520http%253A%252F%252Flocalhost%253A8080%252Fbase%252Fnode_modules%252Fjasmine-core%252Flib%252Fjasmine-core%252Fjasmine.js%253F578a1e5ff14db21b04e2d6db7fd0eda37042440c%253A627%250A%2520%2520%2520%2520at%2520http%253A%252F%252Flocalhost%253A8080%252Fbase%252Fnode_modules%252Fjasmine-core%252Flib%252Fjasmine-core%252Fjasmine.js%253F578a1e5ff14db21b04e2d6db7fd0eda37042440c%253A2354%250A%2520%2520%2520%2520at%2520attemptAsync%2520(http%253A%252F%252Flocalhost%253A8080%252Fbase%252Fnode_modules%252Fjasmine-core%252Flib%252Fjasmine-core%252Fjasmine.js%253F578a1e5ff14db21b04e2d6db7fd0eda37042440c%253A1819)%250A%2520%2520%2520%2520at%2520http%253A%252F%252Flocalhost%253A8080%252Fbase%252Fnode_modules%252Fjasmine-core%252Flib%252Fjasmine-core%252Fjasmine.js%253F578a1e5ff14db21b04e2d6db7fd0eda37042440c%253A1774%250A%2520%2520%2520%2520at%2520http%253A%252F%252Flocalhost%253A8080%252Fbase%252Fnode_modules%252Fjasmine-core%252Flib%252Fjasmine-core%252Fjasmine.js%253F578a1e5ff14db21b04e2d6db7fd0eda37042440c%253A1801%250A%2520%2520%2520%2520at%2520http%253A%252F%252Flocalhost%253A8080%252Fbase%252Fnode_modules%252Fjasmine-core%252Flib%252Fjasmine-core%252Fjasmine.js%253F578a1e5ff14db21b04e2d6db7fd0eda37042440c%253A1745%250A%2520%2520%2520%2520at%2520http%253A%252F%252Flocalhost%253A8080%252Fbase%252Fnode_modules%252Fjasmine-core%252Flib%252Fjasmine-core%252Fjasmine.js%253F578a1e5ff14db21b04e2d6db7fd0eda37042440c%253A2348%250A%2520%2520%2520%2520at%2520clearStack%2520(http%253A%252F%252Flocalhost%253A8080%252Fbase%252Fnode_modules%252Fjasmine-core%252Flib%252Fjasmine-core%252Fjasmine.js%253F578a1e5ff14db21b04e2d6db7fd0eda37042440c%253A605)%250A%2520%2520%2520%2520at%2520http%253A%252F%252Flocalhost%253A8080%252Fbase%252Fnode_modules%252Fjasmine-core%252Flib%252Fjasmine-core%252Fjasmine.js%253F578a1e5ff14db21b04e2d6db7fd0eda37042440c%253A1784%250A%2520%2520%2520%2520at%2520http%253A%252F%252Flocalhost%253A8080%252Fbase%252Fnode_modules%252Fjasmine-core%252Flib%252Fjasmine-core%252Fjasmine.js%253F578a1e5ff14db21b04e2d6db7fd0eda37042440c%253A1762%250A%2520%2520%2520%2520at%2520http%253A%252F%252Flocalhost%253A8080%252Fbase%252Fnode_modules%252Fjasmine-core%252Flib%252Fjasmine-core%252Fjasmine.js%253F578a1e5ff14db21b04e2d6db7fd0eda37042440c%253A627%250A%2520%2520%2520%2520at%2520http%253A%252F%252Flocalhost%253A8080%252Fbase%252Fnode_modules%252Fjasmine-core%252Flib%252Fjasmine-core%252Fjasmine.js%253F578a1e5ff14db21b04e2d6db7fd0eda37042440c%253A2354%250A%2520%2520%2520%2520at%2520attemptAsync%2520(http%253A%252F%252Flocalhost%253A8080%252Fbase%252Fnode_modules%252Fjasmine-core%252Flib%252Fjasmine-core%252Fjasmine.js%253F578a1e5ff14db21b04e2d6db7fd0eda37042440c%253A1819)%250A%2520%2520%2520%2520at%2520http%253A%252F%252Flocalhost%253A8080%252Fbase%252Fnode_modules%252Fjasmine-core%252Flib%252Fjasmine-core%252Fjasmine.js%253F578a1e5ff14db21b04e2d6db7fd0eda37042440c%253A1774%250A%2520%2520%2520%2520at%2520http%253A%252F%252Flocalhost%253A8080%252Fbase%252Fnode_modules%252Fjasmine-core%252Flib%252Fjasmine-core%252Fjasmine.js%253F578a1e5ff14db21b04e2d6db7fd0eda37042440c%253A1801%250A%2520%2520%2520%2520at%2520http%253A%252F%252Flocalhost%253A8080%252Fbase%252Fnode_modules%252Fjasmine-core%252Flib%252Fjasmine-core%252Fjasmine.js%253F578a1e5ff14db21b04e2d6db7fd0eda37042440c%253A1745%250A%2520%2520%2520%2520at%2520http%253A%252F%252Flocalhost%253A8080%252Fbase%252Fnode_modules%252Fjasmine-core%252Flib%252Fjasmine-core%252Fjasmine.js%253F578a1e5ff14db21b04e2d6db7fd0eda37042440c%253A2348%250A%2520%2520%2520%2520at%2520clearStack%2520(http%253A%252F%252Flocalhost%253A8080%252Fbase%252Fnode_modules%252Fjasmine-core%252Flib%252Fjasmine-core%252Fjasmine.js%253F578a1e5ff14db21b04e2d6db7fd0eda37042440c%253A605)%250A%2520%2520%2520%2520at%2520http%253A%252F%252Flocalhost%253A8080%252Fbase%252Fnode_modules%252Fjasmine-core%252Flib%252Fjasmine-core%252Fjasmine.js%253F578a1e5ff14db21b04e2d6db7fd0eda37042440c%253A1784%250A%2520%2520%2520%2520at%2520http%253A%252F%252Flocalhost%253A8080%252Fbase%252Fnode_modules%252Fjasmine-core%252Flib%252Fjasmine-core%252Fjasmine.js%253F578a1e5ff14db21b04e2d6db7fd0eda37042440c%253A1762%250A%2520%2520%2520%2520at%2520http%253A%252F%252Flocalhost%253A8080%252Fbase%252Fnode_modules%252Fjasmine-core%252Flib%252Fjasmine-core%252Fjasmine.js%253F578a1e5ff14db21b04e2d6db7fd0eda37042440c%253A627%250A%2520%2520%2520%2520at%2520http%253A%252F%252Flocalhost%253A8080%252Fbase%252Fnode_modules%252Fjasmine-core%252Flib%252Fjasmine-core%252Fjasmine.js%253F578a1e5ff14db21b04e2d6db7fd0eda37042440c%253A2354%250A%2520%2520%2520%2520at%2520attemptAsync%2520(http%253A%252F%252Flocalhost%253A8080%252Fbase%252Fnode_modules%252Fjasmine-core%252Flib%252Fjasmine-core%252Fjasmine.js%253F578a1e5ff14db21b04e2d6db7fd0eda37042440c%253A1819)%250A%2520%2520%2520%2520at%2520http%253A%252F%252Flocalhost%253A8080%252Fbase%252Fnode_modules%252Fjasmine-core%252Flib%252Fjasmine-core%252Fjasmine.js%253F578a1e5ff14db21b04e2d6db7fd0eda37042440c%253A1774%250A%2520%2520%2520%2520at%2520http%253A%252F%252Flocalhost%253A8080%252Fbase%252Fnode_modules%252Fjasmine-core%252Flib%252Fjasmine-core%252Fjasmine.js%253F578a1e5ff14db21b04e2d6db7fd0eda37042440c%253A1801%250A%2520%2520%2520%2520at%2520http%253A%252F%252Flocalhost%253A8080%252Fbase%252Fnode_modules%252Fjasmine-core%252Flib%252Fjasmine-core%252Fjasmine.js%253F578a1e5ff14db21b04e2d6db7fd0eda37042440c%253A1745%250A%2520%2520%2520%2520at%2520http%253A%252F%252Flocalhost%253A8080%252Fbase%252Fnode_modules%252Fjasmine-core%252Flib%252Fjasmine-core%252Fjasmine.js%253F578a1e5ff14db21b04e2d6db7fd0eda37042440c%253A2348%250A%2520%2520%2520%2520at%2520clearStack%2520(http%253A%252F%252Flocalhost%253A8080%252Fbase%252Fnode_modules%252Fjasmine-core%252Flib%252Fjasmine-core%252Fjasmine.js%253F578a1e5ff14db21b04e2d6db7fd0eda37042440c%253A605)%250A%2520%2520%2520%2520at%2520http%253A%252F%252Flocalhost%253A8080%252Fbase%252Fnode_modules%252Fjasmine-core%252Flib%252Fjasmine-core%252Fjasmine.js%253F578a1e5ff14db21b04e2d6db7fd0eda37042440c%253A1784%250A%2520%2520%2520%2520at%2520http%253A%252F%252Flocalhost%253A8080%252Fbase%252Fnode_modules%252Fjasmine-core%252Flib%252Fjasmine-core%252Fjasmine.js%253F578a1e5ff14db21b04e2d6db7fd0eda37042440c%253A1801%250A%2520%2520%2520%2520at%2520http%253A%252F%252Flocalhost%253A8080%252Fbase%252Fnode_modules%252Fjasmine-core%252Flib%252Fjasmine-core%252Fjasmine.js%253F578a1e5ff14db21b04e2d6db7fd0eda37042440c%253A1745%250A%2520%2520%2520%2520at%2520complete%2520(http%253A%252F%252Flocalhost%253A8080%252Fbase%252Fnode_modules%252Fjasmine-core%252Flib%252Fjasmine-core%252Fjasmine.js%253F578a1e5ff14db21b04e2d6db7fd0eda37042440c%253A365)%250A%2520%2520%2520%2520at%2520clearStack%2520(http%253A%252F%252Flocalhost%253A8080%252Fbase%252Fnode_modules%252Fjasmine-core%252Flib%252Fjasmine-core%252Fjasmine.js%253F578a1e5ff14db21b04e2d6db7fd0eda37042440c%253A605)%250A%2520%2520%2520%2520at%2520http%253A%252F%252Flocalhost%253A8080%252Fbase%252Fnode_modules%252Fjasmine-core%252Flib%252Fjasmine-core%252Fjasmine.js%253F578a1e5ff14db21b04e2d6db7fd0eda37042440c%253A1784%250A%2520%2520%2520%2520at%2520http%253A%252F%252Flocalhost%253A8080%252Fbase%252Fnode_modules%252Fjasmine-core%252Flib%252Fjasmine-core%252Fjasmine.js%253F578a1e5ff14db21b04e2d6db7fd0eda37042440c%253A1762%250A%2520%2520%2520%2520at%2520http%253A%252F%252Flocalhost%253A8080%252Fbase%252Fnode_modules%252Fjasmine-core%252Flib%252Fjasmine-core%252Fjasmine.js%253F578a1e5ff14db21b04e2d6db7fd0eda37042440c%253A627%250A%2520%2520%2520%2520at%2520http%253A%252F%252Flocalhost%253A8080%252Fbase%252Fnode_modules%252Fjasmine-core%252Flib%252Fjasmine-core%252Fjasmine.js%253F578a1e5ff14db21b04e2d6db7fd0eda37042440c%253A357%250A%2520%2520%2520%2520at%2520http%253A%252F%252Flocalhost%253A8080%252Fbase%252Fnode_modules%252Fjasmine-core%252Flib%252Fjasmine-core%252Fjasmine.js%253F578a1e5ff14db21b04e2d6db7fd0eda37042440c%253A2360%250A%2520%2520%2520%2520at%2520attemptAsync%2520(http%253A%252F%252Flocalhost%253A8080%252Fbase%252Fnode_modules%252Fjasmine-core%252Flib%252Fjasmine-core%252Fjasmine.js%253F578a1e5ff14db21b04e2d6db7fd0eda37042440c%253A1819)%250A%2520%2520%2520%2520at%2520http%253A%252F%252Flocalhost%253A8080%252Fbase%252Fnode_modules%252Fjasmine-core%252Flib%252Fjasmine-core%252Fjasmine.js%253F578a1e5ff14db21b04e2d6db7fd0eda37042440c%253A1774%250A%2520%2520%2520%2520at%2520http%253A%252F%252Flocalhost%253A8080%252Fbase%252Fnode_modules%252Fjasmine-core%252Flib%252Fjasmine-core%252Fjasmine.js%253F578a1e5ff14db21b04e2d6db7fd0eda37042440c%253A1801%250A%2520%2520%2520%2520at%2520http%253A%252F%252Flocalhost%253A8080%252Fbase%252Fnode_modules%252Fjasmine-core%252Flib%252Fjasmine-core%252Fjasmine.js%253F578a1e5ff14db21b04e2d6db7fd0eda37042440c%253A1745%250A%2520%2520%2520%2520at%2520complete%2520(http%253A%252F%252Flocalhost%253A8080%252Fbase%252Fnode_modules%252Fjasmine-core%252Flib%252Fjasmine-core%252Fjasmine.js%253F578a1e5ff14db21b04e2d6db7fd0eda37042440c%253A365)%250A%2520%2520%2520%2520at%2520clearStack%2520(http%253A%252F%252Flocalhost%253A8080%252Fbase%252Fnode_modules%252Fjasmine-core%252Flib%252Fjasmine-core%252Fjasmine.js%253F578a1e5ff14db21b04e2d6db7fd0eda37042440c%253A605)%250A%2520%2520%2520%2520at%2520http%253A%252F%252Flocalhost%253A8080%252Fbase%252Fnode_modules%252Fjasmine-core%252Flib%252Fjasmine-core%252Fjasmine.js%253F578a1e5ff14db21b04e2d6db7fd0eda37042440c%253A1784%250A%2520%2520%2520%2520at%2520http%253A%252F%252Flocalhost%253A8080%252Fbase%252Fnode_modules%252Fjasmine-core%252Flib%252Fjasmine-core%252Fjasmine.js%253F578a1e5ff14db21b04e2d6db7fd0eda37042440c%253A1762%250A%2520%2520%2520%2520at%2520http%253A%252F%252Flocalhost%253A8080%252Fbase%252Fnode_modules%252Fjasmine-core%252Flib%252Fjasmine-core%252Fjasmine.js%253F578a1e5ff14db21b04e2d6db7fd0eda37042440c%253A627%250A%2520%2520%2520%2520at%2520http%253A%252F%252Flocalhost%253A8080%252Fbase%252Fnode_modules%252Fjasmine-core%252Flib%252Fjasmine-core%252Fjasmine.js%253F578a1e5ff14db21b04e2d6db7fd0eda37042440c%253A357%250A%2520%2520%2520%2520at%2520http%253A%252F%252Flocalhost%253A8080%252Fbase%252Fnode_modules%252Fjasmine-core%252Flib%252Fjasmine-core%252Fjasmine.js%253F578a1e5ff14db21b04e2d6db7fd0eda37042440c%253A2360%250A%2520%2520%2520%2520at%2520attemptAsync%2520(http%253A%252F%252Flocalhost%253A8080%252Fbase%252Fnode_modules%252Fjasmine-core%252Flib%252Fjasmine-core%252Fjasmine.js%253F578a1e5ff14db21b04e2d6db7fd0eda37042440c%253A1819)%250A%2520%2520%2520%2520at%2520http%253A%252F%252Flocalhost%253A8080%252Fbase%252Fnode_modules%252Fjasmine-core%252Flib%252Fjasmine-core%252Fjasmine.js%253F578a1e5ff14db21b04e2d6db7fd0eda37042440c%253A1774%250A%2520%2520%2520%2520at%2520http%253A%252F%252Flocalhost%253A8080%252Fbase%252Fnode_modules%252Fjasmine-core%252Flib%252Fjasmine-core%252Fjasmine.js%253F578a1e5ff14db21b04e2d6db7fd0eda37042440c%253A1762%250A%2520%2520%2520%2520at%2520http%253A%252F%252Flocalhost%253A8080%252Fbase%252Fnode_modules%252Fjasmine-core%252Flib%252Fjasmine-core%252Fjasmine.js%253F578a1e5ff14db21b04e2d6db7fd0eda37042440c%253A627%250A%2520%2520%2520%2520at%2520http%253A%252F%252Flocalhost%253A8080%252Fbase%252Fnode_modules%252Fjasmine-core%252Flib%252Fjasmine-core%252Fjasmine.js%253F578a1e5ff14db21b04e2d6db7fd0eda37042440c%253A2354%250A%2520%2520%2520%2520at%2520attemptAsync%2520(http%253A%252F%252Flocalhost%253A8080%252Fbase%252Fnode_modules%252Fjasmine-core%252Flib%252Fjasmine-core%252Fjasmine.js%253F578a1e5ff14db21b04e2d6db7fd0eda37042440c%253A1819)%250A%2520%2520%2520%2520at%2520http%253A%252F%252Flocalhost%253A8080%252Fbase%252Fnode_modules%252Fjasmine-core%252Flib%252Fjasmine-core%252Fjasmine.js%253F578a1e5ff14db21b04e2d6db7fd0eda37042440c%253A1774%250A%2520%2520%2520%2520at%2520http%253A%252F%252Flocalhost%253A8080%252Fbase%252Fnode_modules%252Fjasmine-core%252Flib%252Fjasmine-core%252Fjasmine.js%253F578a1e5ff14db21b04e2d6db7fd0eda37042440c%253A1801%250A%2520%2520%2520%2520at%2520http%253A%252F%252Flocalhost%253A8080%252Fbase%252Fnode_modules%252Fjasmine-core%252Flib%252Fjasmine-core%252Fjasmine.js%253F578a1e5ff14db21b04e2d6db7fd0eda37042440c%253A1745%250A%2520%2520%2520%2520at%2520http%253A%252F%252Flocalhost%253A8080%252Fbase%252Fnode_modules%252Fjasmine-core%252Flib%252Fjasmine-core%252Fjasmine.js%253F578a1e5ff14db21b04e2d6db7fd0eda37042440c%253A2348%250A%2520%2520%2520%2520at%2520clearStack%2520(http%253A%252F%252Flocalhost%253A8080%252Fbase%252Fnode_modules%252Fjasmine-core%252Flib%252Fjasmine-core%252Fjasmine.js%253F578a1e5ff14db21b04e2d6db7fd0eda37042440c%253A605)%250A%2520%2520%2520%2520at%2520http%253A%252F%252Flocalhost%253A8080%252Fbase%252Fnode_modules%252Fjasmine-core%252Flib%252Fjasmine-core%252Fjasmine.js%253F578a1e5ff14db21b04e2d6db7fd0eda37042440c%253A1784%250A%2520%2520%2520%2520at%2520http%253A%252F%252Flocalhost%253A8080%252Fbase%252Fnode_modules%252Fjasmine-core%252Flib%252Fjasmine-core%252Fjasmine.js%253F578a1e5ff14db21b04e2d6db7fd0eda37042440c%253A1762%250A%2520%2520%2520%2520at%2520http%253A%252F%252Flocalhost%253A8080%252Fbase%252Fnode_modules%252Fjasmine-core%252Flib%252Fjasmine-core%252Fjasmine.js%253F578a1e5ff14db21b04e2d6db7fd0eda37042440c%253A627%250A%2520%2520%2520%2520at%2520http%253A%252F%252Flocalhost%253A8080%252Fbase%252Fnode_modules%252Fjasmine-core%252Flib%252Fjasmine-core%252Fjasmine.js%253F578a1e5ff14db21b04e2d6db7fd0eda37042440c%253A2354%250A%2520%2520%2520%2520at%2520attemptAsync%2520(http%253A%252F%252Flocalhost%253A8080%252Fbase%252Fnode_modules%252Fjasmine-core%252Flib%252Fjasmine-core%252Fjasmine.js%253F578a1e5ff14db21b04e2d6db7fd0eda37042440c%253A1819)%250A%2520%2520%2520%2520at%2520http%253A%252F%252Flocalhost%253A8080%252Fbase%252Fnode_modules%252Fjasmine-core%252Flib%252Fjasmine-core%252Fjasmine.js%253F578a1e5ff14db21b04e2d6db7fd0eda37042440c%253A1774%250A%2520%2520%2520%2520at%2520http%253A%252F%252Flocalhost%253A8080%252Fbase%252Fnode_modules%252Fjasmine-core%252Flib%252Fjasmine-core%252Fjasmine.js%253F578a1e5ff14db21b04e2d6db7fd0eda37042440c%253A1801%250A%2520%2520%2520%2520at%2520http%253A%252F%252Flocalhost%253A8080%252Fbase%252Fnode_modules%252Fjasmine-core%252Flib%252Fjasmine-core%252Fjasmine.js%253F578a1e5ff14db21b04e2d6db7fd0eda37042440c%253A1745%250A%2520%2520%2520%2520at%2520http%253A%252F%252Flocalhost%253A8080%252Fbase%252Fnode_modules%252Fjasmine-core%252Flib%252Fjasmine-core%252Fjasmine.js%253F578a1e5ff14db21b04e2d6db7fd0eda37042440c%253A2348%250A%2520%2520%2520%2520at%2520clearStack%2520(http%253A%252F%252Flocalhost%253A8080%252Fbase%252Fnode_modules%252Fjasmine-core%252Flib%252Fjasmine-core%252Fjasmine.js%253F578a1e5ff14db21b04e2d6db7fd0eda37042440c%253A605)%250A%2520%2520%2520%2520at%2520http%253A%252F%252Flocalhost%253A8080%252Fbase%252Fnode_modules%252Fjasmine-core%252Flib%252Fjasmine-core%252Fjasmine.js%253F578a1e5ff14db21b04e2d6db7fd0eda37042440c%253A1784%250A%2520%2520%2520%2520at%2520http%253A%252F%252Flocalhost%253A8080%252Fbase%252Fnode_modules%252Fjasmine-core%252Flib%252Fjasmine-core%252Fjasmine.js%253F578a1e5ff14db21b04e2d6db7fd0eda37042440c%253A1762%250A%2520%2520%2520%2520at%2520http%253A%252F%252Flocalhost%253A8080%252Fbase%252Fnode_modules%252Fjasmine-core%252Flib%252Fjasmine-core%252Fjasmine.js%253F578a1e5ff14db21b04e2d6db7fd0eda37042440c%253A627%250A%2520%2520%2520%2520at%2520http%253A%252F%252Flocalhost%253A8080%252Fbase%252Fnode_modules%252Fjasmine-core%252Flib%252Fjasmine-core%252Fjasmine.js%253F578a1e5ff14db21b04e2d6db7fd0eda37042440c%253A2354%250A%2520%2520%2520%2520at%2520attemptAsync%2520(http%253A%252F%252Flocalhost%253A8080%252Fbase%252Fnode_modules%252Fjasmine-core%252Flib%252Fjasmine-core%252Fjasmine.js%253F578a1e5ff14db21b04e2d6db7fd0eda37042440c%253A1819)%250A%2520%2520%2520%2520at%2520http%253A%252F%252Flocalhost%253A8080%252Fbase%252Fnode_modules%252Fjasmine-core%252Flib%252Fjasmine-core%252Fjasmine.js%253F578a1e5ff14db21b04e2d6db7fd0eda37042440c%253A1774%250A%2520%2520%2520%2520at%2520http%253A%252F%252Flocalhost%253A8080%252Fbase%252Fnode_modules%252Fjasmine-core%252Flib%252Fjasmine-core%252Fjasmine.js%253F578a1e5ff14db21b04e2d6db7fd0eda37042440c%253A1801%250A%2520%2520%2520%2520at%2520http%253A%252F%252Flocalhost%253A8080%252Fbase%252Fnode_modules%252Fjasmine-core%252Flib%252Fjasmine-core%252Fjasmine.js%253F578a1e5ff14db21b04e2d6db7fd0eda37042440c%253A1745%250A%2520%2520%2520%2520at%2520http%253A%252F%252Flocalhost%253A8080%252Fbase%252Fnode_modules%252Fjasmine-core%252Flib%252Fjasmine-core%252Fjasmine.js%253F578a1e5ff14db21b04e2d6db7fd0eda37042440c%253A2348%250A%2520%2520%2520%2520at%2520clearStack%2520(http%253A%252F%252Flocalhost%253A8080%252Fbase%252Fnode_modules%252Fjasmine-core%252Flib%252Fjasmine-core%252Fjasmine.js%253F578a1e5ff14db21b04e2d6db7fd0eda37042440c%253A605)%250A%2520%2520%2520%2520at%2520http%253A%252F%252Flocalhost%253A8080%252Fbase%252Fnode_modules%252Fjasmine-core%252Flib%252Fjasmine-core%252Fjasmine.js%253F578a1e5ff14db21b04e2d6db7fd0eda37042440c%253A1784%250A%2520%2520%2520%2520at%2520http%253A%252F%252Flocalhost%253A8080%252Fbase%252Fnode_modules%252Fjasmine-core%252Flib%252Fjasmine-core%252Fjasmine.js%253F578a1e5ff14db21b04e2d6db7fd0eda37042440c%253A1762%250A%2520%2520%2520%2520at%2520http%253A%252F%252Flocalhost%253A8080%252Fbase%252Fnode_modules%252Fjasmine-core%252Flib%252Fjasmine-core%252Fjasmine.js%253F578a1e5ff14db21b04e2d6db7fd0eda37042440c%253A627%250A%2520%2520%2520%2520at%2520http%253A%252F%252Flocalhost%253A8080%252Fbase%252Fnode_modules%252Fjasmine-core%252Flib%252Fjasmine-core%252Fjasmine.js%253F578a1e5ff14db21b04e2d6db7fd0eda37042440c%253A2354%250A%2520%2520%2520%2520at%2520attemptAsync%2520(http%253A%252F%252Flocalhost%253A8080%252Fbase%252Fnode_modules%252Fjasmine-core%252Flib%252Fjasmine-core%252Fjasmine.js%253F578a1e5ff14db21b04e2d6db7fd0eda37042440c%253A1819)%250A%2520%2520%2520%2520at%2520http%253A%252F%252Flocalhost%253A8080%252Fbase%252Fnode_modules%252Fjasmine-core%252Flib%252Fjasmine-core%252Fjasmine.js%253F578a1e5ff14db21b04e2d6db7fd0eda37042440c%253A1774%250A%2520%2520%2520%2520at%2520http%253A%252F%252Flocalhost%253A8080%252Fbase%252Fnode_modules%252Fjasmine-core%252Flib%252Fjasmine-core%252Fjasmine.js%253F578a1e5ff14db21b04e2d6db7fd0eda37042440c%253A1801%250A%2520%2520%2520%2520at%2520http%253A%252F%252Flocalhost%253A8080%252Fbase%252Fnode_modules%252Fjasmine-core%252Flib%252Fjasmine-core%252Fjasmine.js%253F578a1e5ff14db21b04e2d6db7fd0eda37042440c%253A1745%250A%2520%2520%2520%2520at%2520http%253A%252F%252Flocalhost%253A8080%252Fbase%252Fnode_modules%252Fjasmine-core%252Flib%252Fjasmine-core%252Fjasmine.js%253F578a1e5ff14db21b04e2d6db7fd0eda37042440c%253A2348%250A%2520%2520%2520%2520at%2520clearStack%2520(http%253A%252F%252Flocalhost%253A8080%252Fbase%252Fnode_modules%252Fjasmine-core%252Flib%252Fjasmine-core%252Fjasmine.js%253F578a1e5ff14db21b04e2d6db7fd0eda37042440c%253A605)%250A%2520%2520%2520%2520at%2520http%253A%252F%252Flocalhost%253A8080%252Fbase%252Fnode_modules%252Fjasmine-core%252Flib%252Fjasmine-core%252Fjasmine.js%253F578a1e5ff14db21b04e2d6db7fd0eda37042440c%253A1784%250A%2520%2520%2520%2520at%2520http%253A%252F%252Flocalhost%253A8080%252Fbase%252Fnode_modules%252Fjasmine-core%252Flib%252Fjasmine-core%252Fjasmine.js%253F578a1e5ff14db21b04e2d6db7fd0eda37042440c%253A1762%250A%2520%2520%2520%2520at%2520http%253A%252F%252Flocalhost%253A8080%252Fbase%252Fnode_modules%252Fjasmine-core%252Flib%252Fjasmine-core%252Fjasmine.js%253F578a1e5ff14db21b04e2d6db7fd0eda37042440c%253A627%250A%2520%2520%2520%2520at%2520http%253A%252F%252Flocalhost%253A8080%252Fbase%252Fnode_modules%252Fjasmine-core%252Flib%252Fjasmine-core%252Fjasmine.js%253F578a1e5ff14db21b04e2d6db7fd0eda37042440c%253A2354%250A%2520%2520%2520%2520at%2520attemptAsync%2520(http%253A%252F%252Flocalhost%253A8080%252Fbase%252Fnode_modules%252Fjasmine-core%252Flib%252Fjasmine-core%252Fjasmine.js%253F578a1e5ff14db21b04e2d6db7fd0eda37042440c%253A1819)%250A%2520%2520%2520%2520at%2520http%253A%252F%252Flocalhost%253A8080%252Fbase%252Fnode_modules%252Fjasmine-core%252Flib%252Fjasmine-core%252Fjasmine.js%253F578a1e5ff14db21b04e2d6db7fd0eda37042440c%253A1774%250A%2520%2520%2520%2520at%2520http%253A%252F%252Flocalhost%253A8080%252Fbase%252Fnode_modules%252Fjasmine-core%252Flib%252Fjasmine-core%252Fjasmine.js%253F578a1e5ff14db21b04e2d6db7fd0eda37042440c%253A1801%250A%2520%2520%2520%2520at%2520http%253A%252F%252Flocalhost%253A8080%252Fbase%252Fnode_modules%252Fjasmine-core%252Flib%252Fjasmine-core%252Fjasmine.js%253F578a1e5ff14db21b04e2d6db7fd0eda37042440c%253A1745%250A%2520%2520%2520%2520at%2520http%253A%252F%252Flocalhost%253A8080%252Fbase%252Fnode_modules%252Fjasmine-core%252Flib%252Fjasmine-core%252Fjasmine.js%253F578a1e5ff14db21b04e2d6db7fd0eda37042440c%253A2348%250A%2520%2520%2520%2520at%2520clearStack%2520(http%253A%252F%252Flocalhost%253A8080%252Fbase%252Fnode_modules%252Fjasmine-core%252Flib%252Fjasmine-core%252Fjasmine.js%253F578a1e5ff14db21b04e2d6db7fd0eda37042440c%253A605)%250A%2520%2520%2520%2520at%2520http%253A%252F%252Flocalhost%253A8080%252Fbase%252Fnode_modules%252Fjasmine-core%252Flib%252Fjasmine-core%252Fjasmine.js%253F578a1e5ff14db21b04e2d6db7fd0eda37042440c%253A1784%250A%2520%2520%2520%2520at%2520http%253A%252F%252Flocalhost%253A8080%252Fbase%252Fnode_modules%252Fjasmine-core%252Flib%252Fjasmine-core%252Fjasmine.js%253F578a1e5ff14db21b04e2d6db7fd0eda37042440c%253A1762%250A%2520%2520%2520%2520at%2520http%253A%252F%252Flocalhost%253A8080%252Fbase%252Fnode_modules%252Fjasmine-core%252Flib%252Fjasmine-core%252Fjasmine.js%253F578a1e5ff14db21b04e2d6db7fd0eda37042440c%253A627%250A%2520%2520%2520%2520at%2520http%253A%252F%252Flocalhost%253A8080%252Fbase%252Fnode_modules%252Fjasmine-core%252Flib%252Fjasmine-core%252Fjasmine.js%253F578a1e5ff14db21b04e2d6db7fd0eda37042440c%253A2354%250A%2520%2520%2520%2520at%2520attemptAsync%2520(http%253A%252F%252Flocalhost%253A8080%252Fbase%252Fnode_modules%252Fjasmine-core%252Flib%252Fjasmine-core%252Fjasmine.js%253F578a1e5ff14db21b04e2d6db7fd0eda37042440c%253A1819)%250A%2520%2520%2520%2520at%2520http%253A%252F%252Flocalhost%253A8080%252Fbase%252Fnode_modules%252Fjasmine-core%252Flib%252Fjasmine-core%252Fjasmine.js%253F578a1e5ff14db21b04e2d6db7fd0eda37042440c%253A1774%250A%2520%2520%2520%2520at%2520http%253A%252F%252Flocalhost%253A8080%252Fbase%252Fnode_modules%252Fjasmine-core%252Flib%252Fjasmine-core%252Fjasmine.js%253F578a1e5ff14db21b04e2d6db7fd0eda37042440c%253A1801%250A%2520%2520%2520%2520at%2520http%253A%252F%252Flocalhost%253A8080%252Fbase%252Fnode_modules%252Fjasmine-core%252Flib%252Fjasmine-core%252Fjasmine.js%253F578a1e5ff14db21b04e2d6db7fd0eda37042440c%253A1745%250A%2520%2520%2520%2520at%2520http%253A%252F%252Flocalhost%253A8080%252Fbase%252Fnode_modules%252Fjasmine-core%252Flib%252Fjasmine-core%252Fjasmine.js%253F578a1e5ff14db21b04e2d6db7fd0eda37042440c%253A2348%250A%2520%2520%2520%2520at%2520clearStack%2520(http%253A%252F%252Flocalhost%253A8080%252Fbase%252Fnode_modules%252Fjasmine-core%252Flib%252Fjasmine-core%252Fjasmine.js%253F578a1e5ff14db21b04e2d6db7fd0eda37042440c%253A605)%250A%2520%2520%2520%2520at%2520http%253A%252F%252Flocalhost%253A8080%252Fbase%252Fnode_modules%252Fjasmine-core%252Flib%252Fjasmine-core%252Fjasmine.js%253F578a1e5ff14db21b04e2d6db7fd0eda37042440c%253A1784%250A%2520%2520%2520%2520at%2520http%253A%252F%252Flocalhost%253A8080%252Fbase%252Fnode_modules%252Fjasmine-core%252Flib%252Fjasmine-core%252Fjasmine.js%253F578a1e5ff14db21b04e2d6db7fd0eda37042440c%253A1762%250A%2520%2520%2520%2520at%2520http%253A%252F%252Flocalhost%253A8080%252Fbase%252Fnode_modules%252Fjasmine-core%252Flib%252Fjasmine-core%252Fjasmine.js%253F578a1e5ff14db21b04e2d6db7fd0eda37042440c%253A627%250A%2520%2520%2520%2520at%2520http%253A%252F%252Flocalhost%253A8080%252Fbase%252Fnode_modules%252Fjasmine-core%252Flib%252Fjasmine-core%252Fjasmine.js%253F578a1e5ff14db21b04e2d6db7fd0eda37042440c%253A2354%250A%2520%2520%2520%2520at%2520attemptAsync%2520(http%253A%252F%252Flocalhost%253A8080%252Fbase%252Fnode_modules%252Fjasmine-core%252Flib%252Fjasmine-core%252Fjasmine.js%253F578a1e5ff14db21b04e2d6db7fd0eda37042440c%253A1819)%250A%2520%2520%2520%2520at%2520http%253A%252F%252Flocalhost%253A8080%252Fbase%252Fnode_modules%252Fjasmine-core%252Flib%252Fjasmine-core%252Fjasmine.js%253F578a1e5ff14db21b04e2d6db7fd0eda37042440c%253A1774%250A%2520%2520%2520%2520at%2520http%253A%252F%252Flocalhost%253A8080%252Fbase%252Fnode_modules%252Fjasmine-core%252Flib%252Fjasmine-core%252Fjasmine.js%253F578a1e5ff14db21b04e2d6db7fd0eda37042440c%253A1801%250A%2520%2520%2520%2520at%2520http%253A%252F%252Flocalhost%253A8080%252Fbase%252Fnode_modules%252Fjasmine-core%252Flib%252Fjasmine-core%252Fjasmine.js%253F578a1e5ff14db21b04e2d6db7fd0eda37042440c%253A1745%250A%2520%2520%2520%2520at%2520http%253A%252F%252Flocalhost%253A8080%252Fbase%252Fnode_modules%252Fjasmine-core%252Flib%252Fjasmine-core%252Fjasmine.js%253F578a1e5ff14db21b04e2d6db7fd0eda37042440c%253A2348%250A%2520%2520%2520%2520at%2520clearStack%2520(http%253A%252F%252Flocalhost%253A8080%252Fbase%252Fnode_modules%252Fjasmine-core%252Flib%252Fjasmine-core%252Fjasmine.js%253F578a1e5ff14db21b04e2d6db7fd0eda37042440c%253A605)%250A%2520%2520%2520%2520at%2520http%253A%252F%252Flocalhost%253A8080%252Fbase%252Fnode_modules%252Fjasmine-core%252Flib%252Fjasmine-core%252Fjasmine.js%253F578a1e5ff14db21b04e2d6db7fd0eda37042440c%253A1784%250A%2520%2520%2520%2520at%2520http%253A%252F%252Flocalhost%253A8080%252Fbase%252Fnode_modules%252Fjasmine-core%252Flib%252Fjasmine-core%252Fjasmine.js%253F578a1e5ff14db21b04e2d6db7fd0eda37042440c%253A1762%250A%2520%2520%2520%2520at%2520http%253A%252F%252Flocalhost%253A8080%252Fbase%252Fnode_modules%252Fjasmine-core%252Flib%252Fjasmine-core%252Fjasmine.js%253F578a1e5ff14db21b04e2d6db7fd0eda37042440c%253A627%250A%2520%2520%2520%2520at%2520http%253A%252F%252Flocalhost%253A8080%252Fbase%252Fnode_modules%252Fjasmine-core%252Flib%252Fjasmine-core%252Fjasmine.js%253F578a1e5ff14db21b04e2d6db7fd0eda37042440c%253A2354%250A%2520%2520%2520%2520at%2520attemptAsync%2520(http%253A%252F%252Flocalhost%253A8080%252Fbase%252Fnode_modules%252Fjasmine-core%252Flib%252Fjasmine-core%252Fjasmine.js%253F578a1e5ff14db21b04e2d6db7fd0eda37042440c%253A1819)%250A%2520%2520%2520%2520at%2520http%253A%252F%252Flocalhost%253A8080%252Fbase%252Fnode_modules%252Fjasmine-core%252Flib%252Fjasmine-core%252Fjasmine.js%253F578a1e5ff14db21b04e2d6db7fd0eda37042440c%253A1774%250A%2520%2520%2520%2520at%2520http%253A%252F%252Flocalhost%253A8080%252Fbase%252Fnode_modules%252Fjasmine-core%252Flib%252Fjasmine-core%252Fjasmine.js%253F578a1e5ff14db21b04e2d6db7fd0eda37042440c%253A1762%250A%2520%2520%2520%2520at%2520http%253A%252F%252Flocalhost%253A8080%252Fbase%252Fnode_modules%252Fjasmine-core%252Flib%252Fjasmine-core%252Fjasmine.js%253F578a1e5ff14db21b04e2d6db7fd0eda37042440c%253A627%250A%2520%2520%2520%2520at%2520http%253A%252F%252Flocalhost%253A8080%252Fbase%252Fnode_modules%252Fjasmine-core%252Flib%252Fjasmine-core%252Fjasmine.js%253F578a1e5ff14db21b04e2d6db7fd0eda37042440c%253A2215%250A%2520%2520%2520%2520at%2520http%253A%252F%252Flocalhost%253A8080%252Fbase%252Fnode_modules%252Fjasmine-core%252Flib%252Fjasmine-core%252Fjasmine.js%253F578a1e5ff14db21b04e2d6db7fd0eda37042440c%253A678%250A%2520%2520%2520%2520at%2520http%253A%252F%252Flocalhost%253A8080%252Fbase%252Fnode_modules%252Fkarma-jasmine%252Flib%252Fadapter.js%253F0a69ad1fa10cc8be0a12b241227d3b834f82db4f%253A317%250A%2520%2520%2520%2520at%2520http%253A%252F%252Flocalhost%253A8080%252Fkarma.js%253A185%250A%2520%2520%2520%2520at%2520http%253A%252F%252Flocalhost%253A8080%252Fcontext.html%253A127%0A%20%20%20%20at%20http%3A%2F%2Flocalhost%3A8080%2Fbase%2Fapp%2Fvendor%2Fangular%2Fangular.js%3F9d140432f81858ac1e7888708720d419d147ffa9%3A4379%0A%20%20%20%20at%20forEach%20(http%3A%2F%2Flocalhost%3A8080%2Fbase%2Fapp%2Fvendor%2Fangular%2Fangular.js%3F9d140432f81858ac1e7888708720d419d147ffa9%3A336)%0A%20%20%20%20at%20loadModules%20(http%3A%2F%2Flocalhost%3A8080%2Fbase%2Fapp%2Fvendor%2Fangular%2Fangular.js%3F9d140432f81858ac1e7888708720d419d147ffa9%3A4381)%0A%20%20%20%20at%20http%3A%2F%2Flocalhost%3A8080%2Fbase%2Fapp%2Fvendor%2Fangular%2Fangular.js%3F9d140432f81858ac1e7888708720d419d147ffa9%3A4356%0A%20%20%20%20at%20forEach%20(http%3A%2F%2Flocalhost%3A8080%2Fbase%2Fapp%2Fvendor%2Fangular%2Fangular.js%3F9d140432f81858ac1e7888708720d419d147ffa9%3A336)%0A%20%20%20%20at%20loadModules%20(http%3A%2F%2Flocalhost%3A8080%2Fbase%2Fapp%2Fvendor%2Fangular%2Fangular.js%3F9d140432f81858ac1e7888708720d419d147ffa9%3A4381)%0A%20%20%20%20at%20createInjector%20(http%3A%2F%2Flocalhost%3A8080%2Fbase%2Fapp%2Fvendor%2Fangular%2Fangular.js%3F9d140432f81858ac1e7888708720d419d147ffa9%3A4265)%0A%20%20%20%20at%20workFn%20(http%3A%2F%2Flocalhost%3A8080%2Fbase%2Fapp%2Fvendor%2Fangular-mocks%2Fangular-mocks.js%3F6fe041cc8bb7a17f894cb12d8b0d44b12644f10a%3A2409)%0A%20%20%20%20at%20attemptSync%20(http%3A%2F%2Flocalhost%3A8080%2Fbase%2Fnode_modules%2Fjasmine-core%2Flib%2Fjasmine-core%2Fjasmine.js%3F578a1e5ff14db21b04e2d6db7fd0eda37042440c%3A1789)%0A%20%20%20%20at%20http%3A%2F%2Flocalhost%3A8080%2Fbase%2Fnode_modules%2Fjasmine-core%2Flib%2Fjasmine-core%2Fjasmine.js%3F578a1e5ff14db21b04e2d6db7fd0eda37042440c%3A1777%0A%20%20%20%20at%20http%3A%2F%2Flocalhost%3A8080%2Fbase%2Fnode_modules%2Fjasmine-core%2Flib%2Fjasmine-core%2Fjasmine.js%3F578a1e5ff14db21b04e2d6db7fd0eda37042440c%3A1762%0A%20%20%20%20at%20http%3A%2F%2Flocalhost%3A8080%2Fbase%2Fnode_modules%2Fjasmine-core%2Flib%2Fjasmine-core%2Fjasmine.js%3F578a1e5ff14db21b04e2d6db7fd0eda37042440c%3A627%0A%20%20%20%20at%20http%3A%2F%2Flocalhost%3A8080%2Fbase%2Fnode_modules%2Fjasmine-core%2Flib%2Fjasmine-core%2Fjasmine.js%3F578a1e5ff14db21b04e2d6db7fd0eda37042440c%3A357%0A%20%20%20%20at%20http%3A%2F%2Flocalhost%3A8080%2Fbase%2Fnode_modules%2Fjasmine-core%2Flib%2Fjasmine-core%2Fjasmine.js%3F578a1e5ff14db21b04e2d6db7fd0eda37042440c%3A2360%0A%20%20%20%20at%20attemptAsync%20(http%3A%2F%2Flocalhost%3A8080%2Fbase%2Fnode_modules%2Fjasmine-core%2Flib%2Fjasmine-core%2Fjasmine.js%3F578a1e5ff14db21b04e2d6db7fd0eda37042440c%3A1819)%0A%20%20%20%20at%20http%3A%2F%2Flocalhost%3A8080%2Fbase%2Fnode_modules%2Fjasmine-core%2Flib%2Fjasmine-core%2Fjasmine.js%3F578a1e5ff14db21b04e2d6db7fd0eda37042440c%3A1774%0A%20%20%20%20at%20http%3A%2F%2Flocalhost%3A8080%2Fbase%2Fnode_modules%2Fjasmine-core%2Flib%2Fjasmine-core%2Fjasmine.js%3F578a1e5ff14db21b04e2d6db7fd0eda37042440c%3A1762%0A%20%20%20%20at%20http%3A%2F%2Flocalhost%3A8080%2Fbase%2Fnode_modules%2Fjasmine-core%2Flib%2Fjasmine-core%2Fjasmine.js%3F578a1e5ff14db21b04e2d6db7fd0eda37042440c%3A627%0A%20%20%20%20at%20http%3A%2F%2Flocalhost%3A8080%2Fbase%2Fnode_modules%2Fjasmine-core%2Flib%2Fjasmine-core%2Fjasmine.js%3F578a1e5ff14db21b04e2d6db7fd0eda37042440c%3A2354%0A%20%20%20%20at%20attemptAsync%20(http%3A%2F%2Flocalhost%3A8080%2Fbase%2Fnode_modules%2Fjasmine-core%2Flib%2Fjasmine-core%2Fjasmine.js%3F578a1e5ff14db21b04e2d6db7fd0eda37042440c%3A1819)%0A%20%20%20%20at%20http%3A%2F%2Flocalhost%3A8080%2Fbase%2Fnode_modules%2Fjasmine-core%2Flib%2Fjasmine-core%2Fjasmine.js%3F578a1e5ff14db21b04e2d6db7fd0eda37042440c%3A1774%0A%20%20%20%20at%20http%3A%2F%2Flocalhost%3A8080%2Fbase%2Fnode_modules%2Fjasmine-core%2Flib%2Fjasmine-core%2Fjasmine.js%3F578a1e5ff14db21b04e2d6db7fd0eda37042440c%3A1801%0A%20%20%20%20at%20http%3A%2F%2Flocalhost%3A8080%2Fbase%2Fnode_modules%2Fjasmine-core%2Flib%2Fjasmine-core%2Fjasmine.js%3F578a1e5ff14db21b04e2d6db7fd0eda37042440c%3A1745%0A%20%20%20%20at%20http%3A%2F%2Flocalhost%3A8080%2Fbase%2Fnode_modules%2Fjasmine-core%2Flib%2Fjasmine-core%2Fjasmine.js%3F578a1e5ff14db21b04e2d6db7fd0eda37042440c%3A2348%0A%20%20%20%20at%20clearStack%20(http%3A%2F%2Flocalhost%3A8080%2Fbase%2Fnode_modules%2Fjasmine-core%2Flib%2Fjasmine-core%2Fjasmine.js%3F578a1e5ff14db21b04e2d6db7fd0eda37042440c%3A605)%0A%20%20%20%20at%20http%3A%2F%2Flocalhost%3A8080%2Fbase%2Fnode_modules%2Fjasmine-core%2Flib%2Fjasmine-core%2Fjasmine.js%3F578a1e5ff14db21b04e2d6db7fd0eda37042440c%3A1784%0A%20%20%20%20at%20http%3A%2F%2Flocalhost%3A8080%2Fbase%2Fnode_modules%2Fjasmine-core%2Flib%2Fjasmine-core%2Fjasmine.js%3F578a1e5ff14db21b04e2d6db7fd0eda37042440c%3A1762%0A%20%20%20%20at%20http%3A%2F%2Flocalhost%3A8080%2Fbase%2Fnode_modules%2Fjasmine-core%2Flib%2Fjasmine-core%2Fjasmine.js%3F578a1e5ff14db21b04e2d6db7fd0eda37042440c%3A627%0A%20%20%20%20at%20http%3A%2F%2Flocalhost%3A8080%2Fbase%2Fnode_modules%2Fjasmine-core%2Flib%2Fjasmine-core%2Fjasmine.js%3F578a1e5ff14db21b04e2d6db7fd0eda37042440c%3A2354%0A%20%20%20%20at%20attemptAsync%20(http%3A%2F%2Flocalhost%3A8080%2Fbase%2Fnode_modules%2Fjasmine-core%2Flib%2Fjasmine-core%2Fjasmine.js%3F578a1e5ff14db21b04e2d6db7fd0eda37042440c%3A1819)%0A%20%20%20%20at%20http%3A%2F%2Flocalhost%3A8080%2Fbase%2Fnode_modules%2Fjasmine-core%2Flib%2Fjasmine-core%2Fjasmine.js%3F578a1e5ff14db21b04e2d6db7fd0eda37042440c%3A1774%0A%20%20%20%20at%20http%3A%2F%2Flocalhost%3A8080%2Fbase%2Fnode_modules%2Fjasmine-core%2Flib%2Fjasmine-core%2Fjasmine.js%3F578a1e5ff14db21b04e2d6db7fd0eda37042440c%3A1801%0A%20%20%20%20at%20http%3A%2F%2Flocalhost%3A8080%2Fbase%2Fnode_modules%2Fjasmine-core%2Flib%2Fjasmine-core%2Fjasmine.js%3F578a1e5ff14db21b04e2d6db7fd0eda37042440c%3A1745%0A%20%20%20%20at%20http%3A%2F%2Flocalhost%3A8080%2Fbase%2Fnode_modules%2Fjasmine-core%2Flib%2Fjasmine-core%2Fjasmine.js%3F578a1e5ff14db21b04e2d6db7fd0eda37042440c%3A2348%0A%20%20%20%20at%20clearStack%20(http%3A%2F%2Flocalhost%3A8080%2Fbase%2Fnode_modules%2Fjasmine-core%2Flib%2Fjasmine-core%2Fjasmine.js%3F578a1e5ff14db21b04e2d6db7fd0eda37042440c%3A605)%0A%20%20%20%20at%20http%3A%2F%2Flocalhost%3A8080%2Fbase%2Fnode_modules%2Fjasmine-core%2Flib%2Fjasmine-core%2Fjasmine.js%3F578a1e5ff14db21b04e2d6db7fd0eda37042440c%3A1784%0A%20%20%20%20at%20http%3A%2F%2Flocalhost%3A8080%2Fbase%2Fnode_modules%2Fjasmine-core%2Flib%2Fjasmine-core%2Fjasmine.js%3F578a1e5ff14db21b04e2d6db7fd0eda37042440c%3A1762%0A%20%20%20%20at%20http%3A%2F%2Flocalhost%3A8080%2Fbase%2Fnode_modules%2Fjasmine-core%2Flib%2Fjasmine-core%2Fjasmine.js%3F578a1e5ff14db21b04e2d6db7fd0eda37042440c%3A627%0A%20%20%20%20at%20http%3A%2F%2Flocalhost%3A8080%2Fbase%2Fnode_modules%2Fjasmine-core%2Flib%2Fjasmine-core%2Fjasmine.js%3F578a1e5ff14db21b04e2d6db7fd0eda37042440c%3A2354%0A%20%20%20%20at%20attemptAsync%20(http%3A%2F%2Flocalhost%3A8080%2Fbase%2Fnode_modules%2Fjasmine-core%2Flib%2Fjasmine-core%2Fjasmine.js%3F578a1e5ff14db21b04e2d6db7fd0eda37042440c%3A1819)%0A%20%20%20%20at%20http%3A%2F%2Flocalhost%3A8080%2Fbase%2Fnode_modules%2Fjasmine-core%2Flib%2Fjasmine-core%2Fjasmine.js%3F578a1e5ff14db21b04e2d6db7fd0eda37042440c%3A1774%0A%20%20%20%20at%20http%3A%2F%2Flocalhost%3A8080%2Fbase%2Fnode_modules%2Fjasmine-core%2Flib%2Fjasmine-core%2Fjasmine.js%3F578a1e5ff14db21b04e2d6db7fd0eda37042440c%3A1801%0A%20%20%20%20at%20http%3A%2F%2Flocalhost%3A8080%2Fbase%2Fnode_modules%2Fjasmine-core%2Flib%2Fjasmine-core%2Fjasmine.js%3F578a1e5ff14db21b04e2d6db7fd0eda37042440c%3A1745%0A%20%20%20%20at%20http%3A%2F%2Flocalhost%3A8080%2Fbase%2Fnode_modules%2Fjasmine-core%2Flib%2Fjasmine-core%2Fjasmine.js%3F578a1e5ff14db21b04e2d6db7fd0eda37042440c%3A2348%0A%20%20%20%20at%20clearStack%20(http%3A%2F%2Flocalhost%3A8080%2Fbase%2Fnode_modules%2Fjasmine-core%2Flib%2Fjasmine-core%2Fjasmine.js%3F578a1e5ff14db21b04e2d6db7fd0eda37042440c%3A605)%0A%20%20%20%20at%20http%3A%2F%2Flocalhost%3A8080%2Fbase%2Fnode_modules%2Fjasmine-core%2Flib%2Fjasmine-core%2Fjasmine.js%3F578a1e5ff14db21b04e2d6db7fd0eda37042440c%3A1784%0A%20%20%20%20at%20http%3A%2F%2Flocalhost%3A8080%2Fbase%2Fnode_modules%2Fjasmine-core%2Flib%2Fjasmine-core%2Fjasmine.js%3F578a1e5ff14db21b04e2d6db7fd0eda37042440c%3A1801%0A%20%20%20%20at%20http%3A%2F%2Flocalhost%3A8080%2Fbase%2Fnode_modules%2Fjasmine-core%2Flib%2Fjasmine-core%2Fjasmine.js%3F578a1e5ff14db21b04e2d6db7fd0eda37042440c%3A1745%0A%20%20%20%20at%20complete%20(http%3A%2F%2Flocalhost%3A8080%2Fbase%2Fnode_modules%2Fjasmine-core%2Flib%2Fjasmine-core%2Fjasmine.js%3F578a1e5ff14db21b04e2d6db7fd0eda37042440c%3A365)%0A%20%20%20%20at%20clearStack%20(http%3A%2F%2Flocalhost%3A8080%2Fbase%2Fnode_modules%2Fjasmine-core%2Flib%2Fjasmine-core%2Fjasmine.js%3F578a1e5ff14db21b04e2d6db7fd0eda37042440c%3A605)%0A%20%20%20%20at%20http%3A%2F%2Flocalhost%3A8080%2Fbase%2Fnode_modules%2Fjasmine-core%2Flib%2Fjasmine-core%2Fjasmine.js%3F578a1e5ff14db21b04e2d6db7fd0eda37042440c%3A1784%0A%20%20%20%20at%20http%3A%2F%2Flocalhost%3A8080%2Fbase%2Fnode_modules%2Fjasmine-core%2Flib%2Fjasmine-core%2Fjasmine.js%3F578a1e5ff14db21b04e2d6db7fd0eda37042440c%3A1762%0A%20%20%20%20at%20http%3A%2F%2Flocalhost%3A8080%2Fbase%2Fnode_modules%2Fjasmine-core%2Flib%2Fjasmine-core%2Fjasmine.js%3F578a1e5ff14db21b04e2d6db7fd0eda37042440c%3A627%0A%20%20%20%20at%20http%3A%2F%2Flocalhost%3A8080%2Fbase%2Fnode_modules%2Fjasmine-core%2Flib%2Fjasmine-core%2Fjasmine.js%3F578a1e5ff14db21b04e2d6db7fd0eda37042440c%3A357%0A%20%20%20%20at%20http%3A%2F%2Flocalhost%3A8080%2Fbase%2Fnode_modules%2Fjasmine-core%2Flib%2Fjasmine-core%2Fjasmine.js%3F578a1e5ff14db21b04e2d6db7fd0eda37042440c%3A2360%0A%20%20%20%20at%20attemptAsync%20(http%3A%2F%2Flocalhost%3A8080%2Fbase%2Fnode_modules%2Fjasmine-core%2Flib%2Fjasmine-core%2Fjasmine.js%3F578a1e5ff14db21b04e2d6db7fd0eda37042440c%3A1819)%0A%20%20%20%20at%20http%3A%2F%2Flocalhost%3A8080%2Fbase%2Fnode_modules%2Fjasmine-core%2Flib%2Fjasmine-core%2Fjasmine.js%3F578a1e5ff14db21b04e2d6db7fd0eda37042440c%3A1774%0A%20%20%20%20at%20http%3A%2F%2Flocalhost%3A8080%2Fbase%2Fnode_modules%2Fjasmine-core%2Flib%2Fjasmine-core%2Fjasmine.js%3F578a1e5ff14db21b04e2d6db7fd0eda37042440c%3A1801%0A%20%20%20%20at%20http%3A%2F%2Flocalhost%3A8080%2Fbase%2Fnode_modules%2Fjasmine-core%2Flib%2Fjasmine-core%2Fjasmine.js%3F578a1e5ff14db21b04e2d6db7fd0eda37042440c%3A1745%0A%20%20%20%20at%20complete%20(http%3A%2F%2Flocalhost%3A8080%2Fbase%2Fnode_modules%2Fjasmine-core%2Flib%2Fjasmine-core%2Fjasmine.js%3F578a1e5ff14db21b04e2d6db7fd0eda37042440c%3A365)%0A%20%20%20%20at%20clearStack%20(http%3A%2F%2Flocalhost%3A8080%2Fbase%2Fnode_modules%2Fjasmine-core%2Flib%2Fjasmine-core%2Fjasmine.js%3F578a1e5ff14db21b04e2d6db7fd0eda37042440c%3A605)%0A%20%20%20%20at%20http%3A%2F%2Flocalhost%3A8080%2Fbase%2Fnode_modules%2Fjasmine-core%2Flib%2Fjasmine-core%2Fjasmine.js%3F578a1e5ff14db21b04e2d6db7fd0eda37042440c%3A1784%0A%20%20%20%20at%20http%3A%2F%2Flocalhost%3A8080%2Fbase%2Fnode_modules%2Fjasmine-core%2Flib%2Fjasmine-core%2Fjasmine.js%3F578a1e5ff14db21b04e2d6db7fd0eda37042440c%3A1762%0A%20%20%20%20at%20http%3A%2F%2Flocalhost%3A8080%2Fbase%2Fnode_modules%2Fjasmine-core%2Flib%2Fjasmine-core%2Fjasmine.js%3F578a1e5ff14db21b04e2d6db7fd0eda37042440c%3A627%0A%20%20%20%20at%20http%3A%2F%2Flocalhost%3A8080%2Fbase%2Fnode_modules%2Fjasmine-core%2Flib%2Fjasmine-core%2Fjasmine.js%3F578a1e5ff14db21b04e2d6db7fd0eda37042440c%3A357%0A%20%20%20%20at%20http%3A%2F%2Flocalhost%3A8080%2Fbase%2Fnode_modules%2Fjasmine-core%2Flib%2Fjasmine-core%2Fjasmine.js%3F578a1e5ff14db21b04e2d6db7fd0eda37042440c%3A2360%0A%20%20%20%20at%20attemptAsync%20(http%3A%2F%2Flocalhost%3A8080%2Fbase%2Fnode_modules%2Fjasmine-core%2Flib%2Fjasmine-core%2Fjasmine.js%3F578a1e5ff14db21b04e2d6db7fd0eda37042440c%3A1819)%0A%20%20%20%20at%20http%3A%2F%2Flocalhost%3A8080%2Fbase%2Fnode_modules%2Fjasmine-core%2Flib%2Fjasmine-core%2Fjasmine.js%3F578a1e5ff14db21b04e2d6db7fd0eda37042440c%3A1774%0A%20%20%20%20at%20http%3A%2F%2Flocalhost%3A8080%2Fbase%2Fnode_modules%2Fjasmine-core%2Flib%2Fjasmine-core%2Fjasmine.js%3F578a1e5ff14db21b04e2d6db7fd0eda37042440c%3A1762%0A%20%20%20%20at%20http%3A%2F%2Flocalhost%3A8080%2Fbase%2Fnode_modules%2Fjasmine-core%2Flib%2Fjasmine-core%2Fjasmine.js%3F578a1e5ff14db21b04e2d6db7fd0eda37042440c%3A627%0A%20%20%20%20at%20http%3A%2F%2Flocalhost%3A8080%2Fbase%2Fnode_modules%2Fjasmine-core%2Flib%2Fjasmine-core%2Fjasmine.js%3F578a1e5ff14db21b04e2d6db7fd0eda37042440c%3A2354%0A%20%20%20%20at%20attemptAsync%20(http%3A%2F%2Flocalhost%3A8080%2Fbase%2Fnode_modules%2Fjasmine-core%2Flib%2Fjasmine-core%2Fjasmine.js%3F578a1e5ff14db21b04e2d6db7fd0eda37042440c%3A1819)%0A%20%20%20%20at%20http%3A%2F%2Flocalhost%3A8080%2Fbase%2Fnode_modules%2Fjasmine-core%2Flib%2Fjasmine-core%2Fjasmine.js%3F578a1e5ff14db21b04e2d6db7fd0eda37042440c%3A1774%0A%20%20%20%20at%20http%3A%2F%2Flocalhost%3A8080%2Fbase%2Fnode_modules%2Fjasmine-core%2Flib%2Fjasmine-core%2Fjasmine.js%3F578a1e5ff14db21b04e2d6db7fd0eda37042440c%3A1801%0A%20%20%20%20at%20http%3A%2F%2Flocalhost%3A8080%2Fbase%2Fnode_modules%2Fjasmine-core%2Flib%2Fjasmine-core%2Fjasmine.js%3F578a1e5ff14db21b04e2d6db7fd0eda37042440c%3A1745%0A%20%20%20%20at%20http%3A%2F%2Flocalhost%3A8080%2Fbase%2Fnode_modules%2Fjasmine-core%2Flib%2Fjasmine-core%2Fjasmine.js%3F578a1e5ff14db21b04e2d6db7fd0eda37042440c%3A2348%0A%20%20%20%20at%20clearStack%20(http%3A%2F%2Flocalhost%3A8080%2Fbase%2Fnode_modules%2Fjasmine-core%2Flib%2Fjasmine-core%2Fjasmine.js%3F578a1e5ff14db21b04e2d6db7fd0eda37042440c%3A605)%0A%20%20%20%20at%20http%3A%2F%2Flocalhost%3A8080%2Fbase%2Fnode_modules%2Fjasmine-core%2Flib%2Fjasmine-core%2Fjasmine.js%3F578a1e5ff14db21b04e2d6db7fd0eda37042440c%3A1784%0A%20%20%20%20at%20http%3A%2F%2Flocalhost%3A8080%2Fbase%2Fnode_modules%2Fjasmine-core%2Flib%2Fjasmine-core%2Fjasmine.js%3F578a1e5ff14db21b04e2d6db7fd0eda37042440c%3A1762%0A%20%20%20%20at%20http%3A%2F%2Flocalhost%3A8080%2Fbase%2Fnode_modules%2Fjasmine-core%2Flib%2Fjasmine-core%2Fjasmine.js%3F578a1e5ff14db21b04e2d6db7fd0eda37042440c%3A627%0A%20%20%20%20at%20http%3A%2F%2Flocalhost%3A8080%2Fbase%2Fnode_modules%2Fjasmine-core%2Flib%2Fjasmine-core%2Fjasmine.js%3F578a1e5ff14db21b04e2d6db7fd0eda37042440c%3A2354%0A%20%20%20%20at%20attemptAsync%20(http%3A%2F%2Flocalhost%3A8080%2Fbase%2Fnode_modules%2Fjasmine-core%2Flib%2Fjasmine-core%2Fjasmine.js%3F578a1e5ff14db21b04e2d6db7fd0eda37042440c%3A1819)%0A%20%20%20%20at%20http%3A%2F%2Flocalhost%3A8080%2Fbase%2Fnode_modules%2Fjasmine-core%2Flib%2Fjasmine-core%2Fjasmine.js%3F578a1e5ff14db21b04e2d6db7fd0eda37042440c%3A1774%0A%20%20%20%20at%20http%3A%2F%2Flocalhost%3A8080%2Fbase%2Fnode_modules%2Fjasmine-core%2Flib%2Fjasmine-core%2Fjasmine.js%3F578a1e5ff14db21b04e2d6db7fd0eda37042440c%3A1801%0A%20%20%20%20at%20http%3A%2F%2Flocalhost%3A8080%2Fbase%2Fnode_modules%2Fjasmine-core%2Flib%2Fjasmine-core%2Fjasmine.js%3F578a1e5ff14db21b04e2d6db7fd0eda37042440c%3A1745%0A%20%20%20%20at%20http%3A%2F%2Flocalhost%3A8080%2Fbase%2Fnode_modules%2Fjasmine-core%2Flib%2Fjasmine-core%2Fjasmine.js%3F578a1e5ff14db21b04e2d6db7fd0eda37042440c%3A2348%0A%20%20%20%20at%20clearStack%20(http%3A%2F%2Flocalhost%3A8080%2Fbase%2Fnode_modules%2Fjasmine-core%2Flib%2Fjasmine-core%2Fjasmine.js%3F578a1e5ff14db21b04e2d6db7fd0eda37042440c%3A605)%0A%20%20%20%20at%20http%3A%2F%2Flocalhost%3A8080%2Fbase%2Fnode_modules%2Fjasmine-core%2Flib%2Fjasmine-core%2Fjasmine.js%3F578a1e5ff14db21b04e2d6db7fd0eda37042440c%3A1784%0A%20%20%20%20at%20http%3A%2F%2Flocalhost%3A8080%2Fbase%2Fnode_modules%2Fjasmine-core%2Flib%2Fjasmine-core%2Fjasmine.js%3F578a1e5ff14db21b04e2d6db7fd0eda37042440c%3A1762%0A%20%20%20%20at%20http%3A%2F%2Flocalhost%3A8080%2Fbase%2Fnode_modules%2Fjasmine-core%2Flib%2Fjasmine-core%2Fjasmine.js%3F578a1e5ff14db21b04e2d6db7fd0eda37042440c%3A627%0A%20%20%20%20at%20http%3A%2F%2Flocalhost%3A8080%2Fbase%2Fnode_modules%2Fjasmine-core%2Flib%2Fjasmine-core%2Fjasmine.js%3F578a1e5ff14db21b04e2d6db7fd0eda37042440c%3A2354%0A%20%20%20%20at%20attemptAsync%20(http%3A%2F%2Flocalhost%3A8080%2Fbase%2Fnode_modules%2Fjasmine-core%2Flib%2Fjasmine-core%2Fjasmine.js%3F578a1e5ff14db21b04e2d6db7fd0eda37042440c%3A1819)%0A%20%20%20%20at%20http%3A%2F%2Flocalhost%3A8080%2Fbase%2Fnode_modules%2Fjasmine-core%2Flib%2Fjasmine-core%2Fjasmine.js%3F578a1e5ff14db21b04e2d6db7fd0eda37042440c%3A1774%0A%20%20%20%20at%20http%3A%2F%2Flocalhost%3A8080%2Fbase%2Fnode_modules%2Fjasmine-core%2Flib%2Fjasmine-core%2Fjasmine.js%3F578a1e5ff14db21b04e2d6db7fd0eda37042440c%3A1801%0A%20%20%20%20at%20http%3A%2F%2Flocalhost%3A8080%2Fbase%2Fnode_modules%2Fjasmine-core%2Flib%2Fjasmine-core%2Fjasmine.js%3F578a1e5ff14db21b04e2d6db7fd0eda37042440c%3A1745%0A%20%20%20%20at%20http%3A%2F%2Flocalhost%3A8080%2Fbase%2Fnode_modules%2Fjasmine-core%2Flib%2Fjasmine-core%2Fjasmine.js%3F578a1e5ff14db21b04e2d6db7fd0eda37042440c%3A2348%0A%20%20%20%20at%20clearStack%20(http%3A%2F%2Flocalhost%3A8080%2Fbase%2Fnode_modules%2Fjasmine-core%2Flib%2Fjasmine-core%2Fjasmine.js%3F578a1e5ff14db21b04e2d6db7fd0eda37042440c%3A605)%0A%20%20%20%20at%20http%3A%2F%2Flocalhost%3A8080%2Fbase%2Fnode_modules%2Fjasmine-core%2Flib%2Fjasmine-core%2Fjasmine.js%3F578a1e5ff14db21b04e2d6db7fd0eda37042440c%3A1784%0A%20%20%20%20at%20http%3A%2F%2Flocalhost%3A8080%2Fbase%2Fnode_modules%2Fjasmine-core%2Flib%2Fjasmine-core%2Fjasmine.js%3F578a1e5ff14db21b04e2d6db7fd0eda37042440c%3A1762%0A%20%20%20%20at%20http%3A%2F%2Flocalhost%3A8080%2Fbase%2Fnode_modules%2Fjasmine-core%2Flib%2Fjasmine-core%2Fjasmine.js%3F578a1e5ff14db21b04e2d6db7fd0eda37042440c%3A627%0A%20%20%20%20at%20http%3A%2F%2Flocalhost%3A8080%2Fbase%2Fnode_modules%2Fjasmine-core%2Flib%2Fjasmine-core%2Fjasmine.js%3F578a1e5ff14db21b04e2d6db7fd0eda37042440c%3A2354%0A%20%20%20%20at%20attemptAsync%20(http%3A%2F%2Flocalhost%3A8080%2Fbase%2Fnode_modules%2Fjasmine-core%2Flib%2Fjasmine-core%2Fjasmine.js%3F578a1e5ff14db21b04e2d6db7fd0eda37042440c%3A1819)%0A%20%20%20%20at%20http%3A%2F%2Flocalhost%3A8080%2Fbase%2Fnode_modules%2Fjasmine-core%2Flib%2Fjasmine-core%2Fjasmine.js%3F578a1e5ff14db21b04e2d6db7fd0eda37042440c%3A1774%0A%20%20%20%20at%20http%3A%2F%2Flocalhost%3A8080%2Fbase%2Fnode_modules%2Fjasmine-core%2Flib%2Fjasmine-core%2Fjasmine.js%3F578a1e5ff14db21b04e2d6db7fd0eda37042440c%3A1801%0A%20%20%20%20at%20http%3A%2F%2Flocalhost%3A8080%2Fbase%2Fnode_modules%2Fjasmine-core%2Flib%2Fjasmine-core%2Fjasmine.js%3F578a1e5ff14db21b04e2d6db7fd0eda37042440c%3A1745%0A%20%20%20%20at%20http%3A%2F%2Flocalhost%3A8080%2Fbase%2Fnode_modules%2Fjasmine-core%2Flib%2Fjasmine-core%2Fjasmine.js%3F578a1e5ff14db21b04e2d6db7fd0eda37042440c%3A2348%0A%20%20%20%20at%20clearStack%20(http%3A%2F%2Flocalhost%3A8080%2Fbase%2Fnode_modules%2Fjasmine-core%2Flib%2Fjasmine-core%2Fjasmine.js%3F578a1e5ff14db21b04e2d6db7fd0eda37042440c%3A605)%0A%20%20%20%20at%20http%3A%2F%2Flocalhost%3A8080%2Fbase%2Fnode_modules%2Fjasmine-core%2Flib%2Fjasmine-core%2Fjasmine.js%3F578a1e5ff14db21b04e2d6db7fd0eda37042440c%3A1784%0A%20%20%20%20at%20http%3A%2F%2Flocalhost%3A8080%2Fbase%2Fnode_modules%2Fjasmine-core%2Flib%2Fjasmine-core%2Fjasmine.js%3F578a1e5ff14db21b04e2d6db7fd0eda37042440c%3A1762%0A%20%20%20%20at%20http%3A%2F%2Flocalhost%3A8080%2Fbase%2Fnode_modules%2Fjasmine-core%2Flib%2Fjasmine-core%2Fjasmine.js%3F578a1e5ff14db21b04e2d6db7fd0eda37042440c%3A627%0A%20%20%20%20at%20http%3A%2F%2Flocalhost%3A8080%2Fbase%2Fnode_modules%2Fjasmine-core%2Flib%2Fjasmine-core%2Fjasmine.js%3F578a1e5ff14db21b04e2d6db7fd0eda37042440c%3A2354%0A%20%20%20%20at%20attemptAsync%20(http%3A%2F%2Flocalhost%3A8080%2Fbase%2Fnode_modules%2Fjasmine-core%2Flib%2Fjasmine-core%2Fjasmine.js%3F578a1e5ff14db21b04e2d6db7fd0eda37042440c%3A1819)%0A%20%20%20%20at%20http%3A%2F%2Flocalhost%3A8080%2Fbase%2Fnode_modules%2Fjasmine-core%2Flib%2Fjasmine-core%2Fjasmine.js%3F578a1e5ff14db21b04e2d6db7fd0eda37042440c%3A1774%0A%20%20%20%20at%20http%3A%2F%2Flocalhost%3A8080%2Fbase%2Fnode_modules%2Fjasmine-core%2Flib%2Fjasmine-core%2Fjasmine.js%3F578a1e5ff14db21b04e2d6db7fd0eda37042440c%3A1801%0A%20%20%20%20at%20http%3A%2F%2Flocalhost%3A8080%2Fbase%2Fnode_modules%2Fjasmine-core%2Flib%2Fjasmine-core%2Fjasmine.js%3F578a1e5ff14db21b04e2d6db7fd0eda37042440c%3A1745%0A%20%20%20%20at%20http%3A%2F%2Flocalhost%3A8080%2Fbase%2Fnode_modules%2Fjasmine-core%2Flib%2Fjasmine-core%2Fjasmine.js%3F578a1e5ff14db21b04e2d6db7fd0eda37042440c%3A2348%0A%20%20%20%20at%20clearStack%20(http%3A%2F%2Flocalhost%3A8080%2Fbase%2Fnode_modules%2Fjasmine-core%2Flib%2Fjasmine-core%2Fjasmine.js%3F578a1e5ff14db21b04e2d6db7fd0eda37042440c%3A605)%0A%20%20%20%20at%20http%3A%2F%2Flocalhost%3A8080%2Fbase%2Fnode_modules%2Fjasmine-core%2Flib%2Fjasmine-core%2Fjasmine.js%3F578a1e5ff14db21b04e2d6db7fd0eda37042440c%3A1784%0A%20%20%20%20at%20http%3A%2F%2Flocalhost%3A8080%2Fbase%2Fnode_modules%2Fjasmine-core%2Flib%2Fjasmine-core%2Fjasmine.js%3F578a1e5ff14db21b04e2d6db7fd0eda37042440c%3A1762%0A%20%20%20%20at%20http%3A%2F%2Flocalhost%3A8080%2Fbase%2Fnode_modules%2Fjasmine-core%2Flib%2Fjasmine-core%2Fjasmine.js%3F578a1e5ff14db21b04e2d6db7fd0eda37042440c%3A627%0A%20%20%20%20at%20http%3A%2F%2Flocalhost%3A8080%2Fbase%2Fnode_modules%2Fjasmine-core%2Flib%2Fjasmine-core%2Fjasmine.js%3F578a1e5ff14db21b04e2d6db7fd0eda37042440c%3A2354%0A%20%20%20%20at%20attemptAsync%20(http%3A%2F%2Flocalhost%3A8080%2Fbase%2Fnode_modules%2Fjasmine-core%2Flib%2Fjasmine-core%2Fjasmine.js%3F578a1e5ff14db21b04e2d6db7fd0eda37042440c%3A1819)%0A%20%20%20%20at%20http%3A%2F%2Flocalhost%3A8080%2Fbase%2Fnode_modules%2Fjasmine-core%2Flib%2Fjasmine-core%2Fjasmine.js%3F578a1e5ff14db21b04e2d6db7fd0eda37042440c%3A1774%0A%20%20%20%20at%20http%3A%2F%2Flocalhost%3A8080%2Fbase%2Fnode_modules%2Fjasmine-core%2Flib%2Fjasmine-core%2Fjasmine.js%3F578a1e5ff14db21b04e2d6db7fd0eda37042440c%3A1801%0A%20%20%20%20at%20http%3A%2F%2Flocalhost%3A8080%2Fbase%2Fnode_modules%2Fjasmine-core%2Flib%2Fjasmine-core%2Fjasmine.js%3F578a1e5ff14db21b04e2d6db7fd0eda37042440c%3A1745%0A%20%20%20%20at%20http%3A%2F%2Flocalhost%3A8080%2Fbase%2Fnode_modules%2Fjasmine-core%2Flib%2Fjasmine-core%2Fjasmine.js%3F578a1e5ff14db21b04e2d6db7fd0eda37042440c%3A2348%0A%20%20%20%20at%20clearStack%20(http%3A%2F%2Flocalhost%3A8080%2Fbase%2Fnode_modules%2Fjasmine-core%2Flib%2Fjasmine-core%2Fjasmine.js%3F578a1e5ff14db21b04e2d6db7fd0eda37042440c%3A605)%0A%20%20%20%20at%20http%3A%2F%2Flocalhost%3A8080%2Fbase%2Fnode_modules%2Fjasmine-core%2Flib%2Fjasmine-core%2Fjasmine.js%3F578a1e5ff14db21b04e2d6db7fd0eda37042440c%3A1784%0A%20%20%20%20at%20http%3A%2F%2Flocalhost%3A8080%2Fbase%2Fnode_modules%2Fjasmine-core%2Flib%2Fjasmine-core%2Fjasmine.js%3F578a1e5ff14db21b04e2d6db7fd0eda37042440c%3A1762%0A%20%20%20%20at%20http%3A%2F%2Flocalhost%3A8080%2Fbase%2Fnode_modules%2Fjasmine-core%2Flib%2Fjasmine-core%2Fjasmine.js%3F578a1e5ff14db21b04e2d6db7fd0eda37042440c%3A627%0A%20%20%20%20at%20http%3A%2F%2Flocalhost%3A8080%2Fbase%2Fnode_modules%2Fjasmine-core%2Flib%2Fjasmine-core%2Fjasmine.js%3F578a1e5ff14db21b04e2d6db7fd0eda37042440c%3A2354%0A%20%20%20%20at%20attemptAsync%20(http%3A%2F%2Flocalhost%3A8080%2Fbase%2Fnode_modules%2Fjasmine-core%2Flib%2Fjasmine-core%2Fjasmine.js%3F578a1e5ff14db21b04e2d6db7fd0eda37042440c%3A1819)%0A%20%20%20%20at%20http%3A%2F%2Flocalhost%3A8080%2Fbase%2Fnode_modules%2Fjasmine-core%2Flib%2Fjasmine-core%2Fjasmine.js%3F578a1e5ff14db21b04e2d6db7fd0eda37042440c%3A1774%0A%20%20%20%20at%20http%3A%2F%2Flocalhost%3A8080%2Fbase%2Fnode_modules%2Fjasmine-core%2Flib%2Fjasmine-core%2Fjasmine.js%3F578a1e5ff14db21b04e2d6db7fd0eda37042440c%3A1801%0A%20%20%20%20at%20http%3A%2F%2Flocalhost%3A8080%2Fbase%2Fnode_modules%2Fjasmine-core%2Flib%2Fjasmine-core%2Fjasmine.js%3F578a1e5ff14db21b04e2d6db7fd0eda37042440c%3A1745%0A%20%20%20%20at%20http%3A%2F%2Flocalhost%3A8080%2Fbase%2Fnode_modules%2Fjasmine-core%2Flib%2Fjasmine-core%2Fjasmine.js%3F578a1e5ff14db21b04e2d6db7fd0eda37042440c%3A2348%0A%20%20%20%20at%20clearStack%20(http%3A%2F%2Flocalhost%3A8080%2Fbase%2Fnode_modules%2Fjasmine-core%2Flib%2Fjasmine-core%2Fjasmine.js%3F578a1e5ff14db21b04e2d6db7fd0eda37042440c%3A605)%0A%20%20%20%20at%20http%3A%2F%2Flocalhost%3A8080%2Fbase%2Fnode_modules%2Fjasmine-core%2Flib%2Fjasmine-core%2Fjasmine.js%3F578a1e5ff14db21b04e2d6db7fd0eda37042440c%3A1784%0A%20%20%20%20at%20http%3A%2F%2Flocalhost%3A8080%2Fbase%2Fnode_modules%2Fjasmine-core%2Flib%2Fjasmine-core%2Fjasmine.js%3F578a1e5ff14db21b04e2d6db7fd0eda37042440c%3A1762%0A%20%20%20%20at%20http%3A%2F%2Flocalhost%3A8080%2Fbase%2Fnode_modules%2Fjasmine-core%2Flib%2Fjasmine-core%2Fjasmine.js%3F578a1e5ff14db21b04e2d6db7fd0eda37042440c%3A627%0A%20%20%20%20at%20http%3A%2F%2Flocalhost%3A8080%2Fbase%2Fnode_modules%2Fjasmine-core%2Flib%2Fjasmine-core%2Fjasmine.js%3F578a1e5ff14db21b04e2d6db7fd0eda37042440c%3A2354%0A%20%20%20%20at%20attemptAsync%20(http%3A%2F%2Flocalhost%3A8080%2Fbase%2Fnode_modules%2Fjasmine-core%2Flib%2Fjasmine-core%2Fjasmine.js%3F578a1e5ff14db21b04e2d6db7fd0eda37042440c%3A1819)%0A%20%20%20%20at%20http%3A%2F%2Flocalhost%3A8080%2Fbase%2Fnode_modules%2Fjasmine-core%2Flib%2Fjasmine-core%2Fjasmine.js%3F578a1e5ff14db21b04e2d6db7fd0eda37042440c%3A1774%0A%20%20%20%20at%20http%3A%2F%2Flocalhost%3A8080%2Fbase%2Fnode_modules%2Fjasmine-core%2Flib%2Fjasmine-core%2Fjasmine.js%3F578a1e5ff14db21b04e2d6db7fd0eda37042440c%3A1762%0A%20%20%20%20at%20http%3A%2F%2Flocalhost%3A8080%2Fbase%2Fnode_modules%2Fjasmine-core%2Flib%2Fjasmine-core%2Fjasmine.js%3F578a1e5ff14db21b04e2d6db7fd0eda37042440c%3A627%0A%20%20%20%20at%20http%3A%2F%2Flocalhost%3A8080%2Fbase%2Fnode_modules%2Fjasmine-core%2Flib%2Fjasmine-core%2Fjasmine.js%3F578a1e5ff14db21b04e2d6db7fd0eda37042440c%3A2215%0A%20%20%20%20at%20http%3A%2F%2Flocalhost%3A8080%2Fbase%2Fnode_modules%2Fjasmine-core%2Flib%2Fjasmine-core%2Fjasmine.js%3F578a1e5ff14db21b04e2d6db7fd0eda37042440c%3A678%0A%20%20%20%20at%20http%3A%2F%2Flocalhost%3A8080%2Fbase%2Fnode_modules%2Fkarma-jasmine%2Flib%2Fadapter.js%3F0a69ad1fa10cc8be0a12b241227d3b834f82db4f%3A317%0A%20%20%20%20at%20http%3A%2F%2Flocalhost%3A8080%2Fkarma.js%3A185%0A%20%20%20%20at%20http%3A%2F%2Flocalhost%3A8080%2Fcontext.html%3A127
    at C:/dev/MedExplorer/src/client/app/vendor/angular/angular.js:4379
    at forEach (C:/dev/MedExplorer/src/client/app/vendor/angular/angular.js:336)
    at loadModules (C:/dev/MedExplorer/src/client/app/vendor/angular/angular.js:4381)
    at createInjector (C:/dev/MedExplorer/src/client/app/vendor/angular/angular.js:4265)
    at workFn (C:/dev/MedExplorer/src/client/app/vendor/angular-mocks/angular-mocks.js:2409)
</failure>
    </testcase>
    <testcase name="sentence_test" time="0.02" classname="PhantomJS 1.9.8 (Windows 7 0.0.0).Filter: capitalization">
      <failure type="">Error: [$injector:modulerr] Failed to instantiate module MedExplorer due to:
Error: [$injector:modulerr] Failed to instantiate module ui.bootstrap due to:
Error: [$injector:nomod] Module &apos;ui.bootstrap&apos; is not available! You either misspelled the module name or forgot to load it. If registering a module ensure that you specify the dependencies as the second argument.
http://errors.angularjs.org/1.4.1/$injector/nomod?p0=ui.bootstrap
    at C:/dev/MedExplorer/src/client/app/vendor/angular/angular.js:1951
    at ensure (C:/dev/MedExplorer/src/client/app/vendor/angular/angular.js:1873)
    at module (C:/dev/MedExplorer/src/client/app/vendor/angular/angular.js:2201)
    at C:/dev/MedExplorer/src/client/app/vendor/angular/angular.js:4355
    at forEach (C:/dev/MedExplorer/src/client/app/vendor/angular/angular.js:336)
    at loadModules (C:/dev/MedExplorer/src/client/app/vendor/angular/angular.js:4381)
    at C:/dev/MedExplorer/src/client/app/vendor/angular/angular.js:4356
    at forEach (C:/dev/MedExplorer/src/client/app/vendor/angular/angular.js:336)
    at loadModules (C:/dev/MedExplorer/src/client/app/vendor/angular/angular.js:4381)
    at createInjector (C:/dev/MedExplorer/src/client/app/vendor/angular/angular.js:4265)
    at workFn (C:/dev/MedExplorer/src/client/app/vendor/angular-mocks/angular-mocks.js:2409)
http://errors.angularjs.org/1.4.1/$injector/modulerr?p0=ui.bootstrap&amp;p1=Error%3A%20%5B%24injector%3Anomod%5D%20Module%20&apos;ui.bootstrap&apos;%20is%20not%20available!%20You%20either%20misspelled%20the%20module%20name%20or%20forgot%20to%20load%20it.%20If%20registering%20a%20module%20ensure%20that%20you%20specify%20the%20dependencies%20as%20the%20second%20argument.%0Ahttp%3A%2F%2Ferrors.angularjs.org%2F1.4.1%2F%24injector%2Fnomod%3Fp0%3Dui.bootstrap%0A%20%20%20%20at%20http%3A%2F%2Flocalhost%3A8080%2Fbase%2Fapp%2Fvendor%2Fangular%2Fangular.js%3F9d140432f81858ac1e7888708720d419d147ffa9%3A1951%0A%20%20%20%20at%20ensure%20(http%3A%2F%2Flocalhost%3A8080%2Fbase%2Fapp%2Fvendor%2Fangular%2Fangular.js%3F9d140432f81858ac1e7888708720d419d147ffa9%3A1873)%0A%20%20%20%20at%20module%20(http%3A%2F%2Flocalhost%3A8080%2Fbase%2Fapp%2Fvendor%2Fangular%2Fangular.js%3F9d140432f81858ac1e7888708720d419d147ffa9%3A2201)%0A%20%20%20%20at%20http%3A%2F%2Flocalhost%3A8080%2Fbase%2Fapp%2Fvendor%2Fangular%2Fangular.js%3F9d140432f81858ac1e7888708720d419d147ffa9%3A4355%0A%20%20%20%20at%20forEach%20(http%3A%2F%2Flocalhost%3A8080%2Fbase%2Fapp%2Fvendor%2Fangular%2Fangular.js%3F9d140432f81858ac1e7888708720d419d147ffa9%3A336)%0A%20%20%20%20at%20loadModules%20(http%3A%2F%2Flocalhost%3A8080%2Fbase%2Fapp%2Fvendor%2Fangular%2Fangular.js%3F9d140432f81858ac1e7888708720d419d147ffa9%3A4381)%0A%20%20%20%20at%20http%3A%2F%2Flocalhost%3A8080%2Fbase%2Fapp%2Fvendor%2Fangular%2Fangular.js%3F9d140432f81858ac1e7888708720d419d147ffa9%3A4356%0A%20%20%20%20at%20forEach%20(http%3A%2F%2Flocalhost%3A8080%2Fbase%2Fapp%2Fvendor%2Fangular%2Fangular.js%3F9d140432f81858ac1e7888708720d419d147ffa9%3A336)%0A%20%20%20%20at%20loadModules%20(http%3A%2F%2Flocalhost%3A8080%2Fbase%2Fapp%2Fvendor%2Fangular%2Fangular.js%3F9d140432f81858ac1e7888708720d419d147ffa9%3A4381)%0A%20%20%20%20at%20createInjector%20(http%3A%2F%2Flocalhost%3A8080%2Fbase%2Fapp%2Fvendor%2Fangular%2Fangular.js%3F9d140432f81858ac1e7888708720d419d147ffa9%3A4265)%0A%20%20%20%20at%20workFn%20(http%3A%2F%2Flocalhost%3A8080%2Fbase%2Fapp%2Fvendor%2Fangular-mocks%2Fangular-mocks.js%3F6fe041cc8bb7a17f894cb12d8b0d44b12644f10a%3A2409)%0A%20%20%20%20at%20attemptSync%20(http%3A%2F%2Flocalhost%3A8080%2Fbase%2Fnode_modules%2Fjasmine-core%2Flib%2Fjasmine-core%2Fjasmine.js%3F578a1e5ff14db21b04e2d6db7fd0eda37042440c%3A1789)%0A%20%20%20%20at%20http%3A%2F%2Flocalhost%3A8080%2Fbase%2Fnode_modules%2Fjasmine-core%2Flib%2Fjasmine-core%2Fjasmine.js%3F578a1e5ff14db21b04e2d6db7fd0eda37042440c%3A1777%0A%20%20%20%20at%20http%3A%2F%2Flocalhost%3A8080%2Fbase%2Fnode_modules%2Fjasmine-core%2Flib%2Fjasmine-core%2Fjasmine.js%3F578a1e5ff14db21b04e2d6db7fd0eda37042440c%3A1762%0A%20%20%20%20at%20http%3A%2F%2Flocalhost%3A8080%2Fbase%2Fnode_modules%2Fjasmine-core%2Flib%2Fjasmine-core%2Fjasmine.js%3F578a1e5ff14db21b04e2d6db7fd0eda37042440c%3A627%0A%20%20%20%20at%20http%3A%2F%2Flocalhost%3A8080%2Fbase%2Fnode_modules%2Fjasmine-core%2Flib%2Fjasmine-core%2Fjasmine.js%3F578a1e5ff14db21b04e2d6db7fd0eda37042440c%3A357%0A%20%20%20%20at%20http%3A%2F%2Flocalhost%3A8080%2Fbase%2Fnode_modules%2Fjasmine-core%2Flib%2Fjasmine-core%2Fjasmine.js%3F578a1e5ff14db21b04e2d6db7fd0eda37042440c%3A2360%0A%20%20%20%20at%20attemptAsync%20(http%3A%2F%2Flocalhost%3A8080%2Fbase%2Fnode_modules%2Fjasmine-core%2Flib%2Fjasmine-core%2Fjasmine.js%3F578a1e5ff14db21b04e2d6db7fd0eda37042440c%3A1819)%0A%20%20%20%20at%20http%3A%2F%2Flocalhost%3A8080%2Fbase%2Fnode_modules%2Fjasmine-core%2Flib%2Fjasmine-core%2Fjasmine.js%3F578a1e5ff14db21b04e2d6db7fd0eda37042440c%3A1774%0A%20%20%20%20at%20http%3A%2F%2Flocalhost%3A8080%2Fbase%2Fnode_modules%2Fjasmine-core%2Flib%2Fjasmine-core%2Fjasmine.js%3F578a1e5ff14db21b04e2d6db7fd0eda37042440c%3A1801%0A%20%20%20%20at%20http%3A%2F%2Flocalhost%3A8080%2Fbase%2Fnode_modules%2Fjasmine-core%2Flib%2Fjasmine-core%2Fjasmine.js%3F578a1e5ff14db21b04e2d6db7fd0eda37042440c%3A1745%0A%20%20%20%20at%20complete%20(http%3A%2F%2Flocalhost%3A8080%2Fbase%2Fnode_modules%2Fjasmine-core%2Flib%2Fjasmine-core%2Fjasmine.js%3F578a1e5ff14db21b04e2d6db7fd0eda37042440c%3A365)%0A%20%20%20%20at%20clearStack%20(http%3A%2F%2Flocalhost%3A8080%2Fbase%2Fnode_modules%2Fjasmine-core%2Flib%2Fjasmine-core%2Fjasmine.js%3F578a1e5ff14db21b04e2d6db7fd0eda37042440c%3A605)%0A%20%20%20%20at%20http%3A%2F%2Flocalhost%3A8080%2Fbase%2Fnode_modules%2Fjasmine-core%2Flib%2Fjasmine-core%2Fjasmine.js%3F578a1e5ff14db21b04e2d6db7fd0eda37042440c%3A1784%0A%20%20%20%20at%20http%3A%2F%2Flocalhost%3A8080%2Fbase%2Fnode_modules%2Fjasmine-core%2Flib%2Fjasmine-core%2Fjasmine.js%3F578a1e5ff14db21b04e2d6db7fd0eda37042440c%3A1762%0A%20%20%20%20at%20http%3A%2F%2Flocalhost%3A8080%2Fbase%2Fnode_modules%2Fjasmine-core%2Flib%2Fjasmine-core%2Fjasmine.js%3F578a1e5ff14db21b04e2d6db7fd0eda37042440c%3A627%0A%20%20%20%20at%20http%3A%2F%2Flocalhost%3A8080%2Fbase%2Fnode_modules%2Fjasmine-core%2Flib%2Fjasmine-core%2Fjasmine.js%3F578a1e5ff14db21b04e2d6db7fd0eda37042440c%3A357%0A%20%20%20%20at%20http%3A%2F%2Flocalhost%3A8080%2Fbase%2Fnode_modules%2Fjasmine-core%2Flib%2Fjasmine-core%2Fjasmine.js%3F578a1e5ff14db21b04e2d6db7fd0eda37042440c%3A2360%0A%20%20%20%20at%20attemptAsync%20(http%3A%2F%2Flocalhost%3A8080%2Fbase%2Fnode_modules%2Fjasmine-core%2Flib%2Fjasmine-core%2Fjasmine.js%3F578a1e5ff14db21b04e2d6db7fd0eda37042440c%3A1819)%0A%20%20%20%20at%20http%3A%2F%2Flocalhost%3A8080%2Fbase%2Fnode_modules%2Fjasmine-core%2Flib%2Fjasmine-core%2Fjasmine.js%3F578a1e5ff14db21b04e2d6db7fd0eda37042440c%3A1774%0A%20%20%20%20at%20http%3A%2F%2Flocalhost%3A8080%2Fbase%2Fnode_modules%2Fjasmine-core%2Flib%2Fjasmine-core%2Fjasmine.js%3F578a1e5ff14db21b04e2d6db7fd0eda37042440c%3A1762%0A%20%20%20%20at%20http%3A%2F%2Flocalhost%3A8080%2Fbase%2Fnode_modules%2Fjasmine-core%2Flib%2Fjasmine-core%2Fjasmine.js%3F578a1e5ff14db21b04e2d6db7fd0eda37042440c%3A627%0A%20%20%20%20at%20http%3A%2F%2Flocalhost%3A8080%2Fbase%2Fnode_modules%2Fjasmine-core%2Flib%2Fjasmine-core%2Fjasmine.js%3F578a1e5ff14db21b04e2d6db7fd0eda37042440c%3A2354%0A%20%20%20%20at%20attemptAsync%20(http%3A%2F%2Flocalhost%3A8080%2Fbase%2Fnode_modules%2Fjasmine-core%2Flib%2Fjasmine-core%2Fjasmine.js%3F578a1e5ff14db21b04e2d6db7fd0eda37042440c%3A1819)%0A%20%20%20%20at%20http%3A%2F%2Flocalhost%3A8080%2Fbase%2Fnode_modules%2Fjasmine-core%2Flib%2Fjasmine-core%2Fjasmine.js%3F578a1e5ff14db21b04e2d6db7fd0eda37042440c%3A1774%0A%20%20%20%20at%20http%3A%2F%2Flocalhost%3A8080%2Fbase%2Fnode_modules%2Fjasmine-core%2Flib%2Fjasmine-core%2Fjasmine.js%3F578a1e5ff14db21b04e2d6db7fd0eda37042440c%3A1801%0A%20%20%20%20at%20http%3A%2F%2Flocalhost%3A8080%2Fbase%2Fnode_modules%2Fjasmine-core%2Flib%2Fjasmine-core%2Fjasmine.js%3F578a1e5ff14db21b04e2d6db7fd0eda37042440c%3A1745%0A%20%20%20%20at%20http%3A%2F%2Flocalhost%3A8080%2Fbase%2Fnode_modules%2Fjasmine-core%2Flib%2Fjasmine-core%2Fjasmine.js%3F578a1e5ff14db21b04e2d6db7fd0eda37042440c%3A2348%0A%20%20%20%20at%20clearStack%20(http%3A%2F%2Flocalhost%3A8080%2Fbase%2Fnode_modules%2Fjasmine-core%2Flib%2Fjasmine-core%2Fjasmine.js%3F578a1e5ff14db21b04e2d6db7fd0eda37042440c%3A605)%0A%20%20%20%20at%20http%3A%2F%2Flocalhost%3A8080%2Fbase%2Fnode_modules%2Fjasmine-core%2Flib%2Fjasmine-core%2Fjasmine.js%3F578a1e5ff14db21b04e2d6db7fd0eda37042440c%3A1784%0A%20%20%20%20at%20http%3A%2F%2Flocalhost%3A8080%2Fbase%2Fnode_modules%2Fjasmine-core%2Flib%2Fjasmine-core%2Fjasmine.js%3F578a1e5ff14db21b04e2d6db7fd0eda37042440c%3A1762%0A%20%20%20%20at%20http%3A%2F%2Flocalhost%3A8080%2Fbase%2Fnode_modules%2Fjasmine-core%2Flib%2Fjasmine-core%2Fjasmine.js%3F578a1e5ff14db21b04e2d6db7fd0eda37042440c%3A627%0A%20%20%20%20at%20http%3A%2F%2Flocalhost%3A8080%2Fbase%2Fnode_modules%2Fjasmine-core%2Flib%2Fjasmine-core%2Fjasmine.js%3F578a1e5ff14db21b04e2d6db7fd0eda37042440c%3A2354%0A%20%20%20%20at%20attemptAsync%20(http%3A%2F%2Flocalhost%3A8080%2Fbase%2Fnode_modules%2Fjasmine-core%2Flib%2Fjasmine-core%2Fjasmine.js%3F578a1e5ff14db21b04e2d6db7fd0eda37042440c%3A1819)%0A%20%20%20%20at%20http%3A%2F%2Flocalhost%3A8080%2Fbase%2Fnode_modules%2Fjasmine-core%2Flib%2Fjasmine-core%2Fjasmine.js%3F578a1e5ff14db21b04e2d6db7fd0eda37042440c%3A1774%0A%20%20%20%20at%20http%3A%2F%2Flocalhost%3A8080%2Fbase%2Fnode_modules%2Fjasmine-core%2Flib%2Fjasmine-core%2Fjasmine.js%3F578a1e5ff14db21b04e2d6db7fd0eda37042440c%3A1801%0A%20%20%20%20at%20http%3A%2F%2Flocalhost%3A8080%2Fbase%2Fnode_modules%2Fjasmine-core%2Flib%2Fjasmine-core%2Fjasmine.js%3F578a1e5ff14db21b04e2d6db7fd0eda37042440c%3A1745%0A%20%20%20%20at%20http%3A%2F%2Flocalhost%3A8080%2Fbase%2Fnode_modules%2Fjasmine-core%2Flib%2Fjasmine-core%2Fjasmine.js%3F578a1e5ff14db21b04e2d6db7fd0eda37042440c%3A2348%0A%20%20%20%20at%20clearStack%20(http%3A%2F%2Flocalhost%3A8080%2Fbase%2Fnode_modules%2Fjasmine-core%2Flib%2Fjasmine-core%2Fjasmine.js%3F578a1e5ff14db21b04e2d6db7fd0eda37042440c%3A605)%0A%20%20%20%20at%20http%3A%2F%2Flocalhost%3A8080%2Fbase%2Fnode_modules%2Fjasmine-core%2Flib%2Fjasmine-core%2Fjasmine.js%3F578a1e5ff14db21b04e2d6db7fd0eda37042440c%3A1784%0A%20%20%20%20at%20http%3A%2F%2Flocalhost%3A8080%2Fbase%2Fnode_modules%2Fjasmine-core%2Flib%2Fjasmine-core%2Fjasmine.js%3F578a1e5ff14db21b04e2d6db7fd0eda37042440c%3A1762%0A%20%20%20%20at%20http%3A%2F%2Flocalhost%3A8080%2Fbase%2Fnode_modules%2Fjasmine-core%2Flib%2Fjasmine-core%2Fjasmine.js%3F578a1e5ff14db21b04e2d6db7fd0eda37042440c%3A627%0A%20%20%20%20at%20http%3A%2F%2Flocalhost%3A8080%2Fbase%2Fnode_modules%2Fjasmine-core%2Flib%2Fjasmine-core%2Fjasmine.js%3F578a1e5ff14db21b04e2d6db7fd0eda37042440c%3A2354%0A%20%20%20%20at%20attemptAsync%20(http%3A%2F%2Flocalhost%3A8080%2Fbase%2Fnode_modules%2Fjasmine-core%2Flib%2Fjasmine-core%2Fjasmine.js%3F578a1e5ff14db21b04e2d6db7fd0eda37042440c%3A1819)%0A%20%20%20%20at%20http%3A%2F%2Flocalhost%3A8080%2Fbase%2Fnode_modules%2Fjasmine-core%2Flib%2Fjasmine-core%2Fjasmine.js%3F578a1e5ff14db21b04e2d6db7fd0eda37042440c%3A1774%0A%20%20%20%20at%20http%3A%2F%2Flocalhost%3A8080%2Fbase%2Fnode_modules%2Fjasmine-core%2Flib%2Fjasmine-core%2Fjasmine.js%3F578a1e5ff14db21b04e2d6db7fd0eda37042440c%3A1801%0A%20%20%20%20at%20http%3A%2F%2Flocalhost%3A8080%2Fbase%2Fnode_modules%2Fjasmine-core%2Flib%2Fjasmine-core%2Fjasmine.js%3F578a1e5ff14db21b04e2d6db7fd0eda37042440c%3A1745%0A%20%20%20%20at%20http%3A%2F%2Flocalhost%3A8080%2Fbase%2Fnode_modules%2Fjasmine-core%2Flib%2Fjasmine-core%2Fjasmine.js%3F578a1e5ff14db21b04e2d6db7fd0eda37042440c%3A2348%0A%20%20%20%20at%20clearStack%20(http%3A%2F%2Flocalhost%3A8080%2Fbase%2Fnode_modules%2Fjasmine-core%2Flib%2Fjasmine-core%2Fjasmine.js%3F578a1e5ff14db21b04e2d6db7fd0eda37042440c%3A605)%0A%20%20%20%20at%20http%3A%2F%2Flocalhost%3A8080%2Fbase%2Fnode_modules%2Fjasmine-core%2Flib%2Fjasmine-core%2Fjasmine.js%3F578a1e5ff14db21b04e2d6db7fd0eda37042440c%3A1784%0A%20%20%20%20at%20http%3A%2F%2Flocalhost%3A8080%2Fbase%2Fnode_modules%2Fjasmine-core%2Flib%2Fjasmine-core%2Fjasmine.js%3F578a1e5ff14db21b04e2d6db7fd0eda37042440c%3A1801%0A%20%20%20%20at%20http%3A%2F%2Flocalhost%3A8080%2Fbase%2Fnode_modules%2Fjasmine-core%2Flib%2Fjasmine-core%2Fjasmine.js%3F578a1e5ff14db21b04e2d6db7fd0eda37042440c%3A1745%0A%20%20%20%20at%20complete%20(http%3A%2F%2Flocalhost%3A8080%2Fbase%2Fnode_modules%2Fjasmine-core%2Flib%2Fjasmine-core%2Fjasmine.js%3F578a1e5ff14db21b04e2d6db7fd0eda37042440c%3A365)%0A%20%20%20%20at%20clearStack%20(http%3A%2F%2Flocalhost%3A8080%2Fbase%2Fnode_modules%2Fjasmine-core%2Flib%2Fjasmine-core%2Fjasmine.js%3F578a1e5ff14db21b04e2d6db7fd0eda37042440c%3A605)%0A%20%20%20%20at%20http%3A%2F%2Flocalhost%3A8080%2Fbase%2Fnode_modules%2Fjasmine-core%2Flib%2Fjasmine-core%2Fjasmine.js%3F578a1e5ff14db21b04e2d6db7fd0eda37042440c%3A1784%0A%20%20%20%20at%20http%3A%2F%2Flocalhost%3A8080%2Fbase%2Fnode_modules%2Fjasmine-core%2Flib%2Fjasmine-core%2Fjasmine.js%3F578a1e5ff14db21b04e2d6db7fd0eda37042440c%3A1762%0A%20%20%20%20at%20http%3A%2F%2Flocalhost%3A8080%2Fbase%2Fnode_modules%2Fjasmine-core%2Flib%2Fjasmine-core%2Fjasmine.js%3F578a1e5ff14db21b04e2d6db7fd0eda37042440c%3A627%0A%20%20%20%20at%20http%3A%2F%2Flocalhost%3A8080%2Fbase%2Fnode_modules%2Fjasmine-core%2Flib%2Fjasmine-core%2Fjasmine.js%3F578a1e5ff14db21b04e2d6db7fd0eda37042440c%3A357%0A%20%20%20%20at%20http%3A%2F%2Flocalhost%3A8080%2Fbase%2Fnode_modules%2Fjasmine-core%2Flib%2Fjasmine-core%2Fjasmine.js%3F578a1e5ff14db21b04e2d6db7fd0eda37042440c%3A2360%0A%20%20%20%20at%20attemptAsync%20(http%3A%2F%2Flocalhost%3A8080%2Fbase%2Fnode_modules%2Fjasmine-core%2Flib%2Fjasmine-core%2Fjasmine.js%3F578a1e5ff14db21b04e2d6db7fd0eda37042440c%3A1819)%0A%20%20%20%20at%20http%3A%2F%2Flocalhost%3A8080%2Fbase%2Fnode_modules%2Fjasmine-core%2Flib%2Fjasmine-core%2Fjasmine.js%3F578a1e5ff14db21b04e2d6db7fd0eda37042440c%3A1774%0A%20%20%20%20at%20http%3A%2F%2Flocalhost%3A8080%2Fbase%2Fnode_modules%2Fjasmine-core%2Flib%2Fjasmine-core%2Fjasmine.js%3F578a1e5ff14db21b04e2d6db7fd0eda37042440c%3A1801%0A%20%20%20%20at%20http%3A%2F%2Flocalhost%3A8080%2Fbase%2Fnode_modules%2Fjasmine-core%2Flib%2Fjasmine-core%2Fjasmine.js%3F578a1e5ff14db21b04e2d6db7fd0eda37042440c%3A1745%0A%20%20%20%20at%20complete%20(http%3A%2F%2Flocalhost%3A8080%2Fbase%2Fnode_modules%2Fjasmine-core%2Flib%2Fjasmine-core%2Fjasmine.js%3F578a1e5ff14db21b04e2d6db7fd0eda37042440c%3A365)%0A%20%20%20%20at%20clearStack%20(http%3A%2F%2Flocalhost%3A8080%2Fbase%2Fnode_modules%2Fjasmine-core%2Flib%2Fjasmine-core%2Fjasmine.js%3F578a1e5ff14db21b04e2d6db7fd0eda37042440c%3A605)%0A%20%20%20%20at%20http%3A%2F%2Flocalhost%3A8080%2Fbase%2Fnode_modules%2Fjasmine-core%2Flib%2Fjasmine-core%2Fjasmine.js%3F578a1e5ff14db21b04e2d6db7fd0eda37042440c%3A1784%0A%20%20%20%20at%20http%3A%2F%2Flocalhost%3A8080%2Fbase%2Fnode_modules%2Fjasmine-core%2Flib%2Fjasmine-core%2Fjasmine.js%3F578a1e5ff14db21b04e2d6db7fd0eda37042440c%3A1762%0A%20%20%20%20at%20http%3A%2F%2Flocalhost%3A8080%2Fbase%2Fnode_modules%2Fjasmine-core%2Flib%2Fjasmine-core%2Fjasmine.js%3F578a1e5ff14db21b04e2d6db7fd0eda37042440c%3A627%0A%20%20%20%20at%20http%3A%2F%2Flocalhost%3A8080%2Fbase%2Fnode_modules%2Fjasmine-core%2Flib%2Fjasmine-core%2Fjasmine.js%3F578a1e5ff14db21b04e2d6db7fd0eda37042440c%3A357%0A%20%20%20%20at%20http%3A%2F%2Flocalhost%3A8080%2Fbase%2Fnode_modules%2Fjasmine-core%2Flib%2Fjasmine-core%2Fjasmine.js%3F578a1e5ff14db21b04e2d6db7fd0eda37042440c%3A2360%0A%20%20%20%20at%20attemptAsync%20(http%3A%2F%2Flocalhost%3A8080%2Fbase%2Fnode_modules%2Fjasmine-core%2Flib%2Fjasmine-core%2Fjasmine.js%3F578a1e5ff14db21b04e2d6db7fd0eda37042440c%3A1819)%0A%20%20%20%20at%20http%3A%2F%2Flocalhost%3A8080%2Fbase%2Fnode_modules%2Fjasmine-core%2Flib%2Fjasmine-core%2Fjasmine.js%3F578a1e5ff14db21b04e2d6db7fd0eda37042440c%3A1774%0A%20%20%20%20at%20http%3A%2F%2Flocalhost%3A8080%2Fbase%2Fnode_modules%2Fjasmine-core%2Flib%2Fjasmine-core%2Fjasmine.js%3F578a1e5ff14db21b04e2d6db7fd0eda37042440c%3A1762%0A%20%20%20%20at%20http%3A%2F%2Flocalhost%3A8080%2Fbase%2Fnode_modules%2Fjasmine-core%2Flib%2Fjasmine-core%2Fjasmine.js%3F578a1e5ff14db21b04e2d6db7fd0eda37042440c%3A627%0A%20%20%20%20at%20http%3A%2F%2Flocalhost%3A8080%2Fbase%2Fnode_modules%2Fjasmine-core%2Flib%2Fjasmine-core%2Fjasmine.js%3F578a1e5ff14db21b04e2d6db7fd0eda37042440c%3A2354%0A%20%20%20%20at%20attemptAsync%20(http%3A%2F%2Flocalhost%3A8080%2Fbase%2Fnode_modules%2Fjasmine-core%2Flib%2Fjasmine-core%2Fjasmine.js%3F578a1e5ff14db21b04e2d6db7fd0eda37042440c%3A1819)%0A%20%20%20%20at%20http%3A%2F%2Flocalhost%3A8080%2Fbase%2Fnode_modules%2Fjasmine-core%2Flib%2Fjasmine-core%2Fjasmine.js%3F578a1e5ff14db21b04e2d6db7fd0eda37042440c%3A1774%0A%20%20%20%20at%20http%3A%2F%2Flocalhost%3A8080%2Fbase%2Fnode_modules%2Fjasmine-core%2Flib%2Fjasmine-core%2Fjasmine.js%3F578a1e5ff14db21b04e2d6db7fd0eda37042440c%3A1801%0A%20%20%20%20at%20http%3A%2F%2Flocalhost%3A8080%2Fbase%2Fnode_modules%2Fjasmine-core%2Flib%2Fjasmine-core%2Fjasmine.js%3F578a1e5ff14db21b04e2d6db7fd0eda37042440c%3A1745%0A%20%20%20%20at%20http%3A%2F%2Flocalhost%3A8080%2Fbase%2Fnode_modules%2Fjasmine-core%2Flib%2Fjasmine-core%2Fjasmine.js%3F578a1e5ff14db21b04e2d6db7fd0eda37042440c%3A2348%0A%20%20%20%20at%20clearStack%20(http%3A%2F%2Flocalhost%3A8080%2Fbase%2Fnode_modules%2Fjasmine-core%2Flib%2Fjasmine-core%2Fjasmine.js%3F578a1e5ff14db21b04e2d6db7fd0eda37042440c%3A605)%0A%20%20%20%20at%20http%3A%2F%2Flocalhost%3A8080%2Fbase%2Fnode_modules%2Fjasmine-core%2Flib%2Fjasmine-core%2Fjasmine.js%3F578a1e5ff14db21b04e2d6db7fd0eda37042440c%3A1784%0A%20%20%20%20at%20http%3A%2F%2Flocalhost%3A8080%2Fbase%2Fnode_modules%2Fjasmine-core%2Flib%2Fjasmine-core%2Fjasmine.js%3F578a1e5ff14db21b04e2d6db7fd0eda37042440c%3A1762%0A%20%20%20%20at%20http%3A%2F%2Flocalhost%3A8080%2Fbase%2Fnode_modules%2Fjasmine-core%2Flib%2Fjasmine-core%2Fjasmine.js%3F578a1e5ff14db21b04e2d6db7fd0eda37042440c%3A627%0A%20%20%20%20at%20http%3A%2F%2Flocalhost%3A8080%2Fbase%2Fnode_modules%2Fjasmine-core%2Flib%2Fjasmine-core%2Fjasmine.js%3F578a1e5ff14db21b04e2d6db7fd0eda37042440c%3A2354%0A%20%20%20%20at%20attemptAsync%20(http%3A%2F%2Flocalhost%3A8080%2Fbase%2Fnode_modules%2Fjasmine-core%2Flib%2Fjasmine-core%2Fjasmine.js%3F578a1e5ff14db21b04e2d6db7fd0eda37042440c%3A1819)%0A%20%20%20%20at%20http%3A%2F%2Flocalhost%3A8080%2Fbase%2Fnode_modules%2Fjasmine-core%2Flib%2Fjasmine-core%2Fjasmine.js%3F578a1e5ff14db21b04e2d6db7fd0eda37042440c%3A1774%0A%20%20%20%20at%20http%3A%2F%2Flocalhost%3A8080%2Fbase%2Fnode_modules%2Fjasmine-core%2Flib%2Fjasmine-core%2Fjasmine.js%3F578a1e5ff14db21b04e2d6db7fd0eda37042440c%3A1801%0A%20%20%20%20at%20http%3A%2F%2Flocalhost%3A8080%2Fbase%2Fnode_modules%2Fjasmine-core%2Flib%2Fjasmine-core%2Fjasmine.js%3F578a1e5ff14db21b04e2d6db7fd0eda37042440c%3A1745%0A%20%20%20%20at%20http%3A%2F%2Flocalhost%3A8080%2Fbase%2Fnode_modules%2Fjasmine-core%2Flib%2Fjasmine-core%2Fjasmine.js%3F578a1e5ff14db21b04e2d6db7fd0eda37042440c%3A2348%0A%20%20%20%20at%20clearStack%20(http%3A%2F%2Flocalhost%3A8080%2Fbase%2Fnode_modules%2Fjasmine-core%2Flib%2Fjasmine-core%2Fjasmine.js%3F578a1e5ff14db21b04e2d6db7fd0eda37042440c%3A605)%0A%20%20%20%20at%20http%3A%2F%2Flocalhost%3A8080%2Fbase%2Fnode_modules%2Fjasmine-core%2Flib%2Fjasmine-core%2Fjasmine.js%3F578a1e5ff14db21b04e2d6db7fd0eda37042440c%3A1784%0A%20%20%20%20at%20http%3A%2F%2Flocalhost%3A8080%2Fbase%2Fnode_modules%2Fjasmine-core%2Flib%2Fjasmine-core%2Fjasmine.js%3F578a1e5ff14db21b04e2d6db7fd0eda37042440c%3A1762%0A%20%20%20%20at%20http%3A%2F%2Flocalhost%3A8080%2Fbase%2Fnode_modules%2Fjasmine-core%2Flib%2Fjasmine-core%2Fjasmine.js%3F578a1e5ff14db21b04e2d6db7fd0eda37042440c%3A627%0A%20%20%20%20at%20http%3A%2F%2Flocalhost%3A8080%2Fbase%2Fnode_modules%2Fjasmine-core%2Flib%2Fjasmine-core%2Fjasmine.js%3F578a1e5ff14db21b04e2d6db7fd0eda37042440c%3A2354%0A%20%20%20%20at%20attemptAsync%20(http%3A%2F%2Flocalhost%3A8080%2Fbase%2Fnode_modules%2Fjasmine-core%2Flib%2Fjasmine-core%2Fjasmine.js%3F578a1e5ff14db21b04e2d6db7fd0eda37042440c%3A1819)%0A%20%20%20%20at%20http%3A%2F%2Flocalhost%3A8080%2Fbase%2Fnode_modules%2Fjasmine-core%2Flib%2Fjasmine-core%2Fjasmine.js%3F578a1e5ff14db21b04e2d6db7fd0eda37042440c%3A1774%0A%20%20%20%20at%20http%3A%2F%2Flocalhost%3A8080%2Fbase%2Fnode_modules%2Fjasmine-core%2Flib%2Fjasmine-core%2Fjasmine.js%3F578a1e5ff14db21b04e2d6db7fd0eda37042440c%3A1801%0A%20%20%20%20at%20http%3A%2F%2Flocalhost%3A8080%2Fbase%2Fnode_modules%2Fjasmine-core%2Flib%2Fjasmine-core%2Fjasmine.js%3F578a1e5ff14db21b04e2d6db7fd0eda37042440c%3A1745%0A%20%20%20%20at%20http%3A%2F%2Flocalhost%3A8080%2Fbase%2Fnode_modules%2Fjasmine-core%2Flib%2Fjasmine-core%2Fjasmine.js%3F578a1e5ff14db21b04e2d6db7fd0eda37042440c%3A2348%0A%20%20%20%20at%20clearStack%20(http%3A%2F%2Flocalhost%3A8080%2Fbase%2Fnode_modules%2Fjasmine-core%2Flib%2Fjasmine-core%2Fjasmine.js%3F578a1e5ff14db21b04e2d6db7fd0eda37042440c%3A605)%0A%20%20%20%20at%20http%3A%2F%2Flocalhost%3A8080%2Fbase%2Fnode_modules%2Fjasmine-core%2Flib%2Fjasmine-core%2Fjasmine.js%3F578a1e5ff14db21b04e2d6db7fd0eda37042440c%3A1784%0A%20%20%20%20at%20http%3A%2F%2Flocalhost%3A8080%2Fbase%2Fnode_modules%2Fjasmine-core%2Flib%2Fjasmine-core%2Fjasmine.js%3F578a1e5ff14db21b04e2d6db7fd0eda37042440c%3A1762%0A%20%20%20%20at%20http%3A%2F%2Flocalhost%3A8080%2Fbase%2Fnode_modules%2Fjasmine-core%2Flib%2Fjasmine-core%2Fjasmine.js%3F578a1e5ff14db21b04e2d6db7fd0eda37042440c%3A627%0A%20%20%20%20at%20http%3A%2F%2Flocalhost%3A8080%2Fbase%2Fnode_modules%2Fjasmine-core%2Flib%2Fjasmine-core%2Fjasmine.js%3F578a1e5ff14db21b04e2d6db7fd0eda37042440c%3A2354%0A%20%20%20%20at%20attemptAsync%20(http%3A%2F%2Flocalhost%3A8080%2Fbase%2Fnode_modules%2Fjasmine-core%2Flib%2Fjasmine-core%2Fjasmine.js%3F578a1e5ff14db21b04e2d6db7fd0eda37042440c%3A1819)%0A%20%20%20%20at%20http%3A%2F%2Flocalhost%3A8080%2Fbase%2Fnode_modules%2Fjasmine-core%2Flib%2Fjasmine-core%2Fjasmine.js%3F578a1e5ff14db21b04e2d6db7fd0eda37042440c%3A1774%0A%20%20%20%20at%20http%3A%2F%2Flocalhost%3A8080%2Fbase%2Fnode_modules%2Fjasmine-core%2Flib%2Fjasmine-core%2Fjasmine.js%3F578a1e5ff14db21b04e2d6db7fd0eda37042440c%3A1801%0A%20%20%20%20at%20http%3A%2F%2Flocalhost%3A8080%2Fbase%2Fnode_modules%2Fjasmine-core%2Flib%2Fjasmine-core%2Fjasmine.js%3F578a1e5ff14db21b04e2d6db7fd0eda37042440c%3A1745%0A%20%20%20%20at%20http%3A%2F%2Flocalhost%3A8080%2Fbase%2Fnode_modules%2Fjasmine-core%2Flib%2Fjasmine-core%2Fjasmine.js%3F578a1e5ff14db21b04e2d6db7fd0eda37042440c%3A2348%0A%20%20%20%20at%20clearStack%20(http%3A%2F%2Flocalhost%3A8080%2Fbase%2Fnode_modules%2Fjasmine-core%2Flib%2Fjasmine-core%2Fjasmine.js%3F578a1e5ff14db21b04e2d6db7fd0eda37042440c%3A605)%0A%20%20%20%20at%20http%3A%2F%2Flocalhost%3A8080%2Fbase%2Fnode_modules%2Fjasmine-core%2Flib%2Fjasmine-core%2Fjasmine.js%3F578a1e5ff14db21b04e2d6db7fd0eda37042440c%3A1784%0A%20%20%20%20at%20http%3A%2F%2Flocalhost%3A8080%2Fbase%2Fnode_modules%2Fjasmine-core%2Flib%2Fjasmine-core%2Fjasmine.js%3F578a1e5ff14db21b04e2d6db7fd0eda37042440c%3A1762%0A%20%20%20%20at%20http%3A%2F%2Flocalhost%3A8080%2Fbase%2Fnode_modules%2Fjasmine-core%2Flib%2Fjasmine-core%2Fjasmine.js%3F578a1e5ff14db21b04e2d6db7fd0eda37042440c%3A627%0A%20%20%20%20at%20http%3A%2F%2Flocalhost%3A8080%2Fbase%2Fnode_modules%2Fjasmine-core%2Flib%2Fjasmine-core%2Fjasmine.js%3F578a1e5ff14db21b04e2d6db7fd0eda37042440c%3A2354%0A%20%20%20%20at%20attemptAsync%20(http%3A%2F%2Flocalhost%3A8080%2Fbase%2Fnode_modules%2Fjasmine-core%2Flib%2Fjasmine-core%2Fjasmine.js%3F578a1e5ff14db21b04e2d6db7fd0eda37042440c%3A1819)%0A%20%20%20%20at%20http%3A%2F%2Flocalhost%3A8080%2Fbase%2Fnode_modules%2Fjasmine-core%2Flib%2Fjasmine-core%2Fjasmine.js%3F578a1e5ff14db21b04e2d6db7fd0eda37042440c%3A1774%0A%20%20%20%20at%20http%3A%2F%2Flocalhost%3A8080%2Fbase%2Fnode_modules%2Fjasmine-core%2Flib%2Fjasmine-core%2Fjasmine.js%3F578a1e5ff14db21b04e2d6db7fd0eda37042440c%3A1801%0A%20%20%20%20at%20http%3A%2F%2Flocalhost%3A8080%2Fbase%2Fnode_modules%2Fjasmine-core%2Flib%2Fjasmine-core%2Fjasmine.js%3F578a1e5ff14db21b04e2d6db7fd0eda37042440c%3A1745%0A%20%20%20%20at%20http%3A%2F%2Flocalhost%3A8080%2Fbase%2Fnode_modules%2Fjasmine-core%2Flib%2Fjasmine-core%2Fjasmine.js%3F578a1e5ff14db21b04e2d6db7fd0eda37042440c%3A2348%0A%20%20%20%20at%20clearStack%20(http%3A%2F%2Flocalhost%3A8080%2Fbase%2Fnode_modules%2Fjasmine-core%2Flib%2Fjasmine-core%2Fjasmine.js%3F578a1e5ff14db21b04e2d6db7fd0eda37042440c%3A605)%0A%20%20%20%20at%20http%3A%2F%2Flocalhost%3A8080%2Fbase%2Fnode_modules%2Fjasmine-core%2Flib%2Fjasmine-core%2Fjasmine.js%3F578a1e5ff14db21b04e2d6db7fd0eda37042440c%3A1784%0A%20%20%20%20at%20http%3A%2F%2Flocalhost%3A8080%2Fbase%2Fnode_modules%2Fjasmine-core%2Flib%2Fjasmine-core%2Fjasmine.js%3F578a1e5ff14db21b04e2d6db7fd0eda37042440c%3A1762%0A%20%20%20%20at%20http%3A%2F%2Flocalhost%3A8080%2Fbase%2Fnode_modules%2Fjasmine-core%2Flib%2Fjasmine-core%2Fjasmine.js%3F578a1e5ff14db21b04e2d6db7fd0eda37042440c%3A627%0A%20%20%20%20at%20http%3A%2F%2Flocalhost%3A8080%2Fbase%2Fnode_modules%2Fjasmine-core%2Flib%2Fjasmine-core%2Fjasmine.js%3F578a1e5ff14db21b04e2d6db7fd0eda37042440c%3A2354%0A%20%20%20%20at%20attemptAsync%20(http%3A%2F%2Flocalhost%3A8080%2Fbase%2Fnode_modules%2Fjasmine-core%2Flib%2Fjasmine-core%2Fjasmine.js%3F578a1e5ff14db21b04e2d6db7fd0eda37042440c%3A1819)%0A%20%20%20%20at%20http%3A%2F%2Flocalhost%3A8080%2Fbase%2Fnode_modules%2Fjasmine-core%2Flib%2Fjasmine-core%2Fjasmine.js%3F578a1e5ff14db21b04e2d6db7fd0eda37042440c%3A1774%0A%20%20%20%20at%20http%3A%2F%2Flocalhost%3A8080%2Fbase%2Fnode_modules%2Fjasmine-core%2Flib%2Fjasmine-core%2Fjasmine.js%3F578a1e5ff14db21b04e2d6db7fd0eda37042440c%3A1801%0A%20%20%20%20at%20http%3A%2F%2Flocalhost%3A8080%2Fbase%2Fnode_modules%2Fjasmine-core%2Flib%2Fjasmine-core%2Fjasmine.js%3F578a1e5ff14db21b04e2d6db7fd0eda37042440c%3A1745%0A%20%20%20%20at%20http%3A%2F%2Flocalhost%3A8080%2Fbase%2Fnode_modules%2Fjasmine-core%2Flib%2Fjasmine-core%2Fjasmine.js%3F578a1e5ff14db21b04e2d6db7fd0eda37042440c%3A2348%0A%20%20%20%20at%20clearStack%20(http%3A%2F%2Flocalhost%3A8080%2Fbase%2Fnode_modules%2Fjasmine-core%2Flib%2Fjasmine-core%2Fjasmine.js%3F578a1e5ff14db21b04e2d6db7fd0eda37042440c%3A605)%0A%20%20%20%20at%20http%3A%2F%2Flocalhost%3A8080%2Fbase%2Fnode_modules%2Fjasmine-core%2Flib%2Fjasmine-core%2Fjasmine.js%3F578a1e5ff14db21b04e2d6db7fd0eda37042440c%3A1784%0A%20%20%20%20at%20http%3A%2F%2Flocalhost%3A8080%2Fbase%2Fnode_modules%2Fjasmine-core%2Flib%2Fjasmine-core%2Fjasmine.js%3F578a1e5ff14db21b04e2d6db7fd0eda37042440c%3A1762%0A%20%20%20%20at%20http%3A%2F%2Flocalhost%3A8080%2Fbase%2Fnode_modules%2Fjasmine-core%2Flib%2Fjasmine-core%2Fjasmine.js%3F578a1e5ff14db21b04e2d6db7fd0eda37042440c%3A627%0A%20%20%20%20at%20http%3A%2F%2Flocalhost%3A8080%2Fbase%2Fnode_modules%2Fjasmine-core%2Flib%2Fjasmine-core%2Fjasmine.js%3F578a1e5ff14db21b04e2d6db7fd0eda37042440c%3A2354%0A%20%20%20%20at%20attemptAsync%20(http%3A%2F%2Flocalhost%3A8080%2Fbase%2Fnode_modules%2Fjasmine-core%2Flib%2Fjasmine-core%2Fjasmine.js%3F578a1e5ff14db21b04e2d6db7fd0eda37042440c%3A1819)%0A%20%20%20%20at%20http%3A%2F%2Flocalhost%3A8080%2Fbase%2Fnode_modules%2Fjasmine-core%2Flib%2Fjasmine-core%2Fjasmine.js%3F578a1e5ff14db21b04e2d6db7fd0eda37042440c%3A1774%0A%20%20%20%20at%20http%3A%2F%2Flocalhost%3A8080%2Fbase%2Fnode_modules%2Fjasmine-core%2Flib%2Fjasmine-core%2Fjasmine.js%3F578a1e5ff14db21b04e2d6db7fd0eda37042440c%3A1801%0A%20%20%20%20at%20http%3A%2F%2Flocalhost%3A8080%2Fbase%2Fnode_modules%2Fjasmine-core%2Flib%2Fjasmine-core%2Fjasmine.js%3F578a1e5ff14db21b04e2d6db7fd0eda37042440c%3A1745%0A%20%20%20%20at%20http%3A%2F%2Flocalhost%3A8080%2Fbase%2Fnode_modules%2Fjasmine-core%2Flib%2Fjasmine-core%2Fjasmine.js%3F578a1e5ff14db21b04e2d6db7fd0eda37042440c%3A2348%0A%20%20%20%20at%20clearStack%20(http%3A%2F%2Flocalhost%3A8080%2Fbase%2Fnode_modules%2Fjasmine-core%2Flib%2Fjasmine-core%2Fjasmine.js%3F578a1e5ff14db21b04e2d6db7fd0eda37042440c%3A605)%0A%20%20%20%20at%20http%3A%2F%2Flocalhost%3A8080%2Fbase%2Fnode_modules%2Fjasmine-core%2Flib%2Fjasmine-core%2Fjasmine.js%3F578a1e5ff14db21b04e2d6db7fd0eda37042440c%3A1784%0A%20%20%20%20at%20http%3A%2F%2Flocalhost%3A8080%2Fbase%2Fnode_modules%2Fjasmine-core%2Flib%2Fjasmine-core%2Fjasmine.js%3F578a1e5ff14db21b04e2d6db7fd0eda37042440c%3A1762%0A%20%20%20%20at%20http%3A%2F%2Flocalhost%3A8080%2Fbase%2Fnode_modules%2Fjasmine-core%2Flib%2Fjasmine-core%2Fjasmine.js%3F578a1e5ff14db21b04e2d6db7fd0eda37042440c%3A627%0A%20%20%20%20at%20http%3A%2F%2Flocalhost%3A8080%2Fbase%2Fnode_modules%2Fjasmine-core%2Flib%2Fjasmine-core%2Fjasmine.js%3F578a1e5ff14db21b04e2d6db7fd0eda37042440c%3A2354%0A%20%20%20%20at%20attemptAsync%20(http%3A%2F%2Flocalhost%3A8080%2Fbase%2Fnode_modules%2Fjasmine-core%2Flib%2Fjasmine-core%2Fjasmine.js%3F578a1e5ff14db21b04e2d6db7fd0eda37042440c%3A1819)%0A%20%20%20%20at%20http%3A%2F%2Flocalhost%3A8080%2Fbase%2Fnode_modules%2Fjasmine-core%2Flib%2Fjasmine-core%2Fjasmine.js%3F578a1e5ff14db21b04e2d6db7fd0eda37042440c%3A1774%0A%20%20%20%20at%20http%3A%2F%2Flocalhost%3A8080%2Fbase%2Fnode_modules%2Fjasmine-core%2Flib%2Fjasmine-core%2Fjasmine.js%3F578a1e5ff14db21b04e2d6db7fd0eda37042440c%3A1762%0A%20%20%20%20at%20http%3A%2F%2Flocalhost%3A8080%2Fbase%2Fnode_modules%2Fjasmine-core%2Flib%2Fjasmine-core%2Fjasmine.js%3F578a1e5ff14db21b04e2d6db7fd0eda37042440c%3A627%0A%20%20%20%20at%20http%3A%2F%2Flocalhost%3A8080%2Fbase%2Fnode_modules%2Fjasmine-core%2Flib%2Fjasmine-core%2Fjasmine.js%3F578a1e5ff14db21b04e2d6db7fd0eda37042440c%3A2215%0A%20%20%20%20at%20http%3A%2F%2Flocalhost%3A8080%2Fbase%2Fnode_modules%2Fjasmine-core%2Flib%2Fjasmine-core%2Fjasmine.js%3F578a1e5ff14db21b04e2d6db7fd0eda37042440c%3A678%0A%20%20%20%20at%20http%3A%2F%2Flocalhost%3A8080%2Fbase%2Fnode_modules%2Fkarma-jasmine%2Flib%2Fadapter.js%3F0a69ad1fa10cc8be0a12b241227d3b834f82db4f%3A317%0A%20%20%20%20at%20http%3A%2F%2Flocalhost%3A8080%2Fkarma.js%3A185%0A%20%20%20%20at%20http%3A%2F%2Flocalhost%3A8080%2Fcontext.html%3A127
    at C:/dev/MedExplorer/src/client/app/vendor/angular/angular.js:4379
    at forEach (C:/dev/MedExplorer/src/client/app/vendor/angular/angular.js:336)
    at loadModules (C:/dev/MedExplorer/src/client/app/vendor/angular/angular.js:4381)
    at C:/dev/MedExplorer/src/client/app/vendor/angular/angular.js:4356
    at forEach (C:/dev/MedExplorer/src/client/app/vendor/angular/angular.js:336)
    at loadModules (C:/dev/MedExplorer/src/client/app/vendor/angular/angular.js:4381)
    at createInjector (C:/dev/MedExplorer/src/client/app/vendor/angular/angular.js:4265)
    at workFn (C:/dev/MedExplorer/src/client/app/vendor/angular-mocks/angular-mocks.js:2409)
http://errors.angularjs.org/1.4.1/$injector/modulerr?p0=MedExplorer&amp;p1=Error%3A%20%5B%24injector%3Amodulerr%5D%20Failed%20to%20instantiate%20module%20ui.bootstrap%20due%20to%3A%0AError%3A%20%5B%24injector%3Anomod%5D%20Module%20&apos;ui.bootstrap&apos;%20is%20not%20available!%20You%20either%20misspelled%20the%20module%20name%20or%20forgot%20to%20load%20it.%20If%20registering%20a%20module%20ensure%20that%20you%20specify%20the%20dependencies%20as%20the%20second%20argument.%0Ahttp%3A%2F%2Ferrors.angularjs.org%2F1.4.1%2F%24injector%2Fnomod%3Fp0%3Dui.bootstrap%0A%20%20%20%20at%20http%3A%2F%2Flocalhost%3A8080%2Fbase%2Fapp%2Fvendor%2Fangular%2Fangular.js%3F9d140432f81858ac1e7888708720d419d147ffa9%3A1951%0A%20%20%20%20at%20ensure%20(http%3A%2F%2Flocalhost%3A8080%2Fbase%2Fapp%2Fvendor%2Fangular%2Fangular.js%3F9d140432f81858ac1e7888708720d419d147ffa9%3A1873)%0A%20%20%20%20at%20module%20(http%3A%2F%2Flocalhost%3A8080%2Fbase%2Fapp%2Fvendor%2Fangular%2Fangular.js%3F9d140432f81858ac1e7888708720d419d147ffa9%3A2201)%0A%20%20%20%20at%20http%3A%2F%2Flocalhost%3A8080%2Fbase%2Fapp%2Fvendor%2Fangular%2Fangular.js%3F9d140432f81858ac1e7888708720d419d147ffa9%3A4355%0A%20%20%20%20at%20forEach%20(http%3A%2F%2Flocalhost%3A8080%2Fbase%2Fapp%2Fvendor%2Fangular%2Fangular.js%3F9d140432f81858ac1e7888708720d419d147ffa9%3A336)%0A%20%20%20%20at%20loadModules%20(http%3A%2F%2Flocalhost%3A8080%2Fbase%2Fapp%2Fvendor%2Fangular%2Fangular.js%3F9d140432f81858ac1e7888708720d419d147ffa9%3A4381)%0A%20%20%20%20at%20http%3A%2F%2Flocalhost%3A8080%2Fbase%2Fapp%2Fvendor%2Fangular%2Fangular.js%3F9d140432f81858ac1e7888708720d419d147ffa9%3A4356%0A%20%20%20%20at%20forEach%20(http%3A%2F%2Flocalhost%3A8080%2Fbase%2Fapp%2Fvendor%2Fangular%2Fangular.js%3F9d140432f81858ac1e7888708720d419d147ffa9%3A336)%0A%20%20%20%20at%20loadModules%20(http%3A%2F%2Flocalhost%3A8080%2Fbase%2Fapp%2Fvendor%2Fangular%2Fangular.js%3F9d140432f81858ac1e7888708720d419d147ffa9%3A4381)%0A%20%20%20%20at%20createInjector%20(http%3A%2F%2Flocalhost%3A8080%2Fbase%2Fapp%2Fvendor%2Fangular%2Fangular.js%3F9d140432f81858ac1e7888708720d419d147ffa9%3A4265)%0A%20%20%20%20at%20workFn%20(http%3A%2F%2Flocalhost%3A8080%2Fbase%2Fapp%2Fvendor%2Fangular-mocks%2Fangular-mocks.js%3F6fe041cc8bb7a17f894cb12d8b0d44b12644f10a%3A2409)%0A%20%20%20%20at%20attemptSync%20(http%3A%2F%2Flocalhost%3A8080%2Fbase%2Fnode_modules%2Fjasmine-core%2Flib%2Fjasmine-core%2Fjasmine.js%3F578a1e5ff14db21b04e2d6db7fd0eda37042440c%3A1789)%0A%20%20%20%20at%20http%3A%2F%2Flocalhost%3A8080%2Fbase%2Fnode_modules%2Fjasmine-core%2Flib%2Fjasmine-core%2Fjasmine.js%3F578a1e5ff14db21b04e2d6db7fd0eda37042440c%3A1777%0A%20%20%20%20at%20http%3A%2F%2Flocalhost%3A8080%2Fbase%2Fnode_modules%2Fjasmine-core%2Flib%2Fjasmine-core%2Fjasmine.js%3F578a1e5ff14db21b04e2d6db7fd0eda37042440c%3A1762%0A%20%20%20%20at%20http%3A%2F%2Flocalhost%3A8080%2Fbase%2Fnode_modules%2Fjasmine-core%2Flib%2Fjasmine-core%2Fjasmine.js%3F578a1e5ff14db21b04e2d6db7fd0eda37042440c%3A627%0A%20%20%20%20at%20http%3A%2F%2Flocalhost%3A8080%2Fbase%2Fnode_modules%2Fjasmine-core%2Flib%2Fjasmine-core%2Fjasmine.js%3F578a1e5ff14db21b04e2d6db7fd0eda37042440c%3A357%0A%20%20%20%20at%20http%3A%2F%2Flocalhost%3A8080%2Fbase%2Fnode_modules%2Fjasmine-core%2Flib%2Fjasmine-core%2Fjasmine.js%3F578a1e5ff14db21b04e2d6db7fd0eda37042440c%3A2360%0A%20%20%20%20at%20attemptAsync%20(http%3A%2F%2Flocalhost%3A8080%2Fbase%2Fnode_modules%2Fjasmine-core%2Flib%2Fjasmine-core%2Fjasmine.js%3F578a1e5ff14db21b04e2d6db7fd0eda37042440c%3A1819)%0A%20%20%20%20at%20http%3A%2F%2Flocalhost%3A8080%2Fbase%2Fnode_modules%2Fjasmine-core%2Flib%2Fjasmine-core%2Fjasmine.js%3F578a1e5ff14db21b04e2d6db7fd0eda37042440c%3A1774%0A%20%20%20%20at%20http%3A%2F%2Flocalhost%3A8080%2Fbase%2Fnode_modules%2Fjasmine-core%2Flib%2Fjasmine-core%2Fjasmine.js%3F578a1e5ff14db21b04e2d6db7fd0eda37042440c%3A1801%0A%20%20%20%20at%20http%3A%2F%2Flocalhost%3A8080%2Fbase%2Fnode_modules%2Fjasmine-core%2Flib%2Fjasmine-core%2Fjasmine.js%3F578a1e5ff14db21b04e2d6db7fd0eda37042440c%3A1745%0A%20%20%20%20at%20complete%20(http%3A%2F%2Flocalhost%3A8080%2Fbase%2Fnode_modules%2Fjasmine-core%2Flib%2Fjasmine-core%2Fjasmine.js%3F578a1e5ff14db21b04e2d6db7fd0eda37042440c%3A365)%0A%20%20%20%20at%20clearStack%20(http%3A%2F%2Flocalhost%3A8080%2Fbase%2Fnode_modules%2Fjasmine-core%2Flib%2Fjasmine-core%2Fjasmine.js%3F578a1e5ff14db21b04e2d6db7fd0eda37042440c%3A605)%0A%20%20%20%20at%20http%3A%2F%2Flocalhost%3A8080%2Fbase%2Fnode_modules%2Fjasmine-core%2Flib%2Fjasmine-core%2Fjasmine.js%3F578a1e5ff14db21b04e2d6db7fd0eda37042440c%3A1784%0A%20%20%20%20at%20http%3A%2F%2Flocalhost%3A8080%2Fbase%2Fnode_modules%2Fjasmine-core%2Flib%2Fjasmine-core%2Fjasmine.js%3F578a1e5ff14db21b04e2d6db7fd0eda37042440c%3A1762%0A%20%20%20%20at%20http%3A%2F%2Flocalhost%3A8080%2Fbase%2Fnode_modules%2Fjasmine-core%2Flib%2Fjasmine-core%2Fjasmine.js%3F578a1e5ff14db21b04e2d6db7fd0eda37042440c%3A627%0A%20%20%20%20at%20http%3A%2F%2Flocalhost%3A8080%2Fbase%2Fnode_modules%2Fjasmine-core%2Flib%2Fjasmine-core%2Fjasmine.js%3F578a1e5ff14db21b04e2d6db7fd0eda37042440c%3A357%0A%20%20%20%20at%20http%3A%2F%2Flocalhost%3A8080%2Fbase%2Fnode_modules%2Fjasmine-core%2Flib%2Fjasmine-core%2Fjasmine.js%3F578a1e5ff14db21b04e2d6db7fd0eda37042440c%3A2360%0A%20%20%20%20at%20attemptAsync%20(http%3A%2F%2Flocalhost%3A8080%2Fbase%2Fnode_modules%2Fjasmine-core%2Flib%2Fjasmine-core%2Fjasmine.js%3F578a1e5ff14db21b04e2d6db7fd0eda37042440c%3A1819)%0A%20%20%20%20at%20http%3A%2F%2Flocalhost%3A8080%2Fbase%2Fnode_modules%2Fjasmine-core%2Flib%2Fjasmine-core%2Fjasmine.js%3F578a1e5ff14db21b04e2d6db7fd0eda37042440c%3A1774%0A%20%20%20%20at%20http%3A%2F%2Flocalhost%3A8080%2Fbase%2Fnode_modules%2Fjasmine-core%2Flib%2Fjasmine-core%2Fjasmine.js%3F578a1e5ff14db21b04e2d6db7fd0eda37042440c%3A1762%0A%20%20%20%20at%20http%3A%2F%2Flocalhost%3A8080%2Fbase%2Fnode_modules%2Fjasmine-core%2Flib%2Fjasmine-core%2Fjasmine.js%3F578a1e5ff14db21b04e2d6db7fd0eda37042440c%3A627%0A%20%20%20%20at%20http%3A%2F%2Flocalhost%3A8080%2Fbase%2Fnode_modules%2Fjasmine-core%2Flib%2Fjasmine-core%2Fjasmine.js%3F578a1e5ff14db21b04e2d6db7fd0eda37042440c%3A2354%0A%20%20%20%20at%20attemptAsync%20(http%3A%2F%2Flocalhost%3A8080%2Fbase%2Fnode_modules%2Fjasmine-core%2Flib%2Fjasmine-core%2Fjasmine.js%3F578a1e5ff14db21b04e2d6db7fd0eda37042440c%3A1819)%0A%20%20%20%20at%20http%3A%2F%2Flocalhost%3A8080%2Fbase%2Fnode_modules%2Fjasmine-core%2Flib%2Fjasmine-core%2Fjasmine.js%3F578a1e5ff14db21b04e2d6db7fd0eda37042440c%3A1774%0A%20%20%20%20at%20http%3A%2F%2Flocalhost%3A8080%2Fbase%2Fnode_modules%2Fjasmine-core%2Flib%2Fjasmine-core%2Fjasmine.js%3F578a1e5ff14db21b04e2d6db7fd0eda37042440c%3A1801%0A%20%20%20%20at%20http%3A%2F%2Flocalhost%3A8080%2Fbase%2Fnode_modules%2Fjasmine-core%2Flib%2Fjasmine-core%2Fjasmine.js%3F578a1e5ff14db21b04e2d6db7fd0eda37042440c%3A1745%0A%20%20%20%20at%20http%3A%2F%2Flocalhost%3A8080%2Fbase%2Fnode_modules%2Fjasmine-core%2Flib%2Fjasmine-core%2Fjasmine.js%3F578a1e5ff14db21b04e2d6db7fd0eda37042440c%3A2348%0A%20%20%20%20at%20clearStack%20(http%3A%2F%2Flocalhost%3A8080%2Fbase%2Fnode_modules%2Fjasmine-core%2Flib%2Fjasmine-core%2Fjasmine.js%3F578a1e5ff14db21b04e2d6db7fd0eda37042440c%3A605)%0A%20%20%20%20at%20http%3A%2F%2Flocalhost%3A8080%2Fbase%2Fnode_modules%2Fjasmine-core%2Flib%2Fjasmine-core%2Fjasmine.js%3F578a1e5ff14db21b04e2d6db7fd0eda37042440c%3A1784%0A%20%20%20%20at%20http%3A%2F%2Flocalhost%3A8080%2Fbase%2Fnode_modules%2Fjasmine-core%2Flib%2Fjasmine-core%2Fjasmine.js%3F578a1e5ff14db21b04e2d6db7fd0eda37042440c%3A1762%0A%20%20%20%20at%20http%3A%2F%2Flocalhost%3A8080%2Fbase%2Fnode_modules%2Fjasmine-core%2Flib%2Fjasmine-core%2Fjasmine.js%3F578a1e5ff14db21b04e2d6db7fd0eda37042440c%3A627%0A%20%20%20%20at%20http%3A%2F%2Flocalhost%3A8080%2Fbase%2Fnode_modules%2Fjasmine-core%2Flib%2Fjasmine-core%2Fjasmine.js%3F578a1e5ff14db21b04e2d6db7fd0eda37042440c%3A2354%0A%20%20%20%20at%20attemptAsync%20(http%3A%2F%2Flocalhost%3A8080%2Fbase%2Fnode_modules%2Fjasmine-core%2Flib%2Fjasmine-core%2Fjasmine.js%3F578a1e5ff14db21b04e2d6db7fd0eda37042440c%3A1819)%0A%20%20%20%20at%20http%3A%2F%2Flocalhost%3A8080%2Fbase%2Fnode_modules%2Fjasmine-core%2Flib%2Fjasmine-core%2Fjasmine.js%3F578a1e5ff14db21b04e2d6db7fd0eda37042440c%3A1774%0A%20%20%20%20at%20http%3A%2F%2Flocalhost%3A8080%2Fbase%2Fnode_modules%2Fjasmine-core%2Flib%2Fjasmine-core%2Fjasmine.js%3F578a1e5ff14db21b04e2d6db7fd0eda37042440c%3A1801%0A%20%20%20%20at%20http%3A%2F%2Flocalhost%3A8080%2Fbase%2Fnode_modules%2Fjasmine-core%2Flib%2Fjasmine-core%2Fjasmine.js%3F578a1e5ff14db21b04e2d6db7fd0eda37042440c%3A1745%0A%20%20%20%20at%20http%3A%2F%2Flocalhost%3A8080%2Fbase%2Fnode_modules%2Fjasmine-core%2Flib%2Fjasmine-core%2Fjasmine.js%3F578a1e5ff14db21b04e2d6db7fd0eda37042440c%3A2348%0A%20%20%20%20at%20clearStack%20(http%3A%2F%2Flocalhost%3A8080%2Fbase%2Fnode_modules%2Fjasmine-core%2Flib%2Fjasmine-core%2Fjasmine.js%3F578a1e5ff14db21b04e2d6db7fd0eda37042440c%3A605)%0A%20%20%20%20at%20http%3A%2F%2Flocalhost%3A8080%2Fbase%2Fnode_modules%2Fjasmine-core%2Flib%2Fjasmine-core%2Fjasmine.js%3F578a1e5ff14db21b04e2d6db7fd0eda37042440c%3A1784%0A%20%20%20%20at%20http%3A%2F%2Flocalhost%3A8080%2Fbase%2Fnode_modules%2Fjasmine-core%2Flib%2Fjasmine-core%2Fjasmine.js%3F578a1e5ff14db21b04e2d6db7fd0eda37042440c%3A1762%0A%20%20%20%20at%20http%3A%2F%2Flocalhost%3A8080%2Fbase%2Fnode_modules%2Fjasmine-core%2Flib%2Fjasmine-core%2Fjasmine.js%3F578a1e5ff14db21b04e2d6db7fd0eda37042440c%3A627%0A%20%20%20%20at%20http%3A%2F%2Flocalhost%3A8080%2Fbase%2Fnode_modules%2Fjasmine-core%2Flib%2Fjasmine-core%2Fjasmine.js%3F578a1e5ff14db21b04e2d6db7fd0eda37042440c%3A2354%0A%20%20%20%20at%20attemptAsync%20(http%3A%2F%2Flocalhost%3A8080%2Fbase%2Fnode_modules%2Fjasmine-core%2Flib%2Fjasmine-core%2Fjasmine.js%3F578a1e5ff14db21b04e2d6db7fd0eda37042440c%3A1819)%0A%20%20%20%20at%20http%3A%2F%2Flocalhost%3A8080%2Fbase%2Fnode_modules%2Fjasmine-core%2Flib%2Fjasmine-core%2Fjasmine.js%3F578a1e5ff14db21b04e2d6db7fd0eda37042440c%3A1774%0A%20%20%20%20at%20http%3A%2F%2Flocalhost%3A8080%2Fbase%2Fnode_modules%2Fjasmine-core%2Flib%2Fjasmine-core%2Fjasmine.js%3F578a1e5ff14db21b04e2d6db7fd0eda37042440c%3A1801%0A%20%20%20%20at%20http%3A%2F%2Flocalhost%3A8080%2Fbase%2Fnode_modules%2Fjasmine-core%2Flib%2Fjasmine-core%2Fjasmine.js%3F578a1e5ff14db21b04e2d6db7fd0eda37042440c%3A1745%0A%20%20%20%20at%20http%3A%2F%2Flocalhost%3A8080%2Fbase%2Fnode_modules%2Fjasmine-core%2Flib%2Fjasmine-core%2Fjasmine.js%3F578a1e5ff14db21b04e2d6db7fd0eda37042440c%3A2348%0A%20%20%20%20at%20clearStack%20(http%3A%2F%2Flocalhost%3A8080%2Fbase%2Fnode_modules%2Fjasmine-core%2Flib%2Fjasmine-core%2Fjasmine.js%3F578a1e5ff14db21b04e2d6db7fd0eda37042440c%3A605)%0A%20%20%20%20at%20http%3A%2F%2Flocalhost%3A8080%2Fbase%2Fnode_modules%2Fjasmine-core%2Flib%2Fjasmine-core%2Fjasmine.js%3F578a1e5ff14db21b04e2d6db7fd0eda37042440c%3A1784%0A%20%20%20%20at%20http%3A%2F%2Flocalhost%3A8080%2Fbase%2Fnode_modules%2Fjasmine-core%2Flib%2Fjasmine-core%2Fjasmine.js%3F578a1e5ff14db21b04e2d6db7fd0eda37042440c%3A1801%0A%20%20%20%20at%20http%3A%2F%2Flocalhost%3A8080%2Fbase%2Fnode_modules%2Fjasmine-core%2Flib%2Fjasmine-core%2Fjasmine.js%3F578a1e5ff14db21b04e2d6db7fd0eda37042440c%3A1745%0A%20%20%20%20at%20complete%20(http%3A%2F%2Flocalhost%3A8080%2Fbase%2Fnode_modules%2Fjasmine-core%2Flib%2Fjasmine-core%2Fjasmine.js%3F578a1e5ff14db21b04e2d6db7fd0eda37042440c%3A365)%0A%20%20%20%20at%20clearStack%20(http%3A%2F%2Flocalhost%3A8080%2Fbase%2Fnode_modules%2Fjasmine-core%2Flib%2Fjasmine-core%2Fjasmine.js%3F578a1e5ff14db21b04e2d6db7fd0eda37042440c%3A605)%0A%20%20%20%20at%20http%3A%2F%2Flocalhost%3A8080%2Fbase%2Fnode_modules%2Fjasmine-core%2Flib%2Fjasmine-core%2Fjasmine.js%3F578a1e5ff14db21b04e2d6db7fd0eda37042440c%3A1784%0A%20%20%20%20at%20http%3A%2F%2Flocalhost%3A8080%2Fbase%2Fnode_modules%2Fjasmine-core%2Flib%2Fjasmine-core%2Fjasmine.js%3F578a1e5ff14db21b04e2d6db7fd0eda37042440c%3A1762%0A%20%20%20%20at%20http%3A%2F%2Flocalhost%3A8080%2Fbase%2Fnode_modules%2Fjasmine-core%2Flib%2Fjasmine-core%2Fjasmine.js%3F578a1e5ff14db21b04e2d6db7fd0eda37042440c%3A627%0A%20%20%20%20at%20http%3A%2F%2Flocalhost%3A8080%2Fbase%2Fnode_modules%2Fjasmine-core%2Flib%2Fjasmine-core%2Fjasmine.js%3F578a1e5ff14db21b04e2d6db7fd0eda37042440c%3A357%0A%20%20%20%20at%20http%3A%2F%2Flocalhost%3A8080%2Fbase%2Fnode_modules%2Fjasmine-core%2Flib%2Fjasmine-core%2Fjasmine.js%3F578a1e5ff14db21b04e2d6db7fd0eda37042440c%3A2360%0A%20%20%20%20at%20attemptAsync%20(http%3A%2F%2Flocalhost%3A8080%2Fbase%2Fnode_modules%2Fjasmine-core%2Flib%2Fjasmine-core%2Fjasmine.js%3F578a1e5ff14db21b04e2d6db7fd0eda37042440c%3A1819)%0A%20%20%20%20at%20http%3A%2F%2Flocalhost%3A8080%2Fbase%2Fnode_modules%2Fjasmine-core%2Flib%2Fjasmine-core%2Fjasmine.js%3F578a1e5ff14db21b04e2d6db7fd0eda37042440c%3A1774%0A%20%20%20%20at%20http%3A%2F%2Flocalhost%3A8080%2Fbase%2Fnode_modules%2Fjasmine-core%2Flib%2Fjasmine-core%2Fjasmine.js%3F578a1e5ff14db21b04e2d6db7fd0eda37042440c%3A1801%0A%20%20%20%20at%20http%3A%2F%2Flocalhost%3A8080%2Fbase%2Fnode_modules%2Fjasmine-core%2Flib%2Fjasmine-core%2Fjasmine.js%3F578a1e5ff14db21b04e2d6db7fd0eda37042440c%3A1745%0A%20%20%20%20at%20complete%20(http%3A%2F%2Flocalhost%3A8080%2Fbase%2Fnode_modules%2Fjasmine-core%2Flib%2Fjasmine-core%2Fjasmine.js%3F578a1e5ff14db21b04e2d6db7fd0eda37042440c%3A365)%0A%20%20%20%20at%20clearStack%20(http%3A%2F%2Flocalhost%3A8080%2Fbase%2Fnode_modules%2Fjasmine-core%2Flib%2Fjasmine-core%2Fjasmine.js%3F578a1e5ff14db21b04e2d6db7fd0eda37042440c%3A605)%0A%20%20%20%20at%20http%3A%2F%2Flocalhost%3A8080%2Fbase%2Fnode_modules%2Fjasmine-core%2Flib%2Fjasmine-core%2Fjasmine.js%3F578a1e5ff14db21b04e2d6db7fd0eda37042440c%3A1784%0A%20%20%20%20at%20http%3A%2F%2Flocalhost%3A8080%2Fbase%2Fnode_modules%2Fjasmine-core%2Flib%2Fjasmine-core%2Fjasmine.js%3F578a1e5ff14db21b04e2d6db7fd0eda37042440c%3A1762%0A%20%20%20%20at%20http%3A%2F%2Flocalhost%3A8080%2Fbase%2Fnode_modules%2Fjasmine-core%2Flib%2Fjasmine-core%2Fjasmine.js%3F578a1e5ff14db21b04e2d6db7fd0eda37042440c%3A627%0A%20%20%20%20at%20http%3A%2F%2Flocalhost%3A8080%2Fbase%2Fnode_modules%2Fjasmine-core%2Flib%2Fjasmine-core%2Fjasmine.js%3F578a1e5ff14db21b04e2d6db7fd0eda37042440c%3A357%0A%20%20%20%20at%20http%3A%2F%2Flocalhost%3A8080%2Fbase%2Fnode_modules%2Fjasmine-core%2Flib%2Fjasmine-core%2Fjasmine.js%3F578a1e5ff14db21b04e2d6db7fd0eda37042440c%3A2360%0A%20%20%20%20at%20attemptAsync%20(http%3A%2F%2Flocalhost%3A8080%2Fbase%2Fnode_modules%2Fjasmine-core%2Flib%2Fjasmine-core%2Fjasmine.js%3F578a1e5ff14db21b04e2d6db7fd0eda37042440c%3A1819)%0A%20%20%20%20at%20http%3A%2F%2Flocalhost%3A8080%2Fbase%2Fnode_modules%2Fjasmine-core%2Flib%2Fjasmine-core%2Fjasmine.js%3F578a1e5ff14db21b04e2d6db7fd0eda37042440c%3A1774%0A%20%20%20%20at%20http%3A%2F%2Flocalhost%3A8080%2Fbase%2Fnode_modules%2Fjasmine-core%2Flib%2Fjasmine-core%2Fjasmine.js%3F578a1e5ff14db21b04e2d6db7fd0eda37042440c%3A1762%0A%20%20%20%20at%20http%3A%2F%2Flocalhost%3A8080%2Fbase%2Fnode_modules%2Fjasmine-core%2Flib%2Fjasmine-core%2Fjasmine.js%3F578a1e5ff14db21b04e2d6db7fd0eda37042440c%3A627%0A%20%20%20%20at%20http%3A%2F%2Flocalhost%3A8080%2Fbase%2Fnode_modules%2Fjasmine-core%2Flib%2Fjasmine-core%2Fjasmine.js%3F578a1e5ff14db21b04e2d6db7fd0eda37042440c%3A2354%0A%20%20%20%20at%20attemptAsync%20(http%3A%2F%2Flocalhost%3A8080%2Fbase%2Fnode_modules%2Fjasmine-core%2Flib%2Fjasmine-core%2Fjasmine.js%3F578a1e5ff14db21b04e2d6db7fd0eda37042440c%3A1819)%0A%20%20%20%20at%20http%3A%2F%2Flocalhost%3A8080%2Fbase%2Fnode_modules%2Fjasmine-core%2Flib%2Fjasmine-core%2Fjasmine.js%3F578a1e5ff14db21b04e2d6db7fd0eda37042440c%3A1774%0A%20%20%20%20at%20http%3A%2F%2Flocalhost%3A8080%2Fbase%2Fnode_modules%2Fjasmine-core%2Flib%2Fjasmine-core%2Fjasmine.js%3F578a1e5ff14db21b04e2d6db7fd0eda37042440c%3A1801%0A%20%20%20%20at%20http%3A%2F%2Flocalhost%3A8080%2Fbase%2Fnode_modules%2Fjasmine-core%2Flib%2Fjasmine-core%2Fjasmine.js%3F578a1e5ff14db21b04e2d6db7fd0eda37042440c%3A1745%0A%20%20%20%20at%20http%3A%2F%2Flocalhost%3A8080%2Fbase%2Fnode_modules%2Fjasmine-core%2Flib%2Fjasmine-core%2Fjasmine.js%3F578a1e5ff14db21b04e2d6db7fd0eda37042440c%3A2348%0A%20%20%20%20at%20clearStack%20(http%3A%2F%2Flocalhost%3A8080%2Fbase%2Fnode_modules%2Fjasmine-core%2Flib%2Fjasmine-core%2Fjasmine.js%3F578a1e5ff14db21b04e2d6db7fd0eda37042440c%3A605)%0A%20%20%20%20at%20http%3A%2F%2Flocalhost%3A8080%2Fbase%2Fnode_modules%2Fjasmine-core%2Flib%2Fjasmine-core%2Fjasmine.js%3F578a1e5ff14db21b04e2d6db7fd0eda37042440c%3A1784%0A%20%20%20%20at%20http%3A%2F%2Flocalhost%3A8080%2Fbase%2Fnode_modules%2Fjasmine-core%2Flib%2Fjasmine-core%2Fjasmine.js%3F578a1e5ff14db21b04e2d6db7fd0eda37042440c%3A1762%0A%20%20%20%20at%20http%3A%2F%2Flocalhost%3A8080%2Fbase%2Fnode_modules%2Fjasmine-core%2Flib%2Fjasmine-core%2Fjasmine.js%3F578a1e5ff14db21b04e2d6db7fd0eda37042440c%3A627%0A%20%20%20%20at%20http%3A%2F%2Flocalhost%3A8080%2Fbase%2Fnode_modules%2Fjasmine-core%2Flib%2Fjasmine-core%2Fjasmine.js%3F578a1e5ff14db21b04e2d6db7fd0eda37042440c%3A2354%0A%20%20%20%20at%20attemptAsync%20(http%3A%2F%2Flocalhost%3A8080%2Fbase%2Fnode_modules%2Fjasmine-core%2Flib%2Fjasmine-core%2Fjasmine.js%3F578a1e5ff14db21b04e2d6db7fd0eda37042440c%3A1819)%0A%20%20%20%20at%20http%3A%2F%2Flocalhost%3A8080%2Fbase%2Fnode_modules%2Fjasmine-core%2Flib%2Fjasmine-core%2Fjasmine.js%3F578a1e5ff14db21b04e2d6db7fd0eda37042440c%3A1774%0A%20%20%20%20at%20http%3A%2F%2Flocalhost%3A8080%2Fbase%2Fnode_modules%2Fjasmine-core%2Flib%2Fjasmine-core%2Fjasmine.js%3F578a1e5ff14db21b04e2d6db7fd0eda37042440c%3A1801%0A%20%20%20%20at%20http%3A%2F%2Flocalhost%3A8080%2Fbase%2Fnode_modules%2Fjasmine-core%2Flib%2Fjasmine-core%2Fjasmine.js%3F578a1e5ff14db21b04e2d6db7fd0eda37042440c%3A1745%0A%20%20%20%20at%20http%3A%2F%2Flocalhost%3A8080%2Fbase%2Fnode_modules%2Fjasmine-core%2Flib%2Fjasmine-core%2Fjasmine.js%3F578a1e5ff14db21b04e2d6db7fd0eda37042440c%3A2348%0A%20%20%20%20at%20clearStack%20(http%3A%2F%2Flocalhost%3A8080%2Fbase%2Fnode_modules%2Fjasmine-core%2Flib%2Fjasmine-core%2Fjasmine.js%3F578a1e5ff14db21b04e2d6db7fd0eda37042440c%3A605)%0A%20%20%20%20at%20http%3A%2F%2Flocalhost%3A8080%2Fbase%2Fnode_modules%2Fjasmine-core%2Flib%2Fjasmine-core%2Fjasmine.js%3F578a1e5ff14db21b04e2d6db7fd0eda37042440c%3A1784%0A%20%20%20%20at%20http%3A%2F%2Flocalhost%3A8080%2Fbase%2Fnode_modules%2Fjasmine-core%2Flib%2Fjasmine-core%2Fjasmine.js%3F578a1e5ff14db21b04e2d6db7fd0eda37042440c%3A1762%0A%20%20%20%20at%20http%3A%2F%2Flocalhost%3A8080%2Fbase%2Fnode_modules%2Fjasmine-core%2Flib%2Fjasmine-core%2Fjasmine.js%3F578a1e5ff14db21b04e2d6db7fd0eda37042440c%3A627%0A%20%20%20%20at%20http%3A%2F%2Flocalhost%3A8080%2Fbase%2Fnode_modules%2Fjasmine-core%2Flib%2Fjasmine-core%2Fjasmine.js%3F578a1e5ff14db21b04e2d6db7fd0eda37042440c%3A2354%0A%20%20%20%20at%20attemptAsync%20(http%3A%2F%2Flocalhost%3A8080%2Fbase%2Fnode_modules%2Fjasmine-core%2Flib%2Fjasmine-core%2Fjasmine.js%3F578a1e5ff14db21b04e2d6db7fd0eda37042440c%3A1819)%0A%20%20%20%20at%20http%3A%2F%2Flocalhost%3A8080%2Fbase%2Fnode_modules%2Fjasmine-core%2Flib%2Fjasmine-core%2Fjasmine.js%3F578a1e5ff14db21b04e2d6db7fd0eda37042440c%3A1774%0A%20%20%20%20at%20http%3A%2F%2Flocalhost%3A8080%2Fbase%2Fnode_modules%2Fjasmine-core%2Flib%2Fjasmine-core%2Fjasmine.js%3F578a1e5ff14db21b04e2d6db7fd0eda37042440c%3A1801%0A%20%20%20%20at%20http%3A%2F%2Flocalhost%3A8080%2Fbase%2Fnode_modules%2Fjasmine-core%2Flib%2Fjasmine-core%2Fjasmine.js%3F578a1e5ff14db21b04e2d6db7fd0eda37042440c%3A1745%0A%20%20%20%20at%20http%3A%2F%2Flocalhost%3A8080%2Fbase%2Fnode_modules%2Fjasmine-core%2Flib%2Fjasmine-core%2Fjasmine.js%3F578a1e5ff14db21b04e2d6db7fd0eda37042440c%3A2348%0A%20%20%20%20at%20clearStack%20(http%3A%2F%2Flocalhost%3A8080%2Fbase%2Fnode_modules%2Fjasmine-core%2Flib%2Fjasmine-core%2Fjasmine.js%3F578a1e5ff14db21b04e2d6db7fd0eda37042440c%3A605)%0A%20%20%20%20at%20http%3A%2F%2Flocalhost%3A8080%2Fbase%2Fnode_modules%2Fjasmine-core%2Flib%2Fjasmine-core%2Fjasmine.js%3F578a1e5ff14db21b04e2d6db7fd0eda37042440c%3A1784%0A%20%20%20%20at%20http%3A%2F%2Flocalhost%3A8080%2Fbase%2Fnode_modules%2Fjasmine-core%2Flib%2Fjasmine-core%2Fjasmine.js%3F578a1e5ff14db21b04e2d6db7fd0eda37042440c%3A1762%0A%20%20%20%20at%20http%3A%2F%2Flocalhost%3A8080%2Fbase%2Fnode_modules%2Fjasmine-core%2Flib%2Fjasmine-core%2Fjasmine.js%3F578a1e5ff14db21b04e2d6db7fd0eda37042440c%3A627%0A%20%20%20%20at%20http%3A%2F%2Flocalhost%3A8080%2Fbase%2Fnode_modules%2Fjasmine-core%2Flib%2Fjasmine-core%2Fjasmine.js%3F578a1e5ff14db21b04e2d6db7fd0eda37042440c%3A2354%0A%20%20%20%20at%20attemptAsync%20(http%3A%2F%2Flocalhost%3A8080%2Fbase%2Fnode_modules%2Fjasmine-core%2Flib%2Fjasmine-core%2Fjasmine.js%3F578a1e5ff14db21b04e2d6db7fd0eda37042440c%3A1819)%0A%20%20%20%20at%20http%3A%2F%2Flocalhost%3A8080%2Fbase%2Fnode_modules%2Fjasmine-core%2Flib%2Fjasmine-core%2Fjasmine.js%3F578a1e5ff14db21b04e2d6db7fd0eda37042440c%3A1774%0A%20%20%20%20at%20http%3A%2F%2Flocalhost%3A8080%2Fbase%2Fnode_modules%2Fjasmine-core%2Flib%2Fjasmine-core%2Fjasmine.js%3F578a1e5ff14db21b04e2d6db7fd0eda37042440c%3A1801%0A%20%20%20%20at%20http%3A%2F%2Flocalhost%3A8080%2Fbase%2Fnode_modules%2Fjasmine-core%2Flib%2Fjasmine-core%2Fjasmine.js%3F578a1e5ff14db21b04e2d6db7fd0eda37042440c%3A1745%0A%20%20%20%20at%20http%3A%2F%2Flocalhost%3A8080%2Fbase%2Fnode_modules%2Fjasmine-core%2Flib%2Fjasmine-core%2Fjasmine.js%3F578a1e5ff14db21b04e2d6db7fd0eda37042440c%3A2348%0A%20%20%20%20at%20clearStack%20(http%3A%2F%2Flocalhost%3A8080%2Fbase%2Fnode_modules%2Fjasmine-core%2Flib%2Fjasmine-core%2Fjasmine.js%3F578a1e5ff14db21b04e2d6db7fd0eda37042440c%3A605)%0A%20%20%20%20at%20http%3A%2F%2Flocalhost%3A8080%2Fbase%2Fnode_modules%2Fjasmine-core%2Flib%2Fjasmine-core%2Fjasmine.js%3F578a1e5ff14db21b04e2d6db7fd0eda37042440c%3A1784%0A%20%20%20%20at%20http%3A%2F%2Flocalhost%3A8080%2Fbase%2Fnode_modules%2Fjasmine-core%2Flib%2Fjasmine-core%2Fjasmine.js%3F578a1e5ff14db21b04e2d6db7fd0eda37042440c%3A1762%0A%20%20%20%20at%20http%3A%2F%2Flocalhost%3A8080%2Fbase%2Fnode_modules%2Fjasmine-core%2Flib%2Fjasmine-core%2Fjasmine.js%3F578a1e5ff14db21b04e2d6db7fd0eda37042440c%3A627%0A%20%20%20%20at%20http%3A%2F%2Flocalhost%3A8080%2Fbase%2Fnode_modules%2Fjasmine-core%2Flib%2Fjasmine-core%2Fjasmine.js%3F578a1e5ff14db21b04e2d6db7fd0eda37042440c%3A2354%0A%20%20%20%20at%20attemptAsync%20(http%3A%2F%2Flocalhost%3A8080%2Fbase%2Fnode_modules%2Fjasmine-core%2Flib%2Fjasmine-core%2Fjasmine.js%3F578a1e5ff14db21b04e2d6db7fd0eda37042440c%3A1819)%0A%20%20%20%20at%20http%3A%2F%2Flocalhost%3A8080%2Fbase%2Fnode_modules%2Fjasmine-core%2Flib%2Fjasmine-core%2Fjasmine.js%3F578a1e5ff14db21b04e2d6db7fd0eda37042440c%3A1774%0A%20%20%20%20at%20http%3A%2F%2Flocalhost%3A8080%2Fbase%2Fnode_modules%2Fjasmine-core%2Flib%2Fjasmine-core%2Fjasmine.js%3F578a1e5ff14db21b04e2d6db7fd0eda37042440c%3A1801%0A%20%20%20%20at%20http%3A%2F%2Flocalhost%3A8080%2Fbase%2Fnode_modules%2Fjasmine-core%2Flib%2Fjasmine-core%2Fjasmine.js%3F578a1e5ff14db21b04e2d6db7fd0eda37042440c%3A1745%0A%20%20%20%20at%20http%3A%2F%2Flocalhost%3A8080%2Fbase%2Fnode_modules%2Fjasmine-core%2Flib%2Fjasmine-core%2Fjasmine.js%3F578a1e5ff14db21b04e2d6db7fd0eda37042440c%3A2348%0A%20%20%20%20at%20clearStack%20(http%3A%2F%2Flocalhost%3A8080%2Fbase%2Fnode_modules%2Fjasmine-core%2Flib%2Fjasmine-core%2Fjasmine.js%3F578a1e5ff14db21b04e2d6db7fd0eda37042440c%3A605)%0A%20%20%20%20at%20http%3A%2F%2Flocalhost%3A8080%2Fbase%2Fnode_modules%2Fjasmine-core%2Flib%2Fjasmine-core%2Fjasmine.js%3F578a1e5ff14db21b04e2d6db7fd0eda37042440c%3A1784%0A%20%20%20%20at%20http%3A%2F%2Flocalhost%3A8080%2Fbase%2Fnode_modules%2Fjasmine-core%2Flib%2Fjasmine-core%2Fjasmine.js%3F578a1e5ff14db21b04e2d6db7fd0eda37042440c%3A1762%0A%20%20%20%20at%20http%3A%2F%2Flocalhost%3A8080%2Fbase%2Fnode_modules%2Fjasmine-core%2Flib%2Fjasmine-core%2Fjasmine.js%3F578a1e5ff14db21b04e2d6db7fd0eda37042440c%3A627%0A%20%20%20%20at%20http%3A%2F%2Flocalhost%3A8080%2Fbase%2Fnode_modules%2Fjasmine-core%2Flib%2Fjasmine-core%2Fjasmine.js%3F578a1e5ff14db21b04e2d6db7fd0eda37042440c%3A2354%0A%20%20%20%20at%20attemptAsync%20(http%3A%2F%2Flocalhost%3A8080%2Fbase%2Fnode_modules%2Fjasmine-core%2Flib%2Fjasmine-core%2Fjasmine.js%3F578a1e5ff14db21b04e2d6db7fd0eda37042440c%3A1819)%0A%20%20%20%20at%20http%3A%2F%2Flocalhost%3A8080%2Fbase%2Fnode_modules%2Fjasmine-core%2Flib%2Fjasmine-core%2Fjasmine.js%3F578a1e5ff14db21b04e2d6db7fd0eda37042440c%3A1774%0A%20%20%20%20at%20http%3A%2F%2Flocalhost%3A8080%2Fbase%2Fnode_modules%2Fjasmine-core%2Flib%2Fjasmine-core%2Fjasmine.js%3F578a1e5ff14db21b04e2d6db7fd0eda37042440c%3A1801%0A%20%20%20%20at%20http%3A%2F%2Flocalhost%3A8080%2Fbase%2Fnode_modules%2Fjasmine-core%2Flib%2Fjasmine-core%2Fjasmine.js%3F578a1e5ff14db21b04e2d6db7fd0eda37042440c%3A1745%0A%20%20%20%20at%20http%3A%2F%2Flocalhost%3A8080%2Fbase%2Fnode_modules%2Fjasmine-core%2Flib%2Fjasmine-core%2Fjasmine.js%3F578a1e5ff14db21b04e2d6db7fd0eda37042440c%3A2348%0A%20%20%20%20at%20clearStack%20(http%3A%2F%2Flocalhost%3A8080%2Fbase%2Fnode_modules%2Fjasmine-core%2Flib%2Fjasmine-core%2Fjasmine.js%3F578a1e5ff14db21b04e2d6db7fd0eda37042440c%3A605)%0A%20%20%20%20at%20http%3A%2F%2Flocalhost%3A8080%2Fbase%2Fnode_modules%2Fjasmine-core%2Flib%2Fjasmine-core%2Fjasmine.js%3F578a1e5ff14db21b04e2d6db7fd0eda37042440c%3A1784%0A%20%20%20%20at%20http%3A%2F%2Flocalhost%3A8080%2Fbase%2Fnode_modules%2Fjasmine-core%2Flib%2Fjasmine-core%2Fjasmine.js%3F578a1e5ff14db21b04e2d6db7fd0eda37042440c%3A1762%0A%20%20%20%20at%20http%3A%2F%2Flocalhost%3A8080%2Fbase%2Fnode_modules%2Fjasmine-core%2Flib%2Fjasmine-core%2Fjasmine.js%3F578a1e5ff14db21b04e2d6db7fd0eda37042440c%3A627%0A%20%20%20%20at%20http%3A%2F%2Flocalhost%3A8080%2Fbase%2Fnode_modules%2Fjasmine-core%2Flib%2Fjasmine-core%2Fjasmine.js%3F578a1e5ff14db21b04e2d6db7fd0eda37042440c%3A2354%0A%20%20%20%20at%20attemptAsync%20(http%3A%2F%2Flocalhost%3A8080%2Fbase%2Fnode_modules%2Fjasmine-core%2Flib%2Fjasmine-core%2Fjasmine.js%3F578a1e5ff14db21b04e2d6db7fd0eda37042440c%3A1819)%0A%20%20%20%20at%20http%3A%2F%2Flocalhost%3A8080%2Fbase%2Fnode_modules%2Fjasmine-core%2Flib%2Fjasmine-core%2Fjasmine.js%3F578a1e5ff14db21b04e2d6db7fd0eda37042440c%3A1774%0A%20%20%20%20at%20http%3A%2F%2Flocalhost%3A8080%2Fbase%2Fnode_modules%2Fjasmine-core%2Flib%2Fjasmine-core%2Fjasmine.js%3F578a1e5ff14db21b04e2d6db7fd0eda37042440c%3A1801%0A%20%20%20%20at%20http%3A%2F%2Flocalhost%3A8080%2Fbase%2Fnode_modules%2Fjasmine-core%2Flib%2Fjasmine-core%2Fjasmine.js%3F578a1e5ff14db21b04e2d6db7fd0eda37042440c%3A1745%0A%20%20%20%20at%20http%3A%2F%2Flocalhost%3A8080%2Fbase%2Fnode_modules%2Fjasmine-core%2Flib%2Fjasmine-core%2Fjasmine.js%3F578a1e5ff14db21b04e2d6db7fd0eda37042440c%3A2348%0A%20%20%20%20at%20clearStack%20(http%3A%2F%2Flocalhost%3A8080%2Fbase%2Fnode_modules%2Fjasmine-core%2Flib%2Fjasmine-core%2Fjasmine.js%3F578a1e5ff14db21b04e2d6db7fd0eda37042440c%3A605)%0A%20%20%20%20at%20http%3A%2F%2Flocalhost%3A8080%2Fbase%2Fnode_modules%2Fjasmine-core%2Flib%2Fjasmine-core%2Fjasmine.js%3F578a1e5ff14db21b04e2d6db7fd0eda37042440c%3A1784%0A%20%20%20%20at%20http%3A%2F%2Flocalhost%3A8080%2Fbase%2Fnode_modules%2Fjasmine-core%2Flib%2Fjasmine-core%2Fjasmine.js%3F578a1e5ff14db21b04e2d6db7fd0eda37042440c%3A1762%0A%20%20%20%20at%20http%3A%2F%2Flocalhost%3A8080%2Fbase%2Fnode_modules%2Fjasmine-core%2Flib%2Fjasmine-core%2Fjasmine.js%3F578a1e5ff14db21b04e2d6db7fd0eda37042440c%3A627%0A%20%20%20%20at%20http%3A%2F%2Flocalhost%3A8080%2Fbase%2Fnode_modules%2Fjasmine-core%2Flib%2Fjasmine-core%2Fjasmine.js%3F578a1e5ff14db21b04e2d6db7fd0eda37042440c%3A2354%0A%20%20%20%20at%20attemptAsync%20(http%3A%2F%2Flocalhost%3A8080%2Fbase%2Fnode_modules%2Fjasmine-core%2Flib%2Fjasmine-core%2Fjasmine.js%3F578a1e5ff14db21b04e2d6db7fd0eda37042440c%3A1819)%0A%20%20%20%20at%20http%3A%2F%2Flocalhost%3A8080%2Fbase%2Fnode_modules%2Fjasmine-core%2Flib%2Fjasmine-core%2Fjasmine.js%3F578a1e5ff14db21b04e2d6db7fd0eda37042440c%3A1774%0A%20%20%20%20at%20http%3A%2F%2Flocalhost%3A8080%2Fbase%2Fnode_modules%2Fjasmine-core%2Flib%2Fjasmine-core%2Fjasmine.js%3F578a1e5ff14db21b04e2d6db7fd0eda37042440c%3A1762%0A%20%20%20%20at%20http%3A%2F%2Flocalhost%3A8080%2Fbase%2Fnode_modules%2Fjasmine-core%2Flib%2Fjasmine-core%2Fjasmine.js%3F578a1e5ff14db21b04e2d6db7fd0eda37042440c%3A627%0A%20%20%20%20at%20http%3A%2F%2Flocalhost%3A8080%2Fbase%2Fnode_modules%2Fjasmine-core%2Flib%2Fjasmine-core%2Fjasmine.js%3F578a1e5ff14db21b04e2d6db7fd0eda37042440c%3A2215%0A%20%20%20%20at%20http%3A%2F%2Flocalhost%3A8080%2Fbase%2Fnode_modules%2Fjasmine-core%2Flib%2Fjasmine-core%2Fjasmine.js%3F578a1e5ff14db21b04e2d6db7fd0eda37042440c%3A678%0A%20%20%20%20at%20http%3A%2F%2Flocalhost%3A8080%2Fbase%2Fnode_modules%2Fkarma-jasmine%2Flib%2Fadapter.js%3F0a69ad1fa10cc8be0a12b241227d3b834f82db4f%3A317%0A%20%20%20%20at%20http%3A%2F%2Flocalhost%3A8080%2Fkarma.js%3A185%0A%20%20%20%20at%20http%3A%2F%2Flocalhost%3A8080%2Fcontext.html%3A127%0Ahttp%3A%2F%2Ferrors.angularjs.org%2F1.4.1%2F%24injector%2Fmodulerr%3Fp0%3Dui.bootstrap%26p1%3DError%253A%2520%255B%2524injector%253Anomod%255D%2520Module%2520&apos;ui.bootstrap&apos;%2520is%2520not%2520available!%2520You%2520either%2520misspelled%2520the%2520module%2520name%2520or%2520forgot%2520to%2520load%2520it.%2520If%2520registering%2520a%2520module%2520ensure%2520that%2520you%2520specify%2520the%2520dependencies%2520as%2520the%2520second%2520argument.%250Ahttp%253A%252F%252Ferrors.angularjs.org%252F1.4.1%252F%2524injector%252Fnomod%253Fp0%253Dui.bootstrap%250A%2520%2520%2520%2520at%2520http%253A%252F%252Flocalhost%253A8080%252Fbase%252Fapp%252Fvendor%252Fangular%252Fangular.js%253F9d140432f81858ac1e7888708720d419d147ffa9%253A1951%250A%2520%2520%2520%2520at%2520ensure%2520(http%253A%252F%252Flocalhost%253A8080%252Fbase%252Fapp%252Fvendor%252Fangular%252Fangular.js%253F9d140432f81858ac1e7888708720d419d147ffa9%253A1873)%250A%2520%2520%2520%2520at%2520module%2520(http%253A%252F%252Flocalhost%253A8080%252Fbase%252Fapp%252Fvendor%252Fangular%252Fangular.js%253F9d140432f81858ac1e7888708720d419d147ffa9%253A2201)%250A%2520%2520%2520%2520at%2520http%253A%252F%252Flocalhost%253A8080%252Fbase%252Fapp%252Fvendor%252Fangular%252Fangular.js%253F9d140432f81858ac1e7888708720d419d147ffa9%253A4355%250A%2520%2520%2520%2520at%2520forEach%2520(http%253A%252F%252Flocalhost%253A8080%252Fbase%252Fapp%252Fvendor%252Fangular%252Fangular.js%253F9d140432f81858ac1e7888708720d419d147ffa9%253A336)%250A%2520%2520%2520%2520at%2520loadModules%2520(http%253A%252F%252Flocalhost%253A8080%252Fbase%252Fapp%252Fvendor%252Fangular%252Fangular.js%253F9d140432f81858ac1e7888708720d419d147ffa9%253A4381)%250A%2520%2520%2520%2520at%2520http%253A%252F%252Flocalhost%253A8080%252Fbase%252Fapp%252Fvendor%252Fangular%252Fangular.js%253F9d140432f81858ac1e7888708720d419d147ffa9%253A4356%250A%2520%2520%2520%2520at%2520forEach%2520(http%253A%252F%252Flocalhost%253A8080%252Fbase%252Fapp%252Fvendor%252Fangular%252Fangular.js%253F9d140432f81858ac1e7888708720d419d147ffa9%253A336)%250A%2520%2520%2520%2520at%2520loadModules%2520(http%253A%252F%252Flocalhost%253A8080%252Fbase%252Fapp%252Fvendor%252Fangular%252Fangular.js%253F9d140432f81858ac1e7888708720d419d147ffa9%253A4381)%250A%2520%2520%2520%2520at%2520createInjector%2520(http%253A%252F%252Flocalhost%253A8080%252Fbase%252Fapp%252Fvendor%252Fangular%252Fangular.js%253F9d140432f81858ac1e7888708720d419d147ffa9%253A4265)%250A%2520%2520%2520%2520at%2520workFn%2520(http%253A%252F%252Flocalhost%253A8080%252Fbase%252Fapp%252Fvendor%252Fangular-mocks%252Fangular-mocks.js%253F6fe041cc8bb7a17f894cb12d8b0d44b12644f10a%253A2409)%250A%2520%2520%2520%2520at%2520attemptSync%2520(http%253A%252F%252Flocalhost%253A8080%252Fbase%252Fnode_modules%252Fjasmine-core%252Flib%252Fjasmine-core%252Fjasmine.js%253F578a1e5ff14db21b04e2d6db7fd0eda37042440c%253A1789)%250A%2520%2520%2520%2520at%2520http%253A%252F%252Flocalhost%253A8080%252Fbase%252Fnode_modules%252Fjasmine-core%252Flib%252Fjasmine-core%252Fjasmine.js%253F578a1e5ff14db21b04e2d6db7fd0eda37042440c%253A1777%250A%2520%2520%2520%2520at%2520http%253A%252F%252Flocalhost%253A8080%252Fbase%252Fnode_modules%252Fjasmine-core%252Flib%252Fjasmine-core%252Fjasmine.js%253F578a1e5ff14db21b04e2d6db7fd0eda37042440c%253A1762%250A%2520%2520%2520%2520at%2520http%253A%252F%252Flocalhost%253A8080%252Fbase%252Fnode_modules%252Fjasmine-core%252Flib%252Fjasmine-core%252Fjasmine.js%253F578a1e5ff14db21b04e2d6db7fd0eda37042440c%253A627%250A%2520%2520%2520%2520at%2520http%253A%252F%252Flocalhost%253A8080%252Fbase%252Fnode_modules%252Fjasmine-core%252Flib%252Fjasmine-core%252Fjasmine.js%253F578a1e5ff14db21b04e2d6db7fd0eda37042440c%253A357%250A%2520%2520%2520%2520at%2520http%253A%252F%252Flocalhost%253A8080%252Fbase%252Fnode_modules%252Fjasmine-core%252Flib%252Fjasmine-core%252Fjasmine.js%253F578a1e5ff14db21b04e2d6db7fd0eda37042440c%253A2360%250A%2520%2520%2520%2520at%2520attemptAsync%2520(http%253A%252F%252Flocalhost%253A8080%252Fbase%252Fnode_modules%252Fjasmine-core%252Flib%252Fjasmine-core%252Fjasmine.js%253F578a1e5ff14db21b04e2d6db7fd0eda37042440c%253A1819)%250A%2520%2520%2520%2520at%2520http%253A%252F%252Flocalhost%253A8080%252Fbase%252Fnode_modules%252Fjasmine-core%252Flib%252Fjasmine-core%252Fjasmine.js%253F578a1e5ff14db21b04e2d6db7fd0eda37042440c%253A1774%250A%2520%2520%2520%2520at%2520http%253A%252F%252Flocalhost%253A8080%252Fbase%252Fnode_modules%252Fjasmine-core%252Flib%252Fjasmine-core%252Fjasmine.js%253F578a1e5ff14db21b04e2d6db7fd0eda37042440c%253A1801%250A%2520%2520%2520%2520at%2520http%253A%252F%252Flocalhost%253A8080%252Fbase%252Fnode_modules%252Fjasmine-core%252Flib%252Fjasmine-core%252Fjasmine.js%253F578a1e5ff14db21b04e2d6db7fd0eda37042440c%253A1745%250A%2520%2520%2520%2520at%2520complete%2520(http%253A%252F%252Flocalhost%253A8080%252Fbase%252Fnode_modules%252Fjasmine-core%252Flib%252Fjasmine-core%252Fjasmine.js%253F578a1e5ff14db21b04e2d6db7fd0eda37042440c%253A365)%250A%2520%2520%2520%2520at%2520clearStack%2520(http%253A%252F%252Flocalhost%253A8080%252Fbase%252Fnode_modules%252Fjasmine-core%252Flib%252Fjasmine-core%252Fjasmine.js%253F578a1e5ff14db21b04e2d6db7fd0eda37042440c%253A605)%250A%2520%2520%2520%2520at%2520http%253A%252F%252Flocalhost%253A8080%252Fbase%252Fnode_modules%252Fjasmine-core%252Flib%252Fjasmine-core%252Fjasmine.js%253F578a1e5ff14db21b04e2d6db7fd0eda37042440c%253A1784%250A%2520%2520%2520%2520at%2520http%253A%252F%252Flocalhost%253A8080%252Fbase%252Fnode_modules%252Fjasmine-core%252Flib%252Fjasmine-core%252Fjasmine.js%253F578a1e5ff14db21b04e2d6db7fd0eda37042440c%253A1762%250A%2520%2520%2520%2520at%2520http%253A%252F%252Flocalhost%253A8080%252Fbase%252Fnode_modules%252Fjasmine-core%252Flib%252Fjasmine-core%252Fjasmine.js%253F578a1e5ff14db21b04e2d6db7fd0eda37042440c%253A627%250A%2520%2520%2520%2520at%2520http%253A%252F%252Flocalhost%253A8080%252Fbase%252Fnode_modules%252Fjasmine-core%252Flib%252Fjasmine-core%252Fjasmine.js%253F578a1e5ff14db21b04e2d6db7fd0eda37042440c%253A357%250A%2520%2520%2520%2520at%2520http%253A%252F%252Flocalhost%253A8080%252Fbase%252Fnode_modules%252Fjasmine-core%252Flib%252Fjasmine-core%252Fjasmine.js%253F578a1e5ff14db21b04e2d6db7fd0eda37042440c%253A2360%250A%2520%2520%2520%2520at%2520attemptAsync%2520(http%253A%252F%252Flocalhost%253A8080%252Fbase%252Fnode_modules%252Fjasmine-core%252Flib%252Fjasmine-core%252Fjasmine.js%253F578a1e5ff14db21b04e2d6db7fd0eda37042440c%253A1819)%250A%2520%2520%2520%2520at%2520http%253A%252F%252Flocalhost%253A8080%252Fbase%252Fnode_modules%252Fjasmine-core%252Flib%252Fjasmine-core%252Fjasmine.js%253F578a1e5ff14db21b04e2d6db7fd0eda37042440c%253A1774%250A%2520%2520%2520%2520at%2520http%253A%252F%252Flocalhost%253A8080%252Fbase%252Fnode_modules%252Fjasmine-core%252Flib%252Fjasmine-core%252Fjasmine.js%253F578a1e5ff14db21b04e2d6db7fd0eda37042440c%253A1762%250A%2520%2520%2520%2520at%2520http%253A%252F%252Flocalhost%253A8080%252Fbase%252Fnode_modules%252Fjasmine-core%252Flib%252Fjasmine-core%252Fjasmine.js%253F578a1e5ff14db21b04e2d6db7fd0eda37042440c%253A627%250A%2520%2520%2520%2520at%2520http%253A%252F%252Flocalhost%253A8080%252Fbase%252Fnode_modules%252Fjasmine-core%252Flib%252Fjasmine-core%252Fjasmine.js%253F578a1e5ff14db21b04e2d6db7fd0eda37042440c%253A2354%250A%2520%2520%2520%2520at%2520attemptAsync%2520(http%253A%252F%252Flocalhost%253A8080%252Fbase%252Fnode_modules%252Fjasmine-core%252Flib%252Fjasmine-core%252Fjasmine.js%253F578a1e5ff14db21b04e2d6db7fd0eda37042440c%253A1819)%250A%2520%2520%2520%2520at%2520http%253A%252F%252Flocalhost%253A8080%252Fbase%252Fnode_modules%252Fjasmine-core%252Flib%252Fjasmine-core%252Fjasmine.js%253F578a1e5ff14db21b04e2d6db7fd0eda37042440c%253A1774%250A%2520%2520%2520%2520at%2520http%253A%252F%252Flocalhost%253A8080%252Fbase%252Fnode_modules%252Fjasmine-core%252Flib%252Fjasmine-core%252Fjasmine.js%253F578a1e5ff14db21b04e2d6db7fd0eda37042440c%253A1801%250A%2520%2520%2520%2520at%2520http%253A%252F%252Flocalhost%253A8080%252Fbase%252Fnode_modules%252Fjasmine-core%252Flib%252Fjasmine-core%252Fjasmine.js%253F578a1e5ff14db21b04e2d6db7fd0eda37042440c%253A1745%250A%2520%2520%2520%2520at%2520http%253A%252F%252Flocalhost%253A8080%252Fbase%252Fnode_modules%252Fjasmine-core%252Flib%252Fjasmine-core%252Fjasmine.js%253F578a1e5ff14db21b04e2d6db7fd0eda37042440c%253A2348%250A%2520%2520%2520%2520at%2520clearStack%2520(http%253A%252F%252Flocalhost%253A8080%252Fbase%252Fnode_modules%252Fjasmine-core%252Flib%252Fjasmine-core%252Fjasmine.js%253F578a1e5ff14db21b04e2d6db7fd0eda37042440c%253A605)%250A%2520%2520%2520%2520at%2520http%253A%252F%252Flocalhost%253A8080%252Fbase%252Fnode_modules%252Fjasmine-core%252Flib%252Fjasmine-core%252Fjasmine.js%253F578a1e5ff14db21b04e2d6db7fd0eda37042440c%253A1784%250A%2520%2520%2520%2520at%2520http%253A%252F%252Flocalhost%253A8080%252Fbase%252Fnode_modules%252Fjasmine-core%252Flib%252Fjasmine-core%252Fjasmine.js%253F578a1e5ff14db21b04e2d6db7fd0eda37042440c%253A1762%250A%2520%2520%2520%2520at%2520http%253A%252F%252Flocalhost%253A8080%252Fbase%252Fnode_modules%252Fjasmine-core%252Flib%252Fjasmine-core%252Fjasmine.js%253F578a1e5ff14db21b04e2d6db7fd0eda37042440c%253A627%250A%2520%2520%2520%2520at%2520http%253A%252F%252Flocalhost%253A8080%252Fbase%252Fnode_modules%252Fjasmine-core%252Flib%252Fjasmine-core%252Fjasmine.js%253F578a1e5ff14db21b04e2d6db7fd0eda37042440c%253A2354%250A%2520%2520%2520%2520at%2520attemptAsync%2520(http%253A%252F%252Flocalhost%253A8080%252Fbase%252Fnode_modules%252Fjasmine-core%252Flib%252Fjasmine-core%252Fjasmine.js%253F578a1e5ff14db21b04e2d6db7fd0eda37042440c%253A1819)%250A%2520%2520%2520%2520at%2520http%253A%252F%252Flocalhost%253A8080%252Fbase%252Fnode_modules%252Fjasmine-core%252Flib%252Fjasmine-core%252Fjasmine.js%253F578a1e5ff14db21b04e2d6db7fd0eda37042440c%253A1774%250A%2520%2520%2520%2520at%2520http%253A%252F%252Flocalhost%253A8080%252Fbase%252Fnode_modules%252Fjasmine-core%252Flib%252Fjasmine-core%252Fjasmine.js%253F578a1e5ff14db21b04e2d6db7fd0eda37042440c%253A1801%250A%2520%2520%2520%2520at%2520http%253A%252F%252Flocalhost%253A8080%252Fbase%252Fnode_modules%252Fjasmine-core%252Flib%252Fjasmine-core%252Fjasmine.js%253F578a1e5ff14db21b04e2d6db7fd0eda37042440c%253A1745%250A%2520%2520%2520%2520at%2520http%253A%252F%252Flocalhost%253A8080%252Fbase%252Fnode_modules%252Fjasmine-core%252Flib%252Fjasmine-core%252Fjasmine.js%253F578a1e5ff14db21b04e2d6db7fd0eda37042440c%253A2348%250A%2520%2520%2520%2520at%2520clearStack%2520(http%253A%252F%252Flocalhost%253A8080%252Fbase%252Fnode_modules%252Fjasmine-core%252Flib%252Fjasmine-core%252Fjasmine.js%253F578a1e5ff14db21b04e2d6db7fd0eda37042440c%253A605)%250A%2520%2520%2520%2520at%2520http%253A%252F%252Flocalhost%253A8080%252Fbase%252Fnode_modules%252Fjasmine-core%252Flib%252Fjasmine-core%252Fjasmine.js%253F578a1e5ff14db21b04e2d6db7fd0eda37042440c%253A1784%250A%2520%2520%2520%2520at%2520http%253A%252F%252Flocalhost%253A8080%252Fbase%252Fnode_modules%252Fjasmine-core%252Flib%252Fjasmine-core%252Fjasmine.js%253F578a1e5ff14db21b04e2d6db7fd0eda37042440c%253A1762%250A%2520%2520%2520%2520at%2520http%253A%252F%252Flocalhost%253A8080%252Fbase%252Fnode_modules%252Fjasmine-core%252Flib%252Fjasmine-core%252Fjasmine.js%253F578a1e5ff14db21b04e2d6db7fd0eda37042440c%253A627%250A%2520%2520%2520%2520at%2520http%253A%252F%252Flocalhost%253A8080%252Fbase%252Fnode_modules%252Fjasmine-core%252Flib%252Fjasmine-core%252Fjasmine.js%253F578a1e5ff14db21b04e2d6db7fd0eda37042440c%253A2354%250A%2520%2520%2520%2520at%2520attemptAsync%2520(http%253A%252F%252Flocalhost%253A8080%252Fbase%252Fnode_modules%252Fjasmine-core%252Flib%252Fjasmine-core%252Fjasmine.js%253F578a1e5ff14db21b04e2d6db7fd0eda37042440c%253A1819)%250A%2520%2520%2520%2520at%2520http%253A%252F%252Flocalhost%253A8080%252Fbase%252Fnode_modules%252Fjasmine-core%252Flib%252Fjasmine-core%252Fjasmine.js%253F578a1e5ff14db21b04e2d6db7fd0eda37042440c%253A1774%250A%2520%2520%2520%2520at%2520http%253A%252F%252Flocalhost%253A8080%252Fbase%252Fnode_modules%252Fjasmine-core%252Flib%252Fjasmine-core%252Fjasmine.js%253F578a1e5ff14db21b04e2d6db7fd0eda37042440c%253A1801%250A%2520%2520%2520%2520at%2520http%253A%252F%252Flocalhost%253A8080%252Fbase%252Fnode_modules%252Fjasmine-core%252Flib%252Fjasmine-core%252Fjasmine.js%253F578a1e5ff14db21b04e2d6db7fd0eda37042440c%253A1745%250A%2520%2520%2520%2520at%2520http%253A%252F%252Flocalhost%253A8080%252Fbase%252Fnode_modules%252Fjasmine-core%252Flib%252Fjasmine-core%252Fjasmine.js%253F578a1e5ff14db21b04e2d6db7fd0eda37042440c%253A2348%250A%2520%2520%2520%2520at%2520clearStack%2520(http%253A%252F%252Flocalhost%253A8080%252Fbase%252Fnode_modules%252Fjasmine-core%252Flib%252Fjasmine-core%252Fjasmine.js%253F578a1e5ff14db21b04e2d6db7fd0eda37042440c%253A605)%250A%2520%2520%2520%2520at%2520http%253A%252F%252Flocalhost%253A8080%252Fbase%252Fnode_modules%252Fjasmine-core%252Flib%252Fjasmine-core%252Fjasmine.js%253F578a1e5ff14db21b04e2d6db7fd0eda37042440c%253A1784%250A%2520%2520%2520%2520at%2520http%253A%252F%252Flocalhost%253A8080%252Fbase%252Fnode_modules%252Fjasmine-core%252Flib%252Fjasmine-core%252Fjasmine.js%253F578a1e5ff14db21b04e2d6db7fd0eda37042440c%253A1801%250A%2520%2520%2520%2520at%2520http%253A%252F%252Flocalhost%253A8080%252Fbase%252Fnode_modules%252Fjasmine-core%252Flib%252Fjasmine-core%252Fjasmine.js%253F578a1e5ff14db21b04e2d6db7fd0eda37042440c%253A1745%250A%2520%2520%2520%2520at%2520complete%2520(http%253A%252F%252Flocalhost%253A8080%252Fbase%252Fnode_modules%252Fjasmine-core%252Flib%252Fjasmine-core%252Fjasmine.js%253F578a1e5ff14db21b04e2d6db7fd0eda37042440c%253A365)%250A%2520%2520%2520%2520at%2520clearStack%2520(http%253A%252F%252Flocalhost%253A8080%252Fbase%252Fnode_modules%252Fjasmine-core%252Flib%252Fjasmine-core%252Fjasmine.js%253F578a1e5ff14db21b04e2d6db7fd0eda37042440c%253A605)%250A%2520%2520%2520%2520at%2520http%253A%252F%252Flocalhost%253A8080%252Fbase%252Fnode_modules%252Fjasmine-core%252Flib%252Fjasmine-core%252Fjasmine.js%253F578a1e5ff14db21b04e2d6db7fd0eda37042440c%253A1784%250A%2520%2520%2520%2520at%2520http%253A%252F%252Flocalhost%253A8080%252Fbase%252Fnode_modules%252Fjasmine-core%252Flib%252Fjasmine-core%252Fjasmine.js%253F578a1e5ff14db21b04e2d6db7fd0eda37042440c%253A1762%250A%2520%2520%2520%2520at%2520http%253A%252F%252Flocalhost%253A8080%252Fbase%252Fnode_modules%252Fjasmine-core%252Flib%252Fjasmine-core%252Fjasmine.js%253F578a1e5ff14db21b04e2d6db7fd0eda37042440c%253A627%250A%2520%2520%2520%2520at%2520http%253A%252F%252Flocalhost%253A8080%252Fbase%252Fnode_modules%252Fjasmine-core%252Flib%252Fjasmine-core%252Fjasmine.js%253F578a1e5ff14db21b04e2d6db7fd0eda37042440c%253A357%250A%2520%2520%2520%2520at%2520http%253A%252F%252Flocalhost%253A8080%252Fbase%252Fnode_modules%252Fjasmine-core%252Flib%252Fjasmine-core%252Fjasmine.js%253F578a1e5ff14db21b04e2d6db7fd0eda37042440c%253A2360%250A%2520%2520%2520%2520at%2520attemptAsync%2520(http%253A%252F%252Flocalhost%253A8080%252Fbase%252Fnode_modules%252Fjasmine-core%252Flib%252Fjasmine-core%252Fjasmine.js%253F578a1e5ff14db21b04e2d6db7fd0eda37042440c%253A1819)%250A%2520%2520%2520%2520at%2520http%253A%252F%252Flocalhost%253A8080%252Fbase%252Fnode_modules%252Fjasmine-core%252Flib%252Fjasmine-core%252Fjasmine.js%253F578a1e5ff14db21b04e2d6db7fd0eda37042440c%253A1774%250A%2520%2520%2520%2520at%2520http%253A%252F%252Flocalhost%253A8080%252Fbase%252Fnode_modules%252Fjasmine-core%252Flib%252Fjasmine-core%252Fjasmine.js%253F578a1e5ff14db21b04e2d6db7fd0eda37042440c%253A1801%250A%2520%2520%2520%2520at%2520http%253A%252F%252Flocalhost%253A8080%252Fbase%252Fnode_modules%252Fjasmine-core%252Flib%252Fjasmine-core%252Fjasmine.js%253F578a1e5ff14db21b04e2d6db7fd0eda37042440c%253A1745%250A%2520%2520%2520%2520at%2520complete%2520(http%253A%252F%252Flocalhost%253A8080%252Fbase%252Fnode_modules%252Fjasmine-core%252Flib%252Fjasmine-core%252Fjasmine.js%253F578a1e5ff14db21b04e2d6db7fd0eda37042440c%253A365)%250A%2520%2520%2520%2520at%2520clearStack%2520(http%253A%252F%252Flocalhost%253A8080%252Fbase%252Fnode_modules%252Fjasmine-core%252Flib%252Fjasmine-core%252Fjasmine.js%253F578a1e5ff14db21b04e2d6db7fd0eda37042440c%253A605)%250A%2520%2520%2520%2520at%2520http%253A%252F%252Flocalhost%253A8080%252Fbase%252Fnode_modules%252Fjasmine-core%252Flib%252Fjasmine-core%252Fjasmine.js%253F578a1e5ff14db21b04e2d6db7fd0eda37042440c%253A1784%250A%2520%2520%2520%2520at%2520http%253A%252F%252Flocalhost%253A8080%252Fbase%252Fnode_modules%252Fjasmine-core%252Flib%252Fjasmine-core%252Fjasmine.js%253F578a1e5ff14db21b04e2d6db7fd0eda37042440c%253A1762%250A%2520%2520%2520%2520at%2520http%253A%252F%252Flocalhost%253A8080%252Fbase%252Fnode_modules%252Fjasmine-core%252Flib%252Fjasmine-core%252Fjasmine.js%253F578a1e5ff14db21b04e2d6db7fd0eda37042440c%253A627%250A%2520%2520%2520%2520at%2520http%253A%252F%252Flocalhost%253A8080%252Fbase%252Fnode_modules%252Fjasmine-core%252Flib%252Fjasmine-core%252Fjasmine.js%253F578a1e5ff14db21b04e2d6db7fd0eda37042440c%253A357%250A%2520%2520%2520%2520at%2520http%253A%252F%252Flocalhost%253A8080%252Fbase%252Fnode_modules%252Fjasmine-core%252Flib%252Fjasmine-core%252Fjasmine.js%253F578a1e5ff14db21b04e2d6db7fd0eda37042440c%253A2360%250A%2520%2520%2520%2520at%2520attemptAsync%2520(http%253A%252F%252Flocalhost%253A8080%252Fbase%252Fnode_modules%252Fjasmine-core%252Flib%252Fjasmine-core%252Fjasmine.js%253F578a1e5ff14db21b04e2d6db7fd0eda37042440c%253A1819)%250A%2520%2520%2520%2520at%2520http%253A%252F%252Flocalhost%253A8080%252Fbase%252Fnode_modules%252Fjasmine-core%252Flib%252Fjasmine-core%252Fjasmine.js%253F578a1e5ff14db21b04e2d6db7fd0eda37042440c%253A1774%250A%2520%2520%2520%2520at%2520http%253A%252F%252Flocalhost%253A8080%252Fbase%252Fnode_modules%252Fjasmine-core%252Flib%252Fjasmine-core%252Fjasmine.js%253F578a1e5ff14db21b04e2d6db7fd0eda37042440c%253A1762%250A%2520%2520%2520%2520at%2520http%253A%252F%252Flocalhost%253A8080%252Fbase%252Fnode_modules%252Fjasmine-core%252Flib%252Fjasmine-core%252Fjasmine.js%253F578a1e5ff14db21b04e2d6db7fd0eda37042440c%253A627%250A%2520%2520%2520%2520at%2520http%253A%252F%252Flocalhost%253A8080%252Fbase%252Fnode_modules%252Fjasmine-core%252Flib%252Fjasmine-core%252Fjasmine.js%253F578a1e5ff14db21b04e2d6db7fd0eda37042440c%253A2354%250A%2520%2520%2520%2520at%2520attemptAsync%2520(http%253A%252F%252Flocalhost%253A8080%252Fbase%252Fnode_modules%252Fjasmine-core%252Flib%252Fjasmine-core%252Fjasmine.js%253F578a1e5ff14db21b04e2d6db7fd0eda37042440c%253A1819)%250A%2520%2520%2520%2520at%2520http%253A%252F%252Flocalhost%253A8080%252Fbase%252Fnode_modules%252Fjasmine-core%252Flib%252Fjasmine-core%252Fjasmine.js%253F578a1e5ff14db21b04e2d6db7fd0eda37042440c%253A1774%250A%2520%2520%2520%2520at%2520http%253A%252F%252Flocalhost%253A8080%252Fbase%252Fnode_modules%252Fjasmine-core%252Flib%252Fjasmine-core%252Fjasmine.js%253F578a1e5ff14db21b04e2d6db7fd0eda37042440c%253A1801%250A%2520%2520%2520%2520at%2520http%253A%252F%252Flocalhost%253A8080%252Fbase%252Fnode_modules%252Fjasmine-core%252Flib%252Fjasmine-core%252Fjasmine.js%253F578a1e5ff14db21b04e2d6db7fd0eda37042440c%253A1745%250A%2520%2520%2520%2520at%2520http%253A%252F%252Flocalhost%253A8080%252Fbase%252Fnode_modules%252Fjasmine-core%252Flib%252Fjasmine-core%252Fjasmine.js%253F578a1e5ff14db21b04e2d6db7fd0eda37042440c%253A2348%250A%2520%2520%2520%2520at%2520clearStack%2520(http%253A%252F%252Flocalhost%253A8080%252Fbase%252Fnode_modules%252Fjasmine-core%252Flib%252Fjasmine-core%252Fjasmine.js%253F578a1e5ff14db21b04e2d6db7fd0eda37042440c%253A605)%250A%2520%2520%2520%2520at%2520http%253A%252F%252Flocalhost%253A8080%252Fbase%252Fnode_modules%252Fjasmine-core%252Flib%252Fjasmine-core%252Fjasmine.js%253F578a1e5ff14db21b04e2d6db7fd0eda37042440c%253A1784%250A%2520%2520%2520%2520at%2520http%253A%252F%252Flocalhost%253A8080%252Fbase%252Fnode_modules%252Fjasmine-core%252Flib%252Fjasmine-core%252Fjasmine.js%253F578a1e5ff14db21b04e2d6db7fd0eda37042440c%253A1762%250A%2520%2520%2520%2520at%2520http%253A%252F%252Flocalhost%253A8080%252Fbase%252Fnode_modules%252Fjasmine-core%252Flib%252Fjasmine-core%252Fjasmine.js%253F578a1e5ff14db21b04e2d6db7fd0eda37042440c%253A627%250A%2520%2520%2520%2520at%2520http%253A%252F%252Flocalhost%253A8080%252Fbase%252Fnode_modules%252Fjasmine-core%252Flib%252Fjasmine-core%252Fjasmine.js%253F578a1e5ff14db21b04e2d6db7fd0eda37042440c%253A2354%250A%2520%2520%2520%2520at%2520attemptAsync%2520(http%253A%252F%252Flocalhost%253A8080%252Fbase%252Fnode_modules%252Fjasmine-core%252Flib%252Fjasmine-core%252Fjasmine.js%253F578a1e5ff14db21b04e2d6db7fd0eda37042440c%253A1819)%250A%2520%2520%2520%2520at%2520http%253A%252F%252Flocalhost%253A8080%252Fbase%252Fnode_modules%252Fjasmine-core%252Flib%252Fjasmine-core%252Fjasmine.js%253F578a1e5ff14db21b04e2d6db7fd0eda37042440c%253A1774%250A%2520%2520%2520%2520at%2520http%253A%252F%252Flocalhost%253A8080%252Fbase%252Fnode_modules%252Fjasmine-core%252Flib%252Fjasmine-core%252Fjasmine.js%253F578a1e5ff14db21b04e2d6db7fd0eda37042440c%253A1801%250A%2520%2520%2520%2520at%2520http%253A%252F%252Flocalhost%253A8080%252Fbase%252Fnode_modules%252Fjasmine-core%252Flib%252Fjasmine-core%252Fjasmine.js%253F578a1e5ff14db21b04e2d6db7fd0eda37042440c%253A1745%250A%2520%2520%2520%2520at%2520http%253A%252F%252Flocalhost%253A8080%252Fbase%252Fnode_modules%252Fjasmine-core%252Flib%252Fjasmine-core%252Fjasmine.js%253F578a1e5ff14db21b04e2d6db7fd0eda37042440c%253A2348%250A%2520%2520%2520%2520at%2520clearStack%2520(http%253A%252F%252Flocalhost%253A8080%252Fbase%252Fnode_modules%252Fjasmine-core%252Flib%252Fjasmine-core%252Fjasmine.js%253F578a1e5ff14db21b04e2d6db7fd0eda37042440c%253A605)%250A%2520%2520%2520%2520at%2520http%253A%252F%252Flocalhost%253A8080%252Fbase%252Fnode_modules%252Fjasmine-core%252Flib%252Fjasmine-core%252Fjasmine.js%253F578a1e5ff14db21b04e2d6db7fd0eda37042440c%253A1784%250A%2520%2520%2520%2520at%2520http%253A%252F%252Flocalhost%253A8080%252Fbase%252Fnode_modules%252Fjasmine-core%252Flib%252Fjasmine-core%252Fjasmine.js%253F578a1e5ff14db21b04e2d6db7fd0eda37042440c%253A1762%250A%2520%2520%2520%2520at%2520http%253A%252F%252Flocalhost%253A8080%252Fbase%252Fnode_modules%252Fjasmine-core%252Flib%252Fjasmine-core%252Fjasmine.js%253F578a1e5ff14db21b04e2d6db7fd0eda37042440c%253A627%250A%2520%2520%2520%2520at%2520http%253A%252F%252Flocalhost%253A8080%252Fbase%252Fnode_modules%252Fjasmine-core%252Flib%252Fjasmine-core%252Fjasmine.js%253F578a1e5ff14db21b04e2d6db7fd0eda37042440c%253A2354%250A%2520%2520%2520%2520at%2520attemptAsync%2520(http%253A%252F%252Flocalhost%253A8080%252Fbase%252Fnode_modules%252Fjasmine-core%252Flib%252Fjasmine-core%252Fjasmine.js%253F578a1e5ff14db21b04e2d6db7fd0eda37042440c%253A1819)%250A%2520%2520%2520%2520at%2520http%253A%252F%252Flocalhost%253A8080%252Fbase%252Fnode_modules%252Fjasmine-core%252Flib%252Fjasmine-core%252Fjasmine.js%253F578a1e5ff14db21b04e2d6db7fd0eda37042440c%253A1774%250A%2520%2520%2520%2520at%2520http%253A%252F%252Flocalhost%253A8080%252Fbase%252Fnode_modules%252Fjasmine-core%252Flib%252Fjasmine-core%252Fjasmine.js%253F578a1e5ff14db21b04e2d6db7fd0eda37042440c%253A1801%250A%2520%2520%2520%2520at%2520http%253A%252F%252Flocalhost%253A8080%252Fbase%252Fnode_modules%252Fjasmine-core%252Flib%252Fjasmine-core%252Fjasmine.js%253F578a1e5ff14db21b04e2d6db7fd0eda37042440c%253A1745%250A%2520%2520%2520%2520at%2520http%253A%252F%252Flocalhost%253A8080%252Fbase%252Fnode_modules%252Fjasmine-core%252Flib%252Fjasmine-core%252Fjasmine.js%253F578a1e5ff14db21b04e2d6db7fd0eda37042440c%253A2348%250A%2520%2520%2520%2520at%2520clearStack%2520(http%253A%252F%252Flocalhost%253A8080%252Fbase%252Fnode_modules%252Fjasmine-core%252Flib%252Fjasmine-core%252Fjasmine.js%253F578a1e5ff14db21b04e2d6db7fd0eda37042440c%253A605)%250A%2520%2520%2520%2520at%2520http%253A%252F%252Flocalhost%253A8080%252Fbase%252Fnode_modules%252Fjasmine-core%252Flib%252Fjasmine-core%252Fjasmine.js%253F578a1e5ff14db21b04e2d6db7fd0eda37042440c%253A1784%250A%2520%2520%2520%2520at%2520http%253A%252F%252Flocalhost%253A8080%252Fbase%252Fnode_modules%252Fjasmine-core%252Flib%252Fjasmine-core%252Fjasmine.js%253F578a1e5ff14db21b04e2d6db7fd0eda37042440c%253A1762%250A%2520%2520%2520%2520at%2520http%253A%252F%252Flocalhost%253A8080%252Fbase%252Fnode_modules%252Fjasmine-core%252Flib%252Fjasmine-core%252Fjasmine.js%253F578a1e5ff14db21b04e2d6db7fd0eda37042440c%253A627%250A%2520%2520%2520%2520at%2520http%253A%252F%252Flocalhost%253A8080%252Fbase%252Fnode_modules%252Fjasmine-core%252Flib%252Fjasmine-core%252Fjasmine.js%253F578a1e5ff14db21b04e2d6db7fd0eda37042440c%253A2354%250A%2520%2520%2520%2520at%2520attemptAsync%2520(http%253A%252F%252Flocalhost%253A8080%252Fbase%252Fnode_modules%252Fjasmine-core%252Flib%252Fjasmine-core%252Fjasmine.js%253F578a1e5ff14db21b04e2d6db7fd0eda37042440c%253A1819)%250A%2520%2520%2520%2520at%2520http%253A%252F%252Flocalhost%253A8080%252Fbase%252Fnode_modules%252Fjasmine-core%252Flib%252Fjasmine-core%252Fjasmine.js%253F578a1e5ff14db21b04e2d6db7fd0eda37042440c%253A1774%250A%2520%2520%2520%2520at%2520http%253A%252F%252Flocalhost%253A8080%252Fbase%252Fnode_modules%252Fjasmine-core%252Flib%252Fjasmine-core%252Fjasmine.js%253F578a1e5ff14db21b04e2d6db7fd0eda37042440c%253A1801%250A%2520%2520%2520%2520at%2520http%253A%252F%252Flocalhost%253A8080%252Fbase%252Fnode_modules%252Fjasmine-core%252Flib%252Fjasmine-core%252Fjasmine.js%253F578a1e5ff14db21b04e2d6db7fd0eda37042440c%253A1745%250A%2520%2520%2520%2520at%2520http%253A%252F%252Flocalhost%253A8080%252Fbase%252Fnode_modules%252Fjasmine-core%252Flib%252Fjasmine-core%252Fjasmine.js%253F578a1e5ff14db21b04e2d6db7fd0eda37042440c%253A2348%250A%2520%2520%2520%2520at%2520clearStack%2520(http%253A%252F%252Flocalhost%253A8080%252Fbase%252Fnode_modules%252Fjasmine-core%252Flib%252Fjasmine-core%252Fjasmine.js%253F578a1e5ff14db21b04e2d6db7fd0eda37042440c%253A605)%250A%2520%2520%2520%2520at%2520http%253A%252F%252Flocalhost%253A8080%252Fbase%252Fnode_modules%252Fjasmine-core%252Flib%252Fjasmine-core%252Fjasmine.js%253F578a1e5ff14db21b04e2d6db7fd0eda37042440c%253A1784%250A%2520%2520%2520%2520at%2520http%253A%252F%252Flocalhost%253A8080%252Fbase%252Fnode_modules%252Fjasmine-core%252Flib%252Fjasmine-core%252Fjasmine.js%253F578a1e5ff14db21b04e2d6db7fd0eda37042440c%253A1762%250A%2520%2520%2520%2520at%2520http%253A%252F%252Flocalhost%253A8080%252Fbase%252Fnode_modules%252Fjasmine-core%252Flib%252Fjasmine-core%252Fjasmine.js%253F578a1e5ff14db21b04e2d6db7fd0eda37042440c%253A627%250A%2520%2520%2520%2520at%2520http%253A%252F%252Flocalhost%253A8080%252Fbase%252Fnode_modules%252Fjasmine-core%252Flib%252Fjasmine-core%252Fjasmine.js%253F578a1e5ff14db21b04e2d6db7fd0eda37042440c%253A2354%250A%2520%2520%2520%2520at%2520attemptAsync%2520(http%253A%252F%252Flocalhost%253A8080%252Fbase%252Fnode_modules%252Fjasmine-core%252Flib%252Fjasmine-core%252Fjasmine.js%253F578a1e5ff14db21b04e2d6db7fd0eda37042440c%253A1819)%250A%2520%2520%2520%2520at%2520http%253A%252F%252Flocalhost%253A8080%252Fbase%252Fnode_modules%252Fjasmine-core%252Flib%252Fjasmine-core%252Fjasmine.js%253F578a1e5ff14db21b04e2d6db7fd0eda37042440c%253A1774%250A%2520%2520%2520%2520at%2520http%253A%252F%252Flocalhost%253A8080%252Fbase%252Fnode_modules%252Fjasmine-core%252Flib%252Fjasmine-core%252Fjasmine.js%253F578a1e5ff14db21b04e2d6db7fd0eda37042440c%253A1801%250A%2520%2520%2520%2520at%2520http%253A%252F%252Flocalhost%253A8080%252Fbase%252Fnode_modules%252Fjasmine-core%252Flib%252Fjasmine-core%252Fjasmine.js%253F578a1e5ff14db21b04e2d6db7fd0eda37042440c%253A1745%250A%2520%2520%2520%2520at%2520http%253A%252F%252Flocalhost%253A8080%252Fbase%252Fnode_modules%252Fjasmine-core%252Flib%252Fjasmine-core%252Fjasmine.js%253F578a1e5ff14db21b04e2d6db7fd0eda37042440c%253A2348%250A%2520%2520%2520%2520at%2520clearStack%2520(http%253A%252F%252Flocalhost%253A8080%252Fbase%252Fnode_modules%252Fjasmine-core%252Flib%252Fjasmine-core%252Fjasmine.js%253F578a1e5ff14db21b04e2d6db7fd0eda37042440c%253A605)%250A%2520%2520%2520%2520at%2520http%253A%252F%252Flocalhost%253A8080%252Fbase%252Fnode_modules%252Fjasmine-core%252Flib%252Fjasmine-core%252Fjasmine.js%253F578a1e5ff14db21b04e2d6db7fd0eda37042440c%253A1784%250A%2520%2520%2520%2520at%2520http%253A%252F%252Flocalhost%253A8080%252Fbase%252Fnode_modules%252Fjasmine-core%252Flib%252Fjasmine-core%252Fjasmine.js%253F578a1e5ff14db21b04e2d6db7fd0eda37042440c%253A1762%250A%2520%2520%2520%2520at%2520http%253A%252F%252Flocalhost%253A8080%252Fbase%252Fnode_modules%252Fjasmine-core%252Flib%252Fjasmine-core%252Fjasmine.js%253F578a1e5ff14db21b04e2d6db7fd0eda37042440c%253A627%250A%2520%2520%2520%2520at%2520http%253A%252F%252Flocalhost%253A8080%252Fbase%252Fnode_modules%252Fjasmine-core%252Flib%252Fjasmine-core%252Fjasmine.js%253F578a1e5ff14db21b04e2d6db7fd0eda37042440c%253A2354%250A%2520%2520%2520%2520at%2520attemptAsync%2520(http%253A%252F%252Flocalhost%253A8080%252Fbase%252Fnode_modules%252Fjasmine-core%252Flib%252Fjasmine-core%252Fjasmine.js%253F578a1e5ff14db21b04e2d6db7fd0eda37042440c%253A1819)%250A%2520%2520%2520%2520at%2520http%253A%252F%252Flocalhost%253A8080%252Fbase%252Fnode_modules%252Fjasmine-core%252Flib%252Fjasmine-core%252Fjasmine.js%253F578a1e5ff14db21b04e2d6db7fd0eda37042440c%253A1774%250A%2520%2520%2520%2520at%2520http%253A%252F%252Flocalhost%253A8080%252Fbase%252Fnode_modules%252Fjasmine-core%252Flib%252Fjasmine-core%252Fjasmine.js%253F578a1e5ff14db21b04e2d6db7fd0eda37042440c%253A1801%250A%2520%2520%2520%2520at%2520http%253A%252F%252Flocalhost%253A8080%252Fbase%252Fnode_modules%252Fjasmine-core%252Flib%252Fjasmine-core%252Fjasmine.js%253F578a1e5ff14db21b04e2d6db7fd0eda37042440c%253A1745%250A%2520%2520%2520%2520at%2520http%253A%252F%252Flocalhost%253A8080%252Fbase%252Fnode_modules%252Fjasmine-core%252Flib%252Fjasmine-core%252Fjasmine.js%253F578a1e5ff14db21b04e2d6db7fd0eda37042440c%253A2348%250A%2520%2520%2520%2520at%2520clearStack%2520(http%253A%252F%252Flocalhost%253A8080%252Fbase%252Fnode_modules%252Fjasmine-core%252Flib%252Fjasmine-core%252Fjasmine.js%253F578a1e5ff14db21b04e2d6db7fd0eda37042440c%253A605)%250A%2520%2520%2520%2520at%2520http%253A%252F%252Flocalhost%253A8080%252Fbase%252Fnode_modules%252Fjasmine-core%252Flib%252Fjasmine-core%252Fjasmine.js%253F578a1e5ff14db21b04e2d6db7fd0eda37042440c%253A1784%250A%2520%2520%2520%2520at%2520http%253A%252F%252Flocalhost%253A8080%252Fbase%252Fnode_modules%252Fjasmine-core%252Flib%252Fjasmine-core%252Fjasmine.js%253F578a1e5ff14db21b04e2d6db7fd0eda37042440c%253A1762%250A%2520%2520%2520%2520at%2520http%253A%252F%252Flocalhost%253A8080%252Fbase%252Fnode_modules%252Fjasmine-core%252Flib%252Fjasmine-core%252Fjasmine.js%253F578a1e5ff14db21b04e2d6db7fd0eda37042440c%253A627%250A%2520%2520%2520%2520at%2520http%253A%252F%252Flocalhost%253A8080%252Fbase%252Fnode_modules%252Fjasmine-core%252Flib%252Fjasmine-core%252Fjasmine.js%253F578a1e5ff14db21b04e2d6db7fd0eda37042440c%253A2354%250A%2520%2520%2520%2520at%2520attemptAsync%2520(http%253A%252F%252Flocalhost%253A8080%252Fbase%252Fnode_modules%252Fjasmine-core%252Flib%252Fjasmine-core%252Fjasmine.js%253F578a1e5ff14db21b04e2d6db7fd0eda37042440c%253A1819)%250A%2520%2520%2520%2520at%2520http%253A%252F%252Flocalhost%253A8080%252Fbase%252Fnode_modules%252Fjasmine-core%252Flib%252Fjasmine-core%252Fjasmine.js%253F578a1e5ff14db21b04e2d6db7fd0eda37042440c%253A1774%250A%2520%2520%2520%2520at%2520http%253A%252F%252Flocalhost%253A8080%252Fbase%252Fnode_modules%252Fjasmine-core%252Flib%252Fjasmine-core%252Fjasmine.js%253F578a1e5ff14db21b04e2d6db7fd0eda37042440c%253A1801%250A%2520%2520%2520%2520at%2520http%253A%252F%252Flocalhost%253A8080%252Fbase%252Fnode_modules%252Fjasmine-core%252Flib%252Fjasmine-core%252Fjasmine.js%253F578a1e5ff14db21b04e2d6db7fd0eda37042440c%253A1745%250A%2520%2520%2520%2520at%2520http%253A%252F%252Flocalhost%253A8080%252Fbase%252Fnode_modules%252Fjasmine-core%252Flib%252Fjasmine-core%252Fjasmine.js%253F578a1e5ff14db21b04e2d6db7fd0eda37042440c%253A2348%250A%2520%2520%2520%2520at%2520clearStack%2520(http%253A%252F%252Flocalhost%253A8080%252Fbase%252Fnode_modules%252Fjasmine-core%252Flib%252Fjasmine-core%252Fjasmine.js%253F578a1e5ff14db21b04e2d6db7fd0eda37042440c%253A605)%250A%2520%2520%2520%2520at%2520http%253A%252F%252Flocalhost%253A8080%252Fbase%252Fnode_modules%252Fjasmine-core%252Flib%252Fjasmine-core%252Fjasmine.js%253F578a1e5ff14db21b04e2d6db7fd0eda37042440c%253A1784%250A%2520%2520%2520%2520at%2520http%253A%252F%252Flocalhost%253A8080%252Fbase%252Fnode_modules%252Fjasmine-core%252Flib%252Fjasmine-core%252Fjasmine.js%253F578a1e5ff14db21b04e2d6db7fd0eda37042440c%253A1762%250A%2520%2520%2520%2520at%2520http%253A%252F%252Flocalhost%253A8080%252Fbase%252Fnode_modules%252Fjasmine-core%252Flib%252Fjasmine-core%252Fjasmine.js%253F578a1e5ff14db21b04e2d6db7fd0eda37042440c%253A627%250A%2520%2520%2520%2520at%2520http%253A%252F%252Flocalhost%253A8080%252Fbase%252Fnode_modules%252Fjasmine-core%252Flib%252Fjasmine-core%252Fjasmine.js%253F578a1e5ff14db21b04e2d6db7fd0eda37042440c%253A2354%250A%2520%2520%2520%2520at%2520attemptAsync%2520(http%253A%252F%252Flocalhost%253A8080%252Fbase%252Fnode_modules%252Fjasmine-core%252Flib%252Fjasmine-core%252Fjasmine.js%253F578a1e5ff14db21b04e2d6db7fd0eda37042440c%253A1819)%250A%2520%2520%2520%2520at%2520http%253A%252F%252Flocalhost%253A8080%252Fbase%252Fnode_modules%252Fjasmine-core%252Flib%252Fjasmine-core%252Fjasmine.js%253F578a1e5ff14db21b04e2d6db7fd0eda37042440c%253A1774%250A%2520%2520%2520%2520at%2520http%253A%252F%252Flocalhost%253A8080%252Fbase%252Fnode_modules%252Fjasmine-core%252Flib%252Fjasmine-core%252Fjasmine.js%253F578a1e5ff14db21b04e2d6db7fd0eda37042440c%253A1762%250A%2520%2520%2520%2520at%2520http%253A%252F%252Flocalhost%253A8080%252Fbase%252Fnode_modules%252Fjasmine-core%252Flib%252Fjasmine-core%252Fjasmine.js%253F578a1e5ff14db21b04e2d6db7fd0eda37042440c%253A627%250A%2520%2520%2520%2520at%2520http%253A%252F%252Flocalhost%253A8080%252Fbase%252Fnode_modules%252Fjasmine-core%252Flib%252Fjasmine-core%252Fjasmine.js%253F578a1e5ff14db21b04e2d6db7fd0eda37042440c%253A2215%250A%2520%2520%2520%2520at%2520http%253A%252F%252Flocalhost%253A8080%252Fbase%252Fnode_modules%252Fjasmine-core%252Flib%252Fjasmine-core%252Fjasmine.js%253F578a1e5ff14db21b04e2d6db7fd0eda37042440c%253A678%250A%2520%2520%2520%2520at%2520http%253A%252F%252Flocalhost%253A8080%252Fbase%252Fnode_modules%252Fkarma-jasmine%252Flib%252Fadapter.js%253F0a69ad1fa10cc8be0a12b241227d3b834f82db4f%253A317%250A%2520%2520%2520%2520at%2520http%253A%252F%252Flocalhost%253A8080%252Fkarma.js%253A185%250A%2520%2520%2520%2520at%2520http%253A%252F%252Flocalhost%253A8080%252Fcontext.html%253A127%0A%20%20%20%20at%20http%3A%2F%2Flocalhost%3A8080%2Fbase%2Fapp%2Fvendor%2Fangular%2Fangular.js%3F9d140432f81858ac1e7888708720d419d147ffa9%3A4379%0A%20%20%20%20at%20forEach%20(http%3A%2F%2Flocalhost%3A8080%2Fbase%2Fapp%2Fvendor%2Fangular%2Fangular.js%3F9d140432f81858ac1e7888708720d419d147ffa9%3A336)%0A%20%20%20%20at%20loadModules%20(http%3A%2F%2Flocalhost%3A8080%2Fbase%2Fapp%2Fvendor%2Fangular%2Fangular.js%3F9d140432f81858ac1e7888708720d419d147ffa9%3A4381)%0A%20%20%20%20at%20http%3A%2F%2Flocalhost%3A8080%2Fbase%2Fapp%2Fvendor%2Fangular%2Fangular.js%3F9d140432f81858ac1e7888708720d419d147ffa9%3A4356%0A%20%20%20%20at%20forEach%20(http%3A%2F%2Flocalhost%3A8080%2Fbase%2Fapp%2Fvendor%2Fangular%2Fangular.js%3F9d140432f81858ac1e7888708720d419d147ffa9%3A336)%0A%20%20%20%20at%20loadModules%20(http%3A%2F%2Flocalhost%3A8080%2Fbase%2Fapp%2Fvendor%2Fangular%2Fangular.js%3F9d140432f81858ac1e7888708720d419d147ffa9%3A4381)%0A%20%20%20%20at%20createInjector%20(http%3A%2F%2Flocalhost%3A8080%2Fbase%2Fapp%2Fvendor%2Fangular%2Fangular.js%3F9d140432f81858ac1e7888708720d419d147ffa9%3A4265)%0A%20%20%20%20at%20workFn%20(http%3A%2F%2Flocalhost%3A8080%2Fbase%2Fapp%2Fvendor%2Fangular-mocks%2Fangular-mocks.js%3F6fe041cc8bb7a17f894cb12d8b0d44b12644f10a%3A2409)%0A%20%20%20%20at%20attemptSync%20(http%3A%2F%2Flocalhost%3A8080%2Fbase%2Fnode_modules%2Fjasmine-core%2Flib%2Fjasmine-core%2Fjasmine.js%3F578a1e5ff14db21b04e2d6db7fd0eda37042440c%3A1789)%0A%20%20%20%20at%20http%3A%2F%2Flocalhost%3A8080%2Fbase%2Fnode_modules%2Fjasmine-core%2Flib%2Fjasmine-core%2Fjasmine.js%3F578a1e5ff14db21b04e2d6db7fd0eda37042440c%3A1777%0A%20%20%20%20at%20http%3A%2F%2Flocalhost%3A8080%2Fbase%2Fnode_modules%2Fjasmine-core%2Flib%2Fjasmine-core%2Fjasmine.js%3F578a1e5ff14db21b04e2d6db7fd0eda37042440c%3A1762%0A%20%20%20%20at%20http%3A%2F%2Flocalhost%3A8080%2Fbase%2Fnode_modules%2Fjasmine-core%2Flib%2Fjasmine-core%2Fjasmine.js%3F578a1e5ff14db21b04e2d6db7fd0eda37042440c%3A627%0A%20%20%20%20at%20http%3A%2F%2Flocalhost%3A8080%2Fbase%2Fnode_modules%2Fjasmine-core%2Flib%2Fjasmine-core%2Fjasmine.js%3F578a1e5ff14db21b04e2d6db7fd0eda37042440c%3A357%0A%20%20%20%20at%20http%3A%2F%2Flocalhost%3A8080%2Fbase%2Fnode_modules%2Fjasmine-core%2Flib%2Fjasmine-core%2Fjasmine.js%3F578a1e5ff14db21b04e2d6db7fd0eda37042440c%3A2360%0A%20%20%20%20at%20attemptAsync%20(http%3A%2F%2Flocalhost%3A8080%2Fbase%2Fnode_modules%2Fjasmine-core%2Flib%2Fjasmine-core%2Fjasmine.js%3F578a1e5ff14db21b04e2d6db7fd0eda37042440c%3A1819)%0A%20%20%20%20at%20http%3A%2F%2Flocalhost%3A8080%2Fbase%2Fnode_modules%2Fjasmine-core%2Flib%2Fjasmine-core%2Fjasmine.js%3F578a1e5ff14db21b04e2d6db7fd0eda37042440c%3A1774%0A%20%20%20%20at%20http%3A%2F%2Flocalhost%3A8080%2Fbase%2Fnode_modules%2Fjasmine-core%2Flib%2Fjasmine-core%2Fjasmine.js%3F578a1e5ff14db21b04e2d6db7fd0eda37042440c%3A1801%0A%20%20%20%20at%20http%3A%2F%2Flocalhost%3A8080%2Fbase%2Fnode_modules%2Fjasmine-core%2Flib%2Fjasmine-core%2Fjasmine.js%3F578a1e5ff14db21b04e2d6db7fd0eda37042440c%3A1745%0A%20%20%20%20at%20complete%20(http%3A%2F%2Flocalhost%3A8080%2Fbase%2Fnode_modules%2Fjasmine-core%2Flib%2Fjasmine-core%2Fjasmine.js%3F578a1e5ff14db21b04e2d6db7fd0eda37042440c%3A365)%0A%20%20%20%20at%20clearStack%20(http%3A%2F%2Flocalhost%3A8080%2Fbase%2Fnode_modules%2Fjasmine-core%2Flib%2Fjasmine-core%2Fjasmine.js%3F578a1e5ff14db21b04e2d6db7fd0eda37042440c%3A605)%0A%20%20%20%20at%20http%3A%2F%2Flocalhost%3A8080%2Fbase%2Fnode_modules%2Fjasmine-core%2Flib%2Fjasmine-core%2Fjasmine.js%3F578a1e5ff14db21b04e2d6db7fd0eda37042440c%3A1784%0A%20%20%20%20at%20http%3A%2F%2Flocalhost%3A8080%2Fbase%2Fnode_modules%2Fjasmine-core%2Flib%2Fjasmine-core%2Fjasmine.js%3F578a1e5ff14db21b04e2d6db7fd0eda37042440c%3A1762%0A%20%20%20%20at%20http%3A%2F%2Flocalhost%3A8080%2Fbase%2Fnode_modules%2Fjasmine-core%2Flib%2Fjasmine-core%2Fjasmine.js%3F578a1e5ff14db21b04e2d6db7fd0eda37042440c%3A627%0A%20%20%20%20at%20http%3A%2F%2Flocalhost%3A8080%2Fbase%2Fnode_modules%2Fjasmine-core%2Flib%2Fjasmine-core%2Fjasmine.js%3F578a1e5ff14db21b04e2d6db7fd0eda37042440c%3A357%0A%20%20%20%20at%20http%3A%2F%2Flocalhost%3A8080%2Fbase%2Fnode_modules%2Fjasmine-core%2Flib%2Fjasmine-core%2Fjasmine.js%3F578a1e5ff14db21b04e2d6db7fd0eda37042440c%3A2360%0A%20%20%20%20at%20attemptAsync%20(http%3A%2F%2Flocalhost%3A8080%2Fbase%2Fnode_modules%2Fjasmine-core%2Flib%2Fjasmine-core%2Fjasmine.js%3F578a1e5ff14db21b04e2d6db7fd0eda37042440c%3A1819)%0A%20%20%20%20at%20http%3A%2F%2Flocalhost%3A8080%2Fbase%2Fnode_modules%2Fjasmine-core%2Flib%2Fjasmine-core%2Fjasmine.js%3F578a1e5ff14db21b04e2d6db7fd0eda37042440c%3A1774%0A%20%20%20%20at%20http%3A%2F%2Flocalhost%3A8080%2Fbase%2Fnode_modules%2Fjasmine-core%2Flib%2Fjasmine-core%2Fjasmine.js%3F578a1e5ff14db21b04e2d6db7fd0eda37042440c%3A1762%0A%20%20%20%20at%20http%3A%2F%2Flocalhost%3A8080%2Fbase%2Fnode_modules%2Fjasmine-core%2Flib%2Fjasmine-core%2Fjasmine.js%3F578a1e5ff14db21b04e2d6db7fd0eda37042440c%3A627%0A%20%20%20%20at%20http%3A%2F%2Flocalhost%3A8080%2Fbase%2Fnode_modules%2Fjasmine-core%2Flib%2Fjasmine-core%2Fjasmine.js%3F578a1e5ff14db21b04e2d6db7fd0eda37042440c%3A2354%0A%20%20%20%20at%20attemptAsync%20(http%3A%2F%2Flocalhost%3A8080%2Fbase%2Fnode_modules%2Fjasmine-core%2Flib%2Fjasmine-core%2Fjasmine.js%3F578a1e5ff14db21b04e2d6db7fd0eda37042440c%3A1819)%0A%20%20%20%20at%20http%3A%2F%2Flocalhost%3A8080%2Fbase%2Fnode_modules%2Fjasmine-core%2Flib%2Fjasmine-core%2Fjasmine.js%3F578a1e5ff14db21b04e2d6db7fd0eda37042440c%3A1774%0A%20%20%20%20at%20http%3A%2F%2Flocalhost%3A8080%2Fbase%2Fnode_modules%2Fjasmine-core%2Flib%2Fjasmine-core%2Fjasmine.js%3F578a1e5ff14db21b04e2d6db7fd0eda37042440c%3A1801%0A%20%20%20%20at%20http%3A%2F%2Flocalhost%3A8080%2Fbase%2Fnode_modules%2Fjasmine-core%2Flib%2Fjasmine-core%2Fjasmine.js%3F578a1e5ff14db21b04e2d6db7fd0eda37042440c%3A1745%0A%20%20%20%20at%20http%3A%2F%2Flocalhost%3A8080%2Fbase%2Fnode_modules%2Fjasmine-core%2Flib%2Fjasmine-core%2Fjasmine.js%3F578a1e5ff14db21b04e2d6db7fd0eda37042440c%3A2348%0A%20%20%20%20at%20clearStack%20(http%3A%2F%2Flocalhost%3A8080%2Fbase%2Fnode_modules%2Fjasmine-core%2Flib%2Fjasmine-core%2Fjasmine.js%3F578a1e5ff14db21b04e2d6db7fd0eda37042440c%3A605)%0A%20%20%20%20at%20http%3A%2F%2Flocalhost%3A8080%2Fbase%2Fnode_modules%2Fjasmine-core%2Flib%2Fjasmine-core%2Fjasmine.js%3F578a1e5ff14db21b04e2d6db7fd0eda37042440c%3A1784%0A%20%20%20%20at%20http%3A%2F%2Flocalhost%3A8080%2Fbase%2Fnode_modules%2Fjasmine-core%2Flib%2Fjasmine-core%2Fjasmine.js%3F578a1e5ff14db21b04e2d6db7fd0eda37042440c%3A1762%0A%20%20%20%20at%20http%3A%2F%2Flocalhost%3A8080%2Fbase%2Fnode_modules%2Fjasmine-core%2Flib%2Fjasmine-core%2Fjasmine.js%3F578a1e5ff14db21b04e2d6db7fd0eda37042440c%3A627%0A%20%20%20%20at%20http%3A%2F%2Flocalhost%3A8080%2Fbase%2Fnode_modules%2Fjasmine-core%2Flib%2Fjasmine-core%2Fjasmine.js%3F578a1e5ff14db21b04e2d6db7fd0eda37042440c%3A2354%0A%20%20%20%20at%20attemptAsync%20(http%3A%2F%2Flocalhost%3A8080%2Fbase%2Fnode_modules%2Fjasmine-core%2Flib%2Fjasmine-core%2Fjasmine.js%3F578a1e5ff14db21b04e2d6db7fd0eda37042440c%3A1819)%0A%20%20%20%20at%20http%3A%2F%2Flocalhost%3A8080%2Fbase%2Fnode_modules%2Fjasmine-core%2Flib%2Fjasmine-core%2Fjasmine.js%3F578a1e5ff14db21b04e2d6db7fd0eda37042440c%3A1774%0A%20%20%20%20at%20http%3A%2F%2Flocalhost%3A8080%2Fbase%2Fnode_modules%2Fjasmine-core%2Flib%2Fjasmine-core%2Fjasmine.js%3F578a1e5ff14db21b04e2d6db7fd0eda37042440c%3A1801%0A%20%20%20%20at%20http%3A%2F%2Flocalhost%3A8080%2Fbase%2Fnode_modules%2Fjasmine-core%2Flib%2Fjasmine-core%2Fjasmine.js%3F578a1e5ff14db21b04e2d6db7fd0eda37042440c%3A1745%0A%20%20%20%20at%20http%3A%2F%2Flocalhost%3A8080%2Fbase%2Fnode_modules%2Fjasmine-core%2Flib%2Fjasmine-core%2Fjasmine.js%3F578a1e5ff14db21b04e2d6db7fd0eda37042440c%3A2348%0A%20%20%20%20at%20clearStack%20(http%3A%2F%2Flocalhost%3A8080%2Fbase%2Fnode_modules%2Fjasmine-core%2Flib%2Fjasmine-core%2Fjasmine.js%3F578a1e5ff14db21b04e2d6db7fd0eda37042440c%3A605)%0A%20%20%20%20at%20http%3A%2F%2Flocalhost%3A8080%2Fbase%2Fnode_modules%2Fjasmine-core%2Flib%2Fjasmine-core%2Fjasmine.js%3F578a1e5ff14db21b04e2d6db7fd0eda37042440c%3A1784%0A%20%20%20%20at%20http%3A%2F%2Flocalhost%3A8080%2Fbase%2Fnode_modules%2Fjasmine-core%2Flib%2Fjasmine-core%2Fjasmine.js%3F578a1e5ff14db21b04e2d6db7fd0eda37042440c%3A1762%0A%20%20%20%20at%20http%3A%2F%2Flocalhost%3A8080%2Fbase%2Fnode_modules%2Fjasmine-core%2Flib%2Fjasmine-core%2Fjasmine.js%3F578a1e5ff14db21b04e2d6db7fd0eda37042440c%3A627%0A%20%20%20%20at%20http%3A%2F%2Flocalhost%3A8080%2Fbase%2Fnode_modules%2Fjasmine-core%2Flib%2Fjasmine-core%2Fjasmine.js%3F578a1e5ff14db21b04e2d6db7fd0eda37042440c%3A2354%0A%20%20%20%20at%20attemptAsync%20(http%3A%2F%2Flocalhost%3A8080%2Fbase%2Fnode_modules%2Fjasmine-core%2Flib%2Fjasmine-core%2Fjasmine.js%3F578a1e5ff14db21b04e2d6db7fd0eda37042440c%3A1819)%0A%20%20%20%20at%20http%3A%2F%2Flocalhost%3A8080%2Fbase%2Fnode_modules%2Fjasmine-core%2Flib%2Fjasmine-core%2Fjasmine.js%3F578a1e5ff14db21b04e2d6db7fd0eda37042440c%3A1774%0A%20%20%20%20at%20http%3A%2F%2Flocalhost%3A8080%2Fbase%2Fnode_modules%2Fjasmine-core%2Flib%2Fjasmine-core%2Fjasmine.js%3F578a1e5ff14db21b04e2d6db7fd0eda37042440c%3A1801%0A%20%20%20%20at%20http%3A%2F%2Flocalhost%3A8080%2Fbase%2Fnode_modules%2Fjasmine-core%2Flib%2Fjasmine-core%2Fjasmine.js%3F578a1e5ff14db21b04e2d6db7fd0eda37042440c%3A1745%0A%20%20%20%20at%20http%3A%2F%2Flocalhost%3A8080%2Fbase%2Fnode_modules%2Fjasmine-core%2Flib%2Fjasmine-core%2Fjasmine.js%3F578a1e5ff14db21b04e2d6db7fd0eda37042440c%3A2348%0A%20%20%20%20at%20clearStack%20(http%3A%2F%2Flocalhost%3A8080%2Fbase%2Fnode_modules%2Fjasmine-core%2Flib%2Fjasmine-core%2Fjasmine.js%3F578a1e5ff14db21b04e2d6db7fd0eda37042440c%3A605)%0A%20%20%20%20at%20http%3A%2F%2Flocalhost%3A8080%2Fbase%2Fnode_modules%2Fjasmine-core%2Flib%2Fjasmine-core%2Fjasmine.js%3F578a1e5ff14db21b04e2d6db7fd0eda37042440c%3A1784%0A%20%20%20%20at%20http%3A%2F%2Flocalhost%3A8080%2Fbase%2Fnode_modules%2Fjasmine-core%2Flib%2Fjasmine-core%2Fjasmine.js%3F578a1e5ff14db21b04e2d6db7fd0eda37042440c%3A1801%0A%20%20%20%20at%20http%3A%2F%2Flocalhost%3A8080%2Fbase%2Fnode_modules%2Fjasmine-core%2Flib%2Fjasmine-core%2Fjasmine.js%3F578a1e5ff14db21b04e2d6db7fd0eda37042440c%3A1745%0A%20%20%20%20at%20complete%20(http%3A%2F%2Flocalhost%3A8080%2Fbase%2Fnode_modules%2Fjasmine-core%2Flib%2Fjasmine-core%2Fjasmine.js%3F578a1e5ff14db21b04e2d6db7fd0eda37042440c%3A365)%0A%20%20%20%20at%20clearStack%20(http%3A%2F%2Flocalhost%3A8080%2Fbase%2Fnode_modules%2Fjasmine-core%2Flib%2Fjasmine-core%2Fjasmine.js%3F578a1e5ff14db21b04e2d6db7fd0eda37042440c%3A605)%0A%20%20%20%20at%20http%3A%2F%2Flocalhost%3A8080%2Fbase%2Fnode_modules%2Fjasmine-core%2Flib%2Fjasmine-core%2Fjasmine.js%3F578a1e5ff14db21b04e2d6db7fd0eda37042440c%3A1784%0A%20%20%20%20at%20http%3A%2F%2Flocalhost%3A8080%2Fbase%2Fnode_modules%2Fjasmine-core%2Flib%2Fjasmine-core%2Fjasmine.js%3F578a1e5ff14db21b04e2d6db7fd0eda37042440c%3A1762%0A%20%20%20%20at%20http%3A%2F%2Flocalhost%3A8080%2Fbase%2Fnode_modules%2Fjasmine-core%2Flib%2Fjasmine-core%2Fjasmine.js%3F578a1e5ff14db21b04e2d6db7fd0eda37042440c%3A627%0A%20%20%20%20at%20http%3A%2F%2Flocalhost%3A8080%2Fbase%2Fnode_modules%2Fjasmine-core%2Flib%2Fjasmine-core%2Fjasmine.js%3F578a1e5ff14db21b04e2d6db7fd0eda37042440c%3A357%0A%20%20%20%20at%20http%3A%2F%2Flocalhost%3A8080%2Fbase%2Fnode_modules%2Fjasmine-core%2Flib%2Fjasmine-core%2Fjasmine.js%3F578a1e5ff14db21b04e2d6db7fd0eda37042440c%3A2360%0A%20%20%20%20at%20attemptAsync%20(http%3A%2F%2Flocalhost%3A8080%2Fbase%2Fnode_modules%2Fjasmine-core%2Flib%2Fjasmine-core%2Fjasmine.js%3F578a1e5ff14db21b04e2d6db7fd0eda37042440c%3A1819)%0A%20%20%20%20at%20http%3A%2F%2Flocalhost%3A8080%2Fbase%2Fnode_modules%2Fjasmine-core%2Flib%2Fjasmine-core%2Fjasmine.js%3F578a1e5ff14db21b04e2d6db7fd0eda37042440c%3A1774%0A%20%20%20%20at%20http%3A%2F%2Flocalhost%3A8080%2Fbase%2Fnode_modules%2Fjasmine-core%2Flib%2Fjasmine-core%2Fjasmine.js%3F578a1e5ff14db21b04e2d6db7fd0eda37042440c%3A1801%0A%20%20%20%20at%20http%3A%2F%2Flocalhost%3A8080%2Fbase%2Fnode_modules%2Fjasmine-core%2Flib%2Fjasmine-core%2Fjasmine.js%3F578a1e5ff14db21b04e2d6db7fd0eda37042440c%3A1745%0A%20%20%20%20at%20complete%20(http%3A%2F%2Flocalhost%3A8080%2Fbase%2Fnode_modules%2Fjasmine-core%2Flib%2Fjasmine-core%2Fjasmine.js%3F578a1e5ff14db21b04e2d6db7fd0eda37042440c%3A365)%0A%20%20%20%20at%20clearStack%20(http%3A%2F%2Flocalhost%3A8080%2Fbase%2Fnode_modules%2Fjasmine-core%2Flib%2Fjasmine-core%2Fjasmine.js%3F578a1e5ff14db21b04e2d6db7fd0eda37042440c%3A605)%0A%20%20%20%20at%20http%3A%2F%2Flocalhost%3A8080%2Fbase%2Fnode_modules%2Fjasmine-core%2Flib%2Fjasmine-core%2Fjasmine.js%3F578a1e5ff14db21b04e2d6db7fd0eda37042440c%3A1784%0A%20%20%20%20at%20http%3A%2F%2Flocalhost%3A8080%2Fbase%2Fnode_modules%2Fjasmine-core%2Flib%2Fjasmine-core%2Fjasmine.js%3F578a1e5ff14db21b04e2d6db7fd0eda37042440c%3A1762%0A%20%20%20%20at%20http%3A%2F%2Flocalhost%3A8080%2Fbase%2Fnode_modules%2Fjasmine-core%2Flib%2Fjasmine-core%2Fjasmine.js%3F578a1e5ff14db21b04e2d6db7fd0eda37042440c%3A627%0A%20%20%20%20at%20http%3A%2F%2Flocalhost%3A8080%2Fbase%2Fnode_modules%2Fjasmine-core%2Flib%2Fjasmine-core%2Fjasmine.js%3F578a1e5ff14db21b04e2d6db7fd0eda37042440c%3A357%0A%20%20%20%20at%20http%3A%2F%2Flocalhost%3A8080%2Fbase%2Fnode_modules%2Fjasmine-core%2Flib%2Fjasmine-core%2Fjasmine.js%3F578a1e5ff14db21b04e2d6db7fd0eda37042440c%3A2360%0A%20%20%20%20at%20attemptAsync%20(http%3A%2F%2Flocalhost%3A8080%2Fbase%2Fnode_modules%2Fjasmine-core%2Flib%2Fjasmine-core%2Fjasmine.js%3F578a1e5ff14db21b04e2d6db7fd0eda37042440c%3A1819)%0A%20%20%20%20at%20http%3A%2F%2Flocalhost%3A8080%2Fbase%2Fnode_modules%2Fjasmine-core%2Flib%2Fjasmine-core%2Fjasmine.js%3F578a1e5ff14db21b04e2d6db7fd0eda37042440c%3A1774%0A%20%20%20%20at%20http%3A%2F%2Flocalhost%3A8080%2Fbase%2Fnode_modules%2Fjasmine-core%2Flib%2Fjasmine-core%2Fjasmine.js%3F578a1e5ff14db21b04e2d6db7fd0eda37042440c%3A1762%0A%20%20%20%20at%20http%3A%2F%2Flocalhost%3A8080%2Fbase%2Fnode_modules%2Fjasmine-core%2Flib%2Fjasmine-core%2Fjasmine.js%3F578a1e5ff14db21b04e2d6db7fd0eda37042440c%3A627%0A%20%20%20%20at%20http%3A%2F%2Flocalhost%3A8080%2Fbase%2Fnode_modules%2Fjasmine-core%2Flib%2Fjasmine-core%2Fjasmine.js%3F578a1e5ff14db21b04e2d6db7fd0eda37042440c%3A2354%0A%20%20%20%20at%20attemptAsync%20(http%3A%2F%2Flocalhost%3A8080%2Fbase%2Fnode_modules%2Fjasmine-core%2Flib%2Fjasmine-core%2Fjasmine.js%3F578a1e5ff14db21b04e2d6db7fd0eda37042440c%3A1819)%0A%20%20%20%20at%20http%3A%2F%2Flocalhost%3A8080%2Fbase%2Fnode_modules%2Fjasmine-core%2Flib%2Fjasmine-core%2Fjasmine.js%3F578a1e5ff14db21b04e2d6db7fd0eda37042440c%3A1774%0A%20%20%20%20at%20http%3A%2F%2Flocalhost%3A8080%2Fbase%2Fnode_modules%2Fjasmine-core%2Flib%2Fjasmine-core%2Fjasmine.js%3F578a1e5ff14db21b04e2d6db7fd0eda37042440c%3A1801%0A%20%20%20%20at%20http%3A%2F%2Flocalhost%3A8080%2Fbase%2Fnode_modules%2Fjasmine-core%2Flib%2Fjasmine-core%2Fjasmine.js%3F578a1e5ff14db21b04e2d6db7fd0eda37042440c%3A1745%0A%20%20%20%20at%20http%3A%2F%2Flocalhost%3A8080%2Fbase%2Fnode_modules%2Fjasmine-core%2Flib%2Fjasmine-core%2Fjasmine.js%3F578a1e5ff14db21b04e2d6db7fd0eda37042440c%3A2348%0A%20%20%20%20at%20clearStack%20(http%3A%2F%2Flocalhost%3A8080%2Fbase%2Fnode_modules%2Fjasmine-core%2Flib%2Fjasmine-core%2Fjasmine.js%3F578a1e5ff14db21b04e2d6db7fd0eda37042440c%3A605)%0A%20%20%20%20at%20http%3A%2F%2Flocalhost%3A8080%2Fbase%2Fnode_modules%2Fjasmine-core%2Flib%2Fjasmine-core%2Fjasmine.js%3F578a1e5ff14db21b04e2d6db7fd0eda37042440c%3A1784%0A%20%20%20%20at%20http%3A%2F%2Flocalhost%3A8080%2Fbase%2Fnode_modules%2Fjasmine-core%2Flib%2Fjasmine-core%2Fjasmine.js%3F578a1e5ff14db21b04e2d6db7fd0eda37042440c%3A1762%0A%20%20%20%20at%20http%3A%2F%2Flocalhost%3A8080%2Fbase%2Fnode_modules%2Fjasmine-core%2Flib%2Fjasmine-core%2Fjasmine.js%3F578a1e5ff14db21b04e2d6db7fd0eda37042440c%3A627%0A%20%20%20%20at%20http%3A%2F%2Flocalhost%3A8080%2Fbase%2Fnode_modules%2Fjasmine-core%2Flib%2Fjasmine-core%2Fjasmine.js%3F578a1e5ff14db21b04e2d6db7fd0eda37042440c%3A2354%0A%20%20%20%20at%20attemptAsync%20(http%3A%2F%2Flocalhost%3A8080%2Fbase%2Fnode_modules%2Fjasmine-core%2Flib%2Fjasmine-core%2Fjasmine.js%3F578a1e5ff14db21b04e2d6db7fd0eda37042440c%3A1819)%0A%20%20%20%20at%20http%3A%2F%2Flocalhost%3A8080%2Fbase%2Fnode_modules%2Fjasmine-core%2Flib%2Fjasmine-core%2Fjasmine.js%3F578a1e5ff14db21b04e2d6db7fd0eda37042440c%3A1774%0A%20%20%20%20at%20http%3A%2F%2Flocalhost%3A8080%2Fbase%2Fnode_modules%2Fjasmine-core%2Flib%2Fjasmine-core%2Fjasmine.js%3F578a1e5ff14db21b04e2d6db7fd0eda37042440c%3A1801%0A%20%20%20%20at%20http%3A%2F%2Flocalhost%3A8080%2Fbase%2Fnode_modules%2Fjasmine-core%2Flib%2Fjasmine-core%2Fjasmine.js%3F578a1e5ff14db21b04e2d6db7fd0eda37042440c%3A1745%0A%20%20%20%20at%20http%3A%2F%2Flocalhost%3A8080%2Fbase%2Fnode_modules%2Fjasmine-core%2Flib%2Fjasmine-core%2Fjasmine.js%3F578a1e5ff14db21b04e2d6db7fd0eda37042440c%3A2348%0A%20%20%20%20at%20clearStack%20(http%3A%2F%2Flocalhost%3A8080%2Fbase%2Fnode_modules%2Fjasmine-core%2Flib%2Fjasmine-core%2Fjasmine.js%3F578a1e5ff14db21b04e2d6db7fd0eda37042440c%3A605)%0A%20%20%20%20at%20http%3A%2F%2Flocalhost%3A8080%2Fbase%2Fnode_modules%2Fjasmine-core%2Flib%2Fjasmine-core%2Fjasmine.js%3F578a1e5ff14db21b04e2d6db7fd0eda37042440c%3A1784%0A%20%20%20%20at%20http%3A%2F%2Flocalhost%3A8080%2Fbase%2Fnode_modules%2Fjasmine-core%2Flib%2Fjasmine-core%2Fjasmine.js%3F578a1e5ff14db21b04e2d6db7fd0eda37042440c%3A1762%0A%20%20%20%20at%20http%3A%2F%2Flocalhost%3A8080%2Fbase%2Fnode_modules%2Fjasmine-core%2Flib%2Fjasmine-core%2Fjasmine.js%3F578a1e5ff14db21b04e2d6db7fd0eda37042440c%3A627%0A%20%20%20%20at%20http%3A%2F%2Flocalhost%3A8080%2Fbase%2Fnode_modules%2Fjasmine-core%2Flib%2Fjasmine-core%2Fjasmine.js%3F578a1e5ff14db21b04e2d6db7fd0eda37042440c%3A2354%0A%20%20%20%20at%20attemptAsync%20(http%3A%2F%2Flocalhost%3A8080%2Fbase%2Fnode_modules%2Fjasmine-core%2Flib%2Fjasmine-core%2Fjasmine.js%3F578a1e5ff14db21b04e2d6db7fd0eda37042440c%3A1819)%0A%20%20%20%20at%20http%3A%2F%2Flocalhost%3A8080%2Fbase%2Fnode_modules%2Fjasmine-core%2Flib%2Fjasmine-core%2Fjasmine.js%3F578a1e5ff14db21b04e2d6db7fd0eda37042440c%3A1774%0A%20%20%20%20at%20http%3A%2F%2Flocalhost%3A8080%2Fbase%2Fnode_modules%2Fjasmine-core%2Flib%2Fjasmine-core%2Fjasmine.js%3F578a1e5ff14db21b04e2d6db7fd0eda37042440c%3A1801%0A%20%20%20%20at%20http%3A%2F%2Flocalhost%3A8080%2Fbase%2Fnode_modules%2Fjasmine-core%2Flib%2Fjasmine-core%2Fjasmine.js%3F578a1e5ff14db21b04e2d6db7fd0eda37042440c%3A1745%0A%20%20%20%20at%20http%3A%2F%2Flocalhost%3A8080%2Fbase%2Fnode_modules%2Fjasmine-core%2Flib%2Fjasmine-core%2Fjasmine.js%3F578a1e5ff14db21b04e2d6db7fd0eda37042440c%3A2348%0A%20%20%20%20at%20clearStack%20(http%3A%2F%2Flocalhost%3A8080%2Fbase%2Fnode_modules%2Fjasmine-core%2Flib%2Fjasmine-core%2Fjasmine.js%3F578a1e5ff14db21b04e2d6db7fd0eda37042440c%3A605)%0A%20%20%20%20at%20http%3A%2F%2Flocalhost%3A8080%2Fbase%2Fnode_modules%2Fjasmine-core%2Flib%2Fjasmine-core%2Fjasmine.js%3F578a1e5ff14db21b04e2d6db7fd0eda37042440c%3A1784%0A%20%20%20%20at%20http%3A%2F%2Flocalhost%3A8080%2Fbase%2Fnode_modules%2Fjasmine-core%2Flib%2Fjasmine-core%2Fjasmine.js%3F578a1e5ff14db21b04e2d6db7fd0eda37042440c%3A1762%0A%20%20%20%20at%20http%3A%2F%2Flocalhost%3A8080%2Fbase%2Fnode_modules%2Fjasmine-core%2Flib%2Fjasmine-core%2Fjasmine.js%3F578a1e5ff14db21b04e2d6db7fd0eda37042440c%3A627%0A%20%20%20%20at%20http%3A%2F%2Flocalhost%3A8080%2Fbase%2Fnode_modules%2Fjasmine-core%2Flib%2Fjasmine-core%2Fjasmine.js%3F578a1e5ff14db21b04e2d6db7fd0eda37042440c%3A2354%0A%20%20%20%20at%20attemptAsync%20(http%3A%2F%2Flocalhost%3A8080%2Fbase%2Fnode_modules%2Fjasmine-core%2Flib%2Fjasmine-core%2Fjasmine.js%3F578a1e5ff14db21b04e2d6db7fd0eda37042440c%3A1819)%0A%20%20%20%20at%20http%3A%2F%2Flocalhost%3A8080%2Fbase%2Fnode_modules%2Fjasmine-core%2Flib%2Fjasmine-core%2Fjasmine.js%3F578a1e5ff14db21b04e2d6db7fd0eda37042440c%3A1774%0A%20%20%20%20at%20http%3A%2F%2Flocalhost%3A8080%2Fbase%2Fnode_modules%2Fjasmine-core%2Flib%2Fjasmine-core%2Fjasmine.js%3F578a1e5ff14db21b04e2d6db7fd0eda37042440c%3A1801%0A%20%20%20%20at%20http%3A%2F%2Flocalhost%3A8080%2Fbase%2Fnode_modules%2Fjasmine-core%2Flib%2Fjasmine-core%2Fjasmine.js%3F578a1e5ff14db21b04e2d6db7fd0eda37042440c%3A1745%0A%20%20%20%20at%20http%3A%2F%2Flocalhost%3A8080%2Fbase%2Fnode_modules%2Fjasmine-core%2Flib%2Fjasmine-core%2Fjasmine.js%3F578a1e5ff14db21b04e2d6db7fd0eda37042440c%3A2348%0A%20%20%20%20at%20clearStack%20(http%3A%2F%2Flocalhost%3A8080%2Fbase%2Fnode_modules%2Fjasmine-core%2Flib%2Fjasmine-core%2Fjasmine.js%3F578a1e5ff14db21b04e2d6db7fd0eda37042440c%3A605)%0A%20%20%20%20at%20http%3A%2F%2Flocalhost%3A8080%2Fbase%2Fnode_modules%2Fjasmine-core%2Flib%2Fjasmine-core%2Fjasmine.js%3F578a1e5ff14db21b04e2d6db7fd0eda37042440c%3A1784%0A%20%20%20%20at%20http%3A%2F%2Flocalhost%3A8080%2Fbase%2Fnode_modules%2Fjasmine-core%2Flib%2Fjasmine-core%2Fjasmine.js%3F578a1e5ff14db21b04e2d6db7fd0eda37042440c%3A1762%0A%20%20%20%20at%20http%3A%2F%2Flocalhost%3A8080%2Fbase%2Fnode_modules%2Fjasmine-core%2Flib%2Fjasmine-core%2Fjasmine.js%3F578a1e5ff14db21b04e2d6db7fd0eda37042440c%3A627%0A%20%20%20%20at%20http%3A%2F%2Flocalhost%3A8080%2Fbase%2Fnode_modules%2Fjasmine-core%2Flib%2Fjasmine-core%2Fjasmine.js%3F578a1e5ff14db21b04e2d6db7fd0eda37042440c%3A2354%0A%20%20%20%20at%20attemptAsync%20(http%3A%2F%2Flocalhost%3A8080%2Fbase%2Fnode_modules%2Fjasmine-core%2Flib%2Fjasmine-core%2Fjasmine.js%3F578a1e5ff14db21b04e2d6db7fd0eda37042440c%3A1819)%0A%20%20%20%20at%20http%3A%2F%2Flocalhost%3A8080%2Fbase%2Fnode_modules%2Fjasmine-core%2Flib%2Fjasmine-core%2Fjasmine.js%3F578a1e5ff14db21b04e2d6db7fd0eda37042440c%3A1774%0A%20%20%20%20at%20http%3A%2F%2Flocalhost%3A8080%2Fbase%2Fnode_modules%2Fjasmine-core%2Flib%2Fjasmine-core%2Fjasmine.js%3F578a1e5ff14db21b04e2d6db7fd0eda37042440c%3A1801%0A%20%20%20%20at%20http%3A%2F%2Flocalhost%3A8080%2Fbase%2Fnode_modules%2Fjasmine-core%2Flib%2Fjasmine-core%2Fjasmine.js%3F578a1e5ff14db21b04e2d6db7fd0eda37042440c%3A1745%0A%20%20%20%20at%20http%3A%2F%2Flocalhost%3A8080%2Fbase%2Fnode_modules%2Fjasmine-core%2Flib%2Fjasmine-core%2Fjasmine.js%3F578a1e5ff14db21b04e2d6db7fd0eda37042440c%3A2348%0A%20%20%20%20at%20clearStack%20(http%3A%2F%2Flocalhost%3A8080%2Fbase%2Fnode_modules%2Fjasmine-core%2Flib%2Fjasmine-core%2Fjasmine.js%3F578a1e5ff14db21b04e2d6db7fd0eda37042440c%3A605)%0A%20%20%20%20at%20http%3A%2F%2Flocalhost%3A8080%2Fbase%2Fnode_modules%2Fjasmine-core%2Flib%2Fjasmine-core%2Fjasmine.js%3F578a1e5ff14db21b04e2d6db7fd0eda37042440c%3A1784%0A%20%20%20%20at%20http%3A%2F%2Flocalhost%3A8080%2Fbase%2Fnode_modules%2Fjasmine-core%2Flib%2Fjasmine-core%2Fjasmine.js%3F578a1e5ff14db21b04e2d6db7fd0eda37042440c%3A1762%0A%20%20%20%20at%20http%3A%2F%2Flocalhost%3A8080%2Fbase%2Fnode_modules%2Fjasmine-core%2Flib%2Fjasmine-core%2Fjasmine.js%3F578a1e5ff14db21b04e2d6db7fd0eda37042440c%3A627%0A%20%20%20%20at%20http%3A%2F%2Flocalhost%3A8080%2Fbase%2Fnode_modules%2Fjasmine-core%2Flib%2Fjasmine-core%2Fjasmine.js%3F578a1e5ff14db21b04e2d6db7fd0eda37042440c%3A2354%0A%20%20%20%20at%20attemptAsync%20(http%3A%2F%2Flocalhost%3A8080%2Fbase%2Fnode_modules%2Fjasmine-core%2Flib%2Fjasmine-core%2Fjasmine.js%3F578a1e5ff14db21b04e2d6db7fd0eda37042440c%3A1819)%0A%20%20%20%20at%20http%3A%2F%2Flocalhost%3A8080%2Fbase%2Fnode_modules%2Fjasmine-core%2Flib%2Fjasmine-core%2Fjasmine.js%3F578a1e5ff14db21b04e2d6db7fd0eda37042440c%3A1774%0A%20%20%20%20at%20http%3A%2F%2Flocalhost%3A8080%2Fbase%2Fnode_modules%2Fjasmine-core%2Flib%2Fjasmine-core%2Fjasmine.js%3F578a1e5ff14db21b04e2d6db7fd0eda37042440c%3A1801%0A%20%20%20%20at%20http%3A%2F%2Flocalhost%3A8080%2Fbase%2Fnode_modules%2Fjasmine-core%2Flib%2Fjasmine-core%2Fjasmine.js%3F578a1e5ff14db21b04e2d6db7fd0eda37042440c%3A1745%0A%20%20%20%20at%20http%3A%2F%2Flocalhost%3A8080%2Fbase%2Fnode_modules%2Fjasmine-core%2Flib%2Fjasmine-core%2Fjasmine.js%3F578a1e5ff14db21b04e2d6db7fd0eda37042440c%3A2348%0A%20%20%20%20at%20clearStack%20(http%3A%2F%2Flocalhost%3A8080%2Fbase%2Fnode_modules%2Fjasmine-core%2Flib%2Fjasmine-core%2Fjasmine.js%3F578a1e5ff14db21b04e2d6db7fd0eda37042440c%3A605)%0A%20%20%20%20at%20http%3A%2F%2Flocalhost%3A8080%2Fbase%2Fnode_modules%2Fjasmine-core%2Flib%2Fjasmine-core%2Fjasmine.js%3F578a1e5ff14db21b04e2d6db7fd0eda37042440c%3A1784%0A%20%20%20%20at%20http%3A%2F%2Flocalhost%3A8080%2Fbase%2Fnode_modules%2Fjasmine-core%2Flib%2Fjasmine-core%2Fjasmine.js%3F578a1e5ff14db21b04e2d6db7fd0eda37042440c%3A1762%0A%20%20%20%20at%20http%3A%2F%2Flocalhost%3A8080%2Fbase%2Fnode_modules%2Fjasmine-core%2Flib%2Fjasmine-core%2Fjasmine.js%3F578a1e5ff14db21b04e2d6db7fd0eda37042440c%3A627%0A%20%20%20%20at%20http%3A%2F%2Flocalhost%3A8080%2Fbase%2Fnode_modules%2Fjasmine-core%2Flib%2Fjasmine-core%2Fjasmine.js%3F578a1e5ff14db21b04e2d6db7fd0eda37042440c%3A2354%0A%20%20%20%20at%20attemptAsync%20(http%3A%2F%2Flocalhost%3A8080%2Fbase%2Fnode_modules%2Fjasmine-core%2Flib%2Fjasmine-core%2Fjasmine.js%3F578a1e5ff14db21b04e2d6db7fd0eda37042440c%3A1819)%0A%20%20%20%20at%20http%3A%2F%2Flocalhost%3A8080%2Fbase%2Fnode_modules%2Fjasmine-core%2Flib%2Fjasmine-core%2Fjasmine.js%3F578a1e5ff14db21b04e2d6db7fd0eda37042440c%3A1774%0A%20%20%20%20at%20http%3A%2F%2Flocalhost%3A8080%2Fbase%2Fnode_modules%2Fjasmine-core%2Flib%2Fjasmine-core%2Fjasmine.js%3F578a1e5ff14db21b04e2d6db7fd0eda37042440c%3A1801%0A%20%20%20%20at%20http%3A%2F%2Flocalhost%3A8080%2Fbase%2Fnode_modules%2Fjasmine-core%2Flib%2Fjasmine-core%2Fjasmine.js%3F578a1e5ff14db21b04e2d6db7fd0eda37042440c%3A1745%0A%20%20%20%20at%20http%3A%2F%2Flocalhost%3A8080%2Fbase%2Fnode_modules%2Fjasmine-core%2Flib%2Fjasmine-core%2Fjasmine.js%3F578a1e5ff14db21b04e2d6db7fd0eda37042440c%3A2348%0A%20%20%20%20at%20clearStack%20(http%3A%2F%2Flocalhost%3A8080%2Fbase%2Fnode_modules%2Fjasmine-core%2Flib%2Fjasmine-core%2Fjasmine.js%3F578a1e5ff14db21b04e2d6db7fd0eda37042440c%3A605)%0A%20%20%20%20at%20http%3A%2F%2Flocalhost%3A8080%2Fbase%2Fnode_modules%2Fjasmine-core%2Flib%2Fjasmine-core%2Fjasmine.js%3F578a1e5ff14db21b04e2d6db7fd0eda37042440c%3A1784%0A%20%20%20%20at%20http%3A%2F%2Flocalhost%3A8080%2Fbase%2Fnode_modules%2Fjasmine-core%2Flib%2Fjasmine-core%2Fjasmine.js%3F578a1e5ff14db21b04e2d6db7fd0eda37042440c%3A1762%0A%20%20%20%20at%20http%3A%2F%2Flocalhost%3A8080%2Fbase%2Fnode_modules%2Fjasmine-core%2Flib%2Fjasmine-core%2Fjasmine.js%3F578a1e5ff14db21b04e2d6db7fd0eda37042440c%3A627%0A%20%20%20%20at%20http%3A%2F%2Flocalhost%3A8080%2Fbase%2Fnode_modules%2Fjasmine-core%2Flib%2Fjasmine-core%2Fjasmine.js%3F578a1e5ff14db21b04e2d6db7fd0eda37042440c%3A2354%0A%20%20%20%20at%20attemptAsync%20(http%3A%2F%2Flocalhost%3A8080%2Fbase%2Fnode_modules%2Fjasmine-core%2Flib%2Fjasmine-core%2Fjasmine.js%3F578a1e5ff14db21b04e2d6db7fd0eda37042440c%3A1819)%0A%20%20%20%20at%20http%3A%2F%2Flocalhost%3A8080%2Fbase%2Fnode_modules%2Fjasmine-core%2Flib%2Fjasmine-core%2Fjasmine.js%3F578a1e5ff14db21b04e2d6db7fd0eda37042440c%3A1774%0A%20%20%20%20at%20http%3A%2F%2Flocalhost%3A8080%2Fbase%2Fnode_modules%2Fjasmine-core%2Flib%2Fjasmine-core%2Fjasmine.js%3F578a1e5ff14db21b04e2d6db7fd0eda37042440c%3A1762%0A%20%20%20%20at%20http%3A%2F%2Flocalhost%3A8080%2Fbase%2Fnode_modules%2Fjasmine-core%2Flib%2Fjasmine-core%2Fjasmine.js%3F578a1e5ff14db21b04e2d6db7fd0eda37042440c%3A627%0A%20%20%20%20at%20http%3A%2F%2Flocalhost%3A8080%2Fbase%2Fnode_modules%2Fjasmine-core%2Flib%2Fjasmine-core%2Fjasmine.js%3F578a1e5ff14db21b04e2d6db7fd0eda37042440c%3A2215%0A%20%20%20%20at%20http%3A%2F%2Flocalhost%3A8080%2Fbase%2Fnode_modules%2Fjasmine-core%2Flib%2Fjasmine-core%2Fjasmine.js%3F578a1e5ff14db21b04e2d6db7fd0eda37042440c%3A678%0A%20%20%20%20at%20http%3A%2F%2Flocalhost%3A8080%2Fbase%2Fnode_modules%2Fkarma-jasmine%2Flib%2Fadapter.js%3F0a69ad1fa10cc8be0a12b241227d3b834f82db4f%3A317%0A%20%20%20%20at%20http%3A%2F%2Flocalhost%3A8080%2Fkarma.js%3A185%0A%20%20%20%20at%20http%3A%2F%2Flocalhost%3A8080%2Fcontext.html%3A127
    at C:/dev/MedExplorer/src/client/app/vendor/angular/angular.js:4379
    at forEach (C:/dev/MedExplorer/src/client/app/vendor/angular/angular.js:336)
    at loadModules (C:/dev/MedExplorer/src/client/app/vendor/angular/angular.js:4381)
    at createInjector (C:/dev/MedExplorer/src/client/app/vendor/angular/angular.js:4265)
    at workFn (C:/dev/MedExplorer/src/client/app/vendor/angular-mocks/angular-mocks.js:2409)
</failure>
      <failure type="">TypeError: &apos;undefined&apos; is not a function (evaluating &apos;sentence(&apos;this is a sentence&apos;)&apos;)
    at C:/dev/MedExplorer/src/client/test/spec/filters/capitalizationTest.js:29
</failure>
    </testcase>
    <testcase name="uppercase_test" time="0.029" classname="PhantomJS 1.9.8 (Windows 7 0.0.0).Filter: capitalization">
      <failure type="">Error: [$injector:modulerr] Failed to instantiate module MedExplorer due to:
Error: [$injector:modulerr] Failed to instantiate module ui.bootstrap due to:
Error: [$injector:nomod] Module &apos;ui.bootstrap&apos; is not available! You either misspelled the module name or forgot to load it. If registering a module ensure that you specify the dependencies as the second argument.
http://errors.angularjs.org/1.4.1/$injector/nomod?p0=ui.bootstrap
    at C:/dev/MedExplorer/src/client/app/vendor/angular/angular.js:1951
    at ensure (C:/dev/MedExplorer/src/client/app/vendor/angular/angular.js:1873)
    at module (C:/dev/MedExplorer/src/client/app/vendor/angular/angular.js:2201)
    at C:/dev/MedExplorer/src/client/app/vendor/angular/angular.js:4355
    at forEach (C:/dev/MedExplorer/src/client/app/vendor/angular/angular.js:336)
    at loadModules (C:/dev/MedExplorer/src/client/app/vendor/angular/angular.js:4381)
    at C:/dev/MedExplorer/src/client/app/vendor/angular/angular.js:4356
    at forEach (C:/dev/MedExplorer/src/client/app/vendor/angular/angular.js:336)
    at loadModules (C:/dev/MedExplorer/src/client/app/vendor/angular/angular.js:4381)
    at createInjector (C:/dev/MedExplorer/src/client/app/vendor/angular/angular.js:4265)
    at workFn (C:/dev/MedExplorer/src/client/app/vendor/angular-mocks/angular-mocks.js:2409)
http://errors.angularjs.org/1.4.1/$injector/modulerr?p0=ui.bootstrap&amp;p1=Error%3A%20%5B%24injector%3Anomod%5D%20Module%20&apos;ui.bootstrap&apos;%20is%20not%20available!%20You%20either%20misspelled%20the%20module%20name%20or%20forgot%20to%20load%20it.%20If%20registering%20a%20module%20ensure%20that%20you%20specify%20the%20dependencies%20as%20the%20second%20argument.%0Ahttp%3A%2F%2Ferrors.angularjs.org%2F1.4.1%2F%24injector%2Fnomod%3Fp0%3Dui.bootstrap%0A%20%20%20%20at%20http%3A%2F%2Flocalhost%3A8080%2Fbase%2Fapp%2Fvendor%2Fangular%2Fangular.js%3F9d140432f81858ac1e7888708720d419d147ffa9%3A1951%0A%20%20%20%20at%20ensure%20(http%3A%2F%2Flocalhost%3A8080%2Fbase%2Fapp%2Fvendor%2Fangular%2Fangular.js%3F9d140432f81858ac1e7888708720d419d147ffa9%3A1873)%0A%20%20%20%20at%20module%20(http%3A%2F%2Flocalhost%3A8080%2Fbase%2Fapp%2Fvendor%2Fangular%2Fangular.js%3F9d140432f81858ac1e7888708720d419d147ffa9%3A2201)%0A%20%20%20%20at%20http%3A%2F%2Flocalhost%3A8080%2Fbase%2Fapp%2Fvendor%2Fangular%2Fangular.js%3F9d140432f81858ac1e7888708720d419d147ffa9%3A4355%0A%20%20%20%20at%20forEach%20(http%3A%2F%2Flocalhost%3A8080%2Fbase%2Fapp%2Fvendor%2Fangular%2Fangular.js%3F9d140432f81858ac1e7888708720d419d147ffa9%3A336)%0A%20%20%20%20at%20loadModules%20(http%3A%2F%2Flocalhost%3A8080%2Fbase%2Fapp%2Fvendor%2Fangular%2Fangular.js%3F9d140432f81858ac1e7888708720d419d147ffa9%3A4381)%0A%20%20%20%20at%20http%3A%2F%2Flocalhost%3A8080%2Fbase%2Fapp%2Fvendor%2Fangular%2Fangular.js%3F9d140432f81858ac1e7888708720d419d147ffa9%3A4356%0A%20%20%20%20at%20forEach%20(http%3A%2F%2Flocalhost%3A8080%2Fbase%2Fapp%2Fvendor%2Fangular%2Fangular.js%3F9d140432f81858ac1e7888708720d419d147ffa9%3A336)%0A%20%20%20%20at%20loadModules%20(http%3A%2F%2Flocalhost%3A8080%2Fbase%2Fapp%2Fvendor%2Fangular%2Fangular.js%3F9d140432f81858ac1e7888708720d419d147ffa9%3A4381)%0A%20%20%20%20at%20createInjector%20(http%3A%2F%2Flocalhost%3A8080%2Fbase%2Fapp%2Fvendor%2Fangular%2Fangular.js%3F9d140432f81858ac1e7888708720d419d147ffa9%3A4265)%0A%20%20%20%20at%20workFn%20(http%3A%2F%2Flocalhost%3A8080%2Fbase%2Fapp%2Fvendor%2Fangular-mocks%2Fangular-mocks.js%3F6fe041cc8bb7a17f894cb12d8b0d44b12644f10a%3A2409)%0A%20%20%20%20at%20attemptSync%20(http%3A%2F%2Flocalhost%3A8080%2Fbase%2Fnode_modules%2Fjasmine-core%2Flib%2Fjasmine-core%2Fjasmine.js%3F578a1e5ff14db21b04e2d6db7fd0eda37042440c%3A1789)%0A%20%20%20%20at%20http%3A%2F%2Flocalhost%3A8080%2Fbase%2Fnode_modules%2Fjasmine-core%2Flib%2Fjasmine-core%2Fjasmine.js%3F578a1e5ff14db21b04e2d6db7fd0eda37042440c%3A1777%0A%20%20%20%20at%20http%3A%2F%2Flocalhost%3A8080%2Fbase%2Fnode_modules%2Fjasmine-core%2Flib%2Fjasmine-core%2Fjasmine.js%3F578a1e5ff14db21b04e2d6db7fd0eda37042440c%3A1762%0A%20%20%20%20at%20http%3A%2F%2Flocalhost%3A8080%2Fbase%2Fnode_modules%2Fjasmine-core%2Flib%2Fjasmine-core%2Fjasmine.js%3F578a1e5ff14db21b04e2d6db7fd0eda37042440c%3A627%0A%20%20%20%20at%20http%3A%2F%2Flocalhost%3A8080%2Fbase%2Fnode_modules%2Fjasmine-core%2Flib%2Fjasmine-core%2Fjasmine.js%3F578a1e5ff14db21b04e2d6db7fd0eda37042440c%3A357%0A%20%20%20%20at%20http%3A%2F%2Flocalhost%3A8080%2Fbase%2Fnode_modules%2Fjasmine-core%2Flib%2Fjasmine-core%2Fjasmine.js%3F578a1e5ff14db21b04e2d6db7fd0eda37042440c%3A2360%0A%20%20%20%20at%20attemptAsync%20(http%3A%2F%2Flocalhost%3A8080%2Fbase%2Fnode_modules%2Fjasmine-core%2Flib%2Fjasmine-core%2Fjasmine.js%3F578a1e5ff14db21b04e2d6db7fd0eda37042440c%3A1819)%0A%20%20%20%20at%20http%3A%2F%2Flocalhost%3A8080%2Fbase%2Fnode_modules%2Fjasmine-core%2Flib%2Fjasmine-core%2Fjasmine.js%3F578a1e5ff14db21b04e2d6db7fd0eda37042440c%3A1774%0A%20%20%20%20at%20http%3A%2F%2Flocalhost%3A8080%2Fbase%2Fnode_modules%2Fjasmine-core%2Flib%2Fjasmine-core%2Fjasmine.js%3F578a1e5ff14db21b04e2d6db7fd0eda37042440c%3A1801%0A%20%20%20%20at%20http%3A%2F%2Flocalhost%3A8080%2Fbase%2Fnode_modules%2Fjasmine-core%2Flib%2Fjasmine-core%2Fjasmine.js%3F578a1e5ff14db21b04e2d6db7fd0eda37042440c%3A1745%0A%20%20%20%20at%20complete%20(http%3A%2F%2Flocalhost%3A8080%2Fbase%2Fnode_modules%2Fjasmine-core%2Flib%2Fjasmine-core%2Fjasmine.js%3F578a1e5ff14db21b04e2d6db7fd0eda37042440c%3A365)%0A%20%20%20%20at%20clearStack%20(http%3A%2F%2Flocalhost%3A8080%2Fbase%2Fnode_modules%2Fjasmine-core%2Flib%2Fjasmine-core%2Fjasmine.js%3F578a1e5ff14db21b04e2d6db7fd0eda37042440c%3A605)%0A%20%20%20%20at%20http%3A%2F%2Flocalhost%3A8080%2Fbase%2Fnode_modules%2Fjasmine-core%2Flib%2Fjasmine-core%2Fjasmine.js%3F578a1e5ff14db21b04e2d6db7fd0eda37042440c%3A1784%0A%20%20%20%20at%20http%3A%2F%2Flocalhost%3A8080%2Fbase%2Fnode_modules%2Fjasmine-core%2Flib%2Fjasmine-core%2Fjasmine.js%3F578a1e5ff14db21b04e2d6db7fd0eda37042440c%3A1762%0A%20%20%20%20at%20http%3A%2F%2Flocalhost%3A8080%2Fbase%2Fnode_modules%2Fjasmine-core%2Flib%2Fjasmine-core%2Fjasmine.js%3F578a1e5ff14db21b04e2d6db7fd0eda37042440c%3A627%0A%20%20%20%20at%20http%3A%2F%2Flocalhost%3A8080%2Fbase%2Fnode_modules%2Fjasmine-core%2Flib%2Fjasmine-core%2Fjasmine.js%3F578a1e5ff14db21b04e2d6db7fd0eda37042440c%3A357%0A%20%20%20%20at%20http%3A%2F%2Flocalhost%3A8080%2Fbase%2Fnode_modules%2Fjasmine-core%2Flib%2Fjasmine-core%2Fjasmine.js%3F578a1e5ff14db21b04e2d6db7fd0eda37042440c%3A2360%0A%20%20%20%20at%20attemptAsync%20(http%3A%2F%2Flocalhost%3A8080%2Fbase%2Fnode_modules%2Fjasmine-core%2Flib%2Fjasmine-core%2Fjasmine.js%3F578a1e5ff14db21b04e2d6db7fd0eda37042440c%3A1819)%0A%20%20%20%20at%20http%3A%2F%2Flocalhost%3A8080%2Fbase%2Fnode_modules%2Fjasmine-core%2Flib%2Fjasmine-core%2Fjasmine.js%3F578a1e5ff14db21b04e2d6db7fd0eda37042440c%3A1774%0A%20%20%20%20at%20http%3A%2F%2Flocalhost%3A8080%2Fbase%2Fnode_modules%2Fjasmine-core%2Flib%2Fjasmine-core%2Fjasmine.js%3F578a1e5ff14db21b04e2d6db7fd0eda37042440c%3A1801%0A%20%20%20%20at%20http%3A%2F%2Flocalhost%3A8080%2Fbase%2Fnode_modules%2Fjasmine-core%2Flib%2Fjasmine-core%2Fjasmine.js%3F578a1e5ff14db21b04e2d6db7fd0eda37042440c%3A1745%0A%20%20%20%20at%20complete%20(http%3A%2F%2Flocalhost%3A8080%2Fbase%2Fnode_modules%2Fjasmine-core%2Flib%2Fjasmine-core%2Fjasmine.js%3F578a1e5ff14db21b04e2d6db7fd0eda37042440c%3A365)%0A%20%20%20%20at%20clearStack%20(http%3A%2F%2Flocalhost%3A8080%2Fbase%2Fnode_modules%2Fjasmine-core%2Flib%2Fjasmine-core%2Fjasmine.js%3F578a1e5ff14db21b04e2d6db7fd0eda37042440c%3A605)%0A%20%20%20%20at%20http%3A%2F%2Flocalhost%3A8080%2Fbase%2Fnode_modules%2Fjasmine-core%2Flib%2Fjasmine-core%2Fjasmine.js%3F578a1e5ff14db21b04e2d6db7fd0eda37042440c%3A1784%0A%20%20%20%20at%20http%3A%2F%2Flocalhost%3A8080%2Fbase%2Fnode_modules%2Fjasmine-core%2Flib%2Fjasmine-core%2Fjasmine.js%3F578a1e5ff14db21b04e2d6db7fd0eda37042440c%3A1762%0A%20%20%20%20at%20http%3A%2F%2Flocalhost%3A8080%2Fbase%2Fnode_modules%2Fjasmine-core%2Flib%2Fjasmine-core%2Fjasmine.js%3F578a1e5ff14db21b04e2d6db7fd0eda37042440c%3A627%0A%20%20%20%20at%20http%3A%2F%2Flocalhost%3A8080%2Fbase%2Fnode_modules%2Fjasmine-core%2Flib%2Fjasmine-core%2Fjasmine.js%3F578a1e5ff14db21b04e2d6db7fd0eda37042440c%3A357%0A%20%20%20%20at%20http%3A%2F%2Flocalhost%3A8080%2Fbase%2Fnode_modules%2Fjasmine-core%2Flib%2Fjasmine-core%2Fjasmine.js%3F578a1e5ff14db21b04e2d6db7fd0eda37042440c%3A2360%0A%20%20%20%20at%20attemptAsync%20(http%3A%2F%2Flocalhost%3A8080%2Fbase%2Fnode_modules%2Fjasmine-core%2Flib%2Fjasmine-core%2Fjasmine.js%3F578a1e5ff14db21b04e2d6db7fd0eda37042440c%3A1819)%0A%20%20%20%20at%20http%3A%2F%2Flocalhost%3A8080%2Fbase%2Fnode_modules%2Fjasmine-core%2Flib%2Fjasmine-core%2Fjasmine.js%3F578a1e5ff14db21b04e2d6db7fd0eda37042440c%3A1774%0A%20%20%20%20at%20http%3A%2F%2Flocalhost%3A8080%2Fbase%2Fnode_modules%2Fjasmine-core%2Flib%2Fjasmine-core%2Fjasmine.js%3F578a1e5ff14db21b04e2d6db7fd0eda37042440c%3A1762%0A%20%20%20%20at%20http%3A%2F%2Flocalhost%3A8080%2Fbase%2Fnode_modules%2Fjasmine-core%2Flib%2Fjasmine-core%2Fjasmine.js%3F578a1e5ff14db21b04e2d6db7fd0eda37042440c%3A627%0A%20%20%20%20at%20http%3A%2F%2Flocalhost%3A8080%2Fbase%2Fnode_modules%2Fjasmine-core%2Flib%2Fjasmine-core%2Fjasmine.js%3F578a1e5ff14db21b04e2d6db7fd0eda37042440c%3A2354%0A%20%20%20%20at%20attemptAsync%20(http%3A%2F%2Flocalhost%3A8080%2Fbase%2Fnode_modules%2Fjasmine-core%2Flib%2Fjasmine-core%2Fjasmine.js%3F578a1e5ff14db21b04e2d6db7fd0eda37042440c%3A1819)%0A%20%20%20%20at%20http%3A%2F%2Flocalhost%3A8080%2Fbase%2Fnode_modules%2Fjasmine-core%2Flib%2Fjasmine-core%2Fjasmine.js%3F578a1e5ff14db21b04e2d6db7fd0eda37042440c%3A1774%0A%20%20%20%20at%20http%3A%2F%2Flocalhost%3A8080%2Fbase%2Fnode_modules%2Fjasmine-core%2Flib%2Fjasmine-core%2Fjasmine.js%3F578a1e5ff14db21b04e2d6db7fd0eda37042440c%3A1801%0A%20%20%20%20at%20http%3A%2F%2Flocalhost%3A8080%2Fbase%2Fnode_modules%2Fjasmine-core%2Flib%2Fjasmine-core%2Fjasmine.js%3F578a1e5ff14db21b04e2d6db7fd0eda37042440c%3A1745%0A%20%20%20%20at%20http%3A%2F%2Flocalhost%3A8080%2Fbase%2Fnode_modules%2Fjasmine-core%2Flib%2Fjasmine-core%2Fjasmine.js%3F578a1e5ff14db21b04e2d6db7fd0eda37042440c%3A2348%0A%20%20%20%20at%20clearStack%20(http%3A%2F%2Flocalhost%3A8080%2Fbase%2Fnode_modules%2Fjasmine-core%2Flib%2Fjasmine-core%2Fjasmine.js%3F578a1e5ff14db21b04e2d6db7fd0eda37042440c%3A605)%0A%20%20%20%20at%20http%3A%2F%2Flocalhost%3A8080%2Fbase%2Fnode_modules%2Fjasmine-core%2Flib%2Fjasmine-core%2Fjasmine.js%3F578a1e5ff14db21b04e2d6db7fd0eda37042440c%3A1784%0A%20%20%20%20at%20http%3A%2F%2Flocalhost%3A8080%2Fbase%2Fnode_modules%2Fjasmine-core%2Flib%2Fjasmine-core%2Fjasmine.js%3F578a1e5ff14db21b04e2d6db7fd0eda37042440c%3A1762%0A%20%20%20%20at%20http%3A%2F%2Flocalhost%3A8080%2Fbase%2Fnode_modules%2Fjasmine-core%2Flib%2Fjasmine-core%2Fjasmine.js%3F578a1e5ff14db21b04e2d6db7fd0eda37042440c%3A627%0A%20%20%20%20at%20http%3A%2F%2Flocalhost%3A8080%2Fbase%2Fnode_modules%2Fjasmine-core%2Flib%2Fjasmine-core%2Fjasmine.js%3F578a1e5ff14db21b04e2d6db7fd0eda37042440c%3A2354%0A%20%20%20%20at%20attemptAsync%20(http%3A%2F%2Flocalhost%3A8080%2Fbase%2Fnode_modules%2Fjasmine-core%2Flib%2Fjasmine-core%2Fjasmine.js%3F578a1e5ff14db21b04e2d6db7fd0eda37042440c%3A1819)%0A%20%20%20%20at%20http%3A%2F%2Flocalhost%3A8080%2Fbase%2Fnode_modules%2Fjasmine-core%2Flib%2Fjasmine-core%2Fjasmine.js%3F578a1e5ff14db21b04e2d6db7fd0eda37042440c%3A1774%0A%20%20%20%20at%20http%3A%2F%2Flocalhost%3A8080%2Fbase%2Fnode_modules%2Fjasmine-core%2Flib%2Fjasmine-core%2Fjasmine.js%3F578a1e5ff14db21b04e2d6db7fd0eda37042440c%3A1801%0A%20%20%20%20at%20http%3A%2F%2Flocalhost%3A8080%2Fbase%2Fnode_modules%2Fjasmine-core%2Flib%2Fjasmine-core%2Fjasmine.js%3F578a1e5ff14db21b04e2d6db7fd0eda37042440c%3A1745%0A%20%20%20%20at%20http%3A%2F%2Flocalhost%3A8080%2Fbase%2Fnode_modules%2Fjasmine-core%2Flib%2Fjasmine-core%2Fjasmine.js%3F578a1e5ff14db21b04e2d6db7fd0eda37042440c%3A2348%0A%20%20%20%20at%20clearStack%20(http%3A%2F%2Flocalhost%3A8080%2Fbase%2Fnode_modules%2Fjasmine-core%2Flib%2Fjasmine-core%2Fjasmine.js%3F578a1e5ff14db21b04e2d6db7fd0eda37042440c%3A605)%0A%20%20%20%20at%20http%3A%2F%2Flocalhost%3A8080%2Fbase%2Fnode_modules%2Fjasmine-core%2Flib%2Fjasmine-core%2Fjasmine.js%3F578a1e5ff14db21b04e2d6db7fd0eda37042440c%3A1784%0A%20%20%20%20at%20http%3A%2F%2Flocalhost%3A8080%2Fbase%2Fnode_modules%2Fjasmine-core%2Flib%2Fjasmine-core%2Fjasmine.js%3F578a1e5ff14db21b04e2d6db7fd0eda37042440c%3A1762%0A%20%20%20%20at%20http%3A%2F%2Flocalhost%3A8080%2Fbase%2Fnode_modules%2Fjasmine-core%2Flib%2Fjasmine-core%2Fjasmine.js%3F578a1e5ff14db21b04e2d6db7fd0eda37042440c%3A627%0A%20%20%20%20at%20http%3A%2F%2Flocalhost%3A8080%2Fbase%2Fnode_modules%2Fjasmine-core%2Flib%2Fjasmine-core%2Fjasmine.js%3F578a1e5ff14db21b04e2d6db7fd0eda37042440c%3A2354%0A%20%20%20%20at%20attemptAsync%20(http%3A%2F%2Flocalhost%3A8080%2Fbase%2Fnode_modules%2Fjasmine-core%2Flib%2Fjasmine-core%2Fjasmine.js%3F578a1e5ff14db21b04e2d6db7fd0eda37042440c%3A1819)%0A%20%20%20%20at%20http%3A%2F%2Flocalhost%3A8080%2Fbase%2Fnode_modules%2Fjasmine-core%2Flib%2Fjasmine-core%2Fjasmine.js%3F578a1e5ff14db21b04e2d6db7fd0eda37042440c%3A1774%0A%20%20%20%20at%20http%3A%2F%2Flocalhost%3A8080%2Fbase%2Fnode_modules%2Fjasmine-core%2Flib%2Fjasmine-core%2Fjasmine.js%3F578a1e5ff14db21b04e2d6db7fd0eda37042440c%3A1801%0A%20%20%20%20at%20http%3A%2F%2Flocalhost%3A8080%2Fbase%2Fnode_modules%2Fjasmine-core%2Flib%2Fjasmine-core%2Fjasmine.js%3F578a1e5ff14db21b04e2d6db7fd0eda37042440c%3A1745%0A%20%20%20%20at%20http%3A%2F%2Flocalhost%3A8080%2Fbase%2Fnode_modules%2Fjasmine-core%2Flib%2Fjasmine-core%2Fjasmine.js%3F578a1e5ff14db21b04e2d6db7fd0eda37042440c%3A2348%0A%20%20%20%20at%20clearStack%20(http%3A%2F%2Flocalhost%3A8080%2Fbase%2Fnode_modules%2Fjasmine-core%2Flib%2Fjasmine-core%2Fjasmine.js%3F578a1e5ff14db21b04e2d6db7fd0eda37042440c%3A605)%0A%20%20%20%20at%20http%3A%2F%2Flocalhost%3A8080%2Fbase%2Fnode_modules%2Fjasmine-core%2Flib%2Fjasmine-core%2Fjasmine.js%3F578a1e5ff14db21b04e2d6db7fd0eda37042440c%3A1784%0A%20%20%20%20at%20http%3A%2F%2Flocalhost%3A8080%2Fbase%2Fnode_modules%2Fjasmine-core%2Flib%2Fjasmine-core%2Fjasmine.js%3F578a1e5ff14db21b04e2d6db7fd0eda37042440c%3A1801%0A%20%20%20%20at%20http%3A%2F%2Flocalhost%3A8080%2Fbase%2Fnode_modules%2Fjasmine-core%2Flib%2Fjasmine-core%2Fjasmine.js%3F578a1e5ff14db21b04e2d6db7fd0eda37042440c%3A1745%0A%20%20%20%20at%20complete%20(http%3A%2F%2Flocalhost%3A8080%2Fbase%2Fnode_modules%2Fjasmine-core%2Flib%2Fjasmine-core%2Fjasmine.js%3F578a1e5ff14db21b04e2d6db7fd0eda37042440c%3A365)%0A%20%20%20%20at%20clearStack%20(http%3A%2F%2Flocalhost%3A8080%2Fbase%2Fnode_modules%2Fjasmine-core%2Flib%2Fjasmine-core%2Fjasmine.js%3F578a1e5ff14db21b04e2d6db7fd0eda37042440c%3A605)%0A%20%20%20%20at%20http%3A%2F%2Flocalhost%3A8080%2Fbase%2Fnode_modules%2Fjasmine-core%2Flib%2Fjasmine-core%2Fjasmine.js%3F578a1e5ff14db21b04e2d6db7fd0eda37042440c%3A1784%0A%20%20%20%20at%20http%3A%2F%2Flocalhost%3A8080%2Fbase%2Fnode_modules%2Fjasmine-core%2Flib%2Fjasmine-core%2Fjasmine.js%3F578a1e5ff14db21b04e2d6db7fd0eda37042440c%3A1762%0A%20%20%20%20at%20http%3A%2F%2Flocalhost%3A8080%2Fbase%2Fnode_modules%2Fjasmine-core%2Flib%2Fjasmine-core%2Fjasmine.js%3F578a1e5ff14db21b04e2d6db7fd0eda37042440c%3A627%0A%20%20%20%20at%20http%3A%2F%2Flocalhost%3A8080%2Fbase%2Fnode_modules%2Fjasmine-core%2Flib%2Fjasmine-core%2Fjasmine.js%3F578a1e5ff14db21b04e2d6db7fd0eda37042440c%3A357%0A%20%20%20%20at%20http%3A%2F%2Flocalhost%3A8080%2Fbase%2Fnode_modules%2Fjasmine-core%2Flib%2Fjasmine-core%2Fjasmine.js%3F578a1e5ff14db21b04e2d6db7fd0eda37042440c%3A2360%0A%20%20%20%20at%20attemptAsync%20(http%3A%2F%2Flocalhost%3A8080%2Fbase%2Fnode_modules%2Fjasmine-core%2Flib%2Fjasmine-core%2Fjasmine.js%3F578a1e5ff14db21b04e2d6db7fd0eda37042440c%3A1819)%0A%20%20%20%20at%20http%3A%2F%2Flocalhost%3A8080%2Fbase%2Fnode_modules%2Fjasmine-core%2Flib%2Fjasmine-core%2Fjasmine.js%3F578a1e5ff14db21b04e2d6db7fd0eda37042440c%3A1774%0A%20%20%20%20at%20http%3A%2F%2Flocalhost%3A8080%2Fbase%2Fnode_modules%2Fjasmine-core%2Flib%2Fjasmine-core%2Fjasmine.js%3F578a1e5ff14db21b04e2d6db7fd0eda37042440c%3A1801%0A%20%20%20%20at%20http%3A%2F%2Flocalhost%3A8080%2Fbase%2Fnode_modules%2Fjasmine-core%2Flib%2Fjasmine-core%2Fjasmine.js%3F578a1e5ff14db21b04e2d6db7fd0eda37042440c%3A1745%0A%20%20%20%20at%20complete%20(http%3A%2F%2Flocalhost%3A8080%2Fbase%2Fnode_modules%2Fjasmine-core%2Flib%2Fjasmine-core%2Fjasmine.js%3F578a1e5ff14db21b04e2d6db7fd0eda37042440c%3A365)%0A%20%20%20%20at%20clearStack%20(http%3A%2F%2Flocalhost%3A8080%2Fbase%2Fnode_modules%2Fjasmine-core%2Flib%2Fjasmine-core%2Fjasmine.js%3F578a1e5ff14db21b04e2d6db7fd0eda37042440c%3A605)%0A%20%20%20%20at%20http%3A%2F%2Flocalhost%3A8080%2Fbase%2Fnode_modules%2Fjasmine-core%2Flib%2Fjasmine-core%2Fjasmine.js%3F578a1e5ff14db21b04e2d6db7fd0eda37042440c%3A1784%0A%20%20%20%20at%20http%3A%2F%2Flocalhost%3A8080%2Fbase%2Fnode_modules%2Fjasmine-core%2Flib%2Fjasmine-core%2Fjasmine.js%3F578a1e5ff14db21b04e2d6db7fd0eda37042440c%3A1762%0A%20%20%20%20at%20http%3A%2F%2Flocalhost%3A8080%2Fbase%2Fnode_modules%2Fjasmine-core%2Flib%2Fjasmine-core%2Fjasmine.js%3F578a1e5ff14db21b04e2d6db7fd0eda37042440c%3A627%0A%20%20%20%20at%20http%3A%2F%2Flocalhost%3A8080%2Fbase%2Fnode_modules%2Fjasmine-core%2Flib%2Fjasmine-core%2Fjasmine.js%3F578a1e5ff14db21b04e2d6db7fd0eda37042440c%3A357%0A%20%20%20%20at%20http%3A%2F%2Flocalhost%3A8080%2Fbase%2Fnode_modules%2Fjasmine-core%2Flib%2Fjasmine-core%2Fjasmine.js%3F578a1e5ff14db21b04e2d6db7fd0eda37042440c%3A2360%0A%20%20%20%20at%20attemptAsync%20(http%3A%2F%2Flocalhost%3A8080%2Fbase%2Fnode_modules%2Fjasmine-core%2Flib%2Fjasmine-core%2Fjasmine.js%3F578a1e5ff14db21b04e2d6db7fd0eda37042440c%3A1819)%0A%20%20%20%20at%20http%3A%2F%2Flocalhost%3A8080%2Fbase%2Fnode_modules%2Fjasmine-core%2Flib%2Fjasmine-core%2Fjasmine.js%3F578a1e5ff14db21b04e2d6db7fd0eda37042440c%3A1774%0A%20%20%20%20at%20http%3A%2F%2Flocalhost%3A8080%2Fbase%2Fnode_modules%2Fjasmine-core%2Flib%2Fjasmine-core%2Fjasmine.js%3F578a1e5ff14db21b04e2d6db7fd0eda37042440c%3A1762%0A%20%20%20%20at%20http%3A%2F%2Flocalhost%3A8080%2Fbase%2Fnode_modules%2Fjasmine-core%2Flib%2Fjasmine-core%2Fjasmine.js%3F578a1e5ff14db21b04e2d6db7fd0eda37042440c%3A627%0A%20%20%20%20at%20http%3A%2F%2Flocalhost%3A8080%2Fbase%2Fnode_modules%2Fjasmine-core%2Flib%2Fjasmine-core%2Fjasmine.js%3F578a1e5ff14db21b04e2d6db7fd0eda37042440c%3A2354%0A%20%20%20%20at%20attemptAsync%20(http%3A%2F%2Flocalhost%3A8080%2Fbase%2Fnode_modules%2Fjasmine-core%2Flib%2Fjasmine-core%2Fjasmine.js%3F578a1e5ff14db21b04e2d6db7fd0eda37042440c%3A1819)%0A%20%20%20%20at%20http%3A%2F%2Flocalhost%3A8080%2Fbase%2Fnode_modules%2Fjasmine-core%2Flib%2Fjasmine-core%2Fjasmine.js%3F578a1e5ff14db21b04e2d6db7fd0eda37042440c%3A1774%0A%20%20%20%20at%20http%3A%2F%2Flocalhost%3A8080%2Fbase%2Fnode_modules%2Fjasmine-core%2Flib%2Fjasmine-core%2Fjasmine.js%3F578a1e5ff14db21b04e2d6db7fd0eda37042440c%3A1801%0A%20%20%20%20at%20http%3A%2F%2Flocalhost%3A8080%2Fbase%2Fnode_modules%2Fjasmine-core%2Flib%2Fjasmine-core%2Fjasmine.js%3F578a1e5ff14db21b04e2d6db7fd0eda37042440c%3A1745%0A%20%20%20%20at%20http%3A%2F%2Flocalhost%3A8080%2Fbase%2Fnode_modules%2Fjasmine-core%2Flib%2Fjasmine-core%2Fjasmine.js%3F578a1e5ff14db21b04e2d6db7fd0eda37042440c%3A2348%0A%20%20%20%20at%20clearStack%20(http%3A%2F%2Flocalhost%3A8080%2Fbase%2Fnode_modules%2Fjasmine-core%2Flib%2Fjasmine-core%2Fjasmine.js%3F578a1e5ff14db21b04e2d6db7fd0eda37042440c%3A605)%0A%20%20%20%20at%20http%3A%2F%2Flocalhost%3A8080%2Fbase%2Fnode_modules%2Fjasmine-core%2Flib%2Fjasmine-core%2Fjasmine.js%3F578a1e5ff14db21b04e2d6db7fd0eda37042440c%3A1784%0A%20%20%20%20at%20http%3A%2F%2Flocalhost%3A8080%2Fbase%2Fnode_modules%2Fjasmine-core%2Flib%2Fjasmine-core%2Fjasmine.js%3F578a1e5ff14db21b04e2d6db7fd0eda37042440c%3A1762%0A%20%20%20%20at%20http%3A%2F%2Flocalhost%3A8080%2Fbase%2Fnode_modules%2Fjasmine-core%2Flib%2Fjasmine-core%2Fjasmine.js%3F578a1e5ff14db21b04e2d6db7fd0eda37042440c%3A627%0A%20%20%20%20at%20http%3A%2F%2Flocalhost%3A8080%2Fbase%2Fnode_modules%2Fjasmine-core%2Flib%2Fjasmine-core%2Fjasmine.js%3F578a1e5ff14db21b04e2d6db7fd0eda37042440c%3A2354%0A%20%20%20%20at%20attemptAsync%20(http%3A%2F%2Flocalhost%3A8080%2Fbase%2Fnode_modules%2Fjasmine-core%2Flib%2Fjasmine-core%2Fjasmine.js%3F578a1e5ff14db21b04e2d6db7fd0eda37042440c%3A1819)%0A%20%20%20%20at%20http%3A%2F%2Flocalhost%3A8080%2Fbase%2Fnode_modules%2Fjasmine-core%2Flib%2Fjasmine-core%2Fjasmine.js%3F578a1e5ff14db21b04e2d6db7fd0eda37042440c%3A1774%0A%20%20%20%20at%20http%3A%2F%2Flocalhost%3A8080%2Fbase%2Fnode_modules%2Fjasmine-core%2Flib%2Fjasmine-core%2Fjasmine.js%3F578a1e5ff14db21b04e2d6db7fd0eda37042440c%3A1801%0A%20%20%20%20at%20http%3A%2F%2Flocalhost%3A8080%2Fbase%2Fnode_modules%2Fjasmine-core%2Flib%2Fjasmine-core%2Fjasmine.js%3F578a1e5ff14db21b04e2d6db7fd0eda37042440c%3A1745%0A%20%20%20%20at%20http%3A%2F%2Flocalhost%3A8080%2Fbase%2Fnode_modules%2Fjasmine-core%2Flib%2Fjasmine-core%2Fjasmine.js%3F578a1e5ff14db21b04e2d6db7fd0eda37042440c%3A2348%0A%20%20%20%20at%20clearStack%20(http%3A%2F%2Flocalhost%3A8080%2Fbase%2Fnode_modules%2Fjasmine-core%2Flib%2Fjasmine-core%2Fjasmine.js%3F578a1e5ff14db21b04e2d6db7fd0eda37042440c%3A605)%0A%20%20%20%20at%20http%3A%2F%2Flocalhost%3A8080%2Fbase%2Fnode_modules%2Fjasmine-core%2Flib%2Fjasmine-core%2Fjasmine.js%3F578a1e5ff14db21b04e2d6db7fd0eda37042440c%3A1784%0A%20%20%20%20at%20http%3A%2F%2Flocalhost%3A8080%2Fbase%2Fnode_modules%2Fjasmine-core%2Flib%2Fjasmine-core%2Fjasmine.js%3F578a1e5ff14db21b04e2d6db7fd0eda37042440c%3A1762%0A%20%20%20%20at%20http%3A%2F%2Flocalhost%3A8080%2Fbase%2Fnode_modules%2Fjasmine-core%2Flib%2Fjasmine-core%2Fjasmine.js%3F578a1e5ff14db21b04e2d6db7fd0eda37042440c%3A627%0A%20%20%20%20at%20http%3A%2F%2Flocalhost%3A8080%2Fbase%2Fnode_modules%2Fjasmine-core%2Flib%2Fjasmine-core%2Fjasmine.js%3F578a1e5ff14db21b04e2d6db7fd0eda37042440c%3A2354%0A%20%20%20%20at%20attemptAsync%20(http%3A%2F%2Flocalhost%3A8080%2Fbase%2Fnode_modules%2Fjasmine-core%2Flib%2Fjasmine-core%2Fjasmine.js%3F578a1e5ff14db21b04e2d6db7fd0eda37042440c%3A1819)%0A%20%20%20%20at%20http%3A%2F%2Flocalhost%3A8080%2Fbase%2Fnode_modules%2Fjasmine-core%2Flib%2Fjasmine-core%2Fjasmine.js%3F578a1e5ff14db21b04e2d6db7fd0eda37042440c%3A1774%0A%20%20%20%20at%20http%3A%2F%2Flocalhost%3A8080%2Fbase%2Fnode_modules%2Fjasmine-core%2Flib%2Fjasmine-core%2Fjasmine.js%3F578a1e5ff14db21b04e2d6db7fd0eda37042440c%3A1801%0A%20%20%20%20at%20http%3A%2F%2Flocalhost%3A8080%2Fbase%2Fnode_modules%2Fjasmine-core%2Flib%2Fjasmine-core%2Fjasmine.js%3F578a1e5ff14db21b04e2d6db7fd0eda37042440c%3A1745%0A%20%20%20%20at%20http%3A%2F%2Flocalhost%3A8080%2Fbase%2Fnode_modules%2Fjasmine-core%2Flib%2Fjasmine-core%2Fjasmine.js%3F578a1e5ff14db21b04e2d6db7fd0eda37042440c%3A2348%0A%20%20%20%20at%20clearStack%20(http%3A%2F%2Flocalhost%3A8080%2Fbase%2Fnode_modules%2Fjasmine-core%2Flib%2Fjasmine-core%2Fjasmine.js%3F578a1e5ff14db21b04e2d6db7fd0eda37042440c%3A605)%0A%20%20%20%20at%20http%3A%2F%2Flocalhost%3A8080%2Fbase%2Fnode_modules%2Fjasmine-core%2Flib%2Fjasmine-core%2Fjasmine.js%3F578a1e5ff14db21b04e2d6db7fd0eda37042440c%3A1784%0A%20%20%20%20at%20http%3A%2F%2Flocalhost%3A8080%2Fbase%2Fnode_modules%2Fjasmine-core%2Flib%2Fjasmine-core%2Fjasmine.js%3F578a1e5ff14db21b04e2d6db7fd0eda37042440c%3A1762%0A%20%20%20%20at%20http%3A%2F%2Flocalhost%3A8080%2Fbase%2Fnode_modules%2Fjasmine-core%2Flib%2Fjasmine-core%2Fjasmine.js%3F578a1e5ff14db21b04e2d6db7fd0eda37042440c%3A627%0A%20%20%20%20at%20http%3A%2F%2Flocalhost%3A8080%2Fbase%2Fnode_modules%2Fjasmine-core%2Flib%2Fjasmine-core%2Fjasmine.js%3F578a1e5ff14db21b04e2d6db7fd0eda37042440c%3A2354%0A%20%20%20%20at%20attemptAsync%20(http%3A%2F%2Flocalhost%3A8080%2Fbase%2Fnode_modules%2Fjasmine-core%2Flib%2Fjasmine-core%2Fjasmine.js%3F578a1e5ff14db21b04e2d6db7fd0eda37042440c%3A1819)%0A%20%20%20%20at%20http%3A%2F%2Flocalhost%3A8080%2Fbase%2Fnode_modules%2Fjasmine-core%2Flib%2Fjasmine-core%2Fjasmine.js%3F578a1e5ff14db21b04e2d6db7fd0eda37042440c%3A1774%0A%20%20%20%20at%20http%3A%2F%2Flocalhost%3A8080%2Fbase%2Fnode_modules%2Fjasmine-core%2Flib%2Fjasmine-core%2Fjasmine.js%3F578a1e5ff14db21b04e2d6db7fd0eda37042440c%3A1801%0A%20%20%20%20at%20http%3A%2F%2Flocalhost%3A8080%2Fbase%2Fnode_modules%2Fjasmine-core%2Flib%2Fjasmine-core%2Fjasmine.js%3F578a1e5ff14db21b04e2d6db7fd0eda37042440c%3A1745%0A%20%20%20%20at%20http%3A%2F%2Flocalhost%3A8080%2Fbase%2Fnode_modules%2Fjasmine-core%2Flib%2Fjasmine-core%2Fjasmine.js%3F578a1e5ff14db21b04e2d6db7fd0eda37042440c%3A2348%0A%20%20%20%20at%20clearStack%20(http%3A%2F%2Flocalhost%3A8080%2Fbase%2Fnode_modules%2Fjasmine-core%2Flib%2Fjasmine-core%2Fjasmine.js%3F578a1e5ff14db21b04e2d6db7fd0eda37042440c%3A605)%0A%20%20%20%20at%20http%3A%2F%2Flocalhost%3A8080%2Fbase%2Fnode_modules%2Fjasmine-core%2Flib%2Fjasmine-core%2Fjasmine.js%3F578a1e5ff14db21b04e2d6db7fd0eda37042440c%3A1784%0A%20%20%20%20at%20http%3A%2F%2Flocalhost%3A8080%2Fbase%2Fnode_modules%2Fjasmine-core%2Flib%2Fjasmine-core%2Fjasmine.js%3F578a1e5ff14db21b04e2d6db7fd0eda37042440c%3A1762%0A%20%20%20%20at%20http%3A%2F%2Flocalhost%3A8080%2Fbase%2Fnode_modules%2Fjasmine-core%2Flib%2Fjasmine-core%2Fjasmine.js%3F578a1e5ff14db21b04e2d6db7fd0eda37042440c%3A627%0A%20%20%20%20at%20http%3A%2F%2Flocalhost%3A8080%2Fbase%2Fnode_modules%2Fjasmine-core%2Flib%2Fjasmine-core%2Fjasmine.js%3F578a1e5ff14db21b04e2d6db7fd0eda37042440c%3A2354%0A%20%20%20%20at%20attemptAsync%20(http%3A%2F%2Flocalhost%3A8080%2Fbase%2Fnode_modules%2Fjasmine-core%2Flib%2Fjasmine-core%2Fjasmine.js%3F578a1e5ff14db21b04e2d6db7fd0eda37042440c%3A1819)%0A%20%20%20%20at%20http%3A%2F%2Flocalhost%3A8080%2Fbase%2Fnode_modules%2Fjasmine-core%2Flib%2Fjasmine-core%2Fjasmine.js%3F578a1e5ff14db21b04e2d6db7fd0eda37042440c%3A1774%0A%20%20%20%20at%20http%3A%2F%2Flocalhost%3A8080%2Fbase%2Fnode_modules%2Fjasmine-core%2Flib%2Fjasmine-core%2Fjasmine.js%3F578a1e5ff14db21b04e2d6db7fd0eda37042440c%3A1801%0A%20%20%20%20at%20http%3A%2F%2Flocalhost%3A8080%2Fbase%2Fnode_modules%2Fjasmine-core%2Flib%2Fjasmine-core%2Fjasmine.js%3F578a1e5ff14db21b04e2d6db7fd0eda37042440c%3A1745%0A%20%20%20%20at%20http%3A%2F%2Flocalhost%3A8080%2Fbase%2Fnode_modules%2Fjasmine-core%2Flib%2Fjasmine-core%2Fjasmine.js%3F578a1e5ff14db21b04e2d6db7fd0eda37042440c%3A2348%0A%20%20%20%20at%20clearStack%20(http%3A%2F%2Flocalhost%3A8080%2Fbase%2Fnode_modules%2Fjasmine-core%2Flib%2Fjasmine-core%2Fjasmine.js%3F578a1e5ff14db21b04e2d6db7fd0eda37042440c%3A605)%0A%20%20%20%20at%20http%3A%2F%2Flocalhost%3A8080%2Fbase%2Fnode_modules%2Fjasmine-core%2Flib%2Fjasmine-core%2Fjasmine.js%3F578a1e5ff14db21b04e2d6db7fd0eda37042440c%3A1784%0A%20%20%20%20at%20http%3A%2F%2Flocalhost%3A8080%2Fbase%2Fnode_modules%2Fjasmine-core%2Flib%2Fjasmine-core%2Fjasmine.js%3F578a1e5ff14db21b04e2d6db7fd0eda37042440c%3A1762%0A%20%20%20%20at%20http%3A%2F%2Flocalhost%3A8080%2Fbase%2Fnode_modules%2Fjasmine-core%2Flib%2Fjasmine-core%2Fjasmine.js%3F578a1e5ff14db21b04e2d6db7fd0eda37042440c%3A627%0A%20%20%20%20at%20http%3A%2F%2Flocalhost%3A8080%2Fbase%2Fnode_modules%2Fjasmine-core%2Flib%2Fjasmine-core%2Fjasmine.js%3F578a1e5ff14db21b04e2d6db7fd0eda37042440c%3A2354%0A%20%20%20%20at%20attemptAsync%20(http%3A%2F%2Flocalhost%3A8080%2Fbase%2Fnode_modules%2Fjasmine-core%2Flib%2Fjasmine-core%2Fjasmine.js%3F578a1e5ff14db21b04e2d6db7fd0eda37042440c%3A1819)%0A%20%20%20%20at%20http%3A%2F%2Flocalhost%3A8080%2Fbase%2Fnode_modules%2Fjasmine-core%2Flib%2Fjasmine-core%2Fjasmine.js%3F578a1e5ff14db21b04e2d6db7fd0eda37042440c%3A1774%0A%20%20%20%20at%20http%3A%2F%2Flocalhost%3A8080%2Fbase%2Fnode_modules%2Fjasmine-core%2Flib%2Fjasmine-core%2Fjasmine.js%3F578a1e5ff14db21b04e2d6db7fd0eda37042440c%3A1801%0A%20%20%20%20at%20http%3A%2F%2Flocalhost%3A8080%2Fbase%2Fnode_modules%2Fjasmine-core%2Flib%2Fjasmine-core%2Fjasmine.js%3F578a1e5ff14db21b04e2d6db7fd0eda37042440c%3A1745%0A%20%20%20%20at%20http%3A%2F%2Flocalhost%3A8080%2Fbase%2Fnode_modules%2Fjasmine-core%2Flib%2Fjasmine-core%2Fjasmine.js%3F578a1e5ff14db21b04e2d6db7fd0eda37042440c%3A2348%0A%20%20%20%20at%20clearStack%20(http%3A%2F%2Flocalhost%3A8080%2Fbase%2Fnode_modules%2Fjasmine-core%2Flib%2Fjasmine-core%2Fjasmine.js%3F578a1e5ff14db21b04e2d6db7fd0eda37042440c%3A605)%0A%20%20%20%20at%20http%3A%2F%2Flocalhost%3A8080%2Fbase%2Fnode_modules%2Fjasmine-core%2Flib%2Fjasmine-core%2Fjasmine.js%3F578a1e5ff14db21b04e2d6db7fd0eda37042440c%3A1784%0A%20%20%20%20at%20http%3A%2F%2Flocalhost%3A8080%2Fbase%2Fnode_modules%2Fjasmine-core%2Flib%2Fjasmine-core%2Fjasmine.js%3F578a1e5ff14db21b04e2d6db7fd0eda37042440c%3A1762%0A%20%20%20%20at%20http%3A%2F%2Flocalhost%3A8080%2Fbase%2Fnode_modules%2Fjasmine-core%2Flib%2Fjasmine-core%2Fjasmine.js%3F578a1e5ff14db21b04e2d6db7fd0eda37042440c%3A627%0A%20%20%20%20at%20http%3A%2F%2Flocalhost%3A8080%2Fbase%2Fnode_modules%2Fjasmine-core%2Flib%2Fjasmine-core%2Fjasmine.js%3F578a1e5ff14db21b04e2d6db7fd0eda37042440c%3A2354%0A%20%20%20%20at%20attemptAsync%20(http%3A%2F%2Flocalhost%3A8080%2Fbase%2Fnode_modules%2Fjasmine-core%2Flib%2Fjasmine-core%2Fjasmine.js%3F578a1e5ff14db21b04e2d6db7fd0eda37042440c%3A1819)%0A%20%20%20%20at%20http%3A%2F%2Flocalhost%3A8080%2Fbase%2Fnode_modules%2Fjasmine-core%2Flib%2Fjasmine-core%2Fjasmine.js%3F578a1e5ff14db21b04e2d6db7fd0eda37042440c%3A1774%0A%20%20%20%20at%20http%3A%2F%2Flocalhost%3A8080%2Fbase%2Fnode_modules%2Fjasmine-core%2Flib%2Fjasmine-core%2Fjasmine.js%3F578a1e5ff14db21b04e2d6db7fd0eda37042440c%3A1801%0A%20%20%20%20at%20http%3A%2F%2Flocalhost%3A8080%2Fbase%2Fnode_modules%2Fjasmine-core%2Flib%2Fjasmine-core%2Fjasmine.js%3F578a1e5ff14db21b04e2d6db7fd0eda37042440c%3A1745%0A%20%20%20%20at%20http%3A%2F%2Flocalhost%3A8080%2Fbase%2Fnode_modules%2Fjasmine-core%2Flib%2Fjasmine-core%2Fjasmine.js%3F578a1e5ff14db21b04e2d6db7fd0eda37042440c%3A2348%0A%20%20%20%20at%20clearStack%20(http%3A%2F%2Flocalhost%3A8080%2Fbase%2Fnode_modules%2Fjasmine-core%2Flib%2Fjasmine-core%2Fjasmine.js%3F578a1e5ff14db21b04e2d6db7fd0eda37042440c%3A605)%0A%20%20%20%20at%20http%3A%2F%2Flocalhost%3A8080%2Fbase%2Fnode_modules%2Fjasmine-core%2Flib%2Fjasmine-core%2Fjasmine.js%3F578a1e5ff14db21b04e2d6db7fd0eda37042440c%3A1784%0A%20%20%20%20at%20http%3A%2F%2Flocalhost%3A8080%2Fbase%2Fnode_modules%2Fjasmine-core%2Flib%2Fjasmine-core%2Fjasmine.js%3F578a1e5ff14db21b04e2d6db7fd0eda37042440c%3A1762%0A%20%20%20%20at%20http%3A%2F%2Flocalhost%3A8080%2Fbase%2Fnode_modules%2Fjasmine-core%2Flib%2Fjasmine-core%2Fjasmine.js%3F578a1e5ff14db21b04e2d6db7fd0eda37042440c%3A627%0A%20%20%20%20at%20http%3A%2F%2Flocalhost%3A8080%2Fbase%2Fnode_modules%2Fjasmine-core%2Flib%2Fjasmine-core%2Fjasmine.js%3F578a1e5ff14db21b04e2d6db7fd0eda37042440c%3A2354%0A%20%20%20%20at%20attemptAsync%20(http%3A%2F%2Flocalhost%3A8080%2Fbase%2Fnode_modules%2Fjasmine-core%2Flib%2Fjasmine-core%2Fjasmine.js%3F578a1e5ff14db21b04e2d6db7fd0eda37042440c%3A1819)%0A%20%20%20%20at%20http%3A%2F%2Flocalhost%3A8080%2Fbase%2Fnode_modules%2Fjasmine-core%2Flib%2Fjasmine-core%2Fjasmine.js%3F578a1e5ff14db21b04e2d6db7fd0eda37042440c%3A1774%0A%20%20%20%20at%20http%3A%2F%2Flocalhost%3A8080%2Fbase%2Fnode_modules%2Fjasmine-core%2Flib%2Fjasmine-core%2Fjasmine.js%3F578a1e5ff14db21b04e2d6db7fd0eda37042440c%3A1762%0A%20%20%20%20at%20http%3A%2F%2Flocalhost%3A8080%2Fbase%2Fnode_modules%2Fjasmine-core%2Flib%2Fjasmine-core%2Fjasmine.js%3F578a1e5ff14db21b04e2d6db7fd0eda37042440c%3A627%0A%20%20%20%20at%20http%3A%2F%2Flocalhost%3A8080%2Fbase%2Fnode_modules%2Fjasmine-core%2Flib%2Fjasmine-core%2Fjasmine.js%3F578a1e5ff14db21b04e2d6db7fd0eda37042440c%3A2215%0A%20%20%20%20at%20http%3A%2F%2Flocalhost%3A8080%2Fbase%2Fnode_modules%2Fjasmine-core%2Flib%2Fjasmine-core%2Fjasmine.js%3F578a1e5ff14db21b04e2d6db7fd0eda37042440c%3A678%0A%20%20%20%20at%20http%3A%2F%2Flocalhost%3A8080%2Fbase%2Fnode_modules%2Fkarma-jasmine%2Flib%2Fadapter.js%3F0a69ad1fa10cc8be0a12b241227d3b834f82db4f%3A317%0A%20%20%20%20at%20http%3A%2F%2Flocalhost%3A8080%2Fkarma.js%3A185%0A%20%20%20%20at%20http%3A%2F%2Flocalhost%3A8080%2Fcontext.html%3A127
    at C:/dev/MedExplorer/src/client/app/vendor/angular/angular.js:4379
    at forEach (C:/dev/MedExplorer/src/client/app/vendor/angular/angular.js:336)
    at loadModules (C:/dev/MedExplorer/src/client/app/vendor/angular/angular.js:4381)
    at C:/dev/MedExplorer/src/client/app/vendor/angular/angular.js:4356
    at forEach (C:/dev/MedExplorer/src/client/app/vendor/angular/angular.js:336)
    at loadModules (C:/dev/MedExplorer/src/client/app/vendor/angular/angular.js:4381)
    at createInjector (C:/dev/MedExplorer/src/client/app/vendor/angular/angular.js:4265)
    at workFn (C:/dev/MedExplorer/src/client/app/vendor/angular-mocks/angular-mocks.js:2409)
http://errors.angularjs.org/1.4.1/$injector/modulerr?p0=MedExplorer&amp;p1=Error%3A%20%5B%24injector%3Amodulerr%5D%20Failed%20to%20instantiate%20module%20ui.bootstrap%20due%20to%3A%0AError%3A%20%5B%24injector%3Anomod%5D%20Module%20&apos;ui.bootstrap&apos;%20is%20not%20available!%20You%20either%20misspelled%20the%20module%20name%20or%20forgot%20to%20load%20it.%20If%20registering%20a%20module%20ensure%20that%20you%20specify%20the%20dependencies%20as%20the%20second%20argument.%0Ahttp%3A%2F%2Ferrors.angularjs.org%2F1.4.1%2F%24injector%2Fnomod%3Fp0%3Dui.bootstrap%0A%20%20%20%20at%20http%3A%2F%2Flocalhost%3A8080%2Fbase%2Fapp%2Fvendor%2Fangular%2Fangular.js%3F9d140432f81858ac1e7888708720d419d147ffa9%3A1951%0A%20%20%20%20at%20ensure%20(http%3A%2F%2Flocalhost%3A8080%2Fbase%2Fapp%2Fvendor%2Fangular%2Fangular.js%3F9d140432f81858ac1e7888708720d419d147ffa9%3A1873)%0A%20%20%20%20at%20module%20(http%3A%2F%2Flocalhost%3A8080%2Fbase%2Fapp%2Fvendor%2Fangular%2Fangular.js%3F9d140432f81858ac1e7888708720d419d147ffa9%3A2201)%0A%20%20%20%20at%20http%3A%2F%2Flocalhost%3A8080%2Fbase%2Fapp%2Fvendor%2Fangular%2Fangular.js%3F9d140432f81858ac1e7888708720d419d147ffa9%3A4355%0A%20%20%20%20at%20forEach%20(http%3A%2F%2Flocalhost%3A8080%2Fbase%2Fapp%2Fvendor%2Fangular%2Fangular.js%3F9d140432f81858ac1e7888708720d419d147ffa9%3A336)%0A%20%20%20%20at%20loadModules%20(http%3A%2F%2Flocalhost%3A8080%2Fbase%2Fapp%2Fvendor%2Fangular%2Fangular.js%3F9d140432f81858ac1e7888708720d419d147ffa9%3A4381)%0A%20%20%20%20at%20http%3A%2F%2Flocalhost%3A8080%2Fbase%2Fapp%2Fvendor%2Fangular%2Fangular.js%3F9d140432f81858ac1e7888708720d419d147ffa9%3A4356%0A%20%20%20%20at%20forEach%20(http%3A%2F%2Flocalhost%3A8080%2Fbase%2Fapp%2Fvendor%2Fangular%2Fangular.js%3F9d140432f81858ac1e7888708720d419d147ffa9%3A336)%0A%20%20%20%20at%20loadModules%20(http%3A%2F%2Flocalhost%3A8080%2Fbase%2Fapp%2Fvendor%2Fangular%2Fangular.js%3F9d140432f81858ac1e7888708720d419d147ffa9%3A4381)%0A%20%20%20%20at%20createInjector%20(http%3A%2F%2Flocalhost%3A8080%2Fbase%2Fapp%2Fvendor%2Fangular%2Fangular.js%3F9d140432f81858ac1e7888708720d419d147ffa9%3A4265)%0A%20%20%20%20at%20workFn%20(http%3A%2F%2Flocalhost%3A8080%2Fbase%2Fapp%2Fvendor%2Fangular-mocks%2Fangular-mocks.js%3F6fe041cc8bb7a17f894cb12d8b0d44b12644f10a%3A2409)%0A%20%20%20%20at%20attemptSync%20(http%3A%2F%2Flocalhost%3A8080%2Fbase%2Fnode_modules%2Fjasmine-core%2Flib%2Fjasmine-core%2Fjasmine.js%3F578a1e5ff14db21b04e2d6db7fd0eda37042440c%3A1789)%0A%20%20%20%20at%20http%3A%2F%2Flocalhost%3A8080%2Fbase%2Fnode_modules%2Fjasmine-core%2Flib%2Fjasmine-core%2Fjasmine.js%3F578a1e5ff14db21b04e2d6db7fd0eda37042440c%3A1777%0A%20%20%20%20at%20http%3A%2F%2Flocalhost%3A8080%2Fbase%2Fnode_modules%2Fjasmine-core%2Flib%2Fjasmine-core%2Fjasmine.js%3F578a1e5ff14db21b04e2d6db7fd0eda37042440c%3A1762%0A%20%20%20%20at%20http%3A%2F%2Flocalhost%3A8080%2Fbase%2Fnode_modules%2Fjasmine-core%2Flib%2Fjasmine-core%2Fjasmine.js%3F578a1e5ff14db21b04e2d6db7fd0eda37042440c%3A627%0A%20%20%20%20at%20http%3A%2F%2Flocalhost%3A8080%2Fbase%2Fnode_modules%2Fjasmine-core%2Flib%2Fjasmine-core%2Fjasmine.js%3F578a1e5ff14db21b04e2d6db7fd0eda37042440c%3A357%0A%20%20%20%20at%20http%3A%2F%2Flocalhost%3A8080%2Fbase%2Fnode_modules%2Fjasmine-core%2Flib%2Fjasmine-core%2Fjasmine.js%3F578a1e5ff14db21b04e2d6db7fd0eda37042440c%3A2360%0A%20%20%20%20at%20attemptAsync%20(http%3A%2F%2Flocalhost%3A8080%2Fbase%2Fnode_modules%2Fjasmine-core%2Flib%2Fjasmine-core%2Fjasmine.js%3F578a1e5ff14db21b04e2d6db7fd0eda37042440c%3A1819)%0A%20%20%20%20at%20http%3A%2F%2Flocalhost%3A8080%2Fbase%2Fnode_modules%2Fjasmine-core%2Flib%2Fjasmine-core%2Fjasmine.js%3F578a1e5ff14db21b04e2d6db7fd0eda37042440c%3A1774%0A%20%20%20%20at%20http%3A%2F%2Flocalhost%3A8080%2Fbase%2Fnode_modules%2Fjasmine-core%2Flib%2Fjasmine-core%2Fjasmine.js%3F578a1e5ff14db21b04e2d6db7fd0eda37042440c%3A1801%0A%20%20%20%20at%20http%3A%2F%2Flocalhost%3A8080%2Fbase%2Fnode_modules%2Fjasmine-core%2Flib%2Fjasmine-core%2Fjasmine.js%3F578a1e5ff14db21b04e2d6db7fd0eda37042440c%3A1745%0A%20%20%20%20at%20complete%20(http%3A%2F%2Flocalhost%3A8080%2Fbase%2Fnode_modules%2Fjasmine-core%2Flib%2Fjasmine-core%2Fjasmine.js%3F578a1e5ff14db21b04e2d6db7fd0eda37042440c%3A365)%0A%20%20%20%20at%20clearStack%20(http%3A%2F%2Flocalhost%3A8080%2Fbase%2Fnode_modules%2Fjasmine-core%2Flib%2Fjasmine-core%2Fjasmine.js%3F578a1e5ff14db21b04e2d6db7fd0eda37042440c%3A605)%0A%20%20%20%20at%20http%3A%2F%2Flocalhost%3A8080%2Fbase%2Fnode_modules%2Fjasmine-core%2Flib%2Fjasmine-core%2Fjasmine.js%3F578a1e5ff14db21b04e2d6db7fd0eda37042440c%3A1784%0A%20%20%20%20at%20http%3A%2F%2Flocalhost%3A8080%2Fbase%2Fnode_modules%2Fjasmine-core%2Flib%2Fjasmine-core%2Fjasmine.js%3F578a1e5ff14db21b04e2d6db7fd0eda37042440c%3A1762%0A%20%20%20%20at%20http%3A%2F%2Flocalhost%3A8080%2Fbase%2Fnode_modules%2Fjasmine-core%2Flib%2Fjasmine-core%2Fjasmine.js%3F578a1e5ff14db21b04e2d6db7fd0eda37042440c%3A627%0A%20%20%20%20at%20http%3A%2F%2Flocalhost%3A8080%2Fbase%2Fnode_modules%2Fjasmine-core%2Flib%2Fjasmine-core%2Fjasmine.js%3F578a1e5ff14db21b04e2d6db7fd0eda37042440c%3A357%0A%20%20%20%20at%20http%3A%2F%2Flocalhost%3A8080%2Fbase%2Fnode_modules%2Fjasmine-core%2Flib%2Fjasmine-core%2Fjasmine.js%3F578a1e5ff14db21b04e2d6db7fd0eda37042440c%3A2360%0A%20%20%20%20at%20attemptAsync%20(http%3A%2F%2Flocalhost%3A8080%2Fbase%2Fnode_modules%2Fjasmine-core%2Flib%2Fjasmine-core%2Fjasmine.js%3F578a1e5ff14db21b04e2d6db7fd0eda37042440c%3A1819)%0A%20%20%20%20at%20http%3A%2F%2Flocalhost%3A8080%2Fbase%2Fnode_modules%2Fjasmine-core%2Flib%2Fjasmine-core%2Fjasmine.js%3F578a1e5ff14db21b04e2d6db7fd0eda37042440c%3A1774%0A%20%20%20%20at%20http%3A%2F%2Flocalhost%3A8080%2Fbase%2Fnode_modules%2Fjasmine-core%2Flib%2Fjasmine-core%2Fjasmine.js%3F578a1e5ff14db21b04e2d6db7fd0eda37042440c%3A1801%0A%20%20%20%20at%20http%3A%2F%2Flocalhost%3A8080%2Fbase%2Fnode_modules%2Fjasmine-core%2Flib%2Fjasmine-core%2Fjasmine.js%3F578a1e5ff14db21b04e2d6db7fd0eda37042440c%3A1745%0A%20%20%20%20at%20complete%20(http%3A%2F%2Flocalhost%3A8080%2Fbase%2Fnode_modules%2Fjasmine-core%2Flib%2Fjasmine-core%2Fjasmine.js%3F578a1e5ff14db21b04e2d6db7fd0eda37042440c%3A365)%0A%20%20%20%20at%20clearStack%20(http%3A%2F%2Flocalhost%3A8080%2Fbase%2Fnode_modules%2Fjasmine-core%2Flib%2Fjasmine-core%2Fjasmine.js%3F578a1e5ff14db21b04e2d6db7fd0eda37042440c%3A605)%0A%20%20%20%20at%20http%3A%2F%2Flocalhost%3A8080%2Fbase%2Fnode_modules%2Fjasmine-core%2Flib%2Fjasmine-core%2Fjasmine.js%3F578a1e5ff14db21b04e2d6db7fd0eda37042440c%3A1784%0A%20%20%20%20at%20http%3A%2F%2Flocalhost%3A8080%2Fbase%2Fnode_modules%2Fjasmine-core%2Flib%2Fjasmine-core%2Fjasmine.js%3F578a1e5ff14db21b04e2d6db7fd0eda37042440c%3A1762%0A%20%20%20%20at%20http%3A%2F%2Flocalhost%3A8080%2Fbase%2Fnode_modules%2Fjasmine-core%2Flib%2Fjasmine-core%2Fjasmine.js%3F578a1e5ff14db21b04e2d6db7fd0eda37042440c%3A627%0A%20%20%20%20at%20http%3A%2F%2Flocalhost%3A8080%2Fbase%2Fnode_modules%2Fjasmine-core%2Flib%2Fjasmine-core%2Fjasmine.js%3F578a1e5ff14db21b04e2d6db7fd0eda37042440c%3A357%0A%20%20%20%20at%20http%3A%2F%2Flocalhost%3A8080%2Fbase%2Fnode_modules%2Fjasmine-core%2Flib%2Fjasmine-core%2Fjasmine.js%3F578a1e5ff14db21b04e2d6db7fd0eda37042440c%3A2360%0A%20%20%20%20at%20attemptAsync%20(http%3A%2F%2Flocalhost%3A8080%2Fbase%2Fnode_modules%2Fjasmine-core%2Flib%2Fjasmine-core%2Fjasmine.js%3F578a1e5ff14db21b04e2d6db7fd0eda37042440c%3A1819)%0A%20%20%20%20at%20http%3A%2F%2Flocalhost%3A8080%2Fbase%2Fnode_modules%2Fjasmine-core%2Flib%2Fjasmine-core%2Fjasmine.js%3F578a1e5ff14db21b04e2d6db7fd0eda37042440c%3A1774%0A%20%20%20%20at%20http%3A%2F%2Flocalhost%3A8080%2Fbase%2Fnode_modules%2Fjasmine-core%2Flib%2Fjasmine-core%2Fjasmine.js%3F578a1e5ff14db21b04e2d6db7fd0eda37042440c%3A1762%0A%20%20%20%20at%20http%3A%2F%2Flocalhost%3A8080%2Fbase%2Fnode_modules%2Fjasmine-core%2Flib%2Fjasmine-core%2Fjasmine.js%3F578a1e5ff14db21b04e2d6db7fd0eda37042440c%3A627%0A%20%20%20%20at%20http%3A%2F%2Flocalhost%3A8080%2Fbase%2Fnode_modules%2Fjasmine-core%2Flib%2Fjasmine-core%2Fjasmine.js%3F578a1e5ff14db21b04e2d6db7fd0eda37042440c%3A2354%0A%20%20%20%20at%20attemptAsync%20(http%3A%2F%2Flocalhost%3A8080%2Fbase%2Fnode_modules%2Fjasmine-core%2Flib%2Fjasmine-core%2Fjasmine.js%3F578a1e5ff14db21b04e2d6db7fd0eda37042440c%3A1819)%0A%20%20%20%20at%20http%3A%2F%2Flocalhost%3A8080%2Fbase%2Fnode_modules%2Fjasmine-core%2Flib%2Fjasmine-core%2Fjasmine.js%3F578a1e5ff14db21b04e2d6db7fd0eda37042440c%3A1774%0A%20%20%20%20at%20http%3A%2F%2Flocalhost%3A8080%2Fbase%2Fnode_modules%2Fjasmine-core%2Flib%2Fjasmine-core%2Fjasmine.js%3F578a1e5ff14db21b04e2d6db7fd0eda37042440c%3A1801%0A%20%20%20%20at%20http%3A%2F%2Flocalhost%3A8080%2Fbase%2Fnode_modules%2Fjasmine-core%2Flib%2Fjasmine-core%2Fjasmine.js%3F578a1e5ff14db21b04e2d6db7fd0eda37042440c%3A1745%0A%20%20%20%20at%20http%3A%2F%2Flocalhost%3A8080%2Fbase%2Fnode_modules%2Fjasmine-core%2Flib%2Fjasmine-core%2Fjasmine.js%3F578a1e5ff14db21b04e2d6db7fd0eda37042440c%3A2348%0A%20%20%20%20at%20clearStack%20(http%3A%2F%2Flocalhost%3A8080%2Fbase%2Fnode_modules%2Fjasmine-core%2Flib%2Fjasmine-core%2Fjasmine.js%3F578a1e5ff14db21b04e2d6db7fd0eda37042440c%3A605)%0A%20%20%20%20at%20http%3A%2F%2Flocalhost%3A8080%2Fbase%2Fnode_modules%2Fjasmine-core%2Flib%2Fjasmine-core%2Fjasmine.js%3F578a1e5ff14db21b04e2d6db7fd0eda37042440c%3A1784%0A%20%20%20%20at%20http%3A%2F%2Flocalhost%3A8080%2Fbase%2Fnode_modules%2Fjasmine-core%2Flib%2Fjasmine-core%2Fjasmine.js%3F578a1e5ff14db21b04e2d6db7fd0eda37042440c%3A1762%0A%20%20%20%20at%20http%3A%2F%2Flocalhost%3A8080%2Fbase%2Fnode_modules%2Fjasmine-core%2Flib%2Fjasmine-core%2Fjasmine.js%3F578a1e5ff14db21b04e2d6db7fd0eda37042440c%3A627%0A%20%20%20%20at%20http%3A%2F%2Flocalhost%3A8080%2Fbase%2Fnode_modules%2Fjasmine-core%2Flib%2Fjasmine-core%2Fjasmine.js%3F578a1e5ff14db21b04e2d6db7fd0eda37042440c%3A2354%0A%20%20%20%20at%20attemptAsync%20(http%3A%2F%2Flocalhost%3A8080%2Fbase%2Fnode_modules%2Fjasmine-core%2Flib%2Fjasmine-core%2Fjasmine.js%3F578a1e5ff14db21b04e2d6db7fd0eda37042440c%3A1819)%0A%20%20%20%20at%20http%3A%2F%2Flocalhost%3A8080%2Fbase%2Fnode_modules%2Fjasmine-core%2Flib%2Fjasmine-core%2Fjasmine.js%3F578a1e5ff14db21b04e2d6db7fd0eda37042440c%3A1774%0A%20%20%20%20at%20http%3A%2F%2Flocalhost%3A8080%2Fbase%2Fnode_modules%2Fjasmine-core%2Flib%2Fjasmine-core%2Fjasmine.js%3F578a1e5ff14db21b04e2d6db7fd0eda37042440c%3A1801%0A%20%20%20%20at%20http%3A%2F%2Flocalhost%3A8080%2Fbase%2Fnode_modules%2Fjasmine-core%2Flib%2Fjasmine-core%2Fjasmine.js%3F578a1e5ff14db21b04e2d6db7fd0eda37042440c%3A1745%0A%20%20%20%20at%20http%3A%2F%2Flocalhost%3A8080%2Fbase%2Fnode_modules%2Fjasmine-core%2Flib%2Fjasmine-core%2Fjasmine.js%3F578a1e5ff14db21b04e2d6db7fd0eda37042440c%3A2348%0A%20%20%20%20at%20clearStack%20(http%3A%2F%2Flocalhost%3A8080%2Fbase%2Fnode_modules%2Fjasmine-core%2Flib%2Fjasmine-core%2Fjasmine.js%3F578a1e5ff14db21b04e2d6db7fd0eda37042440c%3A605)%0A%20%20%20%20at%20http%3A%2F%2Flocalhost%3A8080%2Fbase%2Fnode_modules%2Fjasmine-core%2Flib%2Fjasmine-core%2Fjasmine.js%3F578a1e5ff14db21b04e2d6db7fd0eda37042440c%3A1784%0A%20%20%20%20at%20http%3A%2F%2Flocalhost%3A8080%2Fbase%2Fnode_modules%2Fjasmine-core%2Flib%2Fjasmine-core%2Fjasmine.js%3F578a1e5ff14db21b04e2d6db7fd0eda37042440c%3A1762%0A%20%20%20%20at%20http%3A%2F%2Flocalhost%3A8080%2Fbase%2Fnode_modules%2Fjasmine-core%2Flib%2Fjasmine-core%2Fjasmine.js%3F578a1e5ff14db21b04e2d6db7fd0eda37042440c%3A627%0A%20%20%20%20at%20http%3A%2F%2Flocalhost%3A8080%2Fbase%2Fnode_modules%2Fjasmine-core%2Flib%2Fjasmine-core%2Fjasmine.js%3F578a1e5ff14db21b04e2d6db7fd0eda37042440c%3A2354%0A%20%20%20%20at%20attemptAsync%20(http%3A%2F%2Flocalhost%3A8080%2Fbase%2Fnode_modules%2Fjasmine-core%2Flib%2Fjasmine-core%2Fjasmine.js%3F578a1e5ff14db21b04e2d6db7fd0eda37042440c%3A1819)%0A%20%20%20%20at%20http%3A%2F%2Flocalhost%3A8080%2Fbase%2Fnode_modules%2Fjasmine-core%2Flib%2Fjasmine-core%2Fjasmine.js%3F578a1e5ff14db21b04e2d6db7fd0eda37042440c%3A1774%0A%20%20%20%20at%20http%3A%2F%2Flocalhost%3A8080%2Fbase%2Fnode_modules%2Fjasmine-core%2Flib%2Fjasmine-core%2Fjasmine.js%3F578a1e5ff14db21b04e2d6db7fd0eda37042440c%3A1801%0A%20%20%20%20at%20http%3A%2F%2Flocalhost%3A8080%2Fbase%2Fnode_modules%2Fjasmine-core%2Flib%2Fjasmine-core%2Fjasmine.js%3F578a1e5ff14db21b04e2d6db7fd0eda37042440c%3A1745%0A%20%20%20%20at%20http%3A%2F%2Flocalhost%3A8080%2Fbase%2Fnode_modules%2Fjasmine-core%2Flib%2Fjasmine-core%2Fjasmine.js%3F578a1e5ff14db21b04e2d6db7fd0eda37042440c%3A2348%0A%20%20%20%20at%20clearStack%20(http%3A%2F%2Flocalhost%3A8080%2Fbase%2Fnode_modules%2Fjasmine-core%2Flib%2Fjasmine-core%2Fjasmine.js%3F578a1e5ff14db21b04e2d6db7fd0eda37042440c%3A605)%0A%20%20%20%20at%20http%3A%2F%2Flocalhost%3A8080%2Fbase%2Fnode_modules%2Fjasmine-core%2Flib%2Fjasmine-core%2Fjasmine.js%3F578a1e5ff14db21b04e2d6db7fd0eda37042440c%3A1784%0A%20%20%20%20at%20http%3A%2F%2Flocalhost%3A8080%2Fbase%2Fnode_modules%2Fjasmine-core%2Flib%2Fjasmine-core%2Fjasmine.js%3F578a1e5ff14db21b04e2d6db7fd0eda37042440c%3A1801%0A%20%20%20%20at%20http%3A%2F%2Flocalhost%3A8080%2Fbase%2Fnode_modules%2Fjasmine-core%2Flib%2Fjasmine-core%2Fjasmine.js%3F578a1e5ff14db21b04e2d6db7fd0eda37042440c%3A1745%0A%20%20%20%20at%20complete%20(http%3A%2F%2Flocalhost%3A8080%2Fbase%2Fnode_modules%2Fjasmine-core%2Flib%2Fjasmine-core%2Fjasmine.js%3F578a1e5ff14db21b04e2d6db7fd0eda37042440c%3A365)%0A%20%20%20%20at%20clearStack%20(http%3A%2F%2Flocalhost%3A8080%2Fbase%2Fnode_modules%2Fjasmine-core%2Flib%2Fjasmine-core%2Fjasmine.js%3F578a1e5ff14db21b04e2d6db7fd0eda37042440c%3A605)%0A%20%20%20%20at%20http%3A%2F%2Flocalhost%3A8080%2Fbase%2Fnode_modules%2Fjasmine-core%2Flib%2Fjasmine-core%2Fjasmine.js%3F578a1e5ff14db21b04e2d6db7fd0eda37042440c%3A1784%0A%20%20%20%20at%20http%3A%2F%2Flocalhost%3A8080%2Fbase%2Fnode_modules%2Fjasmine-core%2Flib%2Fjasmine-core%2Fjasmine.js%3F578a1e5ff14db21b04e2d6db7fd0eda37042440c%3A1762%0A%20%20%20%20at%20http%3A%2F%2Flocalhost%3A8080%2Fbase%2Fnode_modules%2Fjasmine-core%2Flib%2Fjasmine-core%2Fjasmine.js%3F578a1e5ff14db21b04e2d6db7fd0eda37042440c%3A627%0A%20%20%20%20at%20http%3A%2F%2Flocalhost%3A8080%2Fbase%2Fnode_modules%2Fjasmine-core%2Flib%2Fjasmine-core%2Fjasmine.js%3F578a1e5ff14db21b04e2d6db7fd0eda37042440c%3A357%0A%20%20%20%20at%20http%3A%2F%2Flocalhost%3A8080%2Fbase%2Fnode_modules%2Fjasmine-core%2Flib%2Fjasmine-core%2Fjasmine.js%3F578a1e5ff14db21b04e2d6db7fd0eda37042440c%3A2360%0A%20%20%20%20at%20attemptAsync%20(http%3A%2F%2Flocalhost%3A8080%2Fbase%2Fnode_modules%2Fjasmine-core%2Flib%2Fjasmine-core%2Fjasmine.js%3F578a1e5ff14db21b04e2d6db7fd0eda37042440c%3A1819)%0A%20%20%20%20at%20http%3A%2F%2Flocalhost%3A8080%2Fbase%2Fnode_modules%2Fjasmine-core%2Flib%2Fjasmine-core%2Fjasmine.js%3F578a1e5ff14db21b04e2d6db7fd0eda37042440c%3A1774%0A%20%20%20%20at%20http%3A%2F%2Flocalhost%3A8080%2Fbase%2Fnode_modules%2Fjasmine-core%2Flib%2Fjasmine-core%2Fjasmine.js%3F578a1e5ff14db21b04e2d6db7fd0eda37042440c%3A1801%0A%20%20%20%20at%20http%3A%2F%2Flocalhost%3A8080%2Fbase%2Fnode_modules%2Fjasmine-core%2Flib%2Fjasmine-core%2Fjasmine.js%3F578a1e5ff14db21b04e2d6db7fd0eda37042440c%3A1745%0A%20%20%20%20at%20complete%20(http%3A%2F%2Flocalhost%3A8080%2Fbase%2Fnode_modules%2Fjasmine-core%2Flib%2Fjasmine-core%2Fjasmine.js%3F578a1e5ff14db21b04e2d6db7fd0eda37042440c%3A365)%0A%20%20%20%20at%20clearStack%20(http%3A%2F%2Flocalhost%3A8080%2Fbase%2Fnode_modules%2Fjasmine-core%2Flib%2Fjasmine-core%2Fjasmine.js%3F578a1e5ff14db21b04e2d6db7fd0eda37042440c%3A605)%0A%20%20%20%20at%20http%3A%2F%2Flocalhost%3A8080%2Fbase%2Fnode_modules%2Fjasmine-core%2Flib%2Fjasmine-core%2Fjasmine.js%3F578a1e5ff14db21b04e2d6db7fd0eda37042440c%3A1784%0A%20%20%20%20at%20http%3A%2F%2Flocalhost%3A8080%2Fbase%2Fnode_modules%2Fjasmine-core%2Flib%2Fjasmine-core%2Fjasmine.js%3F578a1e5ff14db21b04e2d6db7fd0eda37042440c%3A1762%0A%20%20%20%20at%20http%3A%2F%2Flocalhost%3A8080%2Fbase%2Fnode_modules%2Fjasmine-core%2Flib%2Fjasmine-core%2Fjasmine.js%3F578a1e5ff14db21b04e2d6db7fd0eda37042440c%3A627%0A%20%20%20%20at%20http%3A%2F%2Flocalhost%3A8080%2Fbase%2Fnode_modules%2Fjasmine-core%2Flib%2Fjasmine-core%2Fjasmine.js%3F578a1e5ff14db21b04e2d6db7fd0eda37042440c%3A357%0A%20%20%20%20at%20http%3A%2F%2Flocalhost%3A8080%2Fbase%2Fnode_modules%2Fjasmine-core%2Flib%2Fjasmine-core%2Fjasmine.js%3F578a1e5ff14db21b04e2d6db7fd0eda37042440c%3A2360%0A%20%20%20%20at%20attemptAsync%20(http%3A%2F%2Flocalhost%3A8080%2Fbase%2Fnode_modules%2Fjasmine-core%2Flib%2Fjasmine-core%2Fjasmine.js%3F578a1e5ff14db21b04e2d6db7fd0eda37042440c%3A1819)%0A%20%20%20%20at%20http%3A%2F%2Flocalhost%3A8080%2Fbase%2Fnode_modules%2Fjasmine-core%2Flib%2Fjasmine-core%2Fjasmine.js%3F578a1e5ff14db21b04e2d6db7fd0eda37042440c%3A1774%0A%20%20%20%20at%20http%3A%2F%2Flocalhost%3A8080%2Fbase%2Fnode_modules%2Fjasmine-core%2Flib%2Fjasmine-core%2Fjasmine.js%3F578a1e5ff14db21b04e2d6db7fd0eda37042440c%3A1762%0A%20%20%20%20at%20http%3A%2F%2Flocalhost%3A8080%2Fbase%2Fnode_modules%2Fjasmine-core%2Flib%2Fjasmine-core%2Fjasmine.js%3F578a1e5ff14db21b04e2d6db7fd0eda37042440c%3A627%0A%20%20%20%20at%20http%3A%2F%2Flocalhost%3A8080%2Fbase%2Fnode_modules%2Fjasmine-core%2Flib%2Fjasmine-core%2Fjasmine.js%3F578a1e5ff14db21b04e2d6db7fd0eda37042440c%3A2354%0A%20%20%20%20at%20attemptAsync%20(http%3A%2F%2Flocalhost%3A8080%2Fbase%2Fnode_modules%2Fjasmine-core%2Flib%2Fjasmine-core%2Fjasmine.js%3F578a1e5ff14db21b04e2d6db7fd0eda37042440c%3A1819)%0A%20%20%20%20at%20http%3A%2F%2Flocalhost%3A8080%2Fbase%2Fnode_modules%2Fjasmine-core%2Flib%2Fjasmine-core%2Fjasmine.js%3F578a1e5ff14db21b04e2d6db7fd0eda37042440c%3A1774%0A%20%20%20%20at%20http%3A%2F%2Flocalhost%3A8080%2Fbase%2Fnode_modules%2Fjasmine-core%2Flib%2Fjasmine-core%2Fjasmine.js%3F578a1e5ff14db21b04e2d6db7fd0eda37042440c%3A1801%0A%20%20%20%20at%20http%3A%2F%2Flocalhost%3A8080%2Fbase%2Fnode_modules%2Fjasmine-core%2Flib%2Fjasmine-core%2Fjasmine.js%3F578a1e5ff14db21b04e2d6db7fd0eda37042440c%3A1745%0A%20%20%20%20at%20http%3A%2F%2Flocalhost%3A8080%2Fbase%2Fnode_modules%2Fjasmine-core%2Flib%2Fjasmine-core%2Fjasmine.js%3F578a1e5ff14db21b04e2d6db7fd0eda37042440c%3A2348%0A%20%20%20%20at%20clearStack%20(http%3A%2F%2Flocalhost%3A8080%2Fbase%2Fnode_modules%2Fjasmine-core%2Flib%2Fjasmine-core%2Fjasmine.js%3F578a1e5ff14db21b04e2d6db7fd0eda37042440c%3A605)%0A%20%20%20%20at%20http%3A%2F%2Flocalhost%3A8080%2Fbase%2Fnode_modules%2Fjasmine-core%2Flib%2Fjasmine-core%2Fjasmine.js%3F578a1e5ff14db21b04e2d6db7fd0eda37042440c%3A1784%0A%20%20%20%20at%20http%3A%2F%2Flocalhost%3A8080%2Fbase%2Fnode_modules%2Fjasmine-core%2Flib%2Fjasmine-core%2Fjasmine.js%3F578a1e5ff14db21b04e2d6db7fd0eda37042440c%3A1762%0A%20%20%20%20at%20http%3A%2F%2Flocalhost%3A8080%2Fbase%2Fnode_modules%2Fjasmine-core%2Flib%2Fjasmine-core%2Fjasmine.js%3F578a1e5ff14db21b04e2d6db7fd0eda37042440c%3A627%0A%20%20%20%20at%20http%3A%2F%2Flocalhost%3A8080%2Fbase%2Fnode_modules%2Fjasmine-core%2Flib%2Fjasmine-core%2Fjasmine.js%3F578a1e5ff14db21b04e2d6db7fd0eda37042440c%3A2354%0A%20%20%20%20at%20attemptAsync%20(http%3A%2F%2Flocalhost%3A8080%2Fbase%2Fnode_modules%2Fjasmine-core%2Flib%2Fjasmine-core%2Fjasmine.js%3F578a1e5ff14db21b04e2d6db7fd0eda37042440c%3A1819)%0A%20%20%20%20at%20http%3A%2F%2Flocalhost%3A8080%2Fbase%2Fnode_modules%2Fjasmine-core%2Flib%2Fjasmine-core%2Fjasmine.js%3F578a1e5ff14db21b04e2d6db7fd0eda37042440c%3A1774%0A%20%20%20%20at%20http%3A%2F%2Flocalhost%3A8080%2Fbase%2Fnode_modules%2Fjasmine-core%2Flib%2Fjasmine-core%2Fjasmine.js%3F578a1e5ff14db21b04e2d6db7fd0eda37042440c%3A1801%0A%20%20%20%20at%20http%3A%2F%2Flocalhost%3A8080%2Fbase%2Fnode_modules%2Fjasmine-core%2Flib%2Fjasmine-core%2Fjasmine.js%3F578a1e5ff14db21b04e2d6db7fd0eda37042440c%3A1745%0A%20%20%20%20at%20http%3A%2F%2Flocalhost%3A8080%2Fbase%2Fnode_modules%2Fjasmine-core%2Flib%2Fjasmine-core%2Fjasmine.js%3F578a1e5ff14db21b04e2d6db7fd0eda37042440c%3A2348%0A%20%20%20%20at%20clearStack%20(http%3A%2F%2Flocalhost%3A8080%2Fbase%2Fnode_modules%2Fjasmine-core%2Flib%2Fjasmine-core%2Fjasmine.js%3F578a1e5ff14db21b04e2d6db7fd0eda37042440c%3A605)%0A%20%20%20%20at%20http%3A%2F%2Flocalhost%3A8080%2Fbase%2Fnode_modules%2Fjasmine-core%2Flib%2Fjasmine-core%2Fjasmine.js%3F578a1e5ff14db21b04e2d6db7fd0eda37042440c%3A1784%0A%20%20%20%20at%20http%3A%2F%2Flocalhost%3A8080%2Fbase%2Fnode_modules%2Fjasmine-core%2Flib%2Fjasmine-core%2Fjasmine.js%3F578a1e5ff14db21b04e2d6db7fd0eda37042440c%3A1762%0A%20%20%20%20at%20http%3A%2F%2Flocalhost%3A8080%2Fbase%2Fnode_modules%2Fjasmine-core%2Flib%2Fjasmine-core%2Fjasmine.js%3F578a1e5ff14db21b04e2d6db7fd0eda37042440c%3A627%0A%20%20%20%20at%20http%3A%2F%2Flocalhost%3A8080%2Fbase%2Fnode_modules%2Fjasmine-core%2Flib%2Fjasmine-core%2Fjasmine.js%3F578a1e5ff14db21b04e2d6db7fd0eda37042440c%3A2354%0A%20%20%20%20at%20attemptAsync%20(http%3A%2F%2Flocalhost%3A8080%2Fbase%2Fnode_modules%2Fjasmine-core%2Flib%2Fjasmine-core%2Fjasmine.js%3F578a1e5ff14db21b04e2d6db7fd0eda37042440c%3A1819)%0A%20%20%20%20at%20http%3A%2F%2Flocalhost%3A8080%2Fbase%2Fnode_modules%2Fjasmine-core%2Flib%2Fjasmine-core%2Fjasmine.js%3F578a1e5ff14db21b04e2d6db7fd0eda37042440c%3A1774%0A%20%20%20%20at%20http%3A%2F%2Flocalhost%3A8080%2Fbase%2Fnode_modules%2Fjasmine-core%2Flib%2Fjasmine-core%2Fjasmine.js%3F578a1e5ff14db21b04e2d6db7fd0eda37042440c%3A1801%0A%20%20%20%20at%20http%3A%2F%2Flocalhost%3A8080%2Fbase%2Fnode_modules%2Fjasmine-core%2Flib%2Fjasmine-core%2Fjasmine.js%3F578a1e5ff14db21b04e2d6db7fd0eda37042440c%3A1745%0A%20%20%20%20at%20http%3A%2F%2Flocalhost%3A8080%2Fbase%2Fnode_modules%2Fjasmine-core%2Flib%2Fjasmine-core%2Fjasmine.js%3F578a1e5ff14db21b04e2d6db7fd0eda37042440c%3A2348%0A%20%20%20%20at%20clearStack%20(http%3A%2F%2Flocalhost%3A8080%2Fbase%2Fnode_modules%2Fjasmine-core%2Flib%2Fjasmine-core%2Fjasmine.js%3F578a1e5ff14db21b04e2d6db7fd0eda37042440c%3A605)%0A%20%20%20%20at%20http%3A%2F%2Flocalhost%3A8080%2Fbase%2Fnode_modules%2Fjasmine-core%2Flib%2Fjasmine-core%2Fjasmine.js%3F578a1e5ff14db21b04e2d6db7fd0eda37042440c%3A1784%0A%20%20%20%20at%20http%3A%2F%2Flocalhost%3A8080%2Fbase%2Fnode_modules%2Fjasmine-core%2Flib%2Fjasmine-core%2Fjasmine.js%3F578a1e5ff14db21b04e2d6db7fd0eda37042440c%3A1762%0A%20%20%20%20at%20http%3A%2F%2Flocalhost%3A8080%2Fbase%2Fnode_modules%2Fjasmine-core%2Flib%2Fjasmine-core%2Fjasmine.js%3F578a1e5ff14db21b04e2d6db7fd0eda37042440c%3A627%0A%20%20%20%20at%20http%3A%2F%2Flocalhost%3A8080%2Fbase%2Fnode_modules%2Fjasmine-core%2Flib%2Fjasmine-core%2Fjasmine.js%3F578a1e5ff14db21b04e2d6db7fd0eda37042440c%3A2354%0A%20%20%20%20at%20attemptAsync%20(http%3A%2F%2Flocalhost%3A8080%2Fbase%2Fnode_modules%2Fjasmine-core%2Flib%2Fjasmine-core%2Fjasmine.js%3F578a1e5ff14db21b04e2d6db7fd0eda37042440c%3A1819)%0A%20%20%20%20at%20http%3A%2F%2Flocalhost%3A8080%2Fbase%2Fnode_modules%2Fjasmine-core%2Flib%2Fjasmine-core%2Fjasmine.js%3F578a1e5ff14db21b04e2d6db7fd0eda37042440c%3A1774%0A%20%20%20%20at%20http%3A%2F%2Flocalhost%3A8080%2Fbase%2Fnode_modules%2Fjasmine-core%2Flib%2Fjasmine-core%2Fjasmine.js%3F578a1e5ff14db21b04e2d6db7fd0eda37042440c%3A1801%0A%20%20%20%20at%20http%3A%2F%2Flocalhost%3A8080%2Fbase%2Fnode_modules%2Fjasmine-core%2Flib%2Fjasmine-core%2Fjasmine.js%3F578a1e5ff14db21b04e2d6db7fd0eda37042440c%3A1745%0A%20%20%20%20at%20http%3A%2F%2Flocalhost%3A8080%2Fbase%2Fnode_modules%2Fjasmine-core%2Flib%2Fjasmine-core%2Fjasmine.js%3F578a1e5ff14db21b04e2d6db7fd0eda37042440c%3A2348%0A%20%20%20%20at%20clearStack%20(http%3A%2F%2Flocalhost%3A8080%2Fbase%2Fnode_modules%2Fjasmine-core%2Flib%2Fjasmine-core%2Fjasmine.js%3F578a1e5ff14db21b04e2d6db7fd0eda37042440c%3A605)%0A%20%20%20%20at%20http%3A%2F%2Flocalhost%3A8080%2Fbase%2Fnode_modules%2Fjasmine-core%2Flib%2Fjasmine-core%2Fjasmine.js%3F578a1e5ff14db21b04e2d6db7fd0eda37042440c%3A1784%0A%20%20%20%20at%20http%3A%2F%2Flocalhost%3A8080%2Fbase%2Fnode_modules%2Fjasmine-core%2Flib%2Fjasmine-core%2Fjasmine.js%3F578a1e5ff14db21b04e2d6db7fd0eda37042440c%3A1762%0A%20%20%20%20at%20http%3A%2F%2Flocalhost%3A8080%2Fbase%2Fnode_modules%2Fjasmine-core%2Flib%2Fjasmine-core%2Fjasmine.js%3F578a1e5ff14db21b04e2d6db7fd0eda37042440c%3A627%0A%20%20%20%20at%20http%3A%2F%2Flocalhost%3A8080%2Fbase%2Fnode_modules%2Fjasmine-core%2Flib%2Fjasmine-core%2Fjasmine.js%3F578a1e5ff14db21b04e2d6db7fd0eda37042440c%3A2354%0A%20%20%20%20at%20attemptAsync%20(http%3A%2F%2Flocalhost%3A8080%2Fbase%2Fnode_modules%2Fjasmine-core%2Flib%2Fjasmine-core%2Fjasmine.js%3F578a1e5ff14db21b04e2d6db7fd0eda37042440c%3A1819)%0A%20%20%20%20at%20http%3A%2F%2Flocalhost%3A8080%2Fbase%2Fnode_modules%2Fjasmine-core%2Flib%2Fjasmine-core%2Fjasmine.js%3F578a1e5ff14db21b04e2d6db7fd0eda37042440c%3A1774%0A%20%20%20%20at%20http%3A%2F%2Flocalhost%3A8080%2Fbase%2Fnode_modules%2Fjasmine-core%2Flib%2Fjasmine-core%2Fjasmine.js%3F578a1e5ff14db21b04e2d6db7fd0eda37042440c%3A1801%0A%20%20%20%20at%20http%3A%2F%2Flocalhost%3A8080%2Fbase%2Fnode_modules%2Fjasmine-core%2Flib%2Fjasmine-core%2Fjasmine.js%3F578a1e5ff14db21b04e2d6db7fd0eda37042440c%3A1745%0A%20%20%20%20at%20http%3A%2F%2Flocalhost%3A8080%2Fbase%2Fnode_modules%2Fjasmine-core%2Flib%2Fjasmine-core%2Fjasmine.js%3F578a1e5ff14db21b04e2d6db7fd0eda37042440c%3A2348%0A%20%20%20%20at%20clearStack%20(http%3A%2F%2Flocalhost%3A8080%2Fbase%2Fnode_modules%2Fjasmine-core%2Flib%2Fjasmine-core%2Fjasmine.js%3F578a1e5ff14db21b04e2d6db7fd0eda37042440c%3A605)%0A%20%20%20%20at%20http%3A%2F%2Flocalhost%3A8080%2Fbase%2Fnode_modules%2Fjasmine-core%2Flib%2Fjasmine-core%2Fjasmine.js%3F578a1e5ff14db21b04e2d6db7fd0eda37042440c%3A1784%0A%20%20%20%20at%20http%3A%2F%2Flocalhost%3A8080%2Fbase%2Fnode_modules%2Fjasmine-core%2Flib%2Fjasmine-core%2Fjasmine.js%3F578a1e5ff14db21b04e2d6db7fd0eda37042440c%3A1762%0A%20%20%20%20at%20http%3A%2F%2Flocalhost%3A8080%2Fbase%2Fnode_modules%2Fjasmine-core%2Flib%2Fjasmine-core%2Fjasmine.js%3F578a1e5ff14db21b04e2d6db7fd0eda37042440c%3A627%0A%20%20%20%20at%20http%3A%2F%2Flocalhost%3A8080%2Fbase%2Fnode_modules%2Fjasmine-core%2Flib%2Fjasmine-core%2Fjasmine.js%3F578a1e5ff14db21b04e2d6db7fd0eda37042440c%3A2354%0A%20%20%20%20at%20attemptAsync%20(http%3A%2F%2Flocalhost%3A8080%2Fbase%2Fnode_modules%2Fjasmine-core%2Flib%2Fjasmine-core%2Fjasmine.js%3F578a1e5ff14db21b04e2d6db7fd0eda37042440c%3A1819)%0A%20%20%20%20at%20http%3A%2F%2Flocalhost%3A8080%2Fbase%2Fnode_modules%2Fjasmine-core%2Flib%2Fjasmine-core%2Fjasmine.js%3F578a1e5ff14db21b04e2d6db7fd0eda37042440c%3A1774%0A%20%20%20%20at%20http%3A%2F%2Flocalhost%3A8080%2Fbase%2Fnode_modules%2Fjasmine-core%2Flib%2Fjasmine-core%2Fjasmine.js%3F578a1e5ff14db21b04e2d6db7fd0eda37042440c%3A1801%0A%20%20%20%20at%20http%3A%2F%2Flocalhost%3A8080%2Fbase%2Fnode_modules%2Fjasmine-core%2Flib%2Fjasmine-core%2Fjasmine.js%3F578a1e5ff14db21b04e2d6db7fd0eda37042440c%3A1745%0A%20%20%20%20at%20http%3A%2F%2Flocalhost%3A8080%2Fbase%2Fnode_modules%2Fjasmine-core%2Flib%2Fjasmine-core%2Fjasmine.js%3F578a1e5ff14db21b04e2d6db7fd0eda37042440c%3A2348%0A%20%20%20%20at%20clearStack%20(http%3A%2F%2Flocalhost%3A8080%2Fbase%2Fnode_modules%2Fjasmine-core%2Flib%2Fjasmine-core%2Fjasmine.js%3F578a1e5ff14db21b04e2d6db7fd0eda37042440c%3A605)%0A%20%20%20%20at%20http%3A%2F%2Flocalhost%3A8080%2Fbase%2Fnode_modules%2Fjasmine-core%2Flib%2Fjasmine-core%2Fjasmine.js%3F578a1e5ff14db21b04e2d6db7fd0eda37042440c%3A1784%0A%20%20%20%20at%20http%3A%2F%2Flocalhost%3A8080%2Fbase%2Fnode_modules%2Fjasmine-core%2Flib%2Fjasmine-core%2Fjasmine.js%3F578a1e5ff14db21b04e2d6db7fd0eda37042440c%3A1762%0A%20%20%20%20at%20http%3A%2F%2Flocalhost%3A8080%2Fbase%2Fnode_modules%2Fjasmine-core%2Flib%2Fjasmine-core%2Fjasmine.js%3F578a1e5ff14db21b04e2d6db7fd0eda37042440c%3A627%0A%20%20%20%20at%20http%3A%2F%2Flocalhost%3A8080%2Fbase%2Fnode_modules%2Fjasmine-core%2Flib%2Fjasmine-core%2Fjasmine.js%3F578a1e5ff14db21b04e2d6db7fd0eda37042440c%3A2354%0A%20%20%20%20at%20attemptAsync%20(http%3A%2F%2Flocalhost%3A8080%2Fbase%2Fnode_modules%2Fjasmine-core%2Flib%2Fjasmine-core%2Fjasmine.js%3F578a1e5ff14db21b04e2d6db7fd0eda37042440c%3A1819)%0A%20%20%20%20at%20http%3A%2F%2Flocalhost%3A8080%2Fbase%2Fnode_modules%2Fjasmine-core%2Flib%2Fjasmine-core%2Fjasmine.js%3F578a1e5ff14db21b04e2d6db7fd0eda37042440c%3A1774%0A%20%20%20%20at%20http%3A%2F%2Flocalhost%3A8080%2Fbase%2Fnode_modules%2Fjasmine-core%2Flib%2Fjasmine-core%2Fjasmine.js%3F578a1e5ff14db21b04e2d6db7fd0eda37042440c%3A1801%0A%20%20%20%20at%20http%3A%2F%2Flocalhost%3A8080%2Fbase%2Fnode_modules%2Fjasmine-core%2Flib%2Fjasmine-core%2Fjasmine.js%3F578a1e5ff14db21b04e2d6db7fd0eda37042440c%3A1745%0A%20%20%20%20at%20http%3A%2F%2Flocalhost%3A8080%2Fbase%2Fnode_modules%2Fjasmine-core%2Flib%2Fjasmine-core%2Fjasmine.js%3F578a1e5ff14db21b04e2d6db7fd0eda37042440c%3A2348%0A%20%20%20%20at%20clearStack%20(http%3A%2F%2Flocalhost%3A8080%2Fbase%2Fnode_modules%2Fjasmine-core%2Flib%2Fjasmine-core%2Fjasmine.js%3F578a1e5ff14db21b04e2d6db7fd0eda37042440c%3A605)%0A%20%20%20%20at%20http%3A%2F%2Flocalhost%3A8080%2Fbase%2Fnode_modules%2Fjasmine-core%2Flib%2Fjasmine-core%2Fjasmine.js%3F578a1e5ff14db21b04e2d6db7fd0eda37042440c%3A1784%0A%20%20%20%20at%20http%3A%2F%2Flocalhost%3A8080%2Fbase%2Fnode_modules%2Fjasmine-core%2Flib%2Fjasmine-core%2Fjasmine.js%3F578a1e5ff14db21b04e2d6db7fd0eda37042440c%3A1762%0A%20%20%20%20at%20http%3A%2F%2Flocalhost%3A8080%2Fbase%2Fnode_modules%2Fjasmine-core%2Flib%2Fjasmine-core%2Fjasmine.js%3F578a1e5ff14db21b04e2d6db7fd0eda37042440c%3A627%0A%20%20%20%20at%20http%3A%2F%2Flocalhost%3A8080%2Fbase%2Fnode_modules%2Fjasmine-core%2Flib%2Fjasmine-core%2Fjasmine.js%3F578a1e5ff14db21b04e2d6db7fd0eda37042440c%3A2354%0A%20%20%20%20at%20attemptAsync%20(http%3A%2F%2Flocalhost%3A8080%2Fbase%2Fnode_modules%2Fjasmine-core%2Flib%2Fjasmine-core%2Fjasmine.js%3F578a1e5ff14db21b04e2d6db7fd0eda37042440c%3A1819)%0A%20%20%20%20at%20http%3A%2F%2Flocalhost%3A8080%2Fbase%2Fnode_modules%2Fjasmine-core%2Flib%2Fjasmine-core%2Fjasmine.js%3F578a1e5ff14db21b04e2d6db7fd0eda37042440c%3A1774%0A%20%20%20%20at%20http%3A%2F%2Flocalhost%3A8080%2Fbase%2Fnode_modules%2Fjasmine-core%2Flib%2Fjasmine-core%2Fjasmine.js%3F578a1e5ff14db21b04e2d6db7fd0eda37042440c%3A1762%0A%20%20%20%20at%20http%3A%2F%2Flocalhost%3A8080%2Fbase%2Fnode_modules%2Fjasmine-core%2Flib%2Fjasmine-core%2Fjasmine.js%3F578a1e5ff14db21b04e2d6db7fd0eda37042440c%3A627%0A%20%20%20%20at%20http%3A%2F%2Flocalhost%3A8080%2Fbase%2Fnode_modules%2Fjasmine-core%2Flib%2Fjasmine-core%2Fjasmine.js%3F578a1e5ff14db21b04e2d6db7fd0eda37042440c%3A2215%0A%20%20%20%20at%20http%3A%2F%2Flocalhost%3A8080%2Fbase%2Fnode_modules%2Fjasmine-core%2Flib%2Fjasmine-core%2Fjasmine.js%3F578a1e5ff14db21b04e2d6db7fd0eda37042440c%3A678%0A%20%20%20%20at%20http%3A%2F%2Flocalhost%3A8080%2Fbase%2Fnode_modules%2Fkarma-jasmine%2Flib%2Fadapter.js%3F0a69ad1fa10cc8be0a12b241227d3b834f82db4f%3A317%0A%20%20%20%20at%20http%3A%2F%2Flocalhost%3A8080%2Fkarma.js%3A185%0A%20%20%20%20at%20http%3A%2F%2Flocalhost%3A8080%2Fcontext.html%3A127%0Ahttp%3A%2F%2Ferrors.angularjs.org%2F1.4.1%2F%24injector%2Fmodulerr%3Fp0%3Dui.bootstrap%26p1%3DError%253A%2520%255B%2524injector%253Anomod%255D%2520Module%2520&apos;ui.bootstrap&apos;%2520is%2520not%2520available!%2520You%2520either%2520misspelled%2520the%2520module%2520name%2520or%2520forgot%2520to%2520load%2520it.%2520If%2520registering%2520a%2520module%2520ensure%2520that%2520you%2520specify%2520the%2520dependencies%2520as%2520the%2520second%2520argument.%250Ahttp%253A%252F%252Ferrors.angularjs.org%252F1.4.1%252F%2524injector%252Fnomod%253Fp0%253Dui.bootstrap%250A%2520%2520%2520%2520at%2520http%253A%252F%252Flocalhost%253A8080%252Fbase%252Fapp%252Fvendor%252Fangular%252Fangular.js%253F9d140432f81858ac1e7888708720d419d147ffa9%253A1951%250A%2520%2520%2520%2520at%2520ensure%2520(http%253A%252F%252Flocalhost%253A8080%252Fbase%252Fapp%252Fvendor%252Fangular%252Fangular.js%253F9d140432f81858ac1e7888708720d419d147ffa9%253A1873)%250A%2520%2520%2520%2520at%2520module%2520(http%253A%252F%252Flocalhost%253A8080%252Fbase%252Fapp%252Fvendor%252Fangular%252Fangular.js%253F9d140432f81858ac1e7888708720d419d147ffa9%253A2201)%250A%2520%2520%2520%2520at%2520http%253A%252F%252Flocalhost%253A8080%252Fbase%252Fapp%252Fvendor%252Fangular%252Fangular.js%253F9d140432f81858ac1e7888708720d419d147ffa9%253A4355%250A%2520%2520%2520%2520at%2520forEach%2520(http%253A%252F%252Flocalhost%253A8080%252Fbase%252Fapp%252Fvendor%252Fangular%252Fangular.js%253F9d140432f81858ac1e7888708720d419d147ffa9%253A336)%250A%2520%2520%2520%2520at%2520loadModules%2520(http%253A%252F%252Flocalhost%253A8080%252Fbase%252Fapp%252Fvendor%252Fangular%252Fangular.js%253F9d140432f81858ac1e7888708720d419d147ffa9%253A4381)%250A%2520%2520%2520%2520at%2520http%253A%252F%252Flocalhost%253A8080%252Fbase%252Fapp%252Fvendor%252Fangular%252Fangular.js%253F9d140432f81858ac1e7888708720d419d147ffa9%253A4356%250A%2520%2520%2520%2520at%2520forEach%2520(http%253A%252F%252Flocalhost%253A8080%252Fbase%252Fapp%252Fvendor%252Fangular%252Fangular.js%253F9d140432f81858ac1e7888708720d419d147ffa9%253A336)%250A%2520%2520%2520%2520at%2520loadModules%2520(http%253A%252F%252Flocalhost%253A8080%252Fbase%252Fapp%252Fvendor%252Fangular%252Fangular.js%253F9d140432f81858ac1e7888708720d419d147ffa9%253A4381)%250A%2520%2520%2520%2520at%2520createInjector%2520(http%253A%252F%252Flocalhost%253A8080%252Fbase%252Fapp%252Fvendor%252Fangular%252Fangular.js%253F9d140432f81858ac1e7888708720d419d147ffa9%253A4265)%250A%2520%2520%2520%2520at%2520workFn%2520(http%253A%252F%252Flocalhost%253A8080%252Fbase%252Fapp%252Fvendor%252Fangular-mocks%252Fangular-mocks.js%253F6fe041cc8bb7a17f894cb12d8b0d44b12644f10a%253A2409)%250A%2520%2520%2520%2520at%2520attemptSync%2520(http%253A%252F%252Flocalhost%253A8080%252Fbase%252Fnode_modules%252Fjasmine-core%252Flib%252Fjasmine-core%252Fjasmine.js%253F578a1e5ff14db21b04e2d6db7fd0eda37042440c%253A1789)%250A%2520%2520%2520%2520at%2520http%253A%252F%252Flocalhost%253A8080%252Fbase%252Fnode_modules%252Fjasmine-core%252Flib%252Fjasmine-core%252Fjasmine.js%253F578a1e5ff14db21b04e2d6db7fd0eda37042440c%253A1777%250A%2520%2520%2520%2520at%2520http%253A%252F%252Flocalhost%253A8080%252Fbase%252Fnode_modules%252Fjasmine-core%252Flib%252Fjasmine-core%252Fjasmine.js%253F578a1e5ff14db21b04e2d6db7fd0eda37042440c%253A1762%250A%2520%2520%2520%2520at%2520http%253A%252F%252Flocalhost%253A8080%252Fbase%252Fnode_modules%252Fjasmine-core%252Flib%252Fjasmine-core%252Fjasmine.js%253F578a1e5ff14db21b04e2d6db7fd0eda37042440c%253A627%250A%2520%2520%2520%2520at%2520http%253A%252F%252Flocalhost%253A8080%252Fbase%252Fnode_modules%252Fjasmine-core%252Flib%252Fjasmine-core%252Fjasmine.js%253F578a1e5ff14db21b04e2d6db7fd0eda37042440c%253A357%250A%2520%2520%2520%2520at%2520http%253A%252F%252Flocalhost%253A8080%252Fbase%252Fnode_modules%252Fjasmine-core%252Flib%252Fjasmine-core%252Fjasmine.js%253F578a1e5ff14db21b04e2d6db7fd0eda37042440c%253A2360%250A%2520%2520%2520%2520at%2520attemptAsync%2520(http%253A%252F%252Flocalhost%253A8080%252Fbase%252Fnode_modules%252Fjasmine-core%252Flib%252Fjasmine-core%252Fjasmine.js%253F578a1e5ff14db21b04e2d6db7fd0eda37042440c%253A1819)%250A%2520%2520%2520%2520at%2520http%253A%252F%252Flocalhost%253A8080%252Fbase%252Fnode_modules%252Fjasmine-core%252Flib%252Fjasmine-core%252Fjasmine.js%253F578a1e5ff14db21b04e2d6db7fd0eda37042440c%253A1774%250A%2520%2520%2520%2520at%2520http%253A%252F%252Flocalhost%253A8080%252Fbase%252Fnode_modules%252Fjasmine-core%252Flib%252Fjasmine-core%252Fjasmine.js%253F578a1e5ff14db21b04e2d6db7fd0eda37042440c%253A1801%250A%2520%2520%2520%2520at%2520http%253A%252F%252Flocalhost%253A8080%252Fbase%252Fnode_modules%252Fjasmine-core%252Flib%252Fjasmine-core%252Fjasmine.js%253F578a1e5ff14db21b04e2d6db7fd0eda37042440c%253A1745%250A%2520%2520%2520%2520at%2520complete%2520(http%253A%252F%252Flocalhost%253A8080%252Fbase%252Fnode_modules%252Fjasmine-core%252Flib%252Fjasmine-core%252Fjasmine.js%253F578a1e5ff14db21b04e2d6db7fd0eda37042440c%253A365)%250A%2520%2520%2520%2520at%2520clearStack%2520(http%253A%252F%252Flocalhost%253A8080%252Fbase%252Fnode_modules%252Fjasmine-core%252Flib%252Fjasmine-core%252Fjasmine.js%253F578a1e5ff14db21b04e2d6db7fd0eda37042440c%253A605)%250A%2520%2520%2520%2520at%2520http%253A%252F%252Flocalhost%253A8080%252Fbase%252Fnode_modules%252Fjasmine-core%252Flib%252Fjasmine-core%252Fjasmine.js%253F578a1e5ff14db21b04e2d6db7fd0eda37042440c%253A1784%250A%2520%2520%2520%2520at%2520http%253A%252F%252Flocalhost%253A8080%252Fbase%252Fnode_modules%252Fjasmine-core%252Flib%252Fjasmine-core%252Fjasmine.js%253F578a1e5ff14db21b04e2d6db7fd0eda37042440c%253A1762%250A%2520%2520%2520%2520at%2520http%253A%252F%252Flocalhost%253A8080%252Fbase%252Fnode_modules%252Fjasmine-core%252Flib%252Fjasmine-core%252Fjasmine.js%253F578a1e5ff14db21b04e2d6db7fd0eda37042440c%253A627%250A%2520%2520%2520%2520at%2520http%253A%252F%252Flocalhost%253A8080%252Fbase%252Fnode_modules%252Fjasmine-core%252Flib%252Fjasmine-core%252Fjasmine.js%253F578a1e5ff14db21b04e2d6db7fd0eda37042440c%253A357%250A%2520%2520%2520%2520at%2520http%253A%252F%252Flocalhost%253A8080%252Fbase%252Fnode_modules%252Fjasmine-core%252Flib%252Fjasmine-core%252Fjasmine.js%253F578a1e5ff14db21b04e2d6db7fd0eda37042440c%253A2360%250A%2520%2520%2520%2520at%2520attemptAsync%2520(http%253A%252F%252Flocalhost%253A8080%252Fbase%252Fnode_modules%252Fjasmine-core%252Flib%252Fjasmine-core%252Fjasmine.js%253F578a1e5ff14db21b04e2d6db7fd0eda37042440c%253A1819)%250A%2520%2520%2520%2520at%2520http%253A%252F%252Flocalhost%253A8080%252Fbase%252Fnode_modules%252Fjasmine-core%252Flib%252Fjasmine-core%252Fjasmine.js%253F578a1e5ff14db21b04e2d6db7fd0eda37042440c%253A1774%250A%2520%2520%2520%2520at%2520http%253A%252F%252Flocalhost%253A8080%252Fbase%252Fnode_modules%252Fjasmine-core%252Flib%252Fjasmine-core%252Fjasmine.js%253F578a1e5ff14db21b04e2d6db7fd0eda37042440c%253A1801%250A%2520%2520%2520%2520at%2520http%253A%252F%252Flocalhost%253A8080%252Fbase%252Fnode_modules%252Fjasmine-core%252Flib%252Fjasmine-core%252Fjasmine.js%253F578a1e5ff14db21b04e2d6db7fd0eda37042440c%253A1745%250A%2520%2520%2520%2520at%2520complete%2520(http%253A%252F%252Flocalhost%253A8080%252Fbase%252Fnode_modules%252Fjasmine-core%252Flib%252Fjasmine-core%252Fjasmine.js%253F578a1e5ff14db21b04e2d6db7fd0eda37042440c%253A365)%250A%2520%2520%2520%2520at%2520clearStack%2520(http%253A%252F%252Flocalhost%253A8080%252Fbase%252Fnode_modules%252Fjasmine-core%252Flib%252Fjasmine-core%252Fjasmine.js%253F578a1e5ff14db21b04e2d6db7fd0eda37042440c%253A605)%250A%2520%2520%2520%2520at%2520http%253A%252F%252Flocalhost%253A8080%252Fbase%252Fnode_modules%252Fjasmine-core%252Flib%252Fjasmine-core%252Fjasmine.js%253F578a1e5ff14db21b04e2d6db7fd0eda37042440c%253A1784%250A%2520%2520%2520%2520at%2520http%253A%252F%252Flocalhost%253A8080%252Fbase%252Fnode_modules%252Fjasmine-core%252Flib%252Fjasmine-core%252Fjasmine.js%253F578a1e5ff14db21b04e2d6db7fd0eda37042440c%253A1762%250A%2520%2520%2520%2520at%2520http%253A%252F%252Flocalhost%253A8080%252Fbase%252Fnode_modules%252Fjasmine-core%252Flib%252Fjasmine-core%252Fjasmine.js%253F578a1e5ff14db21b04e2d6db7fd0eda37042440c%253A627%250A%2520%2520%2520%2520at%2520http%253A%252F%252Flocalhost%253A8080%252Fbase%252Fnode_modules%252Fjasmine-core%252Flib%252Fjasmine-core%252Fjasmine.js%253F578a1e5ff14db21b04e2d6db7fd0eda37042440c%253A357%250A%2520%2520%2520%2520at%2520http%253A%252F%252Flocalhost%253A8080%252Fbase%252Fnode_modules%252Fjasmine-core%252Flib%252Fjasmine-core%252Fjasmine.js%253F578a1e5ff14db21b04e2d6db7fd0eda37042440c%253A2360%250A%2520%2520%2520%2520at%2520attemptAsync%2520(http%253A%252F%252Flocalhost%253A8080%252Fbase%252Fnode_modules%252Fjasmine-core%252Flib%252Fjasmine-core%252Fjasmine.js%253F578a1e5ff14db21b04e2d6db7fd0eda37042440c%253A1819)%250A%2520%2520%2520%2520at%2520http%253A%252F%252Flocalhost%253A8080%252Fbase%252Fnode_modules%252Fjasmine-core%252Flib%252Fjasmine-core%252Fjasmine.js%253F578a1e5ff14db21b04e2d6db7fd0eda37042440c%253A1774%250A%2520%2520%2520%2520at%2520http%253A%252F%252Flocalhost%253A8080%252Fbase%252Fnode_modules%252Fjasmine-core%252Flib%252Fjasmine-core%252Fjasmine.js%253F578a1e5ff14db21b04e2d6db7fd0eda37042440c%253A1762%250A%2520%2520%2520%2520at%2520http%253A%252F%252Flocalhost%253A8080%252Fbase%252Fnode_modules%252Fjasmine-core%252Flib%252Fjasmine-core%252Fjasmine.js%253F578a1e5ff14db21b04e2d6db7fd0eda37042440c%253A627%250A%2520%2520%2520%2520at%2520http%253A%252F%252Flocalhost%253A8080%252Fbase%252Fnode_modules%252Fjasmine-core%252Flib%252Fjasmine-core%252Fjasmine.js%253F578a1e5ff14db21b04e2d6db7fd0eda37042440c%253A2354%250A%2520%2520%2520%2520at%2520attemptAsync%2520(http%253A%252F%252Flocalhost%253A8080%252Fbase%252Fnode_modules%252Fjasmine-core%252Flib%252Fjasmine-core%252Fjasmine.js%253F578a1e5ff14db21b04e2d6db7fd0eda37042440c%253A1819)%250A%2520%2520%2520%2520at%2520http%253A%252F%252Flocalhost%253A8080%252Fbase%252Fnode_modules%252Fjasmine-core%252Flib%252Fjasmine-core%252Fjasmine.js%253F578a1e5ff14db21b04e2d6db7fd0eda37042440c%253A1774%250A%2520%2520%2520%2520at%2520http%253A%252F%252Flocalhost%253A8080%252Fbase%252Fnode_modules%252Fjasmine-core%252Flib%252Fjasmine-core%252Fjasmine.js%253F578a1e5ff14db21b04e2d6db7fd0eda37042440c%253A1801%250A%2520%2520%2520%2520at%2520http%253A%252F%252Flocalhost%253A8080%252Fbase%252Fnode_modules%252Fjasmine-core%252Flib%252Fjasmine-core%252Fjasmine.js%253F578a1e5ff14db21b04e2d6db7fd0eda37042440c%253A1745%250A%2520%2520%2520%2520at%2520http%253A%252F%252Flocalhost%253A8080%252Fbase%252Fnode_modules%252Fjasmine-core%252Flib%252Fjasmine-core%252Fjasmine.js%253F578a1e5ff14db21b04e2d6db7fd0eda37042440c%253A2348%250A%2520%2520%2520%2520at%2520clearStack%2520(http%253A%252F%252Flocalhost%253A8080%252Fbase%252Fnode_modules%252Fjasmine-core%252Flib%252Fjasmine-core%252Fjasmine.js%253F578a1e5ff14db21b04e2d6db7fd0eda37042440c%253A605)%250A%2520%2520%2520%2520at%2520http%253A%252F%252Flocalhost%253A8080%252Fbase%252Fnode_modules%252Fjasmine-core%252Flib%252Fjasmine-core%252Fjasmine.js%253F578a1e5ff14db21b04e2d6db7fd0eda37042440c%253A1784%250A%2520%2520%2520%2520at%2520http%253A%252F%252Flocalhost%253A8080%252Fbase%252Fnode_modules%252Fjasmine-core%252Flib%252Fjasmine-core%252Fjasmine.js%253F578a1e5ff14db21b04e2d6db7fd0eda37042440c%253A1762%250A%2520%2520%2520%2520at%2520http%253A%252F%252Flocalhost%253A8080%252Fbase%252Fnode_modules%252Fjasmine-core%252Flib%252Fjasmine-core%252Fjasmine.js%253F578a1e5ff14db21b04e2d6db7fd0eda37042440c%253A627%250A%2520%2520%2520%2520at%2520http%253A%252F%252Flocalhost%253A8080%252Fbase%252Fnode_modules%252Fjasmine-core%252Flib%252Fjasmine-core%252Fjasmine.js%253F578a1e5ff14db21b04e2d6db7fd0eda37042440c%253A2354%250A%2520%2520%2520%2520at%2520attemptAsync%2520(http%253A%252F%252Flocalhost%253A8080%252Fbase%252Fnode_modules%252Fjasmine-core%252Flib%252Fjasmine-core%252Fjasmine.js%253F578a1e5ff14db21b04e2d6db7fd0eda37042440c%253A1819)%250A%2520%2520%2520%2520at%2520http%253A%252F%252Flocalhost%253A8080%252Fbase%252Fnode_modules%252Fjasmine-core%252Flib%252Fjasmine-core%252Fjasmine.js%253F578a1e5ff14db21b04e2d6db7fd0eda37042440c%253A1774%250A%2520%2520%2520%2520at%2520http%253A%252F%252Flocalhost%253A8080%252Fbase%252Fnode_modules%252Fjasmine-core%252Flib%252Fjasmine-core%252Fjasmine.js%253F578a1e5ff14db21b04e2d6db7fd0eda37042440c%253A1801%250A%2520%2520%2520%2520at%2520http%253A%252F%252Flocalhost%253A8080%252Fbase%252Fnode_modules%252Fjasmine-core%252Flib%252Fjasmine-core%252Fjasmine.js%253F578a1e5ff14db21b04e2d6db7fd0eda37042440c%253A1745%250A%2520%2520%2520%2520at%2520http%253A%252F%252Flocalhost%253A8080%252Fbase%252Fnode_modules%252Fjasmine-core%252Flib%252Fjasmine-core%252Fjasmine.js%253F578a1e5ff14db21b04e2d6db7fd0eda37042440c%253A2348%250A%2520%2520%2520%2520at%2520clearStack%2520(http%253A%252F%252Flocalhost%253A8080%252Fbase%252Fnode_modules%252Fjasmine-core%252Flib%252Fjasmine-core%252Fjasmine.js%253F578a1e5ff14db21b04e2d6db7fd0eda37042440c%253A605)%250A%2520%2520%2520%2520at%2520http%253A%252F%252Flocalhost%253A8080%252Fbase%252Fnode_modules%252Fjasmine-core%252Flib%252Fjasmine-core%252Fjasmine.js%253F578a1e5ff14db21b04e2d6db7fd0eda37042440c%253A1784%250A%2520%2520%2520%2520at%2520http%253A%252F%252Flocalhost%253A8080%252Fbase%252Fnode_modules%252Fjasmine-core%252Flib%252Fjasmine-core%252Fjasmine.js%253F578a1e5ff14db21b04e2d6db7fd0eda37042440c%253A1762%250A%2520%2520%2520%2520at%2520http%253A%252F%252Flocalhost%253A8080%252Fbase%252Fnode_modules%252Fjasmine-core%252Flib%252Fjasmine-core%252Fjasmine.js%253F578a1e5ff14db21b04e2d6db7fd0eda37042440c%253A627%250A%2520%2520%2520%2520at%2520http%253A%252F%252Flocalhost%253A8080%252Fbase%252Fnode_modules%252Fjasmine-core%252Flib%252Fjasmine-core%252Fjasmine.js%253F578a1e5ff14db21b04e2d6db7fd0eda37042440c%253A2354%250A%2520%2520%2520%2520at%2520attemptAsync%2520(http%253A%252F%252Flocalhost%253A8080%252Fbase%252Fnode_modules%252Fjasmine-core%252Flib%252Fjasmine-core%252Fjasmine.js%253F578a1e5ff14db21b04e2d6db7fd0eda37042440c%253A1819)%250A%2520%2520%2520%2520at%2520http%253A%252F%252Flocalhost%253A8080%252Fbase%252Fnode_modules%252Fjasmine-core%252Flib%252Fjasmine-core%252Fjasmine.js%253F578a1e5ff14db21b04e2d6db7fd0eda37042440c%253A1774%250A%2520%2520%2520%2520at%2520http%253A%252F%252Flocalhost%253A8080%252Fbase%252Fnode_modules%252Fjasmine-core%252Flib%252Fjasmine-core%252Fjasmine.js%253F578a1e5ff14db21b04e2d6db7fd0eda37042440c%253A1801%250A%2520%2520%2520%2520at%2520http%253A%252F%252Flocalhost%253A8080%252Fbase%252Fnode_modules%252Fjasmine-core%252Flib%252Fjasmine-core%252Fjasmine.js%253F578a1e5ff14db21b04e2d6db7fd0eda37042440c%253A1745%250A%2520%2520%2520%2520at%2520http%253A%252F%252Flocalhost%253A8080%252Fbase%252Fnode_modules%252Fjasmine-core%252Flib%252Fjasmine-core%252Fjasmine.js%253F578a1e5ff14db21b04e2d6db7fd0eda37042440c%253A2348%250A%2520%2520%2520%2520at%2520clearStack%2520(http%253A%252F%252Flocalhost%253A8080%252Fbase%252Fnode_modules%252Fjasmine-core%252Flib%252Fjasmine-core%252Fjasmine.js%253F578a1e5ff14db21b04e2d6db7fd0eda37042440c%253A605)%250A%2520%2520%2520%2520at%2520http%253A%252F%252Flocalhost%253A8080%252Fbase%252Fnode_modules%252Fjasmine-core%252Flib%252Fjasmine-core%252Fjasmine.js%253F578a1e5ff14db21b04e2d6db7fd0eda37042440c%253A1784%250A%2520%2520%2520%2520at%2520http%253A%252F%252Flocalhost%253A8080%252Fbase%252Fnode_modules%252Fjasmine-core%252Flib%252Fjasmine-core%252Fjasmine.js%253F578a1e5ff14db21b04e2d6db7fd0eda37042440c%253A1801%250A%2520%2520%2520%2520at%2520http%253A%252F%252Flocalhost%253A8080%252Fbase%252Fnode_modules%252Fjasmine-core%252Flib%252Fjasmine-core%252Fjasmine.js%253F578a1e5ff14db21b04e2d6db7fd0eda37042440c%253A1745%250A%2520%2520%2520%2520at%2520complete%2520(http%253A%252F%252Flocalhost%253A8080%252Fbase%252Fnode_modules%252Fjasmine-core%252Flib%252Fjasmine-core%252Fjasmine.js%253F578a1e5ff14db21b04e2d6db7fd0eda37042440c%253A365)%250A%2520%2520%2520%2520at%2520clearStack%2520(http%253A%252F%252Flocalhost%253A8080%252Fbase%252Fnode_modules%252Fjasmine-core%252Flib%252Fjasmine-core%252Fjasmine.js%253F578a1e5ff14db21b04e2d6db7fd0eda37042440c%253A605)%250A%2520%2520%2520%2520at%2520http%253A%252F%252Flocalhost%253A8080%252Fbase%252Fnode_modules%252Fjasmine-core%252Flib%252Fjasmine-core%252Fjasmine.js%253F578a1e5ff14db21b04e2d6db7fd0eda37042440c%253A1784%250A%2520%2520%2520%2520at%2520http%253A%252F%252Flocalhost%253A8080%252Fbase%252Fnode_modules%252Fjasmine-core%252Flib%252Fjasmine-core%252Fjasmine.js%253F578a1e5ff14db21b04e2d6db7fd0eda37042440c%253A1762%250A%2520%2520%2520%2520at%2520http%253A%252F%252Flocalhost%253A8080%252Fbase%252Fnode_modules%252Fjasmine-core%252Flib%252Fjasmine-core%252Fjasmine.js%253F578a1e5ff14db21b04e2d6db7fd0eda37042440c%253A627%250A%2520%2520%2520%2520at%2520http%253A%252F%252Flocalhost%253A8080%252Fbase%252Fnode_modules%252Fjasmine-core%252Flib%252Fjasmine-core%252Fjasmine.js%253F578a1e5ff14db21b04e2d6db7fd0eda37042440c%253A357%250A%2520%2520%2520%2520at%2520http%253A%252F%252Flocalhost%253A8080%252Fbase%252Fnode_modules%252Fjasmine-core%252Flib%252Fjasmine-core%252Fjasmine.js%253F578a1e5ff14db21b04e2d6db7fd0eda37042440c%253A2360%250A%2520%2520%2520%2520at%2520attemptAsync%2520(http%253A%252F%252Flocalhost%253A8080%252Fbase%252Fnode_modules%252Fjasmine-core%252Flib%252Fjasmine-core%252Fjasmine.js%253F578a1e5ff14db21b04e2d6db7fd0eda37042440c%253A1819)%250A%2520%2520%2520%2520at%2520http%253A%252F%252Flocalhost%253A8080%252Fbase%252Fnode_modules%252Fjasmine-core%252Flib%252Fjasmine-core%252Fjasmine.js%253F578a1e5ff14db21b04e2d6db7fd0eda37042440c%253A1774%250A%2520%2520%2520%2520at%2520http%253A%252F%252Flocalhost%253A8080%252Fbase%252Fnode_modules%252Fjasmine-core%252Flib%252Fjasmine-core%252Fjasmine.js%253F578a1e5ff14db21b04e2d6db7fd0eda37042440c%253A1801%250A%2520%2520%2520%2520at%2520http%253A%252F%252Flocalhost%253A8080%252Fbase%252Fnode_modules%252Fjasmine-core%252Flib%252Fjasmine-core%252Fjasmine.js%253F578a1e5ff14db21b04e2d6db7fd0eda37042440c%253A1745%250A%2520%2520%2520%2520at%2520complete%2520(http%253A%252F%252Flocalhost%253A8080%252Fbase%252Fnode_modules%252Fjasmine-core%252Flib%252Fjasmine-core%252Fjasmine.js%253F578a1e5ff14db21b04e2d6db7fd0eda37042440c%253A365)%250A%2520%2520%2520%2520at%2520clearStack%2520(http%253A%252F%252Flocalhost%253A8080%252Fbase%252Fnode_modules%252Fjasmine-core%252Flib%252Fjasmine-core%252Fjasmine.js%253F578a1e5ff14db21b04e2d6db7fd0eda37042440c%253A605)%250A%2520%2520%2520%2520at%2520http%253A%252F%252Flocalhost%253A8080%252Fbase%252Fnode_modules%252Fjasmine-core%252Flib%252Fjasmine-core%252Fjasmine.js%253F578a1e5ff14db21b04e2d6db7fd0eda37042440c%253A1784%250A%2520%2520%2520%2520at%2520http%253A%252F%252Flocalhost%253A8080%252Fbase%252Fnode_modules%252Fjasmine-core%252Flib%252Fjasmine-core%252Fjasmine.js%253F578a1e5ff14db21b04e2d6db7fd0eda37042440c%253A1762%250A%2520%2520%2520%2520at%2520http%253A%252F%252Flocalhost%253A8080%252Fbase%252Fnode_modules%252Fjasmine-core%252Flib%252Fjasmine-core%252Fjasmine.js%253F578a1e5ff14db21b04e2d6db7fd0eda37042440c%253A627%250A%2520%2520%2520%2520at%2520http%253A%252F%252Flocalhost%253A8080%252Fbase%252Fnode_modules%252Fjasmine-core%252Flib%252Fjasmine-core%252Fjasmine.js%253F578a1e5ff14db21b04e2d6db7fd0eda37042440c%253A357%250A%2520%2520%2520%2520at%2520http%253A%252F%252Flocalhost%253A8080%252Fbase%252Fnode_modules%252Fjasmine-core%252Flib%252Fjasmine-core%252Fjasmine.js%253F578a1e5ff14db21b04e2d6db7fd0eda37042440c%253A2360%250A%2520%2520%2520%2520at%2520attemptAsync%2520(http%253A%252F%252Flocalhost%253A8080%252Fbase%252Fnode_modules%252Fjasmine-core%252Flib%252Fjasmine-core%252Fjasmine.js%253F578a1e5ff14db21b04e2d6db7fd0eda37042440c%253A1819)%250A%2520%2520%2520%2520at%2520http%253A%252F%252Flocalhost%253A8080%252Fbase%252Fnode_modules%252Fjasmine-core%252Flib%252Fjasmine-core%252Fjasmine.js%253F578a1e5ff14db21b04e2d6db7fd0eda37042440c%253A1774%250A%2520%2520%2520%2520at%2520http%253A%252F%252Flocalhost%253A8080%252Fbase%252Fnode_modules%252Fjasmine-core%252Flib%252Fjasmine-core%252Fjasmine.js%253F578a1e5ff14db21b04e2d6db7fd0eda37042440c%253A1762%250A%2520%2520%2520%2520at%2520http%253A%252F%252Flocalhost%253A8080%252Fbase%252Fnode_modules%252Fjasmine-core%252Flib%252Fjasmine-core%252Fjasmine.js%253F578a1e5ff14db21b04e2d6db7fd0eda37042440c%253A627%250A%2520%2520%2520%2520at%2520http%253A%252F%252Flocalhost%253A8080%252Fbase%252Fnode_modules%252Fjasmine-core%252Flib%252Fjasmine-core%252Fjasmine.js%253F578a1e5ff14db21b04e2d6db7fd0eda37042440c%253A2354%250A%2520%2520%2520%2520at%2520attemptAsync%2520(http%253A%252F%252Flocalhost%253A8080%252Fbase%252Fnode_modules%252Fjasmine-core%252Flib%252Fjasmine-core%252Fjasmine.js%253F578a1e5ff14db21b04e2d6db7fd0eda37042440c%253A1819)%250A%2520%2520%2520%2520at%2520http%253A%252F%252Flocalhost%253A8080%252Fbase%252Fnode_modules%252Fjasmine-core%252Flib%252Fjasmine-core%252Fjasmine.js%253F578a1e5ff14db21b04e2d6db7fd0eda37042440c%253A1774%250A%2520%2520%2520%2520at%2520http%253A%252F%252Flocalhost%253A8080%252Fbase%252Fnode_modules%252Fjasmine-core%252Flib%252Fjasmine-core%252Fjasmine.js%253F578a1e5ff14db21b04e2d6db7fd0eda37042440c%253A1801%250A%2520%2520%2520%2520at%2520http%253A%252F%252Flocalhost%253A8080%252Fbase%252Fnode_modules%252Fjasmine-core%252Flib%252Fjasmine-core%252Fjasmine.js%253F578a1e5ff14db21b04e2d6db7fd0eda37042440c%253A1745%250A%2520%2520%2520%2520at%2520http%253A%252F%252Flocalhost%253A8080%252Fbase%252Fnode_modules%252Fjasmine-core%252Flib%252Fjasmine-core%252Fjasmine.js%253F578a1e5ff14db21b04e2d6db7fd0eda37042440c%253A2348%250A%2520%2520%2520%2520at%2520clearStack%2520(http%253A%252F%252Flocalhost%253A8080%252Fbase%252Fnode_modules%252Fjasmine-core%252Flib%252Fjasmine-core%252Fjasmine.js%253F578a1e5ff14db21b04e2d6db7fd0eda37042440c%253A605)%250A%2520%2520%2520%2520at%2520http%253A%252F%252Flocalhost%253A8080%252Fbase%252Fnode_modules%252Fjasmine-core%252Flib%252Fjasmine-core%252Fjasmine.js%253F578a1e5ff14db21b04e2d6db7fd0eda37042440c%253A1784%250A%2520%2520%2520%2520at%2520http%253A%252F%252Flocalhost%253A8080%252Fbase%252Fnode_modules%252Fjasmine-core%252Flib%252Fjasmine-core%252Fjasmine.js%253F578a1e5ff14db21b04e2d6db7fd0eda37042440c%253A1762%250A%2520%2520%2520%2520at%2520http%253A%252F%252Flocalhost%253A8080%252Fbase%252Fnode_modules%252Fjasmine-core%252Flib%252Fjasmine-core%252Fjasmine.js%253F578a1e5ff14db21b04e2d6db7fd0eda37042440c%253A627%250A%2520%2520%2520%2520at%2520http%253A%252F%252Flocalhost%253A8080%252Fbase%252Fnode_modules%252Fjasmine-core%252Flib%252Fjasmine-core%252Fjasmine.js%253F578a1e5ff14db21b04e2d6db7fd0eda37042440c%253A2354%250A%2520%2520%2520%2520at%2520attemptAsync%2520(http%253A%252F%252Flocalhost%253A8080%252Fbase%252Fnode_modules%252Fjasmine-core%252Flib%252Fjasmine-core%252Fjasmine.js%253F578a1e5ff14db21b04e2d6db7fd0eda37042440c%253A1819)%250A%2520%2520%2520%2520at%2520http%253A%252F%252Flocalhost%253A8080%252Fbase%252Fnode_modules%252Fjasmine-core%252Flib%252Fjasmine-core%252Fjasmine.js%253F578a1e5ff14db21b04e2d6db7fd0eda37042440c%253A1774%250A%2520%2520%2520%2520at%2520http%253A%252F%252Flocalhost%253A8080%252Fbase%252Fnode_modules%252Fjasmine-core%252Flib%252Fjasmine-core%252Fjasmine.js%253F578a1e5ff14db21b04e2d6db7fd0eda37042440c%253A1801%250A%2520%2520%2520%2520at%2520http%253A%252F%252Flocalhost%253A8080%252Fbase%252Fnode_modules%252Fjasmine-core%252Flib%252Fjasmine-core%252Fjasmine.js%253F578a1e5ff14db21b04e2d6db7fd0eda37042440c%253A1745%250A%2520%2520%2520%2520at%2520http%253A%252F%252Flocalhost%253A8080%252Fbase%252Fnode_modules%252Fjasmine-core%252Flib%252Fjasmine-core%252Fjasmine.js%253F578a1e5ff14db21b04e2d6db7fd0eda37042440c%253A2348%250A%2520%2520%2520%2520at%2520clearStack%2520(http%253A%252F%252Flocalhost%253A8080%252Fbase%252Fnode_modules%252Fjasmine-core%252Flib%252Fjasmine-core%252Fjasmine.js%253F578a1e5ff14db21b04e2d6db7fd0eda37042440c%253A605)%250A%2520%2520%2520%2520at%2520http%253A%252F%252Flocalhost%253A8080%252Fbase%252Fnode_modules%252Fjasmine-core%252Flib%252Fjasmine-core%252Fjasmine.js%253F578a1e5ff14db21b04e2d6db7fd0eda37042440c%253A1784%250A%2520%2520%2520%2520at%2520http%253A%252F%252Flocalhost%253A8080%252Fbase%252Fnode_modules%252Fjasmine-core%252Flib%252Fjasmine-core%252Fjasmine.js%253F578a1e5ff14db21b04e2d6db7fd0eda37042440c%253A1762%250A%2520%2520%2520%2520at%2520http%253A%252F%252Flocalhost%253A8080%252Fbase%252Fnode_modules%252Fjasmine-core%252Flib%252Fjasmine-core%252Fjasmine.js%253F578a1e5ff14db21b04e2d6db7fd0eda37042440c%253A627%250A%2520%2520%2520%2520at%2520http%253A%252F%252Flocalhost%253A8080%252Fbase%252Fnode_modules%252Fjasmine-core%252Flib%252Fjasmine-core%252Fjasmine.js%253F578a1e5ff14db21b04e2d6db7fd0eda37042440c%253A2354%250A%2520%2520%2520%2520at%2520attemptAsync%2520(http%253A%252F%252Flocalhost%253A8080%252Fbase%252Fnode_modules%252Fjasmine-core%252Flib%252Fjasmine-core%252Fjasmine.js%253F578a1e5ff14db21b04e2d6db7fd0eda37042440c%253A1819)%250A%2520%2520%2520%2520at%2520http%253A%252F%252Flocalhost%253A8080%252Fbase%252Fnode_modules%252Fjasmine-core%252Flib%252Fjasmine-core%252Fjasmine.js%253F578a1e5ff14db21b04e2d6db7fd0eda37042440c%253A1774%250A%2520%2520%2520%2520at%2520http%253A%252F%252Flocalhost%253A8080%252Fbase%252Fnode_modules%252Fjasmine-core%252Flib%252Fjasmine-core%252Fjasmine.js%253F578a1e5ff14db21b04e2d6db7fd0eda37042440c%253A1801%250A%2520%2520%2520%2520at%2520http%253A%252F%252Flocalhost%253A8080%252Fbase%252Fnode_modules%252Fjasmine-core%252Flib%252Fjasmine-core%252Fjasmine.js%253F578a1e5ff14db21b04e2d6db7fd0eda37042440c%253A1745%250A%2520%2520%2520%2520at%2520http%253A%252F%252Flocalhost%253A8080%252Fbase%252Fnode_modules%252Fjasmine-core%252Flib%252Fjasmine-core%252Fjasmine.js%253F578a1e5ff14db21b04e2d6db7fd0eda37042440c%253A2348%250A%2520%2520%2520%2520at%2520clearStack%2520(http%253A%252F%252Flocalhost%253A8080%252Fbase%252Fnode_modules%252Fjasmine-core%252Flib%252Fjasmine-core%252Fjasmine.js%253F578a1e5ff14db21b04e2d6db7fd0eda37042440c%253A605)%250A%2520%2520%2520%2520at%2520http%253A%252F%252Flocalhost%253A8080%252Fbase%252Fnode_modules%252Fjasmine-core%252Flib%252Fjasmine-core%252Fjasmine.js%253F578a1e5ff14db21b04e2d6db7fd0eda37042440c%253A1784%250A%2520%2520%2520%2520at%2520http%253A%252F%252Flocalhost%253A8080%252Fbase%252Fnode_modules%252Fjasmine-core%252Flib%252Fjasmine-core%252Fjasmine.js%253F578a1e5ff14db21b04e2d6db7fd0eda37042440c%253A1762%250A%2520%2520%2520%2520at%2520http%253A%252F%252Flocalhost%253A8080%252Fbase%252Fnode_modules%252Fjasmine-core%252Flib%252Fjasmine-core%252Fjasmine.js%253F578a1e5ff14db21b04e2d6db7fd0eda37042440c%253A627%250A%2520%2520%2520%2520at%2520http%253A%252F%252Flocalhost%253A8080%252Fbase%252Fnode_modules%252Fjasmine-core%252Flib%252Fjasmine-core%252Fjasmine.js%253F578a1e5ff14db21b04e2d6db7fd0eda37042440c%253A2354%250A%2520%2520%2520%2520at%2520attemptAsync%2520(http%253A%252F%252Flocalhost%253A8080%252Fbase%252Fnode_modules%252Fjasmine-core%252Flib%252Fjasmine-core%252Fjasmine.js%253F578a1e5ff14db21b04e2d6db7fd0eda37042440c%253A1819)%250A%2520%2520%2520%2520at%2520http%253A%252F%252Flocalhost%253A8080%252Fbase%252Fnode_modules%252Fjasmine-core%252Flib%252Fjasmine-core%252Fjasmine.js%253F578a1e5ff14db21b04e2d6db7fd0eda37042440c%253A1774%250A%2520%2520%2520%2520at%2520http%253A%252F%252Flocalhost%253A8080%252Fbase%252Fnode_modules%252Fjasmine-core%252Flib%252Fjasmine-core%252Fjasmine.js%253F578a1e5ff14db21b04e2d6db7fd0eda37042440c%253A1801%250A%2520%2520%2520%2520at%2520http%253A%252F%252Flocalhost%253A8080%252Fbase%252Fnode_modules%252Fjasmine-core%252Flib%252Fjasmine-core%252Fjasmine.js%253F578a1e5ff14db21b04e2d6db7fd0eda37042440c%253A1745%250A%2520%2520%2520%2520at%2520http%253A%252F%252Flocalhost%253A8080%252Fbase%252Fnode_modules%252Fjasmine-core%252Flib%252Fjasmine-core%252Fjasmine.js%253F578a1e5ff14db21b04e2d6db7fd0eda37042440c%253A2348%250A%2520%2520%2520%2520at%2520clearStack%2520(http%253A%252F%252Flocalhost%253A8080%252Fbase%252Fnode_modules%252Fjasmine-core%252Flib%252Fjasmine-core%252Fjasmine.js%253F578a1e5ff14db21b04e2d6db7fd0eda37042440c%253A605)%250A%2520%2520%2520%2520at%2520http%253A%252F%252Flocalhost%253A8080%252Fbase%252Fnode_modules%252Fjasmine-core%252Flib%252Fjasmine-core%252Fjasmine.js%253F578a1e5ff14db21b04e2d6db7fd0eda37042440c%253A1784%250A%2520%2520%2520%2520at%2520http%253A%252F%252Flocalhost%253A8080%252Fbase%252Fnode_modules%252Fjasmine-core%252Flib%252Fjasmine-core%252Fjasmine.js%253F578a1e5ff14db21b04e2d6db7fd0eda37042440c%253A1762%250A%2520%2520%2520%2520at%2520http%253A%252F%252Flocalhost%253A8080%252Fbase%252Fnode_modules%252Fjasmine-core%252Flib%252Fjasmine-core%252Fjasmine.js%253F578a1e5ff14db21b04e2d6db7fd0eda37042440c%253A627%250A%2520%2520%2520%2520at%2520http%253A%252F%252Flocalhost%253A8080%252Fbase%252Fnode_modules%252Fjasmine-core%252Flib%252Fjasmine-core%252Fjasmine.js%253F578a1e5ff14db21b04e2d6db7fd0eda37042440c%253A2354%250A%2520%2520%2520%2520at%2520attemptAsync%2520(http%253A%252F%252Flocalhost%253A8080%252Fbase%252Fnode_modules%252Fjasmine-core%252Flib%252Fjasmine-core%252Fjasmine.js%253F578a1e5ff14db21b04e2d6db7fd0eda37042440c%253A1819)%250A%2520%2520%2520%2520at%2520http%253A%252F%252Flocalhost%253A8080%252Fbase%252Fnode_modules%252Fjasmine-core%252Flib%252Fjasmine-core%252Fjasmine.js%253F578a1e5ff14db21b04e2d6db7fd0eda37042440c%253A1774%250A%2520%2520%2520%2520at%2520http%253A%252F%252Flocalhost%253A8080%252Fbase%252Fnode_modules%252Fjasmine-core%252Flib%252Fjasmine-core%252Fjasmine.js%253F578a1e5ff14db21b04e2d6db7fd0eda37042440c%253A1801%250A%2520%2520%2520%2520at%2520http%253A%252F%252Flocalhost%253A8080%252Fbase%252Fnode_modules%252Fjasmine-core%252Flib%252Fjasmine-core%252Fjasmine.js%253F578a1e5ff14db21b04e2d6db7fd0eda37042440c%253A1745%250A%2520%2520%2520%2520at%2520http%253A%252F%252Flocalhost%253A8080%252Fbase%252Fnode_modules%252Fjasmine-core%252Flib%252Fjasmine-core%252Fjasmine.js%253F578a1e5ff14db21b04e2d6db7fd0eda37042440c%253A2348%250A%2520%2520%2520%2520at%2520clearStack%2520(http%253A%252F%252Flocalhost%253A8080%252Fbase%252Fnode_modules%252Fjasmine-core%252Flib%252Fjasmine-core%252Fjasmine.js%253F578a1e5ff14db21b04e2d6db7fd0eda37042440c%253A605)%250A%2520%2520%2520%2520at%2520http%253A%252F%252Flocalhost%253A8080%252Fbase%252Fnode_modules%252Fjasmine-core%252Flib%252Fjasmine-core%252Fjasmine.js%253F578a1e5ff14db21b04e2d6db7fd0eda37042440c%253A1784%250A%2520%2520%2520%2520at%2520http%253A%252F%252Flocalhost%253A8080%252Fbase%252Fnode_modules%252Fjasmine-core%252Flib%252Fjasmine-core%252Fjasmine.js%253F578a1e5ff14db21b04e2d6db7fd0eda37042440c%253A1762%250A%2520%2520%2520%2520at%2520http%253A%252F%252Flocalhost%253A8080%252Fbase%252Fnode_modules%252Fjasmine-core%252Flib%252Fjasmine-core%252Fjasmine.js%253F578a1e5ff14db21b04e2d6db7fd0eda37042440c%253A627%250A%2520%2520%2520%2520at%2520http%253A%252F%252Flocalhost%253A8080%252Fbase%252Fnode_modules%252Fjasmine-core%252Flib%252Fjasmine-core%252Fjasmine.js%253F578a1e5ff14db21b04e2d6db7fd0eda37042440c%253A2354%250A%2520%2520%2520%2520at%2520attemptAsync%2520(http%253A%252F%252Flocalhost%253A8080%252Fbase%252Fnode_modules%252Fjasmine-core%252Flib%252Fjasmine-core%252Fjasmine.js%253F578a1e5ff14db21b04e2d6db7fd0eda37042440c%253A1819)%250A%2520%2520%2520%2520at%2520http%253A%252F%252Flocalhost%253A8080%252Fbase%252Fnode_modules%252Fjasmine-core%252Flib%252Fjasmine-core%252Fjasmine.js%253F578a1e5ff14db21b04e2d6db7fd0eda37042440c%253A1774%250A%2520%2520%2520%2520at%2520http%253A%252F%252Flocalhost%253A8080%252Fbase%252Fnode_modules%252Fjasmine-core%252Flib%252Fjasmine-core%252Fjasmine.js%253F578a1e5ff14db21b04e2d6db7fd0eda37042440c%253A1801%250A%2520%2520%2520%2520at%2520http%253A%252F%252Flocalhost%253A8080%252Fbase%252Fnode_modules%252Fjasmine-core%252Flib%252Fjasmine-core%252Fjasmine.js%253F578a1e5ff14db21b04e2d6db7fd0eda37042440c%253A1745%250A%2520%2520%2520%2520at%2520http%253A%252F%252Flocalhost%253A8080%252Fbase%252Fnode_modules%252Fjasmine-core%252Flib%252Fjasmine-core%252Fjasmine.js%253F578a1e5ff14db21b04e2d6db7fd0eda37042440c%253A2348%250A%2520%2520%2520%2520at%2520clearStack%2520(http%253A%252F%252Flocalhost%253A8080%252Fbase%252Fnode_modules%252Fjasmine-core%252Flib%252Fjasmine-core%252Fjasmine.js%253F578a1e5ff14db21b04e2d6db7fd0eda37042440c%253A605)%250A%2520%2520%2520%2520at%2520http%253A%252F%252Flocalhost%253A8080%252Fbase%252Fnode_modules%252Fjasmine-core%252Flib%252Fjasmine-core%252Fjasmine.js%253F578a1e5ff14db21b04e2d6db7fd0eda37042440c%253A1784%250A%2520%2520%2520%2520at%2520http%253A%252F%252Flocalhost%253A8080%252Fbase%252Fnode_modules%252Fjasmine-core%252Flib%252Fjasmine-core%252Fjasmine.js%253F578a1e5ff14db21b04e2d6db7fd0eda37042440c%253A1762%250A%2520%2520%2520%2520at%2520http%253A%252F%252Flocalhost%253A8080%252Fbase%252Fnode_modules%252Fjasmine-core%252Flib%252Fjasmine-core%252Fjasmine.js%253F578a1e5ff14db21b04e2d6db7fd0eda37042440c%253A627%250A%2520%2520%2520%2520at%2520http%253A%252F%252Flocalhost%253A8080%252Fbase%252Fnode_modules%252Fjasmine-core%252Flib%252Fjasmine-core%252Fjasmine.js%253F578a1e5ff14db21b04e2d6db7fd0eda37042440c%253A2354%250A%2520%2520%2520%2520at%2520attemptAsync%2520(http%253A%252F%252Flocalhost%253A8080%252Fbase%252Fnode_modules%252Fjasmine-core%252Flib%252Fjasmine-core%252Fjasmine.js%253F578a1e5ff14db21b04e2d6db7fd0eda37042440c%253A1819)%250A%2520%2520%2520%2520at%2520http%253A%252F%252Flocalhost%253A8080%252Fbase%252Fnode_modules%252Fjasmine-core%252Flib%252Fjasmine-core%252Fjasmine.js%253F578a1e5ff14db21b04e2d6db7fd0eda37042440c%253A1774%250A%2520%2520%2520%2520at%2520http%253A%252F%252Flocalhost%253A8080%252Fbase%252Fnode_modules%252Fjasmine-core%252Flib%252Fjasmine-core%252Fjasmine.js%253F578a1e5ff14db21b04e2d6db7fd0eda37042440c%253A1801%250A%2520%2520%2520%2520at%2520http%253A%252F%252Flocalhost%253A8080%252Fbase%252Fnode_modules%252Fjasmine-core%252Flib%252Fjasmine-core%252Fjasmine.js%253F578a1e5ff14db21b04e2d6db7fd0eda37042440c%253A1745%250A%2520%2520%2520%2520at%2520http%253A%252F%252Flocalhost%253A8080%252Fbase%252Fnode_modules%252Fjasmine-core%252Flib%252Fjasmine-core%252Fjasmine.js%253F578a1e5ff14db21b04e2d6db7fd0eda37042440c%253A2348%250A%2520%2520%2520%2520at%2520clearStack%2520(http%253A%252F%252Flocalhost%253A8080%252Fbase%252Fnode_modules%252Fjasmine-core%252Flib%252Fjasmine-core%252Fjasmine.js%253F578a1e5ff14db21b04e2d6db7fd0eda37042440c%253A605)%250A%2520%2520%2520%2520at%2520http%253A%252F%252Flocalhost%253A8080%252Fbase%252Fnode_modules%252Fjasmine-core%252Flib%252Fjasmine-core%252Fjasmine.js%253F578a1e5ff14db21b04e2d6db7fd0eda37042440c%253A1784%250A%2520%2520%2520%2520at%2520http%253A%252F%252Flocalhost%253A8080%252Fbase%252Fnode_modules%252Fjasmine-core%252Flib%252Fjasmine-core%252Fjasmine.js%253F578a1e5ff14db21b04e2d6db7fd0eda37042440c%253A1762%250A%2520%2520%2520%2520at%2520http%253A%252F%252Flocalhost%253A8080%252Fbase%252Fnode_modules%252Fjasmine-core%252Flib%252Fjasmine-core%252Fjasmine.js%253F578a1e5ff14db21b04e2d6db7fd0eda37042440c%253A627%250A%2520%2520%2520%2520at%2520http%253A%252F%252Flocalhost%253A8080%252Fbase%252Fnode_modules%252Fjasmine-core%252Flib%252Fjasmine-core%252Fjasmine.js%253F578a1e5ff14db21b04e2d6db7fd0eda37042440c%253A2354%250A%2520%2520%2520%2520at%2520attemptAsync%2520(http%253A%252F%252Flocalhost%253A8080%252Fbase%252Fnode_modules%252Fjasmine-core%252Flib%252Fjasmine-core%252Fjasmine.js%253F578a1e5ff14db21b04e2d6db7fd0eda37042440c%253A1819)%250A%2520%2520%2520%2520at%2520http%253A%252F%252Flocalhost%253A8080%252Fbase%252Fnode_modules%252Fjasmine-core%252Flib%252Fjasmine-core%252Fjasmine.js%253F578a1e5ff14db21b04e2d6db7fd0eda37042440c%253A1774%250A%2520%2520%2520%2520at%2520http%253A%252F%252Flocalhost%253A8080%252Fbase%252Fnode_modules%252Fjasmine-core%252Flib%252Fjasmine-core%252Fjasmine.js%253F578a1e5ff14db21b04e2d6db7fd0eda37042440c%253A1762%250A%2520%2520%2520%2520at%2520http%253A%252F%252Flocalhost%253A8080%252Fbase%252Fnode_modules%252Fjasmine-core%252Flib%252Fjasmine-core%252Fjasmine.js%253F578a1e5ff14db21b04e2d6db7fd0eda37042440c%253A627%250A%2520%2520%2520%2520at%2520http%253A%252F%252Flocalhost%253A8080%252Fbase%252Fnode_modules%252Fjasmine-core%252Flib%252Fjasmine-core%252Fjasmine.js%253F578a1e5ff14db21b04e2d6db7fd0eda37042440c%253A2215%250A%2520%2520%2520%2520at%2520http%253A%252F%252Flocalhost%253A8080%252Fbase%252Fnode_modules%252Fjasmine-core%252Flib%252Fjasmine-core%252Fjasmine.js%253F578a1e5ff14db21b04e2d6db7fd0eda37042440c%253A678%250A%2520%2520%2520%2520at%2520http%253A%252F%252Flocalhost%253A8080%252Fbase%252Fnode_modules%252Fkarma-jasmine%252Flib%252Fadapter.js%253F0a69ad1fa10cc8be0a12b241227d3b834f82db4f%253A317%250A%2520%2520%2520%2520at%2520http%253A%252F%252Flocalhost%253A8080%252Fkarma.js%253A185%250A%2520%2520%2520%2520at%2520http%253A%252F%252Flocalhost%253A8080%252Fcontext.html%253A127%0A%20%20%20%20at%20http%3A%2F%2Flocalhost%3A8080%2Fbase%2Fapp%2Fvendor%2Fangular%2Fangular.js%3F9d140432f81858ac1e7888708720d419d147ffa9%3A4379%0A%20%20%20%20at%20forEach%20(http%3A%2F%2Flocalhost%3A8080%2Fbase%2Fapp%2Fvendor%2Fangular%2Fangular.js%3F9d140432f81858ac1e7888708720d419d147ffa9%3A336)%0A%20%20%20%20at%20loadModules%20(http%3A%2F%2Flocalhost%3A8080%2Fbase%2Fapp%2Fvendor%2Fangular%2Fangular.js%3F9d140432f81858ac1e7888708720d419d147ffa9%3A4381)%0A%20%20%20%20at%20http%3A%2F%2Flocalhost%3A8080%2Fbase%2Fapp%2Fvendor%2Fangular%2Fangular.js%3F9d140432f81858ac1e7888708720d419d147ffa9%3A4356%0A%20%20%20%20at%20forEach%20(http%3A%2F%2Flocalhost%3A8080%2Fbase%2Fapp%2Fvendor%2Fangular%2Fangular.js%3F9d140432f81858ac1e7888708720d419d147ffa9%3A336)%0A%20%20%20%20at%20loadModules%20(http%3A%2F%2Flocalhost%3A8080%2Fbase%2Fapp%2Fvendor%2Fangular%2Fangular.js%3F9d140432f81858ac1e7888708720d419d147ffa9%3A4381)%0A%20%20%20%20at%20createInjector%20(http%3A%2F%2Flocalhost%3A8080%2Fbase%2Fapp%2Fvendor%2Fangular%2Fangular.js%3F9d140432f81858ac1e7888708720d419d147ffa9%3A4265)%0A%20%20%20%20at%20workFn%20(http%3A%2F%2Flocalhost%3A8080%2Fbase%2Fapp%2Fvendor%2Fangular-mocks%2Fangular-mocks.js%3F6fe041cc8bb7a17f894cb12d8b0d44b12644f10a%3A2409)%0A%20%20%20%20at%20attemptSync%20(http%3A%2F%2Flocalhost%3A8080%2Fbase%2Fnode_modules%2Fjasmine-core%2Flib%2Fjasmine-core%2Fjasmine.js%3F578a1e5ff14db21b04e2d6db7fd0eda37042440c%3A1789)%0A%20%20%20%20at%20http%3A%2F%2Flocalhost%3A8080%2Fbase%2Fnode_modules%2Fjasmine-core%2Flib%2Fjasmine-core%2Fjasmine.js%3F578a1e5ff14db21b04e2d6db7fd0eda37042440c%3A1777%0A%20%20%20%20at%20http%3A%2F%2Flocalhost%3A8080%2Fbase%2Fnode_modules%2Fjasmine-core%2Flib%2Fjasmine-core%2Fjasmine.js%3F578a1e5ff14db21b04e2d6db7fd0eda37042440c%3A1762%0A%20%20%20%20at%20http%3A%2F%2Flocalhost%3A8080%2Fbase%2Fnode_modules%2Fjasmine-core%2Flib%2Fjasmine-core%2Fjasmine.js%3F578a1e5ff14db21b04e2d6db7fd0eda37042440c%3A627%0A%20%20%20%20at%20http%3A%2F%2Flocalhost%3A8080%2Fbase%2Fnode_modules%2Fjasmine-core%2Flib%2Fjasmine-core%2Fjasmine.js%3F578a1e5ff14db21b04e2d6db7fd0eda37042440c%3A357%0A%20%20%20%20at%20http%3A%2F%2Flocalhost%3A8080%2Fbase%2Fnode_modules%2Fjasmine-core%2Flib%2Fjasmine-core%2Fjasmine.js%3F578a1e5ff14db21b04e2d6db7fd0eda37042440c%3A2360%0A%20%20%20%20at%20attemptAsync%20(http%3A%2F%2Flocalhost%3A8080%2Fbase%2Fnode_modules%2Fjasmine-core%2Flib%2Fjasmine-core%2Fjasmine.js%3F578a1e5ff14db21b04e2d6db7fd0eda37042440c%3A1819)%0A%20%20%20%20at%20http%3A%2F%2Flocalhost%3A8080%2Fbase%2Fnode_modules%2Fjasmine-core%2Flib%2Fjasmine-core%2Fjasmine.js%3F578a1e5ff14db21b04e2d6db7fd0eda37042440c%3A1774%0A%20%20%20%20at%20http%3A%2F%2Flocalhost%3A8080%2Fbase%2Fnode_modules%2Fjasmine-core%2Flib%2Fjasmine-core%2Fjasmine.js%3F578a1e5ff14db21b04e2d6db7fd0eda37042440c%3A1801%0A%20%20%20%20at%20http%3A%2F%2Flocalhost%3A8080%2Fbase%2Fnode_modules%2Fjasmine-core%2Flib%2Fjasmine-core%2Fjasmine.js%3F578a1e5ff14db21b04e2d6db7fd0eda37042440c%3A1745%0A%20%20%20%20at%20complete%20(http%3A%2F%2Flocalhost%3A8080%2Fbase%2Fnode_modules%2Fjasmine-core%2Flib%2Fjasmine-core%2Fjasmine.js%3F578a1e5ff14db21b04e2d6db7fd0eda37042440c%3A365)%0A%20%20%20%20at%20clearStack%20(http%3A%2F%2Flocalhost%3A8080%2Fbase%2Fnode_modules%2Fjasmine-core%2Flib%2Fjasmine-core%2Fjasmine.js%3F578a1e5ff14db21b04e2d6db7fd0eda37042440c%3A605)%0A%20%20%20%20at%20http%3A%2F%2Flocalhost%3A8080%2Fbase%2Fnode_modules%2Fjasmine-core%2Flib%2Fjasmine-core%2Fjasmine.js%3F578a1e5ff14db21b04e2d6db7fd0eda37042440c%3A1784%0A%20%20%20%20at%20http%3A%2F%2Flocalhost%3A8080%2Fbase%2Fnode_modules%2Fjasmine-core%2Flib%2Fjasmine-core%2Fjasmine.js%3F578a1e5ff14db21b04e2d6db7fd0eda37042440c%3A1762%0A%20%20%20%20at%20http%3A%2F%2Flocalhost%3A8080%2Fbase%2Fnode_modules%2Fjasmine-core%2Flib%2Fjasmine-core%2Fjasmine.js%3F578a1e5ff14db21b04e2d6db7fd0eda37042440c%3A627%0A%20%20%20%20at%20http%3A%2F%2Flocalhost%3A8080%2Fbase%2Fnode_modules%2Fjasmine-core%2Flib%2Fjasmine-core%2Fjasmine.js%3F578a1e5ff14db21b04e2d6db7fd0eda37042440c%3A357%0A%20%20%20%20at%20http%3A%2F%2Flocalhost%3A8080%2Fbase%2Fnode_modules%2Fjasmine-core%2Flib%2Fjasmine-core%2Fjasmine.js%3F578a1e5ff14db21b04e2d6db7fd0eda37042440c%3A2360%0A%20%20%20%20at%20attemptAsync%20(http%3A%2F%2Flocalhost%3A8080%2Fbase%2Fnode_modules%2Fjasmine-core%2Flib%2Fjasmine-core%2Fjasmine.js%3F578a1e5ff14db21b04e2d6db7fd0eda37042440c%3A1819)%0A%20%20%20%20at%20http%3A%2F%2Flocalhost%3A8080%2Fbase%2Fnode_modules%2Fjasmine-core%2Flib%2Fjasmine-core%2Fjasmine.js%3F578a1e5ff14db21b04e2d6db7fd0eda37042440c%3A1774%0A%20%20%20%20at%20http%3A%2F%2Flocalhost%3A8080%2Fbase%2Fnode_modules%2Fjasmine-core%2Flib%2Fjasmine-core%2Fjasmine.js%3F578a1e5ff14db21b04e2d6db7fd0eda37042440c%3A1801%0A%20%20%20%20at%20http%3A%2F%2Flocalhost%3A8080%2Fbase%2Fnode_modules%2Fjasmine-core%2Flib%2Fjasmine-core%2Fjasmine.js%3F578a1e5ff14db21b04e2d6db7fd0eda37042440c%3A1745%0A%20%20%20%20at%20complete%20(http%3A%2F%2Flocalhost%3A8080%2Fbase%2Fnode_modules%2Fjasmine-core%2Flib%2Fjasmine-core%2Fjasmine.js%3F578a1e5ff14db21b04e2d6db7fd0eda37042440c%3A365)%0A%20%20%20%20at%20clearStack%20(http%3A%2F%2Flocalhost%3A8080%2Fbase%2Fnode_modules%2Fjasmine-core%2Flib%2Fjasmine-core%2Fjasmine.js%3F578a1e5ff14db21b04e2d6db7fd0eda37042440c%3A605)%0A%20%20%20%20at%20http%3A%2F%2Flocalhost%3A8080%2Fbase%2Fnode_modules%2Fjasmine-core%2Flib%2Fjasmine-core%2Fjasmine.js%3F578a1e5ff14db21b04e2d6db7fd0eda37042440c%3A1784%0A%20%20%20%20at%20http%3A%2F%2Flocalhost%3A8080%2Fbase%2Fnode_modules%2Fjasmine-core%2Flib%2Fjasmine-core%2Fjasmine.js%3F578a1e5ff14db21b04e2d6db7fd0eda37042440c%3A1762%0A%20%20%20%20at%20http%3A%2F%2Flocalhost%3A8080%2Fbase%2Fnode_modules%2Fjasmine-core%2Flib%2Fjasmine-core%2Fjasmine.js%3F578a1e5ff14db21b04e2d6db7fd0eda37042440c%3A627%0A%20%20%20%20at%20http%3A%2F%2Flocalhost%3A8080%2Fbase%2Fnode_modules%2Fjasmine-core%2Flib%2Fjasmine-core%2Fjasmine.js%3F578a1e5ff14db21b04e2d6db7fd0eda37042440c%3A357%0A%20%20%20%20at%20http%3A%2F%2Flocalhost%3A8080%2Fbase%2Fnode_modules%2Fjasmine-core%2Flib%2Fjasmine-core%2Fjasmine.js%3F578a1e5ff14db21b04e2d6db7fd0eda37042440c%3A2360%0A%20%20%20%20at%20attemptAsync%20(http%3A%2F%2Flocalhost%3A8080%2Fbase%2Fnode_modules%2Fjasmine-core%2Flib%2Fjasmine-core%2Fjasmine.js%3F578a1e5ff14db21b04e2d6db7fd0eda37042440c%3A1819)%0A%20%20%20%20at%20http%3A%2F%2Flocalhost%3A8080%2Fbase%2Fnode_modules%2Fjasmine-core%2Flib%2Fjasmine-core%2Fjasmine.js%3F578a1e5ff14db21b04e2d6db7fd0eda37042440c%3A1774%0A%20%20%20%20at%20http%3A%2F%2Flocalhost%3A8080%2Fbase%2Fnode_modules%2Fjasmine-core%2Flib%2Fjasmine-core%2Fjasmine.js%3F578a1e5ff14db21b04e2d6db7fd0eda37042440c%3A1762%0A%20%20%20%20at%20http%3A%2F%2Flocalhost%3A8080%2Fbase%2Fnode_modules%2Fjasmine-core%2Flib%2Fjasmine-core%2Fjasmine.js%3F578a1e5ff14db21b04e2d6db7fd0eda37042440c%3A627%0A%20%20%20%20at%20http%3A%2F%2Flocalhost%3A8080%2Fbase%2Fnode_modules%2Fjasmine-core%2Flib%2Fjasmine-core%2Fjasmine.js%3F578a1e5ff14db21b04e2d6db7fd0eda37042440c%3A2354%0A%20%20%20%20at%20attemptAsync%20(http%3A%2F%2Flocalhost%3A8080%2Fbase%2Fnode_modules%2Fjasmine-core%2Flib%2Fjasmine-core%2Fjasmine.js%3F578a1e5ff14db21b04e2d6db7fd0eda37042440c%3A1819)%0A%20%20%20%20at%20http%3A%2F%2Flocalhost%3A8080%2Fbase%2Fnode_modules%2Fjasmine-core%2Flib%2Fjasmine-core%2Fjasmine.js%3F578a1e5ff14db21b04e2d6db7fd0eda37042440c%3A1774%0A%20%20%20%20at%20http%3A%2F%2Flocalhost%3A8080%2Fbase%2Fnode_modules%2Fjasmine-core%2Flib%2Fjasmine-core%2Fjasmine.js%3F578a1e5ff14db21b04e2d6db7fd0eda37042440c%3A1801%0A%20%20%20%20at%20http%3A%2F%2Flocalhost%3A8080%2Fbase%2Fnode_modules%2Fjasmine-core%2Flib%2Fjasmine-core%2Fjasmine.js%3F578a1e5ff14db21b04e2d6db7fd0eda37042440c%3A1745%0A%20%20%20%20at%20http%3A%2F%2Flocalhost%3A8080%2Fbase%2Fnode_modules%2Fjasmine-core%2Flib%2Fjasmine-core%2Fjasmine.js%3F578a1e5ff14db21b04e2d6db7fd0eda37042440c%3A2348%0A%20%20%20%20at%20clearStack%20(http%3A%2F%2Flocalhost%3A8080%2Fbase%2Fnode_modules%2Fjasmine-core%2Flib%2Fjasmine-core%2Fjasmine.js%3F578a1e5ff14db21b04e2d6db7fd0eda37042440c%3A605)%0A%20%20%20%20at%20http%3A%2F%2Flocalhost%3A8080%2Fbase%2Fnode_modules%2Fjasmine-core%2Flib%2Fjasmine-core%2Fjasmine.js%3F578a1e5ff14db21b04e2d6db7fd0eda37042440c%3A1784%0A%20%20%20%20at%20http%3A%2F%2Flocalhost%3A8080%2Fbase%2Fnode_modules%2Fjasmine-core%2Flib%2Fjasmine-core%2Fjasmine.js%3F578a1e5ff14db21b04e2d6db7fd0eda37042440c%3A1762%0A%20%20%20%20at%20http%3A%2F%2Flocalhost%3A8080%2Fbase%2Fnode_modules%2Fjasmine-core%2Flib%2Fjasmine-core%2Fjasmine.js%3F578a1e5ff14db21b04e2d6db7fd0eda37042440c%3A627%0A%20%20%20%20at%20http%3A%2F%2Flocalhost%3A8080%2Fbase%2Fnode_modules%2Fjasmine-core%2Flib%2Fjasmine-core%2Fjasmine.js%3F578a1e5ff14db21b04e2d6db7fd0eda37042440c%3A2354%0A%20%20%20%20at%20attemptAsync%20(http%3A%2F%2Flocalhost%3A8080%2Fbase%2Fnode_modules%2Fjasmine-core%2Flib%2Fjasmine-core%2Fjasmine.js%3F578a1e5ff14db21b04e2d6db7fd0eda37042440c%3A1819)%0A%20%20%20%20at%20http%3A%2F%2Flocalhost%3A8080%2Fbase%2Fnode_modules%2Fjasmine-core%2Flib%2Fjasmine-core%2Fjasmine.js%3F578a1e5ff14db21b04e2d6db7fd0eda37042440c%3A1774%0A%20%20%20%20at%20http%3A%2F%2Flocalhost%3A8080%2Fbase%2Fnode_modules%2Fjasmine-core%2Flib%2Fjasmine-core%2Fjasmine.js%3F578a1e5ff14db21b04e2d6db7fd0eda37042440c%3A1801%0A%20%20%20%20at%20http%3A%2F%2Flocalhost%3A8080%2Fbase%2Fnode_modules%2Fjasmine-core%2Flib%2Fjasmine-core%2Fjasmine.js%3F578a1e5ff14db21b04e2d6db7fd0eda37042440c%3A1745%0A%20%20%20%20at%20http%3A%2F%2Flocalhost%3A8080%2Fbase%2Fnode_modules%2Fjasmine-core%2Flib%2Fjasmine-core%2Fjasmine.js%3F578a1e5ff14db21b04e2d6db7fd0eda37042440c%3A2348%0A%20%20%20%20at%20clearStack%20(http%3A%2F%2Flocalhost%3A8080%2Fbase%2Fnode_modules%2Fjasmine-core%2Flib%2Fjasmine-core%2Fjasmine.js%3F578a1e5ff14db21b04e2d6db7fd0eda37042440c%3A605)%0A%20%20%20%20at%20http%3A%2F%2Flocalhost%3A8080%2Fbase%2Fnode_modules%2Fjasmine-core%2Flib%2Fjasmine-core%2Fjasmine.js%3F578a1e5ff14db21b04e2d6db7fd0eda37042440c%3A1784%0A%20%20%20%20at%20http%3A%2F%2Flocalhost%3A8080%2Fbase%2Fnode_modules%2Fjasmine-core%2Flib%2Fjasmine-core%2Fjasmine.js%3F578a1e5ff14db21b04e2d6db7fd0eda37042440c%3A1762%0A%20%20%20%20at%20http%3A%2F%2Flocalhost%3A8080%2Fbase%2Fnode_modules%2Fjasmine-core%2Flib%2Fjasmine-core%2Fjasmine.js%3F578a1e5ff14db21b04e2d6db7fd0eda37042440c%3A627%0A%20%20%20%20at%20http%3A%2F%2Flocalhost%3A8080%2Fbase%2Fnode_modules%2Fjasmine-core%2Flib%2Fjasmine-core%2Fjasmine.js%3F578a1e5ff14db21b04e2d6db7fd0eda37042440c%3A2354%0A%20%20%20%20at%20attemptAsync%20(http%3A%2F%2Flocalhost%3A8080%2Fbase%2Fnode_modules%2Fjasmine-core%2Flib%2Fjasmine-core%2Fjasmine.js%3F578a1e5ff14db21b04e2d6db7fd0eda37042440c%3A1819)%0A%20%20%20%20at%20http%3A%2F%2Flocalhost%3A8080%2Fbase%2Fnode_modules%2Fjasmine-core%2Flib%2Fjasmine-core%2Fjasmine.js%3F578a1e5ff14db21b04e2d6db7fd0eda37042440c%3A1774%0A%20%20%20%20at%20http%3A%2F%2Flocalhost%3A8080%2Fbase%2Fnode_modules%2Fjasmine-core%2Flib%2Fjasmine-core%2Fjasmine.js%3F578a1e5ff14db21b04e2d6db7fd0eda37042440c%3A1801%0A%20%20%20%20at%20http%3A%2F%2Flocalhost%3A8080%2Fbase%2Fnode_modules%2Fjasmine-core%2Flib%2Fjasmine-core%2Fjasmine.js%3F578a1e5ff14db21b04e2d6db7fd0eda37042440c%3A1745%0A%20%20%20%20at%20http%3A%2F%2Flocalhost%3A8080%2Fbase%2Fnode_modules%2Fjasmine-core%2Flib%2Fjasmine-core%2Fjasmine.js%3F578a1e5ff14db21b04e2d6db7fd0eda37042440c%3A2348%0A%20%20%20%20at%20clearStack%20(http%3A%2F%2Flocalhost%3A8080%2Fbase%2Fnode_modules%2Fjasmine-core%2Flib%2Fjasmine-core%2Fjasmine.js%3F578a1e5ff14db21b04e2d6db7fd0eda37042440c%3A605)%0A%20%20%20%20at%20http%3A%2F%2Flocalhost%3A8080%2Fbase%2Fnode_modules%2Fjasmine-core%2Flib%2Fjasmine-core%2Fjasmine.js%3F578a1e5ff14db21b04e2d6db7fd0eda37042440c%3A1784%0A%20%20%20%20at%20http%3A%2F%2Flocalhost%3A8080%2Fbase%2Fnode_modules%2Fjasmine-core%2Flib%2Fjasmine-core%2Fjasmine.js%3F578a1e5ff14db21b04e2d6db7fd0eda37042440c%3A1801%0A%20%20%20%20at%20http%3A%2F%2Flocalhost%3A8080%2Fbase%2Fnode_modules%2Fjasmine-core%2Flib%2Fjasmine-core%2Fjasmine.js%3F578a1e5ff14db21b04e2d6db7fd0eda37042440c%3A1745%0A%20%20%20%20at%20complete%20(http%3A%2F%2Flocalhost%3A8080%2Fbase%2Fnode_modules%2Fjasmine-core%2Flib%2Fjasmine-core%2Fjasmine.js%3F578a1e5ff14db21b04e2d6db7fd0eda37042440c%3A365)%0A%20%20%20%20at%20clearStack%20(http%3A%2F%2Flocalhost%3A8080%2Fbase%2Fnode_modules%2Fjasmine-core%2Flib%2Fjasmine-core%2Fjasmine.js%3F578a1e5ff14db21b04e2d6db7fd0eda37042440c%3A605)%0A%20%20%20%20at%20http%3A%2F%2Flocalhost%3A8080%2Fbase%2Fnode_modules%2Fjasmine-core%2Flib%2Fjasmine-core%2Fjasmine.js%3F578a1e5ff14db21b04e2d6db7fd0eda37042440c%3A1784%0A%20%20%20%20at%20http%3A%2F%2Flocalhost%3A8080%2Fbase%2Fnode_modules%2Fjasmine-core%2Flib%2Fjasmine-core%2Fjasmine.js%3F578a1e5ff14db21b04e2d6db7fd0eda37042440c%3A1762%0A%20%20%20%20at%20http%3A%2F%2Flocalhost%3A8080%2Fbase%2Fnode_modules%2Fjasmine-core%2Flib%2Fjasmine-core%2Fjasmine.js%3F578a1e5ff14db21b04e2d6db7fd0eda37042440c%3A627%0A%20%20%20%20at%20http%3A%2F%2Flocalhost%3A8080%2Fbase%2Fnode_modules%2Fjasmine-core%2Flib%2Fjasmine-core%2Fjasmine.js%3F578a1e5ff14db21b04e2d6db7fd0eda37042440c%3A357%0A%20%20%20%20at%20http%3A%2F%2Flocalhost%3A8080%2Fbase%2Fnode_modules%2Fjasmine-core%2Flib%2Fjasmine-core%2Fjasmine.js%3F578a1e5ff14db21b04e2d6db7fd0eda37042440c%3A2360%0A%20%20%20%20at%20attemptAsync%20(http%3A%2F%2Flocalhost%3A8080%2Fbase%2Fnode_modules%2Fjasmine-core%2Flib%2Fjasmine-core%2Fjasmine.js%3F578a1e5ff14db21b04e2d6db7fd0eda37042440c%3A1819)%0A%20%20%20%20at%20http%3A%2F%2Flocalhost%3A8080%2Fbase%2Fnode_modules%2Fjasmine-core%2Flib%2Fjasmine-core%2Fjasmine.js%3F578a1e5ff14db21b04e2d6db7fd0eda37042440c%3A1774%0A%20%20%20%20at%20http%3A%2F%2Flocalhost%3A8080%2Fbase%2Fnode_modules%2Fjasmine-core%2Flib%2Fjasmine-core%2Fjasmine.js%3F578a1e5ff14db21b04e2d6db7fd0eda37042440c%3A1801%0A%20%20%20%20at%20http%3A%2F%2Flocalhost%3A8080%2Fbase%2Fnode_modules%2Fjasmine-core%2Flib%2Fjasmine-core%2Fjasmine.js%3F578a1e5ff14db21b04e2d6db7fd0eda37042440c%3A1745%0A%20%20%20%20at%20complete%20(http%3A%2F%2Flocalhost%3A8080%2Fbase%2Fnode_modules%2Fjasmine-core%2Flib%2Fjasmine-core%2Fjasmine.js%3F578a1e5ff14db21b04e2d6db7fd0eda37042440c%3A365)%0A%20%20%20%20at%20clearStack%20(http%3A%2F%2Flocalhost%3A8080%2Fbase%2Fnode_modules%2Fjasmine-core%2Flib%2Fjasmine-core%2Fjasmine.js%3F578a1e5ff14db21b04e2d6db7fd0eda37042440c%3A605)%0A%20%20%20%20at%20http%3A%2F%2Flocalhost%3A8080%2Fbase%2Fnode_modules%2Fjasmine-core%2Flib%2Fjasmine-core%2Fjasmine.js%3F578a1e5ff14db21b04e2d6db7fd0eda37042440c%3A1784%0A%20%20%20%20at%20http%3A%2F%2Flocalhost%3A8080%2Fbase%2Fnode_modules%2Fjasmine-core%2Flib%2Fjasmine-core%2Fjasmine.js%3F578a1e5ff14db21b04e2d6db7fd0eda37042440c%3A1762%0A%20%20%20%20at%20http%3A%2F%2Flocalhost%3A8080%2Fbase%2Fnode_modules%2Fjasmine-core%2Flib%2Fjasmine-core%2Fjasmine.js%3F578a1e5ff14db21b04e2d6db7fd0eda37042440c%3A627%0A%20%20%20%20at%20http%3A%2F%2Flocalhost%3A8080%2Fbase%2Fnode_modules%2Fjasmine-core%2Flib%2Fjasmine-core%2Fjasmine.js%3F578a1e5ff14db21b04e2d6db7fd0eda37042440c%3A357%0A%20%20%20%20at%20http%3A%2F%2Flocalhost%3A8080%2Fbase%2Fnode_modules%2Fjasmine-core%2Flib%2Fjasmine-core%2Fjasmine.js%3F578a1e5ff14db21b04e2d6db7fd0eda37042440c%3A2360%0A%20%20%20%20at%20attemptAsync%20(http%3A%2F%2Flocalhost%3A8080%2Fbase%2Fnode_modules%2Fjasmine-core%2Flib%2Fjasmine-core%2Fjasmine.js%3F578a1e5ff14db21b04e2d6db7fd0eda37042440c%3A1819)%0A%20%20%20%20at%20http%3A%2F%2Flocalhost%3A8080%2Fbase%2Fnode_modules%2Fjasmine-core%2Flib%2Fjasmine-core%2Fjasmine.js%3F578a1e5ff14db21b04e2d6db7fd0eda37042440c%3A1774%0A%20%20%20%20at%20http%3A%2F%2Flocalhost%3A8080%2Fbase%2Fnode_modules%2Fjasmine-core%2Flib%2Fjasmine-core%2Fjasmine.js%3F578a1e5ff14db21b04e2d6db7fd0eda37042440c%3A1762%0A%20%20%20%20at%20http%3A%2F%2Flocalhost%3A8080%2Fbase%2Fnode_modules%2Fjasmine-core%2Flib%2Fjasmine-core%2Fjasmine.js%3F578a1e5ff14db21b04e2d6db7fd0eda37042440c%3A627%0A%20%20%20%20at%20http%3A%2F%2Flocalhost%3A8080%2Fbase%2Fnode_modules%2Fjasmine-core%2Flib%2Fjasmine-core%2Fjasmine.js%3F578a1e5ff14db21b04e2d6db7fd0eda37042440c%3A2354%0A%20%20%20%20at%20attemptAsync%20(http%3A%2F%2Flocalhost%3A8080%2Fbase%2Fnode_modules%2Fjasmine-core%2Flib%2Fjasmine-core%2Fjasmine.js%3F578a1e5ff14db21b04e2d6db7fd0eda37042440c%3A1819)%0A%20%20%20%20at%20http%3A%2F%2Flocalhost%3A8080%2Fbase%2Fnode_modules%2Fjasmine-core%2Flib%2Fjasmine-core%2Fjasmine.js%3F578a1e5ff14db21b04e2d6db7fd0eda37042440c%3A1774%0A%20%20%20%20at%20http%3A%2F%2Flocalhost%3A8080%2Fbase%2Fnode_modules%2Fjasmine-core%2Flib%2Fjasmine-core%2Fjasmine.js%3F578a1e5ff14db21b04e2d6db7fd0eda37042440c%3A1801%0A%20%20%20%20at%20http%3A%2F%2Flocalhost%3A8080%2Fbase%2Fnode_modules%2Fjasmine-core%2Flib%2Fjasmine-core%2Fjasmine.js%3F578a1e5ff14db21b04e2d6db7fd0eda37042440c%3A1745%0A%20%20%20%20at%20http%3A%2F%2Flocalhost%3A8080%2Fbase%2Fnode_modules%2Fjasmine-core%2Flib%2Fjasmine-core%2Fjasmine.js%3F578a1e5ff14db21b04e2d6db7fd0eda37042440c%3A2348%0A%20%20%20%20at%20clearStack%20(http%3A%2F%2Flocalhost%3A8080%2Fbase%2Fnode_modules%2Fjasmine-core%2Flib%2Fjasmine-core%2Fjasmine.js%3F578a1e5ff14db21b04e2d6db7fd0eda37042440c%3A605)%0A%20%20%20%20at%20http%3A%2F%2Flocalhost%3A8080%2Fbase%2Fnode_modules%2Fjasmine-core%2Flib%2Fjasmine-core%2Fjasmine.js%3F578a1e5ff14db21b04e2d6db7fd0eda37042440c%3A1784%0A%20%20%20%20at%20http%3A%2F%2Flocalhost%3A8080%2Fbase%2Fnode_modules%2Fjasmine-core%2Flib%2Fjasmine-core%2Fjasmine.js%3F578a1e5ff14db21b04e2d6db7fd0eda37042440c%3A1762%0A%20%20%20%20at%20http%3A%2F%2Flocalhost%3A8080%2Fbase%2Fnode_modules%2Fjasmine-core%2Flib%2Fjasmine-core%2Fjasmine.js%3F578a1e5ff14db21b04e2d6db7fd0eda37042440c%3A627%0A%20%20%20%20at%20http%3A%2F%2Flocalhost%3A8080%2Fbase%2Fnode_modules%2Fjasmine-core%2Flib%2Fjasmine-core%2Fjasmine.js%3F578a1e5ff14db21b04e2d6db7fd0eda37042440c%3A2354%0A%20%20%20%20at%20attemptAsync%20(http%3A%2F%2Flocalhost%3A8080%2Fbase%2Fnode_modules%2Fjasmine-core%2Flib%2Fjasmine-core%2Fjasmine.js%3F578a1e5ff14db21b04e2d6db7fd0eda37042440c%3A1819)%0A%20%20%20%20at%20http%3A%2F%2Flocalhost%3A8080%2Fbase%2Fnode_modules%2Fjasmine-core%2Flib%2Fjasmine-core%2Fjasmine.js%3F578a1e5ff14db21b04e2d6db7fd0eda37042440c%3A1774%0A%20%20%20%20at%20http%3A%2F%2Flocalhost%3A8080%2Fbase%2Fnode_modules%2Fjasmine-core%2Flib%2Fjasmine-core%2Fjasmine.js%3F578a1e5ff14db21b04e2d6db7fd0eda37042440c%3A1801%0A%20%20%20%20at%20http%3A%2F%2Flocalhost%3A8080%2Fbase%2Fnode_modules%2Fjasmine-core%2Flib%2Fjasmine-core%2Fjasmine.js%3F578a1e5ff14db21b04e2d6db7fd0eda37042440c%3A1745%0A%20%20%20%20at%20http%3A%2F%2Flocalhost%3A8080%2Fbase%2Fnode_modules%2Fjasmine-core%2Flib%2Fjasmine-core%2Fjasmine.js%3F578a1e5ff14db21b04e2d6db7fd0eda37042440c%3A2348%0A%20%20%20%20at%20clearStack%20(http%3A%2F%2Flocalhost%3A8080%2Fbase%2Fnode_modules%2Fjasmine-core%2Flib%2Fjasmine-core%2Fjasmine.js%3F578a1e5ff14db21b04e2d6db7fd0eda37042440c%3A605)%0A%20%20%20%20at%20http%3A%2F%2Flocalhost%3A8080%2Fbase%2Fnode_modules%2Fjasmine-core%2Flib%2Fjasmine-core%2Fjasmine.js%3F578a1e5ff14db21b04e2d6db7fd0eda37042440c%3A1784%0A%20%20%20%20at%20http%3A%2F%2Flocalhost%3A8080%2Fbase%2Fnode_modules%2Fjasmine-core%2Flib%2Fjasmine-core%2Fjasmine.js%3F578a1e5ff14db21b04e2d6db7fd0eda37042440c%3A1762%0A%20%20%20%20at%20http%3A%2F%2Flocalhost%3A8080%2Fbase%2Fnode_modules%2Fjasmine-core%2Flib%2Fjasmine-core%2Fjasmine.js%3F578a1e5ff14db21b04e2d6db7fd0eda37042440c%3A627%0A%20%20%20%20at%20http%3A%2F%2Flocalhost%3A8080%2Fbase%2Fnode_modules%2Fjasmine-core%2Flib%2Fjasmine-core%2Fjasmine.js%3F578a1e5ff14db21b04e2d6db7fd0eda37042440c%3A2354%0A%20%20%20%20at%20attemptAsync%20(http%3A%2F%2Flocalhost%3A8080%2Fbase%2Fnode_modules%2Fjasmine-core%2Flib%2Fjasmine-core%2Fjasmine.js%3F578a1e5ff14db21b04e2d6db7fd0eda37042440c%3A1819)%0A%20%20%20%20at%20http%3A%2F%2Flocalhost%3A8080%2Fbase%2Fnode_modules%2Fjasmine-core%2Flib%2Fjasmine-core%2Fjasmine.js%3F578a1e5ff14db21b04e2d6db7fd0eda37042440c%3A1774%0A%20%20%20%20at%20http%3A%2F%2Flocalhost%3A8080%2Fbase%2Fnode_modules%2Fjasmine-core%2Flib%2Fjasmine-core%2Fjasmine.js%3F578a1e5ff14db21b04e2d6db7fd0eda37042440c%3A1801%0A%20%20%20%20at%20http%3A%2F%2Flocalhost%3A8080%2Fbase%2Fnode_modules%2Fjasmine-core%2Flib%2Fjasmine-core%2Fjasmine.js%3F578a1e5ff14db21b04e2d6db7fd0eda37042440c%3A1745%0A%20%20%20%20at%20http%3A%2F%2Flocalhost%3A8080%2Fbase%2Fnode_modules%2Fjasmine-core%2Flib%2Fjasmine-core%2Fjasmine.js%3F578a1e5ff14db21b04e2d6db7fd0eda37042440c%3A2348%0A%20%20%20%20at%20clearStack%20(http%3A%2F%2Flocalhost%3A8080%2Fbase%2Fnode_modules%2Fjasmine-core%2Flib%2Fjasmine-core%2Fjasmine.js%3F578a1e5ff14db21b04e2d6db7fd0eda37042440c%3A605)%0A%20%20%20%20at%20http%3A%2F%2Flocalhost%3A8080%2Fbase%2Fnode_modules%2Fjasmine-core%2Flib%2Fjasmine-core%2Fjasmine.js%3F578a1e5ff14db21b04e2d6db7fd0eda37042440c%3A1784%0A%20%20%20%20at%20http%3A%2F%2Flocalhost%3A8080%2Fbase%2Fnode_modules%2Fjasmine-core%2Flib%2Fjasmine-core%2Fjasmine.js%3F578a1e5ff14db21b04e2d6db7fd0eda37042440c%3A1762%0A%20%20%20%20at%20http%3A%2F%2Flocalhost%3A8080%2Fbase%2Fnode_modules%2Fjasmine-core%2Flib%2Fjasmine-core%2Fjasmine.js%3F578a1e5ff14db21b04e2d6db7fd0eda37042440c%3A627%0A%20%20%20%20at%20http%3A%2F%2Flocalhost%3A8080%2Fbase%2Fnode_modules%2Fjasmine-core%2Flib%2Fjasmine-core%2Fjasmine.js%3F578a1e5ff14db21b04e2d6db7fd0eda37042440c%3A2354%0A%20%20%20%20at%20attemptAsync%20(http%3A%2F%2Flocalhost%3A8080%2Fbase%2Fnode_modules%2Fjasmine-core%2Flib%2Fjasmine-core%2Fjasmine.js%3F578a1e5ff14db21b04e2d6db7fd0eda37042440c%3A1819)%0A%20%20%20%20at%20http%3A%2F%2Flocalhost%3A8080%2Fbase%2Fnode_modules%2Fjasmine-core%2Flib%2Fjasmine-core%2Fjasmine.js%3F578a1e5ff14db21b04e2d6db7fd0eda37042440c%3A1774%0A%20%20%20%20at%20http%3A%2F%2Flocalhost%3A8080%2Fbase%2Fnode_modules%2Fjasmine-core%2Flib%2Fjasmine-core%2Fjasmine.js%3F578a1e5ff14db21b04e2d6db7fd0eda37042440c%3A1801%0A%20%20%20%20at%20http%3A%2F%2Flocalhost%3A8080%2Fbase%2Fnode_modules%2Fjasmine-core%2Flib%2Fjasmine-core%2Fjasmine.js%3F578a1e5ff14db21b04e2d6db7fd0eda37042440c%3A1745%0A%20%20%20%20at%20http%3A%2F%2Flocalhost%3A8080%2Fbase%2Fnode_modules%2Fjasmine-core%2Flib%2Fjasmine-core%2Fjasmine.js%3F578a1e5ff14db21b04e2d6db7fd0eda37042440c%3A2348%0A%20%20%20%20at%20clearStack%20(http%3A%2F%2Flocalhost%3A8080%2Fbase%2Fnode_modules%2Fjasmine-core%2Flib%2Fjasmine-core%2Fjasmine.js%3F578a1e5ff14db21b04e2d6db7fd0eda37042440c%3A605)%0A%20%20%20%20at%20http%3A%2F%2Flocalhost%3A8080%2Fbase%2Fnode_modules%2Fjasmine-core%2Flib%2Fjasmine-core%2Fjasmine.js%3F578a1e5ff14db21b04e2d6db7fd0eda37042440c%3A1784%0A%20%20%20%20at%20http%3A%2F%2Flocalhost%3A8080%2Fbase%2Fnode_modules%2Fjasmine-core%2Flib%2Fjasmine-core%2Fjasmine.js%3F578a1e5ff14db21b04e2d6db7fd0eda37042440c%3A1762%0A%20%20%20%20at%20http%3A%2F%2Flocalhost%3A8080%2Fbase%2Fnode_modules%2Fjasmine-core%2Flib%2Fjasmine-core%2Fjasmine.js%3F578a1e5ff14db21b04e2d6db7fd0eda37042440c%3A627%0A%20%20%20%20at%20http%3A%2F%2Flocalhost%3A8080%2Fbase%2Fnode_modules%2Fjasmine-core%2Flib%2Fjasmine-core%2Fjasmine.js%3F578a1e5ff14db21b04e2d6db7fd0eda37042440c%3A2354%0A%20%20%20%20at%20attemptAsync%20(http%3A%2F%2Flocalhost%3A8080%2Fbase%2Fnode_modules%2Fjasmine-core%2Flib%2Fjasmine-core%2Fjasmine.js%3F578a1e5ff14db21b04e2d6db7fd0eda37042440c%3A1819)%0A%20%20%20%20at%20http%3A%2F%2Flocalhost%3A8080%2Fbase%2Fnode_modules%2Fjasmine-core%2Flib%2Fjasmine-core%2Fjasmine.js%3F578a1e5ff14db21b04e2d6db7fd0eda37042440c%3A1774%0A%20%20%20%20at%20http%3A%2F%2Flocalhost%3A8080%2Fbase%2Fnode_modules%2Fjasmine-core%2Flib%2Fjasmine-core%2Fjasmine.js%3F578a1e5ff14db21b04e2d6db7fd0eda37042440c%3A1801%0A%20%20%20%20at%20http%3A%2F%2Flocalhost%3A8080%2Fbase%2Fnode_modules%2Fjasmine-core%2Flib%2Fjasmine-core%2Fjasmine.js%3F578a1e5ff14db21b04e2d6db7fd0eda37042440c%3A1745%0A%20%20%20%20at%20http%3A%2F%2Flocalhost%3A8080%2Fbase%2Fnode_modules%2Fjasmine-core%2Flib%2Fjasmine-core%2Fjasmine.js%3F578a1e5ff14db21b04e2d6db7fd0eda37042440c%3A2348%0A%20%20%20%20at%20clearStack%20(http%3A%2F%2Flocalhost%3A8080%2Fbase%2Fnode_modules%2Fjasmine-core%2Flib%2Fjasmine-core%2Fjasmine.js%3F578a1e5ff14db21b04e2d6db7fd0eda37042440c%3A605)%0A%20%20%20%20at%20http%3A%2F%2Flocalhost%3A8080%2Fbase%2Fnode_modules%2Fjasmine-core%2Flib%2Fjasmine-core%2Fjasmine.js%3F578a1e5ff14db21b04e2d6db7fd0eda37042440c%3A1784%0A%20%20%20%20at%20http%3A%2F%2Flocalhost%3A8080%2Fbase%2Fnode_modules%2Fjasmine-core%2Flib%2Fjasmine-core%2Fjasmine.js%3F578a1e5ff14db21b04e2d6db7fd0eda37042440c%3A1762%0A%20%20%20%20at%20http%3A%2F%2Flocalhost%3A8080%2Fbase%2Fnode_modules%2Fjasmine-core%2Flib%2Fjasmine-core%2Fjasmine.js%3F578a1e5ff14db21b04e2d6db7fd0eda37042440c%3A627%0A%20%20%20%20at%20http%3A%2F%2Flocalhost%3A8080%2Fbase%2Fnode_modules%2Fjasmine-core%2Flib%2Fjasmine-core%2Fjasmine.js%3F578a1e5ff14db21b04e2d6db7fd0eda37042440c%3A2354%0A%20%20%20%20at%20attemptAsync%20(http%3A%2F%2Flocalhost%3A8080%2Fbase%2Fnode_modules%2Fjasmine-core%2Flib%2Fjasmine-core%2Fjasmine.js%3F578a1e5ff14db21b04e2d6db7fd0eda37042440c%3A1819)%0A%20%20%20%20at%20http%3A%2F%2Flocalhost%3A8080%2Fbase%2Fnode_modules%2Fjasmine-core%2Flib%2Fjasmine-core%2Fjasmine.js%3F578a1e5ff14db21b04e2d6db7fd0eda37042440c%3A1774%0A%20%20%20%20at%20http%3A%2F%2Flocalhost%3A8080%2Fbase%2Fnode_modules%2Fjasmine-core%2Flib%2Fjasmine-core%2Fjasmine.js%3F578a1e5ff14db21b04e2d6db7fd0eda37042440c%3A1801%0A%20%20%20%20at%20http%3A%2F%2Flocalhost%3A8080%2Fbase%2Fnode_modules%2Fjasmine-core%2Flib%2Fjasmine-core%2Fjasmine.js%3F578a1e5ff14db21b04e2d6db7fd0eda37042440c%3A1745%0A%20%20%20%20at%20http%3A%2F%2Flocalhost%3A8080%2Fbase%2Fnode_modules%2Fjasmine-core%2Flib%2Fjasmine-core%2Fjasmine.js%3F578a1e5ff14db21b04e2d6db7fd0eda37042440c%3A2348%0A%20%20%20%20at%20clearStack%20(http%3A%2F%2Flocalhost%3A8080%2Fbase%2Fnode_modules%2Fjasmine-core%2Flib%2Fjasmine-core%2Fjasmine.js%3F578a1e5ff14db21b04e2d6db7fd0eda37042440c%3A605)%0A%20%20%20%20at%20http%3A%2F%2Flocalhost%3A8080%2Fbase%2Fnode_modules%2Fjasmine-core%2Flib%2Fjasmine-core%2Fjasmine.js%3F578a1e5ff14db21b04e2d6db7fd0eda37042440c%3A1784%0A%20%20%20%20at%20http%3A%2F%2Flocalhost%3A8080%2Fbase%2Fnode_modules%2Fjasmine-core%2Flib%2Fjasmine-core%2Fjasmine.js%3F578a1e5ff14db21b04e2d6db7fd0eda37042440c%3A1762%0A%20%20%20%20at%20http%3A%2F%2Flocalhost%3A8080%2Fbase%2Fnode_modules%2Fjasmine-core%2Flib%2Fjasmine-core%2Fjasmine.js%3F578a1e5ff14db21b04e2d6db7fd0eda37042440c%3A627%0A%20%20%20%20at%20http%3A%2F%2Flocalhost%3A8080%2Fbase%2Fnode_modules%2Fjasmine-core%2Flib%2Fjasmine-core%2Fjasmine.js%3F578a1e5ff14db21b04e2d6db7fd0eda37042440c%3A2354%0A%20%20%20%20at%20attemptAsync%20(http%3A%2F%2Flocalhost%3A8080%2Fbase%2Fnode_modules%2Fjasmine-core%2Flib%2Fjasmine-core%2Fjasmine.js%3F578a1e5ff14db21b04e2d6db7fd0eda37042440c%3A1819)%0A%20%20%20%20at%20http%3A%2F%2Flocalhost%3A8080%2Fbase%2Fnode_modules%2Fjasmine-core%2Flib%2Fjasmine-core%2Fjasmine.js%3F578a1e5ff14db21b04e2d6db7fd0eda37042440c%3A1774%0A%20%20%20%20at%20http%3A%2F%2Flocalhost%3A8080%2Fbase%2Fnode_modules%2Fjasmine-core%2Flib%2Fjasmine-core%2Fjasmine.js%3F578a1e5ff14db21b04e2d6db7fd0eda37042440c%3A1801%0A%20%20%20%20at%20http%3A%2F%2Flocalhost%3A8080%2Fbase%2Fnode_modules%2Fjasmine-core%2Flib%2Fjasmine-core%2Fjasmine.js%3F578a1e5ff14db21b04e2d6db7fd0eda37042440c%3A1745%0A%20%20%20%20at%20http%3A%2F%2Flocalhost%3A8080%2Fbase%2Fnode_modules%2Fjasmine-core%2Flib%2Fjasmine-core%2Fjasmine.js%3F578a1e5ff14db21b04e2d6db7fd0eda37042440c%3A2348%0A%20%20%20%20at%20clearStack%20(http%3A%2F%2Flocalhost%3A8080%2Fbase%2Fnode_modules%2Fjasmine-core%2Flib%2Fjasmine-core%2Fjasmine.js%3F578a1e5ff14db21b04e2d6db7fd0eda37042440c%3A605)%0A%20%20%20%20at%20http%3A%2F%2Flocalhost%3A8080%2Fbase%2Fnode_modules%2Fjasmine-core%2Flib%2Fjasmine-core%2Fjasmine.js%3F578a1e5ff14db21b04e2d6db7fd0eda37042440c%3A1784%0A%20%20%20%20at%20http%3A%2F%2Flocalhost%3A8080%2Fbase%2Fnode_modules%2Fjasmine-core%2Flib%2Fjasmine-core%2Fjasmine.js%3F578a1e5ff14db21b04e2d6db7fd0eda37042440c%3A1762%0A%20%20%20%20at%20http%3A%2F%2Flocalhost%3A8080%2Fbase%2Fnode_modules%2Fjasmine-core%2Flib%2Fjasmine-core%2Fjasmine.js%3F578a1e5ff14db21b04e2d6db7fd0eda37042440c%3A627%0A%20%20%20%20at%20http%3A%2F%2Flocalhost%3A8080%2Fbase%2Fnode_modules%2Fjasmine-core%2Flib%2Fjasmine-core%2Fjasmine.js%3F578a1e5ff14db21b04e2d6db7fd0eda37042440c%3A2354%0A%20%20%20%20at%20attemptAsync%20(http%3A%2F%2Flocalhost%3A8080%2Fbase%2Fnode_modules%2Fjasmine-core%2Flib%2Fjasmine-core%2Fjasmine.js%3F578a1e5ff14db21b04e2d6db7fd0eda37042440c%3A1819)%0A%20%20%20%20at%20http%3A%2F%2Flocalhost%3A8080%2Fbase%2Fnode_modules%2Fjasmine-core%2Flib%2Fjasmine-core%2Fjasmine.js%3F578a1e5ff14db21b04e2d6db7fd0eda37042440c%3A1774%0A%20%20%20%20at%20http%3A%2F%2Flocalhost%3A8080%2Fbase%2Fnode_modules%2Fjasmine-core%2Flib%2Fjasmine-core%2Fjasmine.js%3F578a1e5ff14db21b04e2d6db7fd0eda37042440c%3A1762%0A%20%20%20%20at%20http%3A%2F%2Flocalhost%3A8080%2Fbase%2Fnode_modules%2Fjasmine-core%2Flib%2Fjasmine-core%2Fjasmine.js%3F578a1e5ff14db21b04e2d6db7fd0eda37042440c%3A627%0A%20%20%20%20at%20http%3A%2F%2Flocalhost%3A8080%2Fbase%2Fnode_modules%2Fjasmine-core%2Flib%2Fjasmine-core%2Fjasmine.js%3F578a1e5ff14db21b04e2d6db7fd0eda37042440c%3A2215%0A%20%20%20%20at%20http%3A%2F%2Flocalhost%3A8080%2Fbase%2Fnode_modules%2Fjasmine-core%2Flib%2Fjasmine-core%2Fjasmine.js%3F578a1e5ff14db21b04e2d6db7fd0eda37042440c%3A678%0A%20%20%20%20at%20http%3A%2F%2Flocalhost%3A8080%2Fbase%2Fnode_modules%2Fkarma-jasmine%2Flib%2Fadapter.js%3F0a69ad1fa10cc8be0a12b241227d3b834f82db4f%3A317%0A%20%20%20%20at%20http%3A%2F%2Flocalhost%3A8080%2Fkarma.js%3A185%0A%20%20%20%20at%20http%3A%2F%2Flocalhost%3A8080%2Fcontext.html%3A127
    at C:/dev/MedExplorer/src/client/app/vendor/angular/angular.js:4379
    at forEach (C:/dev/MedExplorer/src/client/app/vendor/angular/angular.js:336)
    at loadModules (C:/dev/MedExplorer/src/client/app/vendor/angular/angular.js:4381)
    at createInjector (C:/dev/MedExplorer/src/client/app/vendor/angular/angular.js:4265)
    at workFn (C:/dev/MedExplorer/src/client/app/vendor/angular-mocks/angular-mocks.js:2409)
</failure>
      <failure type="">TypeError: &apos;undefined&apos; is not a function (evaluating &apos;uppercase(&apos;this is a sentence&apos;)&apos;)
    at C:/dev/MedExplorer/src/client/test/spec/filters/capitalizationTest.js:33
</failure>
    </testcase>
    <testcase name="lowercase_test" time="0.023" classname="PhantomJS 1.9.8 (Windows 7 0.0.0).Filter: capitalization">
      <failure type="">Error: [$injector:modulerr] Failed to instantiate module MedExplorer due to:
Error: [$injector:modulerr] Failed to instantiate module ui.bootstrap due to:
Error: [$injector:nomod] Module &apos;ui.bootstrap&apos; is not available! You either misspelled the module name or forgot to load it. If registering a module ensure that you specify the dependencies as the second argument.
http://errors.angularjs.org/1.4.1/$injector/nomod?p0=ui.bootstrap
    at C:/dev/MedExplorer/src/client/app/vendor/angular/angular.js:1951
    at ensure (C:/dev/MedExplorer/src/client/app/vendor/angular/angular.js:1873)
    at module (C:/dev/MedExplorer/src/client/app/vendor/angular/angular.js:2201)
    at C:/dev/MedExplorer/src/client/app/vendor/angular/angular.js:4355
    at forEach (C:/dev/MedExplorer/src/client/app/vendor/angular/angular.js:336)
    at loadModules (C:/dev/MedExplorer/src/client/app/vendor/angular/angular.js:4381)
    at C:/dev/MedExplorer/src/client/app/vendor/angular/angular.js:4356
    at forEach (C:/dev/MedExplorer/src/client/app/vendor/angular/angular.js:336)
    at loadModules (C:/dev/MedExplorer/src/client/app/vendor/angular/angular.js:4381)
    at createInjector (C:/dev/MedExplorer/src/client/app/vendor/angular/angular.js:4265)
    at workFn (C:/dev/MedExplorer/src/client/app/vendor/angular-mocks/angular-mocks.js:2409)
http://errors.angularjs.org/1.4.1/$injector/modulerr?p0=ui.bootstrap&amp;p1=Error%3A%20%5B%24injector%3Anomod%5D%20Module%20&apos;ui.bootstrap&apos;%20is%20not%20available!%20You%20either%20misspelled%20the%20module%20name%20or%20forgot%20to%20load%20it.%20If%20registering%20a%20module%20ensure%20that%20you%20specify%20the%20dependencies%20as%20the%20second%20argument.%0Ahttp%3A%2F%2Ferrors.angularjs.org%2F1.4.1%2F%24injector%2Fnomod%3Fp0%3Dui.bootstrap%0A%20%20%20%20at%20http%3A%2F%2Flocalhost%3A8080%2Fbase%2Fapp%2Fvendor%2Fangular%2Fangular.js%3F9d140432f81858ac1e7888708720d419d147ffa9%3A1951%0A%20%20%20%20at%20ensure%20(http%3A%2F%2Flocalhost%3A8080%2Fbase%2Fapp%2Fvendor%2Fangular%2Fangular.js%3F9d140432f81858ac1e7888708720d419d147ffa9%3A1873)%0A%20%20%20%20at%20module%20(http%3A%2F%2Flocalhost%3A8080%2Fbase%2Fapp%2Fvendor%2Fangular%2Fangular.js%3F9d140432f81858ac1e7888708720d419d147ffa9%3A2201)%0A%20%20%20%20at%20http%3A%2F%2Flocalhost%3A8080%2Fbase%2Fapp%2Fvendor%2Fangular%2Fangular.js%3F9d140432f81858ac1e7888708720d419d147ffa9%3A4355%0A%20%20%20%20at%20forEach%20(http%3A%2F%2Flocalhost%3A8080%2Fbase%2Fapp%2Fvendor%2Fangular%2Fangular.js%3F9d140432f81858ac1e7888708720d419d147ffa9%3A336)%0A%20%20%20%20at%20loadModules%20(http%3A%2F%2Flocalhost%3A8080%2Fbase%2Fapp%2Fvendor%2Fangular%2Fangular.js%3F9d140432f81858ac1e7888708720d419d147ffa9%3A4381)%0A%20%20%20%20at%20http%3A%2F%2Flocalhost%3A8080%2Fbase%2Fapp%2Fvendor%2Fangular%2Fangular.js%3F9d140432f81858ac1e7888708720d419d147ffa9%3A4356%0A%20%20%20%20at%20forEach%20(http%3A%2F%2Flocalhost%3A8080%2Fbase%2Fapp%2Fvendor%2Fangular%2Fangular.js%3F9d140432f81858ac1e7888708720d419d147ffa9%3A336)%0A%20%20%20%20at%20loadModules%20(http%3A%2F%2Flocalhost%3A8080%2Fbase%2Fapp%2Fvendor%2Fangular%2Fangular.js%3F9d140432f81858ac1e7888708720d419d147ffa9%3A4381)%0A%20%20%20%20at%20createInjector%20(http%3A%2F%2Flocalhost%3A8080%2Fbase%2Fapp%2Fvendor%2Fangular%2Fangular.js%3F9d140432f81858ac1e7888708720d419d147ffa9%3A4265)%0A%20%20%20%20at%20workFn%20(http%3A%2F%2Flocalhost%3A8080%2Fbase%2Fapp%2Fvendor%2Fangular-mocks%2Fangular-mocks.js%3F6fe041cc8bb7a17f894cb12d8b0d44b12644f10a%3A2409)%0A%20%20%20%20at%20attemptSync%20(http%3A%2F%2Flocalhost%3A8080%2Fbase%2Fnode_modules%2Fjasmine-core%2Flib%2Fjasmine-core%2Fjasmine.js%3F578a1e5ff14db21b04e2d6db7fd0eda37042440c%3A1789)%0A%20%20%20%20at%20http%3A%2F%2Flocalhost%3A8080%2Fbase%2Fnode_modules%2Fjasmine-core%2Flib%2Fjasmine-core%2Fjasmine.js%3F578a1e5ff14db21b04e2d6db7fd0eda37042440c%3A1777%0A%20%20%20%20at%20http%3A%2F%2Flocalhost%3A8080%2Fbase%2Fnode_modules%2Fjasmine-core%2Flib%2Fjasmine-core%2Fjasmine.js%3F578a1e5ff14db21b04e2d6db7fd0eda37042440c%3A1762%0A%20%20%20%20at%20http%3A%2F%2Flocalhost%3A8080%2Fbase%2Fnode_modules%2Fjasmine-core%2Flib%2Fjasmine-core%2Fjasmine.js%3F578a1e5ff14db21b04e2d6db7fd0eda37042440c%3A627%0A%20%20%20%20at%20http%3A%2F%2Flocalhost%3A8080%2Fbase%2Fnode_modules%2Fjasmine-core%2Flib%2Fjasmine-core%2Fjasmine.js%3F578a1e5ff14db21b04e2d6db7fd0eda37042440c%3A357%0A%20%20%20%20at%20http%3A%2F%2Flocalhost%3A8080%2Fbase%2Fnode_modules%2Fjasmine-core%2Flib%2Fjasmine-core%2Fjasmine.js%3F578a1e5ff14db21b04e2d6db7fd0eda37042440c%3A2360%0A%20%20%20%20at%20attemptAsync%20(http%3A%2F%2Flocalhost%3A8080%2Fbase%2Fnode_modules%2Fjasmine-core%2Flib%2Fjasmine-core%2Fjasmine.js%3F578a1e5ff14db21b04e2d6db7fd0eda37042440c%3A1819)%0A%20%20%20%20at%20http%3A%2F%2Flocalhost%3A8080%2Fbase%2Fnode_modules%2Fjasmine-core%2Flib%2Fjasmine-core%2Fjasmine.js%3F578a1e5ff14db21b04e2d6db7fd0eda37042440c%3A1774%0A%20%20%20%20at%20http%3A%2F%2Flocalhost%3A8080%2Fbase%2Fnode_modules%2Fjasmine-core%2Flib%2Fjasmine-core%2Fjasmine.js%3F578a1e5ff14db21b04e2d6db7fd0eda37042440c%3A1801%0A%20%20%20%20at%20http%3A%2F%2Flocalhost%3A8080%2Fbase%2Fnode_modules%2Fjasmine-core%2Flib%2Fjasmine-core%2Fjasmine.js%3F578a1e5ff14db21b04e2d6db7fd0eda37042440c%3A1745%0A%20%20%20%20at%20complete%20(http%3A%2F%2Flocalhost%3A8080%2Fbase%2Fnode_modules%2Fjasmine-core%2Flib%2Fjasmine-core%2Fjasmine.js%3F578a1e5ff14db21b04e2d6db7fd0eda37042440c%3A365)%0A%20%20%20%20at%20clearStack%20(http%3A%2F%2Flocalhost%3A8080%2Fbase%2Fnode_modules%2Fjasmine-core%2Flib%2Fjasmine-core%2Fjasmine.js%3F578a1e5ff14db21b04e2d6db7fd0eda37042440c%3A605)%0A%20%20%20%20at%20http%3A%2F%2Flocalhost%3A8080%2Fbase%2Fnode_modules%2Fjasmine-core%2Flib%2Fjasmine-core%2Fjasmine.js%3F578a1e5ff14db21b04e2d6db7fd0eda37042440c%3A1784%0A%20%20%20%20at%20http%3A%2F%2Flocalhost%3A8080%2Fbase%2Fnode_modules%2Fjasmine-core%2Flib%2Fjasmine-core%2Fjasmine.js%3F578a1e5ff14db21b04e2d6db7fd0eda37042440c%3A1762%0A%20%20%20%20at%20http%3A%2F%2Flocalhost%3A8080%2Fbase%2Fnode_modules%2Fjasmine-core%2Flib%2Fjasmine-core%2Fjasmine.js%3F578a1e5ff14db21b04e2d6db7fd0eda37042440c%3A627%0A%20%20%20%20at%20http%3A%2F%2Flocalhost%3A8080%2Fbase%2Fnode_modules%2Fjasmine-core%2Flib%2Fjasmine-core%2Fjasmine.js%3F578a1e5ff14db21b04e2d6db7fd0eda37042440c%3A357%0A%20%20%20%20at%20http%3A%2F%2Flocalhost%3A8080%2Fbase%2Fnode_modules%2Fjasmine-core%2Flib%2Fjasmine-core%2Fjasmine.js%3F578a1e5ff14db21b04e2d6db7fd0eda37042440c%3A2360%0A%20%20%20%20at%20attemptAsync%20(http%3A%2F%2Flocalhost%3A8080%2Fbase%2Fnode_modules%2Fjasmine-core%2Flib%2Fjasmine-core%2Fjasmine.js%3F578a1e5ff14db21b04e2d6db7fd0eda37042440c%3A1819)%0A%20%20%20%20at%20http%3A%2F%2Flocalhost%3A8080%2Fbase%2Fnode_modules%2Fjasmine-core%2Flib%2Fjasmine-core%2Fjasmine.js%3F578a1e5ff14db21b04e2d6db7fd0eda37042440c%3A1774%0A%20%20%20%20at%20http%3A%2F%2Flocalhost%3A8080%2Fbase%2Fnode_modules%2Fjasmine-core%2Flib%2Fjasmine-core%2Fjasmine.js%3F578a1e5ff14db21b04e2d6db7fd0eda37042440c%3A1801%0A%20%20%20%20at%20http%3A%2F%2Flocalhost%3A8080%2Fbase%2Fnode_modules%2Fjasmine-core%2Flib%2Fjasmine-core%2Fjasmine.js%3F578a1e5ff14db21b04e2d6db7fd0eda37042440c%3A1745%0A%20%20%20%20at%20complete%20(http%3A%2F%2Flocalhost%3A8080%2Fbase%2Fnode_modules%2Fjasmine-core%2Flib%2Fjasmine-core%2Fjasmine.js%3F578a1e5ff14db21b04e2d6db7fd0eda37042440c%3A365)%0A%20%20%20%20at%20clearStack%20(http%3A%2F%2Flocalhost%3A8080%2Fbase%2Fnode_modules%2Fjasmine-core%2Flib%2Fjasmine-core%2Fjasmine.js%3F578a1e5ff14db21b04e2d6db7fd0eda37042440c%3A605)%0A%20%20%20%20at%20http%3A%2F%2Flocalhost%3A8080%2Fbase%2Fnode_modules%2Fjasmine-core%2Flib%2Fjasmine-core%2Fjasmine.js%3F578a1e5ff14db21b04e2d6db7fd0eda37042440c%3A1784%0A%20%20%20%20at%20http%3A%2F%2Flocalhost%3A8080%2Fbase%2Fnode_modules%2Fjasmine-core%2Flib%2Fjasmine-core%2Fjasmine.js%3F578a1e5ff14db21b04e2d6db7fd0eda37042440c%3A1762%0A%20%20%20%20at%20http%3A%2F%2Flocalhost%3A8080%2Fbase%2Fnode_modules%2Fjasmine-core%2Flib%2Fjasmine-core%2Fjasmine.js%3F578a1e5ff14db21b04e2d6db7fd0eda37042440c%3A627%0A%20%20%20%20at%20http%3A%2F%2Flocalhost%3A8080%2Fbase%2Fnode_modules%2Fjasmine-core%2Flib%2Fjasmine-core%2Fjasmine.js%3F578a1e5ff14db21b04e2d6db7fd0eda37042440c%3A357%0A%20%20%20%20at%20http%3A%2F%2Flocalhost%3A8080%2Fbase%2Fnode_modules%2Fjasmine-core%2Flib%2Fjasmine-core%2Fjasmine.js%3F578a1e5ff14db21b04e2d6db7fd0eda37042440c%3A2360%0A%20%20%20%20at%20attemptAsync%20(http%3A%2F%2Flocalhost%3A8080%2Fbase%2Fnode_modules%2Fjasmine-core%2Flib%2Fjasmine-core%2Fjasmine.js%3F578a1e5ff14db21b04e2d6db7fd0eda37042440c%3A1819)%0A%20%20%20%20at%20http%3A%2F%2Flocalhost%3A8080%2Fbase%2Fnode_modules%2Fjasmine-core%2Flib%2Fjasmine-core%2Fjasmine.js%3F578a1e5ff14db21b04e2d6db7fd0eda37042440c%3A1774%0A%20%20%20%20at%20http%3A%2F%2Flocalhost%3A8080%2Fbase%2Fnode_modules%2Fjasmine-core%2Flib%2Fjasmine-core%2Fjasmine.js%3F578a1e5ff14db21b04e2d6db7fd0eda37042440c%3A1801%0A%20%20%20%20at%20http%3A%2F%2Flocalhost%3A8080%2Fbase%2Fnode_modules%2Fjasmine-core%2Flib%2Fjasmine-core%2Fjasmine.js%3F578a1e5ff14db21b04e2d6db7fd0eda37042440c%3A1745%0A%20%20%20%20at%20complete%20(http%3A%2F%2Flocalhost%3A8080%2Fbase%2Fnode_modules%2Fjasmine-core%2Flib%2Fjasmine-core%2Fjasmine.js%3F578a1e5ff14db21b04e2d6db7fd0eda37042440c%3A365)%0A%20%20%20%20at%20clearStack%20(http%3A%2F%2Flocalhost%3A8080%2Fbase%2Fnode_modules%2Fjasmine-core%2Flib%2Fjasmine-core%2Fjasmine.js%3F578a1e5ff14db21b04e2d6db7fd0eda37042440c%3A605)%0A%20%20%20%20at%20http%3A%2F%2Flocalhost%3A8080%2Fbase%2Fnode_modules%2Fjasmine-core%2Flib%2Fjasmine-core%2Fjasmine.js%3F578a1e5ff14db21b04e2d6db7fd0eda37042440c%3A1784%0A%20%20%20%20at%20http%3A%2F%2Flocalhost%3A8080%2Fbase%2Fnode_modules%2Fjasmine-core%2Flib%2Fjasmine-core%2Fjasmine.js%3F578a1e5ff14db21b04e2d6db7fd0eda37042440c%3A1762%0A%20%20%20%20at%20http%3A%2F%2Flocalhost%3A8080%2Fbase%2Fnode_modules%2Fjasmine-core%2Flib%2Fjasmine-core%2Fjasmine.js%3F578a1e5ff14db21b04e2d6db7fd0eda37042440c%3A627%0A%20%20%20%20at%20http%3A%2F%2Flocalhost%3A8080%2Fbase%2Fnode_modules%2Fjasmine-core%2Flib%2Fjasmine-core%2Fjasmine.js%3F578a1e5ff14db21b04e2d6db7fd0eda37042440c%3A357%0A%20%20%20%20at%20http%3A%2F%2Flocalhost%3A8080%2Fbase%2Fnode_modules%2Fjasmine-core%2Flib%2Fjasmine-core%2Fjasmine.js%3F578a1e5ff14db21b04e2d6db7fd0eda37042440c%3A2360%0A%20%20%20%20at%20attemptAsync%20(http%3A%2F%2Flocalhost%3A8080%2Fbase%2Fnode_modules%2Fjasmine-core%2Flib%2Fjasmine-core%2Fjasmine.js%3F578a1e5ff14db21b04e2d6db7fd0eda37042440c%3A1819)%0A%20%20%20%20at%20http%3A%2F%2Flocalhost%3A8080%2Fbase%2Fnode_modules%2Fjasmine-core%2Flib%2Fjasmine-core%2Fjasmine.js%3F578a1e5ff14db21b04e2d6db7fd0eda37042440c%3A1774%0A%20%20%20%20at%20http%3A%2F%2Flocalhost%3A8080%2Fbase%2Fnode_modules%2Fjasmine-core%2Flib%2Fjasmine-core%2Fjasmine.js%3F578a1e5ff14db21b04e2d6db7fd0eda37042440c%3A1762%0A%20%20%20%20at%20http%3A%2F%2Flocalhost%3A8080%2Fbase%2Fnode_modules%2Fjasmine-core%2Flib%2Fjasmine-core%2Fjasmine.js%3F578a1e5ff14db21b04e2d6db7fd0eda37042440c%3A627%0A%20%20%20%20at%20http%3A%2F%2Flocalhost%3A8080%2Fbase%2Fnode_modules%2Fjasmine-core%2Flib%2Fjasmine-core%2Fjasmine.js%3F578a1e5ff14db21b04e2d6db7fd0eda37042440c%3A2354%0A%20%20%20%20at%20attemptAsync%20(http%3A%2F%2Flocalhost%3A8080%2Fbase%2Fnode_modules%2Fjasmine-core%2Flib%2Fjasmine-core%2Fjasmine.js%3F578a1e5ff14db21b04e2d6db7fd0eda37042440c%3A1819)%0A%20%20%20%20at%20http%3A%2F%2Flocalhost%3A8080%2Fbase%2Fnode_modules%2Fjasmine-core%2Flib%2Fjasmine-core%2Fjasmine.js%3F578a1e5ff14db21b04e2d6db7fd0eda37042440c%3A1774%0A%20%20%20%20at%20http%3A%2F%2Flocalhost%3A8080%2Fbase%2Fnode_modules%2Fjasmine-core%2Flib%2Fjasmine-core%2Fjasmine.js%3F578a1e5ff14db21b04e2d6db7fd0eda37042440c%3A1801%0A%20%20%20%20at%20http%3A%2F%2Flocalhost%3A8080%2Fbase%2Fnode_modules%2Fjasmine-core%2Flib%2Fjasmine-core%2Fjasmine.js%3F578a1e5ff14db21b04e2d6db7fd0eda37042440c%3A1745%0A%20%20%20%20at%20http%3A%2F%2Flocalhost%3A8080%2Fbase%2Fnode_modules%2Fjasmine-core%2Flib%2Fjasmine-core%2Fjasmine.js%3F578a1e5ff14db21b04e2d6db7fd0eda37042440c%3A2348%0A%20%20%20%20at%20clearStack%20(http%3A%2F%2Flocalhost%3A8080%2Fbase%2Fnode_modules%2Fjasmine-core%2Flib%2Fjasmine-core%2Fjasmine.js%3F578a1e5ff14db21b04e2d6db7fd0eda37042440c%3A605)%0A%20%20%20%20at%20http%3A%2F%2Flocalhost%3A8080%2Fbase%2Fnode_modules%2Fjasmine-core%2Flib%2Fjasmine-core%2Fjasmine.js%3F578a1e5ff14db21b04e2d6db7fd0eda37042440c%3A1784%0A%20%20%20%20at%20http%3A%2F%2Flocalhost%3A8080%2Fbase%2Fnode_modules%2Fjasmine-core%2Flib%2Fjasmine-core%2Fjasmine.js%3F578a1e5ff14db21b04e2d6db7fd0eda37042440c%3A1762%0A%20%20%20%20at%20http%3A%2F%2Flocalhost%3A8080%2Fbase%2Fnode_modules%2Fjasmine-core%2Flib%2Fjasmine-core%2Fjasmine.js%3F578a1e5ff14db21b04e2d6db7fd0eda37042440c%3A627%0A%20%20%20%20at%20http%3A%2F%2Flocalhost%3A8080%2Fbase%2Fnode_modules%2Fjasmine-core%2Flib%2Fjasmine-core%2Fjasmine.js%3F578a1e5ff14db21b04e2d6db7fd0eda37042440c%3A2354%0A%20%20%20%20at%20attemptAsync%20(http%3A%2F%2Flocalhost%3A8080%2Fbase%2Fnode_modules%2Fjasmine-core%2Flib%2Fjasmine-core%2Fjasmine.js%3F578a1e5ff14db21b04e2d6db7fd0eda37042440c%3A1819)%0A%20%20%20%20at%20http%3A%2F%2Flocalhost%3A8080%2Fbase%2Fnode_modules%2Fjasmine-core%2Flib%2Fjasmine-core%2Fjasmine.js%3F578a1e5ff14db21b04e2d6db7fd0eda37042440c%3A1774%0A%20%20%20%20at%20http%3A%2F%2Flocalhost%3A8080%2Fbase%2Fnode_modules%2Fjasmine-core%2Flib%2Fjasmine-core%2Fjasmine.js%3F578a1e5ff14db21b04e2d6db7fd0eda37042440c%3A1801%0A%20%20%20%20at%20http%3A%2F%2Flocalhost%3A8080%2Fbase%2Fnode_modules%2Fjasmine-core%2Flib%2Fjasmine-core%2Fjasmine.js%3F578a1e5ff14db21b04e2d6db7fd0eda37042440c%3A1745%0A%20%20%20%20at%20http%3A%2F%2Flocalhost%3A8080%2Fbase%2Fnode_modules%2Fjasmine-core%2Flib%2Fjasmine-core%2Fjasmine.js%3F578a1e5ff14db21b04e2d6db7fd0eda37042440c%3A2348%0A%20%20%20%20at%20clearStack%20(http%3A%2F%2Flocalhost%3A8080%2Fbase%2Fnode_modules%2Fjasmine-core%2Flib%2Fjasmine-core%2Fjasmine.js%3F578a1e5ff14db21b04e2d6db7fd0eda37042440c%3A605)%0A%20%20%20%20at%20http%3A%2F%2Flocalhost%3A8080%2Fbase%2Fnode_modules%2Fjasmine-core%2Flib%2Fjasmine-core%2Fjasmine.js%3F578a1e5ff14db21b04e2d6db7fd0eda37042440c%3A1784%0A%20%20%20%20at%20http%3A%2F%2Flocalhost%3A8080%2Fbase%2Fnode_modules%2Fjasmine-core%2Flib%2Fjasmine-core%2Fjasmine.js%3F578a1e5ff14db21b04e2d6db7fd0eda37042440c%3A1762%0A%20%20%20%20at%20http%3A%2F%2Flocalhost%3A8080%2Fbase%2Fnode_modules%2Fjasmine-core%2Flib%2Fjasmine-core%2Fjasmine.js%3F578a1e5ff14db21b04e2d6db7fd0eda37042440c%3A627%0A%20%20%20%20at%20http%3A%2F%2Flocalhost%3A8080%2Fbase%2Fnode_modules%2Fjasmine-core%2Flib%2Fjasmine-core%2Fjasmine.js%3F578a1e5ff14db21b04e2d6db7fd0eda37042440c%3A2354%0A%20%20%20%20at%20attemptAsync%20(http%3A%2F%2Flocalhost%3A8080%2Fbase%2Fnode_modules%2Fjasmine-core%2Flib%2Fjasmine-core%2Fjasmine.js%3F578a1e5ff14db21b04e2d6db7fd0eda37042440c%3A1819)%0A%20%20%20%20at%20http%3A%2F%2Flocalhost%3A8080%2Fbase%2Fnode_modules%2Fjasmine-core%2Flib%2Fjasmine-core%2Fjasmine.js%3F578a1e5ff14db21b04e2d6db7fd0eda37042440c%3A1774%0A%20%20%20%20at%20http%3A%2F%2Flocalhost%3A8080%2Fbase%2Fnode_modules%2Fjasmine-core%2Flib%2Fjasmine-core%2Fjasmine.js%3F578a1e5ff14db21b04e2d6db7fd0eda37042440c%3A1801%0A%20%20%20%20at%20http%3A%2F%2Flocalhost%3A8080%2Fbase%2Fnode_modules%2Fjasmine-core%2Flib%2Fjasmine-core%2Fjasmine.js%3F578a1e5ff14db21b04e2d6db7fd0eda37042440c%3A1745%0A%20%20%20%20at%20http%3A%2F%2Flocalhost%3A8080%2Fbase%2Fnode_modules%2Fjasmine-core%2Flib%2Fjasmine-core%2Fjasmine.js%3F578a1e5ff14db21b04e2d6db7fd0eda37042440c%3A2348%0A%20%20%20%20at%20clearStack%20(http%3A%2F%2Flocalhost%3A8080%2Fbase%2Fnode_modules%2Fjasmine-core%2Flib%2Fjasmine-core%2Fjasmine.js%3F578a1e5ff14db21b04e2d6db7fd0eda37042440c%3A605)%0A%20%20%20%20at%20http%3A%2F%2Flocalhost%3A8080%2Fbase%2Fnode_modules%2Fjasmine-core%2Flib%2Fjasmine-core%2Fjasmine.js%3F578a1e5ff14db21b04e2d6db7fd0eda37042440c%3A1784%0A%20%20%20%20at%20http%3A%2F%2Flocalhost%3A8080%2Fbase%2Fnode_modules%2Fjasmine-core%2Flib%2Fjasmine-core%2Fjasmine.js%3F578a1e5ff14db21b04e2d6db7fd0eda37042440c%3A1801%0A%20%20%20%20at%20http%3A%2F%2Flocalhost%3A8080%2Fbase%2Fnode_modules%2Fjasmine-core%2Flib%2Fjasmine-core%2Fjasmine.js%3F578a1e5ff14db21b04e2d6db7fd0eda37042440c%3A1745%0A%20%20%20%20at%20complete%20(http%3A%2F%2Flocalhost%3A8080%2Fbase%2Fnode_modules%2Fjasmine-core%2Flib%2Fjasmine-core%2Fjasmine.js%3F578a1e5ff14db21b04e2d6db7fd0eda37042440c%3A365)%0A%20%20%20%20at%20clearStack%20(http%3A%2F%2Flocalhost%3A8080%2Fbase%2Fnode_modules%2Fjasmine-core%2Flib%2Fjasmine-core%2Fjasmine.js%3F578a1e5ff14db21b04e2d6db7fd0eda37042440c%3A605)%0A%20%20%20%20at%20http%3A%2F%2Flocalhost%3A8080%2Fbase%2Fnode_modules%2Fjasmine-core%2Flib%2Fjasmine-core%2Fjasmine.js%3F578a1e5ff14db21b04e2d6db7fd0eda37042440c%3A1784%0A%20%20%20%20at%20http%3A%2F%2Flocalhost%3A8080%2Fbase%2Fnode_modules%2Fjasmine-core%2Flib%2Fjasmine-core%2Fjasmine.js%3F578a1e5ff14db21b04e2d6db7fd0eda37042440c%3A1762%0A%20%20%20%20at%20http%3A%2F%2Flocalhost%3A8080%2Fbase%2Fnode_modules%2Fjasmine-core%2Flib%2Fjasmine-core%2Fjasmine.js%3F578a1e5ff14db21b04e2d6db7fd0eda37042440c%3A627%0A%20%20%20%20at%20http%3A%2F%2Flocalhost%3A8080%2Fbase%2Fnode_modules%2Fjasmine-core%2Flib%2Fjasmine-core%2Fjasmine.js%3F578a1e5ff14db21b04e2d6db7fd0eda37042440c%3A357%0A%20%20%20%20at%20http%3A%2F%2Flocalhost%3A8080%2Fbase%2Fnode_modules%2Fjasmine-core%2Flib%2Fjasmine-core%2Fjasmine.js%3F578a1e5ff14db21b04e2d6db7fd0eda37042440c%3A2360%0A%20%20%20%20at%20attemptAsync%20(http%3A%2F%2Flocalhost%3A8080%2Fbase%2Fnode_modules%2Fjasmine-core%2Flib%2Fjasmine-core%2Fjasmine.js%3F578a1e5ff14db21b04e2d6db7fd0eda37042440c%3A1819)%0A%20%20%20%20at%20http%3A%2F%2Flocalhost%3A8080%2Fbase%2Fnode_modules%2Fjasmine-core%2Flib%2Fjasmine-core%2Fjasmine.js%3F578a1e5ff14db21b04e2d6db7fd0eda37042440c%3A1774%0A%20%20%20%20at%20http%3A%2F%2Flocalhost%3A8080%2Fbase%2Fnode_modules%2Fjasmine-core%2Flib%2Fjasmine-core%2Fjasmine.js%3F578a1e5ff14db21b04e2d6db7fd0eda37042440c%3A1801%0A%20%20%20%20at%20http%3A%2F%2Flocalhost%3A8080%2Fbase%2Fnode_modules%2Fjasmine-core%2Flib%2Fjasmine-core%2Fjasmine.js%3F578a1e5ff14db21b04e2d6db7fd0eda37042440c%3A1745%0A%20%20%20%20at%20complete%20(http%3A%2F%2Flocalhost%3A8080%2Fbase%2Fnode_modules%2Fjasmine-core%2Flib%2Fjasmine-core%2Fjasmine.js%3F578a1e5ff14db21b04e2d6db7fd0eda37042440c%3A365)%0A%20%20%20%20at%20clearStack%20(http%3A%2F%2Flocalhost%3A8080%2Fbase%2Fnode_modules%2Fjasmine-core%2Flib%2Fjasmine-core%2Fjasmine.js%3F578a1e5ff14db21b04e2d6db7fd0eda37042440c%3A605)%0A%20%20%20%20at%20http%3A%2F%2Flocalhost%3A8080%2Fbase%2Fnode_modules%2Fjasmine-core%2Flib%2Fjasmine-core%2Fjasmine.js%3F578a1e5ff14db21b04e2d6db7fd0eda37042440c%3A1784%0A%20%20%20%20at%20http%3A%2F%2Flocalhost%3A8080%2Fbase%2Fnode_modules%2Fjasmine-core%2Flib%2Fjasmine-core%2Fjasmine.js%3F578a1e5ff14db21b04e2d6db7fd0eda37042440c%3A1762%0A%20%20%20%20at%20http%3A%2F%2Flocalhost%3A8080%2Fbase%2Fnode_modules%2Fjasmine-core%2Flib%2Fjasmine-core%2Fjasmine.js%3F578a1e5ff14db21b04e2d6db7fd0eda37042440c%3A627%0A%20%20%20%20at%20http%3A%2F%2Flocalhost%3A8080%2Fbase%2Fnode_modules%2Fjasmine-core%2Flib%2Fjasmine-core%2Fjasmine.js%3F578a1e5ff14db21b04e2d6db7fd0eda37042440c%3A357%0A%20%20%20%20at%20http%3A%2F%2Flocalhost%3A8080%2Fbase%2Fnode_modules%2Fjasmine-core%2Flib%2Fjasmine-core%2Fjasmine.js%3F578a1e5ff14db21b04e2d6db7fd0eda37042440c%3A2360%0A%20%20%20%20at%20attemptAsync%20(http%3A%2F%2Flocalhost%3A8080%2Fbase%2Fnode_modules%2Fjasmine-core%2Flib%2Fjasmine-core%2Fjasmine.js%3F578a1e5ff14db21b04e2d6db7fd0eda37042440c%3A1819)%0A%20%20%20%20at%20http%3A%2F%2Flocalhost%3A8080%2Fbase%2Fnode_modules%2Fjasmine-core%2Flib%2Fjasmine-core%2Fjasmine.js%3F578a1e5ff14db21b04e2d6db7fd0eda37042440c%3A1774%0A%20%20%20%20at%20http%3A%2F%2Flocalhost%3A8080%2Fbase%2Fnode_modules%2Fjasmine-core%2Flib%2Fjasmine-core%2Fjasmine.js%3F578a1e5ff14db21b04e2d6db7fd0eda37042440c%3A1762%0A%20%20%20%20at%20http%3A%2F%2Flocalhost%3A8080%2Fbase%2Fnode_modules%2Fjasmine-core%2Flib%2Fjasmine-core%2Fjasmine.js%3F578a1e5ff14db21b04e2d6db7fd0eda37042440c%3A627%0A%20%20%20%20at%20http%3A%2F%2Flocalhost%3A8080%2Fbase%2Fnode_modules%2Fjasmine-core%2Flib%2Fjasmine-core%2Fjasmine.js%3F578a1e5ff14db21b04e2d6db7fd0eda37042440c%3A2354%0A%20%20%20%20at%20attemptAsync%20(http%3A%2F%2Flocalhost%3A8080%2Fbase%2Fnode_modules%2Fjasmine-core%2Flib%2Fjasmine-core%2Fjasmine.js%3F578a1e5ff14db21b04e2d6db7fd0eda37042440c%3A1819)%0A%20%20%20%20at%20http%3A%2F%2Flocalhost%3A8080%2Fbase%2Fnode_modules%2Fjasmine-core%2Flib%2Fjasmine-core%2Fjasmine.js%3F578a1e5ff14db21b04e2d6db7fd0eda37042440c%3A1774%0A%20%20%20%20at%20http%3A%2F%2Flocalhost%3A8080%2Fbase%2Fnode_modules%2Fjasmine-core%2Flib%2Fjasmine-core%2Fjasmine.js%3F578a1e5ff14db21b04e2d6db7fd0eda37042440c%3A1801%0A%20%20%20%20at%20http%3A%2F%2Flocalhost%3A8080%2Fbase%2Fnode_modules%2Fjasmine-core%2Flib%2Fjasmine-core%2Fjasmine.js%3F578a1e5ff14db21b04e2d6db7fd0eda37042440c%3A1745%0A%20%20%20%20at%20http%3A%2F%2Flocalhost%3A8080%2Fbase%2Fnode_modules%2Fjasmine-core%2Flib%2Fjasmine-core%2Fjasmine.js%3F578a1e5ff14db21b04e2d6db7fd0eda37042440c%3A2348%0A%20%20%20%20at%20clearStack%20(http%3A%2F%2Flocalhost%3A8080%2Fbase%2Fnode_modules%2Fjasmine-core%2Flib%2Fjasmine-core%2Fjasmine.js%3F578a1e5ff14db21b04e2d6db7fd0eda37042440c%3A605)%0A%20%20%20%20at%20http%3A%2F%2Flocalhost%3A8080%2Fbase%2Fnode_modules%2Fjasmine-core%2Flib%2Fjasmine-core%2Fjasmine.js%3F578a1e5ff14db21b04e2d6db7fd0eda37042440c%3A1784%0A%20%20%20%20at%20http%3A%2F%2Flocalhost%3A8080%2Fbase%2Fnode_modules%2Fjasmine-core%2Flib%2Fjasmine-core%2Fjasmine.js%3F578a1e5ff14db21b04e2d6db7fd0eda37042440c%3A1762%0A%20%20%20%20at%20http%3A%2F%2Flocalhost%3A8080%2Fbase%2Fnode_modules%2Fjasmine-core%2Flib%2Fjasmine-core%2Fjasmine.js%3F578a1e5ff14db21b04e2d6db7fd0eda37042440c%3A627%0A%20%20%20%20at%20http%3A%2F%2Flocalhost%3A8080%2Fbase%2Fnode_modules%2Fjasmine-core%2Flib%2Fjasmine-core%2Fjasmine.js%3F578a1e5ff14db21b04e2d6db7fd0eda37042440c%3A2354%0A%20%20%20%20at%20attemptAsync%20(http%3A%2F%2Flocalhost%3A8080%2Fbase%2Fnode_modules%2Fjasmine-core%2Flib%2Fjasmine-core%2Fjasmine.js%3F578a1e5ff14db21b04e2d6db7fd0eda37042440c%3A1819)%0A%20%20%20%20at%20http%3A%2F%2Flocalhost%3A8080%2Fbase%2Fnode_modules%2Fjasmine-core%2Flib%2Fjasmine-core%2Fjasmine.js%3F578a1e5ff14db21b04e2d6db7fd0eda37042440c%3A1774%0A%20%20%20%20at%20http%3A%2F%2Flocalhost%3A8080%2Fbase%2Fnode_modules%2Fjasmine-core%2Flib%2Fjasmine-core%2Fjasmine.js%3F578a1e5ff14db21b04e2d6db7fd0eda37042440c%3A1801%0A%20%20%20%20at%20http%3A%2F%2Flocalhost%3A8080%2Fbase%2Fnode_modules%2Fjasmine-core%2Flib%2Fjasmine-core%2Fjasmine.js%3F578a1e5ff14db21b04e2d6db7fd0eda37042440c%3A1745%0A%20%20%20%20at%20http%3A%2F%2Flocalhost%3A8080%2Fbase%2Fnode_modules%2Fjasmine-core%2Flib%2Fjasmine-core%2Fjasmine.js%3F578a1e5ff14db21b04e2d6db7fd0eda37042440c%3A2348%0A%20%20%20%20at%20clearStack%20(http%3A%2F%2Flocalhost%3A8080%2Fbase%2Fnode_modules%2Fjasmine-core%2Flib%2Fjasmine-core%2Fjasmine.js%3F578a1e5ff14db21b04e2d6db7fd0eda37042440c%3A605)%0A%20%20%20%20at%20http%3A%2F%2Flocalhost%3A8080%2Fbase%2Fnode_modules%2Fjasmine-core%2Flib%2Fjasmine-core%2Fjasmine.js%3F578a1e5ff14db21b04e2d6db7fd0eda37042440c%3A1784%0A%20%20%20%20at%20http%3A%2F%2Flocalhost%3A8080%2Fbase%2Fnode_modules%2Fjasmine-core%2Flib%2Fjasmine-core%2Fjasmine.js%3F578a1e5ff14db21b04e2d6db7fd0eda37042440c%3A1762%0A%20%20%20%20at%20http%3A%2F%2Flocalhost%3A8080%2Fbase%2Fnode_modules%2Fjasmine-core%2Flib%2Fjasmine-core%2Fjasmine.js%3F578a1e5ff14db21b04e2d6db7fd0eda37042440c%3A627%0A%20%20%20%20at%20http%3A%2F%2Flocalhost%3A8080%2Fbase%2Fnode_modules%2Fjasmine-core%2Flib%2Fjasmine-core%2Fjasmine.js%3F578a1e5ff14db21b04e2d6db7fd0eda37042440c%3A2354%0A%20%20%20%20at%20attemptAsync%20(http%3A%2F%2Flocalhost%3A8080%2Fbase%2Fnode_modules%2Fjasmine-core%2Flib%2Fjasmine-core%2Fjasmine.js%3F578a1e5ff14db21b04e2d6db7fd0eda37042440c%3A1819)%0A%20%20%20%20at%20http%3A%2F%2Flocalhost%3A8080%2Fbase%2Fnode_modules%2Fjasmine-core%2Flib%2Fjasmine-core%2Fjasmine.js%3F578a1e5ff14db21b04e2d6db7fd0eda37042440c%3A1774%0A%20%20%20%20at%20http%3A%2F%2Flocalhost%3A8080%2Fbase%2Fnode_modules%2Fjasmine-core%2Flib%2Fjasmine-core%2Fjasmine.js%3F578a1e5ff14db21b04e2d6db7fd0eda37042440c%3A1801%0A%20%20%20%20at%20http%3A%2F%2Flocalhost%3A8080%2Fbase%2Fnode_modules%2Fjasmine-core%2Flib%2Fjasmine-core%2Fjasmine.js%3F578a1e5ff14db21b04e2d6db7fd0eda37042440c%3A1745%0A%20%20%20%20at%20http%3A%2F%2Flocalhost%3A8080%2Fbase%2Fnode_modules%2Fjasmine-core%2Flib%2Fjasmine-core%2Fjasmine.js%3F578a1e5ff14db21b04e2d6db7fd0eda37042440c%3A2348%0A%20%20%20%20at%20clearStack%20(http%3A%2F%2Flocalhost%3A8080%2Fbase%2Fnode_modules%2Fjasmine-core%2Flib%2Fjasmine-core%2Fjasmine.js%3F578a1e5ff14db21b04e2d6db7fd0eda37042440c%3A605)%0A%20%20%20%20at%20http%3A%2F%2Flocalhost%3A8080%2Fbase%2Fnode_modules%2Fjasmine-core%2Flib%2Fjasmine-core%2Fjasmine.js%3F578a1e5ff14db21b04e2d6db7fd0eda37042440c%3A1784%0A%20%20%20%20at%20http%3A%2F%2Flocalhost%3A8080%2Fbase%2Fnode_modules%2Fjasmine-core%2Flib%2Fjasmine-core%2Fjasmine.js%3F578a1e5ff14db21b04e2d6db7fd0eda37042440c%3A1762%0A%20%20%20%20at%20http%3A%2F%2Flocalhost%3A8080%2Fbase%2Fnode_modules%2Fjasmine-core%2Flib%2Fjasmine-core%2Fjasmine.js%3F578a1e5ff14db21b04e2d6db7fd0eda37042440c%3A627%0A%20%20%20%20at%20http%3A%2F%2Flocalhost%3A8080%2Fbase%2Fnode_modules%2Fjasmine-core%2Flib%2Fjasmine-core%2Fjasmine.js%3F578a1e5ff14db21b04e2d6db7fd0eda37042440c%3A2354%0A%20%20%20%20at%20attemptAsync%20(http%3A%2F%2Flocalhost%3A8080%2Fbase%2Fnode_modules%2Fjasmine-core%2Flib%2Fjasmine-core%2Fjasmine.js%3F578a1e5ff14db21b04e2d6db7fd0eda37042440c%3A1819)%0A%20%20%20%20at%20http%3A%2F%2Flocalhost%3A8080%2Fbase%2Fnode_modules%2Fjasmine-core%2Flib%2Fjasmine-core%2Fjasmine.js%3F578a1e5ff14db21b04e2d6db7fd0eda37042440c%3A1774%0A%20%20%20%20at%20http%3A%2F%2Flocalhost%3A8080%2Fbase%2Fnode_modules%2Fjasmine-core%2Flib%2Fjasmine-core%2Fjasmine.js%3F578a1e5ff14db21b04e2d6db7fd0eda37042440c%3A1801%0A%20%20%20%20at%20http%3A%2F%2Flocalhost%3A8080%2Fbase%2Fnode_modules%2Fjasmine-core%2Flib%2Fjasmine-core%2Fjasmine.js%3F578a1e5ff14db21b04e2d6db7fd0eda37042440c%3A1745%0A%20%20%20%20at%20http%3A%2F%2Flocalhost%3A8080%2Fbase%2Fnode_modules%2Fjasmine-core%2Flib%2Fjasmine-core%2Fjasmine.js%3F578a1e5ff14db21b04e2d6db7fd0eda37042440c%3A2348%0A%20%20%20%20at%20clearStack%20(http%3A%2F%2Flocalhost%3A8080%2Fbase%2Fnode_modules%2Fjasmine-core%2Flib%2Fjasmine-core%2Fjasmine.js%3F578a1e5ff14db21b04e2d6db7fd0eda37042440c%3A605)%0A%20%20%20%20at%20http%3A%2F%2Flocalhost%3A8080%2Fbase%2Fnode_modules%2Fjasmine-core%2Flib%2Fjasmine-core%2Fjasmine.js%3F578a1e5ff14db21b04e2d6db7fd0eda37042440c%3A1784%0A%20%20%20%20at%20http%3A%2F%2Flocalhost%3A8080%2Fbase%2Fnode_modules%2Fjasmine-core%2Flib%2Fjasmine-core%2Fjasmine.js%3F578a1e5ff14db21b04e2d6db7fd0eda37042440c%3A1762%0A%20%20%20%20at%20http%3A%2F%2Flocalhost%3A8080%2Fbase%2Fnode_modules%2Fjasmine-core%2Flib%2Fjasmine-core%2Fjasmine.js%3F578a1e5ff14db21b04e2d6db7fd0eda37042440c%3A627%0A%20%20%20%20at%20http%3A%2F%2Flocalhost%3A8080%2Fbase%2Fnode_modules%2Fjasmine-core%2Flib%2Fjasmine-core%2Fjasmine.js%3F578a1e5ff14db21b04e2d6db7fd0eda37042440c%3A2354%0A%20%20%20%20at%20attemptAsync%20(http%3A%2F%2Flocalhost%3A8080%2Fbase%2Fnode_modules%2Fjasmine-core%2Flib%2Fjasmine-core%2Fjasmine.js%3F578a1e5ff14db21b04e2d6db7fd0eda37042440c%3A1819)%0A%20%20%20%20at%20http%3A%2F%2Flocalhost%3A8080%2Fbase%2Fnode_modules%2Fjasmine-core%2Flib%2Fjasmine-core%2Fjasmine.js%3F578a1e5ff14db21b04e2d6db7fd0eda37042440c%3A1774%0A%20%20%20%20at%20http%3A%2F%2Flocalhost%3A8080%2Fbase%2Fnode_modules%2Fjasmine-core%2Flib%2Fjasmine-core%2Fjasmine.js%3F578a1e5ff14db21b04e2d6db7fd0eda37042440c%3A1801%0A%20%20%20%20at%20http%3A%2F%2Flocalhost%3A8080%2Fbase%2Fnode_modules%2Fjasmine-core%2Flib%2Fjasmine-core%2Fjasmine.js%3F578a1e5ff14db21b04e2d6db7fd0eda37042440c%3A1745%0A%20%20%20%20at%20http%3A%2F%2Flocalhost%3A8080%2Fbase%2Fnode_modules%2Fjasmine-core%2Flib%2Fjasmine-core%2Fjasmine.js%3F578a1e5ff14db21b04e2d6db7fd0eda37042440c%3A2348%0A%20%20%20%20at%20clearStack%20(http%3A%2F%2Flocalhost%3A8080%2Fbase%2Fnode_modules%2Fjasmine-core%2Flib%2Fjasmine-core%2Fjasmine.js%3F578a1e5ff14db21b04e2d6db7fd0eda37042440c%3A605)%0A%20%20%20%20at%20http%3A%2F%2Flocalhost%3A8080%2Fbase%2Fnode_modules%2Fjasmine-core%2Flib%2Fjasmine-core%2Fjasmine.js%3F578a1e5ff14db21b04e2d6db7fd0eda37042440c%3A1784%0A%20%20%20%20at%20http%3A%2F%2Flocalhost%3A8080%2Fbase%2Fnode_modules%2Fjasmine-core%2Flib%2Fjasmine-core%2Fjasmine.js%3F578a1e5ff14db21b04e2d6db7fd0eda37042440c%3A1762%0A%20%20%20%20at%20http%3A%2F%2Flocalhost%3A8080%2Fbase%2Fnode_modules%2Fjasmine-core%2Flib%2Fjasmine-core%2Fjasmine.js%3F578a1e5ff14db21b04e2d6db7fd0eda37042440c%3A627%0A%20%20%20%20at%20http%3A%2F%2Flocalhost%3A8080%2Fbase%2Fnode_modules%2Fjasmine-core%2Flib%2Fjasmine-core%2Fjasmine.js%3F578a1e5ff14db21b04e2d6db7fd0eda37042440c%3A2354%0A%20%20%20%20at%20attemptAsync%20(http%3A%2F%2Flocalhost%3A8080%2Fbase%2Fnode_modules%2Fjasmine-core%2Flib%2Fjasmine-core%2Fjasmine.js%3F578a1e5ff14db21b04e2d6db7fd0eda37042440c%3A1819)%0A%20%20%20%20at%20http%3A%2F%2Flocalhost%3A8080%2Fbase%2Fnode_modules%2Fjasmine-core%2Flib%2Fjasmine-core%2Fjasmine.js%3F578a1e5ff14db21b04e2d6db7fd0eda37042440c%3A1774%0A%20%20%20%20at%20http%3A%2F%2Flocalhost%3A8080%2Fbase%2Fnode_modules%2Fjasmine-core%2Flib%2Fjasmine-core%2Fjasmine.js%3F578a1e5ff14db21b04e2d6db7fd0eda37042440c%3A1801%0A%20%20%20%20at%20http%3A%2F%2Flocalhost%3A8080%2Fbase%2Fnode_modules%2Fjasmine-core%2Flib%2Fjasmine-core%2Fjasmine.js%3F578a1e5ff14db21b04e2d6db7fd0eda37042440c%3A1745%0A%20%20%20%20at%20http%3A%2F%2Flocalhost%3A8080%2Fbase%2Fnode_modules%2Fjasmine-core%2Flib%2Fjasmine-core%2Fjasmine.js%3F578a1e5ff14db21b04e2d6db7fd0eda37042440c%3A2348%0A%20%20%20%20at%20clearStack%20(http%3A%2F%2Flocalhost%3A8080%2Fbase%2Fnode_modules%2Fjasmine-core%2Flib%2Fjasmine-core%2Fjasmine.js%3F578a1e5ff14db21b04e2d6db7fd0eda37042440c%3A605)%0A%20%20%20%20at%20http%3A%2F%2Flocalhost%3A8080%2Fbase%2Fnode_modules%2Fjasmine-core%2Flib%2Fjasmine-core%2Fjasmine.js%3F578a1e5ff14db21b04e2d6db7fd0eda37042440c%3A1784%0A%20%20%20%20at%20http%3A%2F%2Flocalhost%3A8080%2Fbase%2Fnode_modules%2Fjasmine-core%2Flib%2Fjasmine-core%2Fjasmine.js%3F578a1e5ff14db21b04e2d6db7fd0eda37042440c%3A1762%0A%20%20%20%20at%20http%3A%2F%2Flocalhost%3A8080%2Fbase%2Fnode_modules%2Fjasmine-core%2Flib%2Fjasmine-core%2Fjasmine.js%3F578a1e5ff14db21b04e2d6db7fd0eda37042440c%3A627%0A%20%20%20%20at%20http%3A%2F%2Flocalhost%3A8080%2Fbase%2Fnode_modules%2Fjasmine-core%2Flib%2Fjasmine-core%2Fjasmine.js%3F578a1e5ff14db21b04e2d6db7fd0eda37042440c%3A2354%0A%20%20%20%20at%20attemptAsync%20(http%3A%2F%2Flocalhost%3A8080%2Fbase%2Fnode_modules%2Fjasmine-core%2Flib%2Fjasmine-core%2Fjasmine.js%3F578a1e5ff14db21b04e2d6db7fd0eda37042440c%3A1819)%0A%20%20%20%20at%20http%3A%2F%2Flocalhost%3A8080%2Fbase%2Fnode_modules%2Fjasmine-core%2Flib%2Fjasmine-core%2Fjasmine.js%3F578a1e5ff14db21b04e2d6db7fd0eda37042440c%3A1774%0A%20%20%20%20at%20http%3A%2F%2Flocalhost%3A8080%2Fbase%2Fnode_modules%2Fjasmine-core%2Flib%2Fjasmine-core%2Fjasmine.js%3F578a1e5ff14db21b04e2d6db7fd0eda37042440c%3A1801%0A%20%20%20%20at%20http%3A%2F%2Flocalhost%3A8080%2Fbase%2Fnode_modules%2Fjasmine-core%2Flib%2Fjasmine-core%2Fjasmine.js%3F578a1e5ff14db21b04e2d6db7fd0eda37042440c%3A1745%0A%20%20%20%20at%20http%3A%2F%2Flocalhost%3A8080%2Fbase%2Fnode_modules%2Fjasmine-core%2Flib%2Fjasmine-core%2Fjasmine.js%3F578a1e5ff14db21b04e2d6db7fd0eda37042440c%3A2348%0A%20%20%20%20at%20clearStack%20(http%3A%2F%2Flocalhost%3A8080%2Fbase%2Fnode_modules%2Fjasmine-core%2Flib%2Fjasmine-core%2Fjasmine.js%3F578a1e5ff14db21b04e2d6db7fd0eda37042440c%3A605)%0A%20%20%20%20at%20http%3A%2F%2Flocalhost%3A8080%2Fbase%2Fnode_modules%2Fjasmine-core%2Flib%2Fjasmine-core%2Fjasmine.js%3F578a1e5ff14db21b04e2d6db7fd0eda37042440c%3A1784%0A%20%20%20%20at%20http%3A%2F%2Flocalhost%3A8080%2Fbase%2Fnode_modules%2Fjasmine-core%2Flib%2Fjasmine-core%2Fjasmine.js%3F578a1e5ff14db21b04e2d6db7fd0eda37042440c%3A1762%0A%20%20%20%20at%20http%3A%2F%2Flocalhost%3A8080%2Fbase%2Fnode_modules%2Fjasmine-core%2Flib%2Fjasmine-core%2Fjasmine.js%3F578a1e5ff14db21b04e2d6db7fd0eda37042440c%3A627%0A%20%20%20%20at%20http%3A%2F%2Flocalhost%3A8080%2Fbase%2Fnode_modules%2Fjasmine-core%2Flib%2Fjasmine-core%2Fjasmine.js%3F578a1e5ff14db21b04e2d6db7fd0eda37042440c%3A2354%0A%20%20%20%20at%20attemptAsync%20(http%3A%2F%2Flocalhost%3A8080%2Fbase%2Fnode_modules%2Fjasmine-core%2Flib%2Fjasmine-core%2Fjasmine.js%3F578a1e5ff14db21b04e2d6db7fd0eda37042440c%3A1819)%0A%20%20%20%20at%20http%3A%2F%2Flocalhost%3A8080%2Fbase%2Fnode_modules%2Fjasmine-core%2Flib%2Fjasmine-core%2Fjasmine.js%3F578a1e5ff14db21b04e2d6db7fd0eda37042440c%3A1774%0A%20%20%20%20at%20http%3A%2F%2Flocalhost%3A8080%2Fbase%2Fnode_modules%2Fjasmine-core%2Flib%2Fjasmine-core%2Fjasmine.js%3F578a1e5ff14db21b04e2d6db7fd0eda37042440c%3A1762%0A%20%20%20%20at%20http%3A%2F%2Flocalhost%3A8080%2Fbase%2Fnode_modules%2Fjasmine-core%2Flib%2Fjasmine-core%2Fjasmine.js%3F578a1e5ff14db21b04e2d6db7fd0eda37042440c%3A627%0A%20%20%20%20at%20http%3A%2F%2Flocalhost%3A8080%2Fbase%2Fnode_modules%2Fjasmine-core%2Flib%2Fjasmine-core%2Fjasmine.js%3F578a1e5ff14db21b04e2d6db7fd0eda37042440c%3A2215%0A%20%20%20%20at%20http%3A%2F%2Flocalhost%3A8080%2Fbase%2Fnode_modules%2Fjasmine-core%2Flib%2Fjasmine-core%2Fjasmine.js%3F578a1e5ff14db21b04e2d6db7fd0eda37042440c%3A678%0A%20%20%20%20at%20http%3A%2F%2Flocalhost%3A8080%2Fbase%2Fnode_modules%2Fkarma-jasmine%2Flib%2Fadapter.js%3F0a69ad1fa10cc8be0a12b241227d3b834f82db4f%3A317%0A%20%20%20%20at%20http%3A%2F%2Flocalhost%3A8080%2Fkarma.js%3A185%0A%20%20%20%20at%20http%3A%2F%2Flocalhost%3A8080%2Fcontext.html%3A127
    at C:/dev/MedExplorer/src/client/app/vendor/angular/angular.js:4379
    at forEach (C:/dev/MedExplorer/src/client/app/vendor/angular/angular.js:336)
    at loadModules (C:/dev/MedExplorer/src/client/app/vendor/angular/angular.js:4381)
    at C:/dev/MedExplorer/src/client/app/vendor/angular/angular.js:4356
    at forEach (C:/dev/MedExplorer/src/client/app/vendor/angular/angular.js:336)
    at loadModules (C:/dev/MedExplorer/src/client/app/vendor/angular/angular.js:4381)
    at createInjector (C:/dev/MedExplorer/src/client/app/vendor/angular/angular.js:4265)
    at workFn (C:/dev/MedExplorer/src/client/app/vendor/angular-mocks/angular-mocks.js:2409)
http://errors.angularjs.org/1.4.1/$injector/modulerr?p0=MedExplorer&amp;p1=Error%3A%20%5B%24injector%3Amodulerr%5D%20Failed%20to%20instantiate%20module%20ui.bootstrap%20due%20to%3A%0AError%3A%20%5B%24injector%3Anomod%5D%20Module%20&apos;ui.bootstrap&apos;%20is%20not%20available!%20You%20either%20misspelled%20the%20module%20name%20or%20forgot%20to%20load%20it.%20If%20registering%20a%20module%20ensure%20that%20you%20specify%20the%20dependencies%20as%20the%20second%20argument.%0Ahttp%3A%2F%2Ferrors.angularjs.org%2F1.4.1%2F%24injector%2Fnomod%3Fp0%3Dui.bootstrap%0A%20%20%20%20at%20http%3A%2F%2Flocalhost%3A8080%2Fbase%2Fapp%2Fvendor%2Fangular%2Fangular.js%3F9d140432f81858ac1e7888708720d419d147ffa9%3A1951%0A%20%20%20%20at%20ensure%20(http%3A%2F%2Flocalhost%3A8080%2Fbase%2Fapp%2Fvendor%2Fangular%2Fangular.js%3F9d140432f81858ac1e7888708720d419d147ffa9%3A1873)%0A%20%20%20%20at%20module%20(http%3A%2F%2Flocalhost%3A8080%2Fbase%2Fapp%2Fvendor%2Fangular%2Fangular.js%3F9d140432f81858ac1e7888708720d419d147ffa9%3A2201)%0A%20%20%20%20at%20http%3A%2F%2Flocalhost%3A8080%2Fbase%2Fapp%2Fvendor%2Fangular%2Fangular.js%3F9d140432f81858ac1e7888708720d419d147ffa9%3A4355%0A%20%20%20%20at%20forEach%20(http%3A%2F%2Flocalhost%3A8080%2Fbase%2Fapp%2Fvendor%2Fangular%2Fangular.js%3F9d140432f81858ac1e7888708720d419d147ffa9%3A336)%0A%20%20%20%20at%20loadModules%20(http%3A%2F%2Flocalhost%3A8080%2Fbase%2Fapp%2Fvendor%2Fangular%2Fangular.js%3F9d140432f81858ac1e7888708720d419d147ffa9%3A4381)%0A%20%20%20%20at%20http%3A%2F%2Flocalhost%3A8080%2Fbase%2Fapp%2Fvendor%2Fangular%2Fangular.js%3F9d140432f81858ac1e7888708720d419d147ffa9%3A4356%0A%20%20%20%20at%20forEach%20(http%3A%2F%2Flocalhost%3A8080%2Fbase%2Fapp%2Fvendor%2Fangular%2Fangular.js%3F9d140432f81858ac1e7888708720d419d147ffa9%3A336)%0A%20%20%20%20at%20loadModules%20(http%3A%2F%2Flocalhost%3A8080%2Fbase%2Fapp%2Fvendor%2Fangular%2Fangular.js%3F9d140432f81858ac1e7888708720d419d147ffa9%3A4381)%0A%20%20%20%20at%20createInjector%20(http%3A%2F%2Flocalhost%3A8080%2Fbase%2Fapp%2Fvendor%2Fangular%2Fangular.js%3F9d140432f81858ac1e7888708720d419d147ffa9%3A4265)%0A%20%20%20%20at%20workFn%20(http%3A%2F%2Flocalhost%3A8080%2Fbase%2Fapp%2Fvendor%2Fangular-mocks%2Fangular-mocks.js%3F6fe041cc8bb7a17f894cb12d8b0d44b12644f10a%3A2409)%0A%20%20%20%20at%20attemptSync%20(http%3A%2F%2Flocalhost%3A8080%2Fbase%2Fnode_modules%2Fjasmine-core%2Flib%2Fjasmine-core%2Fjasmine.js%3F578a1e5ff14db21b04e2d6db7fd0eda37042440c%3A1789)%0A%20%20%20%20at%20http%3A%2F%2Flocalhost%3A8080%2Fbase%2Fnode_modules%2Fjasmine-core%2Flib%2Fjasmine-core%2Fjasmine.js%3F578a1e5ff14db21b04e2d6db7fd0eda37042440c%3A1777%0A%20%20%20%20at%20http%3A%2F%2Flocalhost%3A8080%2Fbase%2Fnode_modules%2Fjasmine-core%2Flib%2Fjasmine-core%2Fjasmine.js%3F578a1e5ff14db21b04e2d6db7fd0eda37042440c%3A1762%0A%20%20%20%20at%20http%3A%2F%2Flocalhost%3A8080%2Fbase%2Fnode_modules%2Fjasmine-core%2Flib%2Fjasmine-core%2Fjasmine.js%3F578a1e5ff14db21b04e2d6db7fd0eda37042440c%3A627%0A%20%20%20%20at%20http%3A%2F%2Flocalhost%3A8080%2Fbase%2Fnode_modules%2Fjasmine-core%2Flib%2Fjasmine-core%2Fjasmine.js%3F578a1e5ff14db21b04e2d6db7fd0eda37042440c%3A357%0A%20%20%20%20at%20http%3A%2F%2Flocalhost%3A8080%2Fbase%2Fnode_modules%2Fjasmine-core%2Flib%2Fjasmine-core%2Fjasmine.js%3F578a1e5ff14db21b04e2d6db7fd0eda37042440c%3A2360%0A%20%20%20%20at%20attemptAsync%20(http%3A%2F%2Flocalhost%3A8080%2Fbase%2Fnode_modules%2Fjasmine-core%2Flib%2Fjasmine-core%2Fjasmine.js%3F578a1e5ff14db21b04e2d6db7fd0eda37042440c%3A1819)%0A%20%20%20%20at%20http%3A%2F%2Flocalhost%3A8080%2Fbase%2Fnode_modules%2Fjasmine-core%2Flib%2Fjasmine-core%2Fjasmine.js%3F578a1e5ff14db21b04e2d6db7fd0eda37042440c%3A1774%0A%20%20%20%20at%20http%3A%2F%2Flocalhost%3A8080%2Fbase%2Fnode_modules%2Fjasmine-core%2Flib%2Fjasmine-core%2Fjasmine.js%3F578a1e5ff14db21b04e2d6db7fd0eda37042440c%3A1801%0A%20%20%20%20at%20http%3A%2F%2Flocalhost%3A8080%2Fbase%2Fnode_modules%2Fjasmine-core%2Flib%2Fjasmine-core%2Fjasmine.js%3F578a1e5ff14db21b04e2d6db7fd0eda37042440c%3A1745%0A%20%20%20%20at%20complete%20(http%3A%2F%2Flocalhost%3A8080%2Fbase%2Fnode_modules%2Fjasmine-core%2Flib%2Fjasmine-core%2Fjasmine.js%3F578a1e5ff14db21b04e2d6db7fd0eda37042440c%3A365)%0A%20%20%20%20at%20clearStack%20(http%3A%2F%2Flocalhost%3A8080%2Fbase%2Fnode_modules%2Fjasmine-core%2Flib%2Fjasmine-core%2Fjasmine.js%3F578a1e5ff14db21b04e2d6db7fd0eda37042440c%3A605)%0A%20%20%20%20at%20http%3A%2F%2Flocalhost%3A8080%2Fbase%2Fnode_modules%2Fjasmine-core%2Flib%2Fjasmine-core%2Fjasmine.js%3F578a1e5ff14db21b04e2d6db7fd0eda37042440c%3A1784%0A%20%20%20%20at%20http%3A%2F%2Flocalhost%3A8080%2Fbase%2Fnode_modules%2Fjasmine-core%2Flib%2Fjasmine-core%2Fjasmine.js%3F578a1e5ff14db21b04e2d6db7fd0eda37042440c%3A1762%0A%20%20%20%20at%20http%3A%2F%2Flocalhost%3A8080%2Fbase%2Fnode_modules%2Fjasmine-core%2Flib%2Fjasmine-core%2Fjasmine.js%3F578a1e5ff14db21b04e2d6db7fd0eda37042440c%3A627%0A%20%20%20%20at%20http%3A%2F%2Flocalhost%3A8080%2Fbase%2Fnode_modules%2Fjasmine-core%2Flib%2Fjasmine-core%2Fjasmine.js%3F578a1e5ff14db21b04e2d6db7fd0eda37042440c%3A357%0A%20%20%20%20at%20http%3A%2F%2Flocalhost%3A8080%2Fbase%2Fnode_modules%2Fjasmine-core%2Flib%2Fjasmine-core%2Fjasmine.js%3F578a1e5ff14db21b04e2d6db7fd0eda37042440c%3A2360%0A%20%20%20%20at%20attemptAsync%20(http%3A%2F%2Flocalhost%3A8080%2Fbase%2Fnode_modules%2Fjasmine-core%2Flib%2Fjasmine-core%2Fjasmine.js%3F578a1e5ff14db21b04e2d6db7fd0eda37042440c%3A1819)%0A%20%20%20%20at%20http%3A%2F%2Flocalhost%3A8080%2Fbase%2Fnode_modules%2Fjasmine-core%2Flib%2Fjasmine-core%2Fjasmine.js%3F578a1e5ff14db21b04e2d6db7fd0eda37042440c%3A1774%0A%20%20%20%20at%20http%3A%2F%2Flocalhost%3A8080%2Fbase%2Fnode_modules%2Fjasmine-core%2Flib%2Fjasmine-core%2Fjasmine.js%3F578a1e5ff14db21b04e2d6db7fd0eda37042440c%3A1801%0A%20%20%20%20at%20http%3A%2F%2Flocalhost%3A8080%2Fbase%2Fnode_modules%2Fjasmine-core%2Flib%2Fjasmine-core%2Fjasmine.js%3F578a1e5ff14db21b04e2d6db7fd0eda37042440c%3A1745%0A%20%20%20%20at%20complete%20(http%3A%2F%2Flocalhost%3A8080%2Fbase%2Fnode_modules%2Fjasmine-core%2Flib%2Fjasmine-core%2Fjasmine.js%3F578a1e5ff14db21b04e2d6db7fd0eda37042440c%3A365)%0A%20%20%20%20at%20clearStack%20(http%3A%2F%2Flocalhost%3A8080%2Fbase%2Fnode_modules%2Fjasmine-core%2Flib%2Fjasmine-core%2Fjasmine.js%3F578a1e5ff14db21b04e2d6db7fd0eda37042440c%3A605)%0A%20%20%20%20at%20http%3A%2F%2Flocalhost%3A8080%2Fbase%2Fnode_modules%2Fjasmine-core%2Flib%2Fjasmine-core%2Fjasmine.js%3F578a1e5ff14db21b04e2d6db7fd0eda37042440c%3A1784%0A%20%20%20%20at%20http%3A%2F%2Flocalhost%3A8080%2Fbase%2Fnode_modules%2Fjasmine-core%2Flib%2Fjasmine-core%2Fjasmine.js%3F578a1e5ff14db21b04e2d6db7fd0eda37042440c%3A1762%0A%20%20%20%20at%20http%3A%2F%2Flocalhost%3A8080%2Fbase%2Fnode_modules%2Fjasmine-core%2Flib%2Fjasmine-core%2Fjasmine.js%3F578a1e5ff14db21b04e2d6db7fd0eda37042440c%3A627%0A%20%20%20%20at%20http%3A%2F%2Flocalhost%3A8080%2Fbase%2Fnode_modules%2Fjasmine-core%2Flib%2Fjasmine-core%2Fjasmine.js%3F578a1e5ff14db21b04e2d6db7fd0eda37042440c%3A357%0A%20%20%20%20at%20http%3A%2F%2Flocalhost%3A8080%2Fbase%2Fnode_modules%2Fjasmine-core%2Flib%2Fjasmine-core%2Fjasmine.js%3F578a1e5ff14db21b04e2d6db7fd0eda37042440c%3A2360%0A%20%20%20%20at%20attemptAsync%20(http%3A%2F%2Flocalhost%3A8080%2Fbase%2Fnode_modules%2Fjasmine-core%2Flib%2Fjasmine-core%2Fjasmine.js%3F578a1e5ff14db21b04e2d6db7fd0eda37042440c%3A1819)%0A%20%20%20%20at%20http%3A%2F%2Flocalhost%3A8080%2Fbase%2Fnode_modules%2Fjasmine-core%2Flib%2Fjasmine-core%2Fjasmine.js%3F578a1e5ff14db21b04e2d6db7fd0eda37042440c%3A1774%0A%20%20%20%20at%20http%3A%2F%2Flocalhost%3A8080%2Fbase%2Fnode_modules%2Fjasmine-core%2Flib%2Fjasmine-core%2Fjasmine.js%3F578a1e5ff14db21b04e2d6db7fd0eda37042440c%3A1801%0A%20%20%20%20at%20http%3A%2F%2Flocalhost%3A8080%2Fbase%2Fnode_modules%2Fjasmine-core%2Flib%2Fjasmine-core%2Fjasmine.js%3F578a1e5ff14db21b04e2d6db7fd0eda37042440c%3A1745%0A%20%20%20%20at%20complete%20(http%3A%2F%2Flocalhost%3A8080%2Fbase%2Fnode_modules%2Fjasmine-core%2Flib%2Fjasmine-core%2Fjasmine.js%3F578a1e5ff14db21b04e2d6db7fd0eda37042440c%3A365)%0A%20%20%20%20at%20clearStack%20(http%3A%2F%2Flocalhost%3A8080%2Fbase%2Fnode_modules%2Fjasmine-core%2Flib%2Fjasmine-core%2Fjasmine.js%3F578a1e5ff14db21b04e2d6db7fd0eda37042440c%3A605)%0A%20%20%20%20at%20http%3A%2F%2Flocalhost%3A8080%2Fbase%2Fnode_modules%2Fjasmine-core%2Flib%2Fjasmine-core%2Fjasmine.js%3F578a1e5ff14db21b04e2d6db7fd0eda37042440c%3A1784%0A%20%20%20%20at%20http%3A%2F%2Flocalhost%3A8080%2Fbase%2Fnode_modules%2Fjasmine-core%2Flib%2Fjasmine-core%2Fjasmine.js%3F578a1e5ff14db21b04e2d6db7fd0eda37042440c%3A1762%0A%20%20%20%20at%20http%3A%2F%2Flocalhost%3A8080%2Fbase%2Fnode_modules%2Fjasmine-core%2Flib%2Fjasmine-core%2Fjasmine.js%3F578a1e5ff14db21b04e2d6db7fd0eda37042440c%3A627%0A%20%20%20%20at%20http%3A%2F%2Flocalhost%3A8080%2Fbase%2Fnode_modules%2Fjasmine-core%2Flib%2Fjasmine-core%2Fjasmine.js%3F578a1e5ff14db21b04e2d6db7fd0eda37042440c%3A357%0A%20%20%20%20at%20http%3A%2F%2Flocalhost%3A8080%2Fbase%2Fnode_modules%2Fjasmine-core%2Flib%2Fjasmine-core%2Fjasmine.js%3F578a1e5ff14db21b04e2d6db7fd0eda37042440c%3A2360%0A%20%20%20%20at%20attemptAsync%20(http%3A%2F%2Flocalhost%3A8080%2Fbase%2Fnode_modules%2Fjasmine-core%2Flib%2Fjasmine-core%2Fjasmine.js%3F578a1e5ff14db21b04e2d6db7fd0eda37042440c%3A1819)%0A%20%20%20%20at%20http%3A%2F%2Flocalhost%3A8080%2Fbase%2Fnode_modules%2Fjasmine-core%2Flib%2Fjasmine-core%2Fjasmine.js%3F578a1e5ff14db21b04e2d6db7fd0eda37042440c%3A1774%0A%20%20%20%20at%20http%3A%2F%2Flocalhost%3A8080%2Fbase%2Fnode_modules%2Fjasmine-core%2Flib%2Fjasmine-core%2Fjasmine.js%3F578a1e5ff14db21b04e2d6db7fd0eda37042440c%3A1762%0A%20%20%20%20at%20http%3A%2F%2Flocalhost%3A8080%2Fbase%2Fnode_modules%2Fjasmine-core%2Flib%2Fjasmine-core%2Fjasmine.js%3F578a1e5ff14db21b04e2d6db7fd0eda37042440c%3A627%0A%20%20%20%20at%20http%3A%2F%2Flocalhost%3A8080%2Fbase%2Fnode_modules%2Fjasmine-core%2Flib%2Fjasmine-core%2Fjasmine.js%3F578a1e5ff14db21b04e2d6db7fd0eda37042440c%3A2354%0A%20%20%20%20at%20attemptAsync%20(http%3A%2F%2Flocalhost%3A8080%2Fbase%2Fnode_modules%2Fjasmine-core%2Flib%2Fjasmine-core%2Fjasmine.js%3F578a1e5ff14db21b04e2d6db7fd0eda37042440c%3A1819)%0A%20%20%20%20at%20http%3A%2F%2Flocalhost%3A8080%2Fbase%2Fnode_modules%2Fjasmine-core%2Flib%2Fjasmine-core%2Fjasmine.js%3F578a1e5ff14db21b04e2d6db7fd0eda37042440c%3A1774%0A%20%20%20%20at%20http%3A%2F%2Flocalhost%3A8080%2Fbase%2Fnode_modules%2Fjasmine-core%2Flib%2Fjasmine-core%2Fjasmine.js%3F578a1e5ff14db21b04e2d6db7fd0eda37042440c%3A1801%0A%20%20%20%20at%20http%3A%2F%2Flocalhost%3A8080%2Fbase%2Fnode_modules%2Fjasmine-core%2Flib%2Fjasmine-core%2Fjasmine.js%3F578a1e5ff14db21b04e2d6db7fd0eda37042440c%3A1745%0A%20%20%20%20at%20http%3A%2F%2Flocalhost%3A8080%2Fbase%2Fnode_modules%2Fjasmine-core%2Flib%2Fjasmine-core%2Fjasmine.js%3F578a1e5ff14db21b04e2d6db7fd0eda37042440c%3A2348%0A%20%20%20%20at%20clearStack%20(http%3A%2F%2Flocalhost%3A8080%2Fbase%2Fnode_modules%2Fjasmine-core%2Flib%2Fjasmine-core%2Fjasmine.js%3F578a1e5ff14db21b04e2d6db7fd0eda37042440c%3A605)%0A%20%20%20%20at%20http%3A%2F%2Flocalhost%3A8080%2Fbase%2Fnode_modules%2Fjasmine-core%2Flib%2Fjasmine-core%2Fjasmine.js%3F578a1e5ff14db21b04e2d6db7fd0eda37042440c%3A1784%0A%20%20%20%20at%20http%3A%2F%2Flocalhost%3A8080%2Fbase%2Fnode_modules%2Fjasmine-core%2Flib%2Fjasmine-core%2Fjasmine.js%3F578a1e5ff14db21b04e2d6db7fd0eda37042440c%3A1762%0A%20%20%20%20at%20http%3A%2F%2Flocalhost%3A8080%2Fbase%2Fnode_modules%2Fjasmine-core%2Flib%2Fjasmine-core%2Fjasmine.js%3F578a1e5ff14db21b04e2d6db7fd0eda37042440c%3A627%0A%20%20%20%20at%20http%3A%2F%2Flocalhost%3A8080%2Fbase%2Fnode_modules%2Fjasmine-core%2Flib%2Fjasmine-core%2Fjasmine.js%3F578a1e5ff14db21b04e2d6db7fd0eda37042440c%3A2354%0A%20%20%20%20at%20attemptAsync%20(http%3A%2F%2Flocalhost%3A8080%2Fbase%2Fnode_modules%2Fjasmine-core%2Flib%2Fjasmine-core%2Fjasmine.js%3F578a1e5ff14db21b04e2d6db7fd0eda37042440c%3A1819)%0A%20%20%20%20at%20http%3A%2F%2Flocalhost%3A8080%2Fbase%2Fnode_modules%2Fjasmine-core%2Flib%2Fjasmine-core%2Fjasmine.js%3F578a1e5ff14db21b04e2d6db7fd0eda37042440c%3A1774%0A%20%20%20%20at%20http%3A%2F%2Flocalhost%3A8080%2Fbase%2Fnode_modules%2Fjasmine-core%2Flib%2Fjasmine-core%2Fjasmine.js%3F578a1e5ff14db21b04e2d6db7fd0eda37042440c%3A1801%0A%20%20%20%20at%20http%3A%2F%2Flocalhost%3A8080%2Fbase%2Fnode_modules%2Fjasmine-core%2Flib%2Fjasmine-core%2Fjasmine.js%3F578a1e5ff14db21b04e2d6db7fd0eda37042440c%3A1745%0A%20%20%20%20at%20http%3A%2F%2Flocalhost%3A8080%2Fbase%2Fnode_modules%2Fjasmine-core%2Flib%2Fjasmine-core%2Fjasmine.js%3F578a1e5ff14db21b04e2d6db7fd0eda37042440c%3A2348%0A%20%20%20%20at%20clearStack%20(http%3A%2F%2Flocalhost%3A8080%2Fbase%2Fnode_modules%2Fjasmine-core%2Flib%2Fjasmine-core%2Fjasmine.js%3F578a1e5ff14db21b04e2d6db7fd0eda37042440c%3A605)%0A%20%20%20%20at%20http%3A%2F%2Flocalhost%3A8080%2Fbase%2Fnode_modules%2Fjasmine-core%2Flib%2Fjasmine-core%2Fjasmine.js%3F578a1e5ff14db21b04e2d6db7fd0eda37042440c%3A1784%0A%20%20%20%20at%20http%3A%2F%2Flocalhost%3A8080%2Fbase%2Fnode_modules%2Fjasmine-core%2Flib%2Fjasmine-core%2Fjasmine.js%3F578a1e5ff14db21b04e2d6db7fd0eda37042440c%3A1762%0A%20%20%20%20at%20http%3A%2F%2Flocalhost%3A8080%2Fbase%2Fnode_modules%2Fjasmine-core%2Flib%2Fjasmine-core%2Fjasmine.js%3F578a1e5ff14db21b04e2d6db7fd0eda37042440c%3A627%0A%20%20%20%20at%20http%3A%2F%2Flocalhost%3A8080%2Fbase%2Fnode_modules%2Fjasmine-core%2Flib%2Fjasmine-core%2Fjasmine.js%3F578a1e5ff14db21b04e2d6db7fd0eda37042440c%3A2354%0A%20%20%20%20at%20attemptAsync%20(http%3A%2F%2Flocalhost%3A8080%2Fbase%2Fnode_modules%2Fjasmine-core%2Flib%2Fjasmine-core%2Fjasmine.js%3F578a1e5ff14db21b04e2d6db7fd0eda37042440c%3A1819)%0A%20%20%20%20at%20http%3A%2F%2Flocalhost%3A8080%2Fbase%2Fnode_modules%2Fjasmine-core%2Flib%2Fjasmine-core%2Fjasmine.js%3F578a1e5ff14db21b04e2d6db7fd0eda37042440c%3A1774%0A%20%20%20%20at%20http%3A%2F%2Flocalhost%3A8080%2Fbase%2Fnode_modules%2Fjasmine-core%2Flib%2Fjasmine-core%2Fjasmine.js%3F578a1e5ff14db21b04e2d6db7fd0eda37042440c%3A1801%0A%20%20%20%20at%20http%3A%2F%2Flocalhost%3A8080%2Fbase%2Fnode_modules%2Fjasmine-core%2Flib%2Fjasmine-core%2Fjasmine.js%3F578a1e5ff14db21b04e2d6db7fd0eda37042440c%3A1745%0A%20%20%20%20at%20http%3A%2F%2Flocalhost%3A8080%2Fbase%2Fnode_modules%2Fjasmine-core%2Flib%2Fjasmine-core%2Fjasmine.js%3F578a1e5ff14db21b04e2d6db7fd0eda37042440c%3A2348%0A%20%20%20%20at%20clearStack%20(http%3A%2F%2Flocalhost%3A8080%2Fbase%2Fnode_modules%2Fjasmine-core%2Flib%2Fjasmine-core%2Fjasmine.js%3F578a1e5ff14db21b04e2d6db7fd0eda37042440c%3A605)%0A%20%20%20%20at%20http%3A%2F%2Flocalhost%3A8080%2Fbase%2Fnode_modules%2Fjasmine-core%2Flib%2Fjasmine-core%2Fjasmine.js%3F578a1e5ff14db21b04e2d6db7fd0eda37042440c%3A1784%0A%20%20%20%20at%20http%3A%2F%2Flocalhost%3A8080%2Fbase%2Fnode_modules%2Fjasmine-core%2Flib%2Fjasmine-core%2Fjasmine.js%3F578a1e5ff14db21b04e2d6db7fd0eda37042440c%3A1801%0A%20%20%20%20at%20http%3A%2F%2Flocalhost%3A8080%2Fbase%2Fnode_modules%2Fjasmine-core%2Flib%2Fjasmine-core%2Fjasmine.js%3F578a1e5ff14db21b04e2d6db7fd0eda37042440c%3A1745%0A%20%20%20%20at%20complete%20(http%3A%2F%2Flocalhost%3A8080%2Fbase%2Fnode_modules%2Fjasmine-core%2Flib%2Fjasmine-core%2Fjasmine.js%3F578a1e5ff14db21b04e2d6db7fd0eda37042440c%3A365)%0A%20%20%20%20at%20clearStack%20(http%3A%2F%2Flocalhost%3A8080%2Fbase%2Fnode_modules%2Fjasmine-core%2Flib%2Fjasmine-core%2Fjasmine.js%3F578a1e5ff14db21b04e2d6db7fd0eda37042440c%3A605)%0A%20%20%20%20at%20http%3A%2F%2Flocalhost%3A8080%2Fbase%2Fnode_modules%2Fjasmine-core%2Flib%2Fjasmine-core%2Fjasmine.js%3F578a1e5ff14db21b04e2d6db7fd0eda37042440c%3A1784%0A%20%20%20%20at%20http%3A%2F%2Flocalhost%3A8080%2Fbase%2Fnode_modules%2Fjasmine-core%2Flib%2Fjasmine-core%2Fjasmine.js%3F578a1e5ff14db21b04e2d6db7fd0eda37042440c%3A1762%0A%20%20%20%20at%20http%3A%2F%2Flocalhost%3A8080%2Fbase%2Fnode_modules%2Fjasmine-core%2Flib%2Fjasmine-core%2Fjasmine.js%3F578a1e5ff14db21b04e2d6db7fd0eda37042440c%3A627%0A%20%20%20%20at%20http%3A%2F%2Flocalhost%3A8080%2Fbase%2Fnode_modules%2Fjasmine-core%2Flib%2Fjasmine-core%2Fjasmine.js%3F578a1e5ff14db21b04e2d6db7fd0eda37042440c%3A357%0A%20%20%20%20at%20http%3A%2F%2Flocalhost%3A8080%2Fbase%2Fnode_modules%2Fjasmine-core%2Flib%2Fjasmine-core%2Fjasmine.js%3F578a1e5ff14db21b04e2d6db7fd0eda37042440c%3A2360%0A%20%20%20%20at%20attemptAsync%20(http%3A%2F%2Flocalhost%3A8080%2Fbase%2Fnode_modules%2Fjasmine-core%2Flib%2Fjasmine-core%2Fjasmine.js%3F578a1e5ff14db21b04e2d6db7fd0eda37042440c%3A1819)%0A%20%20%20%20at%20http%3A%2F%2Flocalhost%3A8080%2Fbase%2Fnode_modules%2Fjasmine-core%2Flib%2Fjasmine-core%2Fjasmine.js%3F578a1e5ff14db21b04e2d6db7fd0eda37042440c%3A1774%0A%20%20%20%20at%20http%3A%2F%2Flocalhost%3A8080%2Fbase%2Fnode_modules%2Fjasmine-core%2Flib%2Fjasmine-core%2Fjasmine.js%3F578a1e5ff14db21b04e2d6db7fd0eda37042440c%3A1801%0A%20%20%20%20at%20http%3A%2F%2Flocalhost%3A8080%2Fbase%2Fnode_modules%2Fjasmine-core%2Flib%2Fjasmine-core%2Fjasmine.js%3F578a1e5ff14db21b04e2d6db7fd0eda37042440c%3A1745%0A%20%20%20%20at%20complete%20(http%3A%2F%2Flocalhost%3A8080%2Fbase%2Fnode_modules%2Fjasmine-core%2Flib%2Fjasmine-core%2Fjasmine.js%3F578a1e5ff14db21b04e2d6db7fd0eda37042440c%3A365)%0A%20%20%20%20at%20clearStack%20(http%3A%2F%2Flocalhost%3A8080%2Fbase%2Fnode_modules%2Fjasmine-core%2Flib%2Fjasmine-core%2Fjasmine.js%3F578a1e5ff14db21b04e2d6db7fd0eda37042440c%3A605)%0A%20%20%20%20at%20http%3A%2F%2Flocalhost%3A8080%2Fbase%2Fnode_modules%2Fjasmine-core%2Flib%2Fjasmine-core%2Fjasmine.js%3F578a1e5ff14db21b04e2d6db7fd0eda37042440c%3A1784%0A%20%20%20%20at%20http%3A%2F%2Flocalhost%3A8080%2Fbase%2Fnode_modules%2Fjasmine-core%2Flib%2Fjasmine-core%2Fjasmine.js%3F578a1e5ff14db21b04e2d6db7fd0eda37042440c%3A1762%0A%20%20%20%20at%20http%3A%2F%2Flocalhost%3A8080%2Fbase%2Fnode_modules%2Fjasmine-core%2Flib%2Fjasmine-core%2Fjasmine.js%3F578a1e5ff14db21b04e2d6db7fd0eda37042440c%3A627%0A%20%20%20%20at%20http%3A%2F%2Flocalhost%3A8080%2Fbase%2Fnode_modules%2Fjasmine-core%2Flib%2Fjasmine-core%2Fjasmine.js%3F578a1e5ff14db21b04e2d6db7fd0eda37042440c%3A357%0A%20%20%20%20at%20http%3A%2F%2Flocalhost%3A8080%2Fbase%2Fnode_modules%2Fjasmine-core%2Flib%2Fjasmine-core%2Fjasmine.js%3F578a1e5ff14db21b04e2d6db7fd0eda37042440c%3A2360%0A%20%20%20%20at%20attemptAsync%20(http%3A%2F%2Flocalhost%3A8080%2Fbase%2Fnode_modules%2Fjasmine-core%2Flib%2Fjasmine-core%2Fjasmine.js%3F578a1e5ff14db21b04e2d6db7fd0eda37042440c%3A1819)%0A%20%20%20%20at%20http%3A%2F%2Flocalhost%3A8080%2Fbase%2Fnode_modules%2Fjasmine-core%2Flib%2Fjasmine-core%2Fjasmine.js%3F578a1e5ff14db21b04e2d6db7fd0eda37042440c%3A1774%0A%20%20%20%20at%20http%3A%2F%2Flocalhost%3A8080%2Fbase%2Fnode_modules%2Fjasmine-core%2Flib%2Fjasmine-core%2Fjasmine.js%3F578a1e5ff14db21b04e2d6db7fd0eda37042440c%3A1762%0A%20%20%20%20at%20http%3A%2F%2Flocalhost%3A8080%2Fbase%2Fnode_modules%2Fjasmine-core%2Flib%2Fjasmine-core%2Fjasmine.js%3F578a1e5ff14db21b04e2d6db7fd0eda37042440c%3A627%0A%20%20%20%20at%20http%3A%2F%2Flocalhost%3A8080%2Fbase%2Fnode_modules%2Fjasmine-core%2Flib%2Fjasmine-core%2Fjasmine.js%3F578a1e5ff14db21b04e2d6db7fd0eda37042440c%3A2354%0A%20%20%20%20at%20attemptAsync%20(http%3A%2F%2Flocalhost%3A8080%2Fbase%2Fnode_modules%2Fjasmine-core%2Flib%2Fjasmine-core%2Fjasmine.js%3F578a1e5ff14db21b04e2d6db7fd0eda37042440c%3A1819)%0A%20%20%20%20at%20http%3A%2F%2Flocalhost%3A8080%2Fbase%2Fnode_modules%2Fjasmine-core%2Flib%2Fjasmine-core%2Fjasmine.js%3F578a1e5ff14db21b04e2d6db7fd0eda37042440c%3A1774%0A%20%20%20%20at%20http%3A%2F%2Flocalhost%3A8080%2Fbase%2Fnode_modules%2Fjasmine-core%2Flib%2Fjasmine-core%2Fjasmine.js%3F578a1e5ff14db21b04e2d6db7fd0eda37042440c%3A1801%0A%20%20%20%20at%20http%3A%2F%2Flocalhost%3A8080%2Fbase%2Fnode_modules%2Fjasmine-core%2Flib%2Fjasmine-core%2Fjasmine.js%3F578a1e5ff14db21b04e2d6db7fd0eda37042440c%3A1745%0A%20%20%20%20at%20http%3A%2F%2Flocalhost%3A8080%2Fbase%2Fnode_modules%2Fjasmine-core%2Flib%2Fjasmine-core%2Fjasmine.js%3F578a1e5ff14db21b04e2d6db7fd0eda37042440c%3A2348%0A%20%20%20%20at%20clearStack%20(http%3A%2F%2Flocalhost%3A8080%2Fbase%2Fnode_modules%2Fjasmine-core%2Flib%2Fjasmine-core%2Fjasmine.js%3F578a1e5ff14db21b04e2d6db7fd0eda37042440c%3A605)%0A%20%20%20%20at%20http%3A%2F%2Flocalhost%3A8080%2Fbase%2Fnode_modules%2Fjasmine-core%2Flib%2Fjasmine-core%2Fjasmine.js%3F578a1e5ff14db21b04e2d6db7fd0eda37042440c%3A1784%0A%20%20%20%20at%20http%3A%2F%2Flocalhost%3A8080%2Fbase%2Fnode_modules%2Fjasmine-core%2Flib%2Fjasmine-core%2Fjasmine.js%3F578a1e5ff14db21b04e2d6db7fd0eda37042440c%3A1762%0A%20%20%20%20at%20http%3A%2F%2Flocalhost%3A8080%2Fbase%2Fnode_modules%2Fjasmine-core%2Flib%2Fjasmine-core%2Fjasmine.js%3F578a1e5ff14db21b04e2d6db7fd0eda37042440c%3A627%0A%20%20%20%20at%20http%3A%2F%2Flocalhost%3A8080%2Fbase%2Fnode_modules%2Fjasmine-core%2Flib%2Fjasmine-core%2Fjasmine.js%3F578a1e5ff14db21b04e2d6db7fd0eda37042440c%3A2354%0A%20%20%20%20at%20attemptAsync%20(http%3A%2F%2Flocalhost%3A8080%2Fbase%2Fnode_modules%2Fjasmine-core%2Flib%2Fjasmine-core%2Fjasmine.js%3F578a1e5ff14db21b04e2d6db7fd0eda37042440c%3A1819)%0A%20%20%20%20at%20http%3A%2F%2Flocalhost%3A8080%2Fbase%2Fnode_modules%2Fjasmine-core%2Flib%2Fjasmine-core%2Fjasmine.js%3F578a1e5ff14db21b04e2d6db7fd0eda37042440c%3A1774%0A%20%20%20%20at%20http%3A%2F%2Flocalhost%3A8080%2Fbase%2Fnode_modules%2Fjasmine-core%2Flib%2Fjasmine-core%2Fjasmine.js%3F578a1e5ff14db21b04e2d6db7fd0eda37042440c%3A1801%0A%20%20%20%20at%20http%3A%2F%2Flocalhost%3A8080%2Fbase%2Fnode_modules%2Fjasmine-core%2Flib%2Fjasmine-core%2Fjasmine.js%3F578a1e5ff14db21b04e2d6db7fd0eda37042440c%3A1745%0A%20%20%20%20at%20http%3A%2F%2Flocalhost%3A8080%2Fbase%2Fnode_modules%2Fjasmine-core%2Flib%2Fjasmine-core%2Fjasmine.js%3F578a1e5ff14db21b04e2d6db7fd0eda37042440c%3A2348%0A%20%20%20%20at%20clearStack%20(http%3A%2F%2Flocalhost%3A8080%2Fbase%2Fnode_modules%2Fjasmine-core%2Flib%2Fjasmine-core%2Fjasmine.js%3F578a1e5ff14db21b04e2d6db7fd0eda37042440c%3A605)%0A%20%20%20%20at%20http%3A%2F%2Flocalhost%3A8080%2Fbase%2Fnode_modules%2Fjasmine-core%2Flib%2Fjasmine-core%2Fjasmine.js%3F578a1e5ff14db21b04e2d6db7fd0eda37042440c%3A1784%0A%20%20%20%20at%20http%3A%2F%2Flocalhost%3A8080%2Fbase%2Fnode_modules%2Fjasmine-core%2Flib%2Fjasmine-core%2Fjasmine.js%3F578a1e5ff14db21b04e2d6db7fd0eda37042440c%3A1762%0A%20%20%20%20at%20http%3A%2F%2Flocalhost%3A8080%2Fbase%2Fnode_modules%2Fjasmine-core%2Flib%2Fjasmine-core%2Fjasmine.js%3F578a1e5ff14db21b04e2d6db7fd0eda37042440c%3A627%0A%20%20%20%20at%20http%3A%2F%2Flocalhost%3A8080%2Fbase%2Fnode_modules%2Fjasmine-core%2Flib%2Fjasmine-core%2Fjasmine.js%3F578a1e5ff14db21b04e2d6db7fd0eda37042440c%3A2354%0A%20%20%20%20at%20attemptAsync%20(http%3A%2F%2Flocalhost%3A8080%2Fbase%2Fnode_modules%2Fjasmine-core%2Flib%2Fjasmine-core%2Fjasmine.js%3F578a1e5ff14db21b04e2d6db7fd0eda37042440c%3A1819)%0A%20%20%20%20at%20http%3A%2F%2Flocalhost%3A8080%2Fbase%2Fnode_modules%2Fjasmine-core%2Flib%2Fjasmine-core%2Fjasmine.js%3F578a1e5ff14db21b04e2d6db7fd0eda37042440c%3A1774%0A%20%20%20%20at%20http%3A%2F%2Flocalhost%3A8080%2Fbase%2Fnode_modules%2Fjasmine-core%2Flib%2Fjasmine-core%2Fjasmine.js%3F578a1e5ff14db21b04e2d6db7fd0eda37042440c%3A1801%0A%20%20%20%20at%20http%3A%2F%2Flocalhost%3A8080%2Fbase%2Fnode_modules%2Fjasmine-core%2Flib%2Fjasmine-core%2Fjasmine.js%3F578a1e5ff14db21b04e2d6db7fd0eda37042440c%3A1745%0A%20%20%20%20at%20http%3A%2F%2Flocalhost%3A8080%2Fbase%2Fnode_modules%2Fjasmine-core%2Flib%2Fjasmine-core%2Fjasmine.js%3F578a1e5ff14db21b04e2d6db7fd0eda37042440c%3A2348%0A%20%20%20%20at%20clearStack%20(http%3A%2F%2Flocalhost%3A8080%2Fbase%2Fnode_modules%2Fjasmine-core%2Flib%2Fjasmine-core%2Fjasmine.js%3F578a1e5ff14db21b04e2d6db7fd0eda37042440c%3A605)%0A%20%20%20%20at%20http%3A%2F%2Flocalhost%3A8080%2Fbase%2Fnode_modules%2Fjasmine-core%2Flib%2Fjasmine-core%2Fjasmine.js%3F578a1e5ff14db21b04e2d6db7fd0eda37042440c%3A1784%0A%20%20%20%20at%20http%3A%2F%2Flocalhost%3A8080%2Fbase%2Fnode_modules%2Fjasmine-core%2Flib%2Fjasmine-core%2Fjasmine.js%3F578a1e5ff14db21b04e2d6db7fd0eda37042440c%3A1762%0A%20%20%20%20at%20http%3A%2F%2Flocalhost%3A8080%2Fbase%2Fnode_modules%2Fjasmine-core%2Flib%2Fjasmine-core%2Fjasmine.js%3F578a1e5ff14db21b04e2d6db7fd0eda37042440c%3A627%0A%20%20%20%20at%20http%3A%2F%2Flocalhost%3A8080%2Fbase%2Fnode_modules%2Fjasmine-core%2Flib%2Fjasmine-core%2Fjasmine.js%3F578a1e5ff14db21b04e2d6db7fd0eda37042440c%3A2354%0A%20%20%20%20at%20attemptAsync%20(http%3A%2F%2Flocalhost%3A8080%2Fbase%2Fnode_modules%2Fjasmine-core%2Flib%2Fjasmine-core%2Fjasmine.js%3F578a1e5ff14db21b04e2d6db7fd0eda37042440c%3A1819)%0A%20%20%20%20at%20http%3A%2F%2Flocalhost%3A8080%2Fbase%2Fnode_modules%2Fjasmine-core%2Flib%2Fjasmine-core%2Fjasmine.js%3F578a1e5ff14db21b04e2d6db7fd0eda37042440c%3A1774%0A%20%20%20%20at%20http%3A%2F%2Flocalhost%3A8080%2Fbase%2Fnode_modules%2Fjasmine-core%2Flib%2Fjasmine-core%2Fjasmine.js%3F578a1e5ff14db21b04e2d6db7fd0eda37042440c%3A1801%0A%20%20%20%20at%20http%3A%2F%2Flocalhost%3A8080%2Fbase%2Fnode_modules%2Fjasmine-core%2Flib%2Fjasmine-core%2Fjasmine.js%3F578a1e5ff14db21b04e2d6db7fd0eda37042440c%3A1745%0A%20%20%20%20at%20http%3A%2F%2Flocalhost%3A8080%2Fbase%2Fnode_modules%2Fjasmine-core%2Flib%2Fjasmine-core%2Fjasmine.js%3F578a1e5ff14db21b04e2d6db7fd0eda37042440c%3A2348%0A%20%20%20%20at%20clearStack%20(http%3A%2F%2Flocalhost%3A8080%2Fbase%2Fnode_modules%2Fjasmine-core%2Flib%2Fjasmine-core%2Fjasmine.js%3F578a1e5ff14db21b04e2d6db7fd0eda37042440c%3A605)%0A%20%20%20%20at%20http%3A%2F%2Flocalhost%3A8080%2Fbase%2Fnode_modules%2Fjasmine-core%2Flib%2Fjasmine-core%2Fjasmine.js%3F578a1e5ff14db21b04e2d6db7fd0eda37042440c%3A1784%0A%20%20%20%20at%20http%3A%2F%2Flocalhost%3A8080%2Fbase%2Fnode_modules%2Fjasmine-core%2Flib%2Fjasmine-core%2Fjasmine.js%3F578a1e5ff14db21b04e2d6db7fd0eda37042440c%3A1762%0A%20%20%20%20at%20http%3A%2F%2Flocalhost%3A8080%2Fbase%2Fnode_modules%2Fjasmine-core%2Flib%2Fjasmine-core%2Fjasmine.js%3F578a1e5ff14db21b04e2d6db7fd0eda37042440c%3A627%0A%20%20%20%20at%20http%3A%2F%2Flocalhost%3A8080%2Fbase%2Fnode_modules%2Fjasmine-core%2Flib%2Fjasmine-core%2Fjasmine.js%3F578a1e5ff14db21b04e2d6db7fd0eda37042440c%3A2354%0A%20%20%20%20at%20attemptAsync%20(http%3A%2F%2Flocalhost%3A8080%2Fbase%2Fnode_modules%2Fjasmine-core%2Flib%2Fjasmine-core%2Fjasmine.js%3F578a1e5ff14db21b04e2d6db7fd0eda37042440c%3A1819)%0A%20%20%20%20at%20http%3A%2F%2Flocalhost%3A8080%2Fbase%2Fnode_modules%2Fjasmine-core%2Flib%2Fjasmine-core%2Fjasmine.js%3F578a1e5ff14db21b04e2d6db7fd0eda37042440c%3A1774%0A%20%20%20%20at%20http%3A%2F%2Flocalhost%3A8080%2Fbase%2Fnode_modules%2Fjasmine-core%2Flib%2Fjasmine-core%2Fjasmine.js%3F578a1e5ff14db21b04e2d6db7fd0eda37042440c%3A1801%0A%20%20%20%20at%20http%3A%2F%2Flocalhost%3A8080%2Fbase%2Fnode_modules%2Fjasmine-core%2Flib%2Fjasmine-core%2Fjasmine.js%3F578a1e5ff14db21b04e2d6db7fd0eda37042440c%3A1745%0A%20%20%20%20at%20http%3A%2F%2Flocalhost%3A8080%2Fbase%2Fnode_modules%2Fjasmine-core%2Flib%2Fjasmine-core%2Fjasmine.js%3F578a1e5ff14db21b04e2d6db7fd0eda37042440c%3A2348%0A%20%20%20%20at%20clearStack%20(http%3A%2F%2Flocalhost%3A8080%2Fbase%2Fnode_modules%2Fjasmine-core%2Flib%2Fjasmine-core%2Fjasmine.js%3F578a1e5ff14db21b04e2d6db7fd0eda37042440c%3A605)%0A%20%20%20%20at%20http%3A%2F%2Flocalhost%3A8080%2Fbase%2Fnode_modules%2Fjasmine-core%2Flib%2Fjasmine-core%2Fjasmine.js%3F578a1e5ff14db21b04e2d6db7fd0eda37042440c%3A1784%0A%20%20%20%20at%20http%3A%2F%2Flocalhost%3A8080%2Fbase%2Fnode_modules%2Fjasmine-core%2Flib%2Fjasmine-core%2Fjasmine.js%3F578a1e5ff14db21b04e2d6db7fd0eda37042440c%3A1762%0A%20%20%20%20at%20http%3A%2F%2Flocalhost%3A8080%2Fbase%2Fnode_modules%2Fjasmine-core%2Flib%2Fjasmine-core%2Fjasmine.js%3F578a1e5ff14db21b04e2d6db7fd0eda37042440c%3A627%0A%20%20%20%20at%20http%3A%2F%2Flocalhost%3A8080%2Fbase%2Fnode_modules%2Fjasmine-core%2Flib%2Fjasmine-core%2Fjasmine.js%3F578a1e5ff14db21b04e2d6db7fd0eda37042440c%3A2354%0A%20%20%20%20at%20attemptAsync%20(http%3A%2F%2Flocalhost%3A8080%2Fbase%2Fnode_modules%2Fjasmine-core%2Flib%2Fjasmine-core%2Fjasmine.js%3F578a1e5ff14db21b04e2d6db7fd0eda37042440c%3A1819)%0A%20%20%20%20at%20http%3A%2F%2Flocalhost%3A8080%2Fbase%2Fnode_modules%2Fjasmine-core%2Flib%2Fjasmine-core%2Fjasmine.js%3F578a1e5ff14db21b04e2d6db7fd0eda37042440c%3A1774%0A%20%20%20%20at%20http%3A%2F%2Flocalhost%3A8080%2Fbase%2Fnode_modules%2Fjasmine-core%2Flib%2Fjasmine-core%2Fjasmine.js%3F578a1e5ff14db21b04e2d6db7fd0eda37042440c%3A1801%0A%20%20%20%20at%20http%3A%2F%2Flocalhost%3A8080%2Fbase%2Fnode_modules%2Fjasmine-core%2Flib%2Fjasmine-core%2Fjasmine.js%3F578a1e5ff14db21b04e2d6db7fd0eda37042440c%3A1745%0A%20%20%20%20at%20http%3A%2F%2Flocalhost%3A8080%2Fbase%2Fnode_modules%2Fjasmine-core%2Flib%2Fjasmine-core%2Fjasmine.js%3F578a1e5ff14db21b04e2d6db7fd0eda37042440c%3A2348%0A%20%20%20%20at%20clearStack%20(http%3A%2F%2Flocalhost%3A8080%2Fbase%2Fnode_modules%2Fjasmine-core%2Flib%2Fjasmine-core%2Fjasmine.js%3F578a1e5ff14db21b04e2d6db7fd0eda37042440c%3A605)%0A%20%20%20%20at%20http%3A%2F%2Flocalhost%3A8080%2Fbase%2Fnode_modules%2Fjasmine-core%2Flib%2Fjasmine-core%2Fjasmine.js%3F578a1e5ff14db21b04e2d6db7fd0eda37042440c%3A1784%0A%20%20%20%20at%20http%3A%2F%2Flocalhost%3A8080%2Fbase%2Fnode_modules%2Fjasmine-core%2Flib%2Fjasmine-core%2Fjasmine.js%3F578a1e5ff14db21b04e2d6db7fd0eda37042440c%3A1762%0A%20%20%20%20at%20http%3A%2F%2Flocalhost%3A8080%2Fbase%2Fnode_modules%2Fjasmine-core%2Flib%2Fjasmine-core%2Fjasmine.js%3F578a1e5ff14db21b04e2d6db7fd0eda37042440c%3A627%0A%20%20%20%20at%20http%3A%2F%2Flocalhost%3A8080%2Fbase%2Fnode_modules%2Fjasmine-core%2Flib%2Fjasmine-core%2Fjasmine.js%3F578a1e5ff14db21b04e2d6db7fd0eda37042440c%3A2354%0A%20%20%20%20at%20attemptAsync%20(http%3A%2F%2Flocalhost%3A8080%2Fbase%2Fnode_modules%2Fjasmine-core%2Flib%2Fjasmine-core%2Fjasmine.js%3F578a1e5ff14db21b04e2d6db7fd0eda37042440c%3A1819)%0A%20%20%20%20at%20http%3A%2F%2Flocalhost%3A8080%2Fbase%2Fnode_modules%2Fjasmine-core%2Flib%2Fjasmine-core%2Fjasmine.js%3F578a1e5ff14db21b04e2d6db7fd0eda37042440c%3A1774%0A%20%20%20%20at%20http%3A%2F%2Flocalhost%3A8080%2Fbase%2Fnode_modules%2Fjasmine-core%2Flib%2Fjasmine-core%2Fjasmine.js%3F578a1e5ff14db21b04e2d6db7fd0eda37042440c%3A1801%0A%20%20%20%20at%20http%3A%2F%2Flocalhost%3A8080%2Fbase%2Fnode_modules%2Fjasmine-core%2Flib%2Fjasmine-core%2Fjasmine.js%3F578a1e5ff14db21b04e2d6db7fd0eda37042440c%3A1745%0A%20%20%20%20at%20http%3A%2F%2Flocalhost%3A8080%2Fbase%2Fnode_modules%2Fjasmine-core%2Flib%2Fjasmine-core%2Fjasmine.js%3F578a1e5ff14db21b04e2d6db7fd0eda37042440c%3A2348%0A%20%20%20%20at%20clearStack%20(http%3A%2F%2Flocalhost%3A8080%2Fbase%2Fnode_modules%2Fjasmine-core%2Flib%2Fjasmine-core%2Fjasmine.js%3F578a1e5ff14db21b04e2d6db7fd0eda37042440c%3A605)%0A%20%20%20%20at%20http%3A%2F%2Flocalhost%3A8080%2Fbase%2Fnode_modules%2Fjasmine-core%2Flib%2Fjasmine-core%2Fjasmine.js%3F578a1e5ff14db21b04e2d6db7fd0eda37042440c%3A1784%0A%20%20%20%20at%20http%3A%2F%2Flocalhost%3A8080%2Fbase%2Fnode_modules%2Fjasmine-core%2Flib%2Fjasmine-core%2Fjasmine.js%3F578a1e5ff14db21b04e2d6db7fd0eda37042440c%3A1762%0A%20%20%20%20at%20http%3A%2F%2Flocalhost%3A8080%2Fbase%2Fnode_modules%2Fjasmine-core%2Flib%2Fjasmine-core%2Fjasmine.js%3F578a1e5ff14db21b04e2d6db7fd0eda37042440c%3A627%0A%20%20%20%20at%20http%3A%2F%2Flocalhost%3A8080%2Fbase%2Fnode_modules%2Fjasmine-core%2Flib%2Fjasmine-core%2Fjasmine.js%3F578a1e5ff14db21b04e2d6db7fd0eda37042440c%3A2354%0A%20%20%20%20at%20attemptAsync%20(http%3A%2F%2Flocalhost%3A8080%2Fbase%2Fnode_modules%2Fjasmine-core%2Flib%2Fjasmine-core%2Fjasmine.js%3F578a1e5ff14db21b04e2d6db7fd0eda37042440c%3A1819)%0A%20%20%20%20at%20http%3A%2F%2Flocalhost%3A8080%2Fbase%2Fnode_modules%2Fjasmine-core%2Flib%2Fjasmine-core%2Fjasmine.js%3F578a1e5ff14db21b04e2d6db7fd0eda37042440c%3A1774%0A%20%20%20%20at%20http%3A%2F%2Flocalhost%3A8080%2Fbase%2Fnode_modules%2Fjasmine-core%2Flib%2Fjasmine-core%2Fjasmine.js%3F578a1e5ff14db21b04e2d6db7fd0eda37042440c%3A1762%0A%20%20%20%20at%20http%3A%2F%2Flocalhost%3A8080%2Fbase%2Fnode_modules%2Fjasmine-core%2Flib%2Fjasmine-core%2Fjasmine.js%3F578a1e5ff14db21b04e2d6db7fd0eda37042440c%3A627%0A%20%20%20%20at%20http%3A%2F%2Flocalhost%3A8080%2Fbase%2Fnode_modules%2Fjasmine-core%2Flib%2Fjasmine-core%2Fjasmine.js%3F578a1e5ff14db21b04e2d6db7fd0eda37042440c%3A2215%0A%20%20%20%20at%20http%3A%2F%2Flocalhost%3A8080%2Fbase%2Fnode_modules%2Fjasmine-core%2Flib%2Fjasmine-core%2Fjasmine.js%3F578a1e5ff14db21b04e2d6db7fd0eda37042440c%3A678%0A%20%20%20%20at%20http%3A%2F%2Flocalhost%3A8080%2Fbase%2Fnode_modules%2Fkarma-jasmine%2Flib%2Fadapter.js%3F0a69ad1fa10cc8be0a12b241227d3b834f82db4f%3A317%0A%20%20%20%20at%20http%3A%2F%2Flocalhost%3A8080%2Fkarma.js%3A185%0A%20%20%20%20at%20http%3A%2F%2Flocalhost%3A8080%2Fcontext.html%3A127%0Ahttp%3A%2F%2Ferrors.angularjs.org%2F1.4.1%2F%24injector%2Fmodulerr%3Fp0%3Dui.bootstrap%26p1%3DError%253A%2520%255B%2524injector%253Anomod%255D%2520Module%2520&apos;ui.bootstrap&apos;%2520is%2520not%2520available!%2520You%2520either%2520misspelled%2520the%2520module%2520name%2520or%2520forgot%2520to%2520load%2520it.%2520If%2520registering%2520a%2520module%2520ensure%2520that%2520you%2520specify%2520the%2520dependencies%2520as%2520the%2520second%2520argument.%250Ahttp%253A%252F%252Ferrors.angularjs.org%252F1.4.1%252F%2524injector%252Fnomod%253Fp0%253Dui.bootstrap%250A%2520%2520%2520%2520at%2520http%253A%252F%252Flocalhost%253A8080%252Fbase%252Fapp%252Fvendor%252Fangular%252Fangular.js%253F9d140432f81858ac1e7888708720d419d147ffa9%253A1951%250A%2520%2520%2520%2520at%2520ensure%2520(http%253A%252F%252Flocalhost%253A8080%252Fbase%252Fapp%252Fvendor%252Fangular%252Fangular.js%253F9d140432f81858ac1e7888708720d419d147ffa9%253A1873)%250A%2520%2520%2520%2520at%2520module%2520(http%253A%252F%252Flocalhost%253A8080%252Fbase%252Fapp%252Fvendor%252Fangular%252Fangular.js%253F9d140432f81858ac1e7888708720d419d147ffa9%253A2201)%250A%2520%2520%2520%2520at%2520http%253A%252F%252Flocalhost%253A8080%252Fbase%252Fapp%252Fvendor%252Fangular%252Fangular.js%253F9d140432f81858ac1e7888708720d419d147ffa9%253A4355%250A%2520%2520%2520%2520at%2520forEach%2520(http%253A%252F%252Flocalhost%253A8080%252Fbase%252Fapp%252Fvendor%252Fangular%252Fangular.js%253F9d140432f81858ac1e7888708720d419d147ffa9%253A336)%250A%2520%2520%2520%2520at%2520loadModules%2520(http%253A%252F%252Flocalhost%253A8080%252Fbase%252Fapp%252Fvendor%252Fangular%252Fangular.js%253F9d140432f81858ac1e7888708720d419d147ffa9%253A4381)%250A%2520%2520%2520%2520at%2520http%253A%252F%252Flocalhost%253A8080%252Fbase%252Fapp%252Fvendor%252Fangular%252Fangular.js%253F9d140432f81858ac1e7888708720d419d147ffa9%253A4356%250A%2520%2520%2520%2520at%2520forEach%2520(http%253A%252F%252Flocalhost%253A8080%252Fbase%252Fapp%252Fvendor%252Fangular%252Fangular.js%253F9d140432f81858ac1e7888708720d419d147ffa9%253A336)%250A%2520%2520%2520%2520at%2520loadModules%2520(http%253A%252F%252Flocalhost%253A8080%252Fbase%252Fapp%252Fvendor%252Fangular%252Fangular.js%253F9d140432f81858ac1e7888708720d419d147ffa9%253A4381)%250A%2520%2520%2520%2520at%2520createInjector%2520(http%253A%252F%252Flocalhost%253A8080%252Fbase%252Fapp%252Fvendor%252Fangular%252Fangular.js%253F9d140432f81858ac1e7888708720d419d147ffa9%253A4265)%250A%2520%2520%2520%2520at%2520workFn%2520(http%253A%252F%252Flocalhost%253A8080%252Fbase%252Fapp%252Fvendor%252Fangular-mocks%252Fangular-mocks.js%253F6fe041cc8bb7a17f894cb12d8b0d44b12644f10a%253A2409)%250A%2520%2520%2520%2520at%2520attemptSync%2520(http%253A%252F%252Flocalhost%253A8080%252Fbase%252Fnode_modules%252Fjasmine-core%252Flib%252Fjasmine-core%252Fjasmine.js%253F578a1e5ff14db21b04e2d6db7fd0eda37042440c%253A1789)%250A%2520%2520%2520%2520at%2520http%253A%252F%252Flocalhost%253A8080%252Fbase%252Fnode_modules%252Fjasmine-core%252Flib%252Fjasmine-core%252Fjasmine.js%253F578a1e5ff14db21b04e2d6db7fd0eda37042440c%253A1777%250A%2520%2520%2520%2520at%2520http%253A%252F%252Flocalhost%253A8080%252Fbase%252Fnode_modules%252Fjasmine-core%252Flib%252Fjasmine-core%252Fjasmine.js%253F578a1e5ff14db21b04e2d6db7fd0eda37042440c%253A1762%250A%2520%2520%2520%2520at%2520http%253A%252F%252Flocalhost%253A8080%252Fbase%252Fnode_modules%252Fjasmine-core%252Flib%252Fjasmine-core%252Fjasmine.js%253F578a1e5ff14db21b04e2d6db7fd0eda37042440c%253A627%250A%2520%2520%2520%2520at%2520http%253A%252F%252Flocalhost%253A8080%252Fbase%252Fnode_modules%252Fjasmine-core%252Flib%252Fjasmine-core%252Fjasmine.js%253F578a1e5ff14db21b04e2d6db7fd0eda37042440c%253A357%250A%2520%2520%2520%2520at%2520http%253A%252F%252Flocalhost%253A8080%252Fbase%252Fnode_modules%252Fjasmine-core%252Flib%252Fjasmine-core%252Fjasmine.js%253F578a1e5ff14db21b04e2d6db7fd0eda37042440c%253A2360%250A%2520%2520%2520%2520at%2520attemptAsync%2520(http%253A%252F%252Flocalhost%253A8080%252Fbase%252Fnode_modules%252Fjasmine-core%252Flib%252Fjasmine-core%252Fjasmine.js%253F578a1e5ff14db21b04e2d6db7fd0eda37042440c%253A1819)%250A%2520%2520%2520%2520at%2520http%253A%252F%252Flocalhost%253A8080%252Fbase%252Fnode_modules%252Fjasmine-core%252Flib%252Fjasmine-core%252Fjasmine.js%253F578a1e5ff14db21b04e2d6db7fd0eda37042440c%253A1774%250A%2520%2520%2520%2520at%2520http%253A%252F%252Flocalhost%253A8080%252Fbase%252Fnode_modules%252Fjasmine-core%252Flib%252Fjasmine-core%252Fjasmine.js%253F578a1e5ff14db21b04e2d6db7fd0eda37042440c%253A1801%250A%2520%2520%2520%2520at%2520http%253A%252F%252Flocalhost%253A8080%252Fbase%252Fnode_modules%252Fjasmine-core%252Flib%252Fjasmine-core%252Fjasmine.js%253F578a1e5ff14db21b04e2d6db7fd0eda37042440c%253A1745%250A%2520%2520%2520%2520at%2520complete%2520(http%253A%252F%252Flocalhost%253A8080%252Fbase%252Fnode_modules%252Fjasmine-core%252Flib%252Fjasmine-core%252Fjasmine.js%253F578a1e5ff14db21b04e2d6db7fd0eda37042440c%253A365)%250A%2520%2520%2520%2520at%2520clearStack%2520(http%253A%252F%252Flocalhost%253A8080%252Fbase%252Fnode_modules%252Fjasmine-core%252Flib%252Fjasmine-core%252Fjasmine.js%253F578a1e5ff14db21b04e2d6db7fd0eda37042440c%253A605)%250A%2520%2520%2520%2520at%2520http%253A%252F%252Flocalhost%253A8080%252Fbase%252Fnode_modules%252Fjasmine-core%252Flib%252Fjasmine-core%252Fjasmine.js%253F578a1e5ff14db21b04e2d6db7fd0eda37042440c%253A1784%250A%2520%2520%2520%2520at%2520http%253A%252F%252Flocalhost%253A8080%252Fbase%252Fnode_modules%252Fjasmine-core%252Flib%252Fjasmine-core%252Fjasmine.js%253F578a1e5ff14db21b04e2d6db7fd0eda37042440c%253A1762%250A%2520%2520%2520%2520at%2520http%253A%252F%252Flocalhost%253A8080%252Fbase%252Fnode_modules%252Fjasmine-core%252Flib%252Fjasmine-core%252Fjasmine.js%253F578a1e5ff14db21b04e2d6db7fd0eda37042440c%253A627%250A%2520%2520%2520%2520at%2520http%253A%252F%252Flocalhost%253A8080%252Fbase%252Fnode_modules%252Fjasmine-core%252Flib%252Fjasmine-core%252Fjasmine.js%253F578a1e5ff14db21b04e2d6db7fd0eda37042440c%253A357%250A%2520%2520%2520%2520at%2520http%253A%252F%252Flocalhost%253A8080%252Fbase%252Fnode_modules%252Fjasmine-core%252Flib%252Fjasmine-core%252Fjasmine.js%253F578a1e5ff14db21b04e2d6db7fd0eda37042440c%253A2360%250A%2520%2520%2520%2520at%2520attemptAsync%2520(http%253A%252F%252Flocalhost%253A8080%252Fbase%252Fnode_modules%252Fjasmine-core%252Flib%252Fjasmine-core%252Fjasmine.js%253F578a1e5ff14db21b04e2d6db7fd0eda37042440c%253A1819)%250A%2520%2520%2520%2520at%2520http%253A%252F%252Flocalhost%253A8080%252Fbase%252Fnode_modules%252Fjasmine-core%252Flib%252Fjasmine-core%252Fjasmine.js%253F578a1e5ff14db21b04e2d6db7fd0eda37042440c%253A1774%250A%2520%2520%2520%2520at%2520http%253A%252F%252Flocalhost%253A8080%252Fbase%252Fnode_modules%252Fjasmine-core%252Flib%252Fjasmine-core%252Fjasmine.js%253F578a1e5ff14db21b04e2d6db7fd0eda37042440c%253A1801%250A%2520%2520%2520%2520at%2520http%253A%252F%252Flocalhost%253A8080%252Fbase%252Fnode_modules%252Fjasmine-core%252Flib%252Fjasmine-core%252Fjasmine.js%253F578a1e5ff14db21b04e2d6db7fd0eda37042440c%253A1745%250A%2520%2520%2520%2520at%2520complete%2520(http%253A%252F%252Flocalhost%253A8080%252Fbase%252Fnode_modules%252Fjasmine-core%252Flib%252Fjasmine-core%252Fjasmine.js%253F578a1e5ff14db21b04e2d6db7fd0eda37042440c%253A365)%250A%2520%2520%2520%2520at%2520clearStack%2520(http%253A%252F%252Flocalhost%253A8080%252Fbase%252Fnode_modules%252Fjasmine-core%252Flib%252Fjasmine-core%252Fjasmine.js%253F578a1e5ff14db21b04e2d6db7fd0eda37042440c%253A605)%250A%2520%2520%2520%2520at%2520http%253A%252F%252Flocalhost%253A8080%252Fbase%252Fnode_modules%252Fjasmine-core%252Flib%252Fjasmine-core%252Fjasmine.js%253F578a1e5ff14db21b04e2d6db7fd0eda37042440c%253A1784%250A%2520%2520%2520%2520at%2520http%253A%252F%252Flocalhost%253A8080%252Fbase%252Fnode_modules%252Fjasmine-core%252Flib%252Fjasmine-core%252Fjasmine.js%253F578a1e5ff14db21b04e2d6db7fd0eda37042440c%253A1762%250A%2520%2520%2520%2520at%2520http%253A%252F%252Flocalhost%253A8080%252Fbase%252Fnode_modules%252Fjasmine-core%252Flib%252Fjasmine-core%252Fjasmine.js%253F578a1e5ff14db21b04e2d6db7fd0eda37042440c%253A627%250A%2520%2520%2520%2520at%2520http%253A%252F%252Flocalhost%253A8080%252Fbase%252Fnode_modules%252Fjasmine-core%252Flib%252Fjasmine-core%252Fjasmine.js%253F578a1e5ff14db21b04e2d6db7fd0eda37042440c%253A357%250A%2520%2520%2520%2520at%2520http%253A%252F%252Flocalhost%253A8080%252Fbase%252Fnode_modules%252Fjasmine-core%252Flib%252Fjasmine-core%252Fjasmine.js%253F578a1e5ff14db21b04e2d6db7fd0eda37042440c%253A2360%250A%2520%2520%2520%2520at%2520attemptAsync%2520(http%253A%252F%252Flocalhost%253A8080%252Fbase%252Fnode_modules%252Fjasmine-core%252Flib%252Fjasmine-core%252Fjasmine.js%253F578a1e5ff14db21b04e2d6db7fd0eda37042440c%253A1819)%250A%2520%2520%2520%2520at%2520http%253A%252F%252Flocalhost%253A8080%252Fbase%252Fnode_modules%252Fjasmine-core%252Flib%252Fjasmine-core%252Fjasmine.js%253F578a1e5ff14db21b04e2d6db7fd0eda37042440c%253A1774%250A%2520%2520%2520%2520at%2520http%253A%252F%252Flocalhost%253A8080%252Fbase%252Fnode_modules%252Fjasmine-core%252Flib%252Fjasmine-core%252Fjasmine.js%253F578a1e5ff14db21b04e2d6db7fd0eda37042440c%253A1801%250A%2520%2520%2520%2520at%2520http%253A%252F%252Flocalhost%253A8080%252Fbase%252Fnode_modules%252Fjasmine-core%252Flib%252Fjasmine-core%252Fjasmine.js%253F578a1e5ff14db21b04e2d6db7fd0eda37042440c%253A1745%250A%2520%2520%2520%2520at%2520complete%2520(http%253A%252F%252Flocalhost%253A8080%252Fbase%252Fnode_modules%252Fjasmine-core%252Flib%252Fjasmine-core%252Fjasmine.js%253F578a1e5ff14db21b04e2d6db7fd0eda37042440c%253A365)%250A%2520%2520%2520%2520at%2520clearStack%2520(http%253A%252F%252Flocalhost%253A8080%252Fbase%252Fnode_modules%252Fjasmine-core%252Flib%252Fjasmine-core%252Fjasmine.js%253F578a1e5ff14db21b04e2d6db7fd0eda37042440c%253A605)%250A%2520%2520%2520%2520at%2520http%253A%252F%252Flocalhost%253A8080%252Fbase%252Fnode_modules%252Fjasmine-core%252Flib%252Fjasmine-core%252Fjasmine.js%253F578a1e5ff14db21b04e2d6db7fd0eda37042440c%253A1784%250A%2520%2520%2520%2520at%2520http%253A%252F%252Flocalhost%253A8080%252Fbase%252Fnode_modules%252Fjasmine-core%252Flib%252Fjasmine-core%252Fjasmine.js%253F578a1e5ff14db21b04e2d6db7fd0eda37042440c%253A1762%250A%2520%2520%2520%2520at%2520http%253A%252F%252Flocalhost%253A8080%252Fbase%252Fnode_modules%252Fjasmine-core%252Flib%252Fjasmine-core%252Fjasmine.js%253F578a1e5ff14db21b04e2d6db7fd0eda37042440c%253A627%250A%2520%2520%2520%2520at%2520http%253A%252F%252Flocalhost%253A8080%252Fbase%252Fnode_modules%252Fjasmine-core%252Flib%252Fjasmine-core%252Fjasmine.js%253F578a1e5ff14db21b04e2d6db7fd0eda37042440c%253A357%250A%2520%2520%2520%2520at%2520http%253A%252F%252Flocalhost%253A8080%252Fbase%252Fnode_modules%252Fjasmine-core%252Flib%252Fjasmine-core%252Fjasmine.js%253F578a1e5ff14db21b04e2d6db7fd0eda37042440c%253A2360%250A%2520%2520%2520%2520at%2520attemptAsync%2520(http%253A%252F%252Flocalhost%253A8080%252Fbase%252Fnode_modules%252Fjasmine-core%252Flib%252Fjasmine-core%252Fjasmine.js%253F578a1e5ff14db21b04e2d6db7fd0eda37042440c%253A1819)%250A%2520%2520%2520%2520at%2520http%253A%252F%252Flocalhost%253A8080%252Fbase%252Fnode_modules%252Fjasmine-core%252Flib%252Fjasmine-core%252Fjasmine.js%253F578a1e5ff14db21b04e2d6db7fd0eda37042440c%253A1774%250A%2520%2520%2520%2520at%2520http%253A%252F%252Flocalhost%253A8080%252Fbase%252Fnode_modules%252Fjasmine-core%252Flib%252Fjasmine-core%252Fjasmine.js%253F578a1e5ff14db21b04e2d6db7fd0eda37042440c%253A1762%250A%2520%2520%2520%2520at%2520http%253A%252F%252Flocalhost%253A8080%252Fbase%252Fnode_modules%252Fjasmine-core%252Flib%252Fjasmine-core%252Fjasmine.js%253F578a1e5ff14db21b04e2d6db7fd0eda37042440c%253A627%250A%2520%2520%2520%2520at%2520http%253A%252F%252Flocalhost%253A8080%252Fbase%252Fnode_modules%252Fjasmine-core%252Flib%252Fjasmine-core%252Fjasmine.js%253F578a1e5ff14db21b04e2d6db7fd0eda37042440c%253A2354%250A%2520%2520%2520%2520at%2520attemptAsync%2520(http%253A%252F%252Flocalhost%253A8080%252Fbase%252Fnode_modules%252Fjasmine-core%252Flib%252Fjasmine-core%252Fjasmine.js%253F578a1e5ff14db21b04e2d6db7fd0eda37042440c%253A1819)%250A%2520%2520%2520%2520at%2520http%253A%252F%252Flocalhost%253A8080%252Fbase%252Fnode_modules%252Fjasmine-core%252Flib%252Fjasmine-core%252Fjasmine.js%253F578a1e5ff14db21b04e2d6db7fd0eda37042440c%253A1774%250A%2520%2520%2520%2520at%2520http%253A%252F%252Flocalhost%253A8080%252Fbase%252Fnode_modules%252Fjasmine-core%252Flib%252Fjasmine-core%252Fjasmine.js%253F578a1e5ff14db21b04e2d6db7fd0eda37042440c%253A1801%250A%2520%2520%2520%2520at%2520http%253A%252F%252Flocalhost%253A8080%252Fbase%252Fnode_modules%252Fjasmine-core%252Flib%252Fjasmine-core%252Fjasmine.js%253F578a1e5ff14db21b04e2d6db7fd0eda37042440c%253A1745%250A%2520%2520%2520%2520at%2520http%253A%252F%252Flocalhost%253A8080%252Fbase%252Fnode_modules%252Fjasmine-core%252Flib%252Fjasmine-core%252Fjasmine.js%253F578a1e5ff14db21b04e2d6db7fd0eda37042440c%253A2348%250A%2520%2520%2520%2520at%2520clearStack%2520(http%253A%252F%252Flocalhost%253A8080%252Fbase%252Fnode_modules%252Fjasmine-core%252Flib%252Fjasmine-core%252Fjasmine.js%253F578a1e5ff14db21b04e2d6db7fd0eda37042440c%253A605)%250A%2520%2520%2520%2520at%2520http%253A%252F%252Flocalhost%253A8080%252Fbase%252Fnode_modules%252Fjasmine-core%252Flib%252Fjasmine-core%252Fjasmine.js%253F578a1e5ff14db21b04e2d6db7fd0eda37042440c%253A1784%250A%2520%2520%2520%2520at%2520http%253A%252F%252Flocalhost%253A8080%252Fbase%252Fnode_modules%252Fjasmine-core%252Flib%252Fjasmine-core%252Fjasmine.js%253F578a1e5ff14db21b04e2d6db7fd0eda37042440c%253A1762%250A%2520%2520%2520%2520at%2520http%253A%252F%252Flocalhost%253A8080%252Fbase%252Fnode_modules%252Fjasmine-core%252Flib%252Fjasmine-core%252Fjasmine.js%253F578a1e5ff14db21b04e2d6db7fd0eda37042440c%253A627%250A%2520%2520%2520%2520at%2520http%253A%252F%252Flocalhost%253A8080%252Fbase%252Fnode_modules%252Fjasmine-core%252Flib%252Fjasmine-core%252Fjasmine.js%253F578a1e5ff14db21b04e2d6db7fd0eda37042440c%253A2354%250A%2520%2520%2520%2520at%2520attemptAsync%2520(http%253A%252F%252Flocalhost%253A8080%252Fbase%252Fnode_modules%252Fjasmine-core%252Flib%252Fjasmine-core%252Fjasmine.js%253F578a1e5ff14db21b04e2d6db7fd0eda37042440c%253A1819)%250A%2520%2520%2520%2520at%2520http%253A%252F%252Flocalhost%253A8080%252Fbase%252Fnode_modules%252Fjasmine-core%252Flib%252Fjasmine-core%252Fjasmine.js%253F578a1e5ff14db21b04e2d6db7fd0eda37042440c%253A1774%250A%2520%2520%2520%2520at%2520http%253A%252F%252Flocalhost%253A8080%252Fbase%252Fnode_modules%252Fjasmine-core%252Flib%252Fjasmine-core%252Fjasmine.js%253F578a1e5ff14db21b04e2d6db7fd0eda37042440c%253A1801%250A%2520%2520%2520%2520at%2520http%253A%252F%252Flocalhost%253A8080%252Fbase%252Fnode_modules%252Fjasmine-core%252Flib%252Fjasmine-core%252Fjasmine.js%253F578a1e5ff14db21b04e2d6db7fd0eda37042440c%253A1745%250A%2520%2520%2520%2520at%2520http%253A%252F%252Flocalhost%253A8080%252Fbase%252Fnode_modules%252Fjasmine-core%252Flib%252Fjasmine-core%252Fjasmine.js%253F578a1e5ff14db21b04e2d6db7fd0eda37042440c%253A2348%250A%2520%2520%2520%2520at%2520clearStack%2520(http%253A%252F%252Flocalhost%253A8080%252Fbase%252Fnode_modules%252Fjasmine-core%252Flib%252Fjasmine-core%252Fjasmine.js%253F578a1e5ff14db21b04e2d6db7fd0eda37042440c%253A605)%250A%2520%2520%2520%2520at%2520http%253A%252F%252Flocalhost%253A8080%252Fbase%252Fnode_modules%252Fjasmine-core%252Flib%252Fjasmine-core%252Fjasmine.js%253F578a1e5ff14db21b04e2d6db7fd0eda37042440c%253A1784%250A%2520%2520%2520%2520at%2520http%253A%252F%252Flocalhost%253A8080%252Fbase%252Fnode_modules%252Fjasmine-core%252Flib%252Fjasmine-core%252Fjasmine.js%253F578a1e5ff14db21b04e2d6db7fd0eda37042440c%253A1762%250A%2520%2520%2520%2520at%2520http%253A%252F%252Flocalhost%253A8080%252Fbase%252Fnode_modules%252Fjasmine-core%252Flib%252Fjasmine-core%252Fjasmine.js%253F578a1e5ff14db21b04e2d6db7fd0eda37042440c%253A627%250A%2520%2520%2520%2520at%2520http%253A%252F%252Flocalhost%253A8080%252Fbase%252Fnode_modules%252Fjasmine-core%252Flib%252Fjasmine-core%252Fjasmine.js%253F578a1e5ff14db21b04e2d6db7fd0eda37042440c%253A2354%250A%2520%2520%2520%2520at%2520attemptAsync%2520(http%253A%252F%252Flocalhost%253A8080%252Fbase%252Fnode_modules%252Fjasmine-core%252Flib%252Fjasmine-core%252Fjasmine.js%253F578a1e5ff14db21b04e2d6db7fd0eda37042440c%253A1819)%250A%2520%2520%2520%2520at%2520http%253A%252F%252Flocalhost%253A8080%252Fbase%252Fnode_modules%252Fjasmine-core%252Flib%252Fjasmine-core%252Fjasmine.js%253F578a1e5ff14db21b04e2d6db7fd0eda37042440c%253A1774%250A%2520%2520%2520%2520at%2520http%253A%252F%252Flocalhost%253A8080%252Fbase%252Fnode_modules%252Fjasmine-core%252Flib%252Fjasmine-core%252Fjasmine.js%253F578a1e5ff14db21b04e2d6db7fd0eda37042440c%253A1801%250A%2520%2520%2520%2520at%2520http%253A%252F%252Flocalhost%253A8080%252Fbase%252Fnode_modules%252Fjasmine-core%252Flib%252Fjasmine-core%252Fjasmine.js%253F578a1e5ff14db21b04e2d6db7fd0eda37042440c%253A1745%250A%2520%2520%2520%2520at%2520http%253A%252F%252Flocalhost%253A8080%252Fbase%252Fnode_modules%252Fjasmine-core%252Flib%252Fjasmine-core%252Fjasmine.js%253F578a1e5ff14db21b04e2d6db7fd0eda37042440c%253A2348%250A%2520%2520%2520%2520at%2520clearStack%2520(http%253A%252F%252Flocalhost%253A8080%252Fbase%252Fnode_modules%252Fjasmine-core%252Flib%252Fjasmine-core%252Fjasmine.js%253F578a1e5ff14db21b04e2d6db7fd0eda37042440c%253A605)%250A%2520%2520%2520%2520at%2520http%253A%252F%252Flocalhost%253A8080%252Fbase%252Fnode_modules%252Fjasmine-core%252Flib%252Fjasmine-core%252Fjasmine.js%253F578a1e5ff14db21b04e2d6db7fd0eda37042440c%253A1784%250A%2520%2520%2520%2520at%2520http%253A%252F%252Flocalhost%253A8080%252Fbase%252Fnode_modules%252Fjasmine-core%252Flib%252Fjasmine-core%252Fjasmine.js%253F578a1e5ff14db21b04e2d6db7fd0eda37042440c%253A1801%250A%2520%2520%2520%2520at%2520http%253A%252F%252Flocalhost%253A8080%252Fbase%252Fnode_modules%252Fjasmine-core%252Flib%252Fjasmine-core%252Fjasmine.js%253F578a1e5ff14db21b04e2d6db7fd0eda37042440c%253A1745%250A%2520%2520%2520%2520at%2520complete%2520(http%253A%252F%252Flocalhost%253A8080%252Fbase%252Fnode_modules%252Fjasmine-core%252Flib%252Fjasmine-core%252Fjasmine.js%253F578a1e5ff14db21b04e2d6db7fd0eda37042440c%253A365)%250A%2520%2520%2520%2520at%2520clearStack%2520(http%253A%252F%252Flocalhost%253A8080%252Fbase%252Fnode_modules%252Fjasmine-core%252Flib%252Fjasmine-core%252Fjasmine.js%253F578a1e5ff14db21b04e2d6db7fd0eda37042440c%253A605)%250A%2520%2520%2520%2520at%2520http%253A%252F%252Flocalhost%253A8080%252Fbase%252Fnode_modules%252Fjasmine-core%252Flib%252Fjasmine-core%252Fjasmine.js%253F578a1e5ff14db21b04e2d6db7fd0eda37042440c%253A1784%250A%2520%2520%2520%2520at%2520http%253A%252F%252Flocalhost%253A8080%252Fbase%252Fnode_modules%252Fjasmine-core%252Flib%252Fjasmine-core%252Fjasmine.js%253F578a1e5ff14db21b04e2d6db7fd0eda37042440c%253A1762%250A%2520%2520%2520%2520at%2520http%253A%252F%252Flocalhost%253A8080%252Fbase%252Fnode_modules%252Fjasmine-core%252Flib%252Fjasmine-core%252Fjasmine.js%253F578a1e5ff14db21b04e2d6db7fd0eda37042440c%253A627%250A%2520%2520%2520%2520at%2520http%253A%252F%252Flocalhost%253A8080%252Fbase%252Fnode_modules%252Fjasmine-core%252Flib%252Fjasmine-core%252Fjasmine.js%253F578a1e5ff14db21b04e2d6db7fd0eda37042440c%253A357%250A%2520%2520%2520%2520at%2520http%253A%252F%252Flocalhost%253A8080%252Fbase%252Fnode_modules%252Fjasmine-core%252Flib%252Fjasmine-core%252Fjasmine.js%253F578a1e5ff14db21b04e2d6db7fd0eda37042440c%253A2360%250A%2520%2520%2520%2520at%2520attemptAsync%2520(http%253A%252F%252Flocalhost%253A8080%252Fbase%252Fnode_modules%252Fjasmine-core%252Flib%252Fjasmine-core%252Fjasmine.js%253F578a1e5ff14db21b04e2d6db7fd0eda37042440c%253A1819)%250A%2520%2520%2520%2520at%2520http%253A%252F%252Flocalhost%253A8080%252Fbase%252Fnode_modules%252Fjasmine-core%252Flib%252Fjasmine-core%252Fjasmine.js%253F578a1e5ff14db21b04e2d6db7fd0eda37042440c%253A1774%250A%2520%2520%2520%2520at%2520http%253A%252F%252Flocalhost%253A8080%252Fbase%252Fnode_modules%252Fjasmine-core%252Flib%252Fjasmine-core%252Fjasmine.js%253F578a1e5ff14db21b04e2d6db7fd0eda37042440c%253A1801%250A%2520%2520%2520%2520at%2520http%253A%252F%252Flocalhost%253A8080%252Fbase%252Fnode_modules%252Fjasmine-core%252Flib%252Fjasmine-core%252Fjasmine.js%253F578a1e5ff14db21b04e2d6db7fd0eda37042440c%253A1745%250A%2520%2520%2520%2520at%2520complete%2520(http%253A%252F%252Flocalhost%253A8080%252Fbase%252Fnode_modules%252Fjasmine-core%252Flib%252Fjasmine-core%252Fjasmine.js%253F578a1e5ff14db21b04e2d6db7fd0eda37042440c%253A365)%250A%2520%2520%2520%2520at%2520clearStack%2520(http%253A%252F%252Flocalhost%253A8080%252Fbase%252Fnode_modules%252Fjasmine-core%252Flib%252Fjasmine-core%252Fjasmine.js%253F578a1e5ff14db21b04e2d6db7fd0eda37042440c%253A605)%250A%2520%2520%2520%2520at%2520http%253A%252F%252Flocalhost%253A8080%252Fbase%252Fnode_modules%252Fjasmine-core%252Flib%252Fjasmine-core%252Fjasmine.js%253F578a1e5ff14db21b04e2d6db7fd0eda37042440c%253A1784%250A%2520%2520%2520%2520at%2520http%253A%252F%252Flocalhost%253A8080%252Fbase%252Fnode_modules%252Fjasmine-core%252Flib%252Fjasmine-core%252Fjasmine.js%253F578a1e5ff14db21b04e2d6db7fd0eda37042440c%253A1762%250A%2520%2520%2520%2520at%2520http%253A%252F%252Flocalhost%253A8080%252Fbase%252Fnode_modules%252Fjasmine-core%252Flib%252Fjasmine-core%252Fjasmine.js%253F578a1e5ff14db21b04e2d6db7fd0eda37042440c%253A627%250A%2520%2520%2520%2520at%2520http%253A%252F%252Flocalhost%253A8080%252Fbase%252Fnode_modules%252Fjasmine-core%252Flib%252Fjasmine-core%252Fjasmine.js%253F578a1e5ff14db21b04e2d6db7fd0eda37042440c%253A357%250A%2520%2520%2520%2520at%2520http%253A%252F%252Flocalhost%253A8080%252Fbase%252Fnode_modules%252Fjasmine-core%252Flib%252Fjasmine-core%252Fjasmine.js%253F578a1e5ff14db21b04e2d6db7fd0eda37042440c%253A2360%250A%2520%2520%2520%2520at%2520attemptAsync%2520(http%253A%252F%252Flocalhost%253A8080%252Fbase%252Fnode_modules%252Fjasmine-core%252Flib%252Fjasmine-core%252Fjasmine.js%253F578a1e5ff14db21b04e2d6db7fd0eda37042440c%253A1819)%250A%2520%2520%2520%2520at%2520http%253A%252F%252Flocalhost%253A8080%252Fbase%252Fnode_modules%252Fjasmine-core%252Flib%252Fjasmine-core%252Fjasmine.js%253F578a1e5ff14db21b04e2d6db7fd0eda37042440c%253A1774%250A%2520%2520%2520%2520at%2520http%253A%252F%252Flocalhost%253A8080%252Fbase%252Fnode_modules%252Fjasmine-core%252Flib%252Fjasmine-core%252Fjasmine.js%253F578a1e5ff14db21b04e2d6db7fd0eda37042440c%253A1762%250A%2520%2520%2520%2520at%2520http%253A%252F%252Flocalhost%253A8080%252Fbase%252Fnode_modules%252Fjasmine-core%252Flib%252Fjasmine-core%252Fjasmine.js%253F578a1e5ff14db21b04e2d6db7fd0eda37042440c%253A627%250A%2520%2520%2520%2520at%2520http%253A%252F%252Flocalhost%253A8080%252Fbase%252Fnode_modules%252Fjasmine-core%252Flib%252Fjasmine-core%252Fjasmine.js%253F578a1e5ff14db21b04e2d6db7fd0eda37042440c%253A2354%250A%2520%2520%2520%2520at%2520attemptAsync%2520(http%253A%252F%252Flocalhost%253A8080%252Fbase%252Fnode_modules%252Fjasmine-core%252Flib%252Fjasmine-core%252Fjasmine.js%253F578a1e5ff14db21b04e2d6db7fd0eda37042440c%253A1819)%250A%2520%2520%2520%2520at%2520http%253A%252F%252Flocalhost%253A8080%252Fbase%252Fnode_modules%252Fjasmine-core%252Flib%252Fjasmine-core%252Fjasmine.js%253F578a1e5ff14db21b04e2d6db7fd0eda37042440c%253A1774%250A%2520%2520%2520%2520at%2520http%253A%252F%252Flocalhost%253A8080%252Fbase%252Fnode_modules%252Fjasmine-core%252Flib%252Fjasmine-core%252Fjasmine.js%253F578a1e5ff14db21b04e2d6db7fd0eda37042440c%253A1801%250A%2520%2520%2520%2520at%2520http%253A%252F%252Flocalhost%253A8080%252Fbase%252Fnode_modules%252Fjasmine-core%252Flib%252Fjasmine-core%252Fjasmine.js%253F578a1e5ff14db21b04e2d6db7fd0eda37042440c%253A1745%250A%2520%2520%2520%2520at%2520http%253A%252F%252Flocalhost%253A8080%252Fbase%252Fnode_modules%252Fjasmine-core%252Flib%252Fjasmine-core%252Fjasmine.js%253F578a1e5ff14db21b04e2d6db7fd0eda37042440c%253A2348%250A%2520%2520%2520%2520at%2520clearStack%2520(http%253A%252F%252Flocalhost%253A8080%252Fbase%252Fnode_modules%252Fjasmine-core%252Flib%252Fjasmine-core%252Fjasmine.js%253F578a1e5ff14db21b04e2d6db7fd0eda37042440c%253A605)%250A%2520%2520%2520%2520at%2520http%253A%252F%252Flocalhost%253A8080%252Fbase%252Fnode_modules%252Fjasmine-core%252Flib%252Fjasmine-core%252Fjasmine.js%253F578a1e5ff14db21b04e2d6db7fd0eda37042440c%253A1784%250A%2520%2520%2520%2520at%2520http%253A%252F%252Flocalhost%253A8080%252Fbase%252Fnode_modules%252Fjasmine-core%252Flib%252Fjasmine-core%252Fjasmine.js%253F578a1e5ff14db21b04e2d6db7fd0eda37042440c%253A1762%250A%2520%2520%2520%2520at%2520http%253A%252F%252Flocalhost%253A8080%252Fbase%252Fnode_modules%252Fjasmine-core%252Flib%252Fjasmine-core%252Fjasmine.js%253F578a1e5ff14db21b04e2d6db7fd0eda37042440c%253A627%250A%2520%2520%2520%2520at%2520http%253A%252F%252Flocalhost%253A8080%252Fbase%252Fnode_modules%252Fjasmine-core%252Flib%252Fjasmine-core%252Fjasmine.js%253F578a1e5ff14db21b04e2d6db7fd0eda37042440c%253A2354%250A%2520%2520%2520%2520at%2520attemptAsync%2520(http%253A%252F%252Flocalhost%253A8080%252Fbase%252Fnode_modules%252Fjasmine-core%252Flib%252Fjasmine-core%252Fjasmine.js%253F578a1e5ff14db21b04e2d6db7fd0eda37042440c%253A1819)%250A%2520%2520%2520%2520at%2520http%253A%252F%252Flocalhost%253A8080%252Fbase%252Fnode_modules%252Fjasmine-core%252Flib%252Fjasmine-core%252Fjasmine.js%253F578a1e5ff14db21b04e2d6db7fd0eda37042440c%253A1774%250A%2520%2520%2520%2520at%2520http%253A%252F%252Flocalhost%253A8080%252Fbase%252Fnode_modules%252Fjasmine-core%252Flib%252Fjasmine-core%252Fjasmine.js%253F578a1e5ff14db21b04e2d6db7fd0eda37042440c%253A1801%250A%2520%2520%2520%2520at%2520http%253A%252F%252Flocalhost%253A8080%252Fbase%252Fnode_modules%252Fjasmine-core%252Flib%252Fjasmine-core%252Fjasmine.js%253F578a1e5ff14db21b04e2d6db7fd0eda37042440c%253A1745%250A%2520%2520%2520%2520at%2520http%253A%252F%252Flocalhost%253A8080%252Fbase%252Fnode_modules%252Fjasmine-core%252Flib%252Fjasmine-core%252Fjasmine.js%253F578a1e5ff14db21b04e2d6db7fd0eda37042440c%253A2348%250A%2520%2520%2520%2520at%2520clearStack%2520(http%253A%252F%252Flocalhost%253A8080%252Fbase%252Fnode_modules%252Fjasmine-core%252Flib%252Fjasmine-core%252Fjasmine.js%253F578a1e5ff14db21b04e2d6db7fd0eda37042440c%253A605)%250A%2520%2520%2520%2520at%2520http%253A%252F%252Flocalhost%253A8080%252Fbase%252Fnode_modules%252Fjasmine-core%252Flib%252Fjasmine-core%252Fjasmine.js%253F578a1e5ff14db21b04e2d6db7fd0eda37042440c%253A1784%250A%2520%2520%2520%2520at%2520http%253A%252F%252Flocalhost%253A8080%252Fbase%252Fnode_modules%252Fjasmine-core%252Flib%252Fjasmine-core%252Fjasmine.js%253F578a1e5ff14db21b04e2d6db7fd0eda37042440c%253A1762%250A%2520%2520%2520%2520at%2520http%253A%252F%252Flocalhost%253A8080%252Fbase%252Fnode_modules%252Fjasmine-core%252Flib%252Fjasmine-core%252Fjasmine.js%253F578a1e5ff14db21b04e2d6db7fd0eda37042440c%253A627%250A%2520%2520%2520%2520at%2520http%253A%252F%252Flocalhost%253A8080%252Fbase%252Fnode_modules%252Fjasmine-core%252Flib%252Fjasmine-core%252Fjasmine.js%253F578a1e5ff14db21b04e2d6db7fd0eda37042440c%253A2354%250A%2520%2520%2520%2520at%2520attemptAsync%2520(http%253A%252F%252Flocalhost%253A8080%252Fbase%252Fnode_modules%252Fjasmine-core%252Flib%252Fjasmine-core%252Fjasmine.js%253F578a1e5ff14db21b04e2d6db7fd0eda37042440c%253A1819)%250A%2520%2520%2520%2520at%2520http%253A%252F%252Flocalhost%253A8080%252Fbase%252Fnode_modules%252Fjasmine-core%252Flib%252Fjasmine-core%252Fjasmine.js%253F578a1e5ff14db21b04e2d6db7fd0eda37042440c%253A1774%250A%2520%2520%2520%2520at%2520http%253A%252F%252Flocalhost%253A8080%252Fbase%252Fnode_modules%252Fjasmine-core%252Flib%252Fjasmine-core%252Fjasmine.js%253F578a1e5ff14db21b04e2d6db7fd0eda37042440c%253A1801%250A%2520%2520%2520%2520at%2520http%253A%252F%252Flocalhost%253A8080%252Fbase%252Fnode_modules%252Fjasmine-core%252Flib%252Fjasmine-core%252Fjasmine.js%253F578a1e5ff14db21b04e2d6db7fd0eda37042440c%253A1745%250A%2520%2520%2520%2520at%2520http%253A%252F%252Flocalhost%253A8080%252Fbase%252Fnode_modules%252Fjasmine-core%252Flib%252Fjasmine-core%252Fjasmine.js%253F578a1e5ff14db21b04e2d6db7fd0eda37042440c%253A2348%250A%2520%2520%2520%2520at%2520clearStack%2520(http%253A%252F%252Flocalhost%253A8080%252Fbase%252Fnode_modules%252Fjasmine-core%252Flib%252Fjasmine-core%252Fjasmine.js%253F578a1e5ff14db21b04e2d6db7fd0eda37042440c%253A605)%250A%2520%2520%2520%2520at%2520http%253A%252F%252Flocalhost%253A8080%252Fbase%252Fnode_modules%252Fjasmine-core%252Flib%252Fjasmine-core%252Fjasmine.js%253F578a1e5ff14db21b04e2d6db7fd0eda37042440c%253A1784%250A%2520%2520%2520%2520at%2520http%253A%252F%252Flocalhost%253A8080%252Fbase%252Fnode_modules%252Fjasmine-core%252Flib%252Fjasmine-core%252Fjasmine.js%253F578a1e5ff14db21b04e2d6db7fd0eda37042440c%253A1762%250A%2520%2520%2520%2520at%2520http%253A%252F%252Flocalhost%253A8080%252Fbase%252Fnode_modules%252Fjasmine-core%252Flib%252Fjasmine-core%252Fjasmine.js%253F578a1e5ff14db21b04e2d6db7fd0eda37042440c%253A627%250A%2520%2520%2520%2520at%2520http%253A%252F%252Flocalhost%253A8080%252Fbase%252Fnode_modules%252Fjasmine-core%252Flib%252Fjasmine-core%252Fjasmine.js%253F578a1e5ff14db21b04e2d6db7fd0eda37042440c%253A2354%250A%2520%2520%2520%2520at%2520attemptAsync%2520(http%253A%252F%252Flocalhost%253A8080%252Fbase%252Fnode_modules%252Fjasmine-core%252Flib%252Fjasmine-core%252Fjasmine.js%253F578a1e5ff14db21b04e2d6db7fd0eda37042440c%253A1819)%250A%2520%2520%2520%2520at%2520http%253A%252F%252Flocalhost%253A8080%252Fbase%252Fnode_modules%252Fjasmine-core%252Flib%252Fjasmine-core%252Fjasmine.js%253F578a1e5ff14db21b04e2d6db7fd0eda37042440c%253A1774%250A%2520%2520%2520%2520at%2520http%253A%252F%252Flocalhost%253A8080%252Fbase%252Fnode_modules%252Fjasmine-core%252Flib%252Fjasmine-core%252Fjasmine.js%253F578a1e5ff14db21b04e2d6db7fd0eda37042440c%253A1801%250A%2520%2520%2520%2520at%2520http%253A%252F%252Flocalhost%253A8080%252Fbase%252Fnode_modules%252Fjasmine-core%252Flib%252Fjasmine-core%252Fjasmine.js%253F578a1e5ff14db21b04e2d6db7fd0eda37042440c%253A1745%250A%2520%2520%2520%2520at%2520http%253A%252F%252Flocalhost%253A8080%252Fbase%252Fnode_modules%252Fjasmine-core%252Flib%252Fjasmine-core%252Fjasmine.js%253F578a1e5ff14db21b04e2d6db7fd0eda37042440c%253A2348%250A%2520%2520%2520%2520at%2520clearStack%2520(http%253A%252F%252Flocalhost%253A8080%252Fbase%252Fnode_modules%252Fjasmine-core%252Flib%252Fjasmine-core%252Fjasmine.js%253F578a1e5ff14db21b04e2d6db7fd0eda37042440c%253A605)%250A%2520%2520%2520%2520at%2520http%253A%252F%252Flocalhost%253A8080%252Fbase%252Fnode_modules%252Fjasmine-core%252Flib%252Fjasmine-core%252Fjasmine.js%253F578a1e5ff14db21b04e2d6db7fd0eda37042440c%253A1784%250A%2520%2520%2520%2520at%2520http%253A%252F%252Flocalhost%253A8080%252Fbase%252Fnode_modules%252Fjasmine-core%252Flib%252Fjasmine-core%252Fjasmine.js%253F578a1e5ff14db21b04e2d6db7fd0eda37042440c%253A1762%250A%2520%2520%2520%2520at%2520http%253A%252F%252Flocalhost%253A8080%252Fbase%252Fnode_modules%252Fjasmine-core%252Flib%252Fjasmine-core%252Fjasmine.js%253F578a1e5ff14db21b04e2d6db7fd0eda37042440c%253A627%250A%2520%2520%2520%2520at%2520http%253A%252F%252Flocalhost%253A8080%252Fbase%252Fnode_modules%252Fjasmine-core%252Flib%252Fjasmine-core%252Fjasmine.js%253F578a1e5ff14db21b04e2d6db7fd0eda37042440c%253A2354%250A%2520%2520%2520%2520at%2520attemptAsync%2520(http%253A%252F%252Flocalhost%253A8080%252Fbase%252Fnode_modules%252Fjasmine-core%252Flib%252Fjasmine-core%252Fjasmine.js%253F578a1e5ff14db21b04e2d6db7fd0eda37042440c%253A1819)%250A%2520%2520%2520%2520at%2520http%253A%252F%252Flocalhost%253A8080%252Fbase%252Fnode_modules%252Fjasmine-core%252Flib%252Fjasmine-core%252Fjasmine.js%253F578a1e5ff14db21b04e2d6db7fd0eda37042440c%253A1774%250A%2520%2520%2520%2520at%2520http%253A%252F%252Flocalhost%253A8080%252Fbase%252Fnode_modules%252Fjasmine-core%252Flib%252Fjasmine-core%252Fjasmine.js%253F578a1e5ff14db21b04e2d6db7fd0eda37042440c%253A1801%250A%2520%2520%2520%2520at%2520http%253A%252F%252Flocalhost%253A8080%252Fbase%252Fnode_modules%252Fjasmine-core%252Flib%252Fjasmine-core%252Fjasmine.js%253F578a1e5ff14db21b04e2d6db7fd0eda37042440c%253A1745%250A%2520%2520%2520%2520at%2520http%253A%252F%252Flocalhost%253A8080%252Fbase%252Fnode_modules%252Fjasmine-core%252Flib%252Fjasmine-core%252Fjasmine.js%253F578a1e5ff14db21b04e2d6db7fd0eda37042440c%253A2348%250A%2520%2520%2520%2520at%2520clearStack%2520(http%253A%252F%252Flocalhost%253A8080%252Fbase%252Fnode_modules%252Fjasmine-core%252Flib%252Fjasmine-core%252Fjasmine.js%253F578a1e5ff14db21b04e2d6db7fd0eda37042440c%253A605)%250A%2520%2520%2520%2520at%2520http%253A%252F%252Flocalhost%253A8080%252Fbase%252Fnode_modules%252Fjasmine-core%252Flib%252Fjasmine-core%252Fjasmine.js%253F578a1e5ff14db21b04e2d6db7fd0eda37042440c%253A1784%250A%2520%2520%2520%2520at%2520http%253A%252F%252Flocalhost%253A8080%252Fbase%252Fnode_modules%252Fjasmine-core%252Flib%252Fjasmine-core%252Fjasmine.js%253F578a1e5ff14db21b04e2d6db7fd0eda37042440c%253A1762%250A%2520%2520%2520%2520at%2520http%253A%252F%252Flocalhost%253A8080%252Fbase%252Fnode_modules%252Fjasmine-core%252Flib%252Fjasmine-core%252Fjasmine.js%253F578a1e5ff14db21b04e2d6db7fd0eda37042440c%253A627%250A%2520%2520%2520%2520at%2520http%253A%252F%252Flocalhost%253A8080%252Fbase%252Fnode_modules%252Fjasmine-core%252Flib%252Fjasmine-core%252Fjasmine.js%253F578a1e5ff14db21b04e2d6db7fd0eda37042440c%253A2354%250A%2520%2520%2520%2520at%2520attemptAsync%2520(http%253A%252F%252Flocalhost%253A8080%252Fbase%252Fnode_modules%252Fjasmine-core%252Flib%252Fjasmine-core%252Fjasmine.js%253F578a1e5ff14db21b04e2d6db7fd0eda37042440c%253A1819)%250A%2520%2520%2520%2520at%2520http%253A%252F%252Flocalhost%253A8080%252Fbase%252Fnode_modules%252Fjasmine-core%252Flib%252Fjasmine-core%252Fjasmine.js%253F578a1e5ff14db21b04e2d6db7fd0eda37042440c%253A1774%250A%2520%2520%2520%2520at%2520http%253A%252F%252Flocalhost%253A8080%252Fbase%252Fnode_modules%252Fjasmine-core%252Flib%252Fjasmine-core%252Fjasmine.js%253F578a1e5ff14db21b04e2d6db7fd0eda37042440c%253A1801%250A%2520%2520%2520%2520at%2520http%253A%252F%252Flocalhost%253A8080%252Fbase%252Fnode_modules%252Fjasmine-core%252Flib%252Fjasmine-core%252Fjasmine.js%253F578a1e5ff14db21b04e2d6db7fd0eda37042440c%253A1745%250A%2520%2520%2520%2520at%2520http%253A%252F%252Flocalhost%253A8080%252Fbase%252Fnode_modules%252Fjasmine-core%252Flib%252Fjasmine-core%252Fjasmine.js%253F578a1e5ff14db21b04e2d6db7fd0eda37042440c%253A2348%250A%2520%2520%2520%2520at%2520clearStack%2520(http%253A%252F%252Flocalhost%253A8080%252Fbase%252Fnode_modules%252Fjasmine-core%252Flib%252Fjasmine-core%252Fjasmine.js%253F578a1e5ff14db21b04e2d6db7fd0eda37042440c%253A605)%250A%2520%2520%2520%2520at%2520http%253A%252F%252Flocalhost%253A8080%252Fbase%252Fnode_modules%252Fjasmine-core%252Flib%252Fjasmine-core%252Fjasmine.js%253F578a1e5ff14db21b04e2d6db7fd0eda37042440c%253A1784%250A%2520%2520%2520%2520at%2520http%253A%252F%252Flocalhost%253A8080%252Fbase%252Fnode_modules%252Fjasmine-core%252Flib%252Fjasmine-core%252Fjasmine.js%253F578a1e5ff14db21b04e2d6db7fd0eda37042440c%253A1762%250A%2520%2520%2520%2520at%2520http%253A%252F%252Flocalhost%253A8080%252Fbase%252Fnode_modules%252Fjasmine-core%252Flib%252Fjasmine-core%252Fjasmine.js%253F578a1e5ff14db21b04e2d6db7fd0eda37042440c%253A627%250A%2520%2520%2520%2520at%2520http%253A%252F%252Flocalhost%253A8080%252Fbase%252Fnode_modules%252Fjasmine-core%252Flib%252Fjasmine-core%252Fjasmine.js%253F578a1e5ff14db21b04e2d6db7fd0eda37042440c%253A2354%250A%2520%2520%2520%2520at%2520attemptAsync%2520(http%253A%252F%252Flocalhost%253A8080%252Fbase%252Fnode_modules%252Fjasmine-core%252Flib%252Fjasmine-core%252Fjasmine.js%253F578a1e5ff14db21b04e2d6db7fd0eda37042440c%253A1819)%250A%2520%2520%2520%2520at%2520http%253A%252F%252Flocalhost%253A8080%252Fbase%252Fnode_modules%252Fjasmine-core%252Flib%252Fjasmine-core%252Fjasmine.js%253F578a1e5ff14db21b04e2d6db7fd0eda37042440c%253A1774%250A%2520%2520%2520%2520at%2520http%253A%252F%252Flocalhost%253A8080%252Fbase%252Fnode_modules%252Fjasmine-core%252Flib%252Fjasmine-core%252Fjasmine.js%253F578a1e5ff14db21b04e2d6db7fd0eda37042440c%253A1801%250A%2520%2520%2520%2520at%2520http%253A%252F%252Flocalhost%253A8080%252Fbase%252Fnode_modules%252Fjasmine-core%252Flib%252Fjasmine-core%252Fjasmine.js%253F578a1e5ff14db21b04e2d6db7fd0eda37042440c%253A1745%250A%2520%2520%2520%2520at%2520http%253A%252F%252Flocalhost%253A8080%252Fbase%252Fnode_modules%252Fjasmine-core%252Flib%252Fjasmine-core%252Fjasmine.js%253F578a1e5ff14db21b04e2d6db7fd0eda37042440c%253A2348%250A%2520%2520%2520%2520at%2520clearStack%2520(http%253A%252F%252Flocalhost%253A8080%252Fbase%252Fnode_modules%252Fjasmine-core%252Flib%252Fjasmine-core%252Fjasmine.js%253F578a1e5ff14db21b04e2d6db7fd0eda37042440c%253A605)%250A%2520%2520%2520%2520at%2520http%253A%252F%252Flocalhost%253A8080%252Fbase%252Fnode_modules%252Fjasmine-core%252Flib%252Fjasmine-core%252Fjasmine.js%253F578a1e5ff14db21b04e2d6db7fd0eda37042440c%253A1784%250A%2520%2520%2520%2520at%2520http%253A%252F%252Flocalhost%253A8080%252Fbase%252Fnode_modules%252Fjasmine-core%252Flib%252Fjasmine-core%252Fjasmine.js%253F578a1e5ff14db21b04e2d6db7fd0eda37042440c%253A1762%250A%2520%2520%2520%2520at%2520http%253A%252F%252Flocalhost%253A8080%252Fbase%252Fnode_modules%252Fjasmine-core%252Flib%252Fjasmine-core%252Fjasmine.js%253F578a1e5ff14db21b04e2d6db7fd0eda37042440c%253A627%250A%2520%2520%2520%2520at%2520http%253A%252F%252Flocalhost%253A8080%252Fbase%252Fnode_modules%252Fjasmine-core%252Flib%252Fjasmine-core%252Fjasmine.js%253F578a1e5ff14db21b04e2d6db7fd0eda37042440c%253A2354%250A%2520%2520%2520%2520at%2520attemptAsync%2520(http%253A%252F%252Flocalhost%253A8080%252Fbase%252Fnode_modules%252Fjasmine-core%252Flib%252Fjasmine-core%252Fjasmine.js%253F578a1e5ff14db21b04e2d6db7fd0eda37042440c%253A1819)%250A%2520%2520%2520%2520at%2520http%253A%252F%252Flocalhost%253A8080%252Fbase%252Fnode_modules%252Fjasmine-core%252Flib%252Fjasmine-core%252Fjasmine.js%253F578a1e5ff14db21b04e2d6db7fd0eda37042440c%253A1774%250A%2520%2520%2520%2520at%2520http%253A%252F%252Flocalhost%253A8080%252Fbase%252Fnode_modules%252Fjasmine-core%252Flib%252Fjasmine-core%252Fjasmine.js%253F578a1e5ff14db21b04e2d6db7fd0eda37042440c%253A1762%250A%2520%2520%2520%2520at%2520http%253A%252F%252Flocalhost%253A8080%252Fbase%252Fnode_modules%252Fjasmine-core%252Flib%252Fjasmine-core%252Fjasmine.js%253F578a1e5ff14db21b04e2d6db7fd0eda37042440c%253A627%250A%2520%2520%2520%2520at%2520http%253A%252F%252Flocalhost%253A8080%252Fbase%252Fnode_modules%252Fjasmine-core%252Flib%252Fjasmine-core%252Fjasmine.js%253F578a1e5ff14db21b04e2d6db7fd0eda37042440c%253A2215%250A%2520%2520%2520%2520at%2520http%253A%252F%252Flocalhost%253A8080%252Fbase%252Fnode_modules%252Fjasmine-core%252Flib%252Fjasmine-core%252Fjasmine.js%253F578a1e5ff14db21b04e2d6db7fd0eda37042440c%253A678%250A%2520%2520%2520%2520at%2520http%253A%252F%252Flocalhost%253A8080%252Fbase%252Fnode_modules%252Fkarma-jasmine%252Flib%252Fadapter.js%253F0a69ad1fa10cc8be0a12b241227d3b834f82db4f%253A317%250A%2520%2520%2520%2520at%2520http%253A%252F%252Flocalhost%253A8080%252Fkarma.js%253A185%250A%2520%2520%2520%2520at%2520http%253A%252F%252Flocalhost%253A8080%252Fcontext.html%253A127%0A%20%20%20%20at%20http%3A%2F%2Flocalhost%3A8080%2Fbase%2Fapp%2Fvendor%2Fangular%2Fangular.js%3F9d140432f81858ac1e7888708720d419d147ffa9%3A4379%0A%20%20%20%20at%20forEach%20(http%3A%2F%2Flocalhost%3A8080%2Fbase%2Fapp%2Fvendor%2Fangular%2Fangular.js%3F9d140432f81858ac1e7888708720d419d147ffa9%3A336)%0A%20%20%20%20at%20loadModules%20(http%3A%2F%2Flocalhost%3A8080%2Fbase%2Fapp%2Fvendor%2Fangular%2Fangular.js%3F9d140432f81858ac1e7888708720d419d147ffa9%3A4381)%0A%20%20%20%20at%20http%3A%2F%2Flocalhost%3A8080%2Fbase%2Fapp%2Fvendor%2Fangular%2Fangular.js%3F9d140432f81858ac1e7888708720d419d147ffa9%3A4356%0A%20%20%20%20at%20forEach%20(http%3A%2F%2Flocalhost%3A8080%2Fbase%2Fapp%2Fvendor%2Fangular%2Fangular.js%3F9d140432f81858ac1e7888708720d419d147ffa9%3A336)%0A%20%20%20%20at%20loadModules%20(http%3A%2F%2Flocalhost%3A8080%2Fbase%2Fapp%2Fvendor%2Fangular%2Fangular.js%3F9d140432f81858ac1e7888708720d419d147ffa9%3A4381)%0A%20%20%20%20at%20createInjector%20(http%3A%2F%2Flocalhost%3A8080%2Fbase%2Fapp%2Fvendor%2Fangular%2Fangular.js%3F9d140432f81858ac1e7888708720d419d147ffa9%3A4265)%0A%20%20%20%20at%20workFn%20(http%3A%2F%2Flocalhost%3A8080%2Fbase%2Fapp%2Fvendor%2Fangular-mocks%2Fangular-mocks.js%3F6fe041cc8bb7a17f894cb12d8b0d44b12644f10a%3A2409)%0A%20%20%20%20at%20attemptSync%20(http%3A%2F%2Flocalhost%3A8080%2Fbase%2Fnode_modules%2Fjasmine-core%2Flib%2Fjasmine-core%2Fjasmine.js%3F578a1e5ff14db21b04e2d6db7fd0eda37042440c%3A1789)%0A%20%20%20%20at%20http%3A%2F%2Flocalhost%3A8080%2Fbase%2Fnode_modules%2Fjasmine-core%2Flib%2Fjasmine-core%2Fjasmine.js%3F578a1e5ff14db21b04e2d6db7fd0eda37042440c%3A1777%0A%20%20%20%20at%20http%3A%2F%2Flocalhost%3A8080%2Fbase%2Fnode_modules%2Fjasmine-core%2Flib%2Fjasmine-core%2Fjasmine.js%3F578a1e5ff14db21b04e2d6db7fd0eda37042440c%3A1762%0A%20%20%20%20at%20http%3A%2F%2Flocalhost%3A8080%2Fbase%2Fnode_modules%2Fjasmine-core%2Flib%2Fjasmine-core%2Fjasmine.js%3F578a1e5ff14db21b04e2d6db7fd0eda37042440c%3A627%0A%20%20%20%20at%20http%3A%2F%2Flocalhost%3A8080%2Fbase%2Fnode_modules%2Fjasmine-core%2Flib%2Fjasmine-core%2Fjasmine.js%3F578a1e5ff14db21b04e2d6db7fd0eda37042440c%3A357%0A%20%20%20%20at%20http%3A%2F%2Flocalhost%3A8080%2Fbase%2Fnode_modules%2Fjasmine-core%2Flib%2Fjasmine-core%2Fjasmine.js%3F578a1e5ff14db21b04e2d6db7fd0eda37042440c%3A2360%0A%20%20%20%20at%20attemptAsync%20(http%3A%2F%2Flocalhost%3A8080%2Fbase%2Fnode_modules%2Fjasmine-core%2Flib%2Fjasmine-core%2Fjasmine.js%3F578a1e5ff14db21b04e2d6db7fd0eda37042440c%3A1819)%0A%20%20%20%20at%20http%3A%2F%2Flocalhost%3A8080%2Fbase%2Fnode_modules%2Fjasmine-core%2Flib%2Fjasmine-core%2Fjasmine.js%3F578a1e5ff14db21b04e2d6db7fd0eda37042440c%3A1774%0A%20%20%20%20at%20http%3A%2F%2Flocalhost%3A8080%2Fbase%2Fnode_modules%2Fjasmine-core%2Flib%2Fjasmine-core%2Fjasmine.js%3F578a1e5ff14db21b04e2d6db7fd0eda37042440c%3A1801%0A%20%20%20%20at%20http%3A%2F%2Flocalhost%3A8080%2Fbase%2Fnode_modules%2Fjasmine-core%2Flib%2Fjasmine-core%2Fjasmine.js%3F578a1e5ff14db21b04e2d6db7fd0eda37042440c%3A1745%0A%20%20%20%20at%20complete%20(http%3A%2F%2Flocalhost%3A8080%2Fbase%2Fnode_modules%2Fjasmine-core%2Flib%2Fjasmine-core%2Fjasmine.js%3F578a1e5ff14db21b04e2d6db7fd0eda37042440c%3A365)%0A%20%20%20%20at%20clearStack%20(http%3A%2F%2Flocalhost%3A8080%2Fbase%2Fnode_modules%2Fjasmine-core%2Flib%2Fjasmine-core%2Fjasmine.js%3F578a1e5ff14db21b04e2d6db7fd0eda37042440c%3A605)%0A%20%20%20%20at%20http%3A%2F%2Flocalhost%3A8080%2Fbase%2Fnode_modules%2Fjasmine-core%2Flib%2Fjasmine-core%2Fjasmine.js%3F578a1e5ff14db21b04e2d6db7fd0eda37042440c%3A1784%0A%20%20%20%20at%20http%3A%2F%2Flocalhost%3A8080%2Fbase%2Fnode_modules%2Fjasmine-core%2Flib%2Fjasmine-core%2Fjasmine.js%3F578a1e5ff14db21b04e2d6db7fd0eda37042440c%3A1762%0A%20%20%20%20at%20http%3A%2F%2Flocalhost%3A8080%2Fbase%2Fnode_modules%2Fjasmine-core%2Flib%2Fjasmine-core%2Fjasmine.js%3F578a1e5ff14db21b04e2d6db7fd0eda37042440c%3A627%0A%20%20%20%20at%20http%3A%2F%2Flocalhost%3A8080%2Fbase%2Fnode_modules%2Fjasmine-core%2Flib%2Fjasmine-core%2Fjasmine.js%3F578a1e5ff14db21b04e2d6db7fd0eda37042440c%3A357%0A%20%20%20%20at%20http%3A%2F%2Flocalhost%3A8080%2Fbase%2Fnode_modules%2Fjasmine-core%2Flib%2Fjasmine-core%2Fjasmine.js%3F578a1e5ff14db21b04e2d6db7fd0eda37042440c%3A2360%0A%20%20%20%20at%20attemptAsync%20(http%3A%2F%2Flocalhost%3A8080%2Fbase%2Fnode_modules%2Fjasmine-core%2Flib%2Fjasmine-core%2Fjasmine.js%3F578a1e5ff14db21b04e2d6db7fd0eda37042440c%3A1819)%0A%20%20%20%20at%20http%3A%2F%2Flocalhost%3A8080%2Fbase%2Fnode_modules%2Fjasmine-core%2Flib%2Fjasmine-core%2Fjasmine.js%3F578a1e5ff14db21b04e2d6db7fd0eda37042440c%3A1774%0A%20%20%20%20at%20http%3A%2F%2Flocalhost%3A8080%2Fbase%2Fnode_modules%2Fjasmine-core%2Flib%2Fjasmine-core%2Fjasmine.js%3F578a1e5ff14db21b04e2d6db7fd0eda37042440c%3A1801%0A%20%20%20%20at%20http%3A%2F%2Flocalhost%3A8080%2Fbase%2Fnode_modules%2Fjasmine-core%2Flib%2Fjasmine-core%2Fjasmine.js%3F578a1e5ff14db21b04e2d6db7fd0eda37042440c%3A1745%0A%20%20%20%20at%20complete%20(http%3A%2F%2Flocalhost%3A8080%2Fbase%2Fnode_modules%2Fjasmine-core%2Flib%2Fjasmine-core%2Fjasmine.js%3F578a1e5ff14db21b04e2d6db7fd0eda37042440c%3A365)%0A%20%20%20%20at%20clearStack%20(http%3A%2F%2Flocalhost%3A8080%2Fbase%2Fnode_modules%2Fjasmine-core%2Flib%2Fjasmine-core%2Fjasmine.js%3F578a1e5ff14db21b04e2d6db7fd0eda37042440c%3A605)%0A%20%20%20%20at%20http%3A%2F%2Flocalhost%3A8080%2Fbase%2Fnode_modules%2Fjasmine-core%2Flib%2Fjasmine-core%2Fjasmine.js%3F578a1e5ff14db21b04e2d6db7fd0eda37042440c%3A1784%0A%20%20%20%20at%20http%3A%2F%2Flocalhost%3A8080%2Fbase%2Fnode_modules%2Fjasmine-core%2Flib%2Fjasmine-core%2Fjasmine.js%3F578a1e5ff14db21b04e2d6db7fd0eda37042440c%3A1762%0A%20%20%20%20at%20http%3A%2F%2Flocalhost%3A8080%2Fbase%2Fnode_modules%2Fjasmine-core%2Flib%2Fjasmine-core%2Fjasmine.js%3F578a1e5ff14db21b04e2d6db7fd0eda37042440c%3A627%0A%20%20%20%20at%20http%3A%2F%2Flocalhost%3A8080%2Fbase%2Fnode_modules%2Fjasmine-core%2Flib%2Fjasmine-core%2Fjasmine.js%3F578a1e5ff14db21b04e2d6db7fd0eda37042440c%3A357%0A%20%20%20%20at%20http%3A%2F%2Flocalhost%3A8080%2Fbase%2Fnode_modules%2Fjasmine-core%2Flib%2Fjasmine-core%2Fjasmine.js%3F578a1e5ff14db21b04e2d6db7fd0eda37042440c%3A2360%0A%20%20%20%20at%20attemptAsync%20(http%3A%2F%2Flocalhost%3A8080%2Fbase%2Fnode_modules%2Fjasmine-core%2Flib%2Fjasmine-core%2Fjasmine.js%3F578a1e5ff14db21b04e2d6db7fd0eda37042440c%3A1819)%0A%20%20%20%20at%20http%3A%2F%2Flocalhost%3A8080%2Fbase%2Fnode_modules%2Fjasmine-core%2Flib%2Fjasmine-core%2Fjasmine.js%3F578a1e5ff14db21b04e2d6db7fd0eda37042440c%3A1774%0A%20%20%20%20at%20http%3A%2F%2Flocalhost%3A8080%2Fbase%2Fnode_modules%2Fjasmine-core%2Flib%2Fjasmine-core%2Fjasmine.js%3F578a1e5ff14db21b04e2d6db7fd0eda37042440c%3A1801%0A%20%20%20%20at%20http%3A%2F%2Flocalhost%3A8080%2Fbase%2Fnode_modules%2Fjasmine-core%2Flib%2Fjasmine-core%2Fjasmine.js%3F578a1e5ff14db21b04e2d6db7fd0eda37042440c%3A1745%0A%20%20%20%20at%20complete%20(http%3A%2F%2Flocalhost%3A8080%2Fbase%2Fnode_modules%2Fjasmine-core%2Flib%2Fjasmine-core%2Fjasmine.js%3F578a1e5ff14db21b04e2d6db7fd0eda37042440c%3A365)%0A%20%20%20%20at%20clearStack%20(http%3A%2F%2Flocalhost%3A8080%2Fbase%2Fnode_modules%2Fjasmine-core%2Flib%2Fjasmine-core%2Fjasmine.js%3F578a1e5ff14db21b04e2d6db7fd0eda37042440c%3A605)%0A%20%20%20%20at%20http%3A%2F%2Flocalhost%3A8080%2Fbase%2Fnode_modules%2Fjasmine-core%2Flib%2Fjasmine-core%2Fjasmine.js%3F578a1e5ff14db21b04e2d6db7fd0eda37042440c%3A1784%0A%20%20%20%20at%20http%3A%2F%2Flocalhost%3A8080%2Fbase%2Fnode_modules%2Fjasmine-core%2Flib%2Fjasmine-core%2Fjasmine.js%3F578a1e5ff14db21b04e2d6db7fd0eda37042440c%3A1762%0A%20%20%20%20at%20http%3A%2F%2Flocalhost%3A8080%2Fbase%2Fnode_modules%2Fjasmine-core%2Flib%2Fjasmine-core%2Fjasmine.js%3F578a1e5ff14db21b04e2d6db7fd0eda37042440c%3A627%0A%20%20%20%20at%20http%3A%2F%2Flocalhost%3A8080%2Fbase%2Fnode_modules%2Fjasmine-core%2Flib%2Fjasmine-core%2Fjasmine.js%3F578a1e5ff14db21b04e2d6db7fd0eda37042440c%3A357%0A%20%20%20%20at%20http%3A%2F%2Flocalhost%3A8080%2Fbase%2Fnode_modules%2Fjasmine-core%2Flib%2Fjasmine-core%2Fjasmine.js%3F578a1e5ff14db21b04e2d6db7fd0eda37042440c%3A2360%0A%20%20%20%20at%20attemptAsync%20(http%3A%2F%2Flocalhost%3A8080%2Fbase%2Fnode_modules%2Fjasmine-core%2Flib%2Fjasmine-core%2Fjasmine.js%3F578a1e5ff14db21b04e2d6db7fd0eda37042440c%3A1819)%0A%20%20%20%20at%20http%3A%2F%2Flocalhost%3A8080%2Fbase%2Fnode_modules%2Fjasmine-core%2Flib%2Fjasmine-core%2Fjasmine.js%3F578a1e5ff14db21b04e2d6db7fd0eda37042440c%3A1774%0A%20%20%20%20at%20http%3A%2F%2Flocalhost%3A8080%2Fbase%2Fnode_modules%2Fjasmine-core%2Flib%2Fjasmine-core%2Fjasmine.js%3F578a1e5ff14db21b04e2d6db7fd0eda37042440c%3A1762%0A%20%20%20%20at%20http%3A%2F%2Flocalhost%3A8080%2Fbase%2Fnode_modules%2Fjasmine-core%2Flib%2Fjasmine-core%2Fjasmine.js%3F578a1e5ff14db21b04e2d6db7fd0eda37042440c%3A627%0A%20%20%20%20at%20http%3A%2F%2Flocalhost%3A8080%2Fbase%2Fnode_modules%2Fjasmine-core%2Flib%2Fjasmine-core%2Fjasmine.js%3F578a1e5ff14db21b04e2d6db7fd0eda37042440c%3A2354%0A%20%20%20%20at%20attemptAsync%20(http%3A%2F%2Flocalhost%3A8080%2Fbase%2Fnode_modules%2Fjasmine-core%2Flib%2Fjasmine-core%2Fjasmine.js%3F578a1e5ff14db21b04e2d6db7fd0eda37042440c%3A1819)%0A%20%20%20%20at%20http%3A%2F%2Flocalhost%3A8080%2Fbase%2Fnode_modules%2Fjasmine-core%2Flib%2Fjasmine-core%2Fjasmine.js%3F578a1e5ff14db21b04e2d6db7fd0eda37042440c%3A1774%0A%20%20%20%20at%20http%3A%2F%2Flocalhost%3A8080%2Fbase%2Fnode_modules%2Fjasmine-core%2Flib%2Fjasmine-core%2Fjasmine.js%3F578a1e5ff14db21b04e2d6db7fd0eda37042440c%3A1801%0A%20%20%20%20at%20http%3A%2F%2Flocalhost%3A8080%2Fbase%2Fnode_modules%2Fjasmine-core%2Flib%2Fjasmine-core%2Fjasmine.js%3F578a1e5ff14db21b04e2d6db7fd0eda37042440c%3A1745%0A%20%20%20%20at%20http%3A%2F%2Flocalhost%3A8080%2Fbase%2Fnode_modules%2Fjasmine-core%2Flib%2Fjasmine-core%2Fjasmine.js%3F578a1e5ff14db21b04e2d6db7fd0eda37042440c%3A2348%0A%20%20%20%20at%20clearStack%20(http%3A%2F%2Flocalhost%3A8080%2Fbase%2Fnode_modules%2Fjasmine-core%2Flib%2Fjasmine-core%2Fjasmine.js%3F578a1e5ff14db21b04e2d6db7fd0eda37042440c%3A605)%0A%20%20%20%20at%20http%3A%2F%2Flocalhost%3A8080%2Fbase%2Fnode_modules%2Fjasmine-core%2Flib%2Fjasmine-core%2Fjasmine.js%3F578a1e5ff14db21b04e2d6db7fd0eda37042440c%3A1784%0A%20%20%20%20at%20http%3A%2F%2Flocalhost%3A8080%2Fbase%2Fnode_modules%2Fjasmine-core%2Flib%2Fjasmine-core%2Fjasmine.js%3F578a1e5ff14db21b04e2d6db7fd0eda37042440c%3A1762%0A%20%20%20%20at%20http%3A%2F%2Flocalhost%3A8080%2Fbase%2Fnode_modules%2Fjasmine-core%2Flib%2Fjasmine-core%2Fjasmine.js%3F578a1e5ff14db21b04e2d6db7fd0eda37042440c%3A627%0A%20%20%20%20at%20http%3A%2F%2Flocalhost%3A8080%2Fbase%2Fnode_modules%2Fjasmine-core%2Flib%2Fjasmine-core%2Fjasmine.js%3F578a1e5ff14db21b04e2d6db7fd0eda37042440c%3A2354%0A%20%20%20%20at%20attemptAsync%20(http%3A%2F%2Flocalhost%3A8080%2Fbase%2Fnode_modules%2Fjasmine-core%2Flib%2Fjasmine-core%2Fjasmine.js%3F578a1e5ff14db21b04e2d6db7fd0eda37042440c%3A1819)%0A%20%20%20%20at%20http%3A%2F%2Flocalhost%3A8080%2Fbase%2Fnode_modules%2Fjasmine-core%2Flib%2Fjasmine-core%2Fjasmine.js%3F578a1e5ff14db21b04e2d6db7fd0eda37042440c%3A1774%0A%20%20%20%20at%20http%3A%2F%2Flocalhost%3A8080%2Fbase%2Fnode_modules%2Fjasmine-core%2Flib%2Fjasmine-core%2Fjasmine.js%3F578a1e5ff14db21b04e2d6db7fd0eda37042440c%3A1801%0A%20%20%20%20at%20http%3A%2F%2Flocalhost%3A8080%2Fbase%2Fnode_modules%2Fjasmine-core%2Flib%2Fjasmine-core%2Fjasmine.js%3F578a1e5ff14db21b04e2d6db7fd0eda37042440c%3A1745%0A%20%20%20%20at%20http%3A%2F%2Flocalhost%3A8080%2Fbase%2Fnode_modules%2Fjasmine-core%2Flib%2Fjasmine-core%2Fjasmine.js%3F578a1e5ff14db21b04e2d6db7fd0eda37042440c%3A2348%0A%20%20%20%20at%20clearStack%20(http%3A%2F%2Flocalhost%3A8080%2Fbase%2Fnode_modules%2Fjasmine-core%2Flib%2Fjasmine-core%2Fjasmine.js%3F578a1e5ff14db21b04e2d6db7fd0eda37042440c%3A605)%0A%20%20%20%20at%20http%3A%2F%2Flocalhost%3A8080%2Fbase%2Fnode_modules%2Fjasmine-core%2Flib%2Fjasmine-core%2Fjasmine.js%3F578a1e5ff14db21b04e2d6db7fd0eda37042440c%3A1784%0A%20%20%20%20at%20http%3A%2F%2Flocalhost%3A8080%2Fbase%2Fnode_modules%2Fjasmine-core%2Flib%2Fjasmine-core%2Fjasmine.js%3F578a1e5ff14db21b04e2d6db7fd0eda37042440c%3A1762%0A%20%20%20%20at%20http%3A%2F%2Flocalhost%3A8080%2Fbase%2Fnode_modules%2Fjasmine-core%2Flib%2Fjasmine-core%2Fjasmine.js%3F578a1e5ff14db21b04e2d6db7fd0eda37042440c%3A627%0A%20%20%20%20at%20http%3A%2F%2Flocalhost%3A8080%2Fbase%2Fnode_modules%2Fjasmine-core%2Flib%2Fjasmine-core%2Fjasmine.js%3F578a1e5ff14db21b04e2d6db7fd0eda37042440c%3A2354%0A%20%20%20%20at%20attemptAsync%20(http%3A%2F%2Flocalhost%3A8080%2Fbase%2Fnode_modules%2Fjasmine-core%2Flib%2Fjasmine-core%2Fjasmine.js%3F578a1e5ff14db21b04e2d6db7fd0eda37042440c%3A1819)%0A%20%20%20%20at%20http%3A%2F%2Flocalhost%3A8080%2Fbase%2Fnode_modules%2Fjasmine-core%2Flib%2Fjasmine-core%2Fjasmine.js%3F578a1e5ff14db21b04e2d6db7fd0eda37042440c%3A1774%0A%20%20%20%20at%20http%3A%2F%2Flocalhost%3A8080%2Fbase%2Fnode_modules%2Fjasmine-core%2Flib%2Fjasmine-core%2Fjasmine.js%3F578a1e5ff14db21b04e2d6db7fd0eda37042440c%3A1801%0A%20%20%20%20at%20http%3A%2F%2Flocalhost%3A8080%2Fbase%2Fnode_modules%2Fjasmine-core%2Flib%2Fjasmine-core%2Fjasmine.js%3F578a1e5ff14db21b04e2d6db7fd0eda37042440c%3A1745%0A%20%20%20%20at%20http%3A%2F%2Flocalhost%3A8080%2Fbase%2Fnode_modules%2Fjasmine-core%2Flib%2Fjasmine-core%2Fjasmine.js%3F578a1e5ff14db21b04e2d6db7fd0eda37042440c%3A2348%0A%20%20%20%20at%20clearStack%20(http%3A%2F%2Flocalhost%3A8080%2Fbase%2Fnode_modules%2Fjasmine-core%2Flib%2Fjasmine-core%2Fjasmine.js%3F578a1e5ff14db21b04e2d6db7fd0eda37042440c%3A605)%0A%20%20%20%20at%20http%3A%2F%2Flocalhost%3A8080%2Fbase%2Fnode_modules%2Fjasmine-core%2Flib%2Fjasmine-core%2Fjasmine.js%3F578a1e5ff14db21b04e2d6db7fd0eda37042440c%3A1784%0A%20%20%20%20at%20http%3A%2F%2Flocalhost%3A8080%2Fbase%2Fnode_modules%2Fjasmine-core%2Flib%2Fjasmine-core%2Fjasmine.js%3F578a1e5ff14db21b04e2d6db7fd0eda37042440c%3A1801%0A%20%20%20%20at%20http%3A%2F%2Flocalhost%3A8080%2Fbase%2Fnode_modules%2Fjasmine-core%2Flib%2Fjasmine-core%2Fjasmine.js%3F578a1e5ff14db21b04e2d6db7fd0eda37042440c%3A1745%0A%20%20%20%20at%20complete%20(http%3A%2F%2Flocalhost%3A8080%2Fbase%2Fnode_modules%2Fjasmine-core%2Flib%2Fjasmine-core%2Fjasmine.js%3F578a1e5ff14db21b04e2d6db7fd0eda37042440c%3A365)%0A%20%20%20%20at%20clearStack%20(http%3A%2F%2Flocalhost%3A8080%2Fbase%2Fnode_modules%2Fjasmine-core%2Flib%2Fjasmine-core%2Fjasmine.js%3F578a1e5ff14db21b04e2d6db7fd0eda37042440c%3A605)%0A%20%20%20%20at%20http%3A%2F%2Flocalhost%3A8080%2Fbase%2Fnode_modules%2Fjasmine-core%2Flib%2Fjasmine-core%2Fjasmine.js%3F578a1e5ff14db21b04e2d6db7fd0eda37042440c%3A1784%0A%20%20%20%20at%20http%3A%2F%2Flocalhost%3A8080%2Fbase%2Fnode_modules%2Fjasmine-core%2Flib%2Fjasmine-core%2Fjasmine.js%3F578a1e5ff14db21b04e2d6db7fd0eda37042440c%3A1762%0A%20%20%20%20at%20http%3A%2F%2Flocalhost%3A8080%2Fbase%2Fnode_modules%2Fjasmine-core%2Flib%2Fjasmine-core%2Fjasmine.js%3F578a1e5ff14db21b04e2d6db7fd0eda37042440c%3A627%0A%20%20%20%20at%20http%3A%2F%2Flocalhost%3A8080%2Fbase%2Fnode_modules%2Fjasmine-core%2Flib%2Fjasmine-core%2Fjasmine.js%3F578a1e5ff14db21b04e2d6db7fd0eda37042440c%3A357%0A%20%20%20%20at%20http%3A%2F%2Flocalhost%3A8080%2Fbase%2Fnode_modules%2Fjasmine-core%2Flib%2Fjasmine-core%2Fjasmine.js%3F578a1e5ff14db21b04e2d6db7fd0eda37042440c%3A2360%0A%20%20%20%20at%20attemptAsync%20(http%3A%2F%2Flocalhost%3A8080%2Fbase%2Fnode_modules%2Fjasmine-core%2Flib%2Fjasmine-core%2Fjasmine.js%3F578a1e5ff14db21b04e2d6db7fd0eda37042440c%3A1819)%0A%20%20%20%20at%20http%3A%2F%2Flocalhost%3A8080%2Fbase%2Fnode_modules%2Fjasmine-core%2Flib%2Fjasmine-core%2Fjasmine.js%3F578a1e5ff14db21b04e2d6db7fd0eda37042440c%3A1774%0A%20%20%20%20at%20http%3A%2F%2Flocalhost%3A8080%2Fbase%2Fnode_modules%2Fjasmine-core%2Flib%2Fjasmine-core%2Fjasmine.js%3F578a1e5ff14db21b04e2d6db7fd0eda37042440c%3A1801%0A%20%20%20%20at%20http%3A%2F%2Flocalhost%3A8080%2Fbase%2Fnode_modules%2Fjasmine-core%2Flib%2Fjasmine-core%2Fjasmine.js%3F578a1e5ff14db21b04e2d6db7fd0eda37042440c%3A1745%0A%20%20%20%20at%20complete%20(http%3A%2F%2Flocalhost%3A8080%2Fbase%2Fnode_modules%2Fjasmine-core%2Flib%2Fjasmine-core%2Fjasmine.js%3F578a1e5ff14db21b04e2d6db7fd0eda37042440c%3A365)%0A%20%20%20%20at%20clearStack%20(http%3A%2F%2Flocalhost%3A8080%2Fbase%2Fnode_modules%2Fjasmine-core%2Flib%2Fjasmine-core%2Fjasmine.js%3F578a1e5ff14db21b04e2d6db7fd0eda37042440c%3A605)%0A%20%20%20%20at%20http%3A%2F%2Flocalhost%3A8080%2Fbase%2Fnode_modules%2Fjasmine-core%2Flib%2Fjasmine-core%2Fjasmine.js%3F578a1e5ff14db21b04e2d6db7fd0eda37042440c%3A1784%0A%20%20%20%20at%20http%3A%2F%2Flocalhost%3A8080%2Fbase%2Fnode_modules%2Fjasmine-core%2Flib%2Fjasmine-core%2Fjasmine.js%3F578a1e5ff14db21b04e2d6db7fd0eda37042440c%3A1762%0A%20%20%20%20at%20http%3A%2F%2Flocalhost%3A8080%2Fbase%2Fnode_modules%2Fjasmine-core%2Flib%2Fjasmine-core%2Fjasmine.js%3F578a1e5ff14db21b04e2d6db7fd0eda37042440c%3A627%0A%20%20%20%20at%20http%3A%2F%2Flocalhost%3A8080%2Fbase%2Fnode_modules%2Fjasmine-core%2Flib%2Fjasmine-core%2Fjasmine.js%3F578a1e5ff14db21b04e2d6db7fd0eda37042440c%3A357%0A%20%20%20%20at%20http%3A%2F%2Flocalhost%3A8080%2Fbase%2Fnode_modules%2Fjasmine-core%2Flib%2Fjasmine-core%2Fjasmine.js%3F578a1e5ff14db21b04e2d6db7fd0eda37042440c%3A2360%0A%20%20%20%20at%20attemptAsync%20(http%3A%2F%2Flocalhost%3A8080%2Fbase%2Fnode_modules%2Fjasmine-core%2Flib%2Fjasmine-core%2Fjasmine.js%3F578a1e5ff14db21b04e2d6db7fd0eda37042440c%3A1819)%0A%20%20%20%20at%20http%3A%2F%2Flocalhost%3A8080%2Fbase%2Fnode_modules%2Fjasmine-core%2Flib%2Fjasmine-core%2Fjasmine.js%3F578a1e5ff14db21b04e2d6db7fd0eda37042440c%3A1774%0A%20%20%20%20at%20http%3A%2F%2Flocalhost%3A8080%2Fbase%2Fnode_modules%2Fjasmine-core%2Flib%2Fjasmine-core%2Fjasmine.js%3F578a1e5ff14db21b04e2d6db7fd0eda37042440c%3A1762%0A%20%20%20%20at%20http%3A%2F%2Flocalhost%3A8080%2Fbase%2Fnode_modules%2Fjasmine-core%2Flib%2Fjasmine-core%2Fjasmine.js%3F578a1e5ff14db21b04e2d6db7fd0eda37042440c%3A627%0A%20%20%20%20at%20http%3A%2F%2Flocalhost%3A8080%2Fbase%2Fnode_modules%2Fjasmine-core%2Flib%2Fjasmine-core%2Fjasmine.js%3F578a1e5ff14db21b04e2d6db7fd0eda37042440c%3A2354%0A%20%20%20%20at%20attemptAsync%20(http%3A%2F%2Flocalhost%3A8080%2Fbase%2Fnode_modules%2Fjasmine-core%2Flib%2Fjasmine-core%2Fjasmine.js%3F578a1e5ff14db21b04e2d6db7fd0eda37042440c%3A1819)%0A%20%20%20%20at%20http%3A%2F%2Flocalhost%3A8080%2Fbase%2Fnode_modules%2Fjasmine-core%2Flib%2Fjasmine-core%2Fjasmine.js%3F578a1e5ff14db21b04e2d6db7fd0eda37042440c%3A1774%0A%20%20%20%20at%20http%3A%2F%2Flocalhost%3A8080%2Fbase%2Fnode_modules%2Fjasmine-core%2Flib%2Fjasmine-core%2Fjasmine.js%3F578a1e5ff14db21b04e2d6db7fd0eda37042440c%3A1801%0A%20%20%20%20at%20http%3A%2F%2Flocalhost%3A8080%2Fbase%2Fnode_modules%2Fjasmine-core%2Flib%2Fjasmine-core%2Fjasmine.js%3F578a1e5ff14db21b04e2d6db7fd0eda37042440c%3A1745%0A%20%20%20%20at%20http%3A%2F%2Flocalhost%3A8080%2Fbase%2Fnode_modules%2Fjasmine-core%2Flib%2Fjasmine-core%2Fjasmine.js%3F578a1e5ff14db21b04e2d6db7fd0eda37042440c%3A2348%0A%20%20%20%20at%20clearStack%20(http%3A%2F%2Flocalhost%3A8080%2Fbase%2Fnode_modules%2Fjasmine-core%2Flib%2Fjasmine-core%2Fjasmine.js%3F578a1e5ff14db21b04e2d6db7fd0eda37042440c%3A605)%0A%20%20%20%20at%20http%3A%2F%2Flocalhost%3A8080%2Fbase%2Fnode_modules%2Fjasmine-core%2Flib%2Fjasmine-core%2Fjasmine.js%3F578a1e5ff14db21b04e2d6db7fd0eda37042440c%3A1784%0A%20%20%20%20at%20http%3A%2F%2Flocalhost%3A8080%2Fbase%2Fnode_modules%2Fjasmine-core%2Flib%2Fjasmine-core%2Fjasmine.js%3F578a1e5ff14db21b04e2d6db7fd0eda37042440c%3A1762%0A%20%20%20%20at%20http%3A%2F%2Flocalhost%3A8080%2Fbase%2Fnode_modules%2Fjasmine-core%2Flib%2Fjasmine-core%2Fjasmine.js%3F578a1e5ff14db21b04e2d6db7fd0eda37042440c%3A627%0A%20%20%20%20at%20http%3A%2F%2Flocalhost%3A8080%2Fbase%2Fnode_modules%2Fjasmine-core%2Flib%2Fjasmine-core%2Fjasmine.js%3F578a1e5ff14db21b04e2d6db7fd0eda37042440c%3A2354%0A%20%20%20%20at%20attemptAsync%20(http%3A%2F%2Flocalhost%3A8080%2Fbase%2Fnode_modules%2Fjasmine-core%2Flib%2Fjasmine-core%2Fjasmine.js%3F578a1e5ff14db21b04e2d6db7fd0eda37042440c%3A1819)%0A%20%20%20%20at%20http%3A%2F%2Flocalhost%3A8080%2Fbase%2Fnode_modules%2Fjasmine-core%2Flib%2Fjasmine-core%2Fjasmine.js%3F578a1e5ff14db21b04e2d6db7fd0eda37042440c%3A1774%0A%20%20%20%20at%20http%3A%2F%2Flocalhost%3A8080%2Fbase%2Fnode_modules%2Fjasmine-core%2Flib%2Fjasmine-core%2Fjasmine.js%3F578a1e5ff14db21b04e2d6db7fd0eda37042440c%3A1801%0A%20%20%20%20at%20http%3A%2F%2Flocalhost%3A8080%2Fbase%2Fnode_modules%2Fjasmine-core%2Flib%2Fjasmine-core%2Fjasmine.js%3F578a1e5ff14db21b04e2d6db7fd0eda37042440c%3A1745%0A%20%20%20%20at%20http%3A%2F%2Flocalhost%3A8080%2Fbase%2Fnode_modules%2Fjasmine-core%2Flib%2Fjasmine-core%2Fjasmine.js%3F578a1e5ff14db21b04e2d6db7fd0eda37042440c%3A2348%0A%20%20%20%20at%20clearStack%20(http%3A%2F%2Flocalhost%3A8080%2Fbase%2Fnode_modules%2Fjasmine-core%2Flib%2Fjasmine-core%2Fjasmine.js%3F578a1e5ff14db21b04e2d6db7fd0eda37042440c%3A605)%0A%20%20%20%20at%20http%3A%2F%2Flocalhost%3A8080%2Fbase%2Fnode_modules%2Fjasmine-core%2Flib%2Fjasmine-core%2Fjasmine.js%3F578a1e5ff14db21b04e2d6db7fd0eda37042440c%3A1784%0A%20%20%20%20at%20http%3A%2F%2Flocalhost%3A8080%2Fbase%2Fnode_modules%2Fjasmine-core%2Flib%2Fjasmine-core%2Fjasmine.js%3F578a1e5ff14db21b04e2d6db7fd0eda37042440c%3A1762%0A%20%20%20%20at%20http%3A%2F%2Flocalhost%3A8080%2Fbase%2Fnode_modules%2Fjasmine-core%2Flib%2Fjasmine-core%2Fjasmine.js%3F578a1e5ff14db21b04e2d6db7fd0eda37042440c%3A627%0A%20%20%20%20at%20http%3A%2F%2Flocalhost%3A8080%2Fbase%2Fnode_modules%2Fjasmine-core%2Flib%2Fjasmine-core%2Fjasmine.js%3F578a1e5ff14db21b04e2d6db7fd0eda37042440c%3A2354%0A%20%20%20%20at%20attemptAsync%20(http%3A%2F%2Flocalhost%3A8080%2Fbase%2Fnode_modules%2Fjasmine-core%2Flib%2Fjasmine-core%2Fjasmine.js%3F578a1e5ff14db21b04e2d6db7fd0eda37042440c%3A1819)%0A%20%20%20%20at%20http%3A%2F%2Flocalhost%3A8080%2Fbase%2Fnode_modules%2Fjasmine-core%2Flib%2Fjasmine-core%2Fjasmine.js%3F578a1e5ff14db21b04e2d6db7fd0eda37042440c%3A1774%0A%20%20%20%20at%20http%3A%2F%2Flocalhost%3A8080%2Fbase%2Fnode_modules%2Fjasmine-core%2Flib%2Fjasmine-core%2Fjasmine.js%3F578a1e5ff14db21b04e2d6db7fd0eda37042440c%3A1801%0A%20%20%20%20at%20http%3A%2F%2Flocalhost%3A8080%2Fbase%2Fnode_modules%2Fjasmine-core%2Flib%2Fjasmine-core%2Fjasmine.js%3F578a1e5ff14db21b04e2d6db7fd0eda37042440c%3A1745%0A%20%20%20%20at%20http%3A%2F%2Flocalhost%3A8080%2Fbase%2Fnode_modules%2Fjasmine-core%2Flib%2Fjasmine-core%2Fjasmine.js%3F578a1e5ff14db21b04e2d6db7fd0eda37042440c%3A2348%0A%20%20%20%20at%20clearStack%20(http%3A%2F%2Flocalhost%3A8080%2Fbase%2Fnode_modules%2Fjasmine-core%2Flib%2Fjasmine-core%2Fjasmine.js%3F578a1e5ff14db21b04e2d6db7fd0eda37042440c%3A605)%0A%20%20%20%20at%20http%3A%2F%2Flocalhost%3A8080%2Fbase%2Fnode_modules%2Fjasmine-core%2Flib%2Fjasmine-core%2Fjasmine.js%3F578a1e5ff14db21b04e2d6db7fd0eda37042440c%3A1784%0A%20%20%20%20at%20http%3A%2F%2Flocalhost%3A8080%2Fbase%2Fnode_modules%2Fjasmine-core%2Flib%2Fjasmine-core%2Fjasmine.js%3F578a1e5ff14db21b04e2d6db7fd0eda37042440c%3A1762%0A%20%20%20%20at%20http%3A%2F%2Flocalhost%3A8080%2Fbase%2Fnode_modules%2Fjasmine-core%2Flib%2Fjasmine-core%2Fjasmine.js%3F578a1e5ff14db21b04e2d6db7fd0eda37042440c%3A627%0A%20%20%20%20at%20http%3A%2F%2Flocalhost%3A8080%2Fbase%2Fnode_modules%2Fjasmine-core%2Flib%2Fjasmine-core%2Fjasmine.js%3F578a1e5ff14db21b04e2d6db7fd0eda37042440c%3A2354%0A%20%20%20%20at%20attemptAsync%20(http%3A%2F%2Flocalhost%3A8080%2Fbase%2Fnode_modules%2Fjasmine-core%2Flib%2Fjasmine-core%2Fjasmine.js%3F578a1e5ff14db21b04e2d6db7fd0eda37042440c%3A1819)%0A%20%20%20%20at%20http%3A%2F%2Flocalhost%3A8080%2Fbase%2Fnode_modules%2Fjasmine-core%2Flib%2Fjasmine-core%2Fjasmine.js%3F578a1e5ff14db21b04e2d6db7fd0eda37042440c%3A1774%0A%20%20%20%20at%20http%3A%2F%2Flocalhost%3A8080%2Fbase%2Fnode_modules%2Fjasmine-core%2Flib%2Fjasmine-core%2Fjasmine.js%3F578a1e5ff14db21b04e2d6db7fd0eda37042440c%3A1801%0A%20%20%20%20at%20http%3A%2F%2Flocalhost%3A8080%2Fbase%2Fnode_modules%2Fjasmine-core%2Flib%2Fjasmine-core%2Fjasmine.js%3F578a1e5ff14db21b04e2d6db7fd0eda37042440c%3A1745%0A%20%20%20%20at%20http%3A%2F%2Flocalhost%3A8080%2Fbase%2Fnode_modules%2Fjasmine-core%2Flib%2Fjasmine-core%2Fjasmine.js%3F578a1e5ff14db21b04e2d6db7fd0eda37042440c%3A2348%0A%20%20%20%20at%20clearStack%20(http%3A%2F%2Flocalhost%3A8080%2Fbase%2Fnode_modules%2Fjasmine-core%2Flib%2Fjasmine-core%2Fjasmine.js%3F578a1e5ff14db21b04e2d6db7fd0eda37042440c%3A605)%0A%20%20%20%20at%20http%3A%2F%2Flocalhost%3A8080%2Fbase%2Fnode_modules%2Fjasmine-core%2Flib%2Fjasmine-core%2Fjasmine.js%3F578a1e5ff14db21b04e2d6db7fd0eda37042440c%3A1784%0A%20%20%20%20at%20http%3A%2F%2Flocalhost%3A8080%2Fbase%2Fnode_modules%2Fjasmine-core%2Flib%2Fjasmine-core%2Fjasmine.js%3F578a1e5ff14db21b04e2d6db7fd0eda37042440c%3A1762%0A%20%20%20%20at%20http%3A%2F%2Flocalhost%3A8080%2Fbase%2Fnode_modules%2Fjasmine-core%2Flib%2Fjasmine-core%2Fjasmine.js%3F578a1e5ff14db21b04e2d6db7fd0eda37042440c%3A627%0A%20%20%20%20at%20http%3A%2F%2Flocalhost%3A8080%2Fbase%2Fnode_modules%2Fjasmine-core%2Flib%2Fjasmine-core%2Fjasmine.js%3F578a1e5ff14db21b04e2d6db7fd0eda37042440c%3A2354%0A%20%20%20%20at%20attemptAsync%20(http%3A%2F%2Flocalhost%3A8080%2Fbase%2Fnode_modules%2Fjasmine-core%2Flib%2Fjasmine-core%2Fjasmine.js%3F578a1e5ff14db21b04e2d6db7fd0eda37042440c%3A1819)%0A%20%20%20%20at%20http%3A%2F%2Flocalhost%3A8080%2Fbase%2Fnode_modules%2Fjasmine-core%2Flib%2Fjasmine-core%2Fjasmine.js%3F578a1e5ff14db21b04e2d6db7fd0eda37042440c%3A1774%0A%20%20%20%20at%20http%3A%2F%2Flocalhost%3A8080%2Fbase%2Fnode_modules%2Fjasmine-core%2Flib%2Fjasmine-core%2Fjasmine.js%3F578a1e5ff14db21b04e2d6db7fd0eda37042440c%3A1801%0A%20%20%20%20at%20http%3A%2F%2Flocalhost%3A8080%2Fbase%2Fnode_modules%2Fjasmine-core%2Flib%2Fjasmine-core%2Fjasmine.js%3F578a1e5ff14db21b04e2d6db7fd0eda37042440c%3A1745%0A%20%20%20%20at%20http%3A%2F%2Flocalhost%3A8080%2Fbase%2Fnode_modules%2Fjasmine-core%2Flib%2Fjasmine-core%2Fjasmine.js%3F578a1e5ff14db21b04e2d6db7fd0eda37042440c%3A2348%0A%20%20%20%20at%20clearStack%20(http%3A%2F%2Flocalhost%3A8080%2Fbase%2Fnode_modules%2Fjasmine-core%2Flib%2Fjasmine-core%2Fjasmine.js%3F578a1e5ff14db21b04e2d6db7fd0eda37042440c%3A605)%0A%20%20%20%20at%20http%3A%2F%2Flocalhost%3A8080%2Fbase%2Fnode_modules%2Fjasmine-core%2Flib%2Fjasmine-core%2Fjasmine.js%3F578a1e5ff14db21b04e2d6db7fd0eda37042440c%3A1784%0A%20%20%20%20at%20http%3A%2F%2Flocalhost%3A8080%2Fbase%2Fnode_modules%2Fjasmine-core%2Flib%2Fjasmine-core%2Fjasmine.js%3F578a1e5ff14db21b04e2d6db7fd0eda37042440c%3A1762%0A%20%20%20%20at%20http%3A%2F%2Flocalhost%3A8080%2Fbase%2Fnode_modules%2Fjasmine-core%2Flib%2Fjasmine-core%2Fjasmine.js%3F578a1e5ff14db21b04e2d6db7fd0eda37042440c%3A627%0A%20%20%20%20at%20http%3A%2F%2Flocalhost%3A8080%2Fbase%2Fnode_modules%2Fjasmine-core%2Flib%2Fjasmine-core%2Fjasmine.js%3F578a1e5ff14db21b04e2d6db7fd0eda37042440c%3A2354%0A%20%20%20%20at%20attemptAsync%20(http%3A%2F%2Flocalhost%3A8080%2Fbase%2Fnode_modules%2Fjasmine-core%2Flib%2Fjasmine-core%2Fjasmine.js%3F578a1e5ff14db21b04e2d6db7fd0eda37042440c%3A1819)%0A%20%20%20%20at%20http%3A%2F%2Flocalhost%3A8080%2Fbase%2Fnode_modules%2Fjasmine-core%2Flib%2Fjasmine-core%2Fjasmine.js%3F578a1e5ff14db21b04e2d6db7fd0eda37042440c%3A1774%0A%20%20%20%20at%20http%3A%2F%2Flocalhost%3A8080%2Fbase%2Fnode_modules%2Fjasmine-core%2Flib%2Fjasmine-core%2Fjasmine.js%3F578a1e5ff14db21b04e2d6db7fd0eda37042440c%3A1801%0A%20%20%20%20at%20http%3A%2F%2Flocalhost%3A8080%2Fbase%2Fnode_modules%2Fjasmine-core%2Flib%2Fjasmine-core%2Fjasmine.js%3F578a1e5ff14db21b04e2d6db7fd0eda37042440c%3A1745%0A%20%20%20%20at%20http%3A%2F%2Flocalhost%3A8080%2Fbase%2Fnode_modules%2Fjasmine-core%2Flib%2Fjasmine-core%2Fjasmine.js%3F578a1e5ff14db21b04e2d6db7fd0eda37042440c%3A2348%0A%20%20%20%20at%20clearStack%20(http%3A%2F%2Flocalhost%3A8080%2Fbase%2Fnode_modules%2Fjasmine-core%2Flib%2Fjasmine-core%2Fjasmine.js%3F578a1e5ff14db21b04e2d6db7fd0eda37042440c%3A605)%0A%20%20%20%20at%20http%3A%2F%2Flocalhost%3A8080%2Fbase%2Fnode_modules%2Fjasmine-core%2Flib%2Fjasmine-core%2Fjasmine.js%3F578a1e5ff14db21b04e2d6db7fd0eda37042440c%3A1784%0A%20%20%20%20at%20http%3A%2F%2Flocalhost%3A8080%2Fbase%2Fnode_modules%2Fjasmine-core%2Flib%2Fjasmine-core%2Fjasmine.js%3F578a1e5ff14db21b04e2d6db7fd0eda37042440c%3A1762%0A%20%20%20%20at%20http%3A%2F%2Flocalhost%3A8080%2Fbase%2Fnode_modules%2Fjasmine-core%2Flib%2Fjasmine-core%2Fjasmine.js%3F578a1e5ff14db21b04e2d6db7fd0eda37042440c%3A627%0A%20%20%20%20at%20http%3A%2F%2Flocalhost%3A8080%2Fbase%2Fnode_modules%2Fjasmine-core%2Flib%2Fjasmine-core%2Fjasmine.js%3F578a1e5ff14db21b04e2d6db7fd0eda37042440c%3A2354%0A%20%20%20%20at%20attemptAsync%20(http%3A%2F%2Flocalhost%3A8080%2Fbase%2Fnode_modules%2Fjasmine-core%2Flib%2Fjasmine-core%2Fjasmine.js%3F578a1e5ff14db21b04e2d6db7fd0eda37042440c%3A1819)%0A%20%20%20%20at%20http%3A%2F%2Flocalhost%3A8080%2Fbase%2Fnode_modules%2Fjasmine-core%2Flib%2Fjasmine-core%2Fjasmine.js%3F578a1e5ff14db21b04e2d6db7fd0eda37042440c%3A1774%0A%20%20%20%20at%20http%3A%2F%2Flocalhost%3A8080%2Fbase%2Fnode_modules%2Fjasmine-core%2Flib%2Fjasmine-core%2Fjasmine.js%3F578a1e5ff14db21b04e2d6db7fd0eda37042440c%3A1801%0A%20%20%20%20at%20http%3A%2F%2Flocalhost%3A8080%2Fbase%2Fnode_modules%2Fjasmine-core%2Flib%2Fjasmine-core%2Fjasmine.js%3F578a1e5ff14db21b04e2d6db7fd0eda37042440c%3A1745%0A%20%20%20%20at%20http%3A%2F%2Flocalhost%3A8080%2Fbase%2Fnode_modules%2Fjasmine-core%2Flib%2Fjasmine-core%2Fjasmine.js%3F578a1e5ff14db21b04e2d6db7fd0eda37042440c%3A2348%0A%20%20%20%20at%20clearStack%20(http%3A%2F%2Flocalhost%3A8080%2Fbase%2Fnode_modules%2Fjasmine-core%2Flib%2Fjasmine-core%2Fjasmine.js%3F578a1e5ff14db21b04e2d6db7fd0eda37042440c%3A605)%0A%20%20%20%20at%20http%3A%2F%2Flocalhost%3A8080%2Fbase%2Fnode_modules%2Fjasmine-core%2Flib%2Fjasmine-core%2Fjasmine.js%3F578a1e5ff14db21b04e2d6db7fd0eda37042440c%3A1784%0A%20%20%20%20at%20http%3A%2F%2Flocalhost%3A8080%2Fbase%2Fnode_modules%2Fjasmine-core%2Flib%2Fjasmine-core%2Fjasmine.js%3F578a1e5ff14db21b04e2d6db7fd0eda37042440c%3A1762%0A%20%20%20%20at%20http%3A%2F%2Flocalhost%3A8080%2Fbase%2Fnode_modules%2Fjasmine-core%2Flib%2Fjasmine-core%2Fjasmine.js%3F578a1e5ff14db21b04e2d6db7fd0eda37042440c%3A627%0A%20%20%20%20at%20http%3A%2F%2Flocalhost%3A8080%2Fbase%2Fnode_modules%2Fjasmine-core%2Flib%2Fjasmine-core%2Fjasmine.js%3F578a1e5ff14db21b04e2d6db7fd0eda37042440c%3A2354%0A%20%20%20%20at%20attemptAsync%20(http%3A%2F%2Flocalhost%3A8080%2Fbase%2Fnode_modules%2Fjasmine-core%2Flib%2Fjasmine-core%2Fjasmine.js%3F578a1e5ff14db21b04e2d6db7fd0eda37042440c%3A1819)%0A%20%20%20%20at%20http%3A%2F%2Flocalhost%3A8080%2Fbase%2Fnode_modules%2Fjasmine-core%2Flib%2Fjasmine-core%2Fjasmine.js%3F578a1e5ff14db21b04e2d6db7fd0eda37042440c%3A1774%0A%20%20%20%20at%20http%3A%2F%2Flocalhost%3A8080%2Fbase%2Fnode_modules%2Fjasmine-core%2Flib%2Fjasmine-core%2Fjasmine.js%3F578a1e5ff14db21b04e2d6db7fd0eda37042440c%3A1762%0A%20%20%20%20at%20http%3A%2F%2Flocalhost%3A8080%2Fbase%2Fnode_modules%2Fjasmine-core%2Flib%2Fjasmine-core%2Fjasmine.js%3F578a1e5ff14db21b04e2d6db7fd0eda37042440c%3A627%0A%20%20%20%20at%20http%3A%2F%2Flocalhost%3A8080%2Fbase%2Fnode_modules%2Fjasmine-core%2Flib%2Fjasmine-core%2Fjasmine.js%3F578a1e5ff14db21b04e2d6db7fd0eda37042440c%3A2215%0A%20%20%20%20at%20http%3A%2F%2Flocalhost%3A8080%2Fbase%2Fnode_modules%2Fjasmine-core%2Flib%2Fjasmine-core%2Fjasmine.js%3F578a1e5ff14db21b04e2d6db7fd0eda37042440c%3A678%0A%20%20%20%20at%20http%3A%2F%2Flocalhost%3A8080%2Fbase%2Fnode_modules%2Fkarma-jasmine%2Flib%2Fadapter.js%3F0a69ad1fa10cc8be0a12b241227d3b834f82db4f%3A317%0A%20%20%20%20at%20http%3A%2F%2Flocalhost%3A8080%2Fkarma.js%3A185%0A%20%20%20%20at%20http%3A%2F%2Flocalhost%3A8080%2Fcontext.html%3A127
    at C:/dev/MedExplorer/src/client/app/vendor/angular/angular.js:4379
    at forEach (C:/dev/MedExplorer/src/client/app/vendor/angular/angular.js:336)
    at loadModules (C:/dev/MedExplorer/src/client/app/vendor/angular/angular.js:4381)
    at createInjector (C:/dev/MedExplorer/src/client/app/vendor/angular/angular.js:4265)
    at workFn (C:/dev/MedExplorer/src/client/app/vendor/angular-mocks/angular-mocks.js:2409)
</failure>
      <failure type="">TypeError: &apos;undefined&apos; is not a function (evaluating &apos;lowercase(&apos;THIS IS A SENTENCE&apos;)&apos;)
    at C:/dev/MedExplorer/src/client/test/spec/filters/capitalizationTest.js:37
</failure>
    </testcase>
    <testcase name="title_test" time="0.023" classname="PhantomJS 1.9.8 (Windows 7 0.0.0).Filter: capitalization">
      <failure type="">Error: [$injector:modulerr] Failed to instantiate module MedExplorer due to:
Error: [$injector:modulerr] Failed to instantiate module ui.bootstrap due to:
Error: [$injector:nomod] Module &apos;ui.bootstrap&apos; is not available! You either misspelled the module name or forgot to load it. If registering a module ensure that you specify the dependencies as the second argument.
http://errors.angularjs.org/1.4.1/$injector/nomod?p0=ui.bootstrap
    at C:/dev/MedExplorer/src/client/app/vendor/angular/angular.js:1951
    at ensure (C:/dev/MedExplorer/src/client/app/vendor/angular/angular.js:1873)
    at module (C:/dev/MedExplorer/src/client/app/vendor/angular/angular.js:2201)
    at C:/dev/MedExplorer/src/client/app/vendor/angular/angular.js:4355
    at forEach (C:/dev/MedExplorer/src/client/app/vendor/angular/angular.js:336)
    at loadModules (C:/dev/MedExplorer/src/client/app/vendor/angular/angular.js:4381)
    at C:/dev/MedExplorer/src/client/app/vendor/angular/angular.js:4356
    at forEach (C:/dev/MedExplorer/src/client/app/vendor/angular/angular.js:336)
    at loadModules (C:/dev/MedExplorer/src/client/app/vendor/angular/angular.js:4381)
    at createInjector (C:/dev/MedExplorer/src/client/app/vendor/angular/angular.js:4265)
    at workFn (C:/dev/MedExplorer/src/client/app/vendor/angular-mocks/angular-mocks.js:2409)
http://errors.angularjs.org/1.4.1/$injector/modulerr?p0=ui.bootstrap&amp;p1=Error%3A%20%5B%24injector%3Anomod%5D%20Module%20&apos;ui.bootstrap&apos;%20is%20not%20available!%20You%20either%20misspelled%20the%20module%20name%20or%20forgot%20to%20load%20it.%20If%20registering%20a%20module%20ensure%20that%20you%20specify%20the%20dependencies%20as%20the%20second%20argument.%0Ahttp%3A%2F%2Ferrors.angularjs.org%2F1.4.1%2F%24injector%2Fnomod%3Fp0%3Dui.bootstrap%0A%20%20%20%20at%20http%3A%2F%2Flocalhost%3A8080%2Fbase%2Fapp%2Fvendor%2Fangular%2Fangular.js%3F9d140432f81858ac1e7888708720d419d147ffa9%3A1951%0A%20%20%20%20at%20ensure%20(http%3A%2F%2Flocalhost%3A8080%2Fbase%2Fapp%2Fvendor%2Fangular%2Fangular.js%3F9d140432f81858ac1e7888708720d419d147ffa9%3A1873)%0A%20%20%20%20at%20module%20(http%3A%2F%2Flocalhost%3A8080%2Fbase%2Fapp%2Fvendor%2Fangular%2Fangular.js%3F9d140432f81858ac1e7888708720d419d147ffa9%3A2201)%0A%20%20%20%20at%20http%3A%2F%2Flocalhost%3A8080%2Fbase%2Fapp%2Fvendor%2Fangular%2Fangular.js%3F9d140432f81858ac1e7888708720d419d147ffa9%3A4355%0A%20%20%20%20at%20forEach%20(http%3A%2F%2Flocalhost%3A8080%2Fbase%2Fapp%2Fvendor%2Fangular%2Fangular.js%3F9d140432f81858ac1e7888708720d419d147ffa9%3A336)%0A%20%20%20%20at%20loadModules%20(http%3A%2F%2Flocalhost%3A8080%2Fbase%2Fapp%2Fvendor%2Fangular%2Fangular.js%3F9d140432f81858ac1e7888708720d419d147ffa9%3A4381)%0A%20%20%20%20at%20http%3A%2F%2Flocalhost%3A8080%2Fbase%2Fapp%2Fvendor%2Fangular%2Fangular.js%3F9d140432f81858ac1e7888708720d419d147ffa9%3A4356%0A%20%20%20%20at%20forEach%20(http%3A%2F%2Flocalhost%3A8080%2Fbase%2Fapp%2Fvendor%2Fangular%2Fangular.js%3F9d140432f81858ac1e7888708720d419d147ffa9%3A336)%0A%20%20%20%20at%20loadModules%20(http%3A%2F%2Flocalhost%3A8080%2Fbase%2Fapp%2Fvendor%2Fangular%2Fangular.js%3F9d140432f81858ac1e7888708720d419d147ffa9%3A4381)%0A%20%20%20%20at%20createInjector%20(http%3A%2F%2Flocalhost%3A8080%2Fbase%2Fapp%2Fvendor%2Fangular%2Fangular.js%3F9d140432f81858ac1e7888708720d419d147ffa9%3A4265)%0A%20%20%20%20at%20workFn%20(http%3A%2F%2Flocalhost%3A8080%2Fbase%2Fapp%2Fvendor%2Fangular-mocks%2Fangular-mocks.js%3F6fe041cc8bb7a17f894cb12d8b0d44b12644f10a%3A2409)%0A%20%20%20%20at%20attemptSync%20(http%3A%2F%2Flocalhost%3A8080%2Fbase%2Fnode_modules%2Fjasmine-core%2Flib%2Fjasmine-core%2Fjasmine.js%3F578a1e5ff14db21b04e2d6db7fd0eda37042440c%3A1789)%0A%20%20%20%20at%20http%3A%2F%2Flocalhost%3A8080%2Fbase%2Fnode_modules%2Fjasmine-core%2Flib%2Fjasmine-core%2Fjasmine.js%3F578a1e5ff14db21b04e2d6db7fd0eda37042440c%3A1777%0A%20%20%20%20at%20http%3A%2F%2Flocalhost%3A8080%2Fbase%2Fnode_modules%2Fjasmine-core%2Flib%2Fjasmine-core%2Fjasmine.js%3F578a1e5ff14db21b04e2d6db7fd0eda37042440c%3A1762%0A%20%20%20%20at%20http%3A%2F%2Flocalhost%3A8080%2Fbase%2Fnode_modules%2Fjasmine-core%2Flib%2Fjasmine-core%2Fjasmine.js%3F578a1e5ff14db21b04e2d6db7fd0eda37042440c%3A627%0A%20%20%20%20at%20http%3A%2F%2Flocalhost%3A8080%2Fbase%2Fnode_modules%2Fjasmine-core%2Flib%2Fjasmine-core%2Fjasmine.js%3F578a1e5ff14db21b04e2d6db7fd0eda37042440c%3A357%0A%20%20%20%20at%20http%3A%2F%2Flocalhost%3A8080%2Fbase%2Fnode_modules%2Fjasmine-core%2Flib%2Fjasmine-core%2Fjasmine.js%3F578a1e5ff14db21b04e2d6db7fd0eda37042440c%3A2360%0A%20%20%20%20at%20attemptAsync%20(http%3A%2F%2Flocalhost%3A8080%2Fbase%2Fnode_modules%2Fjasmine-core%2Flib%2Fjasmine-core%2Fjasmine.js%3F578a1e5ff14db21b04e2d6db7fd0eda37042440c%3A1819)%0A%20%20%20%20at%20http%3A%2F%2Flocalhost%3A8080%2Fbase%2Fnode_modules%2Fjasmine-core%2Flib%2Fjasmine-core%2Fjasmine.js%3F578a1e5ff14db21b04e2d6db7fd0eda37042440c%3A1774%0A%20%20%20%20at%20http%3A%2F%2Flocalhost%3A8080%2Fbase%2Fnode_modules%2Fjasmine-core%2Flib%2Fjasmine-core%2Fjasmine.js%3F578a1e5ff14db21b04e2d6db7fd0eda37042440c%3A1801%0A%20%20%20%20at%20http%3A%2F%2Flocalhost%3A8080%2Fbase%2Fnode_modules%2Fjasmine-core%2Flib%2Fjasmine-core%2Fjasmine.js%3F578a1e5ff14db21b04e2d6db7fd0eda37042440c%3A1745%0A%20%20%20%20at%20complete%20(http%3A%2F%2Flocalhost%3A8080%2Fbase%2Fnode_modules%2Fjasmine-core%2Flib%2Fjasmine-core%2Fjasmine.js%3F578a1e5ff14db21b04e2d6db7fd0eda37042440c%3A365)%0A%20%20%20%20at%20clearStack%20(http%3A%2F%2Flocalhost%3A8080%2Fbase%2Fnode_modules%2Fjasmine-core%2Flib%2Fjasmine-core%2Fjasmine.js%3F578a1e5ff14db21b04e2d6db7fd0eda37042440c%3A605)%0A%20%20%20%20at%20http%3A%2F%2Flocalhost%3A8080%2Fbase%2Fnode_modules%2Fjasmine-core%2Flib%2Fjasmine-core%2Fjasmine.js%3F578a1e5ff14db21b04e2d6db7fd0eda37042440c%3A1784%0A%20%20%20%20at%20http%3A%2F%2Flocalhost%3A8080%2Fbase%2Fnode_modules%2Fjasmine-core%2Flib%2Fjasmine-core%2Fjasmine.js%3F578a1e5ff14db21b04e2d6db7fd0eda37042440c%3A1762%0A%20%20%20%20at%20http%3A%2F%2Flocalhost%3A8080%2Fbase%2Fnode_modules%2Fjasmine-core%2Flib%2Fjasmine-core%2Fjasmine.js%3F578a1e5ff14db21b04e2d6db7fd0eda37042440c%3A627%0A%20%20%20%20at%20http%3A%2F%2Flocalhost%3A8080%2Fbase%2Fnode_modules%2Fjasmine-core%2Flib%2Fjasmine-core%2Fjasmine.js%3F578a1e5ff14db21b04e2d6db7fd0eda37042440c%3A357%0A%20%20%20%20at%20http%3A%2F%2Flocalhost%3A8080%2Fbase%2Fnode_modules%2Fjasmine-core%2Flib%2Fjasmine-core%2Fjasmine.js%3F578a1e5ff14db21b04e2d6db7fd0eda37042440c%3A2360%0A%20%20%20%20at%20attemptAsync%20(http%3A%2F%2Flocalhost%3A8080%2Fbase%2Fnode_modules%2Fjasmine-core%2Flib%2Fjasmine-core%2Fjasmine.js%3F578a1e5ff14db21b04e2d6db7fd0eda37042440c%3A1819)%0A%20%20%20%20at%20http%3A%2F%2Flocalhost%3A8080%2Fbase%2Fnode_modules%2Fjasmine-core%2Flib%2Fjasmine-core%2Fjasmine.js%3F578a1e5ff14db21b04e2d6db7fd0eda37042440c%3A1774%0A%20%20%20%20at%20http%3A%2F%2Flocalhost%3A8080%2Fbase%2Fnode_modules%2Fjasmine-core%2Flib%2Fjasmine-core%2Fjasmine.js%3F578a1e5ff14db21b04e2d6db7fd0eda37042440c%3A1801%0A%20%20%20%20at%20http%3A%2F%2Flocalhost%3A8080%2Fbase%2Fnode_modules%2Fjasmine-core%2Flib%2Fjasmine-core%2Fjasmine.js%3F578a1e5ff14db21b04e2d6db7fd0eda37042440c%3A1745%0A%20%20%20%20at%20complete%20(http%3A%2F%2Flocalhost%3A8080%2Fbase%2Fnode_modules%2Fjasmine-core%2Flib%2Fjasmine-core%2Fjasmine.js%3F578a1e5ff14db21b04e2d6db7fd0eda37042440c%3A365)%0A%20%20%20%20at%20clearStack%20(http%3A%2F%2Flocalhost%3A8080%2Fbase%2Fnode_modules%2Fjasmine-core%2Flib%2Fjasmine-core%2Fjasmine.js%3F578a1e5ff14db21b04e2d6db7fd0eda37042440c%3A605)%0A%20%20%20%20at%20http%3A%2F%2Flocalhost%3A8080%2Fbase%2Fnode_modules%2Fjasmine-core%2Flib%2Fjasmine-core%2Fjasmine.js%3F578a1e5ff14db21b04e2d6db7fd0eda37042440c%3A1784%0A%20%20%20%20at%20http%3A%2F%2Flocalhost%3A8080%2Fbase%2Fnode_modules%2Fjasmine-core%2Flib%2Fjasmine-core%2Fjasmine.js%3F578a1e5ff14db21b04e2d6db7fd0eda37042440c%3A1762%0A%20%20%20%20at%20http%3A%2F%2Flocalhost%3A8080%2Fbase%2Fnode_modules%2Fjasmine-core%2Flib%2Fjasmine-core%2Fjasmine.js%3F578a1e5ff14db21b04e2d6db7fd0eda37042440c%3A627%0A%20%20%20%20at%20http%3A%2F%2Flocalhost%3A8080%2Fbase%2Fnode_modules%2Fjasmine-core%2Flib%2Fjasmine-core%2Fjasmine.js%3F578a1e5ff14db21b04e2d6db7fd0eda37042440c%3A357%0A%20%20%20%20at%20http%3A%2F%2Flocalhost%3A8080%2Fbase%2Fnode_modules%2Fjasmine-core%2Flib%2Fjasmine-core%2Fjasmine.js%3F578a1e5ff14db21b04e2d6db7fd0eda37042440c%3A2360%0A%20%20%20%20at%20attemptAsync%20(http%3A%2F%2Flocalhost%3A8080%2Fbase%2Fnode_modules%2Fjasmine-core%2Flib%2Fjasmine-core%2Fjasmine.js%3F578a1e5ff14db21b04e2d6db7fd0eda37042440c%3A1819)%0A%20%20%20%20at%20http%3A%2F%2Flocalhost%3A8080%2Fbase%2Fnode_modules%2Fjasmine-core%2Flib%2Fjasmine-core%2Fjasmine.js%3F578a1e5ff14db21b04e2d6db7fd0eda37042440c%3A1774%0A%20%20%20%20at%20http%3A%2F%2Flocalhost%3A8080%2Fbase%2Fnode_modules%2Fjasmine-core%2Flib%2Fjasmine-core%2Fjasmine.js%3F578a1e5ff14db21b04e2d6db7fd0eda37042440c%3A1801%0A%20%20%20%20at%20http%3A%2F%2Flocalhost%3A8080%2Fbase%2Fnode_modules%2Fjasmine-core%2Flib%2Fjasmine-core%2Fjasmine.js%3F578a1e5ff14db21b04e2d6db7fd0eda37042440c%3A1745%0A%20%20%20%20at%20complete%20(http%3A%2F%2Flocalhost%3A8080%2Fbase%2Fnode_modules%2Fjasmine-core%2Flib%2Fjasmine-core%2Fjasmine.js%3F578a1e5ff14db21b04e2d6db7fd0eda37042440c%3A365)%0A%20%20%20%20at%20clearStack%20(http%3A%2F%2Flocalhost%3A8080%2Fbase%2Fnode_modules%2Fjasmine-core%2Flib%2Fjasmine-core%2Fjasmine.js%3F578a1e5ff14db21b04e2d6db7fd0eda37042440c%3A605)%0A%20%20%20%20at%20http%3A%2F%2Flocalhost%3A8080%2Fbase%2Fnode_modules%2Fjasmine-core%2Flib%2Fjasmine-core%2Fjasmine.js%3F578a1e5ff14db21b04e2d6db7fd0eda37042440c%3A1784%0A%20%20%20%20at%20http%3A%2F%2Flocalhost%3A8080%2Fbase%2Fnode_modules%2Fjasmine-core%2Flib%2Fjasmine-core%2Fjasmine.js%3F578a1e5ff14db21b04e2d6db7fd0eda37042440c%3A1762%0A%20%20%20%20at%20http%3A%2F%2Flocalhost%3A8080%2Fbase%2Fnode_modules%2Fjasmine-core%2Flib%2Fjasmine-core%2Fjasmine.js%3F578a1e5ff14db21b04e2d6db7fd0eda37042440c%3A627%0A%20%20%20%20at%20http%3A%2F%2Flocalhost%3A8080%2Fbase%2Fnode_modules%2Fjasmine-core%2Flib%2Fjasmine-core%2Fjasmine.js%3F578a1e5ff14db21b04e2d6db7fd0eda37042440c%3A357%0A%20%20%20%20at%20http%3A%2F%2Flocalhost%3A8080%2Fbase%2Fnode_modules%2Fjasmine-core%2Flib%2Fjasmine-core%2Fjasmine.js%3F578a1e5ff14db21b04e2d6db7fd0eda37042440c%3A2360%0A%20%20%20%20at%20attemptAsync%20(http%3A%2F%2Flocalhost%3A8080%2Fbase%2Fnode_modules%2Fjasmine-core%2Flib%2Fjasmine-core%2Fjasmine.js%3F578a1e5ff14db21b04e2d6db7fd0eda37042440c%3A1819)%0A%20%20%20%20at%20http%3A%2F%2Flocalhost%3A8080%2Fbase%2Fnode_modules%2Fjasmine-core%2Flib%2Fjasmine-core%2Fjasmine.js%3F578a1e5ff14db21b04e2d6db7fd0eda37042440c%3A1774%0A%20%20%20%20at%20http%3A%2F%2Flocalhost%3A8080%2Fbase%2Fnode_modules%2Fjasmine-core%2Flib%2Fjasmine-core%2Fjasmine.js%3F578a1e5ff14db21b04e2d6db7fd0eda37042440c%3A1801%0A%20%20%20%20at%20http%3A%2F%2Flocalhost%3A8080%2Fbase%2Fnode_modules%2Fjasmine-core%2Flib%2Fjasmine-core%2Fjasmine.js%3F578a1e5ff14db21b04e2d6db7fd0eda37042440c%3A1745%0A%20%20%20%20at%20complete%20(http%3A%2F%2Flocalhost%3A8080%2Fbase%2Fnode_modules%2Fjasmine-core%2Flib%2Fjasmine-core%2Fjasmine.js%3F578a1e5ff14db21b04e2d6db7fd0eda37042440c%3A365)%0A%20%20%20%20at%20clearStack%20(http%3A%2F%2Flocalhost%3A8080%2Fbase%2Fnode_modules%2Fjasmine-core%2Flib%2Fjasmine-core%2Fjasmine.js%3F578a1e5ff14db21b04e2d6db7fd0eda37042440c%3A605)%0A%20%20%20%20at%20http%3A%2F%2Flocalhost%3A8080%2Fbase%2Fnode_modules%2Fjasmine-core%2Flib%2Fjasmine-core%2Fjasmine.js%3F578a1e5ff14db21b04e2d6db7fd0eda37042440c%3A1784%0A%20%20%20%20at%20http%3A%2F%2Flocalhost%3A8080%2Fbase%2Fnode_modules%2Fjasmine-core%2Flib%2Fjasmine-core%2Fjasmine.js%3F578a1e5ff14db21b04e2d6db7fd0eda37042440c%3A1762%0A%20%20%20%20at%20http%3A%2F%2Flocalhost%3A8080%2Fbase%2Fnode_modules%2Fjasmine-core%2Flib%2Fjasmine-core%2Fjasmine.js%3F578a1e5ff14db21b04e2d6db7fd0eda37042440c%3A627%0A%20%20%20%20at%20http%3A%2F%2Flocalhost%3A8080%2Fbase%2Fnode_modules%2Fjasmine-core%2Flib%2Fjasmine-core%2Fjasmine.js%3F578a1e5ff14db21b04e2d6db7fd0eda37042440c%3A357%0A%20%20%20%20at%20http%3A%2F%2Flocalhost%3A8080%2Fbase%2Fnode_modules%2Fjasmine-core%2Flib%2Fjasmine-core%2Fjasmine.js%3F578a1e5ff14db21b04e2d6db7fd0eda37042440c%3A2360%0A%20%20%20%20at%20attemptAsync%20(http%3A%2F%2Flocalhost%3A8080%2Fbase%2Fnode_modules%2Fjasmine-core%2Flib%2Fjasmine-core%2Fjasmine.js%3F578a1e5ff14db21b04e2d6db7fd0eda37042440c%3A1819)%0A%20%20%20%20at%20http%3A%2F%2Flocalhost%3A8080%2Fbase%2Fnode_modules%2Fjasmine-core%2Flib%2Fjasmine-core%2Fjasmine.js%3F578a1e5ff14db21b04e2d6db7fd0eda37042440c%3A1774%0A%20%20%20%20at%20http%3A%2F%2Flocalhost%3A8080%2Fbase%2Fnode_modules%2Fjasmine-core%2Flib%2Fjasmine-core%2Fjasmine.js%3F578a1e5ff14db21b04e2d6db7fd0eda37042440c%3A1762%0A%20%20%20%20at%20http%3A%2F%2Flocalhost%3A8080%2Fbase%2Fnode_modules%2Fjasmine-core%2Flib%2Fjasmine-core%2Fjasmine.js%3F578a1e5ff14db21b04e2d6db7fd0eda37042440c%3A627%0A%20%20%20%20at%20http%3A%2F%2Flocalhost%3A8080%2Fbase%2Fnode_modules%2Fjasmine-core%2Flib%2Fjasmine-core%2Fjasmine.js%3F578a1e5ff14db21b04e2d6db7fd0eda37042440c%3A2354%0A%20%20%20%20at%20attemptAsync%20(http%3A%2F%2Flocalhost%3A8080%2Fbase%2Fnode_modules%2Fjasmine-core%2Flib%2Fjasmine-core%2Fjasmine.js%3F578a1e5ff14db21b04e2d6db7fd0eda37042440c%3A1819)%0A%20%20%20%20at%20http%3A%2F%2Flocalhost%3A8080%2Fbase%2Fnode_modules%2Fjasmine-core%2Flib%2Fjasmine-core%2Fjasmine.js%3F578a1e5ff14db21b04e2d6db7fd0eda37042440c%3A1774%0A%20%20%20%20at%20http%3A%2F%2Flocalhost%3A8080%2Fbase%2Fnode_modules%2Fjasmine-core%2Flib%2Fjasmine-core%2Fjasmine.js%3F578a1e5ff14db21b04e2d6db7fd0eda37042440c%3A1801%0A%20%20%20%20at%20http%3A%2F%2Flocalhost%3A8080%2Fbase%2Fnode_modules%2Fjasmine-core%2Flib%2Fjasmine-core%2Fjasmine.js%3F578a1e5ff14db21b04e2d6db7fd0eda37042440c%3A1745%0A%20%20%20%20at%20http%3A%2F%2Flocalhost%3A8080%2Fbase%2Fnode_modules%2Fjasmine-core%2Flib%2Fjasmine-core%2Fjasmine.js%3F578a1e5ff14db21b04e2d6db7fd0eda37042440c%3A2348%0A%20%20%20%20at%20clearStack%20(http%3A%2F%2Flocalhost%3A8080%2Fbase%2Fnode_modules%2Fjasmine-core%2Flib%2Fjasmine-core%2Fjasmine.js%3F578a1e5ff14db21b04e2d6db7fd0eda37042440c%3A605)%0A%20%20%20%20at%20http%3A%2F%2Flocalhost%3A8080%2Fbase%2Fnode_modules%2Fjasmine-core%2Flib%2Fjasmine-core%2Fjasmine.js%3F578a1e5ff14db21b04e2d6db7fd0eda37042440c%3A1784%0A%20%20%20%20at%20http%3A%2F%2Flocalhost%3A8080%2Fbase%2Fnode_modules%2Fjasmine-core%2Flib%2Fjasmine-core%2Fjasmine.js%3F578a1e5ff14db21b04e2d6db7fd0eda37042440c%3A1762%0A%20%20%20%20at%20http%3A%2F%2Flocalhost%3A8080%2Fbase%2Fnode_modules%2Fjasmine-core%2Flib%2Fjasmine-core%2Fjasmine.js%3F578a1e5ff14db21b04e2d6db7fd0eda37042440c%3A627%0A%20%20%20%20at%20http%3A%2F%2Flocalhost%3A8080%2Fbase%2Fnode_modules%2Fjasmine-core%2Flib%2Fjasmine-core%2Fjasmine.js%3F578a1e5ff14db21b04e2d6db7fd0eda37042440c%3A2354%0A%20%20%20%20at%20attemptAsync%20(http%3A%2F%2Flocalhost%3A8080%2Fbase%2Fnode_modules%2Fjasmine-core%2Flib%2Fjasmine-core%2Fjasmine.js%3F578a1e5ff14db21b04e2d6db7fd0eda37042440c%3A1819)%0A%20%20%20%20at%20http%3A%2F%2Flocalhost%3A8080%2Fbase%2Fnode_modules%2Fjasmine-core%2Flib%2Fjasmine-core%2Fjasmine.js%3F578a1e5ff14db21b04e2d6db7fd0eda37042440c%3A1774%0A%20%20%20%20at%20http%3A%2F%2Flocalhost%3A8080%2Fbase%2Fnode_modules%2Fjasmine-core%2Flib%2Fjasmine-core%2Fjasmine.js%3F578a1e5ff14db21b04e2d6db7fd0eda37042440c%3A1801%0A%20%20%20%20at%20http%3A%2F%2Flocalhost%3A8080%2Fbase%2Fnode_modules%2Fjasmine-core%2Flib%2Fjasmine-core%2Fjasmine.js%3F578a1e5ff14db21b04e2d6db7fd0eda37042440c%3A1745%0A%20%20%20%20at%20http%3A%2F%2Flocalhost%3A8080%2Fbase%2Fnode_modules%2Fjasmine-core%2Flib%2Fjasmine-core%2Fjasmine.js%3F578a1e5ff14db21b04e2d6db7fd0eda37042440c%3A2348%0A%20%20%20%20at%20clearStack%20(http%3A%2F%2Flocalhost%3A8080%2Fbase%2Fnode_modules%2Fjasmine-core%2Flib%2Fjasmine-core%2Fjasmine.js%3F578a1e5ff14db21b04e2d6db7fd0eda37042440c%3A605)%0A%20%20%20%20at%20http%3A%2F%2Flocalhost%3A8080%2Fbase%2Fnode_modules%2Fjasmine-core%2Flib%2Fjasmine-core%2Fjasmine.js%3F578a1e5ff14db21b04e2d6db7fd0eda37042440c%3A1784%0A%20%20%20%20at%20http%3A%2F%2Flocalhost%3A8080%2Fbase%2Fnode_modules%2Fjasmine-core%2Flib%2Fjasmine-core%2Fjasmine.js%3F578a1e5ff14db21b04e2d6db7fd0eda37042440c%3A1762%0A%20%20%20%20at%20http%3A%2F%2Flocalhost%3A8080%2Fbase%2Fnode_modules%2Fjasmine-core%2Flib%2Fjasmine-core%2Fjasmine.js%3F578a1e5ff14db21b04e2d6db7fd0eda37042440c%3A627%0A%20%20%20%20at%20http%3A%2F%2Flocalhost%3A8080%2Fbase%2Fnode_modules%2Fjasmine-core%2Flib%2Fjasmine-core%2Fjasmine.js%3F578a1e5ff14db21b04e2d6db7fd0eda37042440c%3A2354%0A%20%20%20%20at%20attemptAsync%20(http%3A%2F%2Flocalhost%3A8080%2Fbase%2Fnode_modules%2Fjasmine-core%2Flib%2Fjasmine-core%2Fjasmine.js%3F578a1e5ff14db21b04e2d6db7fd0eda37042440c%3A1819)%0A%20%20%20%20at%20http%3A%2F%2Flocalhost%3A8080%2Fbase%2Fnode_modules%2Fjasmine-core%2Flib%2Fjasmine-core%2Fjasmine.js%3F578a1e5ff14db21b04e2d6db7fd0eda37042440c%3A1774%0A%20%20%20%20at%20http%3A%2F%2Flocalhost%3A8080%2Fbase%2Fnode_modules%2Fjasmine-core%2Flib%2Fjasmine-core%2Fjasmine.js%3F578a1e5ff14db21b04e2d6db7fd0eda37042440c%3A1801%0A%20%20%20%20at%20http%3A%2F%2Flocalhost%3A8080%2Fbase%2Fnode_modules%2Fjasmine-core%2Flib%2Fjasmine-core%2Fjasmine.js%3F578a1e5ff14db21b04e2d6db7fd0eda37042440c%3A1745%0A%20%20%20%20at%20http%3A%2F%2Flocalhost%3A8080%2Fbase%2Fnode_modules%2Fjasmine-core%2Flib%2Fjasmine-core%2Fjasmine.js%3F578a1e5ff14db21b04e2d6db7fd0eda37042440c%3A2348%0A%20%20%20%20at%20clearStack%20(http%3A%2F%2Flocalhost%3A8080%2Fbase%2Fnode_modules%2Fjasmine-core%2Flib%2Fjasmine-core%2Fjasmine.js%3F578a1e5ff14db21b04e2d6db7fd0eda37042440c%3A605)%0A%20%20%20%20at%20http%3A%2F%2Flocalhost%3A8080%2Fbase%2Fnode_modules%2Fjasmine-core%2Flib%2Fjasmine-core%2Fjasmine.js%3F578a1e5ff14db21b04e2d6db7fd0eda37042440c%3A1784%0A%20%20%20%20at%20http%3A%2F%2Flocalhost%3A8080%2Fbase%2Fnode_modules%2Fjasmine-core%2Flib%2Fjasmine-core%2Fjasmine.js%3F578a1e5ff14db21b04e2d6db7fd0eda37042440c%3A1801%0A%20%20%20%20at%20http%3A%2F%2Flocalhost%3A8080%2Fbase%2Fnode_modules%2Fjasmine-core%2Flib%2Fjasmine-core%2Fjasmine.js%3F578a1e5ff14db21b04e2d6db7fd0eda37042440c%3A1745%0A%20%20%20%20at%20complete%20(http%3A%2F%2Flocalhost%3A8080%2Fbase%2Fnode_modules%2Fjasmine-core%2Flib%2Fjasmine-core%2Fjasmine.js%3F578a1e5ff14db21b04e2d6db7fd0eda37042440c%3A365)%0A%20%20%20%20at%20clearStack%20(http%3A%2F%2Flocalhost%3A8080%2Fbase%2Fnode_modules%2Fjasmine-core%2Flib%2Fjasmine-core%2Fjasmine.js%3F578a1e5ff14db21b04e2d6db7fd0eda37042440c%3A605)%0A%20%20%20%20at%20http%3A%2F%2Flocalhost%3A8080%2Fbase%2Fnode_modules%2Fjasmine-core%2Flib%2Fjasmine-core%2Fjasmine.js%3F578a1e5ff14db21b04e2d6db7fd0eda37042440c%3A1784%0A%20%20%20%20at%20http%3A%2F%2Flocalhost%3A8080%2Fbase%2Fnode_modules%2Fjasmine-core%2Flib%2Fjasmine-core%2Fjasmine.js%3F578a1e5ff14db21b04e2d6db7fd0eda37042440c%3A1762%0A%20%20%20%20at%20http%3A%2F%2Flocalhost%3A8080%2Fbase%2Fnode_modules%2Fjasmine-core%2Flib%2Fjasmine-core%2Fjasmine.js%3F578a1e5ff14db21b04e2d6db7fd0eda37042440c%3A627%0A%20%20%20%20at%20http%3A%2F%2Flocalhost%3A8080%2Fbase%2Fnode_modules%2Fjasmine-core%2Flib%2Fjasmine-core%2Fjasmine.js%3F578a1e5ff14db21b04e2d6db7fd0eda37042440c%3A357%0A%20%20%20%20at%20http%3A%2F%2Flocalhost%3A8080%2Fbase%2Fnode_modules%2Fjasmine-core%2Flib%2Fjasmine-core%2Fjasmine.js%3F578a1e5ff14db21b04e2d6db7fd0eda37042440c%3A2360%0A%20%20%20%20at%20attemptAsync%20(http%3A%2F%2Flocalhost%3A8080%2Fbase%2Fnode_modules%2Fjasmine-core%2Flib%2Fjasmine-core%2Fjasmine.js%3F578a1e5ff14db21b04e2d6db7fd0eda37042440c%3A1819)%0A%20%20%20%20at%20http%3A%2F%2Flocalhost%3A8080%2Fbase%2Fnode_modules%2Fjasmine-core%2Flib%2Fjasmine-core%2Fjasmine.js%3F578a1e5ff14db21b04e2d6db7fd0eda37042440c%3A1774%0A%20%20%20%20at%20http%3A%2F%2Flocalhost%3A8080%2Fbase%2Fnode_modules%2Fjasmine-core%2Flib%2Fjasmine-core%2Fjasmine.js%3F578a1e5ff14db21b04e2d6db7fd0eda37042440c%3A1801%0A%20%20%20%20at%20http%3A%2F%2Flocalhost%3A8080%2Fbase%2Fnode_modules%2Fjasmine-core%2Flib%2Fjasmine-core%2Fjasmine.js%3F578a1e5ff14db21b04e2d6db7fd0eda37042440c%3A1745%0A%20%20%20%20at%20complete%20(http%3A%2F%2Flocalhost%3A8080%2Fbase%2Fnode_modules%2Fjasmine-core%2Flib%2Fjasmine-core%2Fjasmine.js%3F578a1e5ff14db21b04e2d6db7fd0eda37042440c%3A365)%0A%20%20%20%20at%20clearStack%20(http%3A%2F%2Flocalhost%3A8080%2Fbase%2Fnode_modules%2Fjasmine-core%2Flib%2Fjasmine-core%2Fjasmine.js%3F578a1e5ff14db21b04e2d6db7fd0eda37042440c%3A605)%0A%20%20%20%20at%20http%3A%2F%2Flocalhost%3A8080%2Fbase%2Fnode_modules%2Fjasmine-core%2Flib%2Fjasmine-core%2Fjasmine.js%3F578a1e5ff14db21b04e2d6db7fd0eda37042440c%3A1784%0A%20%20%20%20at%20http%3A%2F%2Flocalhost%3A8080%2Fbase%2Fnode_modules%2Fjasmine-core%2Flib%2Fjasmine-core%2Fjasmine.js%3F578a1e5ff14db21b04e2d6db7fd0eda37042440c%3A1762%0A%20%20%20%20at%20http%3A%2F%2Flocalhost%3A8080%2Fbase%2Fnode_modules%2Fjasmine-core%2Flib%2Fjasmine-core%2Fjasmine.js%3F578a1e5ff14db21b04e2d6db7fd0eda37042440c%3A627%0A%20%20%20%20at%20http%3A%2F%2Flocalhost%3A8080%2Fbase%2Fnode_modules%2Fjasmine-core%2Flib%2Fjasmine-core%2Fjasmine.js%3F578a1e5ff14db21b04e2d6db7fd0eda37042440c%3A357%0A%20%20%20%20at%20http%3A%2F%2Flocalhost%3A8080%2Fbase%2Fnode_modules%2Fjasmine-core%2Flib%2Fjasmine-core%2Fjasmine.js%3F578a1e5ff14db21b04e2d6db7fd0eda37042440c%3A2360%0A%20%20%20%20at%20attemptAsync%20(http%3A%2F%2Flocalhost%3A8080%2Fbase%2Fnode_modules%2Fjasmine-core%2Flib%2Fjasmine-core%2Fjasmine.js%3F578a1e5ff14db21b04e2d6db7fd0eda37042440c%3A1819)%0A%20%20%20%20at%20http%3A%2F%2Flocalhost%3A8080%2Fbase%2Fnode_modules%2Fjasmine-core%2Flib%2Fjasmine-core%2Fjasmine.js%3F578a1e5ff14db21b04e2d6db7fd0eda37042440c%3A1774%0A%20%20%20%20at%20http%3A%2F%2Flocalhost%3A8080%2Fbase%2Fnode_modules%2Fjasmine-core%2Flib%2Fjasmine-core%2Fjasmine.js%3F578a1e5ff14db21b04e2d6db7fd0eda37042440c%3A1762%0A%20%20%20%20at%20http%3A%2F%2Flocalhost%3A8080%2Fbase%2Fnode_modules%2Fjasmine-core%2Flib%2Fjasmine-core%2Fjasmine.js%3F578a1e5ff14db21b04e2d6db7fd0eda37042440c%3A627%0A%20%20%20%20at%20http%3A%2F%2Flocalhost%3A8080%2Fbase%2Fnode_modules%2Fjasmine-core%2Flib%2Fjasmine-core%2Fjasmine.js%3F578a1e5ff14db21b04e2d6db7fd0eda37042440c%3A2354%0A%20%20%20%20at%20attemptAsync%20(http%3A%2F%2Flocalhost%3A8080%2Fbase%2Fnode_modules%2Fjasmine-core%2Flib%2Fjasmine-core%2Fjasmine.js%3F578a1e5ff14db21b04e2d6db7fd0eda37042440c%3A1819)%0A%20%20%20%20at%20http%3A%2F%2Flocalhost%3A8080%2Fbase%2Fnode_modules%2Fjasmine-core%2Flib%2Fjasmine-core%2Fjasmine.js%3F578a1e5ff14db21b04e2d6db7fd0eda37042440c%3A1774%0A%20%20%20%20at%20http%3A%2F%2Flocalhost%3A8080%2Fbase%2Fnode_modules%2Fjasmine-core%2Flib%2Fjasmine-core%2Fjasmine.js%3F578a1e5ff14db21b04e2d6db7fd0eda37042440c%3A1801%0A%20%20%20%20at%20http%3A%2F%2Flocalhost%3A8080%2Fbase%2Fnode_modules%2Fjasmine-core%2Flib%2Fjasmine-core%2Fjasmine.js%3F578a1e5ff14db21b04e2d6db7fd0eda37042440c%3A1745%0A%20%20%20%20at%20http%3A%2F%2Flocalhost%3A8080%2Fbase%2Fnode_modules%2Fjasmine-core%2Flib%2Fjasmine-core%2Fjasmine.js%3F578a1e5ff14db21b04e2d6db7fd0eda37042440c%3A2348%0A%20%20%20%20at%20clearStack%20(http%3A%2F%2Flocalhost%3A8080%2Fbase%2Fnode_modules%2Fjasmine-core%2Flib%2Fjasmine-core%2Fjasmine.js%3F578a1e5ff14db21b04e2d6db7fd0eda37042440c%3A605)%0A%20%20%20%20at%20http%3A%2F%2Flocalhost%3A8080%2Fbase%2Fnode_modules%2Fjasmine-core%2Flib%2Fjasmine-core%2Fjasmine.js%3F578a1e5ff14db21b04e2d6db7fd0eda37042440c%3A1784%0A%20%20%20%20at%20http%3A%2F%2Flocalhost%3A8080%2Fbase%2Fnode_modules%2Fjasmine-core%2Flib%2Fjasmine-core%2Fjasmine.js%3F578a1e5ff14db21b04e2d6db7fd0eda37042440c%3A1762%0A%20%20%20%20at%20http%3A%2F%2Flocalhost%3A8080%2Fbase%2Fnode_modules%2Fjasmine-core%2Flib%2Fjasmine-core%2Fjasmine.js%3F578a1e5ff14db21b04e2d6db7fd0eda37042440c%3A627%0A%20%20%20%20at%20http%3A%2F%2Flocalhost%3A8080%2Fbase%2Fnode_modules%2Fjasmine-core%2Flib%2Fjasmine-core%2Fjasmine.js%3F578a1e5ff14db21b04e2d6db7fd0eda37042440c%3A2354%0A%20%20%20%20at%20attemptAsync%20(http%3A%2F%2Flocalhost%3A8080%2Fbase%2Fnode_modules%2Fjasmine-core%2Flib%2Fjasmine-core%2Fjasmine.js%3F578a1e5ff14db21b04e2d6db7fd0eda37042440c%3A1819)%0A%20%20%20%20at%20http%3A%2F%2Flocalhost%3A8080%2Fbase%2Fnode_modules%2Fjasmine-core%2Flib%2Fjasmine-core%2Fjasmine.js%3F578a1e5ff14db21b04e2d6db7fd0eda37042440c%3A1774%0A%20%20%20%20at%20http%3A%2F%2Flocalhost%3A8080%2Fbase%2Fnode_modules%2Fjasmine-core%2Flib%2Fjasmine-core%2Fjasmine.js%3F578a1e5ff14db21b04e2d6db7fd0eda37042440c%3A1801%0A%20%20%20%20at%20http%3A%2F%2Flocalhost%3A8080%2Fbase%2Fnode_modules%2Fjasmine-core%2Flib%2Fjasmine-core%2Fjasmine.js%3F578a1e5ff14db21b04e2d6db7fd0eda37042440c%3A1745%0A%20%20%20%20at%20http%3A%2F%2Flocalhost%3A8080%2Fbase%2Fnode_modules%2Fjasmine-core%2Flib%2Fjasmine-core%2Fjasmine.js%3F578a1e5ff14db21b04e2d6db7fd0eda37042440c%3A2348%0A%20%20%20%20at%20clearStack%20(http%3A%2F%2Flocalhost%3A8080%2Fbase%2Fnode_modules%2Fjasmine-core%2Flib%2Fjasmine-core%2Fjasmine.js%3F578a1e5ff14db21b04e2d6db7fd0eda37042440c%3A605)%0A%20%20%20%20at%20http%3A%2F%2Flocalhost%3A8080%2Fbase%2Fnode_modules%2Fjasmine-core%2Flib%2Fjasmine-core%2Fjasmine.js%3F578a1e5ff14db21b04e2d6db7fd0eda37042440c%3A1784%0A%20%20%20%20at%20http%3A%2F%2Flocalhost%3A8080%2Fbase%2Fnode_modules%2Fjasmine-core%2Flib%2Fjasmine-core%2Fjasmine.js%3F578a1e5ff14db21b04e2d6db7fd0eda37042440c%3A1762%0A%20%20%20%20at%20http%3A%2F%2Flocalhost%3A8080%2Fbase%2Fnode_modules%2Fjasmine-core%2Flib%2Fjasmine-core%2Fjasmine.js%3F578a1e5ff14db21b04e2d6db7fd0eda37042440c%3A627%0A%20%20%20%20at%20http%3A%2F%2Flocalhost%3A8080%2Fbase%2Fnode_modules%2Fjasmine-core%2Flib%2Fjasmine-core%2Fjasmine.js%3F578a1e5ff14db21b04e2d6db7fd0eda37042440c%3A2354%0A%20%20%20%20at%20attemptAsync%20(http%3A%2F%2Flocalhost%3A8080%2Fbase%2Fnode_modules%2Fjasmine-core%2Flib%2Fjasmine-core%2Fjasmine.js%3F578a1e5ff14db21b04e2d6db7fd0eda37042440c%3A1819)%0A%20%20%20%20at%20http%3A%2F%2Flocalhost%3A8080%2Fbase%2Fnode_modules%2Fjasmine-core%2Flib%2Fjasmine-core%2Fjasmine.js%3F578a1e5ff14db21b04e2d6db7fd0eda37042440c%3A1774%0A%20%20%20%20at%20http%3A%2F%2Flocalhost%3A8080%2Fbase%2Fnode_modules%2Fjasmine-core%2Flib%2Fjasmine-core%2Fjasmine.js%3F578a1e5ff14db21b04e2d6db7fd0eda37042440c%3A1801%0A%20%20%20%20at%20http%3A%2F%2Flocalhost%3A8080%2Fbase%2Fnode_modules%2Fjasmine-core%2Flib%2Fjasmine-core%2Fjasmine.js%3F578a1e5ff14db21b04e2d6db7fd0eda37042440c%3A1745%0A%20%20%20%20at%20http%3A%2F%2Flocalhost%3A8080%2Fbase%2Fnode_modules%2Fjasmine-core%2Flib%2Fjasmine-core%2Fjasmine.js%3F578a1e5ff14db21b04e2d6db7fd0eda37042440c%3A2348%0A%20%20%20%20at%20clearStack%20(http%3A%2F%2Flocalhost%3A8080%2Fbase%2Fnode_modules%2Fjasmine-core%2Flib%2Fjasmine-core%2Fjasmine.js%3F578a1e5ff14db21b04e2d6db7fd0eda37042440c%3A605)%0A%20%20%20%20at%20http%3A%2F%2Flocalhost%3A8080%2Fbase%2Fnode_modules%2Fjasmine-core%2Flib%2Fjasmine-core%2Fjasmine.js%3F578a1e5ff14db21b04e2d6db7fd0eda37042440c%3A1784%0A%20%20%20%20at%20http%3A%2F%2Flocalhost%3A8080%2Fbase%2Fnode_modules%2Fjasmine-core%2Flib%2Fjasmine-core%2Fjasmine.js%3F578a1e5ff14db21b04e2d6db7fd0eda37042440c%3A1762%0A%20%20%20%20at%20http%3A%2F%2Flocalhost%3A8080%2Fbase%2Fnode_modules%2Fjasmine-core%2Flib%2Fjasmine-core%2Fjasmine.js%3F578a1e5ff14db21b04e2d6db7fd0eda37042440c%3A627%0A%20%20%20%20at%20http%3A%2F%2Flocalhost%3A8080%2Fbase%2Fnode_modules%2Fjasmine-core%2Flib%2Fjasmine-core%2Fjasmine.js%3F578a1e5ff14db21b04e2d6db7fd0eda37042440c%3A2354%0A%20%20%20%20at%20attemptAsync%20(http%3A%2F%2Flocalhost%3A8080%2Fbase%2Fnode_modules%2Fjasmine-core%2Flib%2Fjasmine-core%2Fjasmine.js%3F578a1e5ff14db21b04e2d6db7fd0eda37042440c%3A1819)%0A%20%20%20%20at%20http%3A%2F%2Flocalhost%3A8080%2Fbase%2Fnode_modules%2Fjasmine-core%2Flib%2Fjasmine-core%2Fjasmine.js%3F578a1e5ff14db21b04e2d6db7fd0eda37042440c%3A1774%0A%20%20%20%20at%20http%3A%2F%2Flocalhost%3A8080%2Fbase%2Fnode_modules%2Fjasmine-core%2Flib%2Fjasmine-core%2Fjasmine.js%3F578a1e5ff14db21b04e2d6db7fd0eda37042440c%3A1801%0A%20%20%20%20at%20http%3A%2F%2Flocalhost%3A8080%2Fbase%2Fnode_modules%2Fjasmine-core%2Flib%2Fjasmine-core%2Fjasmine.js%3F578a1e5ff14db21b04e2d6db7fd0eda37042440c%3A1745%0A%20%20%20%20at%20http%3A%2F%2Flocalhost%3A8080%2Fbase%2Fnode_modules%2Fjasmine-core%2Flib%2Fjasmine-core%2Fjasmine.js%3F578a1e5ff14db21b04e2d6db7fd0eda37042440c%3A2348%0A%20%20%20%20at%20clearStack%20(http%3A%2F%2Flocalhost%3A8080%2Fbase%2Fnode_modules%2Fjasmine-core%2Flib%2Fjasmine-core%2Fjasmine.js%3F578a1e5ff14db21b04e2d6db7fd0eda37042440c%3A605)%0A%20%20%20%20at%20http%3A%2F%2Flocalhost%3A8080%2Fbase%2Fnode_modules%2Fjasmine-core%2Flib%2Fjasmine-core%2Fjasmine.js%3F578a1e5ff14db21b04e2d6db7fd0eda37042440c%3A1784%0A%20%20%20%20at%20http%3A%2F%2Flocalhost%3A8080%2Fbase%2Fnode_modules%2Fjasmine-core%2Flib%2Fjasmine-core%2Fjasmine.js%3F578a1e5ff14db21b04e2d6db7fd0eda37042440c%3A1762%0A%20%20%20%20at%20http%3A%2F%2Flocalhost%3A8080%2Fbase%2Fnode_modules%2Fjasmine-core%2Flib%2Fjasmine-core%2Fjasmine.js%3F578a1e5ff14db21b04e2d6db7fd0eda37042440c%3A627%0A%20%20%20%20at%20http%3A%2F%2Flocalhost%3A8080%2Fbase%2Fnode_modules%2Fjasmine-core%2Flib%2Fjasmine-core%2Fjasmine.js%3F578a1e5ff14db21b04e2d6db7fd0eda37042440c%3A2354%0A%20%20%20%20at%20attemptAsync%20(http%3A%2F%2Flocalhost%3A8080%2Fbase%2Fnode_modules%2Fjasmine-core%2Flib%2Fjasmine-core%2Fjasmine.js%3F578a1e5ff14db21b04e2d6db7fd0eda37042440c%3A1819)%0A%20%20%20%20at%20http%3A%2F%2Flocalhost%3A8080%2Fbase%2Fnode_modules%2Fjasmine-core%2Flib%2Fjasmine-core%2Fjasmine.js%3F578a1e5ff14db21b04e2d6db7fd0eda37042440c%3A1774%0A%20%20%20%20at%20http%3A%2F%2Flocalhost%3A8080%2Fbase%2Fnode_modules%2Fjasmine-core%2Flib%2Fjasmine-core%2Fjasmine.js%3F578a1e5ff14db21b04e2d6db7fd0eda37042440c%3A1801%0A%20%20%20%20at%20http%3A%2F%2Flocalhost%3A8080%2Fbase%2Fnode_modules%2Fjasmine-core%2Flib%2Fjasmine-core%2Fjasmine.js%3F578a1e5ff14db21b04e2d6db7fd0eda37042440c%3A1745%0A%20%20%20%20at%20http%3A%2F%2Flocalhost%3A8080%2Fbase%2Fnode_modules%2Fjasmine-core%2Flib%2Fjasmine-core%2Fjasmine.js%3F578a1e5ff14db21b04e2d6db7fd0eda37042440c%3A2348%0A%20%20%20%20at%20clearStack%20(http%3A%2F%2Flocalhost%3A8080%2Fbase%2Fnode_modules%2Fjasmine-core%2Flib%2Fjasmine-core%2Fjasmine.js%3F578a1e5ff14db21b04e2d6db7fd0eda37042440c%3A605)%0A%20%20%20%20at%20http%3A%2F%2Flocalhost%3A8080%2Fbase%2Fnode_modules%2Fjasmine-core%2Flib%2Fjasmine-core%2Fjasmine.js%3F578a1e5ff14db21b04e2d6db7fd0eda37042440c%3A1784%0A%20%20%20%20at%20http%3A%2F%2Flocalhost%3A8080%2Fbase%2Fnode_modules%2Fjasmine-core%2Flib%2Fjasmine-core%2Fjasmine.js%3F578a1e5ff14db21b04e2d6db7fd0eda37042440c%3A1762%0A%20%20%20%20at%20http%3A%2F%2Flocalhost%3A8080%2Fbase%2Fnode_modules%2Fjasmine-core%2Flib%2Fjasmine-core%2Fjasmine.js%3F578a1e5ff14db21b04e2d6db7fd0eda37042440c%3A627%0A%20%20%20%20at%20http%3A%2F%2Flocalhost%3A8080%2Fbase%2Fnode_modules%2Fjasmine-core%2Flib%2Fjasmine-core%2Fjasmine.js%3F578a1e5ff14db21b04e2d6db7fd0eda37042440c%3A2354%0A%20%20%20%20at%20attemptAsync%20(http%3A%2F%2Flocalhost%3A8080%2Fbase%2Fnode_modules%2Fjasmine-core%2Flib%2Fjasmine-core%2Fjasmine.js%3F578a1e5ff14db21b04e2d6db7fd0eda37042440c%3A1819)%0A%20%20%20%20at%20http%3A%2F%2Flocalhost%3A8080%2Fbase%2Fnode_modules%2Fjasmine-core%2Flib%2Fjasmine-core%2Fjasmine.js%3F578a1e5ff14db21b04e2d6db7fd0eda37042440c%3A1774%0A%20%20%20%20at%20http%3A%2F%2Flocalhost%3A8080%2Fbase%2Fnode_modules%2Fjasmine-core%2Flib%2Fjasmine-core%2Fjasmine.js%3F578a1e5ff14db21b04e2d6db7fd0eda37042440c%3A1801%0A%20%20%20%20at%20http%3A%2F%2Flocalhost%3A8080%2Fbase%2Fnode_modules%2Fjasmine-core%2Flib%2Fjasmine-core%2Fjasmine.js%3F578a1e5ff14db21b04e2d6db7fd0eda37042440c%3A1745%0A%20%20%20%20at%20http%3A%2F%2Flocalhost%3A8080%2Fbase%2Fnode_modules%2Fjasmine-core%2Flib%2Fjasmine-core%2Fjasmine.js%3F578a1e5ff14db21b04e2d6db7fd0eda37042440c%3A2348%0A%20%20%20%20at%20clearStack%20(http%3A%2F%2Flocalhost%3A8080%2Fbase%2Fnode_modules%2Fjasmine-core%2Flib%2Fjasmine-core%2Fjasmine.js%3F578a1e5ff14db21b04e2d6db7fd0eda37042440c%3A605)%0A%20%20%20%20at%20http%3A%2F%2Flocalhost%3A8080%2Fbase%2Fnode_modules%2Fjasmine-core%2Flib%2Fjasmine-core%2Fjasmine.js%3F578a1e5ff14db21b04e2d6db7fd0eda37042440c%3A1784%0A%20%20%20%20at%20http%3A%2F%2Flocalhost%3A8080%2Fbase%2Fnode_modules%2Fjasmine-core%2Flib%2Fjasmine-core%2Fjasmine.js%3F578a1e5ff14db21b04e2d6db7fd0eda37042440c%3A1762%0A%20%20%20%20at%20http%3A%2F%2Flocalhost%3A8080%2Fbase%2Fnode_modules%2Fjasmine-core%2Flib%2Fjasmine-core%2Fjasmine.js%3F578a1e5ff14db21b04e2d6db7fd0eda37042440c%3A627%0A%20%20%20%20at%20http%3A%2F%2Flocalhost%3A8080%2Fbase%2Fnode_modules%2Fjasmine-core%2Flib%2Fjasmine-core%2Fjasmine.js%3F578a1e5ff14db21b04e2d6db7fd0eda37042440c%3A2354%0A%20%20%20%20at%20attemptAsync%20(http%3A%2F%2Flocalhost%3A8080%2Fbase%2Fnode_modules%2Fjasmine-core%2Flib%2Fjasmine-core%2Fjasmine.js%3F578a1e5ff14db21b04e2d6db7fd0eda37042440c%3A1819)%0A%20%20%20%20at%20http%3A%2F%2Flocalhost%3A8080%2Fbase%2Fnode_modules%2Fjasmine-core%2Flib%2Fjasmine-core%2Fjasmine.js%3F578a1e5ff14db21b04e2d6db7fd0eda37042440c%3A1774%0A%20%20%20%20at%20http%3A%2F%2Flocalhost%3A8080%2Fbase%2Fnode_modules%2Fjasmine-core%2Flib%2Fjasmine-core%2Fjasmine.js%3F578a1e5ff14db21b04e2d6db7fd0eda37042440c%3A1801%0A%20%20%20%20at%20http%3A%2F%2Flocalhost%3A8080%2Fbase%2Fnode_modules%2Fjasmine-core%2Flib%2Fjasmine-core%2Fjasmine.js%3F578a1e5ff14db21b04e2d6db7fd0eda37042440c%3A1745%0A%20%20%20%20at%20http%3A%2F%2Flocalhost%3A8080%2Fbase%2Fnode_modules%2Fjasmine-core%2Flib%2Fjasmine-core%2Fjasmine.js%3F578a1e5ff14db21b04e2d6db7fd0eda37042440c%3A2348%0A%20%20%20%20at%20clearStack%20(http%3A%2F%2Flocalhost%3A8080%2Fbase%2Fnode_modules%2Fjasmine-core%2Flib%2Fjasmine-core%2Fjasmine.js%3F578a1e5ff14db21b04e2d6db7fd0eda37042440c%3A605)%0A%20%20%20%20at%20http%3A%2F%2Flocalhost%3A8080%2Fbase%2Fnode_modules%2Fjasmine-core%2Flib%2Fjasmine-core%2Fjasmine.js%3F578a1e5ff14db21b04e2d6db7fd0eda37042440c%3A1784%0A%20%20%20%20at%20http%3A%2F%2Flocalhost%3A8080%2Fbase%2Fnode_modules%2Fjasmine-core%2Flib%2Fjasmine-core%2Fjasmine.js%3F578a1e5ff14db21b04e2d6db7fd0eda37042440c%3A1762%0A%20%20%20%20at%20http%3A%2F%2Flocalhost%3A8080%2Fbase%2Fnode_modules%2Fjasmine-core%2Flib%2Fjasmine-core%2Fjasmine.js%3F578a1e5ff14db21b04e2d6db7fd0eda37042440c%3A627%0A%20%20%20%20at%20http%3A%2F%2Flocalhost%3A8080%2Fbase%2Fnode_modules%2Fjasmine-core%2Flib%2Fjasmine-core%2Fjasmine.js%3F578a1e5ff14db21b04e2d6db7fd0eda37042440c%3A2354%0A%20%20%20%20at%20attemptAsync%20(http%3A%2F%2Flocalhost%3A8080%2Fbase%2Fnode_modules%2Fjasmine-core%2Flib%2Fjasmine-core%2Fjasmine.js%3F578a1e5ff14db21b04e2d6db7fd0eda37042440c%3A1819)%0A%20%20%20%20at%20http%3A%2F%2Flocalhost%3A8080%2Fbase%2Fnode_modules%2Fjasmine-core%2Flib%2Fjasmine-core%2Fjasmine.js%3F578a1e5ff14db21b04e2d6db7fd0eda37042440c%3A1774%0A%20%20%20%20at%20http%3A%2F%2Flocalhost%3A8080%2Fbase%2Fnode_modules%2Fjasmine-core%2Flib%2Fjasmine-core%2Fjasmine.js%3F578a1e5ff14db21b04e2d6db7fd0eda37042440c%3A1762%0A%20%20%20%20at%20http%3A%2F%2Flocalhost%3A8080%2Fbase%2Fnode_modules%2Fjasmine-core%2Flib%2Fjasmine-core%2Fjasmine.js%3F578a1e5ff14db21b04e2d6db7fd0eda37042440c%3A627%0A%20%20%20%20at%20http%3A%2F%2Flocalhost%3A8080%2Fbase%2Fnode_modules%2Fjasmine-core%2Flib%2Fjasmine-core%2Fjasmine.js%3F578a1e5ff14db21b04e2d6db7fd0eda37042440c%3A2215%0A%20%20%20%20at%20http%3A%2F%2Flocalhost%3A8080%2Fbase%2Fnode_modules%2Fjasmine-core%2Flib%2Fjasmine-core%2Fjasmine.js%3F578a1e5ff14db21b04e2d6db7fd0eda37042440c%3A678%0A%20%20%20%20at%20http%3A%2F%2Flocalhost%3A8080%2Fbase%2Fnode_modules%2Fkarma-jasmine%2Flib%2Fadapter.js%3F0a69ad1fa10cc8be0a12b241227d3b834f82db4f%3A317%0A%20%20%20%20at%20http%3A%2F%2Flocalhost%3A8080%2Fkarma.js%3A185%0A%20%20%20%20at%20http%3A%2F%2Flocalhost%3A8080%2Fcontext.html%3A127
    at C:/dev/MedExplorer/src/client/app/vendor/angular/angular.js:4379
    at forEach (C:/dev/MedExplorer/src/client/app/vendor/angular/angular.js:336)
    at loadModules (C:/dev/MedExplorer/src/client/app/vendor/angular/angular.js:4381)
    at C:/dev/MedExplorer/src/client/app/vendor/angular/angular.js:4356
    at forEach (C:/dev/MedExplorer/src/client/app/vendor/angular/angular.js:336)
    at loadModules (C:/dev/MedExplorer/src/client/app/vendor/angular/angular.js:4381)
    at createInjector (C:/dev/MedExplorer/src/client/app/vendor/angular/angular.js:4265)
    at workFn (C:/dev/MedExplorer/src/client/app/vendor/angular-mocks/angular-mocks.js:2409)
http://errors.angularjs.org/1.4.1/$injector/modulerr?p0=MedExplorer&amp;p1=Error%3A%20%5B%24injector%3Amodulerr%5D%20Failed%20to%20instantiate%20module%20ui.bootstrap%20due%20to%3A%0AError%3A%20%5B%24injector%3Anomod%5D%20Module%20&apos;ui.bootstrap&apos;%20is%20not%20available!%20You%20either%20misspelled%20the%20module%20name%20or%20forgot%20to%20load%20it.%20If%20registering%20a%20module%20ensure%20that%20you%20specify%20the%20dependencies%20as%20the%20second%20argument.%0Ahttp%3A%2F%2Ferrors.angularjs.org%2F1.4.1%2F%24injector%2Fnomod%3Fp0%3Dui.bootstrap%0A%20%20%20%20at%20http%3A%2F%2Flocalhost%3A8080%2Fbase%2Fapp%2Fvendor%2Fangular%2Fangular.js%3F9d140432f81858ac1e7888708720d419d147ffa9%3A1951%0A%20%20%20%20at%20ensure%20(http%3A%2F%2Flocalhost%3A8080%2Fbase%2Fapp%2Fvendor%2Fangular%2Fangular.js%3F9d140432f81858ac1e7888708720d419d147ffa9%3A1873)%0A%20%20%20%20at%20module%20(http%3A%2F%2Flocalhost%3A8080%2Fbase%2Fapp%2Fvendor%2Fangular%2Fangular.js%3F9d140432f81858ac1e7888708720d419d147ffa9%3A2201)%0A%20%20%20%20at%20http%3A%2F%2Flocalhost%3A8080%2Fbase%2Fapp%2Fvendor%2Fangular%2Fangular.js%3F9d140432f81858ac1e7888708720d419d147ffa9%3A4355%0A%20%20%20%20at%20forEach%20(http%3A%2F%2Flocalhost%3A8080%2Fbase%2Fapp%2Fvendor%2Fangular%2Fangular.js%3F9d140432f81858ac1e7888708720d419d147ffa9%3A336)%0A%20%20%20%20at%20loadModules%20(http%3A%2F%2Flocalhost%3A8080%2Fbase%2Fapp%2Fvendor%2Fangular%2Fangular.js%3F9d140432f81858ac1e7888708720d419d147ffa9%3A4381)%0A%20%20%20%20at%20http%3A%2F%2Flocalhost%3A8080%2Fbase%2Fapp%2Fvendor%2Fangular%2Fangular.js%3F9d140432f81858ac1e7888708720d419d147ffa9%3A4356%0A%20%20%20%20at%20forEach%20(http%3A%2F%2Flocalhost%3A8080%2Fbase%2Fapp%2Fvendor%2Fangular%2Fangular.js%3F9d140432f81858ac1e7888708720d419d147ffa9%3A336)%0A%20%20%20%20at%20loadModules%20(http%3A%2F%2Flocalhost%3A8080%2Fbase%2Fapp%2Fvendor%2Fangular%2Fangular.js%3F9d140432f81858ac1e7888708720d419d147ffa9%3A4381)%0A%20%20%20%20at%20createInjector%20(http%3A%2F%2Flocalhost%3A8080%2Fbase%2Fapp%2Fvendor%2Fangular%2Fangular.js%3F9d140432f81858ac1e7888708720d419d147ffa9%3A4265)%0A%20%20%20%20at%20workFn%20(http%3A%2F%2Flocalhost%3A8080%2Fbase%2Fapp%2Fvendor%2Fangular-mocks%2Fangular-mocks.js%3F6fe041cc8bb7a17f894cb12d8b0d44b12644f10a%3A2409)%0A%20%20%20%20at%20attemptSync%20(http%3A%2F%2Flocalhost%3A8080%2Fbase%2Fnode_modules%2Fjasmine-core%2Flib%2Fjasmine-core%2Fjasmine.js%3F578a1e5ff14db21b04e2d6db7fd0eda37042440c%3A1789)%0A%20%20%20%20at%20http%3A%2F%2Flocalhost%3A8080%2Fbase%2Fnode_modules%2Fjasmine-core%2Flib%2Fjasmine-core%2Fjasmine.js%3F578a1e5ff14db21b04e2d6db7fd0eda37042440c%3A1777%0A%20%20%20%20at%20http%3A%2F%2Flocalhost%3A8080%2Fbase%2Fnode_modules%2Fjasmine-core%2Flib%2Fjasmine-core%2Fjasmine.js%3F578a1e5ff14db21b04e2d6db7fd0eda37042440c%3A1762%0A%20%20%20%20at%20http%3A%2F%2Flocalhost%3A8080%2Fbase%2Fnode_modules%2Fjasmine-core%2Flib%2Fjasmine-core%2Fjasmine.js%3F578a1e5ff14db21b04e2d6db7fd0eda37042440c%3A627%0A%20%20%20%20at%20http%3A%2F%2Flocalhost%3A8080%2Fbase%2Fnode_modules%2Fjasmine-core%2Flib%2Fjasmine-core%2Fjasmine.js%3F578a1e5ff14db21b04e2d6db7fd0eda37042440c%3A357%0A%20%20%20%20at%20http%3A%2F%2Flocalhost%3A8080%2Fbase%2Fnode_modules%2Fjasmine-core%2Flib%2Fjasmine-core%2Fjasmine.js%3F578a1e5ff14db21b04e2d6db7fd0eda37042440c%3A2360%0A%20%20%20%20at%20attemptAsync%20(http%3A%2F%2Flocalhost%3A8080%2Fbase%2Fnode_modules%2Fjasmine-core%2Flib%2Fjasmine-core%2Fjasmine.js%3F578a1e5ff14db21b04e2d6db7fd0eda37042440c%3A1819)%0A%20%20%20%20at%20http%3A%2F%2Flocalhost%3A8080%2Fbase%2Fnode_modules%2Fjasmine-core%2Flib%2Fjasmine-core%2Fjasmine.js%3F578a1e5ff14db21b04e2d6db7fd0eda37042440c%3A1774%0A%20%20%20%20at%20http%3A%2F%2Flocalhost%3A8080%2Fbase%2Fnode_modules%2Fjasmine-core%2Flib%2Fjasmine-core%2Fjasmine.js%3F578a1e5ff14db21b04e2d6db7fd0eda37042440c%3A1801%0A%20%20%20%20at%20http%3A%2F%2Flocalhost%3A8080%2Fbase%2Fnode_modules%2Fjasmine-core%2Flib%2Fjasmine-core%2Fjasmine.js%3F578a1e5ff14db21b04e2d6db7fd0eda37042440c%3A1745%0A%20%20%20%20at%20complete%20(http%3A%2F%2Flocalhost%3A8080%2Fbase%2Fnode_modules%2Fjasmine-core%2Flib%2Fjasmine-core%2Fjasmine.js%3F578a1e5ff14db21b04e2d6db7fd0eda37042440c%3A365)%0A%20%20%20%20at%20clearStack%20(http%3A%2F%2Flocalhost%3A8080%2Fbase%2Fnode_modules%2Fjasmine-core%2Flib%2Fjasmine-core%2Fjasmine.js%3F578a1e5ff14db21b04e2d6db7fd0eda37042440c%3A605)%0A%20%20%20%20at%20http%3A%2F%2Flocalhost%3A8080%2Fbase%2Fnode_modules%2Fjasmine-core%2Flib%2Fjasmine-core%2Fjasmine.js%3F578a1e5ff14db21b04e2d6db7fd0eda37042440c%3A1784%0A%20%20%20%20at%20http%3A%2F%2Flocalhost%3A8080%2Fbase%2Fnode_modules%2Fjasmine-core%2Flib%2Fjasmine-core%2Fjasmine.js%3F578a1e5ff14db21b04e2d6db7fd0eda37042440c%3A1762%0A%20%20%20%20at%20http%3A%2F%2Flocalhost%3A8080%2Fbase%2Fnode_modules%2Fjasmine-core%2Flib%2Fjasmine-core%2Fjasmine.js%3F578a1e5ff14db21b04e2d6db7fd0eda37042440c%3A627%0A%20%20%20%20at%20http%3A%2F%2Flocalhost%3A8080%2Fbase%2Fnode_modules%2Fjasmine-core%2Flib%2Fjasmine-core%2Fjasmine.js%3F578a1e5ff14db21b04e2d6db7fd0eda37042440c%3A357%0A%20%20%20%20at%20http%3A%2F%2Flocalhost%3A8080%2Fbase%2Fnode_modules%2Fjasmine-core%2Flib%2Fjasmine-core%2Fjasmine.js%3F578a1e5ff14db21b04e2d6db7fd0eda37042440c%3A2360%0A%20%20%20%20at%20attemptAsync%20(http%3A%2F%2Flocalhost%3A8080%2Fbase%2Fnode_modules%2Fjasmine-core%2Flib%2Fjasmine-core%2Fjasmine.js%3F578a1e5ff14db21b04e2d6db7fd0eda37042440c%3A1819)%0A%20%20%20%20at%20http%3A%2F%2Flocalhost%3A8080%2Fbase%2Fnode_modules%2Fjasmine-core%2Flib%2Fjasmine-core%2Fjasmine.js%3F578a1e5ff14db21b04e2d6db7fd0eda37042440c%3A1774%0A%20%20%20%20at%20http%3A%2F%2Flocalhost%3A8080%2Fbase%2Fnode_modules%2Fjasmine-core%2Flib%2Fjasmine-core%2Fjasmine.js%3F578a1e5ff14db21b04e2d6db7fd0eda37042440c%3A1801%0A%20%20%20%20at%20http%3A%2F%2Flocalhost%3A8080%2Fbase%2Fnode_modules%2Fjasmine-core%2Flib%2Fjasmine-core%2Fjasmine.js%3F578a1e5ff14db21b04e2d6db7fd0eda37042440c%3A1745%0A%20%20%20%20at%20complete%20(http%3A%2F%2Flocalhost%3A8080%2Fbase%2Fnode_modules%2Fjasmine-core%2Flib%2Fjasmine-core%2Fjasmine.js%3F578a1e5ff14db21b04e2d6db7fd0eda37042440c%3A365)%0A%20%20%20%20at%20clearStack%20(http%3A%2F%2Flocalhost%3A8080%2Fbase%2Fnode_modules%2Fjasmine-core%2Flib%2Fjasmine-core%2Fjasmine.js%3F578a1e5ff14db21b04e2d6db7fd0eda37042440c%3A605)%0A%20%20%20%20at%20http%3A%2F%2Flocalhost%3A8080%2Fbase%2Fnode_modules%2Fjasmine-core%2Flib%2Fjasmine-core%2Fjasmine.js%3F578a1e5ff14db21b04e2d6db7fd0eda37042440c%3A1784%0A%20%20%20%20at%20http%3A%2F%2Flocalhost%3A8080%2Fbase%2Fnode_modules%2Fjasmine-core%2Flib%2Fjasmine-core%2Fjasmine.js%3F578a1e5ff14db21b04e2d6db7fd0eda37042440c%3A1762%0A%20%20%20%20at%20http%3A%2F%2Flocalhost%3A8080%2Fbase%2Fnode_modules%2Fjasmine-core%2Flib%2Fjasmine-core%2Fjasmine.js%3F578a1e5ff14db21b04e2d6db7fd0eda37042440c%3A627%0A%20%20%20%20at%20http%3A%2F%2Flocalhost%3A8080%2Fbase%2Fnode_modules%2Fjasmine-core%2Flib%2Fjasmine-core%2Fjasmine.js%3F578a1e5ff14db21b04e2d6db7fd0eda37042440c%3A357%0A%20%20%20%20at%20http%3A%2F%2Flocalhost%3A8080%2Fbase%2Fnode_modules%2Fjasmine-core%2Flib%2Fjasmine-core%2Fjasmine.js%3F578a1e5ff14db21b04e2d6db7fd0eda37042440c%3A2360%0A%20%20%20%20at%20attemptAsync%20(http%3A%2F%2Flocalhost%3A8080%2Fbase%2Fnode_modules%2Fjasmine-core%2Flib%2Fjasmine-core%2Fjasmine.js%3F578a1e5ff14db21b04e2d6db7fd0eda37042440c%3A1819)%0A%20%20%20%20at%20http%3A%2F%2Flocalhost%3A8080%2Fbase%2Fnode_modules%2Fjasmine-core%2Flib%2Fjasmine-core%2Fjasmine.js%3F578a1e5ff14db21b04e2d6db7fd0eda37042440c%3A1774%0A%20%20%20%20at%20http%3A%2F%2Flocalhost%3A8080%2Fbase%2Fnode_modules%2Fjasmine-core%2Flib%2Fjasmine-core%2Fjasmine.js%3F578a1e5ff14db21b04e2d6db7fd0eda37042440c%3A1801%0A%20%20%20%20at%20http%3A%2F%2Flocalhost%3A8080%2Fbase%2Fnode_modules%2Fjasmine-core%2Flib%2Fjasmine-core%2Fjasmine.js%3F578a1e5ff14db21b04e2d6db7fd0eda37042440c%3A1745%0A%20%20%20%20at%20complete%20(http%3A%2F%2Flocalhost%3A8080%2Fbase%2Fnode_modules%2Fjasmine-core%2Flib%2Fjasmine-core%2Fjasmine.js%3F578a1e5ff14db21b04e2d6db7fd0eda37042440c%3A365)%0A%20%20%20%20at%20clearStack%20(http%3A%2F%2Flocalhost%3A8080%2Fbase%2Fnode_modules%2Fjasmine-core%2Flib%2Fjasmine-core%2Fjasmine.js%3F578a1e5ff14db21b04e2d6db7fd0eda37042440c%3A605)%0A%20%20%20%20at%20http%3A%2F%2Flocalhost%3A8080%2Fbase%2Fnode_modules%2Fjasmine-core%2Flib%2Fjasmine-core%2Fjasmine.js%3F578a1e5ff14db21b04e2d6db7fd0eda37042440c%3A1784%0A%20%20%20%20at%20http%3A%2F%2Flocalhost%3A8080%2Fbase%2Fnode_modules%2Fjasmine-core%2Flib%2Fjasmine-core%2Fjasmine.js%3F578a1e5ff14db21b04e2d6db7fd0eda37042440c%3A1762%0A%20%20%20%20at%20http%3A%2F%2Flocalhost%3A8080%2Fbase%2Fnode_modules%2Fjasmine-core%2Flib%2Fjasmine-core%2Fjasmine.js%3F578a1e5ff14db21b04e2d6db7fd0eda37042440c%3A627%0A%20%20%20%20at%20http%3A%2F%2Flocalhost%3A8080%2Fbase%2Fnode_modules%2Fjasmine-core%2Flib%2Fjasmine-core%2Fjasmine.js%3F578a1e5ff14db21b04e2d6db7fd0eda37042440c%3A357%0A%20%20%20%20at%20http%3A%2F%2Flocalhost%3A8080%2Fbase%2Fnode_modules%2Fjasmine-core%2Flib%2Fjasmine-core%2Fjasmine.js%3F578a1e5ff14db21b04e2d6db7fd0eda37042440c%3A2360%0A%20%20%20%20at%20attemptAsync%20(http%3A%2F%2Flocalhost%3A8080%2Fbase%2Fnode_modules%2Fjasmine-core%2Flib%2Fjasmine-core%2Fjasmine.js%3F578a1e5ff14db21b04e2d6db7fd0eda37042440c%3A1819)%0A%20%20%20%20at%20http%3A%2F%2Flocalhost%3A8080%2Fbase%2Fnode_modules%2Fjasmine-core%2Flib%2Fjasmine-core%2Fjasmine.js%3F578a1e5ff14db21b04e2d6db7fd0eda37042440c%3A1774%0A%20%20%20%20at%20http%3A%2F%2Flocalhost%3A8080%2Fbase%2Fnode_modules%2Fjasmine-core%2Flib%2Fjasmine-core%2Fjasmine.js%3F578a1e5ff14db21b04e2d6db7fd0eda37042440c%3A1801%0A%20%20%20%20at%20http%3A%2F%2Flocalhost%3A8080%2Fbase%2Fnode_modules%2Fjasmine-core%2Flib%2Fjasmine-core%2Fjasmine.js%3F578a1e5ff14db21b04e2d6db7fd0eda37042440c%3A1745%0A%20%20%20%20at%20complete%20(http%3A%2F%2Flocalhost%3A8080%2Fbase%2Fnode_modules%2Fjasmine-core%2Flib%2Fjasmine-core%2Fjasmine.js%3F578a1e5ff14db21b04e2d6db7fd0eda37042440c%3A365)%0A%20%20%20%20at%20clearStack%20(http%3A%2F%2Flocalhost%3A8080%2Fbase%2Fnode_modules%2Fjasmine-core%2Flib%2Fjasmine-core%2Fjasmine.js%3F578a1e5ff14db21b04e2d6db7fd0eda37042440c%3A605)%0A%20%20%20%20at%20http%3A%2F%2Flocalhost%3A8080%2Fbase%2Fnode_modules%2Fjasmine-core%2Flib%2Fjasmine-core%2Fjasmine.js%3F578a1e5ff14db21b04e2d6db7fd0eda37042440c%3A1784%0A%20%20%20%20at%20http%3A%2F%2Flocalhost%3A8080%2Fbase%2Fnode_modules%2Fjasmine-core%2Flib%2Fjasmine-core%2Fjasmine.js%3F578a1e5ff14db21b04e2d6db7fd0eda37042440c%3A1762%0A%20%20%20%20at%20http%3A%2F%2Flocalhost%3A8080%2Fbase%2Fnode_modules%2Fjasmine-core%2Flib%2Fjasmine-core%2Fjasmine.js%3F578a1e5ff14db21b04e2d6db7fd0eda37042440c%3A627%0A%20%20%20%20at%20http%3A%2F%2Flocalhost%3A8080%2Fbase%2Fnode_modules%2Fjasmine-core%2Flib%2Fjasmine-core%2Fjasmine.js%3F578a1e5ff14db21b04e2d6db7fd0eda37042440c%3A357%0A%20%20%20%20at%20http%3A%2F%2Flocalhost%3A8080%2Fbase%2Fnode_modules%2Fjasmine-core%2Flib%2Fjasmine-core%2Fjasmine.js%3F578a1e5ff14db21b04e2d6db7fd0eda37042440c%3A2360%0A%20%20%20%20at%20attemptAsync%20(http%3A%2F%2Flocalhost%3A8080%2Fbase%2Fnode_modules%2Fjasmine-core%2Flib%2Fjasmine-core%2Fjasmine.js%3F578a1e5ff14db21b04e2d6db7fd0eda37042440c%3A1819)%0A%20%20%20%20at%20http%3A%2F%2Flocalhost%3A8080%2Fbase%2Fnode_modules%2Fjasmine-core%2Flib%2Fjasmine-core%2Fjasmine.js%3F578a1e5ff14db21b04e2d6db7fd0eda37042440c%3A1774%0A%20%20%20%20at%20http%3A%2F%2Flocalhost%3A8080%2Fbase%2Fnode_modules%2Fjasmine-core%2Flib%2Fjasmine-core%2Fjasmine.js%3F578a1e5ff14db21b04e2d6db7fd0eda37042440c%3A1762%0A%20%20%20%20at%20http%3A%2F%2Flocalhost%3A8080%2Fbase%2Fnode_modules%2Fjasmine-core%2Flib%2Fjasmine-core%2Fjasmine.js%3F578a1e5ff14db21b04e2d6db7fd0eda37042440c%3A627%0A%20%20%20%20at%20http%3A%2F%2Flocalhost%3A8080%2Fbase%2Fnode_modules%2Fjasmine-core%2Flib%2Fjasmine-core%2Fjasmine.js%3F578a1e5ff14db21b04e2d6db7fd0eda37042440c%3A2354%0A%20%20%20%20at%20attemptAsync%20(http%3A%2F%2Flocalhost%3A8080%2Fbase%2Fnode_modules%2Fjasmine-core%2Flib%2Fjasmine-core%2Fjasmine.js%3F578a1e5ff14db21b04e2d6db7fd0eda37042440c%3A1819)%0A%20%20%20%20at%20http%3A%2F%2Flocalhost%3A8080%2Fbase%2Fnode_modules%2Fjasmine-core%2Flib%2Fjasmine-core%2Fjasmine.js%3F578a1e5ff14db21b04e2d6db7fd0eda37042440c%3A1774%0A%20%20%20%20at%20http%3A%2F%2Flocalhost%3A8080%2Fbase%2Fnode_modules%2Fjasmine-core%2Flib%2Fjasmine-core%2Fjasmine.js%3F578a1e5ff14db21b04e2d6db7fd0eda37042440c%3A1801%0A%20%20%20%20at%20http%3A%2F%2Flocalhost%3A8080%2Fbase%2Fnode_modules%2Fjasmine-core%2Flib%2Fjasmine-core%2Fjasmine.js%3F578a1e5ff14db21b04e2d6db7fd0eda37042440c%3A1745%0A%20%20%20%20at%20http%3A%2F%2Flocalhost%3A8080%2Fbase%2Fnode_modules%2Fjasmine-core%2Flib%2Fjasmine-core%2Fjasmine.js%3F578a1e5ff14db21b04e2d6db7fd0eda37042440c%3A2348%0A%20%20%20%20at%20clearStack%20(http%3A%2F%2Flocalhost%3A8080%2Fbase%2Fnode_modules%2Fjasmine-core%2Flib%2Fjasmine-core%2Fjasmine.js%3F578a1e5ff14db21b04e2d6db7fd0eda37042440c%3A605)%0A%20%20%20%20at%20http%3A%2F%2Flocalhost%3A8080%2Fbase%2Fnode_modules%2Fjasmine-core%2Flib%2Fjasmine-core%2Fjasmine.js%3F578a1e5ff14db21b04e2d6db7fd0eda37042440c%3A1784%0A%20%20%20%20at%20http%3A%2F%2Flocalhost%3A8080%2Fbase%2Fnode_modules%2Fjasmine-core%2Flib%2Fjasmine-core%2Fjasmine.js%3F578a1e5ff14db21b04e2d6db7fd0eda37042440c%3A1762%0A%20%20%20%20at%20http%3A%2F%2Flocalhost%3A8080%2Fbase%2Fnode_modules%2Fjasmine-core%2Flib%2Fjasmine-core%2Fjasmine.js%3F578a1e5ff14db21b04e2d6db7fd0eda37042440c%3A627%0A%20%20%20%20at%20http%3A%2F%2Flocalhost%3A8080%2Fbase%2Fnode_modules%2Fjasmine-core%2Flib%2Fjasmine-core%2Fjasmine.js%3F578a1e5ff14db21b04e2d6db7fd0eda37042440c%3A2354%0A%20%20%20%20at%20attemptAsync%20(http%3A%2F%2Flocalhost%3A8080%2Fbase%2Fnode_modules%2Fjasmine-core%2Flib%2Fjasmine-core%2Fjasmine.js%3F578a1e5ff14db21b04e2d6db7fd0eda37042440c%3A1819)%0A%20%20%20%20at%20http%3A%2F%2Flocalhost%3A8080%2Fbase%2Fnode_modules%2Fjasmine-core%2Flib%2Fjasmine-core%2Fjasmine.js%3F578a1e5ff14db21b04e2d6db7fd0eda37042440c%3A1774%0A%20%20%20%20at%20http%3A%2F%2Flocalhost%3A8080%2Fbase%2Fnode_modules%2Fjasmine-core%2Flib%2Fjasmine-core%2Fjasmine.js%3F578a1e5ff14db21b04e2d6db7fd0eda37042440c%3A1801%0A%20%20%20%20at%20http%3A%2F%2Flocalhost%3A8080%2Fbase%2Fnode_modules%2Fjasmine-core%2Flib%2Fjasmine-core%2Fjasmine.js%3F578a1e5ff14db21b04e2d6db7fd0eda37042440c%3A1745%0A%20%20%20%20at%20http%3A%2F%2Flocalhost%3A8080%2Fbase%2Fnode_modules%2Fjasmine-core%2Flib%2Fjasmine-core%2Fjasmine.js%3F578a1e5ff14db21b04e2d6db7fd0eda37042440c%3A2348%0A%20%20%20%20at%20clearStack%20(http%3A%2F%2Flocalhost%3A8080%2Fbase%2Fnode_modules%2Fjasmine-core%2Flib%2Fjasmine-core%2Fjasmine.js%3F578a1e5ff14db21b04e2d6db7fd0eda37042440c%3A605)%0A%20%20%20%20at%20http%3A%2F%2Flocalhost%3A8080%2Fbase%2Fnode_modules%2Fjasmine-core%2Flib%2Fjasmine-core%2Fjasmine.js%3F578a1e5ff14db21b04e2d6db7fd0eda37042440c%3A1784%0A%20%20%20%20at%20http%3A%2F%2Flocalhost%3A8080%2Fbase%2Fnode_modules%2Fjasmine-core%2Flib%2Fjasmine-core%2Fjasmine.js%3F578a1e5ff14db21b04e2d6db7fd0eda37042440c%3A1762%0A%20%20%20%20at%20http%3A%2F%2Flocalhost%3A8080%2Fbase%2Fnode_modules%2Fjasmine-core%2Flib%2Fjasmine-core%2Fjasmine.js%3F578a1e5ff14db21b04e2d6db7fd0eda37042440c%3A627%0A%20%20%20%20at%20http%3A%2F%2Flocalhost%3A8080%2Fbase%2Fnode_modules%2Fjasmine-core%2Flib%2Fjasmine-core%2Fjasmine.js%3F578a1e5ff14db21b04e2d6db7fd0eda37042440c%3A2354%0A%20%20%20%20at%20attemptAsync%20(http%3A%2F%2Flocalhost%3A8080%2Fbase%2Fnode_modules%2Fjasmine-core%2Flib%2Fjasmine-core%2Fjasmine.js%3F578a1e5ff14db21b04e2d6db7fd0eda37042440c%3A1819)%0A%20%20%20%20at%20http%3A%2F%2Flocalhost%3A8080%2Fbase%2Fnode_modules%2Fjasmine-core%2Flib%2Fjasmine-core%2Fjasmine.js%3F578a1e5ff14db21b04e2d6db7fd0eda37042440c%3A1774%0A%20%20%20%20at%20http%3A%2F%2Flocalhost%3A8080%2Fbase%2Fnode_modules%2Fjasmine-core%2Flib%2Fjasmine-core%2Fjasmine.js%3F578a1e5ff14db21b04e2d6db7fd0eda37042440c%3A1801%0A%20%20%20%20at%20http%3A%2F%2Flocalhost%3A8080%2Fbase%2Fnode_modules%2Fjasmine-core%2Flib%2Fjasmine-core%2Fjasmine.js%3F578a1e5ff14db21b04e2d6db7fd0eda37042440c%3A1745%0A%20%20%20%20at%20http%3A%2F%2Flocalhost%3A8080%2Fbase%2Fnode_modules%2Fjasmine-core%2Flib%2Fjasmine-core%2Fjasmine.js%3F578a1e5ff14db21b04e2d6db7fd0eda37042440c%3A2348%0A%20%20%20%20at%20clearStack%20(http%3A%2F%2Flocalhost%3A8080%2Fbase%2Fnode_modules%2Fjasmine-core%2Flib%2Fjasmine-core%2Fjasmine.js%3F578a1e5ff14db21b04e2d6db7fd0eda37042440c%3A605)%0A%20%20%20%20at%20http%3A%2F%2Flocalhost%3A8080%2Fbase%2Fnode_modules%2Fjasmine-core%2Flib%2Fjasmine-core%2Fjasmine.js%3F578a1e5ff14db21b04e2d6db7fd0eda37042440c%3A1784%0A%20%20%20%20at%20http%3A%2F%2Flocalhost%3A8080%2Fbase%2Fnode_modules%2Fjasmine-core%2Flib%2Fjasmine-core%2Fjasmine.js%3F578a1e5ff14db21b04e2d6db7fd0eda37042440c%3A1801%0A%20%20%20%20at%20http%3A%2F%2Flocalhost%3A8080%2Fbase%2Fnode_modules%2Fjasmine-core%2Flib%2Fjasmine-core%2Fjasmine.js%3F578a1e5ff14db21b04e2d6db7fd0eda37042440c%3A1745%0A%20%20%20%20at%20complete%20(http%3A%2F%2Flocalhost%3A8080%2Fbase%2Fnode_modules%2Fjasmine-core%2Flib%2Fjasmine-core%2Fjasmine.js%3F578a1e5ff14db21b04e2d6db7fd0eda37042440c%3A365)%0A%20%20%20%20at%20clearStack%20(http%3A%2F%2Flocalhost%3A8080%2Fbase%2Fnode_modules%2Fjasmine-core%2Flib%2Fjasmine-core%2Fjasmine.js%3F578a1e5ff14db21b04e2d6db7fd0eda37042440c%3A605)%0A%20%20%20%20at%20http%3A%2F%2Flocalhost%3A8080%2Fbase%2Fnode_modules%2Fjasmine-core%2Flib%2Fjasmine-core%2Fjasmine.js%3F578a1e5ff14db21b04e2d6db7fd0eda37042440c%3A1784%0A%20%20%20%20at%20http%3A%2F%2Flocalhost%3A8080%2Fbase%2Fnode_modules%2Fjasmine-core%2Flib%2Fjasmine-core%2Fjasmine.js%3F578a1e5ff14db21b04e2d6db7fd0eda37042440c%3A1762%0A%20%20%20%20at%20http%3A%2F%2Flocalhost%3A8080%2Fbase%2Fnode_modules%2Fjasmine-core%2Flib%2Fjasmine-core%2Fjasmine.js%3F578a1e5ff14db21b04e2d6db7fd0eda37042440c%3A627%0A%20%20%20%20at%20http%3A%2F%2Flocalhost%3A8080%2Fbase%2Fnode_modules%2Fjasmine-core%2Flib%2Fjasmine-core%2Fjasmine.js%3F578a1e5ff14db21b04e2d6db7fd0eda37042440c%3A357%0A%20%20%20%20at%20http%3A%2F%2Flocalhost%3A8080%2Fbase%2Fnode_modules%2Fjasmine-core%2Flib%2Fjasmine-core%2Fjasmine.js%3F578a1e5ff14db21b04e2d6db7fd0eda37042440c%3A2360%0A%20%20%20%20at%20attemptAsync%20(http%3A%2F%2Flocalhost%3A8080%2Fbase%2Fnode_modules%2Fjasmine-core%2Flib%2Fjasmine-core%2Fjasmine.js%3F578a1e5ff14db21b04e2d6db7fd0eda37042440c%3A1819)%0A%20%20%20%20at%20http%3A%2F%2Flocalhost%3A8080%2Fbase%2Fnode_modules%2Fjasmine-core%2Flib%2Fjasmine-core%2Fjasmine.js%3F578a1e5ff14db21b04e2d6db7fd0eda37042440c%3A1774%0A%20%20%20%20at%20http%3A%2F%2Flocalhost%3A8080%2Fbase%2Fnode_modules%2Fjasmine-core%2Flib%2Fjasmine-core%2Fjasmine.js%3F578a1e5ff14db21b04e2d6db7fd0eda37042440c%3A1801%0A%20%20%20%20at%20http%3A%2F%2Flocalhost%3A8080%2Fbase%2Fnode_modules%2Fjasmine-core%2Flib%2Fjasmine-core%2Fjasmine.js%3F578a1e5ff14db21b04e2d6db7fd0eda37042440c%3A1745%0A%20%20%20%20at%20complete%20(http%3A%2F%2Flocalhost%3A8080%2Fbase%2Fnode_modules%2Fjasmine-core%2Flib%2Fjasmine-core%2Fjasmine.js%3F578a1e5ff14db21b04e2d6db7fd0eda37042440c%3A365)%0A%20%20%20%20at%20clearStack%20(http%3A%2F%2Flocalhost%3A8080%2Fbase%2Fnode_modules%2Fjasmine-core%2Flib%2Fjasmine-core%2Fjasmine.js%3F578a1e5ff14db21b04e2d6db7fd0eda37042440c%3A605)%0A%20%20%20%20at%20http%3A%2F%2Flocalhost%3A8080%2Fbase%2Fnode_modules%2Fjasmine-core%2Flib%2Fjasmine-core%2Fjasmine.js%3F578a1e5ff14db21b04e2d6db7fd0eda37042440c%3A1784%0A%20%20%20%20at%20http%3A%2F%2Flocalhost%3A8080%2Fbase%2Fnode_modules%2Fjasmine-core%2Flib%2Fjasmine-core%2Fjasmine.js%3F578a1e5ff14db21b04e2d6db7fd0eda37042440c%3A1762%0A%20%20%20%20at%20http%3A%2F%2Flocalhost%3A8080%2Fbase%2Fnode_modules%2Fjasmine-core%2Flib%2Fjasmine-core%2Fjasmine.js%3F578a1e5ff14db21b04e2d6db7fd0eda37042440c%3A627%0A%20%20%20%20at%20http%3A%2F%2Flocalhost%3A8080%2Fbase%2Fnode_modules%2Fjasmine-core%2Flib%2Fjasmine-core%2Fjasmine.js%3F578a1e5ff14db21b04e2d6db7fd0eda37042440c%3A357%0A%20%20%20%20at%20http%3A%2F%2Flocalhost%3A8080%2Fbase%2Fnode_modules%2Fjasmine-core%2Flib%2Fjasmine-core%2Fjasmine.js%3F578a1e5ff14db21b04e2d6db7fd0eda37042440c%3A2360%0A%20%20%20%20at%20attemptAsync%20(http%3A%2F%2Flocalhost%3A8080%2Fbase%2Fnode_modules%2Fjasmine-core%2Flib%2Fjasmine-core%2Fjasmine.js%3F578a1e5ff14db21b04e2d6db7fd0eda37042440c%3A1819)%0A%20%20%20%20at%20http%3A%2F%2Flocalhost%3A8080%2Fbase%2Fnode_modules%2Fjasmine-core%2Flib%2Fjasmine-core%2Fjasmine.js%3F578a1e5ff14db21b04e2d6db7fd0eda37042440c%3A1774%0A%20%20%20%20at%20http%3A%2F%2Flocalhost%3A8080%2Fbase%2Fnode_modules%2Fjasmine-core%2Flib%2Fjasmine-core%2Fjasmine.js%3F578a1e5ff14db21b04e2d6db7fd0eda37042440c%3A1762%0A%20%20%20%20at%20http%3A%2F%2Flocalhost%3A8080%2Fbase%2Fnode_modules%2Fjasmine-core%2Flib%2Fjasmine-core%2Fjasmine.js%3F578a1e5ff14db21b04e2d6db7fd0eda37042440c%3A627%0A%20%20%20%20at%20http%3A%2F%2Flocalhost%3A8080%2Fbase%2Fnode_modules%2Fjasmine-core%2Flib%2Fjasmine-core%2Fjasmine.js%3F578a1e5ff14db21b04e2d6db7fd0eda37042440c%3A2354%0A%20%20%20%20at%20attemptAsync%20(http%3A%2F%2Flocalhost%3A8080%2Fbase%2Fnode_modules%2Fjasmine-core%2Flib%2Fjasmine-core%2Fjasmine.js%3F578a1e5ff14db21b04e2d6db7fd0eda37042440c%3A1819)%0A%20%20%20%20at%20http%3A%2F%2Flocalhost%3A8080%2Fbase%2Fnode_modules%2Fjasmine-core%2Flib%2Fjasmine-core%2Fjasmine.js%3F578a1e5ff14db21b04e2d6db7fd0eda37042440c%3A1774%0A%20%20%20%20at%20http%3A%2F%2Flocalhost%3A8080%2Fbase%2Fnode_modules%2Fjasmine-core%2Flib%2Fjasmine-core%2Fjasmine.js%3F578a1e5ff14db21b04e2d6db7fd0eda37042440c%3A1801%0A%20%20%20%20at%20http%3A%2F%2Flocalhost%3A8080%2Fbase%2Fnode_modules%2Fjasmine-core%2Flib%2Fjasmine-core%2Fjasmine.js%3F578a1e5ff14db21b04e2d6db7fd0eda37042440c%3A1745%0A%20%20%20%20at%20http%3A%2F%2Flocalhost%3A8080%2Fbase%2Fnode_modules%2Fjasmine-core%2Flib%2Fjasmine-core%2Fjasmine.js%3F578a1e5ff14db21b04e2d6db7fd0eda37042440c%3A2348%0A%20%20%20%20at%20clearStack%20(http%3A%2F%2Flocalhost%3A8080%2Fbase%2Fnode_modules%2Fjasmine-core%2Flib%2Fjasmine-core%2Fjasmine.js%3F578a1e5ff14db21b04e2d6db7fd0eda37042440c%3A605)%0A%20%20%20%20at%20http%3A%2F%2Flocalhost%3A8080%2Fbase%2Fnode_modules%2Fjasmine-core%2Flib%2Fjasmine-core%2Fjasmine.js%3F578a1e5ff14db21b04e2d6db7fd0eda37042440c%3A1784%0A%20%20%20%20at%20http%3A%2F%2Flocalhost%3A8080%2Fbase%2Fnode_modules%2Fjasmine-core%2Flib%2Fjasmine-core%2Fjasmine.js%3F578a1e5ff14db21b04e2d6db7fd0eda37042440c%3A1762%0A%20%20%20%20at%20http%3A%2F%2Flocalhost%3A8080%2Fbase%2Fnode_modules%2Fjasmine-core%2Flib%2Fjasmine-core%2Fjasmine.js%3F578a1e5ff14db21b04e2d6db7fd0eda37042440c%3A627%0A%20%20%20%20at%20http%3A%2F%2Flocalhost%3A8080%2Fbase%2Fnode_modules%2Fjasmine-core%2Flib%2Fjasmine-core%2Fjasmine.js%3F578a1e5ff14db21b04e2d6db7fd0eda37042440c%3A2354%0A%20%20%20%20at%20attemptAsync%20(http%3A%2F%2Flocalhost%3A8080%2Fbase%2Fnode_modules%2Fjasmine-core%2Flib%2Fjasmine-core%2Fjasmine.js%3F578a1e5ff14db21b04e2d6db7fd0eda37042440c%3A1819)%0A%20%20%20%20at%20http%3A%2F%2Flocalhost%3A8080%2Fbase%2Fnode_modules%2Fjasmine-core%2Flib%2Fjasmine-core%2Fjasmine.js%3F578a1e5ff14db21b04e2d6db7fd0eda37042440c%3A1774%0A%20%20%20%20at%20http%3A%2F%2Flocalhost%3A8080%2Fbase%2Fnode_modules%2Fjasmine-core%2Flib%2Fjasmine-core%2Fjasmine.js%3F578a1e5ff14db21b04e2d6db7fd0eda37042440c%3A1801%0A%20%20%20%20at%20http%3A%2F%2Flocalhost%3A8080%2Fbase%2Fnode_modules%2Fjasmine-core%2Flib%2Fjasmine-core%2Fjasmine.js%3F578a1e5ff14db21b04e2d6db7fd0eda37042440c%3A1745%0A%20%20%20%20at%20http%3A%2F%2Flocalhost%3A8080%2Fbase%2Fnode_modules%2Fjasmine-core%2Flib%2Fjasmine-core%2Fjasmine.js%3F578a1e5ff14db21b04e2d6db7fd0eda37042440c%3A2348%0A%20%20%20%20at%20clearStack%20(http%3A%2F%2Flocalhost%3A8080%2Fbase%2Fnode_modules%2Fjasmine-core%2Flib%2Fjasmine-core%2Fjasmine.js%3F578a1e5ff14db21b04e2d6db7fd0eda37042440c%3A605)%0A%20%20%20%20at%20http%3A%2F%2Flocalhost%3A8080%2Fbase%2Fnode_modules%2Fjasmine-core%2Flib%2Fjasmine-core%2Fjasmine.js%3F578a1e5ff14db21b04e2d6db7fd0eda37042440c%3A1784%0A%20%20%20%20at%20http%3A%2F%2Flocalhost%3A8080%2Fbase%2Fnode_modules%2Fjasmine-core%2Flib%2Fjasmine-core%2Fjasmine.js%3F578a1e5ff14db21b04e2d6db7fd0eda37042440c%3A1762%0A%20%20%20%20at%20http%3A%2F%2Flocalhost%3A8080%2Fbase%2Fnode_modules%2Fjasmine-core%2Flib%2Fjasmine-core%2Fjasmine.js%3F578a1e5ff14db21b04e2d6db7fd0eda37042440c%3A627%0A%20%20%20%20at%20http%3A%2F%2Flocalhost%3A8080%2Fbase%2Fnode_modules%2Fjasmine-core%2Flib%2Fjasmine-core%2Fjasmine.js%3F578a1e5ff14db21b04e2d6db7fd0eda37042440c%3A2354%0A%20%20%20%20at%20attemptAsync%20(http%3A%2F%2Flocalhost%3A8080%2Fbase%2Fnode_modules%2Fjasmine-core%2Flib%2Fjasmine-core%2Fjasmine.js%3F578a1e5ff14db21b04e2d6db7fd0eda37042440c%3A1819)%0A%20%20%20%20at%20http%3A%2F%2Flocalhost%3A8080%2Fbase%2Fnode_modules%2Fjasmine-core%2Flib%2Fjasmine-core%2Fjasmine.js%3F578a1e5ff14db21b04e2d6db7fd0eda37042440c%3A1774%0A%20%20%20%20at%20http%3A%2F%2Flocalhost%3A8080%2Fbase%2Fnode_modules%2Fjasmine-core%2Flib%2Fjasmine-core%2Fjasmine.js%3F578a1e5ff14db21b04e2d6db7fd0eda37042440c%3A1801%0A%20%20%20%20at%20http%3A%2F%2Flocalhost%3A8080%2Fbase%2Fnode_modules%2Fjasmine-core%2Flib%2Fjasmine-core%2Fjasmine.js%3F578a1e5ff14db21b04e2d6db7fd0eda37042440c%3A1745%0A%20%20%20%20at%20http%3A%2F%2Flocalhost%3A8080%2Fbase%2Fnode_modules%2Fjasmine-core%2Flib%2Fjasmine-core%2Fjasmine.js%3F578a1e5ff14db21b04e2d6db7fd0eda37042440c%3A2348%0A%20%20%20%20at%20clearStack%20(http%3A%2F%2Flocalhost%3A8080%2Fbase%2Fnode_modules%2Fjasmine-core%2Flib%2Fjasmine-core%2Fjasmine.js%3F578a1e5ff14db21b04e2d6db7fd0eda37042440c%3A605)%0A%20%20%20%20at%20http%3A%2F%2Flocalhost%3A8080%2Fbase%2Fnode_modules%2Fjasmine-core%2Flib%2Fjasmine-core%2Fjasmine.js%3F578a1e5ff14db21b04e2d6db7fd0eda37042440c%3A1784%0A%20%20%20%20at%20http%3A%2F%2Flocalhost%3A8080%2Fbase%2Fnode_modules%2Fjasmine-core%2Flib%2Fjasmine-core%2Fjasmine.js%3F578a1e5ff14db21b04e2d6db7fd0eda37042440c%3A1762%0A%20%20%20%20at%20http%3A%2F%2Flocalhost%3A8080%2Fbase%2Fnode_modules%2Fjasmine-core%2Flib%2Fjasmine-core%2Fjasmine.js%3F578a1e5ff14db21b04e2d6db7fd0eda37042440c%3A627%0A%20%20%20%20at%20http%3A%2F%2Flocalhost%3A8080%2Fbase%2Fnode_modules%2Fjasmine-core%2Flib%2Fjasmine-core%2Fjasmine.js%3F578a1e5ff14db21b04e2d6db7fd0eda37042440c%3A2354%0A%20%20%20%20at%20attemptAsync%20(http%3A%2F%2Flocalhost%3A8080%2Fbase%2Fnode_modules%2Fjasmine-core%2Flib%2Fjasmine-core%2Fjasmine.js%3F578a1e5ff14db21b04e2d6db7fd0eda37042440c%3A1819)%0A%20%20%20%20at%20http%3A%2F%2Flocalhost%3A8080%2Fbase%2Fnode_modules%2Fjasmine-core%2Flib%2Fjasmine-core%2Fjasmine.js%3F578a1e5ff14db21b04e2d6db7fd0eda37042440c%3A1774%0A%20%20%20%20at%20http%3A%2F%2Flocalhost%3A8080%2Fbase%2Fnode_modules%2Fjasmine-core%2Flib%2Fjasmine-core%2Fjasmine.js%3F578a1e5ff14db21b04e2d6db7fd0eda37042440c%3A1801%0A%20%20%20%20at%20http%3A%2F%2Flocalhost%3A8080%2Fbase%2Fnode_modules%2Fjasmine-core%2Flib%2Fjasmine-core%2Fjasmine.js%3F578a1e5ff14db21b04e2d6db7fd0eda37042440c%3A1745%0A%20%20%20%20at%20http%3A%2F%2Flocalhost%3A8080%2Fbase%2Fnode_modules%2Fjasmine-core%2Flib%2Fjasmine-core%2Fjasmine.js%3F578a1e5ff14db21b04e2d6db7fd0eda37042440c%3A2348%0A%20%20%20%20at%20clearStack%20(http%3A%2F%2Flocalhost%3A8080%2Fbase%2Fnode_modules%2Fjasmine-core%2Flib%2Fjasmine-core%2Fjasmine.js%3F578a1e5ff14db21b04e2d6db7fd0eda37042440c%3A605)%0A%20%20%20%20at%20http%3A%2F%2Flocalhost%3A8080%2Fbase%2Fnode_modules%2Fjasmine-core%2Flib%2Fjasmine-core%2Fjasmine.js%3F578a1e5ff14db21b04e2d6db7fd0eda37042440c%3A1784%0A%20%20%20%20at%20http%3A%2F%2Flocalhost%3A8080%2Fbase%2Fnode_modules%2Fjasmine-core%2Flib%2Fjasmine-core%2Fjasmine.js%3F578a1e5ff14db21b04e2d6db7fd0eda37042440c%3A1762%0A%20%20%20%20at%20http%3A%2F%2Flocalhost%3A8080%2Fbase%2Fnode_modules%2Fjasmine-core%2Flib%2Fjasmine-core%2Fjasmine.js%3F578a1e5ff14db21b04e2d6db7fd0eda37042440c%3A627%0A%20%20%20%20at%20http%3A%2F%2Flocalhost%3A8080%2Fbase%2Fnode_modules%2Fjasmine-core%2Flib%2Fjasmine-core%2Fjasmine.js%3F578a1e5ff14db21b04e2d6db7fd0eda37042440c%3A2354%0A%20%20%20%20at%20attemptAsync%20(http%3A%2F%2Flocalhost%3A8080%2Fbase%2Fnode_modules%2Fjasmine-core%2Flib%2Fjasmine-core%2Fjasmine.js%3F578a1e5ff14db21b04e2d6db7fd0eda37042440c%3A1819)%0A%20%20%20%20at%20http%3A%2F%2Flocalhost%3A8080%2Fbase%2Fnode_modules%2Fjasmine-core%2Flib%2Fjasmine-core%2Fjasmine.js%3F578a1e5ff14db21b04e2d6db7fd0eda37042440c%3A1774%0A%20%20%20%20at%20http%3A%2F%2Flocalhost%3A8080%2Fbase%2Fnode_modules%2Fjasmine-core%2Flib%2Fjasmine-core%2Fjasmine.js%3F578a1e5ff14db21b04e2d6db7fd0eda37042440c%3A1801%0A%20%20%20%20at%20http%3A%2F%2Flocalhost%3A8080%2Fbase%2Fnode_modules%2Fjasmine-core%2Flib%2Fjasmine-core%2Fjasmine.js%3F578a1e5ff14db21b04e2d6db7fd0eda37042440c%3A1745%0A%20%20%20%20at%20http%3A%2F%2Flocalhost%3A8080%2Fbase%2Fnode_modules%2Fjasmine-core%2Flib%2Fjasmine-core%2Fjasmine.js%3F578a1e5ff14db21b04e2d6db7fd0eda37042440c%3A2348%0A%20%20%20%20at%20clearStack%20(http%3A%2F%2Flocalhost%3A8080%2Fbase%2Fnode_modules%2Fjasmine-core%2Flib%2Fjasmine-core%2Fjasmine.js%3F578a1e5ff14db21b04e2d6db7fd0eda37042440c%3A605)%0A%20%20%20%20at%20http%3A%2F%2Flocalhost%3A8080%2Fbase%2Fnode_modules%2Fjasmine-core%2Flib%2Fjasmine-core%2Fjasmine.js%3F578a1e5ff14db21b04e2d6db7fd0eda37042440c%3A1784%0A%20%20%20%20at%20http%3A%2F%2Flocalhost%3A8080%2Fbase%2Fnode_modules%2Fjasmine-core%2Flib%2Fjasmine-core%2Fjasmine.js%3F578a1e5ff14db21b04e2d6db7fd0eda37042440c%3A1762%0A%20%20%20%20at%20http%3A%2F%2Flocalhost%3A8080%2Fbase%2Fnode_modules%2Fjasmine-core%2Flib%2Fjasmine-core%2Fjasmine.js%3F578a1e5ff14db21b04e2d6db7fd0eda37042440c%3A627%0A%20%20%20%20at%20http%3A%2F%2Flocalhost%3A8080%2Fbase%2Fnode_modules%2Fjasmine-core%2Flib%2Fjasmine-core%2Fjasmine.js%3F578a1e5ff14db21b04e2d6db7fd0eda37042440c%3A2354%0A%20%20%20%20at%20attemptAsync%20(http%3A%2F%2Flocalhost%3A8080%2Fbase%2Fnode_modules%2Fjasmine-core%2Flib%2Fjasmine-core%2Fjasmine.js%3F578a1e5ff14db21b04e2d6db7fd0eda37042440c%3A1819)%0A%20%20%20%20at%20http%3A%2F%2Flocalhost%3A8080%2Fbase%2Fnode_modules%2Fjasmine-core%2Flib%2Fjasmine-core%2Fjasmine.js%3F578a1e5ff14db21b04e2d6db7fd0eda37042440c%3A1774%0A%20%20%20%20at%20http%3A%2F%2Flocalhost%3A8080%2Fbase%2Fnode_modules%2Fjasmine-core%2Flib%2Fjasmine-core%2Fjasmine.js%3F578a1e5ff14db21b04e2d6db7fd0eda37042440c%3A1801%0A%20%20%20%20at%20http%3A%2F%2Flocalhost%3A8080%2Fbase%2Fnode_modules%2Fjasmine-core%2Flib%2Fjasmine-core%2Fjasmine.js%3F578a1e5ff14db21b04e2d6db7fd0eda37042440c%3A1745%0A%20%20%20%20at%20http%3A%2F%2Flocalhost%3A8080%2Fbase%2Fnode_modules%2Fjasmine-core%2Flib%2Fjasmine-core%2Fjasmine.js%3F578a1e5ff14db21b04e2d6db7fd0eda37042440c%3A2348%0A%20%20%20%20at%20clearStack%20(http%3A%2F%2Flocalhost%3A8080%2Fbase%2Fnode_modules%2Fjasmine-core%2Flib%2Fjasmine-core%2Fjasmine.js%3F578a1e5ff14db21b04e2d6db7fd0eda37042440c%3A605)%0A%20%20%20%20at%20http%3A%2F%2Flocalhost%3A8080%2Fbase%2Fnode_modules%2Fjasmine-core%2Flib%2Fjasmine-core%2Fjasmine.js%3F578a1e5ff14db21b04e2d6db7fd0eda37042440c%3A1784%0A%20%20%20%20at%20http%3A%2F%2Flocalhost%3A8080%2Fbase%2Fnode_modules%2Fjasmine-core%2Flib%2Fjasmine-core%2Fjasmine.js%3F578a1e5ff14db21b04e2d6db7fd0eda37042440c%3A1762%0A%20%20%20%20at%20http%3A%2F%2Flocalhost%3A8080%2Fbase%2Fnode_modules%2Fjasmine-core%2Flib%2Fjasmine-core%2Fjasmine.js%3F578a1e5ff14db21b04e2d6db7fd0eda37042440c%3A627%0A%20%20%20%20at%20http%3A%2F%2Flocalhost%3A8080%2Fbase%2Fnode_modules%2Fjasmine-core%2Flib%2Fjasmine-core%2Fjasmine.js%3F578a1e5ff14db21b04e2d6db7fd0eda37042440c%3A2354%0A%20%20%20%20at%20attemptAsync%20(http%3A%2F%2Flocalhost%3A8080%2Fbase%2Fnode_modules%2Fjasmine-core%2Flib%2Fjasmine-core%2Fjasmine.js%3F578a1e5ff14db21b04e2d6db7fd0eda37042440c%3A1819)%0A%20%20%20%20at%20http%3A%2F%2Flocalhost%3A8080%2Fbase%2Fnode_modules%2Fjasmine-core%2Flib%2Fjasmine-core%2Fjasmine.js%3F578a1e5ff14db21b04e2d6db7fd0eda37042440c%3A1774%0A%20%20%20%20at%20http%3A%2F%2Flocalhost%3A8080%2Fbase%2Fnode_modules%2Fjasmine-core%2Flib%2Fjasmine-core%2Fjasmine.js%3F578a1e5ff14db21b04e2d6db7fd0eda37042440c%3A1801%0A%20%20%20%20at%20http%3A%2F%2Flocalhost%3A8080%2Fbase%2Fnode_modules%2Fjasmine-core%2Flib%2Fjasmine-core%2Fjasmine.js%3F578a1e5ff14db21b04e2d6db7fd0eda37042440c%3A1745%0A%20%20%20%20at%20http%3A%2F%2Flocalhost%3A8080%2Fbase%2Fnode_modules%2Fjasmine-core%2Flib%2Fjasmine-core%2Fjasmine.js%3F578a1e5ff14db21b04e2d6db7fd0eda37042440c%3A2348%0A%20%20%20%20at%20clearStack%20(http%3A%2F%2Flocalhost%3A8080%2Fbase%2Fnode_modules%2Fjasmine-core%2Flib%2Fjasmine-core%2Fjasmine.js%3F578a1e5ff14db21b04e2d6db7fd0eda37042440c%3A605)%0A%20%20%20%20at%20http%3A%2F%2Flocalhost%3A8080%2Fbase%2Fnode_modules%2Fjasmine-core%2Flib%2Fjasmine-core%2Fjasmine.js%3F578a1e5ff14db21b04e2d6db7fd0eda37042440c%3A1784%0A%20%20%20%20at%20http%3A%2F%2Flocalhost%3A8080%2Fbase%2Fnode_modules%2Fjasmine-core%2Flib%2Fjasmine-core%2Fjasmine.js%3F578a1e5ff14db21b04e2d6db7fd0eda37042440c%3A1762%0A%20%20%20%20at%20http%3A%2F%2Flocalhost%3A8080%2Fbase%2Fnode_modules%2Fjasmine-core%2Flib%2Fjasmine-core%2Fjasmine.js%3F578a1e5ff14db21b04e2d6db7fd0eda37042440c%3A627%0A%20%20%20%20at%20http%3A%2F%2Flocalhost%3A8080%2Fbase%2Fnode_modules%2Fjasmine-core%2Flib%2Fjasmine-core%2Fjasmine.js%3F578a1e5ff14db21b04e2d6db7fd0eda37042440c%3A2354%0A%20%20%20%20at%20attemptAsync%20(http%3A%2F%2Flocalhost%3A8080%2Fbase%2Fnode_modules%2Fjasmine-core%2Flib%2Fjasmine-core%2Fjasmine.js%3F578a1e5ff14db21b04e2d6db7fd0eda37042440c%3A1819)%0A%20%20%20%20at%20http%3A%2F%2Flocalhost%3A8080%2Fbase%2Fnode_modules%2Fjasmine-core%2Flib%2Fjasmine-core%2Fjasmine.js%3F578a1e5ff14db21b04e2d6db7fd0eda37042440c%3A1774%0A%20%20%20%20at%20http%3A%2F%2Flocalhost%3A8080%2Fbase%2Fnode_modules%2Fjasmine-core%2Flib%2Fjasmine-core%2Fjasmine.js%3F578a1e5ff14db21b04e2d6db7fd0eda37042440c%3A1762%0A%20%20%20%20at%20http%3A%2F%2Flocalhost%3A8080%2Fbase%2Fnode_modules%2Fjasmine-core%2Flib%2Fjasmine-core%2Fjasmine.js%3F578a1e5ff14db21b04e2d6db7fd0eda37042440c%3A627%0A%20%20%20%20at%20http%3A%2F%2Flocalhost%3A8080%2Fbase%2Fnode_modules%2Fjasmine-core%2Flib%2Fjasmine-core%2Fjasmine.js%3F578a1e5ff14db21b04e2d6db7fd0eda37042440c%3A2215%0A%20%20%20%20at%20http%3A%2F%2Flocalhost%3A8080%2Fbase%2Fnode_modules%2Fjasmine-core%2Flib%2Fjasmine-core%2Fjasmine.js%3F578a1e5ff14db21b04e2d6db7fd0eda37042440c%3A678%0A%20%20%20%20at%20http%3A%2F%2Flocalhost%3A8080%2Fbase%2Fnode_modules%2Fkarma-jasmine%2Flib%2Fadapter.js%3F0a69ad1fa10cc8be0a12b241227d3b834f82db4f%3A317%0A%20%20%20%20at%20http%3A%2F%2Flocalhost%3A8080%2Fkarma.js%3A185%0A%20%20%20%20at%20http%3A%2F%2Flocalhost%3A8080%2Fcontext.html%3A127%0Ahttp%3A%2F%2Ferrors.angularjs.org%2F1.4.1%2F%24injector%2Fmodulerr%3Fp0%3Dui.bootstrap%26p1%3DError%253A%2520%255B%2524injector%253Anomod%255D%2520Module%2520&apos;ui.bootstrap&apos;%2520is%2520not%2520available!%2520You%2520either%2520misspelled%2520the%2520module%2520name%2520or%2520forgot%2520to%2520load%2520it.%2520If%2520registering%2520a%2520module%2520ensure%2520that%2520you%2520specify%2520the%2520dependencies%2520as%2520the%2520second%2520argument.%250Ahttp%253A%252F%252Ferrors.angularjs.org%252F1.4.1%252F%2524injector%252Fnomod%253Fp0%253Dui.bootstrap%250A%2520%2520%2520%2520at%2520http%253A%252F%252Flocalhost%253A8080%252Fbase%252Fapp%252Fvendor%252Fangular%252Fangular.js%253F9d140432f81858ac1e7888708720d419d147ffa9%253A1951%250A%2520%2520%2520%2520at%2520ensure%2520(http%253A%252F%252Flocalhost%253A8080%252Fbase%252Fapp%252Fvendor%252Fangular%252Fangular.js%253F9d140432f81858ac1e7888708720d419d147ffa9%253A1873)%250A%2520%2520%2520%2520at%2520module%2520(http%253A%252F%252Flocalhost%253A8080%252Fbase%252Fapp%252Fvendor%252Fangular%252Fangular.js%253F9d140432f81858ac1e7888708720d419d147ffa9%253A2201)%250A%2520%2520%2520%2520at%2520http%253A%252F%252Flocalhost%253A8080%252Fbase%252Fapp%252Fvendor%252Fangular%252Fangular.js%253F9d140432f81858ac1e7888708720d419d147ffa9%253A4355%250A%2520%2520%2520%2520at%2520forEach%2520(http%253A%252F%252Flocalhost%253A8080%252Fbase%252Fapp%252Fvendor%252Fangular%252Fangular.js%253F9d140432f81858ac1e7888708720d419d147ffa9%253A336)%250A%2520%2520%2520%2520at%2520loadModules%2520(http%253A%252F%252Flocalhost%253A8080%252Fbase%252Fapp%252Fvendor%252Fangular%252Fangular.js%253F9d140432f81858ac1e7888708720d419d147ffa9%253A4381)%250A%2520%2520%2520%2520at%2520http%253A%252F%252Flocalhost%253A8080%252Fbase%252Fapp%252Fvendor%252Fangular%252Fangular.js%253F9d140432f81858ac1e7888708720d419d147ffa9%253A4356%250A%2520%2520%2520%2520at%2520forEach%2520(http%253A%252F%252Flocalhost%253A8080%252Fbase%252Fapp%252Fvendor%252Fangular%252Fangular.js%253F9d140432f81858ac1e7888708720d419d147ffa9%253A336)%250A%2520%2520%2520%2520at%2520loadModules%2520(http%253A%252F%252Flocalhost%253A8080%252Fbase%252Fapp%252Fvendor%252Fangular%252Fangular.js%253F9d140432f81858ac1e7888708720d419d147ffa9%253A4381)%250A%2520%2520%2520%2520at%2520createInjector%2520(http%253A%252F%252Flocalhost%253A8080%252Fbase%252Fapp%252Fvendor%252Fangular%252Fangular.js%253F9d140432f81858ac1e7888708720d419d147ffa9%253A4265)%250A%2520%2520%2520%2520at%2520workFn%2520(http%253A%252F%252Flocalhost%253A8080%252Fbase%252Fapp%252Fvendor%252Fangular-mocks%252Fangular-mocks.js%253F6fe041cc8bb7a17f894cb12d8b0d44b12644f10a%253A2409)%250A%2520%2520%2520%2520at%2520attemptSync%2520(http%253A%252F%252Flocalhost%253A8080%252Fbase%252Fnode_modules%252Fjasmine-core%252Flib%252Fjasmine-core%252Fjasmine.js%253F578a1e5ff14db21b04e2d6db7fd0eda37042440c%253A1789)%250A%2520%2520%2520%2520at%2520http%253A%252F%252Flocalhost%253A8080%252Fbase%252Fnode_modules%252Fjasmine-core%252Flib%252Fjasmine-core%252Fjasmine.js%253F578a1e5ff14db21b04e2d6db7fd0eda37042440c%253A1777%250A%2520%2520%2520%2520at%2520http%253A%252F%252Flocalhost%253A8080%252Fbase%252Fnode_modules%252Fjasmine-core%252Flib%252Fjasmine-core%252Fjasmine.js%253F578a1e5ff14db21b04e2d6db7fd0eda37042440c%253A1762%250A%2520%2520%2520%2520at%2520http%253A%252F%252Flocalhost%253A8080%252Fbase%252Fnode_modules%252Fjasmine-core%252Flib%252Fjasmine-core%252Fjasmine.js%253F578a1e5ff14db21b04e2d6db7fd0eda37042440c%253A627%250A%2520%2520%2520%2520at%2520http%253A%252F%252Flocalhost%253A8080%252Fbase%252Fnode_modules%252Fjasmine-core%252Flib%252Fjasmine-core%252Fjasmine.js%253F578a1e5ff14db21b04e2d6db7fd0eda37042440c%253A357%250A%2520%2520%2520%2520at%2520http%253A%252F%252Flocalhost%253A8080%252Fbase%252Fnode_modules%252Fjasmine-core%252Flib%252Fjasmine-core%252Fjasmine.js%253F578a1e5ff14db21b04e2d6db7fd0eda37042440c%253A2360%250A%2520%2520%2520%2520at%2520attemptAsync%2520(http%253A%252F%252Flocalhost%253A8080%252Fbase%252Fnode_modules%252Fjasmine-core%252Flib%252Fjasmine-core%252Fjasmine.js%253F578a1e5ff14db21b04e2d6db7fd0eda37042440c%253A1819)%250A%2520%2520%2520%2520at%2520http%253A%252F%252Flocalhost%253A8080%252Fbase%252Fnode_modules%252Fjasmine-core%252Flib%252Fjasmine-core%252Fjasmine.js%253F578a1e5ff14db21b04e2d6db7fd0eda37042440c%253A1774%250A%2520%2520%2520%2520at%2520http%253A%252F%252Flocalhost%253A8080%252Fbase%252Fnode_modules%252Fjasmine-core%252Flib%252Fjasmine-core%252Fjasmine.js%253F578a1e5ff14db21b04e2d6db7fd0eda37042440c%253A1801%250A%2520%2520%2520%2520at%2520http%253A%252F%252Flocalhost%253A8080%252Fbase%252Fnode_modules%252Fjasmine-core%252Flib%252Fjasmine-core%252Fjasmine.js%253F578a1e5ff14db21b04e2d6db7fd0eda37042440c%253A1745%250A%2520%2520%2520%2520at%2520complete%2520(http%253A%252F%252Flocalhost%253A8080%252Fbase%252Fnode_modules%252Fjasmine-core%252Flib%252Fjasmine-core%252Fjasmine.js%253F578a1e5ff14db21b04e2d6db7fd0eda37042440c%253A365)%250A%2520%2520%2520%2520at%2520clearStack%2520(http%253A%252F%252Flocalhost%253A8080%252Fbase%252Fnode_modules%252Fjasmine-core%252Flib%252Fjasmine-core%252Fjasmine.js%253F578a1e5ff14db21b04e2d6db7fd0eda37042440c%253A605)%250A%2520%2520%2520%2520at%2520http%253A%252F%252Flocalhost%253A8080%252Fbase%252Fnode_modules%252Fjasmine-core%252Flib%252Fjasmine-core%252Fjasmine.js%253F578a1e5ff14db21b04e2d6db7fd0eda37042440c%253A1784%250A%2520%2520%2520%2520at%2520http%253A%252F%252Flocalhost%253A8080%252Fbase%252Fnode_modules%252Fjasmine-core%252Flib%252Fjasmine-core%252Fjasmine.js%253F578a1e5ff14db21b04e2d6db7fd0eda37042440c%253A1762%250A%2520%2520%2520%2520at%2520http%253A%252F%252Flocalhost%253A8080%252Fbase%252Fnode_modules%252Fjasmine-core%252Flib%252Fjasmine-core%252Fjasmine.js%253F578a1e5ff14db21b04e2d6db7fd0eda37042440c%253A627%250A%2520%2520%2520%2520at%2520http%253A%252F%252Flocalhost%253A8080%252Fbase%252Fnode_modules%252Fjasmine-core%252Flib%252Fjasmine-core%252Fjasmine.js%253F578a1e5ff14db21b04e2d6db7fd0eda37042440c%253A357%250A%2520%2520%2520%2520at%2520http%253A%252F%252Flocalhost%253A8080%252Fbase%252Fnode_modules%252Fjasmine-core%252Flib%252Fjasmine-core%252Fjasmine.js%253F578a1e5ff14db21b04e2d6db7fd0eda37042440c%253A2360%250A%2520%2520%2520%2520at%2520attemptAsync%2520(http%253A%252F%252Flocalhost%253A8080%252Fbase%252Fnode_modules%252Fjasmine-core%252Flib%252Fjasmine-core%252Fjasmine.js%253F578a1e5ff14db21b04e2d6db7fd0eda37042440c%253A1819)%250A%2520%2520%2520%2520at%2520http%253A%252F%252Flocalhost%253A8080%252Fbase%252Fnode_modules%252Fjasmine-core%252Flib%252Fjasmine-core%252Fjasmine.js%253F578a1e5ff14db21b04e2d6db7fd0eda37042440c%253A1774%250A%2520%2520%2520%2520at%2520http%253A%252F%252Flocalhost%253A8080%252Fbase%252Fnode_modules%252Fjasmine-core%252Flib%252Fjasmine-core%252Fjasmine.js%253F578a1e5ff14db21b04e2d6db7fd0eda37042440c%253A1801%250A%2520%2520%2520%2520at%2520http%253A%252F%252Flocalhost%253A8080%252Fbase%252Fnode_modules%252Fjasmine-core%252Flib%252Fjasmine-core%252Fjasmine.js%253F578a1e5ff14db21b04e2d6db7fd0eda37042440c%253A1745%250A%2520%2520%2520%2520at%2520complete%2520(http%253A%252F%252Flocalhost%253A8080%252Fbase%252Fnode_modules%252Fjasmine-core%252Flib%252Fjasmine-core%252Fjasmine.js%253F578a1e5ff14db21b04e2d6db7fd0eda37042440c%253A365)%250A%2520%2520%2520%2520at%2520clearStack%2520(http%253A%252F%252Flocalhost%253A8080%252Fbase%252Fnode_modules%252Fjasmine-core%252Flib%252Fjasmine-core%252Fjasmine.js%253F578a1e5ff14db21b04e2d6db7fd0eda37042440c%253A605)%250A%2520%2520%2520%2520at%2520http%253A%252F%252Flocalhost%253A8080%252Fbase%252Fnode_modules%252Fjasmine-core%252Flib%252Fjasmine-core%252Fjasmine.js%253F578a1e5ff14db21b04e2d6db7fd0eda37042440c%253A1784%250A%2520%2520%2520%2520at%2520http%253A%252F%252Flocalhost%253A8080%252Fbase%252Fnode_modules%252Fjasmine-core%252Flib%252Fjasmine-core%252Fjasmine.js%253F578a1e5ff14db21b04e2d6db7fd0eda37042440c%253A1762%250A%2520%2520%2520%2520at%2520http%253A%252F%252Flocalhost%253A8080%252Fbase%252Fnode_modules%252Fjasmine-core%252Flib%252Fjasmine-core%252Fjasmine.js%253F578a1e5ff14db21b04e2d6db7fd0eda37042440c%253A627%250A%2520%2520%2520%2520at%2520http%253A%252F%252Flocalhost%253A8080%252Fbase%252Fnode_modules%252Fjasmine-core%252Flib%252Fjasmine-core%252Fjasmine.js%253F578a1e5ff14db21b04e2d6db7fd0eda37042440c%253A357%250A%2520%2520%2520%2520at%2520http%253A%252F%252Flocalhost%253A8080%252Fbase%252Fnode_modules%252Fjasmine-core%252Flib%252Fjasmine-core%252Fjasmine.js%253F578a1e5ff14db21b04e2d6db7fd0eda37042440c%253A2360%250A%2520%2520%2520%2520at%2520attemptAsync%2520(http%253A%252F%252Flocalhost%253A8080%252Fbase%252Fnode_modules%252Fjasmine-core%252Flib%252Fjasmine-core%252Fjasmine.js%253F578a1e5ff14db21b04e2d6db7fd0eda37042440c%253A1819)%250A%2520%2520%2520%2520at%2520http%253A%252F%252Flocalhost%253A8080%252Fbase%252Fnode_modules%252Fjasmine-core%252Flib%252Fjasmine-core%252Fjasmine.js%253F578a1e5ff14db21b04e2d6db7fd0eda37042440c%253A1774%250A%2520%2520%2520%2520at%2520http%253A%252F%252Flocalhost%253A8080%252Fbase%252Fnode_modules%252Fjasmine-core%252Flib%252Fjasmine-core%252Fjasmine.js%253F578a1e5ff14db21b04e2d6db7fd0eda37042440c%253A1801%250A%2520%2520%2520%2520at%2520http%253A%252F%252Flocalhost%253A8080%252Fbase%252Fnode_modules%252Fjasmine-core%252Flib%252Fjasmine-core%252Fjasmine.js%253F578a1e5ff14db21b04e2d6db7fd0eda37042440c%253A1745%250A%2520%2520%2520%2520at%2520complete%2520(http%253A%252F%252Flocalhost%253A8080%252Fbase%252Fnode_modules%252Fjasmine-core%252Flib%252Fjasmine-core%252Fjasmine.js%253F578a1e5ff14db21b04e2d6db7fd0eda37042440c%253A365)%250A%2520%2520%2520%2520at%2520clearStack%2520(http%253A%252F%252Flocalhost%253A8080%252Fbase%252Fnode_modules%252Fjasmine-core%252Flib%252Fjasmine-core%252Fjasmine.js%253F578a1e5ff14db21b04e2d6db7fd0eda37042440c%253A605)%250A%2520%2520%2520%2520at%2520http%253A%252F%252Flocalhost%253A8080%252Fbase%252Fnode_modules%252Fjasmine-core%252Flib%252Fjasmine-core%252Fjasmine.js%253F578a1e5ff14db21b04e2d6db7fd0eda37042440c%253A1784%250A%2520%2520%2520%2520at%2520http%253A%252F%252Flocalhost%253A8080%252Fbase%252Fnode_modules%252Fjasmine-core%252Flib%252Fjasmine-core%252Fjasmine.js%253F578a1e5ff14db21b04e2d6db7fd0eda37042440c%253A1762%250A%2520%2520%2520%2520at%2520http%253A%252F%252Flocalhost%253A8080%252Fbase%252Fnode_modules%252Fjasmine-core%252Flib%252Fjasmine-core%252Fjasmine.js%253F578a1e5ff14db21b04e2d6db7fd0eda37042440c%253A627%250A%2520%2520%2520%2520at%2520http%253A%252F%252Flocalhost%253A8080%252Fbase%252Fnode_modules%252Fjasmine-core%252Flib%252Fjasmine-core%252Fjasmine.js%253F578a1e5ff14db21b04e2d6db7fd0eda37042440c%253A357%250A%2520%2520%2520%2520at%2520http%253A%252F%252Flocalhost%253A8080%252Fbase%252Fnode_modules%252Fjasmine-core%252Flib%252Fjasmine-core%252Fjasmine.js%253F578a1e5ff14db21b04e2d6db7fd0eda37042440c%253A2360%250A%2520%2520%2520%2520at%2520attemptAsync%2520(http%253A%252F%252Flocalhost%253A8080%252Fbase%252Fnode_modules%252Fjasmine-core%252Flib%252Fjasmine-core%252Fjasmine.js%253F578a1e5ff14db21b04e2d6db7fd0eda37042440c%253A1819)%250A%2520%2520%2520%2520at%2520http%253A%252F%252Flocalhost%253A8080%252Fbase%252Fnode_modules%252Fjasmine-core%252Flib%252Fjasmine-core%252Fjasmine.js%253F578a1e5ff14db21b04e2d6db7fd0eda37042440c%253A1774%250A%2520%2520%2520%2520at%2520http%253A%252F%252Flocalhost%253A8080%252Fbase%252Fnode_modules%252Fjasmine-core%252Flib%252Fjasmine-core%252Fjasmine.js%253F578a1e5ff14db21b04e2d6db7fd0eda37042440c%253A1801%250A%2520%2520%2520%2520at%2520http%253A%252F%252Flocalhost%253A8080%252Fbase%252Fnode_modules%252Fjasmine-core%252Flib%252Fjasmine-core%252Fjasmine.js%253F578a1e5ff14db21b04e2d6db7fd0eda37042440c%253A1745%250A%2520%2520%2520%2520at%2520complete%2520(http%253A%252F%252Flocalhost%253A8080%252Fbase%252Fnode_modules%252Fjasmine-core%252Flib%252Fjasmine-core%252Fjasmine.js%253F578a1e5ff14db21b04e2d6db7fd0eda37042440c%253A365)%250A%2520%2520%2520%2520at%2520clearStack%2520(http%253A%252F%252Flocalhost%253A8080%252Fbase%252Fnode_modules%252Fjasmine-core%252Flib%252Fjasmine-core%252Fjasmine.js%253F578a1e5ff14db21b04e2d6db7fd0eda37042440c%253A605)%250A%2520%2520%2520%2520at%2520http%253A%252F%252Flocalhost%253A8080%252Fbase%252Fnode_modules%252Fjasmine-core%252Flib%252Fjasmine-core%252Fjasmine.js%253F578a1e5ff14db21b04e2d6db7fd0eda37042440c%253A1784%250A%2520%2520%2520%2520at%2520http%253A%252F%252Flocalhost%253A8080%252Fbase%252Fnode_modules%252Fjasmine-core%252Flib%252Fjasmine-core%252Fjasmine.js%253F578a1e5ff14db21b04e2d6db7fd0eda37042440c%253A1762%250A%2520%2520%2520%2520at%2520http%253A%252F%252Flocalhost%253A8080%252Fbase%252Fnode_modules%252Fjasmine-core%252Flib%252Fjasmine-core%252Fjasmine.js%253F578a1e5ff14db21b04e2d6db7fd0eda37042440c%253A627%250A%2520%2520%2520%2520at%2520http%253A%252F%252Flocalhost%253A8080%252Fbase%252Fnode_modules%252Fjasmine-core%252Flib%252Fjasmine-core%252Fjasmine.js%253F578a1e5ff14db21b04e2d6db7fd0eda37042440c%253A357%250A%2520%2520%2520%2520at%2520http%253A%252F%252Flocalhost%253A8080%252Fbase%252Fnode_modules%252Fjasmine-core%252Flib%252Fjasmine-core%252Fjasmine.js%253F578a1e5ff14db21b04e2d6db7fd0eda37042440c%253A2360%250A%2520%2520%2520%2520at%2520attemptAsync%2520(http%253A%252F%252Flocalhost%253A8080%252Fbase%252Fnode_modules%252Fjasmine-core%252Flib%252Fjasmine-core%252Fjasmine.js%253F578a1e5ff14db21b04e2d6db7fd0eda37042440c%253A1819)%250A%2520%2520%2520%2520at%2520http%253A%252F%252Flocalhost%253A8080%252Fbase%252Fnode_modules%252Fjasmine-core%252Flib%252Fjasmine-core%252Fjasmine.js%253F578a1e5ff14db21b04e2d6db7fd0eda37042440c%253A1774%250A%2520%2520%2520%2520at%2520http%253A%252F%252Flocalhost%253A8080%252Fbase%252Fnode_modules%252Fjasmine-core%252Flib%252Fjasmine-core%252Fjasmine.js%253F578a1e5ff14db21b04e2d6db7fd0eda37042440c%253A1762%250A%2520%2520%2520%2520at%2520http%253A%252F%252Flocalhost%253A8080%252Fbase%252Fnode_modules%252Fjasmine-core%252Flib%252Fjasmine-core%252Fjasmine.js%253F578a1e5ff14db21b04e2d6db7fd0eda37042440c%253A627%250A%2520%2520%2520%2520at%2520http%253A%252F%252Flocalhost%253A8080%252Fbase%252Fnode_modules%252Fjasmine-core%252Flib%252Fjasmine-core%252Fjasmine.js%253F578a1e5ff14db21b04e2d6db7fd0eda37042440c%253A2354%250A%2520%2520%2520%2520at%2520attemptAsync%2520(http%253A%252F%252Flocalhost%253A8080%252Fbase%252Fnode_modules%252Fjasmine-core%252Flib%252Fjasmine-core%252Fjasmine.js%253F578a1e5ff14db21b04e2d6db7fd0eda37042440c%253A1819)%250A%2520%2520%2520%2520at%2520http%253A%252F%252Flocalhost%253A8080%252Fbase%252Fnode_modules%252Fjasmine-core%252Flib%252Fjasmine-core%252Fjasmine.js%253F578a1e5ff14db21b04e2d6db7fd0eda37042440c%253A1774%250A%2520%2520%2520%2520at%2520http%253A%252F%252Flocalhost%253A8080%252Fbase%252Fnode_modules%252Fjasmine-core%252Flib%252Fjasmine-core%252Fjasmine.js%253F578a1e5ff14db21b04e2d6db7fd0eda37042440c%253A1801%250A%2520%2520%2520%2520at%2520http%253A%252F%252Flocalhost%253A8080%252Fbase%252Fnode_modules%252Fjasmine-core%252Flib%252Fjasmine-core%252Fjasmine.js%253F578a1e5ff14db21b04e2d6db7fd0eda37042440c%253A1745%250A%2520%2520%2520%2520at%2520http%253A%252F%252Flocalhost%253A8080%252Fbase%252Fnode_modules%252Fjasmine-core%252Flib%252Fjasmine-core%252Fjasmine.js%253F578a1e5ff14db21b04e2d6db7fd0eda37042440c%253A2348%250A%2520%2520%2520%2520at%2520clearStack%2520(http%253A%252F%252Flocalhost%253A8080%252Fbase%252Fnode_modules%252Fjasmine-core%252Flib%252Fjasmine-core%252Fjasmine.js%253F578a1e5ff14db21b04e2d6db7fd0eda37042440c%253A605)%250A%2520%2520%2520%2520at%2520http%253A%252F%252Flocalhost%253A8080%252Fbase%252Fnode_modules%252Fjasmine-core%252Flib%252Fjasmine-core%252Fjasmine.js%253F578a1e5ff14db21b04e2d6db7fd0eda37042440c%253A1784%250A%2520%2520%2520%2520at%2520http%253A%252F%252Flocalhost%253A8080%252Fbase%252Fnode_modules%252Fjasmine-core%252Flib%252Fjasmine-core%252Fjasmine.js%253F578a1e5ff14db21b04e2d6db7fd0eda37042440c%253A1762%250A%2520%2520%2520%2520at%2520http%253A%252F%252Flocalhost%253A8080%252Fbase%252Fnode_modules%252Fjasmine-core%252Flib%252Fjasmine-core%252Fjasmine.js%253F578a1e5ff14db21b04e2d6db7fd0eda37042440c%253A627%250A%2520%2520%2520%2520at%2520http%253A%252F%252Flocalhost%253A8080%252Fbase%252Fnode_modules%252Fjasmine-core%252Flib%252Fjasmine-core%252Fjasmine.js%253F578a1e5ff14db21b04e2d6db7fd0eda37042440c%253A2354%250A%2520%2520%2520%2520at%2520attemptAsync%2520(http%253A%252F%252Flocalhost%253A8080%252Fbase%252Fnode_modules%252Fjasmine-core%252Flib%252Fjasmine-core%252Fjasmine.js%253F578a1e5ff14db21b04e2d6db7fd0eda37042440c%253A1819)%250A%2520%2520%2520%2520at%2520http%253A%252F%252Flocalhost%253A8080%252Fbase%252Fnode_modules%252Fjasmine-core%252Flib%252Fjasmine-core%252Fjasmine.js%253F578a1e5ff14db21b04e2d6db7fd0eda37042440c%253A1774%250A%2520%2520%2520%2520at%2520http%253A%252F%252Flocalhost%253A8080%252Fbase%252Fnode_modules%252Fjasmine-core%252Flib%252Fjasmine-core%252Fjasmine.js%253F578a1e5ff14db21b04e2d6db7fd0eda37042440c%253A1801%250A%2520%2520%2520%2520at%2520http%253A%252F%252Flocalhost%253A8080%252Fbase%252Fnode_modules%252Fjasmine-core%252Flib%252Fjasmine-core%252Fjasmine.js%253F578a1e5ff14db21b04e2d6db7fd0eda37042440c%253A1745%250A%2520%2520%2520%2520at%2520http%253A%252F%252Flocalhost%253A8080%252Fbase%252Fnode_modules%252Fjasmine-core%252Flib%252Fjasmine-core%252Fjasmine.js%253F578a1e5ff14db21b04e2d6db7fd0eda37042440c%253A2348%250A%2520%2520%2520%2520at%2520clearStack%2520(http%253A%252F%252Flocalhost%253A8080%252Fbase%252Fnode_modules%252Fjasmine-core%252Flib%252Fjasmine-core%252Fjasmine.js%253F578a1e5ff14db21b04e2d6db7fd0eda37042440c%253A605)%250A%2520%2520%2520%2520at%2520http%253A%252F%252Flocalhost%253A8080%252Fbase%252Fnode_modules%252Fjasmine-core%252Flib%252Fjasmine-core%252Fjasmine.js%253F578a1e5ff14db21b04e2d6db7fd0eda37042440c%253A1784%250A%2520%2520%2520%2520at%2520http%253A%252F%252Flocalhost%253A8080%252Fbase%252Fnode_modules%252Fjasmine-core%252Flib%252Fjasmine-core%252Fjasmine.js%253F578a1e5ff14db21b04e2d6db7fd0eda37042440c%253A1762%250A%2520%2520%2520%2520at%2520http%253A%252F%252Flocalhost%253A8080%252Fbase%252Fnode_modules%252Fjasmine-core%252Flib%252Fjasmine-core%252Fjasmine.js%253F578a1e5ff14db21b04e2d6db7fd0eda37042440c%253A627%250A%2520%2520%2520%2520at%2520http%253A%252F%252Flocalhost%253A8080%252Fbase%252Fnode_modules%252Fjasmine-core%252Flib%252Fjasmine-core%252Fjasmine.js%253F578a1e5ff14db21b04e2d6db7fd0eda37042440c%253A2354%250A%2520%2520%2520%2520at%2520attemptAsync%2520(http%253A%252F%252Flocalhost%253A8080%252Fbase%252Fnode_modules%252Fjasmine-core%252Flib%252Fjasmine-core%252Fjasmine.js%253F578a1e5ff14db21b04e2d6db7fd0eda37042440c%253A1819)%250A%2520%2520%2520%2520at%2520http%253A%252F%252Flocalhost%253A8080%252Fbase%252Fnode_modules%252Fjasmine-core%252Flib%252Fjasmine-core%252Fjasmine.js%253F578a1e5ff14db21b04e2d6db7fd0eda37042440c%253A1774%250A%2520%2520%2520%2520at%2520http%253A%252F%252Flocalhost%253A8080%252Fbase%252Fnode_modules%252Fjasmine-core%252Flib%252Fjasmine-core%252Fjasmine.js%253F578a1e5ff14db21b04e2d6db7fd0eda37042440c%253A1801%250A%2520%2520%2520%2520at%2520http%253A%252F%252Flocalhost%253A8080%252Fbase%252Fnode_modules%252Fjasmine-core%252Flib%252Fjasmine-core%252Fjasmine.js%253F578a1e5ff14db21b04e2d6db7fd0eda37042440c%253A1745%250A%2520%2520%2520%2520at%2520http%253A%252F%252Flocalhost%253A8080%252Fbase%252Fnode_modules%252Fjasmine-core%252Flib%252Fjasmine-core%252Fjasmine.js%253F578a1e5ff14db21b04e2d6db7fd0eda37042440c%253A2348%250A%2520%2520%2520%2520at%2520clearStack%2520(http%253A%252F%252Flocalhost%253A8080%252Fbase%252Fnode_modules%252Fjasmine-core%252Flib%252Fjasmine-core%252Fjasmine.js%253F578a1e5ff14db21b04e2d6db7fd0eda37042440c%253A605)%250A%2520%2520%2520%2520at%2520http%253A%252F%252Flocalhost%253A8080%252Fbase%252Fnode_modules%252Fjasmine-core%252Flib%252Fjasmine-core%252Fjasmine.js%253F578a1e5ff14db21b04e2d6db7fd0eda37042440c%253A1784%250A%2520%2520%2520%2520at%2520http%253A%252F%252Flocalhost%253A8080%252Fbase%252Fnode_modules%252Fjasmine-core%252Flib%252Fjasmine-core%252Fjasmine.js%253F578a1e5ff14db21b04e2d6db7fd0eda37042440c%253A1801%250A%2520%2520%2520%2520at%2520http%253A%252F%252Flocalhost%253A8080%252Fbase%252Fnode_modules%252Fjasmine-core%252Flib%252Fjasmine-core%252Fjasmine.js%253F578a1e5ff14db21b04e2d6db7fd0eda37042440c%253A1745%250A%2520%2520%2520%2520at%2520complete%2520(http%253A%252F%252Flocalhost%253A8080%252Fbase%252Fnode_modules%252Fjasmine-core%252Flib%252Fjasmine-core%252Fjasmine.js%253F578a1e5ff14db21b04e2d6db7fd0eda37042440c%253A365)%250A%2520%2520%2520%2520at%2520clearStack%2520(http%253A%252F%252Flocalhost%253A8080%252Fbase%252Fnode_modules%252Fjasmine-core%252Flib%252Fjasmine-core%252Fjasmine.js%253F578a1e5ff14db21b04e2d6db7fd0eda37042440c%253A605)%250A%2520%2520%2520%2520at%2520http%253A%252F%252Flocalhost%253A8080%252Fbase%252Fnode_modules%252Fjasmine-core%252Flib%252Fjasmine-core%252Fjasmine.js%253F578a1e5ff14db21b04e2d6db7fd0eda37042440c%253A1784%250A%2520%2520%2520%2520at%2520http%253A%252F%252Flocalhost%253A8080%252Fbase%252Fnode_modules%252Fjasmine-core%252Flib%252Fjasmine-core%252Fjasmine.js%253F578a1e5ff14db21b04e2d6db7fd0eda37042440c%253A1762%250A%2520%2520%2520%2520at%2520http%253A%252F%252Flocalhost%253A8080%252Fbase%252Fnode_modules%252Fjasmine-core%252Flib%252Fjasmine-core%252Fjasmine.js%253F578a1e5ff14db21b04e2d6db7fd0eda37042440c%253A627%250A%2520%2520%2520%2520at%2520http%253A%252F%252Flocalhost%253A8080%252Fbase%252Fnode_modules%252Fjasmine-core%252Flib%252Fjasmine-core%252Fjasmine.js%253F578a1e5ff14db21b04e2d6db7fd0eda37042440c%253A357%250A%2520%2520%2520%2520at%2520http%253A%252F%252Flocalhost%253A8080%252Fbase%252Fnode_modules%252Fjasmine-core%252Flib%252Fjasmine-core%252Fjasmine.js%253F578a1e5ff14db21b04e2d6db7fd0eda37042440c%253A2360%250A%2520%2520%2520%2520at%2520attemptAsync%2520(http%253A%252F%252Flocalhost%253A8080%252Fbase%252Fnode_modules%252Fjasmine-core%252Flib%252Fjasmine-core%252Fjasmine.js%253F578a1e5ff14db21b04e2d6db7fd0eda37042440c%253A1819)%250A%2520%2520%2520%2520at%2520http%253A%252F%252Flocalhost%253A8080%252Fbase%252Fnode_modules%252Fjasmine-core%252Flib%252Fjasmine-core%252Fjasmine.js%253F578a1e5ff14db21b04e2d6db7fd0eda37042440c%253A1774%250A%2520%2520%2520%2520at%2520http%253A%252F%252Flocalhost%253A8080%252Fbase%252Fnode_modules%252Fjasmine-core%252Flib%252Fjasmine-core%252Fjasmine.js%253F578a1e5ff14db21b04e2d6db7fd0eda37042440c%253A1801%250A%2520%2520%2520%2520at%2520http%253A%252F%252Flocalhost%253A8080%252Fbase%252Fnode_modules%252Fjasmine-core%252Flib%252Fjasmine-core%252Fjasmine.js%253F578a1e5ff14db21b04e2d6db7fd0eda37042440c%253A1745%250A%2520%2520%2520%2520at%2520complete%2520(http%253A%252F%252Flocalhost%253A8080%252Fbase%252Fnode_modules%252Fjasmine-core%252Flib%252Fjasmine-core%252Fjasmine.js%253F578a1e5ff14db21b04e2d6db7fd0eda37042440c%253A365)%250A%2520%2520%2520%2520at%2520clearStack%2520(http%253A%252F%252Flocalhost%253A8080%252Fbase%252Fnode_modules%252Fjasmine-core%252Flib%252Fjasmine-core%252Fjasmine.js%253F578a1e5ff14db21b04e2d6db7fd0eda37042440c%253A605)%250A%2520%2520%2520%2520at%2520http%253A%252F%252Flocalhost%253A8080%252Fbase%252Fnode_modules%252Fjasmine-core%252Flib%252Fjasmine-core%252Fjasmine.js%253F578a1e5ff14db21b04e2d6db7fd0eda37042440c%253A1784%250A%2520%2520%2520%2520at%2520http%253A%252F%252Flocalhost%253A8080%252Fbase%252Fnode_modules%252Fjasmine-core%252Flib%252Fjasmine-core%252Fjasmine.js%253F578a1e5ff14db21b04e2d6db7fd0eda37042440c%253A1762%250A%2520%2520%2520%2520at%2520http%253A%252F%252Flocalhost%253A8080%252Fbase%252Fnode_modules%252Fjasmine-core%252Flib%252Fjasmine-core%252Fjasmine.js%253F578a1e5ff14db21b04e2d6db7fd0eda37042440c%253A627%250A%2520%2520%2520%2520at%2520http%253A%252F%252Flocalhost%253A8080%252Fbase%252Fnode_modules%252Fjasmine-core%252Flib%252Fjasmine-core%252Fjasmine.js%253F578a1e5ff14db21b04e2d6db7fd0eda37042440c%253A357%250A%2520%2520%2520%2520at%2520http%253A%252F%252Flocalhost%253A8080%252Fbase%252Fnode_modules%252Fjasmine-core%252Flib%252Fjasmine-core%252Fjasmine.js%253F578a1e5ff14db21b04e2d6db7fd0eda37042440c%253A2360%250A%2520%2520%2520%2520at%2520attemptAsync%2520(http%253A%252F%252Flocalhost%253A8080%252Fbase%252Fnode_modules%252Fjasmine-core%252Flib%252Fjasmine-core%252Fjasmine.js%253F578a1e5ff14db21b04e2d6db7fd0eda37042440c%253A1819)%250A%2520%2520%2520%2520at%2520http%253A%252F%252Flocalhost%253A8080%252Fbase%252Fnode_modules%252Fjasmine-core%252Flib%252Fjasmine-core%252Fjasmine.js%253F578a1e5ff14db21b04e2d6db7fd0eda37042440c%253A1774%250A%2520%2520%2520%2520at%2520http%253A%252F%252Flocalhost%253A8080%252Fbase%252Fnode_modules%252Fjasmine-core%252Flib%252Fjasmine-core%252Fjasmine.js%253F578a1e5ff14db21b04e2d6db7fd0eda37042440c%253A1762%250A%2520%2520%2520%2520at%2520http%253A%252F%252Flocalhost%253A8080%252Fbase%252Fnode_modules%252Fjasmine-core%252Flib%252Fjasmine-core%252Fjasmine.js%253F578a1e5ff14db21b04e2d6db7fd0eda37042440c%253A627%250A%2520%2520%2520%2520at%2520http%253A%252F%252Flocalhost%253A8080%252Fbase%252Fnode_modules%252Fjasmine-core%252Flib%252Fjasmine-core%252Fjasmine.js%253F578a1e5ff14db21b04e2d6db7fd0eda37042440c%253A2354%250A%2520%2520%2520%2520at%2520attemptAsync%2520(http%253A%252F%252Flocalhost%253A8080%252Fbase%252Fnode_modules%252Fjasmine-core%252Flib%252Fjasmine-core%252Fjasmine.js%253F578a1e5ff14db21b04e2d6db7fd0eda37042440c%253A1819)%250A%2520%2520%2520%2520at%2520http%253A%252F%252Flocalhost%253A8080%252Fbase%252Fnode_modules%252Fjasmine-core%252Flib%252Fjasmine-core%252Fjasmine.js%253F578a1e5ff14db21b04e2d6db7fd0eda37042440c%253A1774%250A%2520%2520%2520%2520at%2520http%253A%252F%252Flocalhost%253A8080%252Fbase%252Fnode_modules%252Fjasmine-core%252Flib%252Fjasmine-core%252Fjasmine.js%253F578a1e5ff14db21b04e2d6db7fd0eda37042440c%253A1801%250A%2520%2520%2520%2520at%2520http%253A%252F%252Flocalhost%253A8080%252Fbase%252Fnode_modules%252Fjasmine-core%252Flib%252Fjasmine-core%252Fjasmine.js%253F578a1e5ff14db21b04e2d6db7fd0eda37042440c%253A1745%250A%2520%2520%2520%2520at%2520http%253A%252F%252Flocalhost%253A8080%252Fbase%252Fnode_modules%252Fjasmine-core%252Flib%252Fjasmine-core%252Fjasmine.js%253F578a1e5ff14db21b04e2d6db7fd0eda37042440c%253A2348%250A%2520%2520%2520%2520at%2520clearStack%2520(http%253A%252F%252Flocalhost%253A8080%252Fbase%252Fnode_modules%252Fjasmine-core%252Flib%252Fjasmine-core%252Fjasmine.js%253F578a1e5ff14db21b04e2d6db7fd0eda37042440c%253A605)%250A%2520%2520%2520%2520at%2520http%253A%252F%252Flocalhost%253A8080%252Fbase%252Fnode_modules%252Fjasmine-core%252Flib%252Fjasmine-core%252Fjasmine.js%253F578a1e5ff14db21b04e2d6db7fd0eda37042440c%253A1784%250A%2520%2520%2520%2520at%2520http%253A%252F%252Flocalhost%253A8080%252Fbase%252Fnode_modules%252Fjasmine-core%252Flib%252Fjasmine-core%252Fjasmine.js%253F578a1e5ff14db21b04e2d6db7fd0eda37042440c%253A1762%250A%2520%2520%2520%2520at%2520http%253A%252F%252Flocalhost%253A8080%252Fbase%252Fnode_modules%252Fjasmine-core%252Flib%252Fjasmine-core%252Fjasmine.js%253F578a1e5ff14db21b04e2d6db7fd0eda37042440c%253A627%250A%2520%2520%2520%2520at%2520http%253A%252F%252Flocalhost%253A8080%252Fbase%252Fnode_modules%252Fjasmine-core%252Flib%252Fjasmine-core%252Fjasmine.js%253F578a1e5ff14db21b04e2d6db7fd0eda37042440c%253A2354%250A%2520%2520%2520%2520at%2520attemptAsync%2520(http%253A%252F%252Flocalhost%253A8080%252Fbase%252Fnode_modules%252Fjasmine-core%252Flib%252Fjasmine-core%252Fjasmine.js%253F578a1e5ff14db21b04e2d6db7fd0eda37042440c%253A1819)%250A%2520%2520%2520%2520at%2520http%253A%252F%252Flocalhost%253A8080%252Fbase%252Fnode_modules%252Fjasmine-core%252Flib%252Fjasmine-core%252Fjasmine.js%253F578a1e5ff14db21b04e2d6db7fd0eda37042440c%253A1774%250A%2520%2520%2520%2520at%2520http%253A%252F%252Flocalhost%253A8080%252Fbase%252Fnode_modules%252Fjasmine-core%252Flib%252Fjasmine-core%252Fjasmine.js%253F578a1e5ff14db21b04e2d6db7fd0eda37042440c%253A1801%250A%2520%2520%2520%2520at%2520http%253A%252F%252Flocalhost%253A8080%252Fbase%252Fnode_modules%252Fjasmine-core%252Flib%252Fjasmine-core%252Fjasmine.js%253F578a1e5ff14db21b04e2d6db7fd0eda37042440c%253A1745%250A%2520%2520%2520%2520at%2520http%253A%252F%252Flocalhost%253A8080%252Fbase%252Fnode_modules%252Fjasmine-core%252Flib%252Fjasmine-core%252Fjasmine.js%253F578a1e5ff14db21b04e2d6db7fd0eda37042440c%253A2348%250A%2520%2520%2520%2520at%2520clearStack%2520(http%253A%252F%252Flocalhost%253A8080%252Fbase%252Fnode_modules%252Fjasmine-core%252Flib%252Fjasmine-core%252Fjasmine.js%253F578a1e5ff14db21b04e2d6db7fd0eda37042440c%253A605)%250A%2520%2520%2520%2520at%2520http%253A%252F%252Flocalhost%253A8080%252Fbase%252Fnode_modules%252Fjasmine-core%252Flib%252Fjasmine-core%252Fjasmine.js%253F578a1e5ff14db21b04e2d6db7fd0eda37042440c%253A1784%250A%2520%2520%2520%2520at%2520http%253A%252F%252Flocalhost%253A8080%252Fbase%252Fnode_modules%252Fjasmine-core%252Flib%252Fjasmine-core%252Fjasmine.js%253F578a1e5ff14db21b04e2d6db7fd0eda37042440c%253A1762%250A%2520%2520%2520%2520at%2520http%253A%252F%252Flocalhost%253A8080%252Fbase%252Fnode_modules%252Fjasmine-core%252Flib%252Fjasmine-core%252Fjasmine.js%253F578a1e5ff14db21b04e2d6db7fd0eda37042440c%253A627%250A%2520%2520%2520%2520at%2520http%253A%252F%252Flocalhost%253A8080%252Fbase%252Fnode_modules%252Fjasmine-core%252Flib%252Fjasmine-core%252Fjasmine.js%253F578a1e5ff14db21b04e2d6db7fd0eda37042440c%253A2354%250A%2520%2520%2520%2520at%2520attemptAsync%2520(http%253A%252F%252Flocalhost%253A8080%252Fbase%252Fnode_modules%252Fjasmine-core%252Flib%252Fjasmine-core%252Fjasmine.js%253F578a1e5ff14db21b04e2d6db7fd0eda37042440c%253A1819)%250A%2520%2520%2520%2520at%2520http%253A%252F%252Flocalhost%253A8080%252Fbase%252Fnode_modules%252Fjasmine-core%252Flib%252Fjasmine-core%252Fjasmine.js%253F578a1e5ff14db21b04e2d6db7fd0eda37042440c%253A1774%250A%2520%2520%2520%2520at%2520http%253A%252F%252Flocalhost%253A8080%252Fbase%252Fnode_modules%252Fjasmine-core%252Flib%252Fjasmine-core%252Fjasmine.js%253F578a1e5ff14db21b04e2d6db7fd0eda37042440c%253A1801%250A%2520%2520%2520%2520at%2520http%253A%252F%252Flocalhost%253A8080%252Fbase%252Fnode_modules%252Fjasmine-core%252Flib%252Fjasmine-core%252Fjasmine.js%253F578a1e5ff14db21b04e2d6db7fd0eda37042440c%253A1745%250A%2520%2520%2520%2520at%2520http%253A%252F%252Flocalhost%253A8080%252Fbase%252Fnode_modules%252Fjasmine-core%252Flib%252Fjasmine-core%252Fjasmine.js%253F578a1e5ff14db21b04e2d6db7fd0eda37042440c%253A2348%250A%2520%2520%2520%2520at%2520clearStack%2520(http%253A%252F%252Flocalhost%253A8080%252Fbase%252Fnode_modules%252Fjasmine-core%252Flib%252Fjasmine-core%252Fjasmine.js%253F578a1e5ff14db21b04e2d6db7fd0eda37042440c%253A605)%250A%2520%2520%2520%2520at%2520http%253A%252F%252Flocalhost%253A8080%252Fbase%252Fnode_modules%252Fjasmine-core%252Flib%252Fjasmine-core%252Fjasmine.js%253F578a1e5ff14db21b04e2d6db7fd0eda37042440c%253A1784%250A%2520%2520%2520%2520at%2520http%253A%252F%252Flocalhost%253A8080%252Fbase%252Fnode_modules%252Fjasmine-core%252Flib%252Fjasmine-core%252Fjasmine.js%253F578a1e5ff14db21b04e2d6db7fd0eda37042440c%253A1762%250A%2520%2520%2520%2520at%2520http%253A%252F%252Flocalhost%253A8080%252Fbase%252Fnode_modules%252Fjasmine-core%252Flib%252Fjasmine-core%252Fjasmine.js%253F578a1e5ff14db21b04e2d6db7fd0eda37042440c%253A627%250A%2520%2520%2520%2520at%2520http%253A%252F%252Flocalhost%253A8080%252Fbase%252Fnode_modules%252Fjasmine-core%252Flib%252Fjasmine-core%252Fjasmine.js%253F578a1e5ff14db21b04e2d6db7fd0eda37042440c%253A2354%250A%2520%2520%2520%2520at%2520attemptAsync%2520(http%253A%252F%252Flocalhost%253A8080%252Fbase%252Fnode_modules%252Fjasmine-core%252Flib%252Fjasmine-core%252Fjasmine.js%253F578a1e5ff14db21b04e2d6db7fd0eda37042440c%253A1819)%250A%2520%2520%2520%2520at%2520http%253A%252F%252Flocalhost%253A8080%252Fbase%252Fnode_modules%252Fjasmine-core%252Flib%252Fjasmine-core%252Fjasmine.js%253F578a1e5ff14db21b04e2d6db7fd0eda37042440c%253A1774%250A%2520%2520%2520%2520at%2520http%253A%252F%252Flocalhost%253A8080%252Fbase%252Fnode_modules%252Fjasmine-core%252Flib%252Fjasmine-core%252Fjasmine.js%253F578a1e5ff14db21b04e2d6db7fd0eda37042440c%253A1801%250A%2520%2520%2520%2520at%2520http%253A%252F%252Flocalhost%253A8080%252Fbase%252Fnode_modules%252Fjasmine-core%252Flib%252Fjasmine-core%252Fjasmine.js%253F578a1e5ff14db21b04e2d6db7fd0eda37042440c%253A1745%250A%2520%2520%2520%2520at%2520http%253A%252F%252Flocalhost%253A8080%252Fbase%252Fnode_modules%252Fjasmine-core%252Flib%252Fjasmine-core%252Fjasmine.js%253F578a1e5ff14db21b04e2d6db7fd0eda37042440c%253A2348%250A%2520%2520%2520%2520at%2520clearStack%2520(http%253A%252F%252Flocalhost%253A8080%252Fbase%252Fnode_modules%252Fjasmine-core%252Flib%252Fjasmine-core%252Fjasmine.js%253F578a1e5ff14db21b04e2d6db7fd0eda37042440c%253A605)%250A%2520%2520%2520%2520at%2520http%253A%252F%252Flocalhost%253A8080%252Fbase%252Fnode_modules%252Fjasmine-core%252Flib%252Fjasmine-core%252Fjasmine.js%253F578a1e5ff14db21b04e2d6db7fd0eda37042440c%253A1784%250A%2520%2520%2520%2520at%2520http%253A%252F%252Flocalhost%253A8080%252Fbase%252Fnode_modules%252Fjasmine-core%252Flib%252Fjasmine-core%252Fjasmine.js%253F578a1e5ff14db21b04e2d6db7fd0eda37042440c%253A1762%250A%2520%2520%2520%2520at%2520http%253A%252F%252Flocalhost%253A8080%252Fbase%252Fnode_modules%252Fjasmine-core%252Flib%252Fjasmine-core%252Fjasmine.js%253F578a1e5ff14db21b04e2d6db7fd0eda37042440c%253A627%250A%2520%2520%2520%2520at%2520http%253A%252F%252Flocalhost%253A8080%252Fbase%252Fnode_modules%252Fjasmine-core%252Flib%252Fjasmine-core%252Fjasmine.js%253F578a1e5ff14db21b04e2d6db7fd0eda37042440c%253A2354%250A%2520%2520%2520%2520at%2520attemptAsync%2520(http%253A%252F%252Flocalhost%253A8080%252Fbase%252Fnode_modules%252Fjasmine-core%252Flib%252Fjasmine-core%252Fjasmine.js%253F578a1e5ff14db21b04e2d6db7fd0eda37042440c%253A1819)%250A%2520%2520%2520%2520at%2520http%253A%252F%252Flocalhost%253A8080%252Fbase%252Fnode_modules%252Fjasmine-core%252Flib%252Fjasmine-core%252Fjasmine.js%253F578a1e5ff14db21b04e2d6db7fd0eda37042440c%253A1774%250A%2520%2520%2520%2520at%2520http%253A%252F%252Flocalhost%253A8080%252Fbase%252Fnode_modules%252Fjasmine-core%252Flib%252Fjasmine-core%252Fjasmine.js%253F578a1e5ff14db21b04e2d6db7fd0eda37042440c%253A1801%250A%2520%2520%2520%2520at%2520http%253A%252F%252Flocalhost%253A8080%252Fbase%252Fnode_modules%252Fjasmine-core%252Flib%252Fjasmine-core%252Fjasmine.js%253F578a1e5ff14db21b04e2d6db7fd0eda37042440c%253A1745%250A%2520%2520%2520%2520at%2520http%253A%252F%252Flocalhost%253A8080%252Fbase%252Fnode_modules%252Fjasmine-core%252Flib%252Fjasmine-core%252Fjasmine.js%253F578a1e5ff14db21b04e2d6db7fd0eda37042440c%253A2348%250A%2520%2520%2520%2520at%2520clearStack%2520(http%253A%252F%252Flocalhost%253A8080%252Fbase%252Fnode_modules%252Fjasmine-core%252Flib%252Fjasmine-core%252Fjasmine.js%253F578a1e5ff14db21b04e2d6db7fd0eda37042440c%253A605)%250A%2520%2520%2520%2520at%2520http%253A%252F%252Flocalhost%253A8080%252Fbase%252Fnode_modules%252Fjasmine-core%252Flib%252Fjasmine-core%252Fjasmine.js%253F578a1e5ff14db21b04e2d6db7fd0eda37042440c%253A1784%250A%2520%2520%2520%2520at%2520http%253A%252F%252Flocalhost%253A8080%252Fbase%252Fnode_modules%252Fjasmine-core%252Flib%252Fjasmine-core%252Fjasmine.js%253F578a1e5ff14db21b04e2d6db7fd0eda37042440c%253A1762%250A%2520%2520%2520%2520at%2520http%253A%252F%252Flocalhost%253A8080%252Fbase%252Fnode_modules%252Fjasmine-core%252Flib%252Fjasmine-core%252Fjasmine.js%253F578a1e5ff14db21b04e2d6db7fd0eda37042440c%253A627%250A%2520%2520%2520%2520at%2520http%253A%252F%252Flocalhost%253A8080%252Fbase%252Fnode_modules%252Fjasmine-core%252Flib%252Fjasmine-core%252Fjasmine.js%253F578a1e5ff14db21b04e2d6db7fd0eda37042440c%253A2354%250A%2520%2520%2520%2520at%2520attemptAsync%2520(http%253A%252F%252Flocalhost%253A8080%252Fbase%252Fnode_modules%252Fjasmine-core%252Flib%252Fjasmine-core%252Fjasmine.js%253F578a1e5ff14db21b04e2d6db7fd0eda37042440c%253A1819)%250A%2520%2520%2520%2520at%2520http%253A%252F%252Flocalhost%253A8080%252Fbase%252Fnode_modules%252Fjasmine-core%252Flib%252Fjasmine-core%252Fjasmine.js%253F578a1e5ff14db21b04e2d6db7fd0eda37042440c%253A1774%250A%2520%2520%2520%2520at%2520http%253A%252F%252Flocalhost%253A8080%252Fbase%252Fnode_modules%252Fjasmine-core%252Flib%252Fjasmine-core%252Fjasmine.js%253F578a1e5ff14db21b04e2d6db7fd0eda37042440c%253A1801%250A%2520%2520%2520%2520at%2520http%253A%252F%252Flocalhost%253A8080%252Fbase%252Fnode_modules%252Fjasmine-core%252Flib%252Fjasmine-core%252Fjasmine.js%253F578a1e5ff14db21b04e2d6db7fd0eda37042440c%253A1745%250A%2520%2520%2520%2520at%2520http%253A%252F%252Flocalhost%253A8080%252Fbase%252Fnode_modules%252Fjasmine-core%252Flib%252Fjasmine-core%252Fjasmine.js%253F578a1e5ff14db21b04e2d6db7fd0eda37042440c%253A2348%250A%2520%2520%2520%2520at%2520clearStack%2520(http%253A%252F%252Flocalhost%253A8080%252Fbase%252Fnode_modules%252Fjasmine-core%252Flib%252Fjasmine-core%252Fjasmine.js%253F578a1e5ff14db21b04e2d6db7fd0eda37042440c%253A605)%250A%2520%2520%2520%2520at%2520http%253A%252F%252Flocalhost%253A8080%252Fbase%252Fnode_modules%252Fjasmine-core%252Flib%252Fjasmine-core%252Fjasmine.js%253F578a1e5ff14db21b04e2d6db7fd0eda37042440c%253A1784%250A%2520%2520%2520%2520at%2520http%253A%252F%252Flocalhost%253A8080%252Fbase%252Fnode_modules%252Fjasmine-core%252Flib%252Fjasmine-core%252Fjasmine.js%253F578a1e5ff14db21b04e2d6db7fd0eda37042440c%253A1762%250A%2520%2520%2520%2520at%2520http%253A%252F%252Flocalhost%253A8080%252Fbase%252Fnode_modules%252Fjasmine-core%252Flib%252Fjasmine-core%252Fjasmine.js%253F578a1e5ff14db21b04e2d6db7fd0eda37042440c%253A627%250A%2520%2520%2520%2520at%2520http%253A%252F%252Flocalhost%253A8080%252Fbase%252Fnode_modules%252Fjasmine-core%252Flib%252Fjasmine-core%252Fjasmine.js%253F578a1e5ff14db21b04e2d6db7fd0eda37042440c%253A2354%250A%2520%2520%2520%2520at%2520attemptAsync%2520(http%253A%252F%252Flocalhost%253A8080%252Fbase%252Fnode_modules%252Fjasmine-core%252Flib%252Fjasmine-core%252Fjasmine.js%253F578a1e5ff14db21b04e2d6db7fd0eda37042440c%253A1819)%250A%2520%2520%2520%2520at%2520http%253A%252F%252Flocalhost%253A8080%252Fbase%252Fnode_modules%252Fjasmine-core%252Flib%252Fjasmine-core%252Fjasmine.js%253F578a1e5ff14db21b04e2d6db7fd0eda37042440c%253A1774%250A%2520%2520%2520%2520at%2520http%253A%252F%252Flocalhost%253A8080%252Fbase%252Fnode_modules%252Fjasmine-core%252Flib%252Fjasmine-core%252Fjasmine.js%253F578a1e5ff14db21b04e2d6db7fd0eda37042440c%253A1801%250A%2520%2520%2520%2520at%2520http%253A%252F%252Flocalhost%253A8080%252Fbase%252Fnode_modules%252Fjasmine-core%252Flib%252Fjasmine-core%252Fjasmine.js%253F578a1e5ff14db21b04e2d6db7fd0eda37042440c%253A1745%250A%2520%2520%2520%2520at%2520http%253A%252F%252Flocalhost%253A8080%252Fbase%252Fnode_modules%252Fjasmine-core%252Flib%252Fjasmine-core%252Fjasmine.js%253F578a1e5ff14db21b04e2d6db7fd0eda37042440c%253A2348%250A%2520%2520%2520%2520at%2520clearStack%2520(http%253A%252F%252Flocalhost%253A8080%252Fbase%252Fnode_modules%252Fjasmine-core%252Flib%252Fjasmine-core%252Fjasmine.js%253F578a1e5ff14db21b04e2d6db7fd0eda37042440c%253A605)%250A%2520%2520%2520%2520at%2520http%253A%252F%252Flocalhost%253A8080%252Fbase%252Fnode_modules%252Fjasmine-core%252Flib%252Fjasmine-core%252Fjasmine.js%253F578a1e5ff14db21b04e2d6db7fd0eda37042440c%253A1784%250A%2520%2520%2520%2520at%2520http%253A%252F%252Flocalhost%253A8080%252Fbase%252Fnode_modules%252Fjasmine-core%252Flib%252Fjasmine-core%252Fjasmine.js%253F578a1e5ff14db21b04e2d6db7fd0eda37042440c%253A1762%250A%2520%2520%2520%2520at%2520http%253A%252F%252Flocalhost%253A8080%252Fbase%252Fnode_modules%252Fjasmine-core%252Flib%252Fjasmine-core%252Fjasmine.js%253F578a1e5ff14db21b04e2d6db7fd0eda37042440c%253A627%250A%2520%2520%2520%2520at%2520http%253A%252F%252Flocalhost%253A8080%252Fbase%252Fnode_modules%252Fjasmine-core%252Flib%252Fjasmine-core%252Fjasmine.js%253F578a1e5ff14db21b04e2d6db7fd0eda37042440c%253A2354%250A%2520%2520%2520%2520at%2520attemptAsync%2520(http%253A%252F%252Flocalhost%253A8080%252Fbase%252Fnode_modules%252Fjasmine-core%252Flib%252Fjasmine-core%252Fjasmine.js%253F578a1e5ff14db21b04e2d6db7fd0eda37042440c%253A1819)%250A%2520%2520%2520%2520at%2520http%253A%252F%252Flocalhost%253A8080%252Fbase%252Fnode_modules%252Fjasmine-core%252Flib%252Fjasmine-core%252Fjasmine.js%253F578a1e5ff14db21b04e2d6db7fd0eda37042440c%253A1774%250A%2520%2520%2520%2520at%2520http%253A%252F%252Flocalhost%253A8080%252Fbase%252Fnode_modules%252Fjasmine-core%252Flib%252Fjasmine-core%252Fjasmine.js%253F578a1e5ff14db21b04e2d6db7fd0eda37042440c%253A1762%250A%2520%2520%2520%2520at%2520http%253A%252F%252Flocalhost%253A8080%252Fbase%252Fnode_modules%252Fjasmine-core%252Flib%252Fjasmine-core%252Fjasmine.js%253F578a1e5ff14db21b04e2d6db7fd0eda37042440c%253A627%250A%2520%2520%2520%2520at%2520http%253A%252F%252Flocalhost%253A8080%252Fbase%252Fnode_modules%252Fjasmine-core%252Flib%252Fjasmine-core%252Fjasmine.js%253F578a1e5ff14db21b04e2d6db7fd0eda37042440c%253A2215%250A%2520%2520%2520%2520at%2520http%253A%252F%252Flocalhost%253A8080%252Fbase%252Fnode_modules%252Fjasmine-core%252Flib%252Fjasmine-core%252Fjasmine.js%253F578a1e5ff14db21b04e2d6db7fd0eda37042440c%253A678%250A%2520%2520%2520%2520at%2520http%253A%252F%252Flocalhost%253A8080%252Fbase%252Fnode_modules%252Fkarma-jasmine%252Flib%252Fadapter.js%253F0a69ad1fa10cc8be0a12b241227d3b834f82db4f%253A317%250A%2520%2520%2520%2520at%2520http%253A%252F%252Flocalhost%253A8080%252Fkarma.js%253A185%250A%2520%2520%2520%2520at%2520http%253A%252F%252Flocalhost%253A8080%252Fcontext.html%253A127%0A%20%20%20%20at%20http%3A%2F%2Flocalhost%3A8080%2Fbase%2Fapp%2Fvendor%2Fangular%2Fangular.js%3F9d140432f81858ac1e7888708720d419d147ffa9%3A4379%0A%20%20%20%20at%20forEach%20(http%3A%2F%2Flocalhost%3A8080%2Fbase%2Fapp%2Fvendor%2Fangular%2Fangular.js%3F9d140432f81858ac1e7888708720d419d147ffa9%3A336)%0A%20%20%20%20at%20loadModules%20(http%3A%2F%2Flocalhost%3A8080%2Fbase%2Fapp%2Fvendor%2Fangular%2Fangular.js%3F9d140432f81858ac1e7888708720d419d147ffa9%3A4381)%0A%20%20%20%20at%20http%3A%2F%2Flocalhost%3A8080%2Fbase%2Fapp%2Fvendor%2Fangular%2Fangular.js%3F9d140432f81858ac1e7888708720d419d147ffa9%3A4356%0A%20%20%20%20at%20forEach%20(http%3A%2F%2Flocalhost%3A8080%2Fbase%2Fapp%2Fvendor%2Fangular%2Fangular.js%3F9d140432f81858ac1e7888708720d419d147ffa9%3A336)%0A%20%20%20%20at%20loadModules%20(http%3A%2F%2Flocalhost%3A8080%2Fbase%2Fapp%2Fvendor%2Fangular%2Fangular.js%3F9d140432f81858ac1e7888708720d419d147ffa9%3A4381)%0A%20%20%20%20at%20createInjector%20(http%3A%2F%2Flocalhost%3A8080%2Fbase%2Fapp%2Fvendor%2Fangular%2Fangular.js%3F9d140432f81858ac1e7888708720d419d147ffa9%3A4265)%0A%20%20%20%20at%20workFn%20(http%3A%2F%2Flocalhost%3A8080%2Fbase%2Fapp%2Fvendor%2Fangular-mocks%2Fangular-mocks.js%3F6fe041cc8bb7a17f894cb12d8b0d44b12644f10a%3A2409)%0A%20%20%20%20at%20attemptSync%20(http%3A%2F%2Flocalhost%3A8080%2Fbase%2Fnode_modules%2Fjasmine-core%2Flib%2Fjasmine-core%2Fjasmine.js%3F578a1e5ff14db21b04e2d6db7fd0eda37042440c%3A1789)%0A%20%20%20%20at%20http%3A%2F%2Flocalhost%3A8080%2Fbase%2Fnode_modules%2Fjasmine-core%2Flib%2Fjasmine-core%2Fjasmine.js%3F578a1e5ff14db21b04e2d6db7fd0eda37042440c%3A1777%0A%20%20%20%20at%20http%3A%2F%2Flocalhost%3A8080%2Fbase%2Fnode_modules%2Fjasmine-core%2Flib%2Fjasmine-core%2Fjasmine.js%3F578a1e5ff14db21b04e2d6db7fd0eda37042440c%3A1762%0A%20%20%20%20at%20http%3A%2F%2Flocalhost%3A8080%2Fbase%2Fnode_modules%2Fjasmine-core%2Flib%2Fjasmine-core%2Fjasmine.js%3F578a1e5ff14db21b04e2d6db7fd0eda37042440c%3A627%0A%20%20%20%20at%20http%3A%2F%2Flocalhost%3A8080%2Fbase%2Fnode_modules%2Fjasmine-core%2Flib%2Fjasmine-core%2Fjasmine.js%3F578a1e5ff14db21b04e2d6db7fd0eda37042440c%3A357%0A%20%20%20%20at%20http%3A%2F%2Flocalhost%3A8080%2Fbase%2Fnode_modules%2Fjasmine-core%2Flib%2Fjasmine-core%2Fjasmine.js%3F578a1e5ff14db21b04e2d6db7fd0eda37042440c%3A2360%0A%20%20%20%20at%20attemptAsync%20(http%3A%2F%2Flocalhost%3A8080%2Fbase%2Fnode_modules%2Fjasmine-core%2Flib%2Fjasmine-core%2Fjasmine.js%3F578a1e5ff14db21b04e2d6db7fd0eda37042440c%3A1819)%0A%20%20%20%20at%20http%3A%2F%2Flocalhost%3A8080%2Fbase%2Fnode_modules%2Fjasmine-core%2Flib%2Fjasmine-core%2Fjasmine.js%3F578a1e5ff14db21b04e2d6db7fd0eda37042440c%3A1774%0A%20%20%20%20at%20http%3A%2F%2Flocalhost%3A8080%2Fbase%2Fnode_modules%2Fjasmine-core%2Flib%2Fjasmine-core%2Fjasmine.js%3F578a1e5ff14db21b04e2d6db7fd0eda37042440c%3A1801%0A%20%20%20%20at%20http%3A%2F%2Flocalhost%3A8080%2Fbase%2Fnode_modules%2Fjasmine-core%2Flib%2Fjasmine-core%2Fjasmine.js%3F578a1e5ff14db21b04e2d6db7fd0eda37042440c%3A1745%0A%20%20%20%20at%20complete%20(http%3A%2F%2Flocalhost%3A8080%2Fbase%2Fnode_modules%2Fjasmine-core%2Flib%2Fjasmine-core%2Fjasmine.js%3F578a1e5ff14db21b04e2d6db7fd0eda37042440c%3A365)%0A%20%20%20%20at%20clearStack%20(http%3A%2F%2Flocalhost%3A8080%2Fbase%2Fnode_modules%2Fjasmine-core%2Flib%2Fjasmine-core%2Fjasmine.js%3F578a1e5ff14db21b04e2d6db7fd0eda37042440c%3A605)%0A%20%20%20%20at%20http%3A%2F%2Flocalhost%3A8080%2Fbase%2Fnode_modules%2Fjasmine-core%2Flib%2Fjasmine-core%2Fjasmine.js%3F578a1e5ff14db21b04e2d6db7fd0eda37042440c%3A1784%0A%20%20%20%20at%20http%3A%2F%2Flocalhost%3A8080%2Fbase%2Fnode_modules%2Fjasmine-core%2Flib%2Fjasmine-core%2Fjasmine.js%3F578a1e5ff14db21b04e2d6db7fd0eda37042440c%3A1762%0A%20%20%20%20at%20http%3A%2F%2Flocalhost%3A8080%2Fbase%2Fnode_modules%2Fjasmine-core%2Flib%2Fjasmine-core%2Fjasmine.js%3F578a1e5ff14db21b04e2d6db7fd0eda37042440c%3A627%0A%20%20%20%20at%20http%3A%2F%2Flocalhost%3A8080%2Fbase%2Fnode_modules%2Fjasmine-core%2Flib%2Fjasmine-core%2Fjasmine.js%3F578a1e5ff14db21b04e2d6db7fd0eda37042440c%3A357%0A%20%20%20%20at%20http%3A%2F%2Flocalhost%3A8080%2Fbase%2Fnode_modules%2Fjasmine-core%2Flib%2Fjasmine-core%2Fjasmine.js%3F578a1e5ff14db21b04e2d6db7fd0eda37042440c%3A2360%0A%20%20%20%20at%20attemptAsync%20(http%3A%2F%2Flocalhost%3A8080%2Fbase%2Fnode_modules%2Fjasmine-core%2Flib%2Fjasmine-core%2Fjasmine.js%3F578a1e5ff14db21b04e2d6db7fd0eda37042440c%3A1819)%0A%20%20%20%20at%20http%3A%2F%2Flocalhost%3A8080%2Fbase%2Fnode_modules%2Fjasmine-core%2Flib%2Fjasmine-core%2Fjasmine.js%3F578a1e5ff14db21b04e2d6db7fd0eda37042440c%3A1774%0A%20%20%20%20at%20http%3A%2F%2Flocalhost%3A8080%2Fbase%2Fnode_modules%2Fjasmine-core%2Flib%2Fjasmine-core%2Fjasmine.js%3F578a1e5ff14db21b04e2d6db7fd0eda37042440c%3A1801%0A%20%20%20%20at%20http%3A%2F%2Flocalhost%3A8080%2Fbase%2Fnode_modules%2Fjasmine-core%2Flib%2Fjasmine-core%2Fjasmine.js%3F578a1e5ff14db21b04e2d6db7fd0eda37042440c%3A1745%0A%20%20%20%20at%20complete%20(http%3A%2F%2Flocalhost%3A8080%2Fbase%2Fnode_modules%2Fjasmine-core%2Flib%2Fjasmine-core%2Fjasmine.js%3F578a1e5ff14db21b04e2d6db7fd0eda37042440c%3A365)%0A%20%20%20%20at%20clearStack%20(http%3A%2F%2Flocalhost%3A8080%2Fbase%2Fnode_modules%2Fjasmine-core%2Flib%2Fjasmine-core%2Fjasmine.js%3F578a1e5ff14db21b04e2d6db7fd0eda37042440c%3A605)%0A%20%20%20%20at%20http%3A%2F%2Flocalhost%3A8080%2Fbase%2Fnode_modules%2Fjasmine-core%2Flib%2Fjasmine-core%2Fjasmine.js%3F578a1e5ff14db21b04e2d6db7fd0eda37042440c%3A1784%0A%20%20%20%20at%20http%3A%2F%2Flocalhost%3A8080%2Fbase%2Fnode_modules%2Fjasmine-core%2Flib%2Fjasmine-core%2Fjasmine.js%3F578a1e5ff14db21b04e2d6db7fd0eda37042440c%3A1762%0A%20%20%20%20at%20http%3A%2F%2Flocalhost%3A8080%2Fbase%2Fnode_modules%2Fjasmine-core%2Flib%2Fjasmine-core%2Fjasmine.js%3F578a1e5ff14db21b04e2d6db7fd0eda37042440c%3A627%0A%20%20%20%20at%20http%3A%2F%2Flocalhost%3A8080%2Fbase%2Fnode_modules%2Fjasmine-core%2Flib%2Fjasmine-core%2Fjasmine.js%3F578a1e5ff14db21b04e2d6db7fd0eda37042440c%3A357%0A%20%20%20%20at%20http%3A%2F%2Flocalhost%3A8080%2Fbase%2Fnode_modules%2Fjasmine-core%2Flib%2Fjasmine-core%2Fjasmine.js%3F578a1e5ff14db21b04e2d6db7fd0eda37042440c%3A2360%0A%20%20%20%20at%20attemptAsync%20(http%3A%2F%2Flocalhost%3A8080%2Fbase%2Fnode_modules%2Fjasmine-core%2Flib%2Fjasmine-core%2Fjasmine.js%3F578a1e5ff14db21b04e2d6db7fd0eda37042440c%3A1819)%0A%20%20%20%20at%20http%3A%2F%2Flocalhost%3A8080%2Fbase%2Fnode_modules%2Fjasmine-core%2Flib%2Fjasmine-core%2Fjasmine.js%3F578a1e5ff14db21b04e2d6db7fd0eda37042440c%3A1774%0A%20%20%20%20at%20http%3A%2F%2Flocalhost%3A8080%2Fbase%2Fnode_modules%2Fjasmine-core%2Flib%2Fjasmine-core%2Fjasmine.js%3F578a1e5ff14db21b04e2d6db7fd0eda37042440c%3A1801%0A%20%20%20%20at%20http%3A%2F%2Flocalhost%3A8080%2Fbase%2Fnode_modules%2Fjasmine-core%2Flib%2Fjasmine-core%2Fjasmine.js%3F578a1e5ff14db21b04e2d6db7fd0eda37042440c%3A1745%0A%20%20%20%20at%20complete%20(http%3A%2F%2Flocalhost%3A8080%2Fbase%2Fnode_modules%2Fjasmine-core%2Flib%2Fjasmine-core%2Fjasmine.js%3F578a1e5ff14db21b04e2d6db7fd0eda37042440c%3A365)%0A%20%20%20%20at%20clearStack%20(http%3A%2F%2Flocalhost%3A8080%2Fbase%2Fnode_modules%2Fjasmine-core%2Flib%2Fjasmine-core%2Fjasmine.js%3F578a1e5ff14db21b04e2d6db7fd0eda37042440c%3A605)%0A%20%20%20%20at%20http%3A%2F%2Flocalhost%3A8080%2Fbase%2Fnode_modules%2Fjasmine-core%2Flib%2Fjasmine-core%2Fjasmine.js%3F578a1e5ff14db21b04e2d6db7fd0eda37042440c%3A1784%0A%20%20%20%20at%20http%3A%2F%2Flocalhost%3A8080%2Fbase%2Fnode_modules%2Fjasmine-core%2Flib%2Fjasmine-core%2Fjasmine.js%3F578a1e5ff14db21b04e2d6db7fd0eda37042440c%3A1762%0A%20%20%20%20at%20http%3A%2F%2Flocalhost%3A8080%2Fbase%2Fnode_modules%2Fjasmine-core%2Flib%2Fjasmine-core%2Fjasmine.js%3F578a1e5ff14db21b04e2d6db7fd0eda37042440c%3A627%0A%20%20%20%20at%20http%3A%2F%2Flocalhost%3A8080%2Fbase%2Fnode_modules%2Fjasmine-core%2Flib%2Fjasmine-core%2Fjasmine.js%3F578a1e5ff14db21b04e2d6db7fd0eda37042440c%3A357%0A%20%20%20%20at%20http%3A%2F%2Flocalhost%3A8080%2Fbase%2Fnode_modules%2Fjasmine-core%2Flib%2Fjasmine-core%2Fjasmine.js%3F578a1e5ff14db21b04e2d6db7fd0eda37042440c%3A2360%0A%20%20%20%20at%20attemptAsync%20(http%3A%2F%2Flocalhost%3A8080%2Fbase%2Fnode_modules%2Fjasmine-core%2Flib%2Fjasmine-core%2Fjasmine.js%3F578a1e5ff14db21b04e2d6db7fd0eda37042440c%3A1819)%0A%20%20%20%20at%20http%3A%2F%2Flocalhost%3A8080%2Fbase%2Fnode_modules%2Fjasmine-core%2Flib%2Fjasmine-core%2Fjasmine.js%3F578a1e5ff14db21b04e2d6db7fd0eda37042440c%3A1774%0A%20%20%20%20at%20http%3A%2F%2Flocalhost%3A8080%2Fbase%2Fnode_modules%2Fjasmine-core%2Flib%2Fjasmine-core%2Fjasmine.js%3F578a1e5ff14db21b04e2d6db7fd0eda37042440c%3A1801%0A%20%20%20%20at%20http%3A%2F%2Flocalhost%3A8080%2Fbase%2Fnode_modules%2Fjasmine-core%2Flib%2Fjasmine-core%2Fjasmine.js%3F578a1e5ff14db21b04e2d6db7fd0eda37042440c%3A1745%0A%20%20%20%20at%20complete%20(http%3A%2F%2Flocalhost%3A8080%2Fbase%2Fnode_modules%2Fjasmine-core%2Flib%2Fjasmine-core%2Fjasmine.js%3F578a1e5ff14db21b04e2d6db7fd0eda37042440c%3A365)%0A%20%20%20%20at%20clearStack%20(http%3A%2F%2Flocalhost%3A8080%2Fbase%2Fnode_modules%2Fjasmine-core%2Flib%2Fjasmine-core%2Fjasmine.js%3F578a1e5ff14db21b04e2d6db7fd0eda37042440c%3A605)%0A%20%20%20%20at%20http%3A%2F%2Flocalhost%3A8080%2Fbase%2Fnode_modules%2Fjasmine-core%2Flib%2Fjasmine-core%2Fjasmine.js%3F578a1e5ff14db21b04e2d6db7fd0eda37042440c%3A1784%0A%20%20%20%20at%20http%3A%2F%2Flocalhost%3A8080%2Fbase%2Fnode_modules%2Fjasmine-core%2Flib%2Fjasmine-core%2Fjasmine.js%3F578a1e5ff14db21b04e2d6db7fd0eda37042440c%3A1762%0A%20%20%20%20at%20http%3A%2F%2Flocalhost%3A8080%2Fbase%2Fnode_modules%2Fjasmine-core%2Flib%2Fjasmine-core%2Fjasmine.js%3F578a1e5ff14db21b04e2d6db7fd0eda37042440c%3A627%0A%20%20%20%20at%20http%3A%2F%2Flocalhost%3A8080%2Fbase%2Fnode_modules%2Fjasmine-core%2Flib%2Fjasmine-core%2Fjasmine.js%3F578a1e5ff14db21b04e2d6db7fd0eda37042440c%3A357%0A%20%20%20%20at%20http%3A%2F%2Flocalhost%3A8080%2Fbase%2Fnode_modules%2Fjasmine-core%2Flib%2Fjasmine-core%2Fjasmine.js%3F578a1e5ff14db21b04e2d6db7fd0eda37042440c%3A2360%0A%20%20%20%20at%20attemptAsync%20(http%3A%2F%2Flocalhost%3A8080%2Fbase%2Fnode_modules%2Fjasmine-core%2Flib%2Fjasmine-core%2Fjasmine.js%3F578a1e5ff14db21b04e2d6db7fd0eda37042440c%3A1819)%0A%20%20%20%20at%20http%3A%2F%2Flocalhost%3A8080%2Fbase%2Fnode_modules%2Fjasmine-core%2Flib%2Fjasmine-core%2Fjasmine.js%3F578a1e5ff14db21b04e2d6db7fd0eda37042440c%3A1774%0A%20%20%20%20at%20http%3A%2F%2Flocalhost%3A8080%2Fbase%2Fnode_modules%2Fjasmine-core%2Flib%2Fjasmine-core%2Fjasmine.js%3F578a1e5ff14db21b04e2d6db7fd0eda37042440c%3A1762%0A%20%20%20%20at%20http%3A%2F%2Flocalhost%3A8080%2Fbase%2Fnode_modules%2Fjasmine-core%2Flib%2Fjasmine-core%2Fjasmine.js%3F578a1e5ff14db21b04e2d6db7fd0eda37042440c%3A627%0A%20%20%20%20at%20http%3A%2F%2Flocalhost%3A8080%2Fbase%2Fnode_modules%2Fjasmine-core%2Flib%2Fjasmine-core%2Fjasmine.js%3F578a1e5ff14db21b04e2d6db7fd0eda37042440c%3A2354%0A%20%20%20%20at%20attemptAsync%20(http%3A%2F%2Flocalhost%3A8080%2Fbase%2Fnode_modules%2Fjasmine-core%2Flib%2Fjasmine-core%2Fjasmine.js%3F578a1e5ff14db21b04e2d6db7fd0eda37042440c%3A1819)%0A%20%20%20%20at%20http%3A%2F%2Flocalhost%3A8080%2Fbase%2Fnode_modules%2Fjasmine-core%2Flib%2Fjasmine-core%2Fjasmine.js%3F578a1e5ff14db21b04e2d6db7fd0eda37042440c%3A1774%0A%20%20%20%20at%20http%3A%2F%2Flocalhost%3A8080%2Fbase%2Fnode_modules%2Fjasmine-core%2Flib%2Fjasmine-core%2Fjasmine.js%3F578a1e5ff14db21b04e2d6db7fd0eda37042440c%3A1801%0A%20%20%20%20at%20http%3A%2F%2Flocalhost%3A8080%2Fbase%2Fnode_modules%2Fjasmine-core%2Flib%2Fjasmine-core%2Fjasmine.js%3F578a1e5ff14db21b04e2d6db7fd0eda37042440c%3A1745%0A%20%20%20%20at%20http%3A%2F%2Flocalhost%3A8080%2Fbase%2Fnode_modules%2Fjasmine-core%2Flib%2Fjasmine-core%2Fjasmine.js%3F578a1e5ff14db21b04e2d6db7fd0eda37042440c%3A2348%0A%20%20%20%20at%20clearStack%20(http%3A%2F%2Flocalhost%3A8080%2Fbase%2Fnode_modules%2Fjasmine-core%2Flib%2Fjasmine-core%2Fjasmine.js%3F578a1e5ff14db21b04e2d6db7fd0eda37042440c%3A605)%0A%20%20%20%20at%20http%3A%2F%2Flocalhost%3A8080%2Fbase%2Fnode_modules%2Fjasmine-core%2Flib%2Fjasmine-core%2Fjasmine.js%3F578a1e5ff14db21b04e2d6db7fd0eda37042440c%3A1784%0A%20%20%20%20at%20http%3A%2F%2Flocalhost%3A8080%2Fbase%2Fnode_modules%2Fjasmine-core%2Flib%2Fjasmine-core%2Fjasmine.js%3F578a1e5ff14db21b04e2d6db7fd0eda37042440c%3A1762%0A%20%20%20%20at%20http%3A%2F%2Flocalhost%3A8080%2Fbase%2Fnode_modules%2Fjasmine-core%2Flib%2Fjasmine-core%2Fjasmine.js%3F578a1e5ff14db21b04e2d6db7fd0eda37042440c%3A627%0A%20%20%20%20at%20http%3A%2F%2Flocalhost%3A8080%2Fbase%2Fnode_modules%2Fjasmine-core%2Flib%2Fjasmine-core%2Fjasmine.js%3F578a1e5ff14db21b04e2d6db7fd0eda37042440c%3A2354%0A%20%20%20%20at%20attemptAsync%20(http%3A%2F%2Flocalhost%3A8080%2Fbase%2Fnode_modules%2Fjasmine-core%2Flib%2Fjasmine-core%2Fjasmine.js%3F578a1e5ff14db21b04e2d6db7fd0eda37042440c%3A1819)%0A%20%20%20%20at%20http%3A%2F%2Flocalhost%3A8080%2Fbase%2Fnode_modules%2Fjasmine-core%2Flib%2Fjasmine-core%2Fjasmine.js%3F578a1e5ff14db21b04e2d6db7fd0eda37042440c%3A1774%0A%20%20%20%20at%20http%3A%2F%2Flocalhost%3A8080%2Fbase%2Fnode_modules%2Fjasmine-core%2Flib%2Fjasmine-core%2Fjasmine.js%3F578a1e5ff14db21b04e2d6db7fd0eda37042440c%3A1801%0A%20%20%20%20at%20http%3A%2F%2Flocalhost%3A8080%2Fbase%2Fnode_modules%2Fjasmine-core%2Flib%2Fjasmine-core%2Fjasmine.js%3F578a1e5ff14db21b04e2d6db7fd0eda37042440c%3A1745%0A%20%20%20%20at%20http%3A%2F%2Flocalhost%3A8080%2Fbase%2Fnode_modules%2Fjasmine-core%2Flib%2Fjasmine-core%2Fjasmine.js%3F578a1e5ff14db21b04e2d6db7fd0eda37042440c%3A2348%0A%20%20%20%20at%20clearStack%20(http%3A%2F%2Flocalhost%3A8080%2Fbase%2Fnode_modules%2Fjasmine-core%2Flib%2Fjasmine-core%2Fjasmine.js%3F578a1e5ff14db21b04e2d6db7fd0eda37042440c%3A605)%0A%20%20%20%20at%20http%3A%2F%2Flocalhost%3A8080%2Fbase%2Fnode_modules%2Fjasmine-core%2Flib%2Fjasmine-core%2Fjasmine.js%3F578a1e5ff14db21b04e2d6db7fd0eda37042440c%3A1784%0A%20%20%20%20at%20http%3A%2F%2Flocalhost%3A8080%2Fbase%2Fnode_modules%2Fjasmine-core%2Flib%2Fjasmine-core%2Fjasmine.js%3F578a1e5ff14db21b04e2d6db7fd0eda37042440c%3A1762%0A%20%20%20%20at%20http%3A%2F%2Flocalhost%3A8080%2Fbase%2Fnode_modules%2Fjasmine-core%2Flib%2Fjasmine-core%2Fjasmine.js%3F578a1e5ff14db21b04e2d6db7fd0eda37042440c%3A627%0A%20%20%20%20at%20http%3A%2F%2Flocalhost%3A8080%2Fbase%2Fnode_modules%2Fjasmine-core%2Flib%2Fjasmine-core%2Fjasmine.js%3F578a1e5ff14db21b04e2d6db7fd0eda37042440c%3A2354%0A%20%20%20%20at%20attemptAsync%20(http%3A%2F%2Flocalhost%3A8080%2Fbase%2Fnode_modules%2Fjasmine-core%2Flib%2Fjasmine-core%2Fjasmine.js%3F578a1e5ff14db21b04e2d6db7fd0eda37042440c%3A1819)%0A%20%20%20%20at%20http%3A%2F%2Flocalhost%3A8080%2Fbase%2Fnode_modules%2Fjasmine-core%2Flib%2Fjasmine-core%2Fjasmine.js%3F578a1e5ff14db21b04e2d6db7fd0eda37042440c%3A1774%0A%20%20%20%20at%20http%3A%2F%2Flocalhost%3A8080%2Fbase%2Fnode_modules%2Fjasmine-core%2Flib%2Fjasmine-core%2Fjasmine.js%3F578a1e5ff14db21b04e2d6db7fd0eda37042440c%3A1801%0A%20%20%20%20at%20http%3A%2F%2Flocalhost%3A8080%2Fbase%2Fnode_modules%2Fjasmine-core%2Flib%2Fjasmine-core%2Fjasmine.js%3F578a1e5ff14db21b04e2d6db7fd0eda37042440c%3A1745%0A%20%20%20%20at%20http%3A%2F%2Flocalhost%3A8080%2Fbase%2Fnode_modules%2Fjasmine-core%2Flib%2Fjasmine-core%2Fjasmine.js%3F578a1e5ff14db21b04e2d6db7fd0eda37042440c%3A2348%0A%20%20%20%20at%20clearStack%20(http%3A%2F%2Flocalhost%3A8080%2Fbase%2Fnode_modules%2Fjasmine-core%2Flib%2Fjasmine-core%2Fjasmine.js%3F578a1e5ff14db21b04e2d6db7fd0eda37042440c%3A605)%0A%20%20%20%20at%20http%3A%2F%2Flocalhost%3A8080%2Fbase%2Fnode_modules%2Fjasmine-core%2Flib%2Fjasmine-core%2Fjasmine.js%3F578a1e5ff14db21b04e2d6db7fd0eda37042440c%3A1784%0A%20%20%20%20at%20http%3A%2F%2Flocalhost%3A8080%2Fbase%2Fnode_modules%2Fjasmine-core%2Flib%2Fjasmine-core%2Fjasmine.js%3F578a1e5ff14db21b04e2d6db7fd0eda37042440c%3A1801%0A%20%20%20%20at%20http%3A%2F%2Flocalhost%3A8080%2Fbase%2Fnode_modules%2Fjasmine-core%2Flib%2Fjasmine-core%2Fjasmine.js%3F578a1e5ff14db21b04e2d6db7fd0eda37042440c%3A1745%0A%20%20%20%20at%20complete%20(http%3A%2F%2Flocalhost%3A8080%2Fbase%2Fnode_modules%2Fjasmine-core%2Flib%2Fjasmine-core%2Fjasmine.js%3F578a1e5ff14db21b04e2d6db7fd0eda37042440c%3A365)%0A%20%20%20%20at%20clearStack%20(http%3A%2F%2Flocalhost%3A8080%2Fbase%2Fnode_modules%2Fjasmine-core%2Flib%2Fjasmine-core%2Fjasmine.js%3F578a1e5ff14db21b04e2d6db7fd0eda37042440c%3A605)%0A%20%20%20%20at%20http%3A%2F%2Flocalhost%3A8080%2Fbase%2Fnode_modules%2Fjasmine-core%2Flib%2Fjasmine-core%2Fjasmine.js%3F578a1e5ff14db21b04e2d6db7fd0eda37042440c%3A1784%0A%20%20%20%20at%20http%3A%2F%2Flocalhost%3A8080%2Fbase%2Fnode_modules%2Fjasmine-core%2Flib%2Fjasmine-core%2Fjasmine.js%3F578a1e5ff14db21b04e2d6db7fd0eda37042440c%3A1762%0A%20%20%20%20at%20http%3A%2F%2Flocalhost%3A8080%2Fbase%2Fnode_modules%2Fjasmine-core%2Flib%2Fjasmine-core%2Fjasmine.js%3F578a1e5ff14db21b04e2d6db7fd0eda37042440c%3A627%0A%20%20%20%20at%20http%3A%2F%2Flocalhost%3A8080%2Fbase%2Fnode_modules%2Fjasmine-core%2Flib%2Fjasmine-core%2Fjasmine.js%3F578a1e5ff14db21b04e2d6db7fd0eda37042440c%3A357%0A%20%20%20%20at%20http%3A%2F%2Flocalhost%3A8080%2Fbase%2Fnode_modules%2Fjasmine-core%2Flib%2Fjasmine-core%2Fjasmine.js%3F578a1e5ff14db21b04e2d6db7fd0eda37042440c%3A2360%0A%20%20%20%20at%20attemptAsync%20(http%3A%2F%2Flocalhost%3A8080%2Fbase%2Fnode_modules%2Fjasmine-core%2Flib%2Fjasmine-core%2Fjasmine.js%3F578a1e5ff14db21b04e2d6db7fd0eda37042440c%3A1819)%0A%20%20%20%20at%20http%3A%2F%2Flocalhost%3A8080%2Fbase%2Fnode_modules%2Fjasmine-core%2Flib%2Fjasmine-core%2Fjasmine.js%3F578a1e5ff14db21b04e2d6db7fd0eda37042440c%3A1774%0A%20%20%20%20at%20http%3A%2F%2Flocalhost%3A8080%2Fbase%2Fnode_modules%2Fjasmine-core%2Flib%2Fjasmine-core%2Fjasmine.js%3F578a1e5ff14db21b04e2d6db7fd0eda37042440c%3A1801%0A%20%20%20%20at%20http%3A%2F%2Flocalhost%3A8080%2Fbase%2Fnode_modules%2Fjasmine-core%2Flib%2Fjasmine-core%2Fjasmine.js%3F578a1e5ff14db21b04e2d6db7fd0eda37042440c%3A1745%0A%20%20%20%20at%20complete%20(http%3A%2F%2Flocalhost%3A8080%2Fbase%2Fnode_modules%2Fjasmine-core%2Flib%2Fjasmine-core%2Fjasmine.js%3F578a1e5ff14db21b04e2d6db7fd0eda37042440c%3A365)%0A%20%20%20%20at%20clearStack%20(http%3A%2F%2Flocalhost%3A8080%2Fbase%2Fnode_modules%2Fjasmine-core%2Flib%2Fjasmine-core%2Fjasmine.js%3F578a1e5ff14db21b04e2d6db7fd0eda37042440c%3A605)%0A%20%20%20%20at%20http%3A%2F%2Flocalhost%3A8080%2Fbase%2Fnode_modules%2Fjasmine-core%2Flib%2Fjasmine-core%2Fjasmine.js%3F578a1e5ff14db21b04e2d6db7fd0eda37042440c%3A1784%0A%20%20%20%20at%20http%3A%2F%2Flocalhost%3A8080%2Fbase%2Fnode_modules%2Fjasmine-core%2Flib%2Fjasmine-core%2Fjasmine.js%3F578a1e5ff14db21b04e2d6db7fd0eda37042440c%3A1762%0A%20%20%20%20at%20http%3A%2F%2Flocalhost%3A8080%2Fbase%2Fnode_modules%2Fjasmine-core%2Flib%2Fjasmine-core%2Fjasmine.js%3F578a1e5ff14db21b04e2d6db7fd0eda37042440c%3A627%0A%20%20%20%20at%20http%3A%2F%2Flocalhost%3A8080%2Fbase%2Fnode_modules%2Fjasmine-core%2Flib%2Fjasmine-core%2Fjasmine.js%3F578a1e5ff14db21b04e2d6db7fd0eda37042440c%3A357%0A%20%20%20%20at%20http%3A%2F%2Flocalhost%3A8080%2Fbase%2Fnode_modules%2Fjasmine-core%2Flib%2Fjasmine-core%2Fjasmine.js%3F578a1e5ff14db21b04e2d6db7fd0eda37042440c%3A2360%0A%20%20%20%20at%20attemptAsync%20(http%3A%2F%2Flocalhost%3A8080%2Fbase%2Fnode_modules%2Fjasmine-core%2Flib%2Fjasmine-core%2Fjasmine.js%3F578a1e5ff14db21b04e2d6db7fd0eda37042440c%3A1819)%0A%20%20%20%20at%20http%3A%2F%2Flocalhost%3A8080%2Fbase%2Fnode_modules%2Fjasmine-core%2Flib%2Fjasmine-core%2Fjasmine.js%3F578a1e5ff14db21b04e2d6db7fd0eda37042440c%3A1774%0A%20%20%20%20at%20http%3A%2F%2Flocalhost%3A8080%2Fbase%2Fnode_modules%2Fjasmine-core%2Flib%2Fjasmine-core%2Fjasmine.js%3F578a1e5ff14db21b04e2d6db7fd0eda37042440c%3A1762%0A%20%20%20%20at%20http%3A%2F%2Flocalhost%3A8080%2Fbase%2Fnode_modules%2Fjasmine-core%2Flib%2Fjasmine-core%2Fjasmine.js%3F578a1e5ff14db21b04e2d6db7fd0eda37042440c%3A627%0A%20%20%20%20at%20http%3A%2F%2Flocalhost%3A8080%2Fbase%2Fnode_modules%2Fjasmine-core%2Flib%2Fjasmine-core%2Fjasmine.js%3F578a1e5ff14db21b04e2d6db7fd0eda37042440c%3A2354%0A%20%20%20%20at%20attemptAsync%20(http%3A%2F%2Flocalhost%3A8080%2Fbase%2Fnode_modules%2Fjasmine-core%2Flib%2Fjasmine-core%2Fjasmine.js%3F578a1e5ff14db21b04e2d6db7fd0eda37042440c%3A1819)%0A%20%20%20%20at%20http%3A%2F%2Flocalhost%3A8080%2Fbase%2Fnode_modules%2Fjasmine-core%2Flib%2Fjasmine-core%2Fjasmine.js%3F578a1e5ff14db21b04e2d6db7fd0eda37042440c%3A1774%0A%20%20%20%20at%20http%3A%2F%2Flocalhost%3A8080%2Fbase%2Fnode_modules%2Fjasmine-core%2Flib%2Fjasmine-core%2Fjasmine.js%3F578a1e5ff14db21b04e2d6db7fd0eda37042440c%3A1801%0A%20%20%20%20at%20http%3A%2F%2Flocalhost%3A8080%2Fbase%2Fnode_modules%2Fjasmine-core%2Flib%2Fjasmine-core%2Fjasmine.js%3F578a1e5ff14db21b04e2d6db7fd0eda37042440c%3A1745%0A%20%20%20%20at%20http%3A%2F%2Flocalhost%3A8080%2Fbase%2Fnode_modules%2Fjasmine-core%2Flib%2Fjasmine-core%2Fjasmine.js%3F578a1e5ff14db21b04e2d6db7fd0eda37042440c%3A2348%0A%20%20%20%20at%20clearStack%20(http%3A%2F%2Flocalhost%3A8080%2Fbase%2Fnode_modules%2Fjasmine-core%2Flib%2Fjasmine-core%2Fjasmine.js%3F578a1e5ff14db21b04e2d6db7fd0eda37042440c%3A605)%0A%20%20%20%20at%20http%3A%2F%2Flocalhost%3A8080%2Fbase%2Fnode_modules%2Fjasmine-core%2Flib%2Fjasmine-core%2Fjasmine.js%3F578a1e5ff14db21b04e2d6db7fd0eda37042440c%3A1784%0A%20%20%20%20at%20http%3A%2F%2Flocalhost%3A8080%2Fbase%2Fnode_modules%2Fjasmine-core%2Flib%2Fjasmine-core%2Fjasmine.js%3F578a1e5ff14db21b04e2d6db7fd0eda37042440c%3A1762%0A%20%20%20%20at%20http%3A%2F%2Flocalhost%3A8080%2Fbase%2Fnode_modules%2Fjasmine-core%2Flib%2Fjasmine-core%2Fjasmine.js%3F578a1e5ff14db21b04e2d6db7fd0eda37042440c%3A627%0A%20%20%20%20at%20http%3A%2F%2Flocalhost%3A8080%2Fbase%2Fnode_modules%2Fjasmine-core%2Flib%2Fjasmine-core%2Fjasmine.js%3F578a1e5ff14db21b04e2d6db7fd0eda37042440c%3A2354%0A%20%20%20%20at%20attemptAsync%20(http%3A%2F%2Flocalhost%3A8080%2Fbase%2Fnode_modules%2Fjasmine-core%2Flib%2Fjasmine-core%2Fjasmine.js%3F578a1e5ff14db21b04e2d6db7fd0eda37042440c%3A1819)%0A%20%20%20%20at%20http%3A%2F%2Flocalhost%3A8080%2Fbase%2Fnode_modules%2Fjasmine-core%2Flib%2Fjasmine-core%2Fjasmine.js%3F578a1e5ff14db21b04e2d6db7fd0eda37042440c%3A1774%0A%20%20%20%20at%20http%3A%2F%2Flocalhost%3A8080%2Fbase%2Fnode_modules%2Fjasmine-core%2Flib%2Fjasmine-core%2Fjasmine.js%3F578a1e5ff14db21b04e2d6db7fd0eda37042440c%3A1801%0A%20%20%20%20at%20http%3A%2F%2Flocalhost%3A8080%2Fbase%2Fnode_modules%2Fjasmine-core%2Flib%2Fjasmine-core%2Fjasmine.js%3F578a1e5ff14db21b04e2d6db7fd0eda37042440c%3A1745%0A%20%20%20%20at%20http%3A%2F%2Flocalhost%3A8080%2Fbase%2Fnode_modules%2Fjasmine-core%2Flib%2Fjasmine-core%2Fjasmine.js%3F578a1e5ff14db21b04e2d6db7fd0eda37042440c%3A2348%0A%20%20%20%20at%20clearStack%20(http%3A%2F%2Flocalhost%3A8080%2Fbase%2Fnode_modules%2Fjasmine-core%2Flib%2Fjasmine-core%2Fjasmine.js%3F578a1e5ff14db21b04e2d6db7fd0eda37042440c%3A605)%0A%20%20%20%20at%20http%3A%2F%2Flocalhost%3A8080%2Fbase%2Fnode_modules%2Fjasmine-core%2Flib%2Fjasmine-core%2Fjasmine.js%3F578a1e5ff14db21b04e2d6db7fd0eda37042440c%3A1784%0A%20%20%20%20at%20http%3A%2F%2Flocalhost%3A8080%2Fbase%2Fnode_modules%2Fjasmine-core%2Flib%2Fjasmine-core%2Fjasmine.js%3F578a1e5ff14db21b04e2d6db7fd0eda37042440c%3A1762%0A%20%20%20%20at%20http%3A%2F%2Flocalhost%3A8080%2Fbase%2Fnode_modules%2Fjasmine-core%2Flib%2Fjasmine-core%2Fjasmine.js%3F578a1e5ff14db21b04e2d6db7fd0eda37042440c%3A627%0A%20%20%20%20at%20http%3A%2F%2Flocalhost%3A8080%2Fbase%2Fnode_modules%2Fjasmine-core%2Flib%2Fjasmine-core%2Fjasmine.js%3F578a1e5ff14db21b04e2d6db7fd0eda37042440c%3A2354%0A%20%20%20%20at%20attemptAsync%20(http%3A%2F%2Flocalhost%3A8080%2Fbase%2Fnode_modules%2Fjasmine-core%2Flib%2Fjasmine-core%2Fjasmine.js%3F578a1e5ff14db21b04e2d6db7fd0eda37042440c%3A1819)%0A%20%20%20%20at%20http%3A%2F%2Flocalhost%3A8080%2Fbase%2Fnode_modules%2Fjasmine-core%2Flib%2Fjasmine-core%2Fjasmine.js%3F578a1e5ff14db21b04e2d6db7fd0eda37042440c%3A1774%0A%20%20%20%20at%20http%3A%2F%2Flocalhost%3A8080%2Fbase%2Fnode_modules%2Fjasmine-core%2Flib%2Fjasmine-core%2Fjasmine.js%3F578a1e5ff14db21b04e2d6db7fd0eda37042440c%3A1801%0A%20%20%20%20at%20http%3A%2F%2Flocalhost%3A8080%2Fbase%2Fnode_modules%2Fjasmine-core%2Flib%2Fjasmine-core%2Fjasmine.js%3F578a1e5ff14db21b04e2d6db7fd0eda37042440c%3A1745%0A%20%20%20%20at%20http%3A%2F%2Flocalhost%3A8080%2Fbase%2Fnode_modules%2Fjasmine-core%2Flib%2Fjasmine-core%2Fjasmine.js%3F578a1e5ff14db21b04e2d6db7fd0eda37042440c%3A2348%0A%20%20%20%20at%20clearStack%20(http%3A%2F%2Flocalhost%3A8080%2Fbase%2Fnode_modules%2Fjasmine-core%2Flib%2Fjasmine-core%2Fjasmine.js%3F578a1e5ff14db21b04e2d6db7fd0eda37042440c%3A605)%0A%20%20%20%20at%20http%3A%2F%2Flocalhost%3A8080%2Fbase%2Fnode_modules%2Fjasmine-core%2Flib%2Fjasmine-core%2Fjasmine.js%3F578a1e5ff14db21b04e2d6db7fd0eda37042440c%3A1784%0A%20%20%20%20at%20http%3A%2F%2Flocalhost%3A8080%2Fbase%2Fnode_modules%2Fjasmine-core%2Flib%2Fjasmine-core%2Fjasmine.js%3F578a1e5ff14db21b04e2d6db7fd0eda37042440c%3A1762%0A%20%20%20%20at%20http%3A%2F%2Flocalhost%3A8080%2Fbase%2Fnode_modules%2Fjasmine-core%2Flib%2Fjasmine-core%2Fjasmine.js%3F578a1e5ff14db21b04e2d6db7fd0eda37042440c%3A627%0A%20%20%20%20at%20http%3A%2F%2Flocalhost%3A8080%2Fbase%2Fnode_modules%2Fjasmine-core%2Flib%2Fjasmine-core%2Fjasmine.js%3F578a1e5ff14db21b04e2d6db7fd0eda37042440c%3A2354%0A%20%20%20%20at%20attemptAsync%20(http%3A%2F%2Flocalhost%3A8080%2Fbase%2Fnode_modules%2Fjasmine-core%2Flib%2Fjasmine-core%2Fjasmine.js%3F578a1e5ff14db21b04e2d6db7fd0eda37042440c%3A1819)%0A%20%20%20%20at%20http%3A%2F%2Flocalhost%3A8080%2Fbase%2Fnode_modules%2Fjasmine-core%2Flib%2Fjasmine-core%2Fjasmine.js%3F578a1e5ff14db21b04e2d6db7fd0eda37042440c%3A1774%0A%20%20%20%20at%20http%3A%2F%2Flocalhost%3A8080%2Fbase%2Fnode_modules%2Fjasmine-core%2Flib%2Fjasmine-core%2Fjasmine.js%3F578a1e5ff14db21b04e2d6db7fd0eda37042440c%3A1801%0A%20%20%20%20at%20http%3A%2F%2Flocalhost%3A8080%2Fbase%2Fnode_modules%2Fjasmine-core%2Flib%2Fjasmine-core%2Fjasmine.js%3F578a1e5ff14db21b04e2d6db7fd0eda37042440c%3A1745%0A%20%20%20%20at%20http%3A%2F%2Flocalhost%3A8080%2Fbase%2Fnode_modules%2Fjasmine-core%2Flib%2Fjasmine-core%2Fjasmine.js%3F578a1e5ff14db21b04e2d6db7fd0eda37042440c%3A2348%0A%20%20%20%20at%20clearStack%20(http%3A%2F%2Flocalhost%3A8080%2Fbase%2Fnode_modules%2Fjasmine-core%2Flib%2Fjasmine-core%2Fjasmine.js%3F578a1e5ff14db21b04e2d6db7fd0eda37042440c%3A605)%0A%20%20%20%20at%20http%3A%2F%2Flocalhost%3A8080%2Fbase%2Fnode_modules%2Fjasmine-core%2Flib%2Fjasmine-core%2Fjasmine.js%3F578a1e5ff14db21b04e2d6db7fd0eda37042440c%3A1784%0A%20%20%20%20at%20http%3A%2F%2Flocalhost%3A8080%2Fbase%2Fnode_modules%2Fjasmine-core%2Flib%2Fjasmine-core%2Fjasmine.js%3F578a1e5ff14db21b04e2d6db7fd0eda37042440c%3A1762%0A%20%20%20%20at%20http%3A%2F%2Flocalhost%3A8080%2Fbase%2Fnode_modules%2Fjasmine-core%2Flib%2Fjasmine-core%2Fjasmine.js%3F578a1e5ff14db21b04e2d6db7fd0eda37042440c%3A627%0A%20%20%20%20at%20http%3A%2F%2Flocalhost%3A8080%2Fbase%2Fnode_modules%2Fjasmine-core%2Flib%2Fjasmine-core%2Fjasmine.js%3F578a1e5ff14db21b04e2d6db7fd0eda37042440c%3A2354%0A%20%20%20%20at%20attemptAsync%20(http%3A%2F%2Flocalhost%3A8080%2Fbase%2Fnode_modules%2Fjasmine-core%2Flib%2Fjasmine-core%2Fjasmine.js%3F578a1e5ff14db21b04e2d6db7fd0eda37042440c%3A1819)%0A%20%20%20%20at%20http%3A%2F%2Flocalhost%3A8080%2Fbase%2Fnode_modules%2Fjasmine-core%2Flib%2Fjasmine-core%2Fjasmine.js%3F578a1e5ff14db21b04e2d6db7fd0eda37042440c%3A1774%0A%20%20%20%20at%20http%3A%2F%2Flocalhost%3A8080%2Fbase%2Fnode_modules%2Fjasmine-core%2Flib%2Fjasmine-core%2Fjasmine.js%3F578a1e5ff14db21b04e2d6db7fd0eda37042440c%3A1801%0A%20%20%20%20at%20http%3A%2F%2Flocalhost%3A8080%2Fbase%2Fnode_modules%2Fjasmine-core%2Flib%2Fjasmine-core%2Fjasmine.js%3F578a1e5ff14db21b04e2d6db7fd0eda37042440c%3A1745%0A%20%20%20%20at%20http%3A%2F%2Flocalhost%3A8080%2Fbase%2Fnode_modules%2Fjasmine-core%2Flib%2Fjasmine-core%2Fjasmine.js%3F578a1e5ff14db21b04e2d6db7fd0eda37042440c%3A2348%0A%20%20%20%20at%20clearStack%20(http%3A%2F%2Flocalhost%3A8080%2Fbase%2Fnode_modules%2Fjasmine-core%2Flib%2Fjasmine-core%2Fjasmine.js%3F578a1e5ff14db21b04e2d6db7fd0eda37042440c%3A605)%0A%20%20%20%20at%20http%3A%2F%2Flocalhost%3A8080%2Fbase%2Fnode_modules%2Fjasmine-core%2Flib%2Fjasmine-core%2Fjasmine.js%3F578a1e5ff14db21b04e2d6db7fd0eda37042440c%3A1784%0A%20%20%20%20at%20http%3A%2F%2Flocalhost%3A8080%2Fbase%2Fnode_modules%2Fjasmine-core%2Flib%2Fjasmine-core%2Fjasmine.js%3F578a1e5ff14db21b04e2d6db7fd0eda37042440c%3A1762%0A%20%20%20%20at%20http%3A%2F%2Flocalhost%3A8080%2Fbase%2Fnode_modules%2Fjasmine-core%2Flib%2Fjasmine-core%2Fjasmine.js%3F578a1e5ff14db21b04e2d6db7fd0eda37042440c%3A627%0A%20%20%20%20at%20http%3A%2F%2Flocalhost%3A8080%2Fbase%2Fnode_modules%2Fjasmine-core%2Flib%2Fjasmine-core%2Fjasmine.js%3F578a1e5ff14db21b04e2d6db7fd0eda37042440c%3A2354%0A%20%20%20%20at%20attemptAsync%20(http%3A%2F%2Flocalhost%3A8080%2Fbase%2Fnode_modules%2Fjasmine-core%2Flib%2Fjasmine-core%2Fjasmine.js%3F578a1e5ff14db21b04e2d6db7fd0eda37042440c%3A1819)%0A%20%20%20%20at%20http%3A%2F%2Flocalhost%3A8080%2Fbase%2Fnode_modules%2Fjasmine-core%2Flib%2Fjasmine-core%2Fjasmine.js%3F578a1e5ff14db21b04e2d6db7fd0eda37042440c%3A1774%0A%20%20%20%20at%20http%3A%2F%2Flocalhost%3A8080%2Fbase%2Fnode_modules%2Fjasmine-core%2Flib%2Fjasmine-core%2Fjasmine.js%3F578a1e5ff14db21b04e2d6db7fd0eda37042440c%3A1801%0A%20%20%20%20at%20http%3A%2F%2Flocalhost%3A8080%2Fbase%2Fnode_modules%2Fjasmine-core%2Flib%2Fjasmine-core%2Fjasmine.js%3F578a1e5ff14db21b04e2d6db7fd0eda37042440c%3A1745%0A%20%20%20%20at%20http%3A%2F%2Flocalhost%3A8080%2Fbase%2Fnode_modules%2Fjasmine-core%2Flib%2Fjasmine-core%2Fjasmine.js%3F578a1e5ff14db21b04e2d6db7fd0eda37042440c%3A2348%0A%20%20%20%20at%20clearStack%20(http%3A%2F%2Flocalhost%3A8080%2Fbase%2Fnode_modules%2Fjasmine-core%2Flib%2Fjasmine-core%2Fjasmine.js%3F578a1e5ff14db21b04e2d6db7fd0eda37042440c%3A605)%0A%20%20%20%20at%20http%3A%2F%2Flocalhost%3A8080%2Fbase%2Fnode_modules%2Fjasmine-core%2Flib%2Fjasmine-core%2Fjasmine.js%3F578a1e5ff14db21b04e2d6db7fd0eda37042440c%3A1784%0A%20%20%20%20at%20http%3A%2F%2Flocalhost%3A8080%2Fbase%2Fnode_modules%2Fjasmine-core%2Flib%2Fjasmine-core%2Fjasmine.js%3F578a1e5ff14db21b04e2d6db7fd0eda37042440c%3A1762%0A%20%20%20%20at%20http%3A%2F%2Flocalhost%3A8080%2Fbase%2Fnode_modules%2Fjasmine-core%2Flib%2Fjasmine-core%2Fjasmine.js%3F578a1e5ff14db21b04e2d6db7fd0eda37042440c%3A627%0A%20%20%20%20at%20http%3A%2F%2Flocalhost%3A8080%2Fbase%2Fnode_modules%2Fjasmine-core%2Flib%2Fjasmine-core%2Fjasmine.js%3F578a1e5ff14db21b04e2d6db7fd0eda37042440c%3A2354%0A%20%20%20%20at%20attemptAsync%20(http%3A%2F%2Flocalhost%3A8080%2Fbase%2Fnode_modules%2Fjasmine-core%2Flib%2Fjasmine-core%2Fjasmine.js%3F578a1e5ff14db21b04e2d6db7fd0eda37042440c%3A1819)%0A%20%20%20%20at%20http%3A%2F%2Flocalhost%3A8080%2Fbase%2Fnode_modules%2Fjasmine-core%2Flib%2Fjasmine-core%2Fjasmine.js%3F578a1e5ff14db21b04e2d6db7fd0eda37042440c%3A1774%0A%20%20%20%20at%20http%3A%2F%2Flocalhost%3A8080%2Fbase%2Fnode_modules%2Fjasmine-core%2Flib%2Fjasmine-core%2Fjasmine.js%3F578a1e5ff14db21b04e2d6db7fd0eda37042440c%3A1801%0A%20%20%20%20at%20http%3A%2F%2Flocalhost%3A8080%2Fbase%2Fnode_modules%2Fjasmine-core%2Flib%2Fjasmine-core%2Fjasmine.js%3F578a1e5ff14db21b04e2d6db7fd0eda37042440c%3A1745%0A%20%20%20%20at%20http%3A%2F%2Flocalhost%3A8080%2Fbase%2Fnode_modules%2Fjasmine-core%2Flib%2Fjasmine-core%2Fjasmine.js%3F578a1e5ff14db21b04e2d6db7fd0eda37042440c%3A2348%0A%20%20%20%20at%20clearStack%20(http%3A%2F%2Flocalhost%3A8080%2Fbase%2Fnode_modules%2Fjasmine-core%2Flib%2Fjasmine-core%2Fjasmine.js%3F578a1e5ff14db21b04e2d6db7fd0eda37042440c%3A605)%0A%20%20%20%20at%20http%3A%2F%2Flocalhost%3A8080%2Fbase%2Fnode_modules%2Fjasmine-core%2Flib%2Fjasmine-core%2Fjasmine.js%3F578a1e5ff14db21b04e2d6db7fd0eda37042440c%3A1784%0A%20%20%20%20at%20http%3A%2F%2Flocalhost%3A8080%2Fbase%2Fnode_modules%2Fjasmine-core%2Flib%2Fjasmine-core%2Fjasmine.js%3F578a1e5ff14db21b04e2d6db7fd0eda37042440c%3A1762%0A%20%20%20%20at%20http%3A%2F%2Flocalhost%3A8080%2Fbase%2Fnode_modules%2Fjasmine-core%2Flib%2Fjasmine-core%2Fjasmine.js%3F578a1e5ff14db21b04e2d6db7fd0eda37042440c%3A627%0A%20%20%20%20at%20http%3A%2F%2Flocalhost%3A8080%2Fbase%2Fnode_modules%2Fjasmine-core%2Flib%2Fjasmine-core%2Fjasmine.js%3F578a1e5ff14db21b04e2d6db7fd0eda37042440c%3A2354%0A%20%20%20%20at%20attemptAsync%20(http%3A%2F%2Flocalhost%3A8080%2Fbase%2Fnode_modules%2Fjasmine-core%2Flib%2Fjasmine-core%2Fjasmine.js%3F578a1e5ff14db21b04e2d6db7fd0eda37042440c%3A1819)%0A%20%20%20%20at%20http%3A%2F%2Flocalhost%3A8080%2Fbase%2Fnode_modules%2Fjasmine-core%2Flib%2Fjasmine-core%2Fjasmine.js%3F578a1e5ff14db21b04e2d6db7fd0eda37042440c%3A1774%0A%20%20%20%20at%20http%3A%2F%2Flocalhost%3A8080%2Fbase%2Fnode_modules%2Fjasmine-core%2Flib%2Fjasmine-core%2Fjasmine.js%3F578a1e5ff14db21b04e2d6db7fd0eda37042440c%3A1762%0A%20%20%20%20at%20http%3A%2F%2Flocalhost%3A8080%2Fbase%2Fnode_modules%2Fjasmine-core%2Flib%2Fjasmine-core%2Fjasmine.js%3F578a1e5ff14db21b04e2d6db7fd0eda37042440c%3A627%0A%20%20%20%20at%20http%3A%2F%2Flocalhost%3A8080%2Fbase%2Fnode_modules%2Fjasmine-core%2Flib%2Fjasmine-core%2Fjasmine.js%3F578a1e5ff14db21b04e2d6db7fd0eda37042440c%3A2215%0A%20%20%20%20at%20http%3A%2F%2Flocalhost%3A8080%2Fbase%2Fnode_modules%2Fjasmine-core%2Flib%2Fjasmine-core%2Fjasmine.js%3F578a1e5ff14db21b04e2d6db7fd0eda37042440c%3A678%0A%20%20%20%20at%20http%3A%2F%2Flocalhost%3A8080%2Fbase%2Fnode_modules%2Fkarma-jasmine%2Flib%2Fadapter.js%3F0a69ad1fa10cc8be0a12b241227d3b834f82db4f%3A317%0A%20%20%20%20at%20http%3A%2F%2Flocalhost%3A8080%2Fkarma.js%3A185%0A%20%20%20%20at%20http%3A%2F%2Flocalhost%3A8080%2Fcontext.html%3A127
    at C:/dev/MedExplorer/src/client/app/vendor/angular/angular.js:4379
    at forEach (C:/dev/MedExplorer/src/client/app/vendor/angular/angular.js:336)
    at loadModules (C:/dev/MedExplorer/src/client/app/vendor/angular/angular.js:4381)
    at createInjector (C:/dev/MedExplorer/src/client/app/vendor/angular/angular.js:4265)
    at workFn (C:/dev/MedExplorer/src/client/app/vendor/angular-mocks/angular-mocks.js:2409)
</failure>
      <failure type="">TypeError: &apos;undefined&apos; is not a function (evaluating &apos;title(&apos;this is a title&apos;)&apos;)
    at C:/dev/MedExplorer/src/client/test/spec/filters/capitalizationTest.js:41
</failure>
    </testcase>
    <testcase name="titlePreserveUpper_test" time="0.034" classname="PhantomJS 1.9.8 (Windows 7 0.0.0).Filter: capitalization">
      <failure type="">Error: [$injector:modulerr] Failed to instantiate module MedExplorer due to:
Error: [$injector:modulerr] Failed to instantiate module ui.bootstrap due to:
Error: [$injector:nomod] Module &apos;ui.bootstrap&apos; is not available! You either misspelled the module name or forgot to load it. If registering a module ensure that you specify the dependencies as the second argument.
http://errors.angularjs.org/1.4.1/$injector/nomod?p0=ui.bootstrap
    at C:/dev/MedExplorer/src/client/app/vendor/angular/angular.js:1951
    at ensure (C:/dev/MedExplorer/src/client/app/vendor/angular/angular.js:1873)
    at module (C:/dev/MedExplorer/src/client/app/vendor/angular/angular.js:2201)
    at C:/dev/MedExplorer/src/client/app/vendor/angular/angular.js:4355
    at forEach (C:/dev/MedExplorer/src/client/app/vendor/angular/angular.js:336)
    at loadModules (C:/dev/MedExplorer/src/client/app/vendor/angular/angular.js:4381)
    at C:/dev/MedExplorer/src/client/app/vendor/angular/angular.js:4356
    at forEach (C:/dev/MedExplorer/src/client/app/vendor/angular/angular.js:336)
    at loadModules (C:/dev/MedExplorer/src/client/app/vendor/angular/angular.js:4381)
    at createInjector (C:/dev/MedExplorer/src/client/app/vendor/angular/angular.js:4265)
    at workFn (C:/dev/MedExplorer/src/client/app/vendor/angular-mocks/angular-mocks.js:2409)
http://errors.angularjs.org/1.4.1/$injector/modulerr?p0=ui.bootstrap&amp;p1=Error%3A%20%5B%24injector%3Anomod%5D%20Module%20&apos;ui.bootstrap&apos;%20is%20not%20available!%20You%20either%20misspelled%20the%20module%20name%20or%20forgot%20to%20load%20it.%20If%20registering%20a%20module%20ensure%20that%20you%20specify%20the%20dependencies%20as%20the%20second%20argument.%0Ahttp%3A%2F%2Ferrors.angularjs.org%2F1.4.1%2F%24injector%2Fnomod%3Fp0%3Dui.bootstrap%0A%20%20%20%20at%20http%3A%2F%2Flocalhost%3A8080%2Fbase%2Fapp%2Fvendor%2Fangular%2Fangular.js%3F9d140432f81858ac1e7888708720d419d147ffa9%3A1951%0A%20%20%20%20at%20ensure%20(http%3A%2F%2Flocalhost%3A8080%2Fbase%2Fapp%2Fvendor%2Fangular%2Fangular.js%3F9d140432f81858ac1e7888708720d419d147ffa9%3A1873)%0A%20%20%20%20at%20module%20(http%3A%2F%2Flocalhost%3A8080%2Fbase%2Fapp%2Fvendor%2Fangular%2Fangular.js%3F9d140432f81858ac1e7888708720d419d147ffa9%3A2201)%0A%20%20%20%20at%20http%3A%2F%2Flocalhost%3A8080%2Fbase%2Fapp%2Fvendor%2Fangular%2Fangular.js%3F9d140432f81858ac1e7888708720d419d147ffa9%3A4355%0A%20%20%20%20at%20forEach%20(http%3A%2F%2Flocalhost%3A8080%2Fbase%2Fapp%2Fvendor%2Fangular%2Fangular.js%3F9d140432f81858ac1e7888708720d419d147ffa9%3A336)%0A%20%20%20%20at%20loadModules%20(http%3A%2F%2Flocalhost%3A8080%2Fbase%2Fapp%2Fvendor%2Fangular%2Fangular.js%3F9d140432f81858ac1e7888708720d419d147ffa9%3A4381)%0A%20%20%20%20at%20http%3A%2F%2Flocalhost%3A8080%2Fbase%2Fapp%2Fvendor%2Fangular%2Fangular.js%3F9d140432f81858ac1e7888708720d419d147ffa9%3A4356%0A%20%20%20%20at%20forEach%20(http%3A%2F%2Flocalhost%3A8080%2Fbase%2Fapp%2Fvendor%2Fangular%2Fangular.js%3F9d140432f81858ac1e7888708720d419d147ffa9%3A336)%0A%20%20%20%20at%20loadModules%20(http%3A%2F%2Flocalhost%3A8080%2Fbase%2Fapp%2Fvendor%2Fangular%2Fangular.js%3F9d140432f81858ac1e7888708720d419d147ffa9%3A4381)%0A%20%20%20%20at%20createInjector%20(http%3A%2F%2Flocalhost%3A8080%2Fbase%2Fapp%2Fvendor%2Fangular%2Fangular.js%3F9d140432f81858ac1e7888708720d419d147ffa9%3A4265)%0A%20%20%20%20at%20workFn%20(http%3A%2F%2Flocalhost%3A8080%2Fbase%2Fapp%2Fvendor%2Fangular-mocks%2Fangular-mocks.js%3F6fe041cc8bb7a17f894cb12d8b0d44b12644f10a%3A2409)%0A%20%20%20%20at%20attemptSync%20(http%3A%2F%2Flocalhost%3A8080%2Fbase%2Fnode_modules%2Fjasmine-core%2Flib%2Fjasmine-core%2Fjasmine.js%3F578a1e5ff14db21b04e2d6db7fd0eda37042440c%3A1789)%0A%20%20%20%20at%20http%3A%2F%2Flocalhost%3A8080%2Fbase%2Fnode_modules%2Fjasmine-core%2Flib%2Fjasmine-core%2Fjasmine.js%3F578a1e5ff14db21b04e2d6db7fd0eda37042440c%3A1777%0A%20%20%20%20at%20http%3A%2F%2Flocalhost%3A8080%2Fbase%2Fnode_modules%2Fjasmine-core%2Flib%2Fjasmine-core%2Fjasmine.js%3F578a1e5ff14db21b04e2d6db7fd0eda37042440c%3A1762%0A%20%20%20%20at%20http%3A%2F%2Flocalhost%3A8080%2Fbase%2Fnode_modules%2Fjasmine-core%2Flib%2Fjasmine-core%2Fjasmine.js%3F578a1e5ff14db21b04e2d6db7fd0eda37042440c%3A627%0A%20%20%20%20at%20http%3A%2F%2Flocalhost%3A8080%2Fbase%2Fnode_modules%2Fjasmine-core%2Flib%2Fjasmine-core%2Fjasmine.js%3F578a1e5ff14db21b04e2d6db7fd0eda37042440c%3A357%0A%20%20%20%20at%20http%3A%2F%2Flocalhost%3A8080%2Fbase%2Fnode_modules%2Fjasmine-core%2Flib%2Fjasmine-core%2Fjasmine.js%3F578a1e5ff14db21b04e2d6db7fd0eda37042440c%3A2360%0A%20%20%20%20at%20attemptAsync%20(http%3A%2F%2Flocalhost%3A8080%2Fbase%2Fnode_modules%2Fjasmine-core%2Flib%2Fjasmine-core%2Fjasmine.js%3F578a1e5ff14db21b04e2d6db7fd0eda37042440c%3A1819)%0A%20%20%20%20at%20http%3A%2F%2Flocalhost%3A8080%2Fbase%2Fnode_modules%2Fjasmine-core%2Flib%2Fjasmine-core%2Fjasmine.js%3F578a1e5ff14db21b04e2d6db7fd0eda37042440c%3A1774%0A%20%20%20%20at%20http%3A%2F%2Flocalhost%3A8080%2Fbase%2Fnode_modules%2Fjasmine-core%2Flib%2Fjasmine-core%2Fjasmine.js%3F578a1e5ff14db21b04e2d6db7fd0eda37042440c%3A1801%0A%20%20%20%20at%20http%3A%2F%2Flocalhost%3A8080%2Fbase%2Fnode_modules%2Fjasmine-core%2Flib%2Fjasmine-core%2Fjasmine.js%3F578a1e5ff14db21b04e2d6db7fd0eda37042440c%3A1745%0A%20%20%20%20at%20complete%20(http%3A%2F%2Flocalhost%3A8080%2Fbase%2Fnode_modules%2Fjasmine-core%2Flib%2Fjasmine-core%2Fjasmine.js%3F578a1e5ff14db21b04e2d6db7fd0eda37042440c%3A365)%0A%20%20%20%20at%20clearStack%20(http%3A%2F%2Flocalhost%3A8080%2Fbase%2Fnode_modules%2Fjasmine-core%2Flib%2Fjasmine-core%2Fjasmine.js%3F578a1e5ff14db21b04e2d6db7fd0eda37042440c%3A605)%0A%20%20%20%20at%20http%3A%2F%2Flocalhost%3A8080%2Fbase%2Fnode_modules%2Fjasmine-core%2Flib%2Fjasmine-core%2Fjasmine.js%3F578a1e5ff14db21b04e2d6db7fd0eda37042440c%3A1784%0A%20%20%20%20at%20http%3A%2F%2Flocalhost%3A8080%2Fbase%2Fnode_modules%2Fjasmine-core%2Flib%2Fjasmine-core%2Fjasmine.js%3F578a1e5ff14db21b04e2d6db7fd0eda37042440c%3A1762%0A%20%20%20%20at%20http%3A%2F%2Flocalhost%3A8080%2Fbase%2Fnode_modules%2Fjasmine-core%2Flib%2Fjasmine-core%2Fjasmine.js%3F578a1e5ff14db21b04e2d6db7fd0eda37042440c%3A627%0A%20%20%20%20at%20http%3A%2F%2Flocalhost%3A8080%2Fbase%2Fnode_modules%2Fjasmine-core%2Flib%2Fjasmine-core%2Fjasmine.js%3F578a1e5ff14db21b04e2d6db7fd0eda37042440c%3A357%0A%20%20%20%20at%20http%3A%2F%2Flocalhost%3A8080%2Fbase%2Fnode_modules%2Fjasmine-core%2Flib%2Fjasmine-core%2Fjasmine.js%3F578a1e5ff14db21b04e2d6db7fd0eda37042440c%3A2360%0A%20%20%20%20at%20attemptAsync%20(http%3A%2F%2Flocalhost%3A8080%2Fbase%2Fnode_modules%2Fjasmine-core%2Flib%2Fjasmine-core%2Fjasmine.js%3F578a1e5ff14db21b04e2d6db7fd0eda37042440c%3A1819)%0A%20%20%20%20at%20http%3A%2F%2Flocalhost%3A8080%2Fbase%2Fnode_modules%2Fjasmine-core%2Flib%2Fjasmine-core%2Fjasmine.js%3F578a1e5ff14db21b04e2d6db7fd0eda37042440c%3A1774%0A%20%20%20%20at%20http%3A%2F%2Flocalhost%3A8080%2Fbase%2Fnode_modules%2Fjasmine-core%2Flib%2Fjasmine-core%2Fjasmine.js%3F578a1e5ff14db21b04e2d6db7fd0eda37042440c%3A1801%0A%20%20%20%20at%20http%3A%2F%2Flocalhost%3A8080%2Fbase%2Fnode_modules%2Fjasmine-core%2Flib%2Fjasmine-core%2Fjasmine.js%3F578a1e5ff14db21b04e2d6db7fd0eda37042440c%3A1745%0A%20%20%20%20at%20complete%20(http%3A%2F%2Flocalhost%3A8080%2Fbase%2Fnode_modules%2Fjasmine-core%2Flib%2Fjasmine-core%2Fjasmine.js%3F578a1e5ff14db21b04e2d6db7fd0eda37042440c%3A365)%0A%20%20%20%20at%20clearStack%20(http%3A%2F%2Flocalhost%3A8080%2Fbase%2Fnode_modules%2Fjasmine-core%2Flib%2Fjasmine-core%2Fjasmine.js%3F578a1e5ff14db21b04e2d6db7fd0eda37042440c%3A605)%0A%20%20%20%20at%20http%3A%2F%2Flocalhost%3A8080%2Fbase%2Fnode_modules%2Fjasmine-core%2Flib%2Fjasmine-core%2Fjasmine.js%3F578a1e5ff14db21b04e2d6db7fd0eda37042440c%3A1784%0A%20%20%20%20at%20http%3A%2F%2Flocalhost%3A8080%2Fbase%2Fnode_modules%2Fjasmine-core%2Flib%2Fjasmine-core%2Fjasmine.js%3F578a1e5ff14db21b04e2d6db7fd0eda37042440c%3A1762%0A%20%20%20%20at%20http%3A%2F%2Flocalhost%3A8080%2Fbase%2Fnode_modules%2Fjasmine-core%2Flib%2Fjasmine-core%2Fjasmine.js%3F578a1e5ff14db21b04e2d6db7fd0eda37042440c%3A627%0A%20%20%20%20at%20http%3A%2F%2Flocalhost%3A8080%2Fbase%2Fnode_modules%2Fjasmine-core%2Flib%2Fjasmine-core%2Fjasmine.js%3F578a1e5ff14db21b04e2d6db7fd0eda37042440c%3A357%0A%20%20%20%20at%20http%3A%2F%2Flocalhost%3A8080%2Fbase%2Fnode_modules%2Fjasmine-core%2Flib%2Fjasmine-core%2Fjasmine.js%3F578a1e5ff14db21b04e2d6db7fd0eda37042440c%3A2360%0A%20%20%20%20at%20attemptAsync%20(http%3A%2F%2Flocalhost%3A8080%2Fbase%2Fnode_modules%2Fjasmine-core%2Flib%2Fjasmine-core%2Fjasmine.js%3F578a1e5ff14db21b04e2d6db7fd0eda37042440c%3A1819)%0A%20%20%20%20at%20http%3A%2F%2Flocalhost%3A8080%2Fbase%2Fnode_modules%2Fjasmine-core%2Flib%2Fjasmine-core%2Fjasmine.js%3F578a1e5ff14db21b04e2d6db7fd0eda37042440c%3A1774%0A%20%20%20%20at%20http%3A%2F%2Flocalhost%3A8080%2Fbase%2Fnode_modules%2Fjasmine-core%2Flib%2Fjasmine-core%2Fjasmine.js%3F578a1e5ff14db21b04e2d6db7fd0eda37042440c%3A1801%0A%20%20%20%20at%20http%3A%2F%2Flocalhost%3A8080%2Fbase%2Fnode_modules%2Fjasmine-core%2Flib%2Fjasmine-core%2Fjasmine.js%3F578a1e5ff14db21b04e2d6db7fd0eda37042440c%3A1745%0A%20%20%20%20at%20complete%20(http%3A%2F%2Flocalhost%3A8080%2Fbase%2Fnode_modules%2Fjasmine-core%2Flib%2Fjasmine-core%2Fjasmine.js%3F578a1e5ff14db21b04e2d6db7fd0eda37042440c%3A365)%0A%20%20%20%20at%20clearStack%20(http%3A%2F%2Flocalhost%3A8080%2Fbase%2Fnode_modules%2Fjasmine-core%2Flib%2Fjasmine-core%2Fjasmine.js%3F578a1e5ff14db21b04e2d6db7fd0eda37042440c%3A605)%0A%20%20%20%20at%20http%3A%2F%2Flocalhost%3A8080%2Fbase%2Fnode_modules%2Fjasmine-core%2Flib%2Fjasmine-core%2Fjasmine.js%3F578a1e5ff14db21b04e2d6db7fd0eda37042440c%3A1784%0A%20%20%20%20at%20http%3A%2F%2Flocalhost%3A8080%2Fbase%2Fnode_modules%2Fjasmine-core%2Flib%2Fjasmine-core%2Fjasmine.js%3F578a1e5ff14db21b04e2d6db7fd0eda37042440c%3A1762%0A%20%20%20%20at%20http%3A%2F%2Flocalhost%3A8080%2Fbase%2Fnode_modules%2Fjasmine-core%2Flib%2Fjasmine-core%2Fjasmine.js%3F578a1e5ff14db21b04e2d6db7fd0eda37042440c%3A627%0A%20%20%20%20at%20http%3A%2F%2Flocalhost%3A8080%2Fbase%2Fnode_modules%2Fjasmine-core%2Flib%2Fjasmine-core%2Fjasmine.js%3F578a1e5ff14db21b04e2d6db7fd0eda37042440c%3A357%0A%20%20%20%20at%20http%3A%2F%2Flocalhost%3A8080%2Fbase%2Fnode_modules%2Fjasmine-core%2Flib%2Fjasmine-core%2Fjasmine.js%3F578a1e5ff14db21b04e2d6db7fd0eda37042440c%3A2360%0A%20%20%20%20at%20attemptAsync%20(http%3A%2F%2Flocalhost%3A8080%2Fbase%2Fnode_modules%2Fjasmine-core%2Flib%2Fjasmine-core%2Fjasmine.js%3F578a1e5ff14db21b04e2d6db7fd0eda37042440c%3A1819)%0A%20%20%20%20at%20http%3A%2F%2Flocalhost%3A8080%2Fbase%2Fnode_modules%2Fjasmine-core%2Flib%2Fjasmine-core%2Fjasmine.js%3F578a1e5ff14db21b04e2d6db7fd0eda37042440c%3A1774%0A%20%20%20%20at%20http%3A%2F%2Flocalhost%3A8080%2Fbase%2Fnode_modules%2Fjasmine-core%2Flib%2Fjasmine-core%2Fjasmine.js%3F578a1e5ff14db21b04e2d6db7fd0eda37042440c%3A1801%0A%20%20%20%20at%20http%3A%2F%2Flocalhost%3A8080%2Fbase%2Fnode_modules%2Fjasmine-core%2Flib%2Fjasmine-core%2Fjasmine.js%3F578a1e5ff14db21b04e2d6db7fd0eda37042440c%3A1745%0A%20%20%20%20at%20complete%20(http%3A%2F%2Flocalhost%3A8080%2Fbase%2Fnode_modules%2Fjasmine-core%2Flib%2Fjasmine-core%2Fjasmine.js%3F578a1e5ff14db21b04e2d6db7fd0eda37042440c%3A365)%0A%20%20%20%20at%20clearStack%20(http%3A%2F%2Flocalhost%3A8080%2Fbase%2Fnode_modules%2Fjasmine-core%2Flib%2Fjasmine-core%2Fjasmine.js%3F578a1e5ff14db21b04e2d6db7fd0eda37042440c%3A605)%0A%20%20%20%20at%20http%3A%2F%2Flocalhost%3A8080%2Fbase%2Fnode_modules%2Fjasmine-core%2Flib%2Fjasmine-core%2Fjasmine.js%3F578a1e5ff14db21b04e2d6db7fd0eda37042440c%3A1784%0A%20%20%20%20at%20http%3A%2F%2Flocalhost%3A8080%2Fbase%2Fnode_modules%2Fjasmine-core%2Flib%2Fjasmine-core%2Fjasmine.js%3F578a1e5ff14db21b04e2d6db7fd0eda37042440c%3A1762%0A%20%20%20%20at%20http%3A%2F%2Flocalhost%3A8080%2Fbase%2Fnode_modules%2Fjasmine-core%2Flib%2Fjasmine-core%2Fjasmine.js%3F578a1e5ff14db21b04e2d6db7fd0eda37042440c%3A627%0A%20%20%20%20at%20http%3A%2F%2Flocalhost%3A8080%2Fbase%2Fnode_modules%2Fjasmine-core%2Flib%2Fjasmine-core%2Fjasmine.js%3F578a1e5ff14db21b04e2d6db7fd0eda37042440c%3A357%0A%20%20%20%20at%20http%3A%2F%2Flocalhost%3A8080%2Fbase%2Fnode_modules%2Fjasmine-core%2Flib%2Fjasmine-core%2Fjasmine.js%3F578a1e5ff14db21b04e2d6db7fd0eda37042440c%3A2360%0A%20%20%20%20at%20attemptAsync%20(http%3A%2F%2Flocalhost%3A8080%2Fbase%2Fnode_modules%2Fjasmine-core%2Flib%2Fjasmine-core%2Fjasmine.js%3F578a1e5ff14db21b04e2d6db7fd0eda37042440c%3A1819)%0A%20%20%20%20at%20http%3A%2F%2Flocalhost%3A8080%2Fbase%2Fnode_modules%2Fjasmine-core%2Flib%2Fjasmine-core%2Fjasmine.js%3F578a1e5ff14db21b04e2d6db7fd0eda37042440c%3A1774%0A%20%20%20%20at%20http%3A%2F%2Flocalhost%3A8080%2Fbase%2Fnode_modules%2Fjasmine-core%2Flib%2Fjasmine-core%2Fjasmine.js%3F578a1e5ff14db21b04e2d6db7fd0eda37042440c%3A1801%0A%20%20%20%20at%20http%3A%2F%2Flocalhost%3A8080%2Fbase%2Fnode_modules%2Fjasmine-core%2Flib%2Fjasmine-core%2Fjasmine.js%3F578a1e5ff14db21b04e2d6db7fd0eda37042440c%3A1745%0A%20%20%20%20at%20complete%20(http%3A%2F%2Flocalhost%3A8080%2Fbase%2Fnode_modules%2Fjasmine-core%2Flib%2Fjasmine-core%2Fjasmine.js%3F578a1e5ff14db21b04e2d6db7fd0eda37042440c%3A365)%0A%20%20%20%20at%20clearStack%20(http%3A%2F%2Flocalhost%3A8080%2Fbase%2Fnode_modules%2Fjasmine-core%2Flib%2Fjasmine-core%2Fjasmine.js%3F578a1e5ff14db21b04e2d6db7fd0eda37042440c%3A605)%0A%20%20%20%20at%20http%3A%2F%2Flocalhost%3A8080%2Fbase%2Fnode_modules%2Fjasmine-core%2Flib%2Fjasmine-core%2Fjasmine.js%3F578a1e5ff14db21b04e2d6db7fd0eda37042440c%3A1784%0A%20%20%20%20at%20http%3A%2F%2Flocalhost%3A8080%2Fbase%2Fnode_modules%2Fjasmine-core%2Flib%2Fjasmine-core%2Fjasmine.js%3F578a1e5ff14db21b04e2d6db7fd0eda37042440c%3A1762%0A%20%20%20%20at%20http%3A%2F%2Flocalhost%3A8080%2Fbase%2Fnode_modules%2Fjasmine-core%2Flib%2Fjasmine-core%2Fjasmine.js%3F578a1e5ff14db21b04e2d6db7fd0eda37042440c%3A627%0A%20%20%20%20at%20http%3A%2F%2Flocalhost%3A8080%2Fbase%2Fnode_modules%2Fjasmine-core%2Flib%2Fjasmine-core%2Fjasmine.js%3F578a1e5ff14db21b04e2d6db7fd0eda37042440c%3A357%0A%20%20%20%20at%20http%3A%2F%2Flocalhost%3A8080%2Fbase%2Fnode_modules%2Fjasmine-core%2Flib%2Fjasmine-core%2Fjasmine.js%3F578a1e5ff14db21b04e2d6db7fd0eda37042440c%3A2360%0A%20%20%20%20at%20attemptAsync%20(http%3A%2F%2Flocalhost%3A8080%2Fbase%2Fnode_modules%2Fjasmine-core%2Flib%2Fjasmine-core%2Fjasmine.js%3F578a1e5ff14db21b04e2d6db7fd0eda37042440c%3A1819)%0A%20%20%20%20at%20http%3A%2F%2Flocalhost%3A8080%2Fbase%2Fnode_modules%2Fjasmine-core%2Flib%2Fjasmine-core%2Fjasmine.js%3F578a1e5ff14db21b04e2d6db7fd0eda37042440c%3A1774%0A%20%20%20%20at%20http%3A%2F%2Flocalhost%3A8080%2Fbase%2Fnode_modules%2Fjasmine-core%2Flib%2Fjasmine-core%2Fjasmine.js%3F578a1e5ff14db21b04e2d6db7fd0eda37042440c%3A1762%0A%20%20%20%20at%20http%3A%2F%2Flocalhost%3A8080%2Fbase%2Fnode_modules%2Fjasmine-core%2Flib%2Fjasmine-core%2Fjasmine.js%3F578a1e5ff14db21b04e2d6db7fd0eda37042440c%3A627%0A%20%20%20%20at%20http%3A%2F%2Flocalhost%3A8080%2Fbase%2Fnode_modules%2Fjasmine-core%2Flib%2Fjasmine-core%2Fjasmine.js%3F578a1e5ff14db21b04e2d6db7fd0eda37042440c%3A2354%0A%20%20%20%20at%20attemptAsync%20(http%3A%2F%2Flocalhost%3A8080%2Fbase%2Fnode_modules%2Fjasmine-core%2Flib%2Fjasmine-core%2Fjasmine.js%3F578a1e5ff14db21b04e2d6db7fd0eda37042440c%3A1819)%0A%20%20%20%20at%20http%3A%2F%2Flocalhost%3A8080%2Fbase%2Fnode_modules%2Fjasmine-core%2Flib%2Fjasmine-core%2Fjasmine.js%3F578a1e5ff14db21b04e2d6db7fd0eda37042440c%3A1774%0A%20%20%20%20at%20http%3A%2F%2Flocalhost%3A8080%2Fbase%2Fnode_modules%2Fjasmine-core%2Flib%2Fjasmine-core%2Fjasmine.js%3F578a1e5ff14db21b04e2d6db7fd0eda37042440c%3A1801%0A%20%20%20%20at%20http%3A%2F%2Flocalhost%3A8080%2Fbase%2Fnode_modules%2Fjasmine-core%2Flib%2Fjasmine-core%2Fjasmine.js%3F578a1e5ff14db21b04e2d6db7fd0eda37042440c%3A1745%0A%20%20%20%20at%20http%3A%2F%2Flocalhost%3A8080%2Fbase%2Fnode_modules%2Fjasmine-core%2Flib%2Fjasmine-core%2Fjasmine.js%3F578a1e5ff14db21b04e2d6db7fd0eda37042440c%3A2348%0A%20%20%20%20at%20clearStack%20(http%3A%2F%2Flocalhost%3A8080%2Fbase%2Fnode_modules%2Fjasmine-core%2Flib%2Fjasmine-core%2Fjasmine.js%3F578a1e5ff14db21b04e2d6db7fd0eda37042440c%3A605)%0A%20%20%20%20at%20http%3A%2F%2Flocalhost%3A8080%2Fbase%2Fnode_modules%2Fjasmine-core%2Flib%2Fjasmine-core%2Fjasmine.js%3F578a1e5ff14db21b04e2d6db7fd0eda37042440c%3A1784%0A%20%20%20%20at%20http%3A%2F%2Flocalhost%3A8080%2Fbase%2Fnode_modules%2Fjasmine-core%2Flib%2Fjasmine-core%2Fjasmine.js%3F578a1e5ff14db21b04e2d6db7fd0eda37042440c%3A1762%0A%20%20%20%20at%20http%3A%2F%2Flocalhost%3A8080%2Fbase%2Fnode_modules%2Fjasmine-core%2Flib%2Fjasmine-core%2Fjasmine.js%3F578a1e5ff14db21b04e2d6db7fd0eda37042440c%3A627%0A%20%20%20%20at%20http%3A%2F%2Flocalhost%3A8080%2Fbase%2Fnode_modules%2Fjasmine-core%2Flib%2Fjasmine-core%2Fjasmine.js%3F578a1e5ff14db21b04e2d6db7fd0eda37042440c%3A2354%0A%20%20%20%20at%20attemptAsync%20(http%3A%2F%2Flocalhost%3A8080%2Fbase%2Fnode_modules%2Fjasmine-core%2Flib%2Fjasmine-core%2Fjasmine.js%3F578a1e5ff14db21b04e2d6db7fd0eda37042440c%3A1819)%0A%20%20%20%20at%20http%3A%2F%2Flocalhost%3A8080%2Fbase%2Fnode_modules%2Fjasmine-core%2Flib%2Fjasmine-core%2Fjasmine.js%3F578a1e5ff14db21b04e2d6db7fd0eda37042440c%3A1774%0A%20%20%20%20at%20http%3A%2F%2Flocalhost%3A8080%2Fbase%2Fnode_modules%2Fjasmine-core%2Flib%2Fjasmine-core%2Fjasmine.js%3F578a1e5ff14db21b04e2d6db7fd0eda37042440c%3A1801%0A%20%20%20%20at%20http%3A%2F%2Flocalhost%3A8080%2Fbase%2Fnode_modules%2Fjasmine-core%2Flib%2Fjasmine-core%2Fjasmine.js%3F578a1e5ff14db21b04e2d6db7fd0eda37042440c%3A1745%0A%20%20%20%20at%20http%3A%2F%2Flocalhost%3A8080%2Fbase%2Fnode_modules%2Fjasmine-core%2Flib%2Fjasmine-core%2Fjasmine.js%3F578a1e5ff14db21b04e2d6db7fd0eda37042440c%3A2348%0A%20%20%20%20at%20clearStack%20(http%3A%2F%2Flocalhost%3A8080%2Fbase%2Fnode_modules%2Fjasmine-core%2Flib%2Fjasmine-core%2Fjasmine.js%3F578a1e5ff14db21b04e2d6db7fd0eda37042440c%3A605)%0A%20%20%20%20at%20http%3A%2F%2Flocalhost%3A8080%2Fbase%2Fnode_modules%2Fjasmine-core%2Flib%2Fjasmine-core%2Fjasmine.js%3F578a1e5ff14db21b04e2d6db7fd0eda37042440c%3A1784%0A%20%20%20%20at%20http%3A%2F%2Flocalhost%3A8080%2Fbase%2Fnode_modules%2Fjasmine-core%2Flib%2Fjasmine-core%2Fjasmine.js%3F578a1e5ff14db21b04e2d6db7fd0eda37042440c%3A1762%0A%20%20%20%20at%20http%3A%2F%2Flocalhost%3A8080%2Fbase%2Fnode_modules%2Fjasmine-core%2Flib%2Fjasmine-core%2Fjasmine.js%3F578a1e5ff14db21b04e2d6db7fd0eda37042440c%3A627%0A%20%20%20%20at%20http%3A%2F%2Flocalhost%3A8080%2Fbase%2Fnode_modules%2Fjasmine-core%2Flib%2Fjasmine-core%2Fjasmine.js%3F578a1e5ff14db21b04e2d6db7fd0eda37042440c%3A2354%0A%20%20%20%20at%20attemptAsync%20(http%3A%2F%2Flocalhost%3A8080%2Fbase%2Fnode_modules%2Fjasmine-core%2Flib%2Fjasmine-core%2Fjasmine.js%3F578a1e5ff14db21b04e2d6db7fd0eda37042440c%3A1819)%0A%20%20%20%20at%20http%3A%2F%2Flocalhost%3A8080%2Fbase%2Fnode_modules%2Fjasmine-core%2Flib%2Fjasmine-core%2Fjasmine.js%3F578a1e5ff14db21b04e2d6db7fd0eda37042440c%3A1774%0A%20%20%20%20at%20http%3A%2F%2Flocalhost%3A8080%2Fbase%2Fnode_modules%2Fjasmine-core%2Flib%2Fjasmine-core%2Fjasmine.js%3F578a1e5ff14db21b04e2d6db7fd0eda37042440c%3A1801%0A%20%20%20%20at%20http%3A%2F%2Flocalhost%3A8080%2Fbase%2Fnode_modules%2Fjasmine-core%2Flib%2Fjasmine-core%2Fjasmine.js%3F578a1e5ff14db21b04e2d6db7fd0eda37042440c%3A1745%0A%20%20%20%20at%20http%3A%2F%2Flocalhost%3A8080%2Fbase%2Fnode_modules%2Fjasmine-core%2Flib%2Fjasmine-core%2Fjasmine.js%3F578a1e5ff14db21b04e2d6db7fd0eda37042440c%3A2348%0A%20%20%20%20at%20clearStack%20(http%3A%2F%2Flocalhost%3A8080%2Fbase%2Fnode_modules%2Fjasmine-core%2Flib%2Fjasmine-core%2Fjasmine.js%3F578a1e5ff14db21b04e2d6db7fd0eda37042440c%3A605)%0A%20%20%20%20at%20http%3A%2F%2Flocalhost%3A8080%2Fbase%2Fnode_modules%2Fjasmine-core%2Flib%2Fjasmine-core%2Fjasmine.js%3F578a1e5ff14db21b04e2d6db7fd0eda37042440c%3A1784%0A%20%20%20%20at%20http%3A%2F%2Flocalhost%3A8080%2Fbase%2Fnode_modules%2Fjasmine-core%2Flib%2Fjasmine-core%2Fjasmine.js%3F578a1e5ff14db21b04e2d6db7fd0eda37042440c%3A1801%0A%20%20%20%20at%20http%3A%2F%2Flocalhost%3A8080%2Fbase%2Fnode_modules%2Fjasmine-core%2Flib%2Fjasmine-core%2Fjasmine.js%3F578a1e5ff14db21b04e2d6db7fd0eda37042440c%3A1745%0A%20%20%20%20at%20complete%20(http%3A%2F%2Flocalhost%3A8080%2Fbase%2Fnode_modules%2Fjasmine-core%2Flib%2Fjasmine-core%2Fjasmine.js%3F578a1e5ff14db21b04e2d6db7fd0eda37042440c%3A365)%0A%20%20%20%20at%20clearStack%20(http%3A%2F%2Flocalhost%3A8080%2Fbase%2Fnode_modules%2Fjasmine-core%2Flib%2Fjasmine-core%2Fjasmine.js%3F578a1e5ff14db21b04e2d6db7fd0eda37042440c%3A605)%0A%20%20%20%20at%20http%3A%2F%2Flocalhost%3A8080%2Fbase%2Fnode_modules%2Fjasmine-core%2Flib%2Fjasmine-core%2Fjasmine.js%3F578a1e5ff14db21b04e2d6db7fd0eda37042440c%3A1784%0A%20%20%20%20at%20http%3A%2F%2Flocalhost%3A8080%2Fbase%2Fnode_modules%2Fjasmine-core%2Flib%2Fjasmine-core%2Fjasmine.js%3F578a1e5ff14db21b04e2d6db7fd0eda37042440c%3A1762%0A%20%20%20%20at%20http%3A%2F%2Flocalhost%3A8080%2Fbase%2Fnode_modules%2Fjasmine-core%2Flib%2Fjasmine-core%2Fjasmine.js%3F578a1e5ff14db21b04e2d6db7fd0eda37042440c%3A627%0A%20%20%20%20at%20http%3A%2F%2Flocalhost%3A8080%2Fbase%2Fnode_modules%2Fjasmine-core%2Flib%2Fjasmine-core%2Fjasmine.js%3F578a1e5ff14db21b04e2d6db7fd0eda37042440c%3A357%0A%20%20%20%20at%20http%3A%2F%2Flocalhost%3A8080%2Fbase%2Fnode_modules%2Fjasmine-core%2Flib%2Fjasmine-core%2Fjasmine.js%3F578a1e5ff14db21b04e2d6db7fd0eda37042440c%3A2360%0A%20%20%20%20at%20attemptAsync%20(http%3A%2F%2Flocalhost%3A8080%2Fbase%2Fnode_modules%2Fjasmine-core%2Flib%2Fjasmine-core%2Fjasmine.js%3F578a1e5ff14db21b04e2d6db7fd0eda37042440c%3A1819)%0A%20%20%20%20at%20http%3A%2F%2Flocalhost%3A8080%2Fbase%2Fnode_modules%2Fjasmine-core%2Flib%2Fjasmine-core%2Fjasmine.js%3F578a1e5ff14db21b04e2d6db7fd0eda37042440c%3A1774%0A%20%20%20%20at%20http%3A%2F%2Flocalhost%3A8080%2Fbase%2Fnode_modules%2Fjasmine-core%2Flib%2Fjasmine-core%2Fjasmine.js%3F578a1e5ff14db21b04e2d6db7fd0eda37042440c%3A1801%0A%20%20%20%20at%20http%3A%2F%2Flocalhost%3A8080%2Fbase%2Fnode_modules%2Fjasmine-core%2Flib%2Fjasmine-core%2Fjasmine.js%3F578a1e5ff14db21b04e2d6db7fd0eda37042440c%3A1745%0A%20%20%20%20at%20complete%20(http%3A%2F%2Flocalhost%3A8080%2Fbase%2Fnode_modules%2Fjasmine-core%2Flib%2Fjasmine-core%2Fjasmine.js%3F578a1e5ff14db21b04e2d6db7fd0eda37042440c%3A365)%0A%20%20%20%20at%20clearStack%20(http%3A%2F%2Flocalhost%3A8080%2Fbase%2Fnode_modules%2Fjasmine-core%2Flib%2Fjasmine-core%2Fjasmine.js%3F578a1e5ff14db21b04e2d6db7fd0eda37042440c%3A605)%0A%20%20%20%20at%20http%3A%2F%2Flocalhost%3A8080%2Fbase%2Fnode_modules%2Fjasmine-core%2Flib%2Fjasmine-core%2Fjasmine.js%3F578a1e5ff14db21b04e2d6db7fd0eda37042440c%3A1784%0A%20%20%20%20at%20http%3A%2F%2Flocalhost%3A8080%2Fbase%2Fnode_modules%2Fjasmine-core%2Flib%2Fjasmine-core%2Fjasmine.js%3F578a1e5ff14db21b04e2d6db7fd0eda37042440c%3A1762%0A%20%20%20%20at%20http%3A%2F%2Flocalhost%3A8080%2Fbase%2Fnode_modules%2Fjasmine-core%2Flib%2Fjasmine-core%2Fjasmine.js%3F578a1e5ff14db21b04e2d6db7fd0eda37042440c%3A627%0A%20%20%20%20at%20http%3A%2F%2Flocalhost%3A8080%2Fbase%2Fnode_modules%2Fjasmine-core%2Flib%2Fjasmine-core%2Fjasmine.js%3F578a1e5ff14db21b04e2d6db7fd0eda37042440c%3A357%0A%20%20%20%20at%20http%3A%2F%2Flocalhost%3A8080%2Fbase%2Fnode_modules%2Fjasmine-core%2Flib%2Fjasmine-core%2Fjasmine.js%3F578a1e5ff14db21b04e2d6db7fd0eda37042440c%3A2360%0A%20%20%20%20at%20attemptAsync%20(http%3A%2F%2Flocalhost%3A8080%2Fbase%2Fnode_modules%2Fjasmine-core%2Flib%2Fjasmine-core%2Fjasmine.js%3F578a1e5ff14db21b04e2d6db7fd0eda37042440c%3A1819)%0A%20%20%20%20at%20http%3A%2F%2Flocalhost%3A8080%2Fbase%2Fnode_modules%2Fjasmine-core%2Flib%2Fjasmine-core%2Fjasmine.js%3F578a1e5ff14db21b04e2d6db7fd0eda37042440c%3A1774%0A%20%20%20%20at%20http%3A%2F%2Flocalhost%3A8080%2Fbase%2Fnode_modules%2Fjasmine-core%2Flib%2Fjasmine-core%2Fjasmine.js%3F578a1e5ff14db21b04e2d6db7fd0eda37042440c%3A1762%0A%20%20%20%20at%20http%3A%2F%2Flocalhost%3A8080%2Fbase%2Fnode_modules%2Fjasmine-core%2Flib%2Fjasmine-core%2Fjasmine.js%3F578a1e5ff14db21b04e2d6db7fd0eda37042440c%3A627%0A%20%20%20%20at%20http%3A%2F%2Flocalhost%3A8080%2Fbase%2Fnode_modules%2Fjasmine-core%2Flib%2Fjasmine-core%2Fjasmine.js%3F578a1e5ff14db21b04e2d6db7fd0eda37042440c%3A2354%0A%20%20%20%20at%20attemptAsync%20(http%3A%2F%2Flocalhost%3A8080%2Fbase%2Fnode_modules%2Fjasmine-core%2Flib%2Fjasmine-core%2Fjasmine.js%3F578a1e5ff14db21b04e2d6db7fd0eda37042440c%3A1819)%0A%20%20%20%20at%20http%3A%2F%2Flocalhost%3A8080%2Fbase%2Fnode_modules%2Fjasmine-core%2Flib%2Fjasmine-core%2Fjasmine.js%3F578a1e5ff14db21b04e2d6db7fd0eda37042440c%3A1774%0A%20%20%20%20at%20http%3A%2F%2Flocalhost%3A8080%2Fbase%2Fnode_modules%2Fjasmine-core%2Flib%2Fjasmine-core%2Fjasmine.js%3F578a1e5ff14db21b04e2d6db7fd0eda37042440c%3A1801%0A%20%20%20%20at%20http%3A%2F%2Flocalhost%3A8080%2Fbase%2Fnode_modules%2Fjasmine-core%2Flib%2Fjasmine-core%2Fjasmine.js%3F578a1e5ff14db21b04e2d6db7fd0eda37042440c%3A1745%0A%20%20%20%20at%20http%3A%2F%2Flocalhost%3A8080%2Fbase%2Fnode_modules%2Fjasmine-core%2Flib%2Fjasmine-core%2Fjasmine.js%3F578a1e5ff14db21b04e2d6db7fd0eda37042440c%3A2348%0A%20%20%20%20at%20clearStack%20(http%3A%2F%2Flocalhost%3A8080%2Fbase%2Fnode_modules%2Fjasmine-core%2Flib%2Fjasmine-core%2Fjasmine.js%3F578a1e5ff14db21b04e2d6db7fd0eda37042440c%3A605)%0A%20%20%20%20at%20http%3A%2F%2Flocalhost%3A8080%2Fbase%2Fnode_modules%2Fjasmine-core%2Flib%2Fjasmine-core%2Fjasmine.js%3F578a1e5ff14db21b04e2d6db7fd0eda37042440c%3A1784%0A%20%20%20%20at%20http%3A%2F%2Flocalhost%3A8080%2Fbase%2Fnode_modules%2Fjasmine-core%2Flib%2Fjasmine-core%2Fjasmine.js%3F578a1e5ff14db21b04e2d6db7fd0eda37042440c%3A1762%0A%20%20%20%20at%20http%3A%2F%2Flocalhost%3A8080%2Fbase%2Fnode_modules%2Fjasmine-core%2Flib%2Fjasmine-core%2Fjasmine.js%3F578a1e5ff14db21b04e2d6db7fd0eda37042440c%3A627%0A%20%20%20%20at%20http%3A%2F%2Flocalhost%3A8080%2Fbase%2Fnode_modules%2Fjasmine-core%2Flib%2Fjasmine-core%2Fjasmine.js%3F578a1e5ff14db21b04e2d6db7fd0eda37042440c%3A2354%0A%20%20%20%20at%20attemptAsync%20(http%3A%2F%2Flocalhost%3A8080%2Fbase%2Fnode_modules%2Fjasmine-core%2Flib%2Fjasmine-core%2Fjasmine.js%3F578a1e5ff14db21b04e2d6db7fd0eda37042440c%3A1819)%0A%20%20%20%20at%20http%3A%2F%2Flocalhost%3A8080%2Fbase%2Fnode_modules%2Fjasmine-core%2Flib%2Fjasmine-core%2Fjasmine.js%3F578a1e5ff14db21b04e2d6db7fd0eda37042440c%3A1774%0A%20%20%20%20at%20http%3A%2F%2Flocalhost%3A8080%2Fbase%2Fnode_modules%2Fjasmine-core%2Flib%2Fjasmine-core%2Fjasmine.js%3F578a1e5ff14db21b04e2d6db7fd0eda37042440c%3A1801%0A%20%20%20%20at%20http%3A%2F%2Flocalhost%3A8080%2Fbase%2Fnode_modules%2Fjasmine-core%2Flib%2Fjasmine-core%2Fjasmine.js%3F578a1e5ff14db21b04e2d6db7fd0eda37042440c%3A1745%0A%20%20%20%20at%20http%3A%2F%2Flocalhost%3A8080%2Fbase%2Fnode_modules%2Fjasmine-core%2Flib%2Fjasmine-core%2Fjasmine.js%3F578a1e5ff14db21b04e2d6db7fd0eda37042440c%3A2348%0A%20%20%20%20at%20clearStack%20(http%3A%2F%2Flocalhost%3A8080%2Fbase%2Fnode_modules%2Fjasmine-core%2Flib%2Fjasmine-core%2Fjasmine.js%3F578a1e5ff14db21b04e2d6db7fd0eda37042440c%3A605)%0A%20%20%20%20at%20http%3A%2F%2Flocalhost%3A8080%2Fbase%2Fnode_modules%2Fjasmine-core%2Flib%2Fjasmine-core%2Fjasmine.js%3F578a1e5ff14db21b04e2d6db7fd0eda37042440c%3A1784%0A%20%20%20%20at%20http%3A%2F%2Flocalhost%3A8080%2Fbase%2Fnode_modules%2Fjasmine-core%2Flib%2Fjasmine-core%2Fjasmine.js%3F578a1e5ff14db21b04e2d6db7fd0eda37042440c%3A1762%0A%20%20%20%20at%20http%3A%2F%2Flocalhost%3A8080%2Fbase%2Fnode_modules%2Fjasmine-core%2Flib%2Fjasmine-core%2Fjasmine.js%3F578a1e5ff14db21b04e2d6db7fd0eda37042440c%3A627%0A%20%20%20%20at%20http%3A%2F%2Flocalhost%3A8080%2Fbase%2Fnode_modules%2Fjasmine-core%2Flib%2Fjasmine-core%2Fjasmine.js%3F578a1e5ff14db21b04e2d6db7fd0eda37042440c%3A2354%0A%20%20%20%20at%20attemptAsync%20(http%3A%2F%2Flocalhost%3A8080%2Fbase%2Fnode_modules%2Fjasmine-core%2Flib%2Fjasmine-core%2Fjasmine.js%3F578a1e5ff14db21b04e2d6db7fd0eda37042440c%3A1819)%0A%20%20%20%20at%20http%3A%2F%2Flocalhost%3A8080%2Fbase%2Fnode_modules%2Fjasmine-core%2Flib%2Fjasmine-core%2Fjasmine.js%3F578a1e5ff14db21b04e2d6db7fd0eda37042440c%3A1774%0A%20%20%20%20at%20http%3A%2F%2Flocalhost%3A8080%2Fbase%2Fnode_modules%2Fjasmine-core%2Flib%2Fjasmine-core%2Fjasmine.js%3F578a1e5ff14db21b04e2d6db7fd0eda37042440c%3A1801%0A%20%20%20%20at%20http%3A%2F%2Flocalhost%3A8080%2Fbase%2Fnode_modules%2Fjasmine-core%2Flib%2Fjasmine-core%2Fjasmine.js%3F578a1e5ff14db21b04e2d6db7fd0eda37042440c%3A1745%0A%20%20%20%20at%20http%3A%2F%2Flocalhost%3A8080%2Fbase%2Fnode_modules%2Fjasmine-core%2Flib%2Fjasmine-core%2Fjasmine.js%3F578a1e5ff14db21b04e2d6db7fd0eda37042440c%3A2348%0A%20%20%20%20at%20clearStack%20(http%3A%2F%2Flocalhost%3A8080%2Fbase%2Fnode_modules%2Fjasmine-core%2Flib%2Fjasmine-core%2Fjasmine.js%3F578a1e5ff14db21b04e2d6db7fd0eda37042440c%3A605)%0A%20%20%20%20at%20http%3A%2F%2Flocalhost%3A8080%2Fbase%2Fnode_modules%2Fjasmine-core%2Flib%2Fjasmine-core%2Fjasmine.js%3F578a1e5ff14db21b04e2d6db7fd0eda37042440c%3A1784%0A%20%20%20%20at%20http%3A%2F%2Flocalhost%3A8080%2Fbase%2Fnode_modules%2Fjasmine-core%2Flib%2Fjasmine-core%2Fjasmine.js%3F578a1e5ff14db21b04e2d6db7fd0eda37042440c%3A1762%0A%20%20%20%20at%20http%3A%2F%2Flocalhost%3A8080%2Fbase%2Fnode_modules%2Fjasmine-core%2Flib%2Fjasmine-core%2Fjasmine.js%3F578a1e5ff14db21b04e2d6db7fd0eda37042440c%3A627%0A%20%20%20%20at%20http%3A%2F%2Flocalhost%3A8080%2Fbase%2Fnode_modules%2Fjasmine-core%2Flib%2Fjasmine-core%2Fjasmine.js%3F578a1e5ff14db21b04e2d6db7fd0eda37042440c%3A2354%0A%20%20%20%20at%20attemptAsync%20(http%3A%2F%2Flocalhost%3A8080%2Fbase%2Fnode_modules%2Fjasmine-core%2Flib%2Fjasmine-core%2Fjasmine.js%3F578a1e5ff14db21b04e2d6db7fd0eda37042440c%3A1819)%0A%20%20%20%20at%20http%3A%2F%2Flocalhost%3A8080%2Fbase%2Fnode_modules%2Fjasmine-core%2Flib%2Fjasmine-core%2Fjasmine.js%3F578a1e5ff14db21b04e2d6db7fd0eda37042440c%3A1774%0A%20%20%20%20at%20http%3A%2F%2Flocalhost%3A8080%2Fbase%2Fnode_modules%2Fjasmine-core%2Flib%2Fjasmine-core%2Fjasmine.js%3F578a1e5ff14db21b04e2d6db7fd0eda37042440c%3A1801%0A%20%20%20%20at%20http%3A%2F%2Flocalhost%3A8080%2Fbase%2Fnode_modules%2Fjasmine-core%2Flib%2Fjasmine-core%2Fjasmine.js%3F578a1e5ff14db21b04e2d6db7fd0eda37042440c%3A1745%0A%20%20%20%20at%20http%3A%2F%2Flocalhost%3A8080%2Fbase%2Fnode_modules%2Fjasmine-core%2Flib%2Fjasmine-core%2Fjasmine.js%3F578a1e5ff14db21b04e2d6db7fd0eda37042440c%3A2348%0A%20%20%20%20at%20clearStack%20(http%3A%2F%2Flocalhost%3A8080%2Fbase%2Fnode_modules%2Fjasmine-core%2Flib%2Fjasmine-core%2Fjasmine.js%3F578a1e5ff14db21b04e2d6db7fd0eda37042440c%3A605)%0A%20%20%20%20at%20http%3A%2F%2Flocalhost%3A8080%2Fbase%2Fnode_modules%2Fjasmine-core%2Flib%2Fjasmine-core%2Fjasmine.js%3F578a1e5ff14db21b04e2d6db7fd0eda37042440c%3A1784%0A%20%20%20%20at%20http%3A%2F%2Flocalhost%3A8080%2Fbase%2Fnode_modules%2Fjasmine-core%2Flib%2Fjasmine-core%2Fjasmine.js%3F578a1e5ff14db21b04e2d6db7fd0eda37042440c%3A1762%0A%20%20%20%20at%20http%3A%2F%2Flocalhost%3A8080%2Fbase%2Fnode_modules%2Fjasmine-core%2Flib%2Fjasmine-core%2Fjasmine.js%3F578a1e5ff14db21b04e2d6db7fd0eda37042440c%3A627%0A%20%20%20%20at%20http%3A%2F%2Flocalhost%3A8080%2Fbase%2Fnode_modules%2Fjasmine-core%2Flib%2Fjasmine-core%2Fjasmine.js%3F578a1e5ff14db21b04e2d6db7fd0eda37042440c%3A2354%0A%20%20%20%20at%20attemptAsync%20(http%3A%2F%2Flocalhost%3A8080%2Fbase%2Fnode_modules%2Fjasmine-core%2Flib%2Fjasmine-core%2Fjasmine.js%3F578a1e5ff14db21b04e2d6db7fd0eda37042440c%3A1819)%0A%20%20%20%20at%20http%3A%2F%2Flocalhost%3A8080%2Fbase%2Fnode_modules%2Fjasmine-core%2Flib%2Fjasmine-core%2Fjasmine.js%3F578a1e5ff14db21b04e2d6db7fd0eda37042440c%3A1774%0A%20%20%20%20at%20http%3A%2F%2Flocalhost%3A8080%2Fbase%2Fnode_modules%2Fjasmine-core%2Flib%2Fjasmine-core%2Fjasmine.js%3F578a1e5ff14db21b04e2d6db7fd0eda37042440c%3A1801%0A%20%20%20%20at%20http%3A%2F%2Flocalhost%3A8080%2Fbase%2Fnode_modules%2Fjasmine-core%2Flib%2Fjasmine-core%2Fjasmine.js%3F578a1e5ff14db21b04e2d6db7fd0eda37042440c%3A1745%0A%20%20%20%20at%20http%3A%2F%2Flocalhost%3A8080%2Fbase%2Fnode_modules%2Fjasmine-core%2Flib%2Fjasmine-core%2Fjasmine.js%3F578a1e5ff14db21b04e2d6db7fd0eda37042440c%3A2348%0A%20%20%20%20at%20clearStack%20(http%3A%2F%2Flocalhost%3A8080%2Fbase%2Fnode_modules%2Fjasmine-core%2Flib%2Fjasmine-core%2Fjasmine.js%3F578a1e5ff14db21b04e2d6db7fd0eda37042440c%3A605)%0A%20%20%20%20at%20http%3A%2F%2Flocalhost%3A8080%2Fbase%2Fnode_modules%2Fjasmine-core%2Flib%2Fjasmine-core%2Fjasmine.js%3F578a1e5ff14db21b04e2d6db7fd0eda37042440c%3A1784%0A%20%20%20%20at%20http%3A%2F%2Flocalhost%3A8080%2Fbase%2Fnode_modules%2Fjasmine-core%2Flib%2Fjasmine-core%2Fjasmine.js%3F578a1e5ff14db21b04e2d6db7fd0eda37042440c%3A1762%0A%20%20%20%20at%20http%3A%2F%2Flocalhost%3A8080%2Fbase%2Fnode_modules%2Fjasmine-core%2Flib%2Fjasmine-core%2Fjasmine.js%3F578a1e5ff14db21b04e2d6db7fd0eda37042440c%3A627%0A%20%20%20%20at%20http%3A%2F%2Flocalhost%3A8080%2Fbase%2Fnode_modules%2Fjasmine-core%2Flib%2Fjasmine-core%2Fjasmine.js%3F578a1e5ff14db21b04e2d6db7fd0eda37042440c%3A2354%0A%20%20%20%20at%20attemptAsync%20(http%3A%2F%2Flocalhost%3A8080%2Fbase%2Fnode_modules%2Fjasmine-core%2Flib%2Fjasmine-core%2Fjasmine.js%3F578a1e5ff14db21b04e2d6db7fd0eda37042440c%3A1819)%0A%20%20%20%20at%20http%3A%2F%2Flocalhost%3A8080%2Fbase%2Fnode_modules%2Fjasmine-core%2Flib%2Fjasmine-core%2Fjasmine.js%3F578a1e5ff14db21b04e2d6db7fd0eda37042440c%3A1774%0A%20%20%20%20at%20http%3A%2F%2Flocalhost%3A8080%2Fbase%2Fnode_modules%2Fjasmine-core%2Flib%2Fjasmine-core%2Fjasmine.js%3F578a1e5ff14db21b04e2d6db7fd0eda37042440c%3A1801%0A%20%20%20%20at%20http%3A%2F%2Flocalhost%3A8080%2Fbase%2Fnode_modules%2Fjasmine-core%2Flib%2Fjasmine-core%2Fjasmine.js%3F578a1e5ff14db21b04e2d6db7fd0eda37042440c%3A1745%0A%20%20%20%20at%20http%3A%2F%2Flocalhost%3A8080%2Fbase%2Fnode_modules%2Fjasmine-core%2Flib%2Fjasmine-core%2Fjasmine.js%3F578a1e5ff14db21b04e2d6db7fd0eda37042440c%3A2348%0A%20%20%20%20at%20clearStack%20(http%3A%2F%2Flocalhost%3A8080%2Fbase%2Fnode_modules%2Fjasmine-core%2Flib%2Fjasmine-core%2Fjasmine.js%3F578a1e5ff14db21b04e2d6db7fd0eda37042440c%3A605)%0A%20%20%20%20at%20http%3A%2F%2Flocalhost%3A8080%2Fbase%2Fnode_modules%2Fjasmine-core%2Flib%2Fjasmine-core%2Fjasmine.js%3F578a1e5ff14db21b04e2d6db7fd0eda37042440c%3A1784%0A%20%20%20%20at%20http%3A%2F%2Flocalhost%3A8080%2Fbase%2Fnode_modules%2Fjasmine-core%2Flib%2Fjasmine-core%2Fjasmine.js%3F578a1e5ff14db21b04e2d6db7fd0eda37042440c%3A1762%0A%20%20%20%20at%20http%3A%2F%2Flocalhost%3A8080%2Fbase%2Fnode_modules%2Fjasmine-core%2Flib%2Fjasmine-core%2Fjasmine.js%3F578a1e5ff14db21b04e2d6db7fd0eda37042440c%3A627%0A%20%20%20%20at%20http%3A%2F%2Flocalhost%3A8080%2Fbase%2Fnode_modules%2Fjasmine-core%2Flib%2Fjasmine-core%2Fjasmine.js%3F578a1e5ff14db21b04e2d6db7fd0eda37042440c%3A2354%0A%20%20%20%20at%20attemptAsync%20(http%3A%2F%2Flocalhost%3A8080%2Fbase%2Fnode_modules%2Fjasmine-core%2Flib%2Fjasmine-core%2Fjasmine.js%3F578a1e5ff14db21b04e2d6db7fd0eda37042440c%3A1819)%0A%20%20%20%20at%20http%3A%2F%2Flocalhost%3A8080%2Fbase%2Fnode_modules%2Fjasmine-core%2Flib%2Fjasmine-core%2Fjasmine.js%3F578a1e5ff14db21b04e2d6db7fd0eda37042440c%3A1774%0A%20%20%20%20at%20http%3A%2F%2Flocalhost%3A8080%2Fbase%2Fnode_modules%2Fjasmine-core%2Flib%2Fjasmine-core%2Fjasmine.js%3F578a1e5ff14db21b04e2d6db7fd0eda37042440c%3A1801%0A%20%20%20%20at%20http%3A%2F%2Flocalhost%3A8080%2Fbase%2Fnode_modules%2Fjasmine-core%2Flib%2Fjasmine-core%2Fjasmine.js%3F578a1e5ff14db21b04e2d6db7fd0eda37042440c%3A1745%0A%20%20%20%20at%20http%3A%2F%2Flocalhost%3A8080%2Fbase%2Fnode_modules%2Fjasmine-core%2Flib%2Fjasmine-core%2Fjasmine.js%3F578a1e5ff14db21b04e2d6db7fd0eda37042440c%3A2348%0A%20%20%20%20at%20clearStack%20(http%3A%2F%2Flocalhost%3A8080%2Fbase%2Fnode_modules%2Fjasmine-core%2Flib%2Fjasmine-core%2Fjasmine.js%3F578a1e5ff14db21b04e2d6db7fd0eda37042440c%3A605)%0A%20%20%20%20at%20http%3A%2F%2Flocalhost%3A8080%2Fbase%2Fnode_modules%2Fjasmine-core%2Flib%2Fjasmine-core%2Fjasmine.js%3F578a1e5ff14db21b04e2d6db7fd0eda37042440c%3A1784%0A%20%20%20%20at%20http%3A%2F%2Flocalhost%3A8080%2Fbase%2Fnode_modules%2Fjasmine-core%2Flib%2Fjasmine-core%2Fjasmine.js%3F578a1e5ff14db21b04e2d6db7fd0eda37042440c%3A1762%0A%20%20%20%20at%20http%3A%2F%2Flocalhost%3A8080%2Fbase%2Fnode_modules%2Fjasmine-core%2Flib%2Fjasmine-core%2Fjasmine.js%3F578a1e5ff14db21b04e2d6db7fd0eda37042440c%3A627%0A%20%20%20%20at%20http%3A%2F%2Flocalhost%3A8080%2Fbase%2Fnode_modules%2Fjasmine-core%2Flib%2Fjasmine-core%2Fjasmine.js%3F578a1e5ff14db21b04e2d6db7fd0eda37042440c%3A2354%0A%20%20%20%20at%20attemptAsync%20(http%3A%2F%2Flocalhost%3A8080%2Fbase%2Fnode_modules%2Fjasmine-core%2Flib%2Fjasmine-core%2Fjasmine.js%3F578a1e5ff14db21b04e2d6db7fd0eda37042440c%3A1819)%0A%20%20%20%20at%20http%3A%2F%2Flocalhost%3A8080%2Fbase%2Fnode_modules%2Fjasmine-core%2Flib%2Fjasmine-core%2Fjasmine.js%3F578a1e5ff14db21b04e2d6db7fd0eda37042440c%3A1774%0A%20%20%20%20at%20http%3A%2F%2Flocalhost%3A8080%2Fbase%2Fnode_modules%2Fjasmine-core%2Flib%2Fjasmine-core%2Fjasmine.js%3F578a1e5ff14db21b04e2d6db7fd0eda37042440c%3A1762%0A%20%20%20%20at%20http%3A%2F%2Flocalhost%3A8080%2Fbase%2Fnode_modules%2Fjasmine-core%2Flib%2Fjasmine-core%2Fjasmine.js%3F578a1e5ff14db21b04e2d6db7fd0eda37042440c%3A627%0A%20%20%20%20at%20http%3A%2F%2Flocalhost%3A8080%2Fbase%2Fnode_modules%2Fjasmine-core%2Flib%2Fjasmine-core%2Fjasmine.js%3F578a1e5ff14db21b04e2d6db7fd0eda37042440c%3A2215%0A%20%20%20%20at%20http%3A%2F%2Flocalhost%3A8080%2Fbase%2Fnode_modules%2Fjasmine-core%2Flib%2Fjasmine-core%2Fjasmine.js%3F578a1e5ff14db21b04e2d6db7fd0eda37042440c%3A678%0A%20%20%20%20at%20http%3A%2F%2Flocalhost%3A8080%2Fbase%2Fnode_modules%2Fkarma-jasmine%2Flib%2Fadapter.js%3F0a69ad1fa10cc8be0a12b241227d3b834f82db4f%3A317%0A%20%20%20%20at%20http%3A%2F%2Flocalhost%3A8080%2Fkarma.js%3A185%0A%20%20%20%20at%20http%3A%2F%2Flocalhost%3A8080%2Fcontext.html%3A127
    at C:/dev/MedExplorer/src/client/app/vendor/angular/angular.js:4379
    at forEach (C:/dev/MedExplorer/src/client/app/vendor/angular/angular.js:336)
    at loadModules (C:/dev/MedExplorer/src/client/app/vendor/angular/angular.js:4381)
    at C:/dev/MedExplorer/src/client/app/vendor/angular/angular.js:4356
    at forEach (C:/dev/MedExplorer/src/client/app/vendor/angular/angular.js:336)
    at loadModules (C:/dev/MedExplorer/src/client/app/vendor/angular/angular.js:4381)
    at createInjector (C:/dev/MedExplorer/src/client/app/vendor/angular/angular.js:4265)
    at workFn (C:/dev/MedExplorer/src/client/app/vendor/angular-mocks/angular-mocks.js:2409)
http://errors.angularjs.org/1.4.1/$injector/modulerr?p0=MedExplorer&amp;p1=Error%3A%20%5B%24injector%3Amodulerr%5D%20Failed%20to%20instantiate%20module%20ui.bootstrap%20due%20to%3A%0AError%3A%20%5B%24injector%3Anomod%5D%20Module%20&apos;ui.bootstrap&apos;%20is%20not%20available!%20You%20either%20misspelled%20the%20module%20name%20or%20forgot%20to%20load%20it.%20If%20registering%20a%20module%20ensure%20that%20you%20specify%20the%20dependencies%20as%20the%20second%20argument.%0Ahttp%3A%2F%2Ferrors.angularjs.org%2F1.4.1%2F%24injector%2Fnomod%3Fp0%3Dui.bootstrap%0A%20%20%20%20at%20http%3A%2F%2Flocalhost%3A8080%2Fbase%2Fapp%2Fvendor%2Fangular%2Fangular.js%3F9d140432f81858ac1e7888708720d419d147ffa9%3A1951%0A%20%20%20%20at%20ensure%20(http%3A%2F%2Flocalhost%3A8080%2Fbase%2Fapp%2Fvendor%2Fangular%2Fangular.js%3F9d140432f81858ac1e7888708720d419d147ffa9%3A1873)%0A%20%20%20%20at%20module%20(http%3A%2F%2Flocalhost%3A8080%2Fbase%2Fapp%2Fvendor%2Fangular%2Fangular.js%3F9d140432f81858ac1e7888708720d419d147ffa9%3A2201)%0A%20%20%20%20at%20http%3A%2F%2Flocalhost%3A8080%2Fbase%2Fapp%2Fvendor%2Fangular%2Fangular.js%3F9d140432f81858ac1e7888708720d419d147ffa9%3A4355%0A%20%20%20%20at%20forEach%20(http%3A%2F%2Flocalhost%3A8080%2Fbase%2Fapp%2Fvendor%2Fangular%2Fangular.js%3F9d140432f81858ac1e7888708720d419d147ffa9%3A336)%0A%20%20%20%20at%20loadModules%20(http%3A%2F%2Flocalhost%3A8080%2Fbase%2Fapp%2Fvendor%2Fangular%2Fangular.js%3F9d140432f81858ac1e7888708720d419d147ffa9%3A4381)%0A%20%20%20%20at%20http%3A%2F%2Flocalhost%3A8080%2Fbase%2Fapp%2Fvendor%2Fangular%2Fangular.js%3F9d140432f81858ac1e7888708720d419d147ffa9%3A4356%0A%20%20%20%20at%20forEach%20(http%3A%2F%2Flocalhost%3A8080%2Fbase%2Fapp%2Fvendor%2Fangular%2Fangular.js%3F9d140432f81858ac1e7888708720d419d147ffa9%3A336)%0A%20%20%20%20at%20loadModules%20(http%3A%2F%2Flocalhost%3A8080%2Fbase%2Fapp%2Fvendor%2Fangular%2Fangular.js%3F9d140432f81858ac1e7888708720d419d147ffa9%3A4381)%0A%20%20%20%20at%20createInjector%20(http%3A%2F%2Flocalhost%3A8080%2Fbase%2Fapp%2Fvendor%2Fangular%2Fangular.js%3F9d140432f81858ac1e7888708720d419d147ffa9%3A4265)%0A%20%20%20%20at%20workFn%20(http%3A%2F%2Flocalhost%3A8080%2Fbase%2Fapp%2Fvendor%2Fangular-mocks%2Fangular-mocks.js%3F6fe041cc8bb7a17f894cb12d8b0d44b12644f10a%3A2409)%0A%20%20%20%20at%20attemptSync%20(http%3A%2F%2Flocalhost%3A8080%2Fbase%2Fnode_modules%2Fjasmine-core%2Flib%2Fjasmine-core%2Fjasmine.js%3F578a1e5ff14db21b04e2d6db7fd0eda37042440c%3A1789)%0A%20%20%20%20at%20http%3A%2F%2Flocalhost%3A8080%2Fbase%2Fnode_modules%2Fjasmine-core%2Flib%2Fjasmine-core%2Fjasmine.js%3F578a1e5ff14db21b04e2d6db7fd0eda37042440c%3A1777%0A%20%20%20%20at%20http%3A%2F%2Flocalhost%3A8080%2Fbase%2Fnode_modules%2Fjasmine-core%2Flib%2Fjasmine-core%2Fjasmine.js%3F578a1e5ff14db21b04e2d6db7fd0eda37042440c%3A1762%0A%20%20%20%20at%20http%3A%2F%2Flocalhost%3A8080%2Fbase%2Fnode_modules%2Fjasmine-core%2Flib%2Fjasmine-core%2Fjasmine.js%3F578a1e5ff14db21b04e2d6db7fd0eda37042440c%3A627%0A%20%20%20%20at%20http%3A%2F%2Flocalhost%3A8080%2Fbase%2Fnode_modules%2Fjasmine-core%2Flib%2Fjasmine-core%2Fjasmine.js%3F578a1e5ff14db21b04e2d6db7fd0eda37042440c%3A357%0A%20%20%20%20at%20http%3A%2F%2Flocalhost%3A8080%2Fbase%2Fnode_modules%2Fjasmine-core%2Flib%2Fjasmine-core%2Fjasmine.js%3F578a1e5ff14db21b04e2d6db7fd0eda37042440c%3A2360%0A%20%20%20%20at%20attemptAsync%20(http%3A%2F%2Flocalhost%3A8080%2Fbase%2Fnode_modules%2Fjasmine-core%2Flib%2Fjasmine-core%2Fjasmine.js%3F578a1e5ff14db21b04e2d6db7fd0eda37042440c%3A1819)%0A%20%20%20%20at%20http%3A%2F%2Flocalhost%3A8080%2Fbase%2Fnode_modules%2Fjasmine-core%2Flib%2Fjasmine-core%2Fjasmine.js%3F578a1e5ff14db21b04e2d6db7fd0eda37042440c%3A1774%0A%20%20%20%20at%20http%3A%2F%2Flocalhost%3A8080%2Fbase%2Fnode_modules%2Fjasmine-core%2Flib%2Fjasmine-core%2Fjasmine.js%3F578a1e5ff14db21b04e2d6db7fd0eda37042440c%3A1801%0A%20%20%20%20at%20http%3A%2F%2Flocalhost%3A8080%2Fbase%2Fnode_modules%2Fjasmine-core%2Flib%2Fjasmine-core%2Fjasmine.js%3F578a1e5ff14db21b04e2d6db7fd0eda37042440c%3A1745%0A%20%20%20%20at%20complete%20(http%3A%2F%2Flocalhost%3A8080%2Fbase%2Fnode_modules%2Fjasmine-core%2Flib%2Fjasmine-core%2Fjasmine.js%3F578a1e5ff14db21b04e2d6db7fd0eda37042440c%3A365)%0A%20%20%20%20at%20clearStack%20(http%3A%2F%2Flocalhost%3A8080%2Fbase%2Fnode_modules%2Fjasmine-core%2Flib%2Fjasmine-core%2Fjasmine.js%3F578a1e5ff14db21b04e2d6db7fd0eda37042440c%3A605)%0A%20%20%20%20at%20http%3A%2F%2Flocalhost%3A8080%2Fbase%2Fnode_modules%2Fjasmine-core%2Flib%2Fjasmine-core%2Fjasmine.js%3F578a1e5ff14db21b04e2d6db7fd0eda37042440c%3A1784%0A%20%20%20%20at%20http%3A%2F%2Flocalhost%3A8080%2Fbase%2Fnode_modules%2Fjasmine-core%2Flib%2Fjasmine-core%2Fjasmine.js%3F578a1e5ff14db21b04e2d6db7fd0eda37042440c%3A1762%0A%20%20%20%20at%20http%3A%2F%2Flocalhost%3A8080%2Fbase%2Fnode_modules%2Fjasmine-core%2Flib%2Fjasmine-core%2Fjasmine.js%3F578a1e5ff14db21b04e2d6db7fd0eda37042440c%3A627%0A%20%20%20%20at%20http%3A%2F%2Flocalhost%3A8080%2Fbase%2Fnode_modules%2Fjasmine-core%2Flib%2Fjasmine-core%2Fjasmine.js%3F578a1e5ff14db21b04e2d6db7fd0eda37042440c%3A357%0A%20%20%20%20at%20http%3A%2F%2Flocalhost%3A8080%2Fbase%2Fnode_modules%2Fjasmine-core%2Flib%2Fjasmine-core%2Fjasmine.js%3F578a1e5ff14db21b04e2d6db7fd0eda37042440c%3A2360%0A%20%20%20%20at%20attemptAsync%20(http%3A%2F%2Flocalhost%3A8080%2Fbase%2Fnode_modules%2Fjasmine-core%2Flib%2Fjasmine-core%2Fjasmine.js%3F578a1e5ff14db21b04e2d6db7fd0eda37042440c%3A1819)%0A%20%20%20%20at%20http%3A%2F%2Flocalhost%3A8080%2Fbase%2Fnode_modules%2Fjasmine-core%2Flib%2Fjasmine-core%2Fjasmine.js%3F578a1e5ff14db21b04e2d6db7fd0eda37042440c%3A1774%0A%20%20%20%20at%20http%3A%2F%2Flocalhost%3A8080%2Fbase%2Fnode_modules%2Fjasmine-core%2Flib%2Fjasmine-core%2Fjasmine.js%3F578a1e5ff14db21b04e2d6db7fd0eda37042440c%3A1801%0A%20%20%20%20at%20http%3A%2F%2Flocalhost%3A8080%2Fbase%2Fnode_modules%2Fjasmine-core%2Flib%2Fjasmine-core%2Fjasmine.js%3F578a1e5ff14db21b04e2d6db7fd0eda37042440c%3A1745%0A%20%20%20%20at%20complete%20(http%3A%2F%2Flocalhost%3A8080%2Fbase%2Fnode_modules%2Fjasmine-core%2Flib%2Fjasmine-core%2Fjasmine.js%3F578a1e5ff14db21b04e2d6db7fd0eda37042440c%3A365)%0A%20%20%20%20at%20clearStack%20(http%3A%2F%2Flocalhost%3A8080%2Fbase%2Fnode_modules%2Fjasmine-core%2Flib%2Fjasmine-core%2Fjasmine.js%3F578a1e5ff14db21b04e2d6db7fd0eda37042440c%3A605)%0A%20%20%20%20at%20http%3A%2F%2Flocalhost%3A8080%2Fbase%2Fnode_modules%2Fjasmine-core%2Flib%2Fjasmine-core%2Fjasmine.js%3F578a1e5ff14db21b04e2d6db7fd0eda37042440c%3A1784%0A%20%20%20%20at%20http%3A%2F%2Flocalhost%3A8080%2Fbase%2Fnode_modules%2Fjasmine-core%2Flib%2Fjasmine-core%2Fjasmine.js%3F578a1e5ff14db21b04e2d6db7fd0eda37042440c%3A1762%0A%20%20%20%20at%20http%3A%2F%2Flocalhost%3A8080%2Fbase%2Fnode_modules%2Fjasmine-core%2Flib%2Fjasmine-core%2Fjasmine.js%3F578a1e5ff14db21b04e2d6db7fd0eda37042440c%3A627%0A%20%20%20%20at%20http%3A%2F%2Flocalhost%3A8080%2Fbase%2Fnode_modules%2Fjasmine-core%2Flib%2Fjasmine-core%2Fjasmine.js%3F578a1e5ff14db21b04e2d6db7fd0eda37042440c%3A357%0A%20%20%20%20at%20http%3A%2F%2Flocalhost%3A8080%2Fbase%2Fnode_modules%2Fjasmine-core%2Flib%2Fjasmine-core%2Fjasmine.js%3F578a1e5ff14db21b04e2d6db7fd0eda37042440c%3A2360%0A%20%20%20%20at%20attemptAsync%20(http%3A%2F%2Flocalhost%3A8080%2Fbase%2Fnode_modules%2Fjasmine-core%2Flib%2Fjasmine-core%2Fjasmine.js%3F578a1e5ff14db21b04e2d6db7fd0eda37042440c%3A1819)%0A%20%20%20%20at%20http%3A%2F%2Flocalhost%3A8080%2Fbase%2Fnode_modules%2Fjasmine-core%2Flib%2Fjasmine-core%2Fjasmine.js%3F578a1e5ff14db21b04e2d6db7fd0eda37042440c%3A1774%0A%20%20%20%20at%20http%3A%2F%2Flocalhost%3A8080%2Fbase%2Fnode_modules%2Fjasmine-core%2Flib%2Fjasmine-core%2Fjasmine.js%3F578a1e5ff14db21b04e2d6db7fd0eda37042440c%3A1801%0A%20%20%20%20at%20http%3A%2F%2Flocalhost%3A8080%2Fbase%2Fnode_modules%2Fjasmine-core%2Flib%2Fjasmine-core%2Fjasmine.js%3F578a1e5ff14db21b04e2d6db7fd0eda37042440c%3A1745%0A%20%20%20%20at%20complete%20(http%3A%2F%2Flocalhost%3A8080%2Fbase%2Fnode_modules%2Fjasmine-core%2Flib%2Fjasmine-core%2Fjasmine.js%3F578a1e5ff14db21b04e2d6db7fd0eda37042440c%3A365)%0A%20%20%20%20at%20clearStack%20(http%3A%2F%2Flocalhost%3A8080%2Fbase%2Fnode_modules%2Fjasmine-core%2Flib%2Fjasmine-core%2Fjasmine.js%3F578a1e5ff14db21b04e2d6db7fd0eda37042440c%3A605)%0A%20%20%20%20at%20http%3A%2F%2Flocalhost%3A8080%2Fbase%2Fnode_modules%2Fjasmine-core%2Flib%2Fjasmine-core%2Fjasmine.js%3F578a1e5ff14db21b04e2d6db7fd0eda37042440c%3A1784%0A%20%20%20%20at%20http%3A%2F%2Flocalhost%3A8080%2Fbase%2Fnode_modules%2Fjasmine-core%2Flib%2Fjasmine-core%2Fjasmine.js%3F578a1e5ff14db21b04e2d6db7fd0eda37042440c%3A1762%0A%20%20%20%20at%20http%3A%2F%2Flocalhost%3A8080%2Fbase%2Fnode_modules%2Fjasmine-core%2Flib%2Fjasmine-core%2Fjasmine.js%3F578a1e5ff14db21b04e2d6db7fd0eda37042440c%3A627%0A%20%20%20%20at%20http%3A%2F%2Flocalhost%3A8080%2Fbase%2Fnode_modules%2Fjasmine-core%2Flib%2Fjasmine-core%2Fjasmine.js%3F578a1e5ff14db21b04e2d6db7fd0eda37042440c%3A357%0A%20%20%20%20at%20http%3A%2F%2Flocalhost%3A8080%2Fbase%2Fnode_modules%2Fjasmine-core%2Flib%2Fjasmine-core%2Fjasmine.js%3F578a1e5ff14db21b04e2d6db7fd0eda37042440c%3A2360%0A%20%20%20%20at%20attemptAsync%20(http%3A%2F%2Flocalhost%3A8080%2Fbase%2Fnode_modules%2Fjasmine-core%2Flib%2Fjasmine-core%2Fjasmine.js%3F578a1e5ff14db21b04e2d6db7fd0eda37042440c%3A1819)%0A%20%20%20%20at%20http%3A%2F%2Flocalhost%3A8080%2Fbase%2Fnode_modules%2Fjasmine-core%2Flib%2Fjasmine-core%2Fjasmine.js%3F578a1e5ff14db21b04e2d6db7fd0eda37042440c%3A1774%0A%20%20%20%20at%20http%3A%2F%2Flocalhost%3A8080%2Fbase%2Fnode_modules%2Fjasmine-core%2Flib%2Fjasmine-core%2Fjasmine.js%3F578a1e5ff14db21b04e2d6db7fd0eda37042440c%3A1801%0A%20%20%20%20at%20http%3A%2F%2Flocalhost%3A8080%2Fbase%2Fnode_modules%2Fjasmine-core%2Flib%2Fjasmine-core%2Fjasmine.js%3F578a1e5ff14db21b04e2d6db7fd0eda37042440c%3A1745%0A%20%20%20%20at%20complete%20(http%3A%2F%2Flocalhost%3A8080%2Fbase%2Fnode_modules%2Fjasmine-core%2Flib%2Fjasmine-core%2Fjasmine.js%3F578a1e5ff14db21b04e2d6db7fd0eda37042440c%3A365)%0A%20%20%20%20at%20clearStack%20(http%3A%2F%2Flocalhost%3A8080%2Fbase%2Fnode_modules%2Fjasmine-core%2Flib%2Fjasmine-core%2Fjasmine.js%3F578a1e5ff14db21b04e2d6db7fd0eda37042440c%3A605)%0A%20%20%20%20at%20http%3A%2F%2Flocalhost%3A8080%2Fbase%2Fnode_modules%2Fjasmine-core%2Flib%2Fjasmine-core%2Fjasmine.js%3F578a1e5ff14db21b04e2d6db7fd0eda37042440c%3A1784%0A%20%20%20%20at%20http%3A%2F%2Flocalhost%3A8080%2Fbase%2Fnode_modules%2Fjasmine-core%2Flib%2Fjasmine-core%2Fjasmine.js%3F578a1e5ff14db21b04e2d6db7fd0eda37042440c%3A1762%0A%20%20%20%20at%20http%3A%2F%2Flocalhost%3A8080%2Fbase%2Fnode_modules%2Fjasmine-core%2Flib%2Fjasmine-core%2Fjasmine.js%3F578a1e5ff14db21b04e2d6db7fd0eda37042440c%3A627%0A%20%20%20%20at%20http%3A%2F%2Flocalhost%3A8080%2Fbase%2Fnode_modules%2Fjasmine-core%2Flib%2Fjasmine-core%2Fjasmine.js%3F578a1e5ff14db21b04e2d6db7fd0eda37042440c%3A357%0A%20%20%20%20at%20http%3A%2F%2Flocalhost%3A8080%2Fbase%2Fnode_modules%2Fjasmine-core%2Flib%2Fjasmine-core%2Fjasmine.js%3F578a1e5ff14db21b04e2d6db7fd0eda37042440c%3A2360%0A%20%20%20%20at%20attemptAsync%20(http%3A%2F%2Flocalhost%3A8080%2Fbase%2Fnode_modules%2Fjasmine-core%2Flib%2Fjasmine-core%2Fjasmine.js%3F578a1e5ff14db21b04e2d6db7fd0eda37042440c%3A1819)%0A%20%20%20%20at%20http%3A%2F%2Flocalhost%3A8080%2Fbase%2Fnode_modules%2Fjasmine-core%2Flib%2Fjasmine-core%2Fjasmine.js%3F578a1e5ff14db21b04e2d6db7fd0eda37042440c%3A1774%0A%20%20%20%20at%20http%3A%2F%2Flocalhost%3A8080%2Fbase%2Fnode_modules%2Fjasmine-core%2Flib%2Fjasmine-core%2Fjasmine.js%3F578a1e5ff14db21b04e2d6db7fd0eda37042440c%3A1801%0A%20%20%20%20at%20http%3A%2F%2Flocalhost%3A8080%2Fbase%2Fnode_modules%2Fjasmine-core%2Flib%2Fjasmine-core%2Fjasmine.js%3F578a1e5ff14db21b04e2d6db7fd0eda37042440c%3A1745%0A%20%20%20%20at%20complete%20(http%3A%2F%2Flocalhost%3A8080%2Fbase%2Fnode_modules%2Fjasmine-core%2Flib%2Fjasmine-core%2Fjasmine.js%3F578a1e5ff14db21b04e2d6db7fd0eda37042440c%3A365)%0A%20%20%20%20at%20clearStack%20(http%3A%2F%2Flocalhost%3A8080%2Fbase%2Fnode_modules%2Fjasmine-core%2Flib%2Fjasmine-core%2Fjasmine.js%3F578a1e5ff14db21b04e2d6db7fd0eda37042440c%3A605)%0A%20%20%20%20at%20http%3A%2F%2Flocalhost%3A8080%2Fbase%2Fnode_modules%2Fjasmine-core%2Flib%2Fjasmine-core%2Fjasmine.js%3F578a1e5ff14db21b04e2d6db7fd0eda37042440c%3A1784%0A%20%20%20%20at%20http%3A%2F%2Flocalhost%3A8080%2Fbase%2Fnode_modules%2Fjasmine-core%2Flib%2Fjasmine-core%2Fjasmine.js%3F578a1e5ff14db21b04e2d6db7fd0eda37042440c%3A1762%0A%20%20%20%20at%20http%3A%2F%2Flocalhost%3A8080%2Fbase%2Fnode_modules%2Fjasmine-core%2Flib%2Fjasmine-core%2Fjasmine.js%3F578a1e5ff14db21b04e2d6db7fd0eda37042440c%3A627%0A%20%20%20%20at%20http%3A%2F%2Flocalhost%3A8080%2Fbase%2Fnode_modules%2Fjasmine-core%2Flib%2Fjasmine-core%2Fjasmine.js%3F578a1e5ff14db21b04e2d6db7fd0eda37042440c%3A357%0A%20%20%20%20at%20http%3A%2F%2Flocalhost%3A8080%2Fbase%2Fnode_modules%2Fjasmine-core%2Flib%2Fjasmine-core%2Fjasmine.js%3F578a1e5ff14db21b04e2d6db7fd0eda37042440c%3A2360%0A%20%20%20%20at%20attemptAsync%20(http%3A%2F%2Flocalhost%3A8080%2Fbase%2Fnode_modules%2Fjasmine-core%2Flib%2Fjasmine-core%2Fjasmine.js%3F578a1e5ff14db21b04e2d6db7fd0eda37042440c%3A1819)%0A%20%20%20%20at%20http%3A%2F%2Flocalhost%3A8080%2Fbase%2Fnode_modules%2Fjasmine-core%2Flib%2Fjasmine-core%2Fjasmine.js%3F578a1e5ff14db21b04e2d6db7fd0eda37042440c%3A1774%0A%20%20%20%20at%20http%3A%2F%2Flocalhost%3A8080%2Fbase%2Fnode_modules%2Fjasmine-core%2Flib%2Fjasmine-core%2Fjasmine.js%3F578a1e5ff14db21b04e2d6db7fd0eda37042440c%3A1762%0A%20%20%20%20at%20http%3A%2F%2Flocalhost%3A8080%2Fbase%2Fnode_modules%2Fjasmine-core%2Flib%2Fjasmine-core%2Fjasmine.js%3F578a1e5ff14db21b04e2d6db7fd0eda37042440c%3A627%0A%20%20%20%20at%20http%3A%2F%2Flocalhost%3A8080%2Fbase%2Fnode_modules%2Fjasmine-core%2Flib%2Fjasmine-core%2Fjasmine.js%3F578a1e5ff14db21b04e2d6db7fd0eda37042440c%3A2354%0A%20%20%20%20at%20attemptAsync%20(http%3A%2F%2Flocalhost%3A8080%2Fbase%2Fnode_modules%2Fjasmine-core%2Flib%2Fjasmine-core%2Fjasmine.js%3F578a1e5ff14db21b04e2d6db7fd0eda37042440c%3A1819)%0A%20%20%20%20at%20http%3A%2F%2Flocalhost%3A8080%2Fbase%2Fnode_modules%2Fjasmine-core%2Flib%2Fjasmine-core%2Fjasmine.js%3F578a1e5ff14db21b04e2d6db7fd0eda37042440c%3A1774%0A%20%20%20%20at%20http%3A%2F%2Flocalhost%3A8080%2Fbase%2Fnode_modules%2Fjasmine-core%2Flib%2Fjasmine-core%2Fjasmine.js%3F578a1e5ff14db21b04e2d6db7fd0eda37042440c%3A1801%0A%20%20%20%20at%20http%3A%2F%2Flocalhost%3A8080%2Fbase%2Fnode_modules%2Fjasmine-core%2Flib%2Fjasmine-core%2Fjasmine.js%3F578a1e5ff14db21b04e2d6db7fd0eda37042440c%3A1745%0A%20%20%20%20at%20http%3A%2F%2Flocalhost%3A8080%2Fbase%2Fnode_modules%2Fjasmine-core%2Flib%2Fjasmine-core%2Fjasmine.js%3F578a1e5ff14db21b04e2d6db7fd0eda37042440c%3A2348%0A%20%20%20%20at%20clearStack%20(http%3A%2F%2Flocalhost%3A8080%2Fbase%2Fnode_modules%2Fjasmine-core%2Flib%2Fjasmine-core%2Fjasmine.js%3F578a1e5ff14db21b04e2d6db7fd0eda37042440c%3A605)%0A%20%20%20%20at%20http%3A%2F%2Flocalhost%3A8080%2Fbase%2Fnode_modules%2Fjasmine-core%2Flib%2Fjasmine-core%2Fjasmine.js%3F578a1e5ff14db21b04e2d6db7fd0eda37042440c%3A1784%0A%20%20%20%20at%20http%3A%2F%2Flocalhost%3A8080%2Fbase%2Fnode_modules%2Fjasmine-core%2Flib%2Fjasmine-core%2Fjasmine.js%3F578a1e5ff14db21b04e2d6db7fd0eda37042440c%3A1762%0A%20%20%20%20at%20http%3A%2F%2Flocalhost%3A8080%2Fbase%2Fnode_modules%2Fjasmine-core%2Flib%2Fjasmine-core%2Fjasmine.js%3F578a1e5ff14db21b04e2d6db7fd0eda37042440c%3A627%0A%20%20%20%20at%20http%3A%2F%2Flocalhost%3A8080%2Fbase%2Fnode_modules%2Fjasmine-core%2Flib%2Fjasmine-core%2Fjasmine.js%3F578a1e5ff14db21b04e2d6db7fd0eda37042440c%3A2354%0A%20%20%20%20at%20attemptAsync%20(http%3A%2F%2Flocalhost%3A8080%2Fbase%2Fnode_modules%2Fjasmine-core%2Flib%2Fjasmine-core%2Fjasmine.js%3F578a1e5ff14db21b04e2d6db7fd0eda37042440c%3A1819)%0A%20%20%20%20at%20http%3A%2F%2Flocalhost%3A8080%2Fbase%2Fnode_modules%2Fjasmine-core%2Flib%2Fjasmine-core%2Fjasmine.js%3F578a1e5ff14db21b04e2d6db7fd0eda37042440c%3A1774%0A%20%20%20%20at%20http%3A%2F%2Flocalhost%3A8080%2Fbase%2Fnode_modules%2Fjasmine-core%2Flib%2Fjasmine-core%2Fjasmine.js%3F578a1e5ff14db21b04e2d6db7fd0eda37042440c%3A1801%0A%20%20%20%20at%20http%3A%2F%2Flocalhost%3A8080%2Fbase%2Fnode_modules%2Fjasmine-core%2Flib%2Fjasmine-core%2Fjasmine.js%3F578a1e5ff14db21b04e2d6db7fd0eda37042440c%3A1745%0A%20%20%20%20at%20http%3A%2F%2Flocalhost%3A8080%2Fbase%2Fnode_modules%2Fjasmine-core%2Flib%2Fjasmine-core%2Fjasmine.js%3F578a1e5ff14db21b04e2d6db7fd0eda37042440c%3A2348%0A%20%20%20%20at%20clearStack%20(http%3A%2F%2Flocalhost%3A8080%2Fbase%2Fnode_modules%2Fjasmine-core%2Flib%2Fjasmine-core%2Fjasmine.js%3F578a1e5ff14db21b04e2d6db7fd0eda37042440c%3A605)%0A%20%20%20%20at%20http%3A%2F%2Flocalhost%3A8080%2Fbase%2Fnode_modules%2Fjasmine-core%2Flib%2Fjasmine-core%2Fjasmine.js%3F578a1e5ff14db21b04e2d6db7fd0eda37042440c%3A1784%0A%20%20%20%20at%20http%3A%2F%2Flocalhost%3A8080%2Fbase%2Fnode_modules%2Fjasmine-core%2Flib%2Fjasmine-core%2Fjasmine.js%3F578a1e5ff14db21b04e2d6db7fd0eda37042440c%3A1762%0A%20%20%20%20at%20http%3A%2F%2Flocalhost%3A8080%2Fbase%2Fnode_modules%2Fjasmine-core%2Flib%2Fjasmine-core%2Fjasmine.js%3F578a1e5ff14db21b04e2d6db7fd0eda37042440c%3A627%0A%20%20%20%20at%20http%3A%2F%2Flocalhost%3A8080%2Fbase%2Fnode_modules%2Fjasmine-core%2Flib%2Fjasmine-core%2Fjasmine.js%3F578a1e5ff14db21b04e2d6db7fd0eda37042440c%3A2354%0A%20%20%20%20at%20attemptAsync%20(http%3A%2F%2Flocalhost%3A8080%2Fbase%2Fnode_modules%2Fjasmine-core%2Flib%2Fjasmine-core%2Fjasmine.js%3F578a1e5ff14db21b04e2d6db7fd0eda37042440c%3A1819)%0A%20%20%20%20at%20http%3A%2F%2Flocalhost%3A8080%2Fbase%2Fnode_modules%2Fjasmine-core%2Flib%2Fjasmine-core%2Fjasmine.js%3F578a1e5ff14db21b04e2d6db7fd0eda37042440c%3A1774%0A%20%20%20%20at%20http%3A%2F%2Flocalhost%3A8080%2Fbase%2Fnode_modules%2Fjasmine-core%2Flib%2Fjasmine-core%2Fjasmine.js%3F578a1e5ff14db21b04e2d6db7fd0eda37042440c%3A1801%0A%20%20%20%20at%20http%3A%2F%2Flocalhost%3A8080%2Fbase%2Fnode_modules%2Fjasmine-core%2Flib%2Fjasmine-core%2Fjasmine.js%3F578a1e5ff14db21b04e2d6db7fd0eda37042440c%3A1745%0A%20%20%20%20at%20http%3A%2F%2Flocalhost%3A8080%2Fbase%2Fnode_modules%2Fjasmine-core%2Flib%2Fjasmine-core%2Fjasmine.js%3F578a1e5ff14db21b04e2d6db7fd0eda37042440c%3A2348%0A%20%20%20%20at%20clearStack%20(http%3A%2F%2Flocalhost%3A8080%2Fbase%2Fnode_modules%2Fjasmine-core%2Flib%2Fjasmine-core%2Fjasmine.js%3F578a1e5ff14db21b04e2d6db7fd0eda37042440c%3A605)%0A%20%20%20%20at%20http%3A%2F%2Flocalhost%3A8080%2Fbase%2Fnode_modules%2Fjasmine-core%2Flib%2Fjasmine-core%2Fjasmine.js%3F578a1e5ff14db21b04e2d6db7fd0eda37042440c%3A1784%0A%20%20%20%20at%20http%3A%2F%2Flocalhost%3A8080%2Fbase%2Fnode_modules%2Fjasmine-core%2Flib%2Fjasmine-core%2Fjasmine.js%3F578a1e5ff14db21b04e2d6db7fd0eda37042440c%3A1801%0A%20%20%20%20at%20http%3A%2F%2Flocalhost%3A8080%2Fbase%2Fnode_modules%2Fjasmine-core%2Flib%2Fjasmine-core%2Fjasmine.js%3F578a1e5ff14db21b04e2d6db7fd0eda37042440c%3A1745%0A%20%20%20%20at%20complete%20(http%3A%2F%2Flocalhost%3A8080%2Fbase%2Fnode_modules%2Fjasmine-core%2Flib%2Fjasmine-core%2Fjasmine.js%3F578a1e5ff14db21b04e2d6db7fd0eda37042440c%3A365)%0A%20%20%20%20at%20clearStack%20(http%3A%2F%2Flocalhost%3A8080%2Fbase%2Fnode_modules%2Fjasmine-core%2Flib%2Fjasmine-core%2Fjasmine.js%3F578a1e5ff14db21b04e2d6db7fd0eda37042440c%3A605)%0A%20%20%20%20at%20http%3A%2F%2Flocalhost%3A8080%2Fbase%2Fnode_modules%2Fjasmine-core%2Flib%2Fjasmine-core%2Fjasmine.js%3F578a1e5ff14db21b04e2d6db7fd0eda37042440c%3A1784%0A%20%20%20%20at%20http%3A%2F%2Flocalhost%3A8080%2Fbase%2Fnode_modules%2Fjasmine-core%2Flib%2Fjasmine-core%2Fjasmine.js%3F578a1e5ff14db21b04e2d6db7fd0eda37042440c%3A1762%0A%20%20%20%20at%20http%3A%2F%2Flocalhost%3A8080%2Fbase%2Fnode_modules%2Fjasmine-core%2Flib%2Fjasmine-core%2Fjasmine.js%3F578a1e5ff14db21b04e2d6db7fd0eda37042440c%3A627%0A%20%20%20%20at%20http%3A%2F%2Flocalhost%3A8080%2Fbase%2Fnode_modules%2Fjasmine-core%2Flib%2Fjasmine-core%2Fjasmine.js%3F578a1e5ff14db21b04e2d6db7fd0eda37042440c%3A357%0A%20%20%20%20at%20http%3A%2F%2Flocalhost%3A8080%2Fbase%2Fnode_modules%2Fjasmine-core%2Flib%2Fjasmine-core%2Fjasmine.js%3F578a1e5ff14db21b04e2d6db7fd0eda37042440c%3A2360%0A%20%20%20%20at%20attemptAsync%20(http%3A%2F%2Flocalhost%3A8080%2Fbase%2Fnode_modules%2Fjasmine-core%2Flib%2Fjasmine-core%2Fjasmine.js%3F578a1e5ff14db21b04e2d6db7fd0eda37042440c%3A1819)%0A%20%20%20%20at%20http%3A%2F%2Flocalhost%3A8080%2Fbase%2Fnode_modules%2Fjasmine-core%2Flib%2Fjasmine-core%2Fjasmine.js%3F578a1e5ff14db21b04e2d6db7fd0eda37042440c%3A1774%0A%20%20%20%20at%20http%3A%2F%2Flocalhost%3A8080%2Fbase%2Fnode_modules%2Fjasmine-core%2Flib%2Fjasmine-core%2Fjasmine.js%3F578a1e5ff14db21b04e2d6db7fd0eda37042440c%3A1801%0A%20%20%20%20at%20http%3A%2F%2Flocalhost%3A8080%2Fbase%2Fnode_modules%2Fjasmine-core%2Flib%2Fjasmine-core%2Fjasmine.js%3F578a1e5ff14db21b04e2d6db7fd0eda37042440c%3A1745%0A%20%20%20%20at%20complete%20(http%3A%2F%2Flocalhost%3A8080%2Fbase%2Fnode_modules%2Fjasmine-core%2Flib%2Fjasmine-core%2Fjasmine.js%3F578a1e5ff14db21b04e2d6db7fd0eda37042440c%3A365)%0A%20%20%20%20at%20clearStack%20(http%3A%2F%2Flocalhost%3A8080%2Fbase%2Fnode_modules%2Fjasmine-core%2Flib%2Fjasmine-core%2Fjasmine.js%3F578a1e5ff14db21b04e2d6db7fd0eda37042440c%3A605)%0A%20%20%20%20at%20http%3A%2F%2Flocalhost%3A8080%2Fbase%2Fnode_modules%2Fjasmine-core%2Flib%2Fjasmine-core%2Fjasmine.js%3F578a1e5ff14db21b04e2d6db7fd0eda37042440c%3A1784%0A%20%20%20%20at%20http%3A%2F%2Flocalhost%3A8080%2Fbase%2Fnode_modules%2Fjasmine-core%2Flib%2Fjasmine-core%2Fjasmine.js%3F578a1e5ff14db21b04e2d6db7fd0eda37042440c%3A1762%0A%20%20%20%20at%20http%3A%2F%2Flocalhost%3A8080%2Fbase%2Fnode_modules%2Fjasmine-core%2Flib%2Fjasmine-core%2Fjasmine.js%3F578a1e5ff14db21b04e2d6db7fd0eda37042440c%3A627%0A%20%20%20%20at%20http%3A%2F%2Flocalhost%3A8080%2Fbase%2Fnode_modules%2Fjasmine-core%2Flib%2Fjasmine-core%2Fjasmine.js%3F578a1e5ff14db21b04e2d6db7fd0eda37042440c%3A357%0A%20%20%20%20at%20http%3A%2F%2Flocalhost%3A8080%2Fbase%2Fnode_modules%2Fjasmine-core%2Flib%2Fjasmine-core%2Fjasmine.js%3F578a1e5ff14db21b04e2d6db7fd0eda37042440c%3A2360%0A%20%20%20%20at%20attemptAsync%20(http%3A%2F%2Flocalhost%3A8080%2Fbase%2Fnode_modules%2Fjasmine-core%2Flib%2Fjasmine-core%2Fjasmine.js%3F578a1e5ff14db21b04e2d6db7fd0eda37042440c%3A1819)%0A%20%20%20%20at%20http%3A%2F%2Flocalhost%3A8080%2Fbase%2Fnode_modules%2Fjasmine-core%2Flib%2Fjasmine-core%2Fjasmine.js%3F578a1e5ff14db21b04e2d6db7fd0eda37042440c%3A1774%0A%20%20%20%20at%20http%3A%2F%2Flocalhost%3A8080%2Fbase%2Fnode_modules%2Fjasmine-core%2Flib%2Fjasmine-core%2Fjasmine.js%3F578a1e5ff14db21b04e2d6db7fd0eda37042440c%3A1762%0A%20%20%20%20at%20http%3A%2F%2Flocalhost%3A8080%2Fbase%2Fnode_modules%2Fjasmine-core%2Flib%2Fjasmine-core%2Fjasmine.js%3F578a1e5ff14db21b04e2d6db7fd0eda37042440c%3A627%0A%20%20%20%20at%20http%3A%2F%2Flocalhost%3A8080%2Fbase%2Fnode_modules%2Fjasmine-core%2Flib%2Fjasmine-core%2Fjasmine.js%3F578a1e5ff14db21b04e2d6db7fd0eda37042440c%3A2354%0A%20%20%20%20at%20attemptAsync%20(http%3A%2F%2Flocalhost%3A8080%2Fbase%2Fnode_modules%2Fjasmine-core%2Flib%2Fjasmine-core%2Fjasmine.js%3F578a1e5ff14db21b04e2d6db7fd0eda37042440c%3A1819)%0A%20%20%20%20at%20http%3A%2F%2Flocalhost%3A8080%2Fbase%2Fnode_modules%2Fjasmine-core%2Flib%2Fjasmine-core%2Fjasmine.js%3F578a1e5ff14db21b04e2d6db7fd0eda37042440c%3A1774%0A%20%20%20%20at%20http%3A%2F%2Flocalhost%3A8080%2Fbase%2Fnode_modules%2Fjasmine-core%2Flib%2Fjasmine-core%2Fjasmine.js%3F578a1e5ff14db21b04e2d6db7fd0eda37042440c%3A1801%0A%20%20%20%20at%20http%3A%2F%2Flocalhost%3A8080%2Fbase%2Fnode_modules%2Fjasmine-core%2Flib%2Fjasmine-core%2Fjasmine.js%3F578a1e5ff14db21b04e2d6db7fd0eda37042440c%3A1745%0A%20%20%20%20at%20http%3A%2F%2Flocalhost%3A8080%2Fbase%2Fnode_modules%2Fjasmine-core%2Flib%2Fjasmine-core%2Fjasmine.js%3F578a1e5ff14db21b04e2d6db7fd0eda37042440c%3A2348%0A%20%20%20%20at%20clearStack%20(http%3A%2F%2Flocalhost%3A8080%2Fbase%2Fnode_modules%2Fjasmine-core%2Flib%2Fjasmine-core%2Fjasmine.js%3F578a1e5ff14db21b04e2d6db7fd0eda37042440c%3A605)%0A%20%20%20%20at%20http%3A%2F%2Flocalhost%3A8080%2Fbase%2Fnode_modules%2Fjasmine-core%2Flib%2Fjasmine-core%2Fjasmine.js%3F578a1e5ff14db21b04e2d6db7fd0eda37042440c%3A1784%0A%20%20%20%20at%20http%3A%2F%2Flocalhost%3A8080%2Fbase%2Fnode_modules%2Fjasmine-core%2Flib%2Fjasmine-core%2Fjasmine.js%3F578a1e5ff14db21b04e2d6db7fd0eda37042440c%3A1762%0A%20%20%20%20at%20http%3A%2F%2Flocalhost%3A8080%2Fbase%2Fnode_modules%2Fjasmine-core%2Flib%2Fjasmine-core%2Fjasmine.js%3F578a1e5ff14db21b04e2d6db7fd0eda37042440c%3A627%0A%20%20%20%20at%20http%3A%2F%2Flocalhost%3A8080%2Fbase%2Fnode_modules%2Fjasmine-core%2Flib%2Fjasmine-core%2Fjasmine.js%3F578a1e5ff14db21b04e2d6db7fd0eda37042440c%3A2354%0A%20%20%20%20at%20attemptAsync%20(http%3A%2F%2Flocalhost%3A8080%2Fbase%2Fnode_modules%2Fjasmine-core%2Flib%2Fjasmine-core%2Fjasmine.js%3F578a1e5ff14db21b04e2d6db7fd0eda37042440c%3A1819)%0A%20%20%20%20at%20http%3A%2F%2Flocalhost%3A8080%2Fbase%2Fnode_modules%2Fjasmine-core%2Flib%2Fjasmine-core%2Fjasmine.js%3F578a1e5ff14db21b04e2d6db7fd0eda37042440c%3A1774%0A%20%20%20%20at%20http%3A%2F%2Flocalhost%3A8080%2Fbase%2Fnode_modules%2Fjasmine-core%2Flib%2Fjasmine-core%2Fjasmine.js%3F578a1e5ff14db21b04e2d6db7fd0eda37042440c%3A1801%0A%20%20%20%20at%20http%3A%2F%2Flocalhost%3A8080%2Fbase%2Fnode_modules%2Fjasmine-core%2Flib%2Fjasmine-core%2Fjasmine.js%3F578a1e5ff14db21b04e2d6db7fd0eda37042440c%3A1745%0A%20%20%20%20at%20http%3A%2F%2Flocalhost%3A8080%2Fbase%2Fnode_modules%2Fjasmine-core%2Flib%2Fjasmine-core%2Fjasmine.js%3F578a1e5ff14db21b04e2d6db7fd0eda37042440c%3A2348%0A%20%20%20%20at%20clearStack%20(http%3A%2F%2Flocalhost%3A8080%2Fbase%2Fnode_modules%2Fjasmine-core%2Flib%2Fjasmine-core%2Fjasmine.js%3F578a1e5ff14db21b04e2d6db7fd0eda37042440c%3A605)%0A%20%20%20%20at%20http%3A%2F%2Flocalhost%3A8080%2Fbase%2Fnode_modules%2Fjasmine-core%2Flib%2Fjasmine-core%2Fjasmine.js%3F578a1e5ff14db21b04e2d6db7fd0eda37042440c%3A1784%0A%20%20%20%20at%20http%3A%2F%2Flocalhost%3A8080%2Fbase%2Fnode_modules%2Fjasmine-core%2Flib%2Fjasmine-core%2Fjasmine.js%3F578a1e5ff14db21b04e2d6db7fd0eda37042440c%3A1762%0A%20%20%20%20at%20http%3A%2F%2Flocalhost%3A8080%2Fbase%2Fnode_modules%2Fjasmine-core%2Flib%2Fjasmine-core%2Fjasmine.js%3F578a1e5ff14db21b04e2d6db7fd0eda37042440c%3A627%0A%20%20%20%20at%20http%3A%2F%2Flocalhost%3A8080%2Fbase%2Fnode_modules%2Fjasmine-core%2Flib%2Fjasmine-core%2Fjasmine.js%3F578a1e5ff14db21b04e2d6db7fd0eda37042440c%3A2354%0A%20%20%20%20at%20attemptAsync%20(http%3A%2F%2Flocalhost%3A8080%2Fbase%2Fnode_modules%2Fjasmine-core%2Flib%2Fjasmine-core%2Fjasmine.js%3F578a1e5ff14db21b04e2d6db7fd0eda37042440c%3A1819)%0A%20%20%20%20at%20http%3A%2F%2Flocalhost%3A8080%2Fbase%2Fnode_modules%2Fjasmine-core%2Flib%2Fjasmine-core%2Fjasmine.js%3F578a1e5ff14db21b04e2d6db7fd0eda37042440c%3A1774%0A%20%20%20%20at%20http%3A%2F%2Flocalhost%3A8080%2Fbase%2Fnode_modules%2Fjasmine-core%2Flib%2Fjasmine-core%2Fjasmine.js%3F578a1e5ff14db21b04e2d6db7fd0eda37042440c%3A1801%0A%20%20%20%20at%20http%3A%2F%2Flocalhost%3A8080%2Fbase%2Fnode_modules%2Fjasmine-core%2Flib%2Fjasmine-core%2Fjasmine.js%3F578a1e5ff14db21b04e2d6db7fd0eda37042440c%3A1745%0A%20%20%20%20at%20http%3A%2F%2Flocalhost%3A8080%2Fbase%2Fnode_modules%2Fjasmine-core%2Flib%2Fjasmine-core%2Fjasmine.js%3F578a1e5ff14db21b04e2d6db7fd0eda37042440c%3A2348%0A%20%20%20%20at%20clearStack%20(http%3A%2F%2Flocalhost%3A8080%2Fbase%2Fnode_modules%2Fjasmine-core%2Flib%2Fjasmine-core%2Fjasmine.js%3F578a1e5ff14db21b04e2d6db7fd0eda37042440c%3A605)%0A%20%20%20%20at%20http%3A%2F%2Flocalhost%3A8080%2Fbase%2Fnode_modules%2Fjasmine-core%2Flib%2Fjasmine-core%2Fjasmine.js%3F578a1e5ff14db21b04e2d6db7fd0eda37042440c%3A1784%0A%20%20%20%20at%20http%3A%2F%2Flocalhost%3A8080%2Fbase%2Fnode_modules%2Fjasmine-core%2Flib%2Fjasmine-core%2Fjasmine.js%3F578a1e5ff14db21b04e2d6db7fd0eda37042440c%3A1762%0A%20%20%20%20at%20http%3A%2F%2Flocalhost%3A8080%2Fbase%2Fnode_modules%2Fjasmine-core%2Flib%2Fjasmine-core%2Fjasmine.js%3F578a1e5ff14db21b04e2d6db7fd0eda37042440c%3A627%0A%20%20%20%20at%20http%3A%2F%2Flocalhost%3A8080%2Fbase%2Fnode_modules%2Fjasmine-core%2Flib%2Fjasmine-core%2Fjasmine.js%3F578a1e5ff14db21b04e2d6db7fd0eda37042440c%3A2354%0A%20%20%20%20at%20attemptAsync%20(http%3A%2F%2Flocalhost%3A8080%2Fbase%2Fnode_modules%2Fjasmine-core%2Flib%2Fjasmine-core%2Fjasmine.js%3F578a1e5ff14db21b04e2d6db7fd0eda37042440c%3A1819)%0A%20%20%20%20at%20http%3A%2F%2Flocalhost%3A8080%2Fbase%2Fnode_modules%2Fjasmine-core%2Flib%2Fjasmine-core%2Fjasmine.js%3F578a1e5ff14db21b04e2d6db7fd0eda37042440c%3A1774%0A%20%20%20%20at%20http%3A%2F%2Flocalhost%3A8080%2Fbase%2Fnode_modules%2Fjasmine-core%2Flib%2Fjasmine-core%2Fjasmine.js%3F578a1e5ff14db21b04e2d6db7fd0eda37042440c%3A1801%0A%20%20%20%20at%20http%3A%2F%2Flocalhost%3A8080%2Fbase%2Fnode_modules%2Fjasmine-core%2Flib%2Fjasmine-core%2Fjasmine.js%3F578a1e5ff14db21b04e2d6db7fd0eda37042440c%3A1745%0A%20%20%20%20at%20http%3A%2F%2Flocalhost%3A8080%2Fbase%2Fnode_modules%2Fjasmine-core%2Flib%2Fjasmine-core%2Fjasmine.js%3F578a1e5ff14db21b04e2d6db7fd0eda37042440c%3A2348%0A%20%20%20%20at%20clearStack%20(http%3A%2F%2Flocalhost%3A8080%2Fbase%2Fnode_modules%2Fjasmine-core%2Flib%2Fjasmine-core%2Fjasmine.js%3F578a1e5ff14db21b04e2d6db7fd0eda37042440c%3A605)%0A%20%20%20%20at%20http%3A%2F%2Flocalhost%3A8080%2Fbase%2Fnode_modules%2Fjasmine-core%2Flib%2Fjasmine-core%2Fjasmine.js%3F578a1e5ff14db21b04e2d6db7fd0eda37042440c%3A1784%0A%20%20%20%20at%20http%3A%2F%2Flocalhost%3A8080%2Fbase%2Fnode_modules%2Fjasmine-core%2Flib%2Fjasmine-core%2Fjasmine.js%3F578a1e5ff14db21b04e2d6db7fd0eda37042440c%3A1762%0A%20%20%20%20at%20http%3A%2F%2Flocalhost%3A8080%2Fbase%2Fnode_modules%2Fjasmine-core%2Flib%2Fjasmine-core%2Fjasmine.js%3F578a1e5ff14db21b04e2d6db7fd0eda37042440c%3A627%0A%20%20%20%20at%20http%3A%2F%2Flocalhost%3A8080%2Fbase%2Fnode_modules%2Fjasmine-core%2Flib%2Fjasmine-core%2Fjasmine.js%3F578a1e5ff14db21b04e2d6db7fd0eda37042440c%3A2354%0A%20%20%20%20at%20attemptAsync%20(http%3A%2F%2Flocalhost%3A8080%2Fbase%2Fnode_modules%2Fjasmine-core%2Flib%2Fjasmine-core%2Fjasmine.js%3F578a1e5ff14db21b04e2d6db7fd0eda37042440c%3A1819)%0A%20%20%20%20at%20http%3A%2F%2Flocalhost%3A8080%2Fbase%2Fnode_modules%2Fjasmine-core%2Flib%2Fjasmine-core%2Fjasmine.js%3F578a1e5ff14db21b04e2d6db7fd0eda37042440c%3A1774%0A%20%20%20%20at%20http%3A%2F%2Flocalhost%3A8080%2Fbase%2Fnode_modules%2Fjasmine-core%2Flib%2Fjasmine-core%2Fjasmine.js%3F578a1e5ff14db21b04e2d6db7fd0eda37042440c%3A1801%0A%20%20%20%20at%20http%3A%2F%2Flocalhost%3A8080%2Fbase%2Fnode_modules%2Fjasmine-core%2Flib%2Fjasmine-core%2Fjasmine.js%3F578a1e5ff14db21b04e2d6db7fd0eda37042440c%3A1745%0A%20%20%20%20at%20http%3A%2F%2Flocalhost%3A8080%2Fbase%2Fnode_modules%2Fjasmine-core%2Flib%2Fjasmine-core%2Fjasmine.js%3F578a1e5ff14db21b04e2d6db7fd0eda37042440c%3A2348%0A%20%20%20%20at%20clearStack%20(http%3A%2F%2Flocalhost%3A8080%2Fbase%2Fnode_modules%2Fjasmine-core%2Flib%2Fjasmine-core%2Fjasmine.js%3F578a1e5ff14db21b04e2d6db7fd0eda37042440c%3A605)%0A%20%20%20%20at%20http%3A%2F%2Flocalhost%3A8080%2Fbase%2Fnode_modules%2Fjasmine-core%2Flib%2Fjasmine-core%2Fjasmine.js%3F578a1e5ff14db21b04e2d6db7fd0eda37042440c%3A1784%0A%20%20%20%20at%20http%3A%2F%2Flocalhost%3A8080%2Fbase%2Fnode_modules%2Fjasmine-core%2Flib%2Fjasmine-core%2Fjasmine.js%3F578a1e5ff14db21b04e2d6db7fd0eda37042440c%3A1762%0A%20%20%20%20at%20http%3A%2F%2Flocalhost%3A8080%2Fbase%2Fnode_modules%2Fjasmine-core%2Flib%2Fjasmine-core%2Fjasmine.js%3F578a1e5ff14db21b04e2d6db7fd0eda37042440c%3A627%0A%20%20%20%20at%20http%3A%2F%2Flocalhost%3A8080%2Fbase%2Fnode_modules%2Fjasmine-core%2Flib%2Fjasmine-core%2Fjasmine.js%3F578a1e5ff14db21b04e2d6db7fd0eda37042440c%3A2354%0A%20%20%20%20at%20attemptAsync%20(http%3A%2F%2Flocalhost%3A8080%2Fbase%2Fnode_modules%2Fjasmine-core%2Flib%2Fjasmine-core%2Fjasmine.js%3F578a1e5ff14db21b04e2d6db7fd0eda37042440c%3A1819)%0A%20%20%20%20at%20http%3A%2F%2Flocalhost%3A8080%2Fbase%2Fnode_modules%2Fjasmine-core%2Flib%2Fjasmine-core%2Fjasmine.js%3F578a1e5ff14db21b04e2d6db7fd0eda37042440c%3A1774%0A%20%20%20%20at%20http%3A%2F%2Flocalhost%3A8080%2Fbase%2Fnode_modules%2Fjasmine-core%2Flib%2Fjasmine-core%2Fjasmine.js%3F578a1e5ff14db21b04e2d6db7fd0eda37042440c%3A1801%0A%20%20%20%20at%20http%3A%2F%2Flocalhost%3A8080%2Fbase%2Fnode_modules%2Fjasmine-core%2Flib%2Fjasmine-core%2Fjasmine.js%3F578a1e5ff14db21b04e2d6db7fd0eda37042440c%3A1745%0A%20%20%20%20at%20http%3A%2F%2Flocalhost%3A8080%2Fbase%2Fnode_modules%2Fjasmine-core%2Flib%2Fjasmine-core%2Fjasmine.js%3F578a1e5ff14db21b04e2d6db7fd0eda37042440c%3A2348%0A%20%20%20%20at%20clearStack%20(http%3A%2F%2Flocalhost%3A8080%2Fbase%2Fnode_modules%2Fjasmine-core%2Flib%2Fjasmine-core%2Fjasmine.js%3F578a1e5ff14db21b04e2d6db7fd0eda37042440c%3A605)%0A%20%20%20%20at%20http%3A%2F%2Flocalhost%3A8080%2Fbase%2Fnode_modules%2Fjasmine-core%2Flib%2Fjasmine-core%2Fjasmine.js%3F578a1e5ff14db21b04e2d6db7fd0eda37042440c%3A1784%0A%20%20%20%20at%20http%3A%2F%2Flocalhost%3A8080%2Fbase%2Fnode_modules%2Fjasmine-core%2Flib%2Fjasmine-core%2Fjasmine.js%3F578a1e5ff14db21b04e2d6db7fd0eda37042440c%3A1762%0A%20%20%20%20at%20http%3A%2F%2Flocalhost%3A8080%2Fbase%2Fnode_modules%2Fjasmine-core%2Flib%2Fjasmine-core%2Fjasmine.js%3F578a1e5ff14db21b04e2d6db7fd0eda37042440c%3A627%0A%20%20%20%20at%20http%3A%2F%2Flocalhost%3A8080%2Fbase%2Fnode_modules%2Fjasmine-core%2Flib%2Fjasmine-core%2Fjasmine.js%3F578a1e5ff14db21b04e2d6db7fd0eda37042440c%3A2354%0A%20%20%20%20at%20attemptAsync%20(http%3A%2F%2Flocalhost%3A8080%2Fbase%2Fnode_modules%2Fjasmine-core%2Flib%2Fjasmine-core%2Fjasmine.js%3F578a1e5ff14db21b04e2d6db7fd0eda37042440c%3A1819)%0A%20%20%20%20at%20http%3A%2F%2Flocalhost%3A8080%2Fbase%2Fnode_modules%2Fjasmine-core%2Flib%2Fjasmine-core%2Fjasmine.js%3F578a1e5ff14db21b04e2d6db7fd0eda37042440c%3A1774%0A%20%20%20%20at%20http%3A%2F%2Flocalhost%3A8080%2Fbase%2Fnode_modules%2Fjasmine-core%2Flib%2Fjasmine-core%2Fjasmine.js%3F578a1e5ff14db21b04e2d6db7fd0eda37042440c%3A1801%0A%20%20%20%20at%20http%3A%2F%2Flocalhost%3A8080%2Fbase%2Fnode_modules%2Fjasmine-core%2Flib%2Fjasmine-core%2Fjasmine.js%3F578a1e5ff14db21b04e2d6db7fd0eda37042440c%3A1745%0A%20%20%20%20at%20http%3A%2F%2Flocalhost%3A8080%2Fbase%2Fnode_modules%2Fjasmine-core%2Flib%2Fjasmine-core%2Fjasmine.js%3F578a1e5ff14db21b04e2d6db7fd0eda37042440c%3A2348%0A%20%20%20%20at%20clearStack%20(http%3A%2F%2Flocalhost%3A8080%2Fbase%2Fnode_modules%2Fjasmine-core%2Flib%2Fjasmine-core%2Fjasmine.js%3F578a1e5ff14db21b04e2d6db7fd0eda37042440c%3A605)%0A%20%20%20%20at%20http%3A%2F%2Flocalhost%3A8080%2Fbase%2Fnode_modules%2Fjasmine-core%2Flib%2Fjasmine-core%2Fjasmine.js%3F578a1e5ff14db21b04e2d6db7fd0eda37042440c%3A1784%0A%20%20%20%20at%20http%3A%2F%2Flocalhost%3A8080%2Fbase%2Fnode_modules%2Fjasmine-core%2Flib%2Fjasmine-core%2Fjasmine.js%3F578a1e5ff14db21b04e2d6db7fd0eda37042440c%3A1762%0A%20%20%20%20at%20http%3A%2F%2Flocalhost%3A8080%2Fbase%2Fnode_modules%2Fjasmine-core%2Flib%2Fjasmine-core%2Fjasmine.js%3F578a1e5ff14db21b04e2d6db7fd0eda37042440c%3A627%0A%20%20%20%20at%20http%3A%2F%2Flocalhost%3A8080%2Fbase%2Fnode_modules%2Fjasmine-core%2Flib%2Fjasmine-core%2Fjasmine.js%3F578a1e5ff14db21b04e2d6db7fd0eda37042440c%3A2354%0A%20%20%20%20at%20attemptAsync%20(http%3A%2F%2Flocalhost%3A8080%2Fbase%2Fnode_modules%2Fjasmine-core%2Flib%2Fjasmine-core%2Fjasmine.js%3F578a1e5ff14db21b04e2d6db7fd0eda37042440c%3A1819)%0A%20%20%20%20at%20http%3A%2F%2Flocalhost%3A8080%2Fbase%2Fnode_modules%2Fjasmine-core%2Flib%2Fjasmine-core%2Fjasmine.js%3F578a1e5ff14db21b04e2d6db7fd0eda37042440c%3A1774%0A%20%20%20%20at%20http%3A%2F%2Flocalhost%3A8080%2Fbase%2Fnode_modules%2Fjasmine-core%2Flib%2Fjasmine-core%2Fjasmine.js%3F578a1e5ff14db21b04e2d6db7fd0eda37042440c%3A1762%0A%20%20%20%20at%20http%3A%2F%2Flocalhost%3A8080%2Fbase%2Fnode_modules%2Fjasmine-core%2Flib%2Fjasmine-core%2Fjasmine.js%3F578a1e5ff14db21b04e2d6db7fd0eda37042440c%3A627%0A%20%20%20%20at%20http%3A%2F%2Flocalhost%3A8080%2Fbase%2Fnode_modules%2Fjasmine-core%2Flib%2Fjasmine-core%2Fjasmine.js%3F578a1e5ff14db21b04e2d6db7fd0eda37042440c%3A2215%0A%20%20%20%20at%20http%3A%2F%2Flocalhost%3A8080%2Fbase%2Fnode_modules%2Fjasmine-core%2Flib%2Fjasmine-core%2Fjasmine.js%3F578a1e5ff14db21b04e2d6db7fd0eda37042440c%3A678%0A%20%20%20%20at%20http%3A%2F%2Flocalhost%3A8080%2Fbase%2Fnode_modules%2Fkarma-jasmine%2Flib%2Fadapter.js%3F0a69ad1fa10cc8be0a12b241227d3b834f82db4f%3A317%0A%20%20%20%20at%20http%3A%2F%2Flocalhost%3A8080%2Fkarma.js%3A185%0A%20%20%20%20at%20http%3A%2F%2Flocalhost%3A8080%2Fcontext.html%3A127%0Ahttp%3A%2F%2Ferrors.angularjs.org%2F1.4.1%2F%24injector%2Fmodulerr%3Fp0%3Dui.bootstrap%26p1%3DError%253A%2520%255B%2524injector%253Anomod%255D%2520Module%2520&apos;ui.bootstrap&apos;%2520is%2520not%2520available!%2520You%2520either%2520misspelled%2520the%2520module%2520name%2520or%2520forgot%2520to%2520load%2520it.%2520If%2520registering%2520a%2520module%2520ensure%2520that%2520you%2520specify%2520the%2520dependencies%2520as%2520the%2520second%2520argument.%250Ahttp%253A%252F%252Ferrors.angularjs.org%252F1.4.1%252F%2524injector%252Fnomod%253Fp0%253Dui.bootstrap%250A%2520%2520%2520%2520at%2520http%253A%252F%252Flocalhost%253A8080%252Fbase%252Fapp%252Fvendor%252Fangular%252Fangular.js%253F9d140432f81858ac1e7888708720d419d147ffa9%253A1951%250A%2520%2520%2520%2520at%2520ensure%2520(http%253A%252F%252Flocalhost%253A8080%252Fbase%252Fapp%252Fvendor%252Fangular%252Fangular.js%253F9d140432f81858ac1e7888708720d419d147ffa9%253A1873)%250A%2520%2520%2520%2520at%2520module%2520(http%253A%252F%252Flocalhost%253A8080%252Fbase%252Fapp%252Fvendor%252Fangular%252Fangular.js%253F9d140432f81858ac1e7888708720d419d147ffa9%253A2201)%250A%2520%2520%2520%2520at%2520http%253A%252F%252Flocalhost%253A8080%252Fbase%252Fapp%252Fvendor%252Fangular%252Fangular.js%253F9d140432f81858ac1e7888708720d419d147ffa9%253A4355%250A%2520%2520%2520%2520at%2520forEach%2520(http%253A%252F%252Flocalhost%253A8080%252Fbase%252Fapp%252Fvendor%252Fangular%252Fangular.js%253F9d140432f81858ac1e7888708720d419d147ffa9%253A336)%250A%2520%2520%2520%2520at%2520loadModules%2520(http%253A%252F%252Flocalhost%253A8080%252Fbase%252Fapp%252Fvendor%252Fangular%252Fangular.js%253F9d140432f81858ac1e7888708720d419d147ffa9%253A4381)%250A%2520%2520%2520%2520at%2520http%253A%252F%252Flocalhost%253A8080%252Fbase%252Fapp%252Fvendor%252Fangular%252Fangular.js%253F9d140432f81858ac1e7888708720d419d147ffa9%253A4356%250A%2520%2520%2520%2520at%2520forEach%2520(http%253A%252F%252Flocalhost%253A8080%252Fbase%252Fapp%252Fvendor%252Fangular%252Fangular.js%253F9d140432f81858ac1e7888708720d419d147ffa9%253A336)%250A%2520%2520%2520%2520at%2520loadModules%2520(http%253A%252F%252Flocalhost%253A8080%252Fbase%252Fapp%252Fvendor%252Fangular%252Fangular.js%253F9d140432f81858ac1e7888708720d419d147ffa9%253A4381)%250A%2520%2520%2520%2520at%2520createInjector%2520(http%253A%252F%252Flocalhost%253A8080%252Fbase%252Fapp%252Fvendor%252Fangular%252Fangular.js%253F9d140432f81858ac1e7888708720d419d147ffa9%253A4265)%250A%2520%2520%2520%2520at%2520workFn%2520(http%253A%252F%252Flocalhost%253A8080%252Fbase%252Fapp%252Fvendor%252Fangular-mocks%252Fangular-mocks.js%253F6fe041cc8bb7a17f894cb12d8b0d44b12644f10a%253A2409)%250A%2520%2520%2520%2520at%2520attemptSync%2520(http%253A%252F%252Flocalhost%253A8080%252Fbase%252Fnode_modules%252Fjasmine-core%252Flib%252Fjasmine-core%252Fjasmine.js%253F578a1e5ff14db21b04e2d6db7fd0eda37042440c%253A1789)%250A%2520%2520%2520%2520at%2520http%253A%252F%252Flocalhost%253A8080%252Fbase%252Fnode_modules%252Fjasmine-core%252Flib%252Fjasmine-core%252Fjasmine.js%253F578a1e5ff14db21b04e2d6db7fd0eda37042440c%253A1777%250A%2520%2520%2520%2520at%2520http%253A%252F%252Flocalhost%253A8080%252Fbase%252Fnode_modules%252Fjasmine-core%252Flib%252Fjasmine-core%252Fjasmine.js%253F578a1e5ff14db21b04e2d6db7fd0eda37042440c%253A1762%250A%2520%2520%2520%2520at%2520http%253A%252F%252Flocalhost%253A8080%252Fbase%252Fnode_modules%252Fjasmine-core%252Flib%252Fjasmine-core%252Fjasmine.js%253F578a1e5ff14db21b04e2d6db7fd0eda37042440c%253A627%250A%2520%2520%2520%2520at%2520http%253A%252F%252Flocalhost%253A8080%252Fbase%252Fnode_modules%252Fjasmine-core%252Flib%252Fjasmine-core%252Fjasmine.js%253F578a1e5ff14db21b04e2d6db7fd0eda37042440c%253A357%250A%2520%2520%2520%2520at%2520http%253A%252F%252Flocalhost%253A8080%252Fbase%252Fnode_modules%252Fjasmine-core%252Flib%252Fjasmine-core%252Fjasmine.js%253F578a1e5ff14db21b04e2d6db7fd0eda37042440c%253A2360%250A%2520%2520%2520%2520at%2520attemptAsync%2520(http%253A%252F%252Flocalhost%253A8080%252Fbase%252Fnode_modules%252Fjasmine-core%252Flib%252Fjasmine-core%252Fjasmine.js%253F578a1e5ff14db21b04e2d6db7fd0eda37042440c%253A1819)%250A%2520%2520%2520%2520at%2520http%253A%252F%252Flocalhost%253A8080%252Fbase%252Fnode_modules%252Fjasmine-core%252Flib%252Fjasmine-core%252Fjasmine.js%253F578a1e5ff14db21b04e2d6db7fd0eda37042440c%253A1774%250A%2520%2520%2520%2520at%2520http%253A%252F%252Flocalhost%253A8080%252Fbase%252Fnode_modules%252Fjasmine-core%252Flib%252Fjasmine-core%252Fjasmine.js%253F578a1e5ff14db21b04e2d6db7fd0eda37042440c%253A1801%250A%2520%2520%2520%2520at%2520http%253A%252F%252Flocalhost%253A8080%252Fbase%252Fnode_modules%252Fjasmine-core%252Flib%252Fjasmine-core%252Fjasmine.js%253F578a1e5ff14db21b04e2d6db7fd0eda37042440c%253A1745%250A%2520%2520%2520%2520at%2520complete%2520(http%253A%252F%252Flocalhost%253A8080%252Fbase%252Fnode_modules%252Fjasmine-core%252Flib%252Fjasmine-core%252Fjasmine.js%253F578a1e5ff14db21b04e2d6db7fd0eda37042440c%253A365)%250A%2520%2520%2520%2520at%2520clearStack%2520(http%253A%252F%252Flocalhost%253A8080%252Fbase%252Fnode_modules%252Fjasmine-core%252Flib%252Fjasmine-core%252Fjasmine.js%253F578a1e5ff14db21b04e2d6db7fd0eda37042440c%253A605)%250A%2520%2520%2520%2520at%2520http%253A%252F%252Flocalhost%253A8080%252Fbase%252Fnode_modules%252Fjasmine-core%252Flib%252Fjasmine-core%252Fjasmine.js%253F578a1e5ff14db21b04e2d6db7fd0eda37042440c%253A1784%250A%2520%2520%2520%2520at%2520http%253A%252F%252Flocalhost%253A8080%252Fbase%252Fnode_modules%252Fjasmine-core%252Flib%252Fjasmine-core%252Fjasmine.js%253F578a1e5ff14db21b04e2d6db7fd0eda37042440c%253A1762%250A%2520%2520%2520%2520at%2520http%253A%252F%252Flocalhost%253A8080%252Fbase%252Fnode_modules%252Fjasmine-core%252Flib%252Fjasmine-core%252Fjasmine.js%253F578a1e5ff14db21b04e2d6db7fd0eda37042440c%253A627%250A%2520%2520%2520%2520at%2520http%253A%252F%252Flocalhost%253A8080%252Fbase%252Fnode_modules%252Fjasmine-core%252Flib%252Fjasmine-core%252Fjasmine.js%253F578a1e5ff14db21b04e2d6db7fd0eda37042440c%253A357%250A%2520%2520%2520%2520at%2520http%253A%252F%252Flocalhost%253A8080%252Fbase%252Fnode_modules%252Fjasmine-core%252Flib%252Fjasmine-core%252Fjasmine.js%253F578a1e5ff14db21b04e2d6db7fd0eda37042440c%253A2360%250A%2520%2520%2520%2520at%2520attemptAsync%2520(http%253A%252F%252Flocalhost%253A8080%252Fbase%252Fnode_modules%252Fjasmine-core%252Flib%252Fjasmine-core%252Fjasmine.js%253F578a1e5ff14db21b04e2d6db7fd0eda37042440c%253A1819)%250A%2520%2520%2520%2520at%2520http%253A%252F%252Flocalhost%253A8080%252Fbase%252Fnode_modules%252Fjasmine-core%252Flib%252Fjasmine-core%252Fjasmine.js%253F578a1e5ff14db21b04e2d6db7fd0eda37042440c%253A1774%250A%2520%2520%2520%2520at%2520http%253A%252F%252Flocalhost%253A8080%252Fbase%252Fnode_modules%252Fjasmine-core%252Flib%252Fjasmine-core%252Fjasmine.js%253F578a1e5ff14db21b04e2d6db7fd0eda37042440c%253A1801%250A%2520%2520%2520%2520at%2520http%253A%252F%252Flocalhost%253A8080%252Fbase%252Fnode_modules%252Fjasmine-core%252Flib%252Fjasmine-core%252Fjasmine.js%253F578a1e5ff14db21b04e2d6db7fd0eda37042440c%253A1745%250A%2520%2520%2520%2520at%2520complete%2520(http%253A%252F%252Flocalhost%253A8080%252Fbase%252Fnode_modules%252Fjasmine-core%252Flib%252Fjasmine-core%252Fjasmine.js%253F578a1e5ff14db21b04e2d6db7fd0eda37042440c%253A365)%250A%2520%2520%2520%2520at%2520clearStack%2520(http%253A%252F%252Flocalhost%253A8080%252Fbase%252Fnode_modules%252Fjasmine-core%252Flib%252Fjasmine-core%252Fjasmine.js%253F578a1e5ff14db21b04e2d6db7fd0eda37042440c%253A605)%250A%2520%2520%2520%2520at%2520http%253A%252F%252Flocalhost%253A8080%252Fbase%252Fnode_modules%252Fjasmine-core%252Flib%252Fjasmine-core%252Fjasmine.js%253F578a1e5ff14db21b04e2d6db7fd0eda37042440c%253A1784%250A%2520%2520%2520%2520at%2520http%253A%252F%252Flocalhost%253A8080%252Fbase%252Fnode_modules%252Fjasmine-core%252Flib%252Fjasmine-core%252Fjasmine.js%253F578a1e5ff14db21b04e2d6db7fd0eda37042440c%253A1762%250A%2520%2520%2520%2520at%2520http%253A%252F%252Flocalhost%253A8080%252Fbase%252Fnode_modules%252Fjasmine-core%252Flib%252Fjasmine-core%252Fjasmine.js%253F578a1e5ff14db21b04e2d6db7fd0eda37042440c%253A627%250A%2520%2520%2520%2520at%2520http%253A%252F%252Flocalhost%253A8080%252Fbase%252Fnode_modules%252Fjasmine-core%252Flib%252Fjasmine-core%252Fjasmine.js%253F578a1e5ff14db21b04e2d6db7fd0eda37042440c%253A357%250A%2520%2520%2520%2520at%2520http%253A%252F%252Flocalhost%253A8080%252Fbase%252Fnode_modules%252Fjasmine-core%252Flib%252Fjasmine-core%252Fjasmine.js%253F578a1e5ff14db21b04e2d6db7fd0eda37042440c%253A2360%250A%2520%2520%2520%2520at%2520attemptAsync%2520(http%253A%252F%252Flocalhost%253A8080%252Fbase%252Fnode_modules%252Fjasmine-core%252Flib%252Fjasmine-core%252Fjasmine.js%253F578a1e5ff14db21b04e2d6db7fd0eda37042440c%253A1819)%250A%2520%2520%2520%2520at%2520http%253A%252F%252Flocalhost%253A8080%252Fbase%252Fnode_modules%252Fjasmine-core%252Flib%252Fjasmine-core%252Fjasmine.js%253F578a1e5ff14db21b04e2d6db7fd0eda37042440c%253A1774%250A%2520%2520%2520%2520at%2520http%253A%252F%252Flocalhost%253A8080%252Fbase%252Fnode_modules%252Fjasmine-core%252Flib%252Fjasmine-core%252Fjasmine.js%253F578a1e5ff14db21b04e2d6db7fd0eda37042440c%253A1801%250A%2520%2520%2520%2520at%2520http%253A%252F%252Flocalhost%253A8080%252Fbase%252Fnode_modules%252Fjasmine-core%252Flib%252Fjasmine-core%252Fjasmine.js%253F578a1e5ff14db21b04e2d6db7fd0eda37042440c%253A1745%250A%2520%2520%2520%2520at%2520complete%2520(http%253A%252F%252Flocalhost%253A8080%252Fbase%252Fnode_modules%252Fjasmine-core%252Flib%252Fjasmine-core%252Fjasmine.js%253F578a1e5ff14db21b04e2d6db7fd0eda37042440c%253A365)%250A%2520%2520%2520%2520at%2520clearStack%2520(http%253A%252F%252Flocalhost%253A8080%252Fbase%252Fnode_modules%252Fjasmine-core%252Flib%252Fjasmine-core%252Fjasmine.js%253F578a1e5ff14db21b04e2d6db7fd0eda37042440c%253A605)%250A%2520%2520%2520%2520at%2520http%253A%252F%252Flocalhost%253A8080%252Fbase%252Fnode_modules%252Fjasmine-core%252Flib%252Fjasmine-core%252Fjasmine.js%253F578a1e5ff14db21b04e2d6db7fd0eda37042440c%253A1784%250A%2520%2520%2520%2520at%2520http%253A%252F%252Flocalhost%253A8080%252Fbase%252Fnode_modules%252Fjasmine-core%252Flib%252Fjasmine-core%252Fjasmine.js%253F578a1e5ff14db21b04e2d6db7fd0eda37042440c%253A1762%250A%2520%2520%2520%2520at%2520http%253A%252F%252Flocalhost%253A8080%252Fbase%252Fnode_modules%252Fjasmine-core%252Flib%252Fjasmine-core%252Fjasmine.js%253F578a1e5ff14db21b04e2d6db7fd0eda37042440c%253A627%250A%2520%2520%2520%2520at%2520http%253A%252F%252Flocalhost%253A8080%252Fbase%252Fnode_modules%252Fjasmine-core%252Flib%252Fjasmine-core%252Fjasmine.js%253F578a1e5ff14db21b04e2d6db7fd0eda37042440c%253A357%250A%2520%2520%2520%2520at%2520http%253A%252F%252Flocalhost%253A8080%252Fbase%252Fnode_modules%252Fjasmine-core%252Flib%252Fjasmine-core%252Fjasmine.js%253F578a1e5ff14db21b04e2d6db7fd0eda37042440c%253A2360%250A%2520%2520%2520%2520at%2520attemptAsync%2520(http%253A%252F%252Flocalhost%253A8080%252Fbase%252Fnode_modules%252Fjasmine-core%252Flib%252Fjasmine-core%252Fjasmine.js%253F578a1e5ff14db21b04e2d6db7fd0eda37042440c%253A1819)%250A%2520%2520%2520%2520at%2520http%253A%252F%252Flocalhost%253A8080%252Fbase%252Fnode_modules%252Fjasmine-core%252Flib%252Fjasmine-core%252Fjasmine.js%253F578a1e5ff14db21b04e2d6db7fd0eda37042440c%253A1774%250A%2520%2520%2520%2520at%2520http%253A%252F%252Flocalhost%253A8080%252Fbase%252Fnode_modules%252Fjasmine-core%252Flib%252Fjasmine-core%252Fjasmine.js%253F578a1e5ff14db21b04e2d6db7fd0eda37042440c%253A1801%250A%2520%2520%2520%2520at%2520http%253A%252F%252Flocalhost%253A8080%252Fbase%252Fnode_modules%252Fjasmine-core%252Flib%252Fjasmine-core%252Fjasmine.js%253F578a1e5ff14db21b04e2d6db7fd0eda37042440c%253A1745%250A%2520%2520%2520%2520at%2520complete%2520(http%253A%252F%252Flocalhost%253A8080%252Fbase%252Fnode_modules%252Fjasmine-core%252Flib%252Fjasmine-core%252Fjasmine.js%253F578a1e5ff14db21b04e2d6db7fd0eda37042440c%253A365)%250A%2520%2520%2520%2520at%2520clearStack%2520(http%253A%252F%252Flocalhost%253A8080%252Fbase%252Fnode_modules%252Fjasmine-core%252Flib%252Fjasmine-core%252Fjasmine.js%253F578a1e5ff14db21b04e2d6db7fd0eda37042440c%253A605)%250A%2520%2520%2520%2520at%2520http%253A%252F%252Flocalhost%253A8080%252Fbase%252Fnode_modules%252Fjasmine-core%252Flib%252Fjasmine-core%252Fjasmine.js%253F578a1e5ff14db21b04e2d6db7fd0eda37042440c%253A1784%250A%2520%2520%2520%2520at%2520http%253A%252F%252Flocalhost%253A8080%252Fbase%252Fnode_modules%252Fjasmine-core%252Flib%252Fjasmine-core%252Fjasmine.js%253F578a1e5ff14db21b04e2d6db7fd0eda37042440c%253A1762%250A%2520%2520%2520%2520at%2520http%253A%252F%252Flocalhost%253A8080%252Fbase%252Fnode_modules%252Fjasmine-core%252Flib%252Fjasmine-core%252Fjasmine.js%253F578a1e5ff14db21b04e2d6db7fd0eda37042440c%253A627%250A%2520%2520%2520%2520at%2520http%253A%252F%252Flocalhost%253A8080%252Fbase%252Fnode_modules%252Fjasmine-core%252Flib%252Fjasmine-core%252Fjasmine.js%253F578a1e5ff14db21b04e2d6db7fd0eda37042440c%253A357%250A%2520%2520%2520%2520at%2520http%253A%252F%252Flocalhost%253A8080%252Fbase%252Fnode_modules%252Fjasmine-core%252Flib%252Fjasmine-core%252Fjasmine.js%253F578a1e5ff14db21b04e2d6db7fd0eda37042440c%253A2360%250A%2520%2520%2520%2520at%2520attemptAsync%2520(http%253A%252F%252Flocalhost%253A8080%252Fbase%252Fnode_modules%252Fjasmine-core%252Flib%252Fjasmine-core%252Fjasmine.js%253F578a1e5ff14db21b04e2d6db7fd0eda37042440c%253A1819)%250A%2520%2520%2520%2520at%2520http%253A%252F%252Flocalhost%253A8080%252Fbase%252Fnode_modules%252Fjasmine-core%252Flib%252Fjasmine-core%252Fjasmine.js%253F578a1e5ff14db21b04e2d6db7fd0eda37042440c%253A1774%250A%2520%2520%2520%2520at%2520http%253A%252F%252Flocalhost%253A8080%252Fbase%252Fnode_modules%252Fjasmine-core%252Flib%252Fjasmine-core%252Fjasmine.js%253F578a1e5ff14db21b04e2d6db7fd0eda37042440c%253A1801%250A%2520%2520%2520%2520at%2520http%253A%252F%252Flocalhost%253A8080%252Fbase%252Fnode_modules%252Fjasmine-core%252Flib%252Fjasmine-core%252Fjasmine.js%253F578a1e5ff14db21b04e2d6db7fd0eda37042440c%253A1745%250A%2520%2520%2520%2520at%2520complete%2520(http%253A%252F%252Flocalhost%253A8080%252Fbase%252Fnode_modules%252Fjasmine-core%252Flib%252Fjasmine-core%252Fjasmine.js%253F578a1e5ff14db21b04e2d6db7fd0eda37042440c%253A365)%250A%2520%2520%2520%2520at%2520clearStack%2520(http%253A%252F%252Flocalhost%253A8080%252Fbase%252Fnode_modules%252Fjasmine-core%252Flib%252Fjasmine-core%252Fjasmine.js%253F578a1e5ff14db21b04e2d6db7fd0eda37042440c%253A605)%250A%2520%2520%2520%2520at%2520http%253A%252F%252Flocalhost%253A8080%252Fbase%252Fnode_modules%252Fjasmine-core%252Flib%252Fjasmine-core%252Fjasmine.js%253F578a1e5ff14db21b04e2d6db7fd0eda37042440c%253A1784%250A%2520%2520%2520%2520at%2520http%253A%252F%252Flocalhost%253A8080%252Fbase%252Fnode_modules%252Fjasmine-core%252Flib%252Fjasmine-core%252Fjasmine.js%253F578a1e5ff14db21b04e2d6db7fd0eda37042440c%253A1762%250A%2520%2520%2520%2520at%2520http%253A%252F%252Flocalhost%253A8080%252Fbase%252Fnode_modules%252Fjasmine-core%252Flib%252Fjasmine-core%252Fjasmine.js%253F578a1e5ff14db21b04e2d6db7fd0eda37042440c%253A627%250A%2520%2520%2520%2520at%2520http%253A%252F%252Flocalhost%253A8080%252Fbase%252Fnode_modules%252Fjasmine-core%252Flib%252Fjasmine-core%252Fjasmine.js%253F578a1e5ff14db21b04e2d6db7fd0eda37042440c%253A357%250A%2520%2520%2520%2520at%2520http%253A%252F%252Flocalhost%253A8080%252Fbase%252Fnode_modules%252Fjasmine-core%252Flib%252Fjasmine-core%252Fjasmine.js%253F578a1e5ff14db21b04e2d6db7fd0eda37042440c%253A2360%250A%2520%2520%2520%2520at%2520attemptAsync%2520(http%253A%252F%252Flocalhost%253A8080%252Fbase%252Fnode_modules%252Fjasmine-core%252Flib%252Fjasmine-core%252Fjasmine.js%253F578a1e5ff14db21b04e2d6db7fd0eda37042440c%253A1819)%250A%2520%2520%2520%2520at%2520http%253A%252F%252Flocalhost%253A8080%252Fbase%252Fnode_modules%252Fjasmine-core%252Flib%252Fjasmine-core%252Fjasmine.js%253F578a1e5ff14db21b04e2d6db7fd0eda37042440c%253A1774%250A%2520%2520%2520%2520at%2520http%253A%252F%252Flocalhost%253A8080%252Fbase%252Fnode_modules%252Fjasmine-core%252Flib%252Fjasmine-core%252Fjasmine.js%253F578a1e5ff14db21b04e2d6db7fd0eda37042440c%253A1762%250A%2520%2520%2520%2520at%2520http%253A%252F%252Flocalhost%253A8080%252Fbase%252Fnode_modules%252Fjasmine-core%252Flib%252Fjasmine-core%252Fjasmine.js%253F578a1e5ff14db21b04e2d6db7fd0eda37042440c%253A627%250A%2520%2520%2520%2520at%2520http%253A%252F%252Flocalhost%253A8080%252Fbase%252Fnode_modules%252Fjasmine-core%252Flib%252Fjasmine-core%252Fjasmine.js%253F578a1e5ff14db21b04e2d6db7fd0eda37042440c%253A2354%250A%2520%2520%2520%2520at%2520attemptAsync%2520(http%253A%252F%252Flocalhost%253A8080%252Fbase%252Fnode_modules%252Fjasmine-core%252Flib%252Fjasmine-core%252Fjasmine.js%253F578a1e5ff14db21b04e2d6db7fd0eda37042440c%253A1819)%250A%2520%2520%2520%2520at%2520http%253A%252F%252Flocalhost%253A8080%252Fbase%252Fnode_modules%252Fjasmine-core%252Flib%252Fjasmine-core%252Fjasmine.js%253F578a1e5ff14db21b04e2d6db7fd0eda37042440c%253A1774%250A%2520%2520%2520%2520at%2520http%253A%252F%252Flocalhost%253A8080%252Fbase%252Fnode_modules%252Fjasmine-core%252Flib%252Fjasmine-core%252Fjasmine.js%253F578a1e5ff14db21b04e2d6db7fd0eda37042440c%253A1801%250A%2520%2520%2520%2520at%2520http%253A%252F%252Flocalhost%253A8080%252Fbase%252Fnode_modules%252Fjasmine-core%252Flib%252Fjasmine-core%252Fjasmine.js%253F578a1e5ff14db21b04e2d6db7fd0eda37042440c%253A1745%250A%2520%2520%2520%2520at%2520http%253A%252F%252Flocalhost%253A8080%252Fbase%252Fnode_modules%252Fjasmine-core%252Flib%252Fjasmine-core%252Fjasmine.js%253F578a1e5ff14db21b04e2d6db7fd0eda37042440c%253A2348%250A%2520%2520%2520%2520at%2520clearStack%2520(http%253A%252F%252Flocalhost%253A8080%252Fbase%252Fnode_modules%252Fjasmine-core%252Flib%252Fjasmine-core%252Fjasmine.js%253F578a1e5ff14db21b04e2d6db7fd0eda37042440c%253A605)%250A%2520%2520%2520%2520at%2520http%253A%252F%252Flocalhost%253A8080%252Fbase%252Fnode_modules%252Fjasmine-core%252Flib%252Fjasmine-core%252Fjasmine.js%253F578a1e5ff14db21b04e2d6db7fd0eda37042440c%253A1784%250A%2520%2520%2520%2520at%2520http%253A%252F%252Flocalhost%253A8080%252Fbase%252Fnode_modules%252Fjasmine-core%252Flib%252Fjasmine-core%252Fjasmine.js%253F578a1e5ff14db21b04e2d6db7fd0eda37042440c%253A1762%250A%2520%2520%2520%2520at%2520http%253A%252F%252Flocalhost%253A8080%252Fbase%252Fnode_modules%252Fjasmine-core%252Flib%252Fjasmine-core%252Fjasmine.js%253F578a1e5ff14db21b04e2d6db7fd0eda37042440c%253A627%250A%2520%2520%2520%2520at%2520http%253A%252F%252Flocalhost%253A8080%252Fbase%252Fnode_modules%252Fjasmine-core%252Flib%252Fjasmine-core%252Fjasmine.js%253F578a1e5ff14db21b04e2d6db7fd0eda37042440c%253A2354%250A%2520%2520%2520%2520at%2520attemptAsync%2520(http%253A%252F%252Flocalhost%253A8080%252Fbase%252Fnode_modules%252Fjasmine-core%252Flib%252Fjasmine-core%252Fjasmine.js%253F578a1e5ff14db21b04e2d6db7fd0eda37042440c%253A1819)%250A%2520%2520%2520%2520at%2520http%253A%252F%252Flocalhost%253A8080%252Fbase%252Fnode_modules%252Fjasmine-core%252Flib%252Fjasmine-core%252Fjasmine.js%253F578a1e5ff14db21b04e2d6db7fd0eda37042440c%253A1774%250A%2520%2520%2520%2520at%2520http%253A%252F%252Flocalhost%253A8080%252Fbase%252Fnode_modules%252Fjasmine-core%252Flib%252Fjasmine-core%252Fjasmine.js%253F578a1e5ff14db21b04e2d6db7fd0eda37042440c%253A1801%250A%2520%2520%2520%2520at%2520http%253A%252F%252Flocalhost%253A8080%252Fbase%252Fnode_modules%252Fjasmine-core%252Flib%252Fjasmine-core%252Fjasmine.js%253F578a1e5ff14db21b04e2d6db7fd0eda37042440c%253A1745%250A%2520%2520%2520%2520at%2520http%253A%252F%252Flocalhost%253A8080%252Fbase%252Fnode_modules%252Fjasmine-core%252Flib%252Fjasmine-core%252Fjasmine.js%253F578a1e5ff14db21b04e2d6db7fd0eda37042440c%253A2348%250A%2520%2520%2520%2520at%2520clearStack%2520(http%253A%252F%252Flocalhost%253A8080%252Fbase%252Fnode_modules%252Fjasmine-core%252Flib%252Fjasmine-core%252Fjasmine.js%253F578a1e5ff14db21b04e2d6db7fd0eda37042440c%253A605)%250A%2520%2520%2520%2520at%2520http%253A%252F%252Flocalhost%253A8080%252Fbase%252Fnode_modules%252Fjasmine-core%252Flib%252Fjasmine-core%252Fjasmine.js%253F578a1e5ff14db21b04e2d6db7fd0eda37042440c%253A1784%250A%2520%2520%2520%2520at%2520http%253A%252F%252Flocalhost%253A8080%252Fbase%252Fnode_modules%252Fjasmine-core%252Flib%252Fjasmine-core%252Fjasmine.js%253F578a1e5ff14db21b04e2d6db7fd0eda37042440c%253A1762%250A%2520%2520%2520%2520at%2520http%253A%252F%252Flocalhost%253A8080%252Fbase%252Fnode_modules%252Fjasmine-core%252Flib%252Fjasmine-core%252Fjasmine.js%253F578a1e5ff14db21b04e2d6db7fd0eda37042440c%253A627%250A%2520%2520%2520%2520at%2520http%253A%252F%252Flocalhost%253A8080%252Fbase%252Fnode_modules%252Fjasmine-core%252Flib%252Fjasmine-core%252Fjasmine.js%253F578a1e5ff14db21b04e2d6db7fd0eda37042440c%253A2354%250A%2520%2520%2520%2520at%2520attemptAsync%2520(http%253A%252F%252Flocalhost%253A8080%252Fbase%252Fnode_modules%252Fjasmine-core%252Flib%252Fjasmine-core%252Fjasmine.js%253F578a1e5ff14db21b04e2d6db7fd0eda37042440c%253A1819)%250A%2520%2520%2520%2520at%2520http%253A%252F%252Flocalhost%253A8080%252Fbase%252Fnode_modules%252Fjasmine-core%252Flib%252Fjasmine-core%252Fjasmine.js%253F578a1e5ff14db21b04e2d6db7fd0eda37042440c%253A1774%250A%2520%2520%2520%2520at%2520http%253A%252F%252Flocalhost%253A8080%252Fbase%252Fnode_modules%252Fjasmine-core%252Flib%252Fjasmine-core%252Fjasmine.js%253F578a1e5ff14db21b04e2d6db7fd0eda37042440c%253A1801%250A%2520%2520%2520%2520at%2520http%253A%252F%252Flocalhost%253A8080%252Fbase%252Fnode_modules%252Fjasmine-core%252Flib%252Fjasmine-core%252Fjasmine.js%253F578a1e5ff14db21b04e2d6db7fd0eda37042440c%253A1745%250A%2520%2520%2520%2520at%2520http%253A%252F%252Flocalhost%253A8080%252Fbase%252Fnode_modules%252Fjasmine-core%252Flib%252Fjasmine-core%252Fjasmine.js%253F578a1e5ff14db21b04e2d6db7fd0eda37042440c%253A2348%250A%2520%2520%2520%2520at%2520clearStack%2520(http%253A%252F%252Flocalhost%253A8080%252Fbase%252Fnode_modules%252Fjasmine-core%252Flib%252Fjasmine-core%252Fjasmine.js%253F578a1e5ff14db21b04e2d6db7fd0eda37042440c%253A605)%250A%2520%2520%2520%2520at%2520http%253A%252F%252Flocalhost%253A8080%252Fbase%252Fnode_modules%252Fjasmine-core%252Flib%252Fjasmine-core%252Fjasmine.js%253F578a1e5ff14db21b04e2d6db7fd0eda37042440c%253A1784%250A%2520%2520%2520%2520at%2520http%253A%252F%252Flocalhost%253A8080%252Fbase%252Fnode_modules%252Fjasmine-core%252Flib%252Fjasmine-core%252Fjasmine.js%253F578a1e5ff14db21b04e2d6db7fd0eda37042440c%253A1801%250A%2520%2520%2520%2520at%2520http%253A%252F%252Flocalhost%253A8080%252Fbase%252Fnode_modules%252Fjasmine-core%252Flib%252Fjasmine-core%252Fjasmine.js%253F578a1e5ff14db21b04e2d6db7fd0eda37042440c%253A1745%250A%2520%2520%2520%2520at%2520complete%2520(http%253A%252F%252Flocalhost%253A8080%252Fbase%252Fnode_modules%252Fjasmine-core%252Flib%252Fjasmine-core%252Fjasmine.js%253F578a1e5ff14db21b04e2d6db7fd0eda37042440c%253A365)%250A%2520%2520%2520%2520at%2520clearStack%2520(http%253A%252F%252Flocalhost%253A8080%252Fbase%252Fnode_modules%252Fjasmine-core%252Flib%252Fjasmine-core%252Fjasmine.js%253F578a1e5ff14db21b04e2d6db7fd0eda37042440c%253A605)%250A%2520%2520%2520%2520at%2520http%253A%252F%252Flocalhost%253A8080%252Fbase%252Fnode_modules%252Fjasmine-core%252Flib%252Fjasmine-core%252Fjasmine.js%253F578a1e5ff14db21b04e2d6db7fd0eda37042440c%253A1784%250A%2520%2520%2520%2520at%2520http%253A%252F%252Flocalhost%253A8080%252Fbase%252Fnode_modules%252Fjasmine-core%252Flib%252Fjasmine-core%252Fjasmine.js%253F578a1e5ff14db21b04e2d6db7fd0eda37042440c%253A1762%250A%2520%2520%2520%2520at%2520http%253A%252F%252Flocalhost%253A8080%252Fbase%252Fnode_modules%252Fjasmine-core%252Flib%252Fjasmine-core%252Fjasmine.js%253F578a1e5ff14db21b04e2d6db7fd0eda37042440c%253A627%250A%2520%2520%2520%2520at%2520http%253A%252F%252Flocalhost%253A8080%252Fbase%252Fnode_modules%252Fjasmine-core%252Flib%252Fjasmine-core%252Fjasmine.js%253F578a1e5ff14db21b04e2d6db7fd0eda37042440c%253A357%250A%2520%2520%2520%2520at%2520http%253A%252F%252Flocalhost%253A8080%252Fbase%252Fnode_modules%252Fjasmine-core%252Flib%252Fjasmine-core%252Fjasmine.js%253F578a1e5ff14db21b04e2d6db7fd0eda37042440c%253A2360%250A%2520%2520%2520%2520at%2520attemptAsync%2520(http%253A%252F%252Flocalhost%253A8080%252Fbase%252Fnode_modules%252Fjasmine-core%252Flib%252Fjasmine-core%252Fjasmine.js%253F578a1e5ff14db21b04e2d6db7fd0eda37042440c%253A1819)%250A%2520%2520%2520%2520at%2520http%253A%252F%252Flocalhost%253A8080%252Fbase%252Fnode_modules%252Fjasmine-core%252Flib%252Fjasmine-core%252Fjasmine.js%253F578a1e5ff14db21b04e2d6db7fd0eda37042440c%253A1774%250A%2520%2520%2520%2520at%2520http%253A%252F%252Flocalhost%253A8080%252Fbase%252Fnode_modules%252Fjasmine-core%252Flib%252Fjasmine-core%252Fjasmine.js%253F578a1e5ff14db21b04e2d6db7fd0eda37042440c%253A1801%250A%2520%2520%2520%2520at%2520http%253A%252F%252Flocalhost%253A8080%252Fbase%252Fnode_modules%252Fjasmine-core%252Flib%252Fjasmine-core%252Fjasmine.js%253F578a1e5ff14db21b04e2d6db7fd0eda37042440c%253A1745%250A%2520%2520%2520%2520at%2520complete%2520(http%253A%252F%252Flocalhost%253A8080%252Fbase%252Fnode_modules%252Fjasmine-core%252Flib%252Fjasmine-core%252Fjasmine.js%253F578a1e5ff14db21b04e2d6db7fd0eda37042440c%253A365)%250A%2520%2520%2520%2520at%2520clearStack%2520(http%253A%252F%252Flocalhost%253A8080%252Fbase%252Fnode_modules%252Fjasmine-core%252Flib%252Fjasmine-core%252Fjasmine.js%253F578a1e5ff14db21b04e2d6db7fd0eda37042440c%253A605)%250A%2520%2520%2520%2520at%2520http%253A%252F%252Flocalhost%253A8080%252Fbase%252Fnode_modules%252Fjasmine-core%252Flib%252Fjasmine-core%252Fjasmine.js%253F578a1e5ff14db21b04e2d6db7fd0eda37042440c%253A1784%250A%2520%2520%2520%2520at%2520http%253A%252F%252Flocalhost%253A8080%252Fbase%252Fnode_modules%252Fjasmine-core%252Flib%252Fjasmine-core%252Fjasmine.js%253F578a1e5ff14db21b04e2d6db7fd0eda37042440c%253A1762%250A%2520%2520%2520%2520at%2520http%253A%252F%252Flocalhost%253A8080%252Fbase%252Fnode_modules%252Fjasmine-core%252Flib%252Fjasmine-core%252Fjasmine.js%253F578a1e5ff14db21b04e2d6db7fd0eda37042440c%253A627%250A%2520%2520%2520%2520at%2520http%253A%252F%252Flocalhost%253A8080%252Fbase%252Fnode_modules%252Fjasmine-core%252Flib%252Fjasmine-core%252Fjasmine.js%253F578a1e5ff14db21b04e2d6db7fd0eda37042440c%253A357%250A%2520%2520%2520%2520at%2520http%253A%252F%252Flocalhost%253A8080%252Fbase%252Fnode_modules%252Fjasmine-core%252Flib%252Fjasmine-core%252Fjasmine.js%253F578a1e5ff14db21b04e2d6db7fd0eda37042440c%253A2360%250A%2520%2520%2520%2520at%2520attemptAsync%2520(http%253A%252F%252Flocalhost%253A8080%252Fbase%252Fnode_modules%252Fjasmine-core%252Flib%252Fjasmine-core%252Fjasmine.js%253F578a1e5ff14db21b04e2d6db7fd0eda37042440c%253A1819)%250A%2520%2520%2520%2520at%2520http%253A%252F%252Flocalhost%253A8080%252Fbase%252Fnode_modules%252Fjasmine-core%252Flib%252Fjasmine-core%252Fjasmine.js%253F578a1e5ff14db21b04e2d6db7fd0eda37042440c%253A1774%250A%2520%2520%2520%2520at%2520http%253A%252F%252Flocalhost%253A8080%252Fbase%252Fnode_modules%252Fjasmine-core%252Flib%252Fjasmine-core%252Fjasmine.js%253F578a1e5ff14db21b04e2d6db7fd0eda37042440c%253A1762%250A%2520%2520%2520%2520at%2520http%253A%252F%252Flocalhost%253A8080%252Fbase%252Fnode_modules%252Fjasmine-core%252Flib%252Fjasmine-core%252Fjasmine.js%253F578a1e5ff14db21b04e2d6db7fd0eda37042440c%253A627%250A%2520%2520%2520%2520at%2520http%253A%252F%252Flocalhost%253A8080%252Fbase%252Fnode_modules%252Fjasmine-core%252Flib%252Fjasmine-core%252Fjasmine.js%253F578a1e5ff14db21b04e2d6db7fd0eda37042440c%253A2354%250A%2520%2520%2520%2520at%2520attemptAsync%2520(http%253A%252F%252Flocalhost%253A8080%252Fbase%252Fnode_modules%252Fjasmine-core%252Flib%252Fjasmine-core%252Fjasmine.js%253F578a1e5ff14db21b04e2d6db7fd0eda37042440c%253A1819)%250A%2520%2520%2520%2520at%2520http%253A%252F%252Flocalhost%253A8080%252Fbase%252Fnode_modules%252Fjasmine-core%252Flib%252Fjasmine-core%252Fjasmine.js%253F578a1e5ff14db21b04e2d6db7fd0eda37042440c%253A1774%250A%2520%2520%2520%2520at%2520http%253A%252F%252Flocalhost%253A8080%252Fbase%252Fnode_modules%252Fjasmine-core%252Flib%252Fjasmine-core%252Fjasmine.js%253F578a1e5ff14db21b04e2d6db7fd0eda37042440c%253A1801%250A%2520%2520%2520%2520at%2520http%253A%252F%252Flocalhost%253A8080%252Fbase%252Fnode_modules%252Fjasmine-core%252Flib%252Fjasmine-core%252Fjasmine.js%253F578a1e5ff14db21b04e2d6db7fd0eda37042440c%253A1745%250A%2520%2520%2520%2520at%2520http%253A%252F%252Flocalhost%253A8080%252Fbase%252Fnode_modules%252Fjasmine-core%252Flib%252Fjasmine-core%252Fjasmine.js%253F578a1e5ff14db21b04e2d6db7fd0eda37042440c%253A2348%250A%2520%2520%2520%2520at%2520clearStack%2520(http%253A%252F%252Flocalhost%253A8080%252Fbase%252Fnode_modules%252Fjasmine-core%252Flib%252Fjasmine-core%252Fjasmine.js%253F578a1e5ff14db21b04e2d6db7fd0eda37042440c%253A605)%250A%2520%2520%2520%2520at%2520http%253A%252F%252Flocalhost%253A8080%252Fbase%252Fnode_modules%252Fjasmine-core%252Flib%252Fjasmine-core%252Fjasmine.js%253F578a1e5ff14db21b04e2d6db7fd0eda37042440c%253A1784%250A%2520%2520%2520%2520at%2520http%253A%252F%252Flocalhost%253A8080%252Fbase%252Fnode_modules%252Fjasmine-core%252Flib%252Fjasmine-core%252Fjasmine.js%253F578a1e5ff14db21b04e2d6db7fd0eda37042440c%253A1762%250A%2520%2520%2520%2520at%2520http%253A%252F%252Flocalhost%253A8080%252Fbase%252Fnode_modules%252Fjasmine-core%252Flib%252Fjasmine-core%252Fjasmine.js%253F578a1e5ff14db21b04e2d6db7fd0eda37042440c%253A627%250A%2520%2520%2520%2520at%2520http%253A%252F%252Flocalhost%253A8080%252Fbase%252Fnode_modules%252Fjasmine-core%252Flib%252Fjasmine-core%252Fjasmine.js%253F578a1e5ff14db21b04e2d6db7fd0eda37042440c%253A2354%250A%2520%2520%2520%2520at%2520attemptAsync%2520(http%253A%252F%252Flocalhost%253A8080%252Fbase%252Fnode_modules%252Fjasmine-core%252Flib%252Fjasmine-core%252Fjasmine.js%253F578a1e5ff14db21b04e2d6db7fd0eda37042440c%253A1819)%250A%2520%2520%2520%2520at%2520http%253A%252F%252Flocalhost%253A8080%252Fbase%252Fnode_modules%252Fjasmine-core%252Flib%252Fjasmine-core%252Fjasmine.js%253F578a1e5ff14db21b04e2d6db7fd0eda37042440c%253A1774%250A%2520%2520%2520%2520at%2520http%253A%252F%252Flocalhost%253A8080%252Fbase%252Fnode_modules%252Fjasmine-core%252Flib%252Fjasmine-core%252Fjasmine.js%253F578a1e5ff14db21b04e2d6db7fd0eda37042440c%253A1801%250A%2520%2520%2520%2520at%2520http%253A%252F%252Flocalhost%253A8080%252Fbase%252Fnode_modules%252Fjasmine-core%252Flib%252Fjasmine-core%252Fjasmine.js%253F578a1e5ff14db21b04e2d6db7fd0eda37042440c%253A1745%250A%2520%2520%2520%2520at%2520http%253A%252F%252Flocalhost%253A8080%252Fbase%252Fnode_modules%252Fjasmine-core%252Flib%252Fjasmine-core%252Fjasmine.js%253F578a1e5ff14db21b04e2d6db7fd0eda37042440c%253A2348%250A%2520%2520%2520%2520at%2520clearStack%2520(http%253A%252F%252Flocalhost%253A8080%252Fbase%252Fnode_modules%252Fjasmine-core%252Flib%252Fjasmine-core%252Fjasmine.js%253F578a1e5ff14db21b04e2d6db7fd0eda37042440c%253A605)%250A%2520%2520%2520%2520at%2520http%253A%252F%252Flocalhost%253A8080%252Fbase%252Fnode_modules%252Fjasmine-core%252Flib%252Fjasmine-core%252Fjasmine.js%253F578a1e5ff14db21b04e2d6db7fd0eda37042440c%253A1784%250A%2520%2520%2520%2520at%2520http%253A%252F%252Flocalhost%253A8080%252Fbase%252Fnode_modules%252Fjasmine-core%252Flib%252Fjasmine-core%252Fjasmine.js%253F578a1e5ff14db21b04e2d6db7fd0eda37042440c%253A1762%250A%2520%2520%2520%2520at%2520http%253A%252F%252Flocalhost%253A8080%252Fbase%252Fnode_modules%252Fjasmine-core%252Flib%252Fjasmine-core%252Fjasmine.js%253F578a1e5ff14db21b04e2d6db7fd0eda37042440c%253A627%250A%2520%2520%2520%2520at%2520http%253A%252F%252Flocalhost%253A8080%252Fbase%252Fnode_modules%252Fjasmine-core%252Flib%252Fjasmine-core%252Fjasmine.js%253F578a1e5ff14db21b04e2d6db7fd0eda37042440c%253A2354%250A%2520%2520%2520%2520at%2520attemptAsync%2520(http%253A%252F%252Flocalhost%253A8080%252Fbase%252Fnode_modules%252Fjasmine-core%252Flib%252Fjasmine-core%252Fjasmine.js%253F578a1e5ff14db21b04e2d6db7fd0eda37042440c%253A1819)%250A%2520%2520%2520%2520at%2520http%253A%252F%252Flocalhost%253A8080%252Fbase%252Fnode_modules%252Fjasmine-core%252Flib%252Fjasmine-core%252Fjasmine.js%253F578a1e5ff14db21b04e2d6db7fd0eda37042440c%253A1774%250A%2520%2520%2520%2520at%2520http%253A%252F%252Flocalhost%253A8080%252Fbase%252Fnode_modules%252Fjasmine-core%252Flib%252Fjasmine-core%252Fjasmine.js%253F578a1e5ff14db21b04e2d6db7fd0eda37042440c%253A1801%250A%2520%2520%2520%2520at%2520http%253A%252F%252Flocalhost%253A8080%252Fbase%252Fnode_modules%252Fjasmine-core%252Flib%252Fjasmine-core%252Fjasmine.js%253F578a1e5ff14db21b04e2d6db7fd0eda37042440c%253A1745%250A%2520%2520%2520%2520at%2520http%253A%252F%252Flocalhost%253A8080%252Fbase%252Fnode_modules%252Fjasmine-core%252Flib%252Fjasmine-core%252Fjasmine.js%253F578a1e5ff14db21b04e2d6db7fd0eda37042440c%253A2348%250A%2520%2520%2520%2520at%2520clearStack%2520(http%253A%252F%252Flocalhost%253A8080%252Fbase%252Fnode_modules%252Fjasmine-core%252Flib%252Fjasmine-core%252Fjasmine.js%253F578a1e5ff14db21b04e2d6db7fd0eda37042440c%253A605)%250A%2520%2520%2520%2520at%2520http%253A%252F%252Flocalhost%253A8080%252Fbase%252Fnode_modules%252Fjasmine-core%252Flib%252Fjasmine-core%252Fjasmine.js%253F578a1e5ff14db21b04e2d6db7fd0eda37042440c%253A1784%250A%2520%2520%2520%2520at%2520http%253A%252F%252Flocalhost%253A8080%252Fbase%252Fnode_modules%252Fjasmine-core%252Flib%252Fjasmine-core%252Fjasmine.js%253F578a1e5ff14db21b04e2d6db7fd0eda37042440c%253A1762%250A%2520%2520%2520%2520at%2520http%253A%252F%252Flocalhost%253A8080%252Fbase%252Fnode_modules%252Fjasmine-core%252Flib%252Fjasmine-core%252Fjasmine.js%253F578a1e5ff14db21b04e2d6db7fd0eda37042440c%253A627%250A%2520%2520%2520%2520at%2520http%253A%252F%252Flocalhost%253A8080%252Fbase%252Fnode_modules%252Fjasmine-core%252Flib%252Fjasmine-core%252Fjasmine.js%253F578a1e5ff14db21b04e2d6db7fd0eda37042440c%253A2354%250A%2520%2520%2520%2520at%2520attemptAsync%2520(http%253A%252F%252Flocalhost%253A8080%252Fbase%252Fnode_modules%252Fjasmine-core%252Flib%252Fjasmine-core%252Fjasmine.js%253F578a1e5ff14db21b04e2d6db7fd0eda37042440c%253A1819)%250A%2520%2520%2520%2520at%2520http%253A%252F%252Flocalhost%253A8080%252Fbase%252Fnode_modules%252Fjasmine-core%252Flib%252Fjasmine-core%252Fjasmine.js%253F578a1e5ff14db21b04e2d6db7fd0eda37042440c%253A1774%250A%2520%2520%2520%2520at%2520http%253A%252F%252Flocalhost%253A8080%252Fbase%252Fnode_modules%252Fjasmine-core%252Flib%252Fjasmine-core%252Fjasmine.js%253F578a1e5ff14db21b04e2d6db7fd0eda37042440c%253A1801%250A%2520%2520%2520%2520at%2520http%253A%252F%252Flocalhost%253A8080%252Fbase%252Fnode_modules%252Fjasmine-core%252Flib%252Fjasmine-core%252Fjasmine.js%253F578a1e5ff14db21b04e2d6db7fd0eda37042440c%253A1745%250A%2520%2520%2520%2520at%2520http%253A%252F%252Flocalhost%253A8080%252Fbase%252Fnode_modules%252Fjasmine-core%252Flib%252Fjasmine-core%252Fjasmine.js%253F578a1e5ff14db21b04e2d6db7fd0eda37042440c%253A2348%250A%2520%2520%2520%2520at%2520clearStack%2520(http%253A%252F%252Flocalhost%253A8080%252Fbase%252Fnode_modules%252Fjasmine-core%252Flib%252Fjasmine-core%252Fjasmine.js%253F578a1e5ff14db21b04e2d6db7fd0eda37042440c%253A605)%250A%2520%2520%2520%2520at%2520http%253A%252F%252Flocalhost%253A8080%252Fbase%252Fnode_modules%252Fjasmine-core%252Flib%252Fjasmine-core%252Fjasmine.js%253F578a1e5ff14db21b04e2d6db7fd0eda37042440c%253A1784%250A%2520%2520%2520%2520at%2520http%253A%252F%252Flocalhost%253A8080%252Fbase%252Fnode_modules%252Fjasmine-core%252Flib%252Fjasmine-core%252Fjasmine.js%253F578a1e5ff14db21b04e2d6db7fd0eda37042440c%253A1762%250A%2520%2520%2520%2520at%2520http%253A%252F%252Flocalhost%253A8080%252Fbase%252Fnode_modules%252Fjasmine-core%252Flib%252Fjasmine-core%252Fjasmine.js%253F578a1e5ff14db21b04e2d6db7fd0eda37042440c%253A627%250A%2520%2520%2520%2520at%2520http%253A%252F%252Flocalhost%253A8080%252Fbase%252Fnode_modules%252Fjasmine-core%252Flib%252Fjasmine-core%252Fjasmine.js%253F578a1e5ff14db21b04e2d6db7fd0eda37042440c%253A2354%250A%2520%2520%2520%2520at%2520attemptAsync%2520(http%253A%252F%252Flocalhost%253A8080%252Fbase%252Fnode_modules%252Fjasmine-core%252Flib%252Fjasmine-core%252Fjasmine.js%253F578a1e5ff14db21b04e2d6db7fd0eda37042440c%253A1819)%250A%2520%2520%2520%2520at%2520http%253A%252F%252Flocalhost%253A8080%252Fbase%252Fnode_modules%252Fjasmine-core%252Flib%252Fjasmine-core%252Fjasmine.js%253F578a1e5ff14db21b04e2d6db7fd0eda37042440c%253A1774%250A%2520%2520%2520%2520at%2520http%253A%252F%252Flocalhost%253A8080%252Fbase%252Fnode_modules%252Fjasmine-core%252Flib%252Fjasmine-core%252Fjasmine.js%253F578a1e5ff14db21b04e2d6db7fd0eda37042440c%253A1801%250A%2520%2520%2520%2520at%2520http%253A%252F%252Flocalhost%253A8080%252Fbase%252Fnode_modules%252Fjasmine-core%252Flib%252Fjasmine-core%252Fjasmine.js%253F578a1e5ff14db21b04e2d6db7fd0eda37042440c%253A1745%250A%2520%2520%2520%2520at%2520http%253A%252F%252Flocalhost%253A8080%252Fbase%252Fnode_modules%252Fjasmine-core%252Flib%252Fjasmine-core%252Fjasmine.js%253F578a1e5ff14db21b04e2d6db7fd0eda37042440c%253A2348%250A%2520%2520%2520%2520at%2520clearStack%2520(http%253A%252F%252Flocalhost%253A8080%252Fbase%252Fnode_modules%252Fjasmine-core%252Flib%252Fjasmine-core%252Fjasmine.js%253F578a1e5ff14db21b04e2d6db7fd0eda37042440c%253A605)%250A%2520%2520%2520%2520at%2520http%253A%252F%252Flocalhost%253A8080%252Fbase%252Fnode_modules%252Fjasmine-core%252Flib%252Fjasmine-core%252Fjasmine.js%253F578a1e5ff14db21b04e2d6db7fd0eda37042440c%253A1784%250A%2520%2520%2520%2520at%2520http%253A%252F%252Flocalhost%253A8080%252Fbase%252Fnode_modules%252Fjasmine-core%252Flib%252Fjasmine-core%252Fjasmine.js%253F578a1e5ff14db21b04e2d6db7fd0eda37042440c%253A1762%250A%2520%2520%2520%2520at%2520http%253A%252F%252Flocalhost%253A8080%252Fbase%252Fnode_modules%252Fjasmine-core%252Flib%252Fjasmine-core%252Fjasmine.js%253F578a1e5ff14db21b04e2d6db7fd0eda37042440c%253A627%250A%2520%2520%2520%2520at%2520http%253A%252F%252Flocalhost%253A8080%252Fbase%252Fnode_modules%252Fjasmine-core%252Flib%252Fjasmine-core%252Fjasmine.js%253F578a1e5ff14db21b04e2d6db7fd0eda37042440c%253A2354%250A%2520%2520%2520%2520at%2520attemptAsync%2520(http%253A%252F%252Flocalhost%253A8080%252Fbase%252Fnode_modules%252Fjasmine-core%252Flib%252Fjasmine-core%252Fjasmine.js%253F578a1e5ff14db21b04e2d6db7fd0eda37042440c%253A1819)%250A%2520%2520%2520%2520at%2520http%253A%252F%252Flocalhost%253A8080%252Fbase%252Fnode_modules%252Fjasmine-core%252Flib%252Fjasmine-core%252Fjasmine.js%253F578a1e5ff14db21b04e2d6db7fd0eda37042440c%253A1774%250A%2520%2520%2520%2520at%2520http%253A%252F%252Flocalhost%253A8080%252Fbase%252Fnode_modules%252Fjasmine-core%252Flib%252Fjasmine-core%252Fjasmine.js%253F578a1e5ff14db21b04e2d6db7fd0eda37042440c%253A1801%250A%2520%2520%2520%2520at%2520http%253A%252F%252Flocalhost%253A8080%252Fbase%252Fnode_modules%252Fjasmine-core%252Flib%252Fjasmine-core%252Fjasmine.js%253F578a1e5ff14db21b04e2d6db7fd0eda37042440c%253A1745%250A%2520%2520%2520%2520at%2520http%253A%252F%252Flocalhost%253A8080%252Fbase%252Fnode_modules%252Fjasmine-core%252Flib%252Fjasmine-core%252Fjasmine.js%253F578a1e5ff14db21b04e2d6db7fd0eda37042440c%253A2348%250A%2520%2520%2520%2520at%2520clearStack%2520(http%253A%252F%252Flocalhost%253A8080%252Fbase%252Fnode_modules%252Fjasmine-core%252Flib%252Fjasmine-core%252Fjasmine.js%253F578a1e5ff14db21b04e2d6db7fd0eda37042440c%253A605)%250A%2520%2520%2520%2520at%2520http%253A%252F%252Flocalhost%253A8080%252Fbase%252Fnode_modules%252Fjasmine-core%252Flib%252Fjasmine-core%252Fjasmine.js%253F578a1e5ff14db21b04e2d6db7fd0eda37042440c%253A1784%250A%2520%2520%2520%2520at%2520http%253A%252F%252Flocalhost%253A8080%252Fbase%252Fnode_modules%252Fjasmine-core%252Flib%252Fjasmine-core%252Fjasmine.js%253F578a1e5ff14db21b04e2d6db7fd0eda37042440c%253A1762%250A%2520%2520%2520%2520at%2520http%253A%252F%252Flocalhost%253A8080%252Fbase%252Fnode_modules%252Fjasmine-core%252Flib%252Fjasmine-core%252Fjasmine.js%253F578a1e5ff14db21b04e2d6db7fd0eda37042440c%253A627%250A%2520%2520%2520%2520at%2520http%253A%252F%252Flocalhost%253A8080%252Fbase%252Fnode_modules%252Fjasmine-core%252Flib%252Fjasmine-core%252Fjasmine.js%253F578a1e5ff14db21b04e2d6db7fd0eda37042440c%253A2354%250A%2520%2520%2520%2520at%2520attemptAsync%2520(http%253A%252F%252Flocalhost%253A8080%252Fbase%252Fnode_modules%252Fjasmine-core%252Flib%252Fjasmine-core%252Fjasmine.js%253F578a1e5ff14db21b04e2d6db7fd0eda37042440c%253A1819)%250A%2520%2520%2520%2520at%2520http%253A%252F%252Flocalhost%253A8080%252Fbase%252Fnode_modules%252Fjasmine-core%252Flib%252Fjasmine-core%252Fjasmine.js%253F578a1e5ff14db21b04e2d6db7fd0eda37042440c%253A1774%250A%2520%2520%2520%2520at%2520http%253A%252F%252Flocalhost%253A8080%252Fbase%252Fnode_modules%252Fjasmine-core%252Flib%252Fjasmine-core%252Fjasmine.js%253F578a1e5ff14db21b04e2d6db7fd0eda37042440c%253A1801%250A%2520%2520%2520%2520at%2520http%253A%252F%252Flocalhost%253A8080%252Fbase%252Fnode_modules%252Fjasmine-core%252Flib%252Fjasmine-core%252Fjasmine.js%253F578a1e5ff14db21b04e2d6db7fd0eda37042440c%253A1745%250A%2520%2520%2520%2520at%2520http%253A%252F%252Flocalhost%253A8080%252Fbase%252Fnode_modules%252Fjasmine-core%252Flib%252Fjasmine-core%252Fjasmine.js%253F578a1e5ff14db21b04e2d6db7fd0eda37042440c%253A2348%250A%2520%2520%2520%2520at%2520clearStack%2520(http%253A%252F%252Flocalhost%253A8080%252Fbase%252Fnode_modules%252Fjasmine-core%252Flib%252Fjasmine-core%252Fjasmine.js%253F578a1e5ff14db21b04e2d6db7fd0eda37042440c%253A605)%250A%2520%2520%2520%2520at%2520http%253A%252F%252Flocalhost%253A8080%252Fbase%252Fnode_modules%252Fjasmine-core%252Flib%252Fjasmine-core%252Fjasmine.js%253F578a1e5ff14db21b04e2d6db7fd0eda37042440c%253A1784%250A%2520%2520%2520%2520at%2520http%253A%252F%252Flocalhost%253A8080%252Fbase%252Fnode_modules%252Fjasmine-core%252Flib%252Fjasmine-core%252Fjasmine.js%253F578a1e5ff14db21b04e2d6db7fd0eda37042440c%253A1762%250A%2520%2520%2520%2520at%2520http%253A%252F%252Flocalhost%253A8080%252Fbase%252Fnode_modules%252Fjasmine-core%252Flib%252Fjasmine-core%252Fjasmine.js%253F578a1e5ff14db21b04e2d6db7fd0eda37042440c%253A627%250A%2520%2520%2520%2520at%2520http%253A%252F%252Flocalhost%253A8080%252Fbase%252Fnode_modules%252Fjasmine-core%252Flib%252Fjasmine-core%252Fjasmine.js%253F578a1e5ff14db21b04e2d6db7fd0eda37042440c%253A2354%250A%2520%2520%2520%2520at%2520attemptAsync%2520(http%253A%252F%252Flocalhost%253A8080%252Fbase%252Fnode_modules%252Fjasmine-core%252Flib%252Fjasmine-core%252Fjasmine.js%253F578a1e5ff14db21b04e2d6db7fd0eda37042440c%253A1819)%250A%2520%2520%2520%2520at%2520http%253A%252F%252Flocalhost%253A8080%252Fbase%252Fnode_modules%252Fjasmine-core%252Flib%252Fjasmine-core%252Fjasmine.js%253F578a1e5ff14db21b04e2d6db7fd0eda37042440c%253A1774%250A%2520%2520%2520%2520at%2520http%253A%252F%252Flocalhost%253A8080%252Fbase%252Fnode_modules%252Fjasmine-core%252Flib%252Fjasmine-core%252Fjasmine.js%253F578a1e5ff14db21b04e2d6db7fd0eda37042440c%253A1762%250A%2520%2520%2520%2520at%2520http%253A%252F%252Flocalhost%253A8080%252Fbase%252Fnode_modules%252Fjasmine-core%252Flib%252Fjasmine-core%252Fjasmine.js%253F578a1e5ff14db21b04e2d6db7fd0eda37042440c%253A627%250A%2520%2520%2520%2520at%2520http%253A%252F%252Flocalhost%253A8080%252Fbase%252Fnode_modules%252Fjasmine-core%252Flib%252Fjasmine-core%252Fjasmine.js%253F578a1e5ff14db21b04e2d6db7fd0eda37042440c%253A2215%250A%2520%2520%2520%2520at%2520http%253A%252F%252Flocalhost%253A8080%252Fbase%252Fnode_modules%252Fjasmine-core%252Flib%252Fjasmine-core%252Fjasmine.js%253F578a1e5ff14db21b04e2d6db7fd0eda37042440c%253A678%250A%2520%2520%2520%2520at%2520http%253A%252F%252Flocalhost%253A8080%252Fbase%252Fnode_modules%252Fkarma-jasmine%252Flib%252Fadapter.js%253F0a69ad1fa10cc8be0a12b241227d3b834f82db4f%253A317%250A%2520%2520%2520%2520at%2520http%253A%252F%252Flocalhost%253A8080%252Fkarma.js%253A185%250A%2520%2520%2520%2520at%2520http%253A%252F%252Flocalhost%253A8080%252Fcontext.html%253A127%0A%20%20%20%20at%20http%3A%2F%2Flocalhost%3A8080%2Fbase%2Fapp%2Fvendor%2Fangular%2Fangular.js%3F9d140432f81858ac1e7888708720d419d147ffa9%3A4379%0A%20%20%20%20at%20forEach%20(http%3A%2F%2Flocalhost%3A8080%2Fbase%2Fapp%2Fvendor%2Fangular%2Fangular.js%3F9d140432f81858ac1e7888708720d419d147ffa9%3A336)%0A%20%20%20%20at%20loadModules%20(http%3A%2F%2Flocalhost%3A8080%2Fbase%2Fapp%2Fvendor%2Fangular%2Fangular.js%3F9d140432f81858ac1e7888708720d419d147ffa9%3A4381)%0A%20%20%20%20at%20http%3A%2F%2Flocalhost%3A8080%2Fbase%2Fapp%2Fvendor%2Fangular%2Fangular.js%3F9d140432f81858ac1e7888708720d419d147ffa9%3A4356%0A%20%20%20%20at%20forEach%20(http%3A%2F%2Flocalhost%3A8080%2Fbase%2Fapp%2Fvendor%2Fangular%2Fangular.js%3F9d140432f81858ac1e7888708720d419d147ffa9%3A336)%0A%20%20%20%20at%20loadModules%20(http%3A%2F%2Flocalhost%3A8080%2Fbase%2Fapp%2Fvendor%2Fangular%2Fangular.js%3F9d140432f81858ac1e7888708720d419d147ffa9%3A4381)%0A%20%20%20%20at%20createInjector%20(http%3A%2F%2Flocalhost%3A8080%2Fbase%2Fapp%2Fvendor%2Fangular%2Fangular.js%3F9d140432f81858ac1e7888708720d419d147ffa9%3A4265)%0A%20%20%20%20at%20workFn%20(http%3A%2F%2Flocalhost%3A8080%2Fbase%2Fapp%2Fvendor%2Fangular-mocks%2Fangular-mocks.js%3F6fe041cc8bb7a17f894cb12d8b0d44b12644f10a%3A2409)%0A%20%20%20%20at%20attemptSync%20(http%3A%2F%2Flocalhost%3A8080%2Fbase%2Fnode_modules%2Fjasmine-core%2Flib%2Fjasmine-core%2Fjasmine.js%3F578a1e5ff14db21b04e2d6db7fd0eda37042440c%3A1789)%0A%20%20%20%20at%20http%3A%2F%2Flocalhost%3A8080%2Fbase%2Fnode_modules%2Fjasmine-core%2Flib%2Fjasmine-core%2Fjasmine.js%3F578a1e5ff14db21b04e2d6db7fd0eda37042440c%3A1777%0A%20%20%20%20at%20http%3A%2F%2Flocalhost%3A8080%2Fbase%2Fnode_modules%2Fjasmine-core%2Flib%2Fjasmine-core%2Fjasmine.js%3F578a1e5ff14db21b04e2d6db7fd0eda37042440c%3A1762%0A%20%20%20%20at%20http%3A%2F%2Flocalhost%3A8080%2Fbase%2Fnode_modules%2Fjasmine-core%2Flib%2Fjasmine-core%2Fjasmine.js%3F578a1e5ff14db21b04e2d6db7fd0eda37042440c%3A627%0A%20%20%20%20at%20http%3A%2F%2Flocalhost%3A8080%2Fbase%2Fnode_modules%2Fjasmine-core%2Flib%2Fjasmine-core%2Fjasmine.js%3F578a1e5ff14db21b04e2d6db7fd0eda37042440c%3A357%0A%20%20%20%20at%20http%3A%2F%2Flocalhost%3A8080%2Fbase%2Fnode_modules%2Fjasmine-core%2Flib%2Fjasmine-core%2Fjasmine.js%3F578a1e5ff14db21b04e2d6db7fd0eda37042440c%3A2360%0A%20%20%20%20at%20attemptAsync%20(http%3A%2F%2Flocalhost%3A8080%2Fbase%2Fnode_modules%2Fjasmine-core%2Flib%2Fjasmine-core%2Fjasmine.js%3F578a1e5ff14db21b04e2d6db7fd0eda37042440c%3A1819)%0A%20%20%20%20at%20http%3A%2F%2Flocalhost%3A8080%2Fbase%2Fnode_modules%2Fjasmine-core%2Flib%2Fjasmine-core%2Fjasmine.js%3F578a1e5ff14db21b04e2d6db7fd0eda37042440c%3A1774%0A%20%20%20%20at%20http%3A%2F%2Flocalhost%3A8080%2Fbase%2Fnode_modules%2Fjasmine-core%2Flib%2Fjasmine-core%2Fjasmine.js%3F578a1e5ff14db21b04e2d6db7fd0eda37042440c%3A1801%0A%20%20%20%20at%20http%3A%2F%2Flocalhost%3A8080%2Fbase%2Fnode_modules%2Fjasmine-core%2Flib%2Fjasmine-core%2Fjasmine.js%3F578a1e5ff14db21b04e2d6db7fd0eda37042440c%3A1745%0A%20%20%20%20at%20complete%20(http%3A%2F%2Flocalhost%3A8080%2Fbase%2Fnode_modules%2Fjasmine-core%2Flib%2Fjasmine-core%2Fjasmine.js%3F578a1e5ff14db21b04e2d6db7fd0eda37042440c%3A365)%0A%20%20%20%20at%20clearStack%20(http%3A%2F%2Flocalhost%3A8080%2Fbase%2Fnode_modules%2Fjasmine-core%2Flib%2Fjasmine-core%2Fjasmine.js%3F578a1e5ff14db21b04e2d6db7fd0eda37042440c%3A605)%0A%20%20%20%20at%20http%3A%2F%2Flocalhost%3A8080%2Fbase%2Fnode_modules%2Fjasmine-core%2Flib%2Fjasmine-core%2Fjasmine.js%3F578a1e5ff14db21b04e2d6db7fd0eda37042440c%3A1784%0A%20%20%20%20at%20http%3A%2F%2Flocalhost%3A8080%2Fbase%2Fnode_modules%2Fjasmine-core%2Flib%2Fjasmine-core%2Fjasmine.js%3F578a1e5ff14db21b04e2d6db7fd0eda37042440c%3A1762%0A%20%20%20%20at%20http%3A%2F%2Flocalhost%3A8080%2Fbase%2Fnode_modules%2Fjasmine-core%2Flib%2Fjasmine-core%2Fjasmine.js%3F578a1e5ff14db21b04e2d6db7fd0eda37042440c%3A627%0A%20%20%20%20at%20http%3A%2F%2Flocalhost%3A8080%2Fbase%2Fnode_modules%2Fjasmine-core%2Flib%2Fjasmine-core%2Fjasmine.js%3F578a1e5ff14db21b04e2d6db7fd0eda37042440c%3A357%0A%20%20%20%20at%20http%3A%2F%2Flocalhost%3A8080%2Fbase%2Fnode_modules%2Fjasmine-core%2Flib%2Fjasmine-core%2Fjasmine.js%3F578a1e5ff14db21b04e2d6db7fd0eda37042440c%3A2360%0A%20%20%20%20at%20attemptAsync%20(http%3A%2F%2Flocalhost%3A8080%2Fbase%2Fnode_modules%2Fjasmine-core%2Flib%2Fjasmine-core%2Fjasmine.js%3F578a1e5ff14db21b04e2d6db7fd0eda37042440c%3A1819)%0A%20%20%20%20at%20http%3A%2F%2Flocalhost%3A8080%2Fbase%2Fnode_modules%2Fjasmine-core%2Flib%2Fjasmine-core%2Fjasmine.js%3F578a1e5ff14db21b04e2d6db7fd0eda37042440c%3A1774%0A%20%20%20%20at%20http%3A%2F%2Flocalhost%3A8080%2Fbase%2Fnode_modules%2Fjasmine-core%2Flib%2Fjasmine-core%2Fjasmine.js%3F578a1e5ff14db21b04e2d6db7fd0eda37042440c%3A1801%0A%20%20%20%20at%20http%3A%2F%2Flocalhost%3A8080%2Fbase%2Fnode_modules%2Fjasmine-core%2Flib%2Fjasmine-core%2Fjasmine.js%3F578a1e5ff14db21b04e2d6db7fd0eda37042440c%3A1745%0A%20%20%20%20at%20complete%20(http%3A%2F%2Flocalhost%3A8080%2Fbase%2Fnode_modules%2Fjasmine-core%2Flib%2Fjasmine-core%2Fjasmine.js%3F578a1e5ff14db21b04e2d6db7fd0eda37042440c%3A365)%0A%20%20%20%20at%20clearStack%20(http%3A%2F%2Flocalhost%3A8080%2Fbase%2Fnode_modules%2Fjasmine-core%2Flib%2Fjasmine-core%2Fjasmine.js%3F578a1e5ff14db21b04e2d6db7fd0eda37042440c%3A605)%0A%20%20%20%20at%20http%3A%2F%2Flocalhost%3A8080%2Fbase%2Fnode_modules%2Fjasmine-core%2Flib%2Fjasmine-core%2Fjasmine.js%3F578a1e5ff14db21b04e2d6db7fd0eda37042440c%3A1784%0A%20%20%20%20at%20http%3A%2F%2Flocalhost%3A8080%2Fbase%2Fnode_modules%2Fjasmine-core%2Flib%2Fjasmine-core%2Fjasmine.js%3F578a1e5ff14db21b04e2d6db7fd0eda37042440c%3A1762%0A%20%20%20%20at%20http%3A%2F%2Flocalhost%3A8080%2Fbase%2Fnode_modules%2Fjasmine-core%2Flib%2Fjasmine-core%2Fjasmine.js%3F578a1e5ff14db21b04e2d6db7fd0eda37042440c%3A627%0A%20%20%20%20at%20http%3A%2F%2Flocalhost%3A8080%2Fbase%2Fnode_modules%2Fjasmine-core%2Flib%2Fjasmine-core%2Fjasmine.js%3F578a1e5ff14db21b04e2d6db7fd0eda37042440c%3A357%0A%20%20%20%20at%20http%3A%2F%2Flocalhost%3A8080%2Fbase%2Fnode_modules%2Fjasmine-core%2Flib%2Fjasmine-core%2Fjasmine.js%3F578a1e5ff14db21b04e2d6db7fd0eda37042440c%3A2360%0A%20%20%20%20at%20attemptAsync%20(http%3A%2F%2Flocalhost%3A8080%2Fbase%2Fnode_modules%2Fjasmine-core%2Flib%2Fjasmine-core%2Fjasmine.js%3F578a1e5ff14db21b04e2d6db7fd0eda37042440c%3A1819)%0A%20%20%20%20at%20http%3A%2F%2Flocalhost%3A8080%2Fbase%2Fnode_modules%2Fjasmine-core%2Flib%2Fjasmine-core%2Fjasmine.js%3F578a1e5ff14db21b04e2d6db7fd0eda37042440c%3A1774%0A%20%20%20%20at%20http%3A%2F%2Flocalhost%3A8080%2Fbase%2Fnode_modules%2Fjasmine-core%2Flib%2Fjasmine-core%2Fjasmine.js%3F578a1e5ff14db21b04e2d6db7fd0eda37042440c%3A1801%0A%20%20%20%20at%20http%3A%2F%2Flocalhost%3A8080%2Fbase%2Fnode_modules%2Fjasmine-core%2Flib%2Fjasmine-core%2Fjasmine.js%3F578a1e5ff14db21b04e2d6db7fd0eda37042440c%3A1745%0A%20%20%20%20at%20complete%20(http%3A%2F%2Flocalhost%3A8080%2Fbase%2Fnode_modules%2Fjasmine-core%2Flib%2Fjasmine-core%2Fjasmine.js%3F578a1e5ff14db21b04e2d6db7fd0eda37042440c%3A365)%0A%20%20%20%20at%20clearStack%20(http%3A%2F%2Flocalhost%3A8080%2Fbase%2Fnode_modules%2Fjasmine-core%2Flib%2Fjasmine-core%2Fjasmine.js%3F578a1e5ff14db21b04e2d6db7fd0eda37042440c%3A605)%0A%20%20%20%20at%20http%3A%2F%2Flocalhost%3A8080%2Fbase%2Fnode_modules%2Fjasmine-core%2Flib%2Fjasmine-core%2Fjasmine.js%3F578a1e5ff14db21b04e2d6db7fd0eda37042440c%3A1784%0A%20%20%20%20at%20http%3A%2F%2Flocalhost%3A8080%2Fbase%2Fnode_modules%2Fjasmine-core%2Flib%2Fjasmine-core%2Fjasmine.js%3F578a1e5ff14db21b04e2d6db7fd0eda37042440c%3A1762%0A%20%20%20%20at%20http%3A%2F%2Flocalhost%3A8080%2Fbase%2Fnode_modules%2Fjasmine-core%2Flib%2Fjasmine-core%2Fjasmine.js%3F578a1e5ff14db21b04e2d6db7fd0eda37042440c%3A627%0A%20%20%20%20at%20http%3A%2F%2Flocalhost%3A8080%2Fbase%2Fnode_modules%2Fjasmine-core%2Flib%2Fjasmine-core%2Fjasmine.js%3F578a1e5ff14db21b04e2d6db7fd0eda37042440c%3A357%0A%20%20%20%20at%20http%3A%2F%2Flocalhost%3A8080%2Fbase%2Fnode_modules%2Fjasmine-core%2Flib%2Fjasmine-core%2Fjasmine.js%3F578a1e5ff14db21b04e2d6db7fd0eda37042440c%3A2360%0A%20%20%20%20at%20attemptAsync%20(http%3A%2F%2Flocalhost%3A8080%2Fbase%2Fnode_modules%2Fjasmine-core%2Flib%2Fjasmine-core%2Fjasmine.js%3F578a1e5ff14db21b04e2d6db7fd0eda37042440c%3A1819)%0A%20%20%20%20at%20http%3A%2F%2Flocalhost%3A8080%2Fbase%2Fnode_modules%2Fjasmine-core%2Flib%2Fjasmine-core%2Fjasmine.js%3F578a1e5ff14db21b04e2d6db7fd0eda37042440c%3A1774%0A%20%20%20%20at%20http%3A%2F%2Flocalhost%3A8080%2Fbase%2Fnode_modules%2Fjasmine-core%2Flib%2Fjasmine-core%2Fjasmine.js%3F578a1e5ff14db21b04e2d6db7fd0eda37042440c%3A1801%0A%20%20%20%20at%20http%3A%2F%2Flocalhost%3A8080%2Fbase%2Fnode_modules%2Fjasmine-core%2Flib%2Fjasmine-core%2Fjasmine.js%3F578a1e5ff14db21b04e2d6db7fd0eda37042440c%3A1745%0A%20%20%20%20at%20complete%20(http%3A%2F%2Flocalhost%3A8080%2Fbase%2Fnode_modules%2Fjasmine-core%2Flib%2Fjasmine-core%2Fjasmine.js%3F578a1e5ff14db21b04e2d6db7fd0eda37042440c%3A365)%0A%20%20%20%20at%20clearStack%20(http%3A%2F%2Flocalhost%3A8080%2Fbase%2Fnode_modules%2Fjasmine-core%2Flib%2Fjasmine-core%2Fjasmine.js%3F578a1e5ff14db21b04e2d6db7fd0eda37042440c%3A605)%0A%20%20%20%20at%20http%3A%2F%2Flocalhost%3A8080%2Fbase%2Fnode_modules%2Fjasmine-core%2Flib%2Fjasmine-core%2Fjasmine.js%3F578a1e5ff14db21b04e2d6db7fd0eda37042440c%3A1784%0A%20%20%20%20at%20http%3A%2F%2Flocalhost%3A8080%2Fbase%2Fnode_modules%2Fjasmine-core%2Flib%2Fjasmine-core%2Fjasmine.js%3F578a1e5ff14db21b04e2d6db7fd0eda37042440c%3A1762%0A%20%20%20%20at%20http%3A%2F%2Flocalhost%3A8080%2Fbase%2Fnode_modules%2Fjasmine-core%2Flib%2Fjasmine-core%2Fjasmine.js%3F578a1e5ff14db21b04e2d6db7fd0eda37042440c%3A627%0A%20%20%20%20at%20http%3A%2F%2Flocalhost%3A8080%2Fbase%2Fnode_modules%2Fjasmine-core%2Flib%2Fjasmine-core%2Fjasmine.js%3F578a1e5ff14db21b04e2d6db7fd0eda37042440c%3A357%0A%20%20%20%20at%20http%3A%2F%2Flocalhost%3A8080%2Fbase%2Fnode_modules%2Fjasmine-core%2Flib%2Fjasmine-core%2Fjasmine.js%3F578a1e5ff14db21b04e2d6db7fd0eda37042440c%3A2360%0A%20%20%20%20at%20attemptAsync%20(http%3A%2F%2Flocalhost%3A8080%2Fbase%2Fnode_modules%2Fjasmine-core%2Flib%2Fjasmine-core%2Fjasmine.js%3F578a1e5ff14db21b04e2d6db7fd0eda37042440c%3A1819)%0A%20%20%20%20at%20http%3A%2F%2Flocalhost%3A8080%2Fbase%2Fnode_modules%2Fjasmine-core%2Flib%2Fjasmine-core%2Fjasmine.js%3F578a1e5ff14db21b04e2d6db7fd0eda37042440c%3A1774%0A%20%20%20%20at%20http%3A%2F%2Flocalhost%3A8080%2Fbase%2Fnode_modules%2Fjasmine-core%2Flib%2Fjasmine-core%2Fjasmine.js%3F578a1e5ff14db21b04e2d6db7fd0eda37042440c%3A1801%0A%20%20%20%20at%20http%3A%2F%2Flocalhost%3A8080%2Fbase%2Fnode_modules%2Fjasmine-core%2Flib%2Fjasmine-core%2Fjasmine.js%3F578a1e5ff14db21b04e2d6db7fd0eda37042440c%3A1745%0A%20%20%20%20at%20complete%20(http%3A%2F%2Flocalhost%3A8080%2Fbase%2Fnode_modules%2Fjasmine-core%2Flib%2Fjasmine-core%2Fjasmine.js%3F578a1e5ff14db21b04e2d6db7fd0eda37042440c%3A365)%0A%20%20%20%20at%20clearStack%20(http%3A%2F%2Flocalhost%3A8080%2Fbase%2Fnode_modules%2Fjasmine-core%2Flib%2Fjasmine-core%2Fjasmine.js%3F578a1e5ff14db21b04e2d6db7fd0eda37042440c%3A605)%0A%20%20%20%20at%20http%3A%2F%2Flocalhost%3A8080%2Fbase%2Fnode_modules%2Fjasmine-core%2Flib%2Fjasmine-core%2Fjasmine.js%3F578a1e5ff14db21b04e2d6db7fd0eda37042440c%3A1784%0A%20%20%20%20at%20http%3A%2F%2Flocalhost%3A8080%2Fbase%2Fnode_modules%2Fjasmine-core%2Flib%2Fjasmine-core%2Fjasmine.js%3F578a1e5ff14db21b04e2d6db7fd0eda37042440c%3A1762%0A%20%20%20%20at%20http%3A%2F%2Flocalhost%3A8080%2Fbase%2Fnode_modules%2Fjasmine-core%2Flib%2Fjasmine-core%2Fjasmine.js%3F578a1e5ff14db21b04e2d6db7fd0eda37042440c%3A627%0A%20%20%20%20at%20http%3A%2F%2Flocalhost%3A8080%2Fbase%2Fnode_modules%2Fjasmine-core%2Flib%2Fjasmine-core%2Fjasmine.js%3F578a1e5ff14db21b04e2d6db7fd0eda37042440c%3A357%0A%20%20%20%20at%20http%3A%2F%2Flocalhost%3A8080%2Fbase%2Fnode_modules%2Fjasmine-core%2Flib%2Fjasmine-core%2Fjasmine.js%3F578a1e5ff14db21b04e2d6db7fd0eda37042440c%3A2360%0A%20%20%20%20at%20attemptAsync%20(http%3A%2F%2Flocalhost%3A8080%2Fbase%2Fnode_modules%2Fjasmine-core%2Flib%2Fjasmine-core%2Fjasmine.js%3F578a1e5ff14db21b04e2d6db7fd0eda37042440c%3A1819)%0A%20%20%20%20at%20http%3A%2F%2Flocalhost%3A8080%2Fbase%2Fnode_modules%2Fjasmine-core%2Flib%2Fjasmine-core%2Fjasmine.js%3F578a1e5ff14db21b04e2d6db7fd0eda37042440c%3A1774%0A%20%20%20%20at%20http%3A%2F%2Flocalhost%3A8080%2Fbase%2Fnode_modules%2Fjasmine-core%2Flib%2Fjasmine-core%2Fjasmine.js%3F578a1e5ff14db21b04e2d6db7fd0eda37042440c%3A1762%0A%20%20%20%20at%20http%3A%2F%2Flocalhost%3A8080%2Fbase%2Fnode_modules%2Fjasmine-core%2Flib%2Fjasmine-core%2Fjasmine.js%3F578a1e5ff14db21b04e2d6db7fd0eda37042440c%3A627%0A%20%20%20%20at%20http%3A%2F%2Flocalhost%3A8080%2Fbase%2Fnode_modules%2Fjasmine-core%2Flib%2Fjasmine-core%2Fjasmine.js%3F578a1e5ff14db21b04e2d6db7fd0eda37042440c%3A2354%0A%20%20%20%20at%20attemptAsync%20(http%3A%2F%2Flocalhost%3A8080%2Fbase%2Fnode_modules%2Fjasmine-core%2Flib%2Fjasmine-core%2Fjasmine.js%3F578a1e5ff14db21b04e2d6db7fd0eda37042440c%3A1819)%0A%20%20%20%20at%20http%3A%2F%2Flocalhost%3A8080%2Fbase%2Fnode_modules%2Fjasmine-core%2Flib%2Fjasmine-core%2Fjasmine.js%3F578a1e5ff14db21b04e2d6db7fd0eda37042440c%3A1774%0A%20%20%20%20at%20http%3A%2F%2Flocalhost%3A8080%2Fbase%2Fnode_modules%2Fjasmine-core%2Flib%2Fjasmine-core%2Fjasmine.js%3F578a1e5ff14db21b04e2d6db7fd0eda37042440c%3A1801%0A%20%20%20%20at%20http%3A%2F%2Flocalhost%3A8080%2Fbase%2Fnode_modules%2Fjasmine-core%2Flib%2Fjasmine-core%2Fjasmine.js%3F578a1e5ff14db21b04e2d6db7fd0eda37042440c%3A1745%0A%20%20%20%20at%20http%3A%2F%2Flocalhost%3A8080%2Fbase%2Fnode_modules%2Fjasmine-core%2Flib%2Fjasmine-core%2Fjasmine.js%3F578a1e5ff14db21b04e2d6db7fd0eda37042440c%3A2348%0A%20%20%20%20at%20clearStack%20(http%3A%2F%2Flocalhost%3A8080%2Fbase%2Fnode_modules%2Fjasmine-core%2Flib%2Fjasmine-core%2Fjasmine.js%3F578a1e5ff14db21b04e2d6db7fd0eda37042440c%3A605)%0A%20%20%20%20at%20http%3A%2F%2Flocalhost%3A8080%2Fbase%2Fnode_modules%2Fjasmine-core%2Flib%2Fjasmine-core%2Fjasmine.js%3F578a1e5ff14db21b04e2d6db7fd0eda37042440c%3A1784%0A%20%20%20%20at%20http%3A%2F%2Flocalhost%3A8080%2Fbase%2Fnode_modules%2Fjasmine-core%2Flib%2Fjasmine-core%2Fjasmine.js%3F578a1e5ff14db21b04e2d6db7fd0eda37042440c%3A1762%0A%20%20%20%20at%20http%3A%2F%2Flocalhost%3A8080%2Fbase%2Fnode_modules%2Fjasmine-core%2Flib%2Fjasmine-core%2Fjasmine.js%3F578a1e5ff14db21b04e2d6db7fd0eda37042440c%3A627%0A%20%20%20%20at%20http%3A%2F%2Flocalhost%3A8080%2Fbase%2Fnode_modules%2Fjasmine-core%2Flib%2Fjasmine-core%2Fjasmine.js%3F578a1e5ff14db21b04e2d6db7fd0eda37042440c%3A2354%0A%20%20%20%20at%20attemptAsync%20(http%3A%2F%2Flocalhost%3A8080%2Fbase%2Fnode_modules%2Fjasmine-core%2Flib%2Fjasmine-core%2Fjasmine.js%3F578a1e5ff14db21b04e2d6db7fd0eda37042440c%3A1819)%0A%20%20%20%20at%20http%3A%2F%2Flocalhost%3A8080%2Fbase%2Fnode_modules%2Fjasmine-core%2Flib%2Fjasmine-core%2Fjasmine.js%3F578a1e5ff14db21b04e2d6db7fd0eda37042440c%3A1774%0A%20%20%20%20at%20http%3A%2F%2Flocalhost%3A8080%2Fbase%2Fnode_modules%2Fjasmine-core%2Flib%2Fjasmine-core%2Fjasmine.js%3F578a1e5ff14db21b04e2d6db7fd0eda37042440c%3A1801%0A%20%20%20%20at%20http%3A%2F%2Flocalhost%3A8080%2Fbase%2Fnode_modules%2Fjasmine-core%2Flib%2Fjasmine-core%2Fjasmine.js%3F578a1e5ff14db21b04e2d6db7fd0eda37042440c%3A1745%0A%20%20%20%20at%20http%3A%2F%2Flocalhost%3A8080%2Fbase%2Fnode_modules%2Fjasmine-core%2Flib%2Fjasmine-core%2Fjasmine.js%3F578a1e5ff14db21b04e2d6db7fd0eda37042440c%3A2348%0A%20%20%20%20at%20clearStack%20(http%3A%2F%2Flocalhost%3A8080%2Fbase%2Fnode_modules%2Fjasmine-core%2Flib%2Fjasmine-core%2Fjasmine.js%3F578a1e5ff14db21b04e2d6db7fd0eda37042440c%3A605)%0A%20%20%20%20at%20http%3A%2F%2Flocalhost%3A8080%2Fbase%2Fnode_modules%2Fjasmine-core%2Flib%2Fjasmine-core%2Fjasmine.js%3F578a1e5ff14db21b04e2d6db7fd0eda37042440c%3A1784%0A%20%20%20%20at%20http%3A%2F%2Flocalhost%3A8080%2Fbase%2Fnode_modules%2Fjasmine-core%2Flib%2Fjasmine-core%2Fjasmine.js%3F578a1e5ff14db21b04e2d6db7fd0eda37042440c%3A1762%0A%20%20%20%20at%20http%3A%2F%2Flocalhost%3A8080%2Fbase%2Fnode_modules%2Fjasmine-core%2Flib%2Fjasmine-core%2Fjasmine.js%3F578a1e5ff14db21b04e2d6db7fd0eda37042440c%3A627%0A%20%20%20%20at%20http%3A%2F%2Flocalhost%3A8080%2Fbase%2Fnode_modules%2Fjasmine-core%2Flib%2Fjasmine-core%2Fjasmine.js%3F578a1e5ff14db21b04e2d6db7fd0eda37042440c%3A2354%0A%20%20%20%20at%20attemptAsync%20(http%3A%2F%2Flocalhost%3A8080%2Fbase%2Fnode_modules%2Fjasmine-core%2Flib%2Fjasmine-core%2Fjasmine.js%3F578a1e5ff14db21b04e2d6db7fd0eda37042440c%3A1819)%0A%20%20%20%20at%20http%3A%2F%2Flocalhost%3A8080%2Fbase%2Fnode_modules%2Fjasmine-core%2Flib%2Fjasmine-core%2Fjasmine.js%3F578a1e5ff14db21b04e2d6db7fd0eda37042440c%3A1774%0A%20%20%20%20at%20http%3A%2F%2Flocalhost%3A8080%2Fbase%2Fnode_modules%2Fjasmine-core%2Flib%2Fjasmine-core%2Fjasmine.js%3F578a1e5ff14db21b04e2d6db7fd0eda37042440c%3A1801%0A%20%20%20%20at%20http%3A%2F%2Flocalhost%3A8080%2Fbase%2Fnode_modules%2Fjasmine-core%2Flib%2Fjasmine-core%2Fjasmine.js%3F578a1e5ff14db21b04e2d6db7fd0eda37042440c%3A1745%0A%20%20%20%20at%20http%3A%2F%2Flocalhost%3A8080%2Fbase%2Fnode_modules%2Fjasmine-core%2Flib%2Fjasmine-core%2Fjasmine.js%3F578a1e5ff14db21b04e2d6db7fd0eda37042440c%3A2348%0A%20%20%20%20at%20clearStack%20(http%3A%2F%2Flocalhost%3A8080%2Fbase%2Fnode_modules%2Fjasmine-core%2Flib%2Fjasmine-core%2Fjasmine.js%3F578a1e5ff14db21b04e2d6db7fd0eda37042440c%3A605)%0A%20%20%20%20at%20http%3A%2F%2Flocalhost%3A8080%2Fbase%2Fnode_modules%2Fjasmine-core%2Flib%2Fjasmine-core%2Fjasmine.js%3F578a1e5ff14db21b04e2d6db7fd0eda37042440c%3A1784%0A%20%20%20%20at%20http%3A%2F%2Flocalhost%3A8080%2Fbase%2Fnode_modules%2Fjasmine-core%2Flib%2Fjasmine-core%2Fjasmine.js%3F578a1e5ff14db21b04e2d6db7fd0eda37042440c%3A1801%0A%20%20%20%20at%20http%3A%2F%2Flocalhost%3A8080%2Fbase%2Fnode_modules%2Fjasmine-core%2Flib%2Fjasmine-core%2Fjasmine.js%3F578a1e5ff14db21b04e2d6db7fd0eda37042440c%3A1745%0A%20%20%20%20at%20complete%20(http%3A%2F%2Flocalhost%3A8080%2Fbase%2Fnode_modules%2Fjasmine-core%2Flib%2Fjasmine-core%2Fjasmine.js%3F578a1e5ff14db21b04e2d6db7fd0eda37042440c%3A365)%0A%20%20%20%20at%20clearStack%20(http%3A%2F%2Flocalhost%3A8080%2Fbase%2Fnode_modules%2Fjasmine-core%2Flib%2Fjasmine-core%2Fjasmine.js%3F578a1e5ff14db21b04e2d6db7fd0eda37042440c%3A605)%0A%20%20%20%20at%20http%3A%2F%2Flocalhost%3A8080%2Fbase%2Fnode_modules%2Fjasmine-core%2Flib%2Fjasmine-core%2Fjasmine.js%3F578a1e5ff14db21b04e2d6db7fd0eda37042440c%3A1784%0A%20%20%20%20at%20http%3A%2F%2Flocalhost%3A8080%2Fbase%2Fnode_modules%2Fjasmine-core%2Flib%2Fjasmine-core%2Fjasmine.js%3F578a1e5ff14db21b04e2d6db7fd0eda37042440c%3A1762%0A%20%20%20%20at%20http%3A%2F%2Flocalhost%3A8080%2Fbase%2Fnode_modules%2Fjasmine-core%2Flib%2Fjasmine-core%2Fjasmine.js%3F578a1e5ff14db21b04e2d6db7fd0eda37042440c%3A627%0A%20%20%20%20at%20http%3A%2F%2Flocalhost%3A8080%2Fbase%2Fnode_modules%2Fjasmine-core%2Flib%2Fjasmine-core%2Fjasmine.js%3F578a1e5ff14db21b04e2d6db7fd0eda37042440c%3A357%0A%20%20%20%20at%20http%3A%2F%2Flocalhost%3A8080%2Fbase%2Fnode_modules%2Fjasmine-core%2Flib%2Fjasmine-core%2Fjasmine.js%3F578a1e5ff14db21b04e2d6db7fd0eda37042440c%3A2360%0A%20%20%20%20at%20attemptAsync%20(http%3A%2F%2Flocalhost%3A8080%2Fbase%2Fnode_modules%2Fjasmine-core%2Flib%2Fjasmine-core%2Fjasmine.js%3F578a1e5ff14db21b04e2d6db7fd0eda37042440c%3A1819)%0A%20%20%20%20at%20http%3A%2F%2Flocalhost%3A8080%2Fbase%2Fnode_modules%2Fjasmine-core%2Flib%2Fjasmine-core%2Fjasmine.js%3F578a1e5ff14db21b04e2d6db7fd0eda37042440c%3A1774%0A%20%20%20%20at%20http%3A%2F%2Flocalhost%3A8080%2Fbase%2Fnode_modules%2Fjasmine-core%2Flib%2Fjasmine-core%2Fjasmine.js%3F578a1e5ff14db21b04e2d6db7fd0eda37042440c%3A1801%0A%20%20%20%20at%20http%3A%2F%2Flocalhost%3A8080%2Fbase%2Fnode_modules%2Fjasmine-core%2Flib%2Fjasmine-core%2Fjasmine.js%3F578a1e5ff14db21b04e2d6db7fd0eda37042440c%3A1745%0A%20%20%20%20at%20complete%20(http%3A%2F%2Flocalhost%3A8080%2Fbase%2Fnode_modules%2Fjasmine-core%2Flib%2Fjasmine-core%2Fjasmine.js%3F578a1e5ff14db21b04e2d6db7fd0eda37042440c%3A365)%0A%20%20%20%20at%20clearStack%20(http%3A%2F%2Flocalhost%3A8080%2Fbase%2Fnode_modules%2Fjasmine-core%2Flib%2Fjasmine-core%2Fjasmine.js%3F578a1e5ff14db21b04e2d6db7fd0eda37042440c%3A605)%0A%20%20%20%20at%20http%3A%2F%2Flocalhost%3A8080%2Fbase%2Fnode_modules%2Fjasmine-core%2Flib%2Fjasmine-core%2Fjasmine.js%3F578a1e5ff14db21b04e2d6db7fd0eda37042440c%3A1784%0A%20%20%20%20at%20http%3A%2F%2Flocalhost%3A8080%2Fbase%2Fnode_modules%2Fjasmine-core%2Flib%2Fjasmine-core%2Fjasmine.js%3F578a1e5ff14db21b04e2d6db7fd0eda37042440c%3A1762%0A%20%20%20%20at%20http%3A%2F%2Flocalhost%3A8080%2Fbase%2Fnode_modules%2Fjasmine-core%2Flib%2Fjasmine-core%2Fjasmine.js%3F578a1e5ff14db21b04e2d6db7fd0eda37042440c%3A627%0A%20%20%20%20at%20http%3A%2F%2Flocalhost%3A8080%2Fbase%2Fnode_modules%2Fjasmine-core%2Flib%2Fjasmine-core%2Fjasmine.js%3F578a1e5ff14db21b04e2d6db7fd0eda37042440c%3A357%0A%20%20%20%20at%20http%3A%2F%2Flocalhost%3A8080%2Fbase%2Fnode_modules%2Fjasmine-core%2Flib%2Fjasmine-core%2Fjasmine.js%3F578a1e5ff14db21b04e2d6db7fd0eda37042440c%3A2360%0A%20%20%20%20at%20attemptAsync%20(http%3A%2F%2Flocalhost%3A8080%2Fbase%2Fnode_modules%2Fjasmine-core%2Flib%2Fjasmine-core%2Fjasmine.js%3F578a1e5ff14db21b04e2d6db7fd0eda37042440c%3A1819)%0A%20%20%20%20at%20http%3A%2F%2Flocalhost%3A8080%2Fbase%2Fnode_modules%2Fjasmine-core%2Flib%2Fjasmine-core%2Fjasmine.js%3F578a1e5ff14db21b04e2d6db7fd0eda37042440c%3A1774%0A%20%20%20%20at%20http%3A%2F%2Flocalhost%3A8080%2Fbase%2Fnode_modules%2Fjasmine-core%2Flib%2Fjasmine-core%2Fjasmine.js%3F578a1e5ff14db21b04e2d6db7fd0eda37042440c%3A1762%0A%20%20%20%20at%20http%3A%2F%2Flocalhost%3A8080%2Fbase%2Fnode_modules%2Fjasmine-core%2Flib%2Fjasmine-core%2Fjasmine.js%3F578a1e5ff14db21b04e2d6db7fd0eda37042440c%3A627%0A%20%20%20%20at%20http%3A%2F%2Flocalhost%3A8080%2Fbase%2Fnode_modules%2Fjasmine-core%2Flib%2Fjasmine-core%2Fjasmine.js%3F578a1e5ff14db21b04e2d6db7fd0eda37042440c%3A2354%0A%20%20%20%20at%20attemptAsync%20(http%3A%2F%2Flocalhost%3A8080%2Fbase%2Fnode_modules%2Fjasmine-core%2Flib%2Fjasmine-core%2Fjasmine.js%3F578a1e5ff14db21b04e2d6db7fd0eda37042440c%3A1819)%0A%20%20%20%20at%20http%3A%2F%2Flocalhost%3A8080%2Fbase%2Fnode_modules%2Fjasmine-core%2Flib%2Fjasmine-core%2Fjasmine.js%3F578a1e5ff14db21b04e2d6db7fd0eda37042440c%3A1774%0A%20%20%20%20at%20http%3A%2F%2Flocalhost%3A8080%2Fbase%2Fnode_modules%2Fjasmine-core%2Flib%2Fjasmine-core%2Fjasmine.js%3F578a1e5ff14db21b04e2d6db7fd0eda37042440c%3A1801%0A%20%20%20%20at%20http%3A%2F%2Flocalhost%3A8080%2Fbase%2Fnode_modules%2Fjasmine-core%2Flib%2Fjasmine-core%2Fjasmine.js%3F578a1e5ff14db21b04e2d6db7fd0eda37042440c%3A1745%0A%20%20%20%20at%20http%3A%2F%2Flocalhost%3A8080%2Fbase%2Fnode_modules%2Fjasmine-core%2Flib%2Fjasmine-core%2Fjasmine.js%3F578a1e5ff14db21b04e2d6db7fd0eda37042440c%3A2348%0A%20%20%20%20at%20clearStack%20(http%3A%2F%2Flocalhost%3A8080%2Fbase%2Fnode_modules%2Fjasmine-core%2Flib%2Fjasmine-core%2Fjasmine.js%3F578a1e5ff14db21b04e2d6db7fd0eda37042440c%3A605)%0A%20%20%20%20at%20http%3A%2F%2Flocalhost%3A8080%2Fbase%2Fnode_modules%2Fjasmine-core%2Flib%2Fjasmine-core%2Fjasmine.js%3F578a1e5ff14db21b04e2d6db7fd0eda37042440c%3A1784%0A%20%20%20%20at%20http%3A%2F%2Flocalhost%3A8080%2Fbase%2Fnode_modules%2Fjasmine-core%2Flib%2Fjasmine-core%2Fjasmine.js%3F578a1e5ff14db21b04e2d6db7fd0eda37042440c%3A1762%0A%20%20%20%20at%20http%3A%2F%2Flocalhost%3A8080%2Fbase%2Fnode_modules%2Fjasmine-core%2Flib%2Fjasmine-core%2Fjasmine.js%3F578a1e5ff14db21b04e2d6db7fd0eda37042440c%3A627%0A%20%20%20%20at%20http%3A%2F%2Flocalhost%3A8080%2Fbase%2Fnode_modules%2Fjasmine-core%2Flib%2Fjasmine-core%2Fjasmine.js%3F578a1e5ff14db21b04e2d6db7fd0eda37042440c%3A2354%0A%20%20%20%20at%20attemptAsync%20(http%3A%2F%2Flocalhost%3A8080%2Fbase%2Fnode_modules%2Fjasmine-core%2Flib%2Fjasmine-core%2Fjasmine.js%3F578a1e5ff14db21b04e2d6db7fd0eda37042440c%3A1819)%0A%20%20%20%20at%20http%3A%2F%2Flocalhost%3A8080%2Fbase%2Fnode_modules%2Fjasmine-core%2Flib%2Fjasmine-core%2Fjasmine.js%3F578a1e5ff14db21b04e2d6db7fd0eda37042440c%3A1774%0A%20%20%20%20at%20http%3A%2F%2Flocalhost%3A8080%2Fbase%2Fnode_modules%2Fjasmine-core%2Flib%2Fjasmine-core%2Fjasmine.js%3F578a1e5ff14db21b04e2d6db7fd0eda37042440c%3A1801%0A%20%20%20%20at%20http%3A%2F%2Flocalhost%3A8080%2Fbase%2Fnode_modules%2Fjasmine-core%2Flib%2Fjasmine-core%2Fjasmine.js%3F578a1e5ff14db21b04e2d6db7fd0eda37042440c%3A1745%0A%20%20%20%20at%20http%3A%2F%2Flocalhost%3A8080%2Fbase%2Fnode_modules%2Fjasmine-core%2Flib%2Fjasmine-core%2Fjasmine.js%3F578a1e5ff14db21b04e2d6db7fd0eda37042440c%3A2348%0A%20%20%20%20at%20clearStack%20(http%3A%2F%2Flocalhost%3A8080%2Fbase%2Fnode_modules%2Fjasmine-core%2Flib%2Fjasmine-core%2Fjasmine.js%3F578a1e5ff14db21b04e2d6db7fd0eda37042440c%3A605)%0A%20%20%20%20at%20http%3A%2F%2Flocalhost%3A8080%2Fbase%2Fnode_modules%2Fjasmine-core%2Flib%2Fjasmine-core%2Fjasmine.js%3F578a1e5ff14db21b04e2d6db7fd0eda37042440c%3A1784%0A%20%20%20%20at%20http%3A%2F%2Flocalhost%3A8080%2Fbase%2Fnode_modules%2Fjasmine-core%2Flib%2Fjasmine-core%2Fjasmine.js%3F578a1e5ff14db21b04e2d6db7fd0eda37042440c%3A1762%0A%20%20%20%20at%20http%3A%2F%2Flocalhost%3A8080%2Fbase%2Fnode_modules%2Fjasmine-core%2Flib%2Fjasmine-core%2Fjasmine.js%3F578a1e5ff14db21b04e2d6db7fd0eda37042440c%3A627%0A%20%20%20%20at%20http%3A%2F%2Flocalhost%3A8080%2Fbase%2Fnode_modules%2Fjasmine-core%2Flib%2Fjasmine-core%2Fjasmine.js%3F578a1e5ff14db21b04e2d6db7fd0eda37042440c%3A2354%0A%20%20%20%20at%20attemptAsync%20(http%3A%2F%2Flocalhost%3A8080%2Fbase%2Fnode_modules%2Fjasmine-core%2Flib%2Fjasmine-core%2Fjasmine.js%3F578a1e5ff14db21b04e2d6db7fd0eda37042440c%3A1819)%0A%20%20%20%20at%20http%3A%2F%2Flocalhost%3A8080%2Fbase%2Fnode_modules%2Fjasmine-core%2Flib%2Fjasmine-core%2Fjasmine.js%3F578a1e5ff14db21b04e2d6db7fd0eda37042440c%3A1774%0A%20%20%20%20at%20http%3A%2F%2Flocalhost%3A8080%2Fbase%2Fnode_modules%2Fjasmine-core%2Flib%2Fjasmine-core%2Fjasmine.js%3F578a1e5ff14db21b04e2d6db7fd0eda37042440c%3A1801%0A%20%20%20%20at%20http%3A%2F%2Flocalhost%3A8080%2Fbase%2Fnode_modules%2Fjasmine-core%2Flib%2Fjasmine-core%2Fjasmine.js%3F578a1e5ff14db21b04e2d6db7fd0eda37042440c%3A1745%0A%20%20%20%20at%20http%3A%2F%2Flocalhost%3A8080%2Fbase%2Fnode_modules%2Fjasmine-core%2Flib%2Fjasmine-core%2Fjasmine.js%3F578a1e5ff14db21b04e2d6db7fd0eda37042440c%3A2348%0A%20%20%20%20at%20clearStack%20(http%3A%2F%2Flocalhost%3A8080%2Fbase%2Fnode_modules%2Fjasmine-core%2Flib%2Fjasmine-core%2Fjasmine.js%3F578a1e5ff14db21b04e2d6db7fd0eda37042440c%3A605)%0A%20%20%20%20at%20http%3A%2F%2Flocalhost%3A8080%2Fbase%2Fnode_modules%2Fjasmine-core%2Flib%2Fjasmine-core%2Fjasmine.js%3F578a1e5ff14db21b04e2d6db7fd0eda37042440c%3A1784%0A%20%20%20%20at%20http%3A%2F%2Flocalhost%3A8080%2Fbase%2Fnode_modules%2Fjasmine-core%2Flib%2Fjasmine-core%2Fjasmine.js%3F578a1e5ff14db21b04e2d6db7fd0eda37042440c%3A1762%0A%20%20%20%20at%20http%3A%2F%2Flocalhost%3A8080%2Fbase%2Fnode_modules%2Fjasmine-core%2Flib%2Fjasmine-core%2Fjasmine.js%3F578a1e5ff14db21b04e2d6db7fd0eda37042440c%3A627%0A%20%20%20%20at%20http%3A%2F%2Flocalhost%3A8080%2Fbase%2Fnode_modules%2Fjasmine-core%2Flib%2Fjasmine-core%2Fjasmine.js%3F578a1e5ff14db21b04e2d6db7fd0eda37042440c%3A2354%0A%20%20%20%20at%20attemptAsync%20(http%3A%2F%2Flocalhost%3A8080%2Fbase%2Fnode_modules%2Fjasmine-core%2Flib%2Fjasmine-core%2Fjasmine.js%3F578a1e5ff14db21b04e2d6db7fd0eda37042440c%3A1819)%0A%20%20%20%20at%20http%3A%2F%2Flocalhost%3A8080%2Fbase%2Fnode_modules%2Fjasmine-core%2Flib%2Fjasmine-core%2Fjasmine.js%3F578a1e5ff14db21b04e2d6db7fd0eda37042440c%3A1774%0A%20%20%20%20at%20http%3A%2F%2Flocalhost%3A8080%2Fbase%2Fnode_modules%2Fjasmine-core%2Flib%2Fjasmine-core%2Fjasmine.js%3F578a1e5ff14db21b04e2d6db7fd0eda37042440c%3A1801%0A%20%20%20%20at%20http%3A%2F%2Flocalhost%3A8080%2Fbase%2Fnode_modules%2Fjasmine-core%2Flib%2Fjasmine-core%2Fjasmine.js%3F578a1e5ff14db21b04e2d6db7fd0eda37042440c%3A1745%0A%20%20%20%20at%20http%3A%2F%2Flocalhost%3A8080%2Fbase%2Fnode_modules%2Fjasmine-core%2Flib%2Fjasmine-core%2Fjasmine.js%3F578a1e5ff14db21b04e2d6db7fd0eda37042440c%3A2348%0A%20%20%20%20at%20clearStack%20(http%3A%2F%2Flocalhost%3A8080%2Fbase%2Fnode_modules%2Fjasmine-core%2Flib%2Fjasmine-core%2Fjasmine.js%3F578a1e5ff14db21b04e2d6db7fd0eda37042440c%3A605)%0A%20%20%20%20at%20http%3A%2F%2Flocalhost%3A8080%2Fbase%2Fnode_modules%2Fjasmine-core%2Flib%2Fjasmine-core%2Fjasmine.js%3F578a1e5ff14db21b04e2d6db7fd0eda37042440c%3A1784%0A%20%20%20%20at%20http%3A%2F%2Flocalhost%3A8080%2Fbase%2Fnode_modules%2Fjasmine-core%2Flib%2Fjasmine-core%2Fjasmine.js%3F578a1e5ff14db21b04e2d6db7fd0eda37042440c%3A1762%0A%20%20%20%20at%20http%3A%2F%2Flocalhost%3A8080%2Fbase%2Fnode_modules%2Fjasmine-core%2Flib%2Fjasmine-core%2Fjasmine.js%3F578a1e5ff14db21b04e2d6db7fd0eda37042440c%3A627%0A%20%20%20%20at%20http%3A%2F%2Flocalhost%3A8080%2Fbase%2Fnode_modules%2Fjasmine-core%2Flib%2Fjasmine-core%2Fjasmine.js%3F578a1e5ff14db21b04e2d6db7fd0eda37042440c%3A2354%0A%20%20%20%20at%20attemptAsync%20(http%3A%2F%2Flocalhost%3A8080%2Fbase%2Fnode_modules%2Fjasmine-core%2Flib%2Fjasmine-core%2Fjasmine.js%3F578a1e5ff14db21b04e2d6db7fd0eda37042440c%3A1819)%0A%20%20%20%20at%20http%3A%2F%2Flocalhost%3A8080%2Fbase%2Fnode_modules%2Fjasmine-core%2Flib%2Fjasmine-core%2Fjasmine.js%3F578a1e5ff14db21b04e2d6db7fd0eda37042440c%3A1774%0A%20%20%20%20at%20http%3A%2F%2Flocalhost%3A8080%2Fbase%2Fnode_modules%2Fjasmine-core%2Flib%2Fjasmine-core%2Fjasmine.js%3F578a1e5ff14db21b04e2d6db7fd0eda37042440c%3A1801%0A%20%20%20%20at%20http%3A%2F%2Flocalhost%3A8080%2Fbase%2Fnode_modules%2Fjasmine-core%2Flib%2Fjasmine-core%2Fjasmine.js%3F578a1e5ff14db21b04e2d6db7fd0eda37042440c%3A1745%0A%20%20%20%20at%20http%3A%2F%2Flocalhost%3A8080%2Fbase%2Fnode_modules%2Fjasmine-core%2Flib%2Fjasmine-core%2Fjasmine.js%3F578a1e5ff14db21b04e2d6db7fd0eda37042440c%3A2348%0A%20%20%20%20at%20clearStack%20(http%3A%2F%2Flocalhost%3A8080%2Fbase%2Fnode_modules%2Fjasmine-core%2Flib%2Fjasmine-core%2Fjasmine.js%3F578a1e5ff14db21b04e2d6db7fd0eda37042440c%3A605)%0A%20%20%20%20at%20http%3A%2F%2Flocalhost%3A8080%2Fbase%2Fnode_modules%2Fjasmine-core%2Flib%2Fjasmine-core%2Fjasmine.js%3F578a1e5ff14db21b04e2d6db7fd0eda37042440c%3A1784%0A%20%20%20%20at%20http%3A%2F%2Flocalhost%3A8080%2Fbase%2Fnode_modules%2Fjasmine-core%2Flib%2Fjasmine-core%2Fjasmine.js%3F578a1e5ff14db21b04e2d6db7fd0eda37042440c%3A1762%0A%20%20%20%20at%20http%3A%2F%2Flocalhost%3A8080%2Fbase%2Fnode_modules%2Fjasmine-core%2Flib%2Fjasmine-core%2Fjasmine.js%3F578a1e5ff14db21b04e2d6db7fd0eda37042440c%3A627%0A%20%20%20%20at%20http%3A%2F%2Flocalhost%3A8080%2Fbase%2Fnode_modules%2Fjasmine-core%2Flib%2Fjasmine-core%2Fjasmine.js%3F578a1e5ff14db21b04e2d6db7fd0eda37042440c%3A2354%0A%20%20%20%20at%20attemptAsync%20(http%3A%2F%2Flocalhost%3A8080%2Fbase%2Fnode_modules%2Fjasmine-core%2Flib%2Fjasmine-core%2Fjasmine.js%3F578a1e5ff14db21b04e2d6db7fd0eda37042440c%3A1819)%0A%20%20%20%20at%20http%3A%2F%2Flocalhost%3A8080%2Fbase%2Fnode_modules%2Fjasmine-core%2Flib%2Fjasmine-core%2Fjasmine.js%3F578a1e5ff14db21b04e2d6db7fd0eda37042440c%3A1774%0A%20%20%20%20at%20http%3A%2F%2Flocalhost%3A8080%2Fbase%2Fnode_modules%2Fjasmine-core%2Flib%2Fjasmine-core%2Fjasmine.js%3F578a1e5ff14db21b04e2d6db7fd0eda37042440c%3A1801%0A%20%20%20%20at%20http%3A%2F%2Flocalhost%3A8080%2Fbase%2Fnode_modules%2Fjasmine-core%2Flib%2Fjasmine-core%2Fjasmine.js%3F578a1e5ff14db21b04e2d6db7fd0eda37042440c%3A1745%0A%20%20%20%20at%20http%3A%2F%2Flocalhost%3A8080%2Fbase%2Fnode_modules%2Fjasmine-core%2Flib%2Fjasmine-core%2Fjasmine.js%3F578a1e5ff14db21b04e2d6db7fd0eda37042440c%3A2348%0A%20%20%20%20at%20clearStack%20(http%3A%2F%2Flocalhost%3A8080%2Fbase%2Fnode_modules%2Fjasmine-core%2Flib%2Fjasmine-core%2Fjasmine.js%3F578a1e5ff14db21b04e2d6db7fd0eda37042440c%3A605)%0A%20%20%20%20at%20http%3A%2F%2Flocalhost%3A8080%2Fbase%2Fnode_modules%2Fjasmine-core%2Flib%2Fjasmine-core%2Fjasmine.js%3F578a1e5ff14db21b04e2d6db7fd0eda37042440c%3A1784%0A%20%20%20%20at%20http%3A%2F%2Flocalhost%3A8080%2Fbase%2Fnode_modules%2Fjasmine-core%2Flib%2Fjasmine-core%2Fjasmine.js%3F578a1e5ff14db21b04e2d6db7fd0eda37042440c%3A1762%0A%20%20%20%20at%20http%3A%2F%2Flocalhost%3A8080%2Fbase%2Fnode_modules%2Fjasmine-core%2Flib%2Fjasmine-core%2Fjasmine.js%3F578a1e5ff14db21b04e2d6db7fd0eda37042440c%3A627%0A%20%20%20%20at%20http%3A%2F%2Flocalhost%3A8080%2Fbase%2Fnode_modules%2Fjasmine-core%2Flib%2Fjasmine-core%2Fjasmine.js%3F578a1e5ff14db21b04e2d6db7fd0eda37042440c%3A2354%0A%20%20%20%20at%20attemptAsync%20(http%3A%2F%2Flocalhost%3A8080%2Fbase%2Fnode_modules%2Fjasmine-core%2Flib%2Fjasmine-core%2Fjasmine.js%3F578a1e5ff14db21b04e2d6db7fd0eda37042440c%3A1819)%0A%20%20%20%20at%20http%3A%2F%2Flocalhost%3A8080%2Fbase%2Fnode_modules%2Fjasmine-core%2Flib%2Fjasmine-core%2Fjasmine.js%3F578a1e5ff14db21b04e2d6db7fd0eda37042440c%3A1774%0A%20%20%20%20at%20http%3A%2F%2Flocalhost%3A8080%2Fbase%2Fnode_modules%2Fjasmine-core%2Flib%2Fjasmine-core%2Fjasmine.js%3F578a1e5ff14db21b04e2d6db7fd0eda37042440c%3A1801%0A%20%20%20%20at%20http%3A%2F%2Flocalhost%3A8080%2Fbase%2Fnode_modules%2Fjasmine-core%2Flib%2Fjasmine-core%2Fjasmine.js%3F578a1e5ff14db21b04e2d6db7fd0eda37042440c%3A1745%0A%20%20%20%20at%20http%3A%2F%2Flocalhost%3A8080%2Fbase%2Fnode_modules%2Fjasmine-core%2Flib%2Fjasmine-core%2Fjasmine.js%3F578a1e5ff14db21b04e2d6db7fd0eda37042440c%3A2348%0A%20%20%20%20at%20clearStack%20(http%3A%2F%2Flocalhost%3A8080%2Fbase%2Fnode_modules%2Fjasmine-core%2Flib%2Fjasmine-core%2Fjasmine.js%3F578a1e5ff14db21b04e2d6db7fd0eda37042440c%3A605)%0A%20%20%20%20at%20http%3A%2F%2Flocalhost%3A8080%2Fbase%2Fnode_modules%2Fjasmine-core%2Flib%2Fjasmine-core%2Fjasmine.js%3F578a1e5ff14db21b04e2d6db7fd0eda37042440c%3A1784%0A%20%20%20%20at%20http%3A%2F%2Flocalhost%3A8080%2Fbase%2Fnode_modules%2Fjasmine-core%2Flib%2Fjasmine-core%2Fjasmine.js%3F578a1e5ff14db21b04e2d6db7fd0eda37042440c%3A1762%0A%20%20%20%20at%20http%3A%2F%2Flocalhost%3A8080%2Fbase%2Fnode_modules%2Fjasmine-core%2Flib%2Fjasmine-core%2Fjasmine.js%3F578a1e5ff14db21b04e2d6db7fd0eda37042440c%3A627%0A%20%20%20%20at%20http%3A%2F%2Flocalhost%3A8080%2Fbase%2Fnode_modules%2Fjasmine-core%2Flib%2Fjasmine-core%2Fjasmine.js%3F578a1e5ff14db21b04e2d6db7fd0eda37042440c%3A2354%0A%20%20%20%20at%20attemptAsync%20(http%3A%2F%2Flocalhost%3A8080%2Fbase%2Fnode_modules%2Fjasmine-core%2Flib%2Fjasmine-core%2Fjasmine.js%3F578a1e5ff14db21b04e2d6db7fd0eda37042440c%3A1819)%0A%20%20%20%20at%20http%3A%2F%2Flocalhost%3A8080%2Fbase%2Fnode_modules%2Fjasmine-core%2Flib%2Fjasmine-core%2Fjasmine.js%3F578a1e5ff14db21b04e2d6db7fd0eda37042440c%3A1774%0A%20%20%20%20at%20http%3A%2F%2Flocalhost%3A8080%2Fbase%2Fnode_modules%2Fjasmine-core%2Flib%2Fjasmine-core%2Fjasmine.js%3F578a1e5ff14db21b04e2d6db7fd0eda37042440c%3A1762%0A%20%20%20%20at%20http%3A%2F%2Flocalhost%3A8080%2Fbase%2Fnode_modules%2Fjasmine-core%2Flib%2Fjasmine-core%2Fjasmine.js%3F578a1e5ff14db21b04e2d6db7fd0eda37042440c%3A627%0A%20%20%20%20at%20http%3A%2F%2Flocalhost%3A8080%2Fbase%2Fnode_modules%2Fjasmine-core%2Flib%2Fjasmine-core%2Fjasmine.js%3F578a1e5ff14db21b04e2d6db7fd0eda37042440c%3A2215%0A%20%20%20%20at%20http%3A%2F%2Flocalhost%3A8080%2Fbase%2Fnode_modules%2Fjasmine-core%2Flib%2Fjasmine-core%2Fjasmine.js%3F578a1e5ff14db21b04e2d6db7fd0eda37042440c%3A678%0A%20%20%20%20at%20http%3A%2F%2Flocalhost%3A8080%2Fbase%2Fnode_modules%2Fkarma-jasmine%2Flib%2Fadapter.js%3F0a69ad1fa10cc8be0a12b241227d3b834f82db4f%3A317%0A%20%20%20%20at%20http%3A%2F%2Flocalhost%3A8080%2Fkarma.js%3A185%0A%20%20%20%20at%20http%3A%2F%2Flocalhost%3A8080%2Fcontext.html%3A127
    at C:/dev/MedExplorer/src/client/app/vendor/angular/angular.js:4379
    at forEach (C:/dev/MedExplorer/src/client/app/vendor/angular/angular.js:336)
    at loadModules (C:/dev/MedExplorer/src/client/app/vendor/angular/angular.js:4381)
    at createInjector (C:/dev/MedExplorer/src/client/app/vendor/angular/angular.js:4265)
    at workFn (C:/dev/MedExplorer/src/client/app/vendor/angular-mocks/angular-mocks.js:2409)
</failure>
      <failure type="">TypeError: &apos;undefined&apos; is not a function (evaluating &apos;titlePreserveUpper(&apos;this is a testTitle&apos;)&apos;)
    at C:/dev/MedExplorer/src/client/test/spec/filters/capitalizationTest.js:45
</failure>
    </testcase>
    <testcase name="has a mmddyyyy_slashes date filter" time="0.069" classname="PhantomJS 1.9.8 (Windows 7 0.0.0).Filter: date">
      <failure type="">Error: [$injector:modulerr] Failed to instantiate module MedExplorer due to:
Error: [$injector:modulerr] Failed to instantiate module ui.bootstrap due to:
Error: [$injector:nomod] Module &apos;ui.bootstrap&apos; is not available! You either misspelled the module name or forgot to load it. If registering a module ensure that you specify the dependencies as the second argument.
http://errors.angularjs.org/1.4.1/$injector/nomod?p0=ui.bootstrap
    at C:/dev/MedExplorer/src/client/app/vendor/angular/angular.js:1951
    at ensure (C:/dev/MedExplorer/src/client/app/vendor/angular/angular.js:1873)
    at module (C:/dev/MedExplorer/src/client/app/vendor/angular/angular.js:2201)
    at C:/dev/MedExplorer/src/client/app/vendor/angular/angular.js:4355
    at forEach (C:/dev/MedExplorer/src/client/app/vendor/angular/angular.js:336)
    at loadModules (C:/dev/MedExplorer/src/client/app/vendor/angular/angular.js:4381)
    at C:/dev/MedExplorer/src/client/app/vendor/angular/angular.js:4356
    at forEach (C:/dev/MedExplorer/src/client/app/vendor/angular/angular.js:336)
    at loadModules (C:/dev/MedExplorer/src/client/app/vendor/angular/angular.js:4381)
    at createInjector (C:/dev/MedExplorer/src/client/app/vendor/angular/angular.js:4265)
    at workFn (C:/dev/MedExplorer/src/client/app/vendor/angular-mocks/angular-mocks.js:2409)
http://errors.angularjs.org/1.4.1/$injector/modulerr?p0=ui.bootstrap&amp;p1=Error%3A%20%5B%24injector%3Anomod%5D%20Module%20&apos;ui.bootstrap&apos;%20is%20not%20available!%20You%20either%20misspelled%20the%20module%20name%20or%20forgot%20to%20load%20it.%20If%20registering%20a%20module%20ensure%20that%20you%20specify%20the%20dependencies%20as%20the%20second%20argument.%0Ahttp%3A%2F%2Ferrors.angularjs.org%2F1.4.1%2F%24injector%2Fnomod%3Fp0%3Dui.bootstrap%0A%20%20%20%20at%20http%3A%2F%2Flocalhost%3A8080%2Fbase%2Fapp%2Fvendor%2Fangular%2Fangular.js%3F9d140432f81858ac1e7888708720d419d147ffa9%3A1951%0A%20%20%20%20at%20ensure%20(http%3A%2F%2Flocalhost%3A8080%2Fbase%2Fapp%2Fvendor%2Fangular%2Fangular.js%3F9d140432f81858ac1e7888708720d419d147ffa9%3A1873)%0A%20%20%20%20at%20module%20(http%3A%2F%2Flocalhost%3A8080%2Fbase%2Fapp%2Fvendor%2Fangular%2Fangular.js%3F9d140432f81858ac1e7888708720d419d147ffa9%3A2201)%0A%20%20%20%20at%20http%3A%2F%2Flocalhost%3A8080%2Fbase%2Fapp%2Fvendor%2Fangular%2Fangular.js%3F9d140432f81858ac1e7888708720d419d147ffa9%3A4355%0A%20%20%20%20at%20forEach%20(http%3A%2F%2Flocalhost%3A8080%2Fbase%2Fapp%2Fvendor%2Fangular%2Fangular.js%3F9d140432f81858ac1e7888708720d419d147ffa9%3A336)%0A%20%20%20%20at%20loadModules%20(http%3A%2F%2Flocalhost%3A8080%2Fbase%2Fapp%2Fvendor%2Fangular%2Fangular.js%3F9d140432f81858ac1e7888708720d419d147ffa9%3A4381)%0A%20%20%20%20at%20http%3A%2F%2Flocalhost%3A8080%2Fbase%2Fapp%2Fvendor%2Fangular%2Fangular.js%3F9d140432f81858ac1e7888708720d419d147ffa9%3A4356%0A%20%20%20%20at%20forEach%20(http%3A%2F%2Flocalhost%3A8080%2Fbase%2Fapp%2Fvendor%2Fangular%2Fangular.js%3F9d140432f81858ac1e7888708720d419d147ffa9%3A336)%0A%20%20%20%20at%20loadModules%20(http%3A%2F%2Flocalhost%3A8080%2Fbase%2Fapp%2Fvendor%2Fangular%2Fangular.js%3F9d140432f81858ac1e7888708720d419d147ffa9%3A4381)%0A%20%20%20%20at%20createInjector%20(http%3A%2F%2Flocalhost%3A8080%2Fbase%2Fapp%2Fvendor%2Fangular%2Fangular.js%3F9d140432f81858ac1e7888708720d419d147ffa9%3A4265)%0A%20%20%20%20at%20workFn%20(http%3A%2F%2Flocalhost%3A8080%2Fbase%2Fapp%2Fvendor%2Fangular-mocks%2Fangular-mocks.js%3F6fe041cc8bb7a17f894cb12d8b0d44b12644f10a%3A2409)%0A%20%20%20%20at%20attemptSync%20(http%3A%2F%2Flocalhost%3A8080%2Fbase%2Fnode_modules%2Fjasmine-core%2Flib%2Fjasmine-core%2Fjasmine.js%3F578a1e5ff14db21b04e2d6db7fd0eda37042440c%3A1789)%0A%20%20%20%20at%20http%3A%2F%2Flocalhost%3A8080%2Fbase%2Fnode_modules%2Fjasmine-core%2Flib%2Fjasmine-core%2Fjasmine.js%3F578a1e5ff14db21b04e2d6db7fd0eda37042440c%3A1777%0A%20%20%20%20at%20http%3A%2F%2Flocalhost%3A8080%2Fbase%2Fnode_modules%2Fjasmine-core%2Flib%2Fjasmine-core%2Fjasmine.js%3F578a1e5ff14db21b04e2d6db7fd0eda37042440c%3A1762%0A%20%20%20%20at%20http%3A%2F%2Flocalhost%3A8080%2Fbase%2Fnode_modules%2Fjasmine-core%2Flib%2Fjasmine-core%2Fjasmine.js%3F578a1e5ff14db21b04e2d6db7fd0eda37042440c%3A627%0A%20%20%20%20at%20http%3A%2F%2Flocalhost%3A8080%2Fbase%2Fnode_modules%2Fjasmine-core%2Flib%2Fjasmine-core%2Fjasmine.js%3F578a1e5ff14db21b04e2d6db7fd0eda37042440c%3A357%0A%20%20%20%20at%20http%3A%2F%2Flocalhost%3A8080%2Fbase%2Fnode_modules%2Fjasmine-core%2Flib%2Fjasmine-core%2Fjasmine.js%3F578a1e5ff14db21b04e2d6db7fd0eda37042440c%3A2360%0A%20%20%20%20at%20attemptAsync%20(http%3A%2F%2Flocalhost%3A8080%2Fbase%2Fnode_modules%2Fjasmine-core%2Flib%2Fjasmine-core%2Fjasmine.js%3F578a1e5ff14db21b04e2d6db7fd0eda37042440c%3A1819)%0A%20%20%20%20at%20http%3A%2F%2Flocalhost%3A8080%2Fbase%2Fnode_modules%2Fjasmine-core%2Flib%2Fjasmine-core%2Fjasmine.js%3F578a1e5ff14db21b04e2d6db7fd0eda37042440c%3A1774%0A%20%20%20%20at%20http%3A%2F%2Flocalhost%3A8080%2Fbase%2Fnode_modules%2Fjasmine-core%2Flib%2Fjasmine-core%2Fjasmine.js%3F578a1e5ff14db21b04e2d6db7fd0eda37042440c%3A1762%0A%20%20%20%20at%20http%3A%2F%2Flocalhost%3A8080%2Fbase%2Fnode_modules%2Fjasmine-core%2Flib%2Fjasmine-core%2Fjasmine.js%3F578a1e5ff14db21b04e2d6db7fd0eda37042440c%3A627%0A%20%20%20%20at%20http%3A%2F%2Flocalhost%3A8080%2Fbase%2Fnode_modules%2Fjasmine-core%2Flib%2Fjasmine-core%2Fjasmine.js%3F578a1e5ff14db21b04e2d6db7fd0eda37042440c%3A2354%0A%20%20%20%20at%20attemptAsync%20(http%3A%2F%2Flocalhost%3A8080%2Fbase%2Fnode_modules%2Fjasmine-core%2Flib%2Fjasmine-core%2Fjasmine.js%3F578a1e5ff14db21b04e2d6db7fd0eda37042440c%3A1819)%0A%20%20%20%20at%20http%3A%2F%2Flocalhost%3A8080%2Fbase%2Fnode_modules%2Fjasmine-core%2Flib%2Fjasmine-core%2Fjasmine.js%3F578a1e5ff14db21b04e2d6db7fd0eda37042440c%3A1774%0A%20%20%20%20at%20http%3A%2F%2Flocalhost%3A8080%2Fbase%2Fnode_modules%2Fjasmine-core%2Flib%2Fjasmine-core%2Fjasmine.js%3F578a1e5ff14db21b04e2d6db7fd0eda37042440c%3A1801%0A%20%20%20%20at%20http%3A%2F%2Flocalhost%3A8080%2Fbase%2Fnode_modules%2Fjasmine-core%2Flib%2Fjasmine-core%2Fjasmine.js%3F578a1e5ff14db21b04e2d6db7fd0eda37042440c%3A1745%0A%20%20%20%20at%20http%3A%2F%2Flocalhost%3A8080%2Fbase%2Fnode_modules%2Fjasmine-core%2Flib%2Fjasmine-core%2Fjasmine.js%3F578a1e5ff14db21b04e2d6db7fd0eda37042440c%3A2348%0A%20%20%20%20at%20clearStack%20(http%3A%2F%2Flocalhost%3A8080%2Fbase%2Fnode_modules%2Fjasmine-core%2Flib%2Fjasmine-core%2Fjasmine.js%3F578a1e5ff14db21b04e2d6db7fd0eda37042440c%3A605)%0A%20%20%20%20at%20http%3A%2F%2Flocalhost%3A8080%2Fbase%2Fnode_modules%2Fjasmine-core%2Flib%2Fjasmine-core%2Fjasmine.js%3F578a1e5ff14db21b04e2d6db7fd0eda37042440c%3A1784%0A%20%20%20%20at%20http%3A%2F%2Flocalhost%3A8080%2Fbase%2Fnode_modules%2Fjasmine-core%2Flib%2Fjasmine-core%2Fjasmine.js%3F578a1e5ff14db21b04e2d6db7fd0eda37042440c%3A1801%0A%20%20%20%20at%20http%3A%2F%2Flocalhost%3A8080%2Fbase%2Fnode_modules%2Fjasmine-core%2Flib%2Fjasmine-core%2Fjasmine.js%3F578a1e5ff14db21b04e2d6db7fd0eda37042440c%3A1745%0A%20%20%20%20at%20complete%20(http%3A%2F%2Flocalhost%3A8080%2Fbase%2Fnode_modules%2Fjasmine-core%2Flib%2Fjasmine-core%2Fjasmine.js%3F578a1e5ff14db21b04e2d6db7fd0eda37042440c%3A365)%0A%20%20%20%20at%20clearStack%20(http%3A%2F%2Flocalhost%3A8080%2Fbase%2Fnode_modules%2Fjasmine-core%2Flib%2Fjasmine-core%2Fjasmine.js%3F578a1e5ff14db21b04e2d6db7fd0eda37042440c%3A605)%0A%20%20%20%20at%20http%3A%2F%2Flocalhost%3A8080%2Fbase%2Fnode_modules%2Fjasmine-core%2Flib%2Fjasmine-core%2Fjasmine.js%3F578a1e5ff14db21b04e2d6db7fd0eda37042440c%3A1784%0A%20%20%20%20at%20http%3A%2F%2Flocalhost%3A8080%2Fbase%2Fnode_modules%2Fjasmine-core%2Flib%2Fjasmine-core%2Fjasmine.js%3F578a1e5ff14db21b04e2d6db7fd0eda37042440c%3A1762%0A%20%20%20%20at%20http%3A%2F%2Flocalhost%3A8080%2Fbase%2Fnode_modules%2Fjasmine-core%2Flib%2Fjasmine-core%2Fjasmine.js%3F578a1e5ff14db21b04e2d6db7fd0eda37042440c%3A627%0A%20%20%20%20at%20http%3A%2F%2Flocalhost%3A8080%2Fbase%2Fnode_modules%2Fjasmine-core%2Flib%2Fjasmine-core%2Fjasmine.js%3F578a1e5ff14db21b04e2d6db7fd0eda37042440c%3A357%0A%20%20%20%20at%20http%3A%2F%2Flocalhost%3A8080%2Fbase%2Fnode_modules%2Fjasmine-core%2Flib%2Fjasmine-core%2Fjasmine.js%3F578a1e5ff14db21b04e2d6db7fd0eda37042440c%3A2360%0A%20%20%20%20at%20attemptAsync%20(http%3A%2F%2Flocalhost%3A8080%2Fbase%2Fnode_modules%2Fjasmine-core%2Flib%2Fjasmine-core%2Fjasmine.js%3F578a1e5ff14db21b04e2d6db7fd0eda37042440c%3A1819)%0A%20%20%20%20at%20http%3A%2F%2Flocalhost%3A8080%2Fbase%2Fnode_modules%2Fjasmine-core%2Flib%2Fjasmine-core%2Fjasmine.js%3F578a1e5ff14db21b04e2d6db7fd0eda37042440c%3A1774%0A%20%20%20%20at%20http%3A%2F%2Flocalhost%3A8080%2Fbase%2Fnode_modules%2Fjasmine-core%2Flib%2Fjasmine-core%2Fjasmine.js%3F578a1e5ff14db21b04e2d6db7fd0eda37042440c%3A1801%0A%20%20%20%20at%20http%3A%2F%2Flocalhost%3A8080%2Fbase%2Fnode_modules%2Fjasmine-core%2Flib%2Fjasmine-core%2Fjasmine.js%3F578a1e5ff14db21b04e2d6db7fd0eda37042440c%3A1745%0A%20%20%20%20at%20complete%20(http%3A%2F%2Flocalhost%3A8080%2Fbase%2Fnode_modules%2Fjasmine-core%2Flib%2Fjasmine-core%2Fjasmine.js%3F578a1e5ff14db21b04e2d6db7fd0eda37042440c%3A365)%0A%20%20%20%20at%20clearStack%20(http%3A%2F%2Flocalhost%3A8080%2Fbase%2Fnode_modules%2Fjasmine-core%2Flib%2Fjasmine-core%2Fjasmine.js%3F578a1e5ff14db21b04e2d6db7fd0eda37042440c%3A605)%0A%20%20%20%20at%20http%3A%2F%2Flocalhost%3A8080%2Fbase%2Fnode_modules%2Fjasmine-core%2Flib%2Fjasmine-core%2Fjasmine.js%3F578a1e5ff14db21b04e2d6db7fd0eda37042440c%3A1784%0A%20%20%20%20at%20http%3A%2F%2Flocalhost%3A8080%2Fbase%2Fnode_modules%2Fjasmine-core%2Flib%2Fjasmine-core%2Fjasmine.js%3F578a1e5ff14db21b04e2d6db7fd0eda37042440c%3A1762%0A%20%20%20%20at%20http%3A%2F%2Flocalhost%3A8080%2Fbase%2Fnode_modules%2Fjasmine-core%2Flib%2Fjasmine-core%2Fjasmine.js%3F578a1e5ff14db21b04e2d6db7fd0eda37042440c%3A627%0A%20%20%20%20at%20http%3A%2F%2Flocalhost%3A8080%2Fbase%2Fnode_modules%2Fjasmine-core%2Flib%2Fjasmine-core%2Fjasmine.js%3F578a1e5ff14db21b04e2d6db7fd0eda37042440c%3A357%0A%20%20%20%20at%20http%3A%2F%2Flocalhost%3A8080%2Fbase%2Fnode_modules%2Fjasmine-core%2Flib%2Fjasmine-core%2Fjasmine.js%3F578a1e5ff14db21b04e2d6db7fd0eda37042440c%3A2360%0A%20%20%20%20at%20attemptAsync%20(http%3A%2F%2Flocalhost%3A8080%2Fbase%2Fnode_modules%2Fjasmine-core%2Flib%2Fjasmine-core%2Fjasmine.js%3F578a1e5ff14db21b04e2d6db7fd0eda37042440c%3A1819)%0A%20%20%20%20at%20http%3A%2F%2Flocalhost%3A8080%2Fbase%2Fnode_modules%2Fjasmine-core%2Flib%2Fjasmine-core%2Fjasmine.js%3F578a1e5ff14db21b04e2d6db7fd0eda37042440c%3A1774%0A%20%20%20%20at%20http%3A%2F%2Flocalhost%3A8080%2Fbase%2Fnode_modules%2Fjasmine-core%2Flib%2Fjasmine-core%2Fjasmine.js%3F578a1e5ff14db21b04e2d6db7fd0eda37042440c%3A1801%0A%20%20%20%20at%20http%3A%2F%2Flocalhost%3A8080%2Fbase%2Fnode_modules%2Fjasmine-core%2Flib%2Fjasmine-core%2Fjasmine.js%3F578a1e5ff14db21b04e2d6db7fd0eda37042440c%3A1745%0A%20%20%20%20at%20complete%20(http%3A%2F%2Flocalhost%3A8080%2Fbase%2Fnode_modules%2Fjasmine-core%2Flib%2Fjasmine-core%2Fjasmine.js%3F578a1e5ff14db21b04e2d6db7fd0eda37042440c%3A365)%0A%20%20%20%20at%20clearStack%20(http%3A%2F%2Flocalhost%3A8080%2Fbase%2Fnode_modules%2Fjasmine-core%2Flib%2Fjasmine-core%2Fjasmine.js%3F578a1e5ff14db21b04e2d6db7fd0eda37042440c%3A605)%0A%20%20%20%20at%20http%3A%2F%2Flocalhost%3A8080%2Fbase%2Fnode_modules%2Fjasmine-core%2Flib%2Fjasmine-core%2Fjasmine.js%3F578a1e5ff14db21b04e2d6db7fd0eda37042440c%3A1784%0A%20%20%20%20at%20http%3A%2F%2Flocalhost%3A8080%2Fbase%2Fnode_modules%2Fjasmine-core%2Flib%2Fjasmine-core%2Fjasmine.js%3F578a1e5ff14db21b04e2d6db7fd0eda37042440c%3A1762%0A%20%20%20%20at%20http%3A%2F%2Flocalhost%3A8080%2Fbase%2Fnode_modules%2Fjasmine-core%2Flib%2Fjasmine-core%2Fjasmine.js%3F578a1e5ff14db21b04e2d6db7fd0eda37042440c%3A627%0A%20%20%20%20at%20http%3A%2F%2Flocalhost%3A8080%2Fbase%2Fnode_modules%2Fjasmine-core%2Flib%2Fjasmine-core%2Fjasmine.js%3F578a1e5ff14db21b04e2d6db7fd0eda37042440c%3A357%0A%20%20%20%20at%20http%3A%2F%2Flocalhost%3A8080%2Fbase%2Fnode_modules%2Fjasmine-core%2Flib%2Fjasmine-core%2Fjasmine.js%3F578a1e5ff14db21b04e2d6db7fd0eda37042440c%3A2360%0A%20%20%20%20at%20attemptAsync%20(http%3A%2F%2Flocalhost%3A8080%2Fbase%2Fnode_modules%2Fjasmine-core%2Flib%2Fjasmine-core%2Fjasmine.js%3F578a1e5ff14db21b04e2d6db7fd0eda37042440c%3A1819)%0A%20%20%20%20at%20http%3A%2F%2Flocalhost%3A8080%2Fbase%2Fnode_modules%2Fjasmine-core%2Flib%2Fjasmine-core%2Fjasmine.js%3F578a1e5ff14db21b04e2d6db7fd0eda37042440c%3A1774%0A%20%20%20%20at%20http%3A%2F%2Flocalhost%3A8080%2Fbase%2Fnode_modules%2Fjasmine-core%2Flib%2Fjasmine-core%2Fjasmine.js%3F578a1e5ff14db21b04e2d6db7fd0eda37042440c%3A1801%0A%20%20%20%20at%20http%3A%2F%2Flocalhost%3A8080%2Fbase%2Fnode_modules%2Fjasmine-core%2Flib%2Fjasmine-core%2Fjasmine.js%3F578a1e5ff14db21b04e2d6db7fd0eda37042440c%3A1745%0A%20%20%20%20at%20complete%20(http%3A%2F%2Flocalhost%3A8080%2Fbase%2Fnode_modules%2Fjasmine-core%2Flib%2Fjasmine-core%2Fjasmine.js%3F578a1e5ff14db21b04e2d6db7fd0eda37042440c%3A365)%0A%20%20%20%20at%20clearStack%20(http%3A%2F%2Flocalhost%3A8080%2Fbase%2Fnode_modules%2Fjasmine-core%2Flib%2Fjasmine-core%2Fjasmine.js%3F578a1e5ff14db21b04e2d6db7fd0eda37042440c%3A605)%0A%20%20%20%20at%20http%3A%2F%2Flocalhost%3A8080%2Fbase%2Fnode_modules%2Fjasmine-core%2Flib%2Fjasmine-core%2Fjasmine.js%3F578a1e5ff14db21b04e2d6db7fd0eda37042440c%3A1784%0A%20%20%20%20at%20http%3A%2F%2Flocalhost%3A8080%2Fbase%2Fnode_modules%2Fjasmine-core%2Flib%2Fjasmine-core%2Fjasmine.js%3F578a1e5ff14db21b04e2d6db7fd0eda37042440c%3A1762%0A%20%20%20%20at%20http%3A%2F%2Flocalhost%3A8080%2Fbase%2Fnode_modules%2Fjasmine-core%2Flib%2Fjasmine-core%2Fjasmine.js%3F578a1e5ff14db21b04e2d6db7fd0eda37042440c%3A627%0A%20%20%20%20at%20http%3A%2F%2Flocalhost%3A8080%2Fbase%2Fnode_modules%2Fjasmine-core%2Flib%2Fjasmine-core%2Fjasmine.js%3F578a1e5ff14db21b04e2d6db7fd0eda37042440c%3A357%0A%20%20%20%20at%20http%3A%2F%2Flocalhost%3A8080%2Fbase%2Fnode_modules%2Fjasmine-core%2Flib%2Fjasmine-core%2Fjasmine.js%3F578a1e5ff14db21b04e2d6db7fd0eda37042440c%3A2360%0A%20%20%20%20at%20attemptAsync%20(http%3A%2F%2Flocalhost%3A8080%2Fbase%2Fnode_modules%2Fjasmine-core%2Flib%2Fjasmine-core%2Fjasmine.js%3F578a1e5ff14db21b04e2d6db7fd0eda37042440c%3A1819)%0A%20%20%20%20at%20http%3A%2F%2Flocalhost%3A8080%2Fbase%2Fnode_modules%2Fjasmine-core%2Flib%2Fjasmine-core%2Fjasmine.js%3F578a1e5ff14db21b04e2d6db7fd0eda37042440c%3A1774%0A%20%20%20%20at%20http%3A%2F%2Flocalhost%3A8080%2Fbase%2Fnode_modules%2Fjasmine-core%2Flib%2Fjasmine-core%2Fjasmine.js%3F578a1e5ff14db21b04e2d6db7fd0eda37042440c%3A1801%0A%20%20%20%20at%20http%3A%2F%2Flocalhost%3A8080%2Fbase%2Fnode_modules%2Fjasmine-core%2Flib%2Fjasmine-core%2Fjasmine.js%3F578a1e5ff14db21b04e2d6db7fd0eda37042440c%3A1745%0A%20%20%20%20at%20complete%20(http%3A%2F%2Flocalhost%3A8080%2Fbase%2Fnode_modules%2Fjasmine-core%2Flib%2Fjasmine-core%2Fjasmine.js%3F578a1e5ff14db21b04e2d6db7fd0eda37042440c%3A365)%0A%20%20%20%20at%20clearStack%20(http%3A%2F%2Flocalhost%3A8080%2Fbase%2Fnode_modules%2Fjasmine-core%2Flib%2Fjasmine-core%2Fjasmine.js%3F578a1e5ff14db21b04e2d6db7fd0eda37042440c%3A605)%0A%20%20%20%20at%20http%3A%2F%2Flocalhost%3A8080%2Fbase%2Fnode_modules%2Fjasmine-core%2Flib%2Fjasmine-core%2Fjasmine.js%3F578a1e5ff14db21b04e2d6db7fd0eda37042440c%3A1784%0A%20%20%20%20at%20http%3A%2F%2Flocalhost%3A8080%2Fbase%2Fnode_modules%2Fjasmine-core%2Flib%2Fjasmine-core%2Fjasmine.js%3F578a1e5ff14db21b04e2d6db7fd0eda37042440c%3A1762%0A%20%20%20%20at%20http%3A%2F%2Flocalhost%3A8080%2Fbase%2Fnode_modules%2Fjasmine-core%2Flib%2Fjasmine-core%2Fjasmine.js%3F578a1e5ff14db21b04e2d6db7fd0eda37042440c%3A627%0A%20%20%20%20at%20http%3A%2F%2Flocalhost%3A8080%2Fbase%2Fnode_modules%2Fjasmine-core%2Flib%2Fjasmine-core%2Fjasmine.js%3F578a1e5ff14db21b04e2d6db7fd0eda37042440c%3A357%0A%20%20%20%20at%20http%3A%2F%2Flocalhost%3A8080%2Fbase%2Fnode_modules%2Fjasmine-core%2Flib%2Fjasmine-core%2Fjasmine.js%3F578a1e5ff14db21b04e2d6db7fd0eda37042440c%3A2360%0A%20%20%20%20at%20attemptAsync%20(http%3A%2F%2Flocalhost%3A8080%2Fbase%2Fnode_modules%2Fjasmine-core%2Flib%2Fjasmine-core%2Fjasmine.js%3F578a1e5ff14db21b04e2d6db7fd0eda37042440c%3A1819)%0A%20%20%20%20at%20http%3A%2F%2Flocalhost%3A8080%2Fbase%2Fnode_modules%2Fjasmine-core%2Flib%2Fjasmine-core%2Fjasmine.js%3F578a1e5ff14db21b04e2d6db7fd0eda37042440c%3A1774%0A%20%20%20%20at%20http%3A%2F%2Flocalhost%3A8080%2Fbase%2Fnode_modules%2Fjasmine-core%2Flib%2Fjasmine-core%2Fjasmine.js%3F578a1e5ff14db21b04e2d6db7fd0eda37042440c%3A1801%0A%20%20%20%20at%20http%3A%2F%2Flocalhost%3A8080%2Fbase%2Fnode_modules%2Fjasmine-core%2Flib%2Fjasmine-core%2Fjasmine.js%3F578a1e5ff14db21b04e2d6db7fd0eda37042440c%3A1745%0A%20%20%20%20at%20complete%20(http%3A%2F%2Flocalhost%3A8080%2Fbase%2Fnode_modules%2Fjasmine-core%2Flib%2Fjasmine-core%2Fjasmine.js%3F578a1e5ff14db21b04e2d6db7fd0eda37042440c%3A365)%0A%20%20%20%20at%20clearStack%20(http%3A%2F%2Flocalhost%3A8080%2Fbase%2Fnode_modules%2Fjasmine-core%2Flib%2Fjasmine-core%2Fjasmine.js%3F578a1e5ff14db21b04e2d6db7fd0eda37042440c%3A605)%0A%20%20%20%20at%20http%3A%2F%2Flocalhost%3A8080%2Fbase%2Fnode_modules%2Fjasmine-core%2Flib%2Fjasmine-core%2Fjasmine.js%3F578a1e5ff14db21b04e2d6db7fd0eda37042440c%3A1784%0A%20%20%20%20at%20http%3A%2F%2Flocalhost%3A8080%2Fbase%2Fnode_modules%2Fjasmine-core%2Flib%2Fjasmine-core%2Fjasmine.js%3F578a1e5ff14db21b04e2d6db7fd0eda37042440c%3A1762%0A%20%20%20%20at%20http%3A%2F%2Flocalhost%3A8080%2Fbase%2Fnode_modules%2Fjasmine-core%2Flib%2Fjasmine-core%2Fjasmine.js%3F578a1e5ff14db21b04e2d6db7fd0eda37042440c%3A627%0A%20%20%20%20at%20http%3A%2F%2Flocalhost%3A8080%2Fbase%2Fnode_modules%2Fjasmine-core%2Flib%2Fjasmine-core%2Fjasmine.js%3F578a1e5ff14db21b04e2d6db7fd0eda37042440c%3A357%0A%20%20%20%20at%20http%3A%2F%2Flocalhost%3A8080%2Fbase%2Fnode_modules%2Fjasmine-core%2Flib%2Fjasmine-core%2Fjasmine.js%3F578a1e5ff14db21b04e2d6db7fd0eda37042440c%3A2360%0A%20%20%20%20at%20attemptAsync%20(http%3A%2F%2Flocalhost%3A8080%2Fbase%2Fnode_modules%2Fjasmine-core%2Flib%2Fjasmine-core%2Fjasmine.js%3F578a1e5ff14db21b04e2d6db7fd0eda37042440c%3A1819)%0A%20%20%20%20at%20http%3A%2F%2Flocalhost%3A8080%2Fbase%2Fnode_modules%2Fjasmine-core%2Flib%2Fjasmine-core%2Fjasmine.js%3F578a1e5ff14db21b04e2d6db7fd0eda37042440c%3A1774%0A%20%20%20%20at%20http%3A%2F%2Flocalhost%3A8080%2Fbase%2Fnode_modules%2Fjasmine-core%2Flib%2Fjasmine-core%2Fjasmine.js%3F578a1e5ff14db21b04e2d6db7fd0eda37042440c%3A1762%0A%20%20%20%20at%20http%3A%2F%2Flocalhost%3A8080%2Fbase%2Fnode_modules%2Fjasmine-core%2Flib%2Fjasmine-core%2Fjasmine.js%3F578a1e5ff14db21b04e2d6db7fd0eda37042440c%3A627%0A%20%20%20%20at%20http%3A%2F%2Flocalhost%3A8080%2Fbase%2Fnode_modules%2Fjasmine-core%2Flib%2Fjasmine-core%2Fjasmine.js%3F578a1e5ff14db21b04e2d6db7fd0eda37042440c%3A2354%0A%20%20%20%20at%20attemptAsync%20(http%3A%2F%2Flocalhost%3A8080%2Fbase%2Fnode_modules%2Fjasmine-core%2Flib%2Fjasmine-core%2Fjasmine.js%3F578a1e5ff14db21b04e2d6db7fd0eda37042440c%3A1819)%0A%20%20%20%20at%20http%3A%2F%2Flocalhost%3A8080%2Fbase%2Fnode_modules%2Fjasmine-core%2Flib%2Fjasmine-core%2Fjasmine.js%3F578a1e5ff14db21b04e2d6db7fd0eda37042440c%3A1774%0A%20%20%20%20at%20http%3A%2F%2Flocalhost%3A8080%2Fbase%2Fnode_modules%2Fjasmine-core%2Flib%2Fjasmine-core%2Fjasmine.js%3F578a1e5ff14db21b04e2d6db7fd0eda37042440c%3A1801%0A%20%20%20%20at%20http%3A%2F%2Flocalhost%3A8080%2Fbase%2Fnode_modules%2Fjasmine-core%2Flib%2Fjasmine-core%2Fjasmine.js%3F578a1e5ff14db21b04e2d6db7fd0eda37042440c%3A1745%0A%20%20%20%20at%20http%3A%2F%2Flocalhost%3A8080%2Fbase%2Fnode_modules%2Fjasmine-core%2Flib%2Fjasmine-core%2Fjasmine.js%3F578a1e5ff14db21b04e2d6db7fd0eda37042440c%3A2348%0A%20%20%20%20at%20clearStack%20(http%3A%2F%2Flocalhost%3A8080%2Fbase%2Fnode_modules%2Fjasmine-core%2Flib%2Fjasmine-core%2Fjasmine.js%3F578a1e5ff14db21b04e2d6db7fd0eda37042440c%3A605)%0A%20%20%20%20at%20http%3A%2F%2Flocalhost%3A8080%2Fbase%2Fnode_modules%2Fjasmine-core%2Flib%2Fjasmine-core%2Fjasmine.js%3F578a1e5ff14db21b04e2d6db7fd0eda37042440c%3A1784%0A%20%20%20%20at%20http%3A%2F%2Flocalhost%3A8080%2Fbase%2Fnode_modules%2Fjasmine-core%2Flib%2Fjasmine-core%2Fjasmine.js%3F578a1e5ff14db21b04e2d6db7fd0eda37042440c%3A1762%0A%20%20%20%20at%20http%3A%2F%2Flocalhost%3A8080%2Fbase%2Fnode_modules%2Fjasmine-core%2Flib%2Fjasmine-core%2Fjasmine.js%3F578a1e5ff14db21b04e2d6db7fd0eda37042440c%3A627%0A%20%20%20%20at%20http%3A%2F%2Flocalhost%3A8080%2Fbase%2Fnode_modules%2Fjasmine-core%2Flib%2Fjasmine-core%2Fjasmine.js%3F578a1e5ff14db21b04e2d6db7fd0eda37042440c%3A2354%0A%20%20%20%20at%20attemptAsync%20(http%3A%2F%2Flocalhost%3A8080%2Fbase%2Fnode_modules%2Fjasmine-core%2Flib%2Fjasmine-core%2Fjasmine.js%3F578a1e5ff14db21b04e2d6db7fd0eda37042440c%3A1819)%0A%20%20%20%20at%20http%3A%2F%2Flocalhost%3A8080%2Fbase%2Fnode_modules%2Fjasmine-core%2Flib%2Fjasmine-core%2Fjasmine.js%3F578a1e5ff14db21b04e2d6db7fd0eda37042440c%3A1774%0A%20%20%20%20at%20http%3A%2F%2Flocalhost%3A8080%2Fbase%2Fnode_modules%2Fjasmine-core%2Flib%2Fjasmine-core%2Fjasmine.js%3F578a1e5ff14db21b04e2d6db7fd0eda37042440c%3A1801%0A%20%20%20%20at%20http%3A%2F%2Flocalhost%3A8080%2Fbase%2Fnode_modules%2Fjasmine-core%2Flib%2Fjasmine-core%2Fjasmine.js%3F578a1e5ff14db21b04e2d6db7fd0eda37042440c%3A1745%0A%20%20%20%20at%20http%3A%2F%2Flocalhost%3A8080%2Fbase%2Fnode_modules%2Fjasmine-core%2Flib%2Fjasmine-core%2Fjasmine.js%3F578a1e5ff14db21b04e2d6db7fd0eda37042440c%3A2348%0A%20%20%20%20at%20clearStack%20(http%3A%2F%2Flocalhost%3A8080%2Fbase%2Fnode_modules%2Fjasmine-core%2Flib%2Fjasmine-core%2Fjasmine.js%3F578a1e5ff14db21b04e2d6db7fd0eda37042440c%3A605)%0A%20%20%20%20at%20http%3A%2F%2Flocalhost%3A8080%2Fbase%2Fnode_modules%2Fjasmine-core%2Flib%2Fjasmine-core%2Fjasmine.js%3F578a1e5ff14db21b04e2d6db7fd0eda37042440c%3A1784%0A%20%20%20%20at%20http%3A%2F%2Flocalhost%3A8080%2Fbase%2Fnode_modules%2Fjasmine-core%2Flib%2Fjasmine-core%2Fjasmine.js%3F578a1e5ff14db21b04e2d6db7fd0eda37042440c%3A1762%0A%20%20%20%20at%20http%3A%2F%2Flocalhost%3A8080%2Fbase%2Fnode_modules%2Fjasmine-core%2Flib%2Fjasmine-core%2Fjasmine.js%3F578a1e5ff14db21b04e2d6db7fd0eda37042440c%3A627%0A%20%20%20%20at%20http%3A%2F%2Flocalhost%3A8080%2Fbase%2Fnode_modules%2Fjasmine-core%2Flib%2Fjasmine-core%2Fjasmine.js%3F578a1e5ff14db21b04e2d6db7fd0eda37042440c%3A2354%0A%20%20%20%20at%20attemptAsync%20(http%3A%2F%2Flocalhost%3A8080%2Fbase%2Fnode_modules%2Fjasmine-core%2Flib%2Fjasmine-core%2Fjasmine.js%3F578a1e5ff14db21b04e2d6db7fd0eda37042440c%3A1819)%0A%20%20%20%20at%20http%3A%2F%2Flocalhost%3A8080%2Fbase%2Fnode_modules%2Fjasmine-core%2Flib%2Fjasmine-core%2Fjasmine.js%3F578a1e5ff14db21b04e2d6db7fd0eda37042440c%3A1774%0A%20%20%20%20at%20http%3A%2F%2Flocalhost%3A8080%2Fbase%2Fnode_modules%2Fjasmine-core%2Flib%2Fjasmine-core%2Fjasmine.js%3F578a1e5ff14db21b04e2d6db7fd0eda37042440c%3A1801%0A%20%20%20%20at%20http%3A%2F%2Flocalhost%3A8080%2Fbase%2Fnode_modules%2Fjasmine-core%2Flib%2Fjasmine-core%2Fjasmine.js%3F578a1e5ff14db21b04e2d6db7fd0eda37042440c%3A1745%0A%20%20%20%20at%20http%3A%2F%2Flocalhost%3A8080%2Fbase%2Fnode_modules%2Fjasmine-core%2Flib%2Fjasmine-core%2Fjasmine.js%3F578a1e5ff14db21b04e2d6db7fd0eda37042440c%3A2348%0A%20%20%20%20at%20clearStack%20(http%3A%2F%2Flocalhost%3A8080%2Fbase%2Fnode_modules%2Fjasmine-core%2Flib%2Fjasmine-core%2Fjasmine.js%3F578a1e5ff14db21b04e2d6db7fd0eda37042440c%3A605)%0A%20%20%20%20at%20http%3A%2F%2Flocalhost%3A8080%2Fbase%2Fnode_modules%2Fjasmine-core%2Flib%2Fjasmine-core%2Fjasmine.js%3F578a1e5ff14db21b04e2d6db7fd0eda37042440c%3A1784%0A%20%20%20%20at%20http%3A%2F%2Flocalhost%3A8080%2Fbase%2Fnode_modules%2Fjasmine-core%2Flib%2Fjasmine-core%2Fjasmine.js%3F578a1e5ff14db21b04e2d6db7fd0eda37042440c%3A1801%0A%20%20%20%20at%20http%3A%2F%2Flocalhost%3A8080%2Fbase%2Fnode_modules%2Fjasmine-core%2Flib%2Fjasmine-core%2Fjasmine.js%3F578a1e5ff14db21b04e2d6db7fd0eda37042440c%3A1745%0A%20%20%20%20at%20complete%20(http%3A%2F%2Flocalhost%3A8080%2Fbase%2Fnode_modules%2Fjasmine-core%2Flib%2Fjasmine-core%2Fjasmine.js%3F578a1e5ff14db21b04e2d6db7fd0eda37042440c%3A365)%0A%20%20%20%20at%20clearStack%20(http%3A%2F%2Flocalhost%3A8080%2Fbase%2Fnode_modules%2Fjasmine-core%2Flib%2Fjasmine-core%2Fjasmine.js%3F578a1e5ff14db21b04e2d6db7fd0eda37042440c%3A605)%0A%20%20%20%20at%20http%3A%2F%2Flocalhost%3A8080%2Fbase%2Fnode_modules%2Fjasmine-core%2Flib%2Fjasmine-core%2Fjasmine.js%3F578a1e5ff14db21b04e2d6db7fd0eda37042440c%3A1784%0A%20%20%20%20at%20http%3A%2F%2Flocalhost%3A8080%2Fbase%2Fnode_modules%2Fjasmine-core%2Flib%2Fjasmine-core%2Fjasmine.js%3F578a1e5ff14db21b04e2d6db7fd0eda37042440c%3A1762%0A%20%20%20%20at%20http%3A%2F%2Flocalhost%3A8080%2Fbase%2Fnode_modules%2Fjasmine-core%2Flib%2Fjasmine-core%2Fjasmine.js%3F578a1e5ff14db21b04e2d6db7fd0eda37042440c%3A627%0A%20%20%20%20at%20http%3A%2F%2Flocalhost%3A8080%2Fbase%2Fnode_modules%2Fjasmine-core%2Flib%2Fjasmine-core%2Fjasmine.js%3F578a1e5ff14db21b04e2d6db7fd0eda37042440c%3A357%0A%20%20%20%20at%20http%3A%2F%2Flocalhost%3A8080%2Fbase%2Fnode_modules%2Fjasmine-core%2Flib%2Fjasmine-core%2Fjasmine.js%3F578a1e5ff14db21b04e2d6db7fd0eda37042440c%3A2360%0A%20%20%20%20at%20attemptAsync%20(http%3A%2F%2Flocalhost%3A8080%2Fbase%2Fnode_modules%2Fjasmine-core%2Flib%2Fjasmine-core%2Fjasmine.js%3F578a1e5ff14db21b04e2d6db7fd0eda37042440c%3A1819)%0A%20%20%20%20at%20http%3A%2F%2Flocalhost%3A8080%2Fbase%2Fnode_modules%2Fjasmine-core%2Flib%2Fjasmine-core%2Fjasmine.js%3F578a1e5ff14db21b04e2d6db7fd0eda37042440c%3A1774%0A%20%20%20%20at%20http%3A%2F%2Flocalhost%3A8080%2Fbase%2Fnode_modules%2Fjasmine-core%2Flib%2Fjasmine-core%2Fjasmine.js%3F578a1e5ff14db21b04e2d6db7fd0eda37042440c%3A1801%0A%20%20%20%20at%20http%3A%2F%2Flocalhost%3A8080%2Fbase%2Fnode_modules%2Fjasmine-core%2Flib%2Fjasmine-core%2Fjasmine.js%3F578a1e5ff14db21b04e2d6db7fd0eda37042440c%3A1745%0A%20%20%20%20at%20complete%20(http%3A%2F%2Flocalhost%3A8080%2Fbase%2Fnode_modules%2Fjasmine-core%2Flib%2Fjasmine-core%2Fjasmine.js%3F578a1e5ff14db21b04e2d6db7fd0eda37042440c%3A365)%0A%20%20%20%20at%20clearStack%20(http%3A%2F%2Flocalhost%3A8080%2Fbase%2Fnode_modules%2Fjasmine-core%2Flib%2Fjasmine-core%2Fjasmine.js%3F578a1e5ff14db21b04e2d6db7fd0eda37042440c%3A605)%0A%20%20%20%20at%20http%3A%2F%2Flocalhost%3A8080%2Fbase%2Fnode_modules%2Fjasmine-core%2Flib%2Fjasmine-core%2Fjasmine.js%3F578a1e5ff14db21b04e2d6db7fd0eda37042440c%3A1784%0A%20%20%20%20at%20http%3A%2F%2Flocalhost%3A8080%2Fbase%2Fnode_modules%2Fjasmine-core%2Flib%2Fjasmine-core%2Fjasmine.js%3F578a1e5ff14db21b04e2d6db7fd0eda37042440c%3A1762%0A%20%20%20%20at%20http%3A%2F%2Flocalhost%3A8080%2Fbase%2Fnode_modules%2Fjasmine-core%2Flib%2Fjasmine-core%2Fjasmine.js%3F578a1e5ff14db21b04e2d6db7fd0eda37042440c%3A627%0A%20%20%20%20at%20http%3A%2F%2Flocalhost%3A8080%2Fbase%2Fnode_modules%2Fjasmine-core%2Flib%2Fjasmine-core%2Fjasmine.js%3F578a1e5ff14db21b04e2d6db7fd0eda37042440c%3A357%0A%20%20%20%20at%20http%3A%2F%2Flocalhost%3A8080%2Fbase%2Fnode_modules%2Fjasmine-core%2Flib%2Fjasmine-core%2Fjasmine.js%3F578a1e5ff14db21b04e2d6db7fd0eda37042440c%3A2360%0A%20%20%20%20at%20attemptAsync%20(http%3A%2F%2Flocalhost%3A8080%2Fbase%2Fnode_modules%2Fjasmine-core%2Flib%2Fjasmine-core%2Fjasmine.js%3F578a1e5ff14db21b04e2d6db7fd0eda37042440c%3A1819)%0A%20%20%20%20at%20http%3A%2F%2Flocalhost%3A8080%2Fbase%2Fnode_modules%2Fjasmine-core%2Flib%2Fjasmine-core%2Fjasmine.js%3F578a1e5ff14db21b04e2d6db7fd0eda37042440c%3A1774%0A%20%20%20%20at%20http%3A%2F%2Flocalhost%3A8080%2Fbase%2Fnode_modules%2Fjasmine-core%2Flib%2Fjasmine-core%2Fjasmine.js%3F578a1e5ff14db21b04e2d6db7fd0eda37042440c%3A1762%0A%20%20%20%20at%20http%3A%2F%2Flocalhost%3A8080%2Fbase%2Fnode_modules%2Fjasmine-core%2Flib%2Fjasmine-core%2Fjasmine.js%3F578a1e5ff14db21b04e2d6db7fd0eda37042440c%3A627%0A%20%20%20%20at%20http%3A%2F%2Flocalhost%3A8080%2Fbase%2Fnode_modules%2Fjasmine-core%2Flib%2Fjasmine-core%2Fjasmine.js%3F578a1e5ff14db21b04e2d6db7fd0eda37042440c%3A2354%0A%20%20%20%20at%20attemptAsync%20(http%3A%2F%2Flocalhost%3A8080%2Fbase%2Fnode_modules%2Fjasmine-core%2Flib%2Fjasmine-core%2Fjasmine.js%3F578a1e5ff14db21b04e2d6db7fd0eda37042440c%3A1819)%0A%20%20%20%20at%20http%3A%2F%2Flocalhost%3A8080%2Fbase%2Fnode_modules%2Fjasmine-core%2Flib%2Fjasmine-core%2Fjasmine.js%3F578a1e5ff14db21b04e2d6db7fd0eda37042440c%3A1774%0A%20%20%20%20at%20http%3A%2F%2Flocalhost%3A8080%2Fbase%2Fnode_modules%2Fjasmine-core%2Flib%2Fjasmine-core%2Fjasmine.js%3F578a1e5ff14db21b04e2d6db7fd0eda37042440c%3A1801%0A%20%20%20%20at%20http%3A%2F%2Flocalhost%3A8080%2Fbase%2Fnode_modules%2Fjasmine-core%2Flib%2Fjasmine-core%2Fjasmine.js%3F578a1e5ff14db21b04e2d6db7fd0eda37042440c%3A1745%0A%20%20%20%20at%20http%3A%2F%2Flocalhost%3A8080%2Fbase%2Fnode_modules%2Fjasmine-core%2Flib%2Fjasmine-core%2Fjasmine.js%3F578a1e5ff14db21b04e2d6db7fd0eda37042440c%3A2348%0A%20%20%20%20at%20clearStack%20(http%3A%2F%2Flocalhost%3A8080%2Fbase%2Fnode_modules%2Fjasmine-core%2Flib%2Fjasmine-core%2Fjasmine.js%3F578a1e5ff14db21b04e2d6db7fd0eda37042440c%3A605)%0A%20%20%20%20at%20http%3A%2F%2Flocalhost%3A8080%2Fbase%2Fnode_modules%2Fjasmine-core%2Flib%2Fjasmine-core%2Fjasmine.js%3F578a1e5ff14db21b04e2d6db7fd0eda37042440c%3A1784%0A%20%20%20%20at%20http%3A%2F%2Flocalhost%3A8080%2Fbase%2Fnode_modules%2Fjasmine-core%2Flib%2Fjasmine-core%2Fjasmine.js%3F578a1e5ff14db21b04e2d6db7fd0eda37042440c%3A1762%0A%20%20%20%20at%20http%3A%2F%2Flocalhost%3A8080%2Fbase%2Fnode_modules%2Fjasmine-core%2Flib%2Fjasmine-core%2Fjasmine.js%3F578a1e5ff14db21b04e2d6db7fd0eda37042440c%3A627%0A%20%20%20%20at%20http%3A%2F%2Flocalhost%3A8080%2Fbase%2Fnode_modules%2Fjasmine-core%2Flib%2Fjasmine-core%2Fjasmine.js%3F578a1e5ff14db21b04e2d6db7fd0eda37042440c%3A2354%0A%20%20%20%20at%20attemptAsync%20(http%3A%2F%2Flocalhost%3A8080%2Fbase%2Fnode_modules%2Fjasmine-core%2Flib%2Fjasmine-core%2Fjasmine.js%3F578a1e5ff14db21b04e2d6db7fd0eda37042440c%3A1819)%0A%20%20%20%20at%20http%3A%2F%2Flocalhost%3A8080%2Fbase%2Fnode_modules%2Fjasmine-core%2Flib%2Fjasmine-core%2Fjasmine.js%3F578a1e5ff14db21b04e2d6db7fd0eda37042440c%3A1774%0A%20%20%20%20at%20http%3A%2F%2Flocalhost%3A8080%2Fbase%2Fnode_modules%2Fjasmine-core%2Flib%2Fjasmine-core%2Fjasmine.js%3F578a1e5ff14db21b04e2d6db7fd0eda37042440c%3A1801%0A%20%20%20%20at%20http%3A%2F%2Flocalhost%3A8080%2Fbase%2Fnode_modules%2Fjasmine-core%2Flib%2Fjasmine-core%2Fjasmine.js%3F578a1e5ff14db21b04e2d6db7fd0eda37042440c%3A1745%0A%20%20%20%20at%20http%3A%2F%2Flocalhost%3A8080%2Fbase%2Fnode_modules%2Fjasmine-core%2Flib%2Fjasmine-core%2Fjasmine.js%3F578a1e5ff14db21b04e2d6db7fd0eda37042440c%3A2348%0A%20%20%20%20at%20clearStack%20(http%3A%2F%2Flocalhost%3A8080%2Fbase%2Fnode_modules%2Fjasmine-core%2Flib%2Fjasmine-core%2Fjasmine.js%3F578a1e5ff14db21b04e2d6db7fd0eda37042440c%3A605)%0A%20%20%20%20at%20http%3A%2F%2Flocalhost%3A8080%2Fbase%2Fnode_modules%2Fjasmine-core%2Flib%2Fjasmine-core%2Fjasmine.js%3F578a1e5ff14db21b04e2d6db7fd0eda37042440c%3A1784%0A%20%20%20%20at%20http%3A%2F%2Flocalhost%3A8080%2Fbase%2Fnode_modules%2Fjasmine-core%2Flib%2Fjasmine-core%2Fjasmine.js%3F578a1e5ff14db21b04e2d6db7fd0eda37042440c%3A1762%0A%20%20%20%20at%20http%3A%2F%2Flocalhost%3A8080%2Fbase%2Fnode_modules%2Fjasmine-core%2Flib%2Fjasmine-core%2Fjasmine.js%3F578a1e5ff14db21b04e2d6db7fd0eda37042440c%3A627%0A%20%20%20%20at%20http%3A%2F%2Flocalhost%3A8080%2Fbase%2Fnode_modules%2Fjasmine-core%2Flib%2Fjasmine-core%2Fjasmine.js%3F578a1e5ff14db21b04e2d6db7fd0eda37042440c%3A2354%0A%20%20%20%20at%20attemptAsync%20(http%3A%2F%2Flocalhost%3A8080%2Fbase%2Fnode_modules%2Fjasmine-core%2Flib%2Fjasmine-core%2Fjasmine.js%3F578a1e5ff14db21b04e2d6db7fd0eda37042440c%3A1819)%0A%20%20%20%20at%20http%3A%2F%2Flocalhost%3A8080%2Fbase%2Fnode_modules%2Fjasmine-core%2Flib%2Fjasmine-core%2Fjasmine.js%3F578a1e5ff14db21b04e2d6db7fd0eda37042440c%3A1774%0A%20%20%20%20at%20http%3A%2F%2Flocalhost%3A8080%2Fbase%2Fnode_modules%2Fjasmine-core%2Flib%2Fjasmine-core%2Fjasmine.js%3F578a1e5ff14db21b04e2d6db7fd0eda37042440c%3A1801%0A%20%20%20%20at%20http%3A%2F%2Flocalhost%3A8080%2Fbase%2Fnode_modules%2Fjasmine-core%2Flib%2Fjasmine-core%2Fjasmine.js%3F578a1e5ff14db21b04e2d6db7fd0eda37042440c%3A1745%0A%20%20%20%20at%20http%3A%2F%2Flocalhost%3A8080%2Fbase%2Fnode_modules%2Fjasmine-core%2Flib%2Fjasmine-core%2Fjasmine.js%3F578a1e5ff14db21b04e2d6db7fd0eda37042440c%3A2348%0A%20%20%20%20at%20clearStack%20(http%3A%2F%2Flocalhost%3A8080%2Fbase%2Fnode_modules%2Fjasmine-core%2Flib%2Fjasmine-core%2Fjasmine.js%3F578a1e5ff14db21b04e2d6db7fd0eda37042440c%3A605)%0A%20%20%20%20at%20http%3A%2F%2Flocalhost%3A8080%2Fbase%2Fnode_modules%2Fjasmine-core%2Flib%2Fjasmine-core%2Fjasmine.js%3F578a1e5ff14db21b04e2d6db7fd0eda37042440c%3A1784%0A%20%20%20%20at%20http%3A%2F%2Flocalhost%3A8080%2Fbase%2Fnode_modules%2Fjasmine-core%2Flib%2Fjasmine-core%2Fjasmine.js%3F578a1e5ff14db21b04e2d6db7fd0eda37042440c%3A1762%0A%20%20%20%20at%20http%3A%2F%2Flocalhost%3A8080%2Fbase%2Fnode_modules%2Fjasmine-core%2Flib%2Fjasmine-core%2Fjasmine.js%3F578a1e5ff14db21b04e2d6db7fd0eda37042440c%3A627%0A%20%20%20%20at%20http%3A%2F%2Flocalhost%3A8080%2Fbase%2Fnode_modules%2Fjasmine-core%2Flib%2Fjasmine-core%2Fjasmine.js%3F578a1e5ff14db21b04e2d6db7fd0eda37042440c%3A2354%0A%20%20%20%20at%20attemptAsync%20(http%3A%2F%2Flocalhost%3A8080%2Fbase%2Fnode_modules%2Fjasmine-core%2Flib%2Fjasmine-core%2Fjasmine.js%3F578a1e5ff14db21b04e2d6db7fd0eda37042440c%3A1819)%0A%20%20%20%20at%20http%3A%2F%2Flocalhost%3A8080%2Fbase%2Fnode_modules%2Fjasmine-core%2Flib%2Fjasmine-core%2Fjasmine.js%3F578a1e5ff14db21b04e2d6db7fd0eda37042440c%3A1774%0A%20%20%20%20at%20http%3A%2F%2Flocalhost%3A8080%2Fbase%2Fnode_modules%2Fjasmine-core%2Flib%2Fjasmine-core%2Fjasmine.js%3F578a1e5ff14db21b04e2d6db7fd0eda37042440c%3A1801%0A%20%20%20%20at%20http%3A%2F%2Flocalhost%3A8080%2Fbase%2Fnode_modules%2Fjasmine-core%2Flib%2Fjasmine-core%2Fjasmine.js%3F578a1e5ff14db21b04e2d6db7fd0eda37042440c%3A1745%0A%20%20%20%20at%20http%3A%2F%2Flocalhost%3A8080%2Fbase%2Fnode_modules%2Fjasmine-core%2Flib%2Fjasmine-core%2Fjasmine.js%3F578a1e5ff14db21b04e2d6db7fd0eda37042440c%3A2348%0A%20%20%20%20at%20clearStack%20(http%3A%2F%2Flocalhost%3A8080%2Fbase%2Fnode_modules%2Fjasmine-core%2Flib%2Fjasmine-core%2Fjasmine.js%3F578a1e5ff14db21b04e2d6db7fd0eda37042440c%3A605)%0A%20%20%20%20at%20http%3A%2F%2Flocalhost%3A8080%2Fbase%2Fnode_modules%2Fjasmine-core%2Flib%2Fjasmine-core%2Fjasmine.js%3F578a1e5ff14db21b04e2d6db7fd0eda37042440c%3A1784%0A%20%20%20%20at%20http%3A%2F%2Flocalhost%3A8080%2Fbase%2Fnode_modules%2Fjasmine-core%2Flib%2Fjasmine-core%2Fjasmine.js%3F578a1e5ff14db21b04e2d6db7fd0eda37042440c%3A1762%0A%20%20%20%20at%20http%3A%2F%2Flocalhost%3A8080%2Fbase%2Fnode_modules%2Fjasmine-core%2Flib%2Fjasmine-core%2Fjasmine.js%3F578a1e5ff14db21b04e2d6db7fd0eda37042440c%3A627%0A%20%20%20%20at%20http%3A%2F%2Flocalhost%3A8080%2Fbase%2Fnode_modules%2Fjasmine-core%2Flib%2Fjasmine-core%2Fjasmine.js%3F578a1e5ff14db21b04e2d6db7fd0eda37042440c%3A2354%0A%20%20%20%20at%20attemptAsync%20(http%3A%2F%2Flocalhost%3A8080%2Fbase%2Fnode_modules%2Fjasmine-core%2Flib%2Fjasmine-core%2Fjasmine.js%3F578a1e5ff14db21b04e2d6db7fd0eda37042440c%3A1819)%0A%20%20%20%20at%20http%3A%2F%2Flocalhost%3A8080%2Fbase%2Fnode_modules%2Fjasmine-core%2Flib%2Fjasmine-core%2Fjasmine.js%3F578a1e5ff14db21b04e2d6db7fd0eda37042440c%3A1774%0A%20%20%20%20at%20http%3A%2F%2Flocalhost%3A8080%2Fbase%2Fnode_modules%2Fjasmine-core%2Flib%2Fjasmine-core%2Fjasmine.js%3F578a1e5ff14db21b04e2d6db7fd0eda37042440c%3A1801%0A%20%20%20%20at%20http%3A%2F%2Flocalhost%3A8080%2Fbase%2Fnode_modules%2Fjasmine-core%2Flib%2Fjasmine-core%2Fjasmine.js%3F578a1e5ff14db21b04e2d6db7fd0eda37042440c%3A1745%0A%20%20%20%20at%20http%3A%2F%2Flocalhost%3A8080%2Fbase%2Fnode_modules%2Fjasmine-core%2Flib%2Fjasmine-core%2Fjasmine.js%3F578a1e5ff14db21b04e2d6db7fd0eda37042440c%3A2348%0A%20%20%20%20at%20clearStack%20(http%3A%2F%2Flocalhost%3A8080%2Fbase%2Fnode_modules%2Fjasmine-core%2Flib%2Fjasmine-core%2Fjasmine.js%3F578a1e5ff14db21b04e2d6db7fd0eda37042440c%3A605)%0A%20%20%20%20at%20http%3A%2F%2Flocalhost%3A8080%2Fbase%2Fnode_modules%2Fjasmine-core%2Flib%2Fjasmine-core%2Fjasmine.js%3F578a1e5ff14db21b04e2d6db7fd0eda37042440c%3A1784%0A%20%20%20%20at%20http%3A%2F%2Flocalhost%3A8080%2Fbase%2Fnode_modules%2Fjasmine-core%2Flib%2Fjasmine-core%2Fjasmine.js%3F578a1e5ff14db21b04e2d6db7fd0eda37042440c%3A1762%0A%20%20%20%20at%20http%3A%2F%2Flocalhost%3A8080%2Fbase%2Fnode_modules%2Fjasmine-core%2Flib%2Fjasmine-core%2Fjasmine.js%3F578a1e5ff14db21b04e2d6db7fd0eda37042440c%3A627%0A%20%20%20%20at%20http%3A%2F%2Flocalhost%3A8080%2Fbase%2Fnode_modules%2Fjasmine-core%2Flib%2Fjasmine-core%2Fjasmine.js%3F578a1e5ff14db21b04e2d6db7fd0eda37042440c%3A2354%0A%20%20%20%20at%20attemptAsync%20(http%3A%2F%2Flocalhost%3A8080%2Fbase%2Fnode_modules%2Fjasmine-core%2Flib%2Fjasmine-core%2Fjasmine.js%3F578a1e5ff14db21b04e2d6db7fd0eda37042440c%3A1819)%0A%20%20%20%20at%20http%3A%2F%2Flocalhost%3A8080%2Fbase%2Fnode_modules%2Fjasmine-core%2Flib%2Fjasmine-core%2Fjasmine.js%3F578a1e5ff14db21b04e2d6db7fd0eda37042440c%3A1774%0A%20%20%20%20at%20http%3A%2F%2Flocalhost%3A8080%2Fbase%2Fnode_modules%2Fjasmine-core%2Flib%2Fjasmine-core%2Fjasmine.js%3F578a1e5ff14db21b04e2d6db7fd0eda37042440c%3A1801%0A%20%20%20%20at%20http%3A%2F%2Flocalhost%3A8080%2Fbase%2Fnode_modules%2Fjasmine-core%2Flib%2Fjasmine-core%2Fjasmine.js%3F578a1e5ff14db21b04e2d6db7fd0eda37042440c%3A1745%0A%20%20%20%20at%20http%3A%2F%2Flocalhost%3A8080%2Fbase%2Fnode_modules%2Fjasmine-core%2Flib%2Fjasmine-core%2Fjasmine.js%3F578a1e5ff14db21b04e2d6db7fd0eda37042440c%3A2348%0A%20%20%20%20at%20clearStack%20(http%3A%2F%2Flocalhost%3A8080%2Fbase%2Fnode_modules%2Fjasmine-core%2Flib%2Fjasmine-core%2Fjasmine.js%3F578a1e5ff14db21b04e2d6db7fd0eda37042440c%3A605)%0A%20%20%20%20at%20http%3A%2F%2Flocalhost%3A8080%2Fbase%2Fnode_modules%2Fjasmine-core%2Flib%2Fjasmine-core%2Fjasmine.js%3F578a1e5ff14db21b04e2d6db7fd0eda37042440c%3A1784%0A%20%20%20%20at%20http%3A%2F%2Flocalhost%3A8080%2Fbase%2Fnode_modules%2Fjasmine-core%2Flib%2Fjasmine-core%2Fjasmine.js%3F578a1e5ff14db21b04e2d6db7fd0eda37042440c%3A1762%0A%20%20%20%20at%20http%3A%2F%2Flocalhost%3A8080%2Fbase%2Fnode_modules%2Fjasmine-core%2Flib%2Fjasmine-core%2Fjasmine.js%3F578a1e5ff14db21b04e2d6db7fd0eda37042440c%3A627%0A%20%20%20%20at%20http%3A%2F%2Flocalhost%3A8080%2Fbase%2Fnode_modules%2Fjasmine-core%2Flib%2Fjasmine-core%2Fjasmine.js%3F578a1e5ff14db21b04e2d6db7fd0eda37042440c%3A2354%0A%20%20%20%20at%20attemptAsync%20(http%3A%2F%2Flocalhost%3A8080%2Fbase%2Fnode_modules%2Fjasmine-core%2Flib%2Fjasmine-core%2Fjasmine.js%3F578a1e5ff14db21b04e2d6db7fd0eda37042440c%3A1819)%0A%20%20%20%20at%20http%3A%2F%2Flocalhost%3A8080%2Fbase%2Fnode_modules%2Fjasmine-core%2Flib%2Fjasmine-core%2Fjasmine.js%3F578a1e5ff14db21b04e2d6db7fd0eda37042440c%3A1774%0A%20%20%20%20at%20http%3A%2F%2Flocalhost%3A8080%2Fbase%2Fnode_modules%2Fjasmine-core%2Flib%2Fjasmine-core%2Fjasmine.js%3F578a1e5ff14db21b04e2d6db7fd0eda37042440c%3A1801%0A%20%20%20%20at%20http%3A%2F%2Flocalhost%3A8080%2Fbase%2Fnode_modules%2Fjasmine-core%2Flib%2Fjasmine-core%2Fjasmine.js%3F578a1e5ff14db21b04e2d6db7fd0eda37042440c%3A1745%0A%20%20%20%20at%20http%3A%2F%2Flocalhost%3A8080%2Fbase%2Fnode_modules%2Fjasmine-core%2Flib%2Fjasmine-core%2Fjasmine.js%3F578a1e5ff14db21b04e2d6db7fd0eda37042440c%3A2348%0A%20%20%20%20at%20clearStack%20(http%3A%2F%2Flocalhost%3A8080%2Fbase%2Fnode_modules%2Fjasmine-core%2Flib%2Fjasmine-core%2Fjasmine.js%3F578a1e5ff14db21b04e2d6db7fd0eda37042440c%3A605)%0A%20%20%20%20at%20http%3A%2F%2Flocalhost%3A8080%2Fbase%2Fnode_modules%2Fjasmine-core%2Flib%2Fjasmine-core%2Fjasmine.js%3F578a1e5ff14db21b04e2d6db7fd0eda37042440c%3A1784%0A%20%20%20%20at%20http%3A%2F%2Flocalhost%3A8080%2Fbase%2Fnode_modules%2Fjasmine-core%2Flib%2Fjasmine-core%2Fjasmine.js%3F578a1e5ff14db21b04e2d6db7fd0eda37042440c%3A1762%0A%20%20%20%20at%20http%3A%2F%2Flocalhost%3A8080%2Fbase%2Fnode_modules%2Fjasmine-core%2Flib%2Fjasmine-core%2Fjasmine.js%3F578a1e5ff14db21b04e2d6db7fd0eda37042440c%3A627%0A%20%20%20%20at%20http%3A%2F%2Flocalhost%3A8080%2Fbase%2Fnode_modules%2Fjasmine-core%2Flib%2Fjasmine-core%2Fjasmine.js%3F578a1e5ff14db21b04e2d6db7fd0eda37042440c%3A2354%0A%20%20%20%20at%20attemptAsync%20(http%3A%2F%2Flocalhost%3A8080%2Fbase%2Fnode_modules%2Fjasmine-core%2Flib%2Fjasmine-core%2Fjasmine.js%3F578a1e5ff14db21b04e2d6db7fd0eda37042440c%3A1819)%0A%20%20%20%20at%20http%3A%2F%2Flocalhost%3A8080%2Fbase%2Fnode_modules%2Fjasmine-core%2Flib%2Fjasmine-core%2Fjasmine.js%3F578a1e5ff14db21b04e2d6db7fd0eda37042440c%3A1774%0A%20%20%20%20at%20http%3A%2F%2Flocalhost%3A8080%2Fbase%2Fnode_modules%2Fjasmine-core%2Flib%2Fjasmine-core%2Fjasmine.js%3F578a1e5ff14db21b04e2d6db7fd0eda37042440c%3A1762%0A%20%20%20%20at%20http%3A%2F%2Flocalhost%3A8080%2Fbase%2Fnode_modules%2Fjasmine-core%2Flib%2Fjasmine-core%2Fjasmine.js%3F578a1e5ff14db21b04e2d6db7fd0eda37042440c%3A627%0A%20%20%20%20at%20http%3A%2F%2Flocalhost%3A8080%2Fbase%2Fnode_modules%2Fjasmine-core%2Flib%2Fjasmine-core%2Fjasmine.js%3F578a1e5ff14db21b04e2d6db7fd0eda37042440c%3A2215%0A%20%20%20%20at%20http%3A%2F%2Flocalhost%3A8080%2Fbase%2Fnode_modules%2Fjasmine-core%2Flib%2Fjasmine-core%2Fjasmine.js%3F578a1e5ff14db21b04e2d6db7fd0eda37042440c%3A678%0A%20%20%20%20at%20http%3A%2F%2Flocalhost%3A8080%2Fbase%2Fnode_modules%2Fkarma-jasmine%2Flib%2Fadapter.js%3F0a69ad1fa10cc8be0a12b241227d3b834f82db4f%3A317%0A%20%20%20%20at%20http%3A%2F%2Flocalhost%3A8080%2Fkarma.js%3A185%0A%20%20%20%20at%20http%3A%2F%2Flocalhost%3A8080%2Fcontext.html%3A127
    at C:/dev/MedExplorer/src/client/app/vendor/angular/angular.js:4379
    at forEach (C:/dev/MedExplorer/src/client/app/vendor/angular/angular.js:336)
    at loadModules (C:/dev/MedExplorer/src/client/app/vendor/angular/angular.js:4381)
    at C:/dev/MedExplorer/src/client/app/vendor/angular/angular.js:4356
    at forEach (C:/dev/MedExplorer/src/client/app/vendor/angular/angular.js:336)
    at loadModules (C:/dev/MedExplorer/src/client/app/vendor/angular/angular.js:4381)
    at createInjector (C:/dev/MedExplorer/src/client/app/vendor/angular/angular.js:4265)
    at workFn (C:/dev/MedExplorer/src/client/app/vendor/angular-mocks/angular-mocks.js:2409)
http://errors.angularjs.org/1.4.1/$injector/modulerr?p0=MedExplorer&amp;p1=Error%3A%20%5B%24injector%3Amodulerr%5D%20Failed%20to%20instantiate%20module%20ui.bootstrap%20due%20to%3A%0AError%3A%20%5B%24injector%3Anomod%5D%20Module%20&apos;ui.bootstrap&apos;%20is%20not%20available!%20You%20either%20misspelled%20the%20module%20name%20or%20forgot%20to%20load%20it.%20If%20registering%20a%20module%20ensure%20that%20you%20specify%20the%20dependencies%20as%20the%20second%20argument.%0Ahttp%3A%2F%2Ferrors.angularjs.org%2F1.4.1%2F%24injector%2Fnomod%3Fp0%3Dui.bootstrap%0A%20%20%20%20at%20http%3A%2F%2Flocalhost%3A8080%2Fbase%2Fapp%2Fvendor%2Fangular%2Fangular.js%3F9d140432f81858ac1e7888708720d419d147ffa9%3A1951%0A%20%20%20%20at%20ensure%20(http%3A%2F%2Flocalhost%3A8080%2Fbase%2Fapp%2Fvendor%2Fangular%2Fangular.js%3F9d140432f81858ac1e7888708720d419d147ffa9%3A1873)%0A%20%20%20%20at%20module%20(http%3A%2F%2Flocalhost%3A8080%2Fbase%2Fapp%2Fvendor%2Fangular%2Fangular.js%3F9d140432f81858ac1e7888708720d419d147ffa9%3A2201)%0A%20%20%20%20at%20http%3A%2F%2Flocalhost%3A8080%2Fbase%2Fapp%2Fvendor%2Fangular%2Fangular.js%3F9d140432f81858ac1e7888708720d419d147ffa9%3A4355%0A%20%20%20%20at%20forEach%20(http%3A%2F%2Flocalhost%3A8080%2Fbase%2Fapp%2Fvendor%2Fangular%2Fangular.js%3F9d140432f81858ac1e7888708720d419d147ffa9%3A336)%0A%20%20%20%20at%20loadModules%20(http%3A%2F%2Flocalhost%3A8080%2Fbase%2Fapp%2Fvendor%2Fangular%2Fangular.js%3F9d140432f81858ac1e7888708720d419d147ffa9%3A4381)%0A%20%20%20%20at%20http%3A%2F%2Flocalhost%3A8080%2Fbase%2Fapp%2Fvendor%2Fangular%2Fangular.js%3F9d140432f81858ac1e7888708720d419d147ffa9%3A4356%0A%20%20%20%20at%20forEach%20(http%3A%2F%2Flocalhost%3A8080%2Fbase%2Fapp%2Fvendor%2Fangular%2Fangular.js%3F9d140432f81858ac1e7888708720d419d147ffa9%3A336)%0A%20%20%20%20at%20loadModules%20(http%3A%2F%2Flocalhost%3A8080%2Fbase%2Fapp%2Fvendor%2Fangular%2Fangular.js%3F9d140432f81858ac1e7888708720d419d147ffa9%3A4381)%0A%20%20%20%20at%20createInjector%20(http%3A%2F%2Flocalhost%3A8080%2Fbase%2Fapp%2Fvendor%2Fangular%2Fangular.js%3F9d140432f81858ac1e7888708720d419d147ffa9%3A4265)%0A%20%20%20%20at%20workFn%20(http%3A%2F%2Flocalhost%3A8080%2Fbase%2Fapp%2Fvendor%2Fangular-mocks%2Fangular-mocks.js%3F6fe041cc8bb7a17f894cb12d8b0d44b12644f10a%3A2409)%0A%20%20%20%20at%20attemptSync%20(http%3A%2F%2Flocalhost%3A8080%2Fbase%2Fnode_modules%2Fjasmine-core%2Flib%2Fjasmine-core%2Fjasmine.js%3F578a1e5ff14db21b04e2d6db7fd0eda37042440c%3A1789)%0A%20%20%20%20at%20http%3A%2F%2Flocalhost%3A8080%2Fbase%2Fnode_modules%2Fjasmine-core%2Flib%2Fjasmine-core%2Fjasmine.js%3F578a1e5ff14db21b04e2d6db7fd0eda37042440c%3A1777%0A%20%20%20%20at%20http%3A%2F%2Flocalhost%3A8080%2Fbase%2Fnode_modules%2Fjasmine-core%2Flib%2Fjasmine-core%2Fjasmine.js%3F578a1e5ff14db21b04e2d6db7fd0eda37042440c%3A1762%0A%20%20%20%20at%20http%3A%2F%2Flocalhost%3A8080%2Fbase%2Fnode_modules%2Fjasmine-core%2Flib%2Fjasmine-core%2Fjasmine.js%3F578a1e5ff14db21b04e2d6db7fd0eda37042440c%3A627%0A%20%20%20%20at%20http%3A%2F%2Flocalhost%3A8080%2Fbase%2Fnode_modules%2Fjasmine-core%2Flib%2Fjasmine-core%2Fjasmine.js%3F578a1e5ff14db21b04e2d6db7fd0eda37042440c%3A357%0A%20%20%20%20at%20http%3A%2F%2Flocalhost%3A8080%2Fbase%2Fnode_modules%2Fjasmine-core%2Flib%2Fjasmine-core%2Fjasmine.js%3F578a1e5ff14db21b04e2d6db7fd0eda37042440c%3A2360%0A%20%20%20%20at%20attemptAsync%20(http%3A%2F%2Flocalhost%3A8080%2Fbase%2Fnode_modules%2Fjasmine-core%2Flib%2Fjasmine-core%2Fjasmine.js%3F578a1e5ff14db21b04e2d6db7fd0eda37042440c%3A1819)%0A%20%20%20%20at%20http%3A%2F%2Flocalhost%3A8080%2Fbase%2Fnode_modules%2Fjasmine-core%2Flib%2Fjasmine-core%2Fjasmine.js%3F578a1e5ff14db21b04e2d6db7fd0eda37042440c%3A1774%0A%20%20%20%20at%20http%3A%2F%2Flocalhost%3A8080%2Fbase%2Fnode_modules%2Fjasmine-core%2Flib%2Fjasmine-core%2Fjasmine.js%3F578a1e5ff14db21b04e2d6db7fd0eda37042440c%3A1762%0A%20%20%20%20at%20http%3A%2F%2Flocalhost%3A8080%2Fbase%2Fnode_modules%2Fjasmine-core%2Flib%2Fjasmine-core%2Fjasmine.js%3F578a1e5ff14db21b04e2d6db7fd0eda37042440c%3A627%0A%20%20%20%20at%20http%3A%2F%2Flocalhost%3A8080%2Fbase%2Fnode_modules%2Fjasmine-core%2Flib%2Fjasmine-core%2Fjasmine.js%3F578a1e5ff14db21b04e2d6db7fd0eda37042440c%3A2354%0A%20%20%20%20at%20attemptAsync%20(http%3A%2F%2Flocalhost%3A8080%2Fbase%2Fnode_modules%2Fjasmine-core%2Flib%2Fjasmine-core%2Fjasmine.js%3F578a1e5ff14db21b04e2d6db7fd0eda37042440c%3A1819)%0A%20%20%20%20at%20http%3A%2F%2Flocalhost%3A8080%2Fbase%2Fnode_modules%2Fjasmine-core%2Flib%2Fjasmine-core%2Fjasmine.js%3F578a1e5ff14db21b04e2d6db7fd0eda37042440c%3A1774%0A%20%20%20%20at%20http%3A%2F%2Flocalhost%3A8080%2Fbase%2Fnode_modules%2Fjasmine-core%2Flib%2Fjasmine-core%2Fjasmine.js%3F578a1e5ff14db21b04e2d6db7fd0eda37042440c%3A1801%0A%20%20%20%20at%20http%3A%2F%2Flocalhost%3A8080%2Fbase%2Fnode_modules%2Fjasmine-core%2Flib%2Fjasmine-core%2Fjasmine.js%3F578a1e5ff14db21b04e2d6db7fd0eda37042440c%3A1745%0A%20%20%20%20at%20http%3A%2F%2Flocalhost%3A8080%2Fbase%2Fnode_modules%2Fjasmine-core%2Flib%2Fjasmine-core%2Fjasmine.js%3F578a1e5ff14db21b04e2d6db7fd0eda37042440c%3A2348%0A%20%20%20%20at%20clearStack%20(http%3A%2F%2Flocalhost%3A8080%2Fbase%2Fnode_modules%2Fjasmine-core%2Flib%2Fjasmine-core%2Fjasmine.js%3F578a1e5ff14db21b04e2d6db7fd0eda37042440c%3A605)%0A%20%20%20%20at%20http%3A%2F%2Flocalhost%3A8080%2Fbase%2Fnode_modules%2Fjasmine-core%2Flib%2Fjasmine-core%2Fjasmine.js%3F578a1e5ff14db21b04e2d6db7fd0eda37042440c%3A1784%0A%20%20%20%20at%20http%3A%2F%2Flocalhost%3A8080%2Fbase%2Fnode_modules%2Fjasmine-core%2Flib%2Fjasmine-core%2Fjasmine.js%3F578a1e5ff14db21b04e2d6db7fd0eda37042440c%3A1801%0A%20%20%20%20at%20http%3A%2F%2Flocalhost%3A8080%2Fbase%2Fnode_modules%2Fjasmine-core%2Flib%2Fjasmine-core%2Fjasmine.js%3F578a1e5ff14db21b04e2d6db7fd0eda37042440c%3A1745%0A%20%20%20%20at%20complete%20(http%3A%2F%2Flocalhost%3A8080%2Fbase%2Fnode_modules%2Fjasmine-core%2Flib%2Fjasmine-core%2Fjasmine.js%3F578a1e5ff14db21b04e2d6db7fd0eda37042440c%3A365)%0A%20%20%20%20at%20clearStack%20(http%3A%2F%2Flocalhost%3A8080%2Fbase%2Fnode_modules%2Fjasmine-core%2Flib%2Fjasmine-core%2Fjasmine.js%3F578a1e5ff14db21b04e2d6db7fd0eda37042440c%3A605)%0A%20%20%20%20at%20http%3A%2F%2Flocalhost%3A8080%2Fbase%2Fnode_modules%2Fjasmine-core%2Flib%2Fjasmine-core%2Fjasmine.js%3F578a1e5ff14db21b04e2d6db7fd0eda37042440c%3A1784%0A%20%20%20%20at%20http%3A%2F%2Flocalhost%3A8080%2Fbase%2Fnode_modules%2Fjasmine-core%2Flib%2Fjasmine-core%2Fjasmine.js%3F578a1e5ff14db21b04e2d6db7fd0eda37042440c%3A1762%0A%20%20%20%20at%20http%3A%2F%2Flocalhost%3A8080%2Fbase%2Fnode_modules%2Fjasmine-core%2Flib%2Fjasmine-core%2Fjasmine.js%3F578a1e5ff14db21b04e2d6db7fd0eda37042440c%3A627%0A%20%20%20%20at%20http%3A%2F%2Flocalhost%3A8080%2Fbase%2Fnode_modules%2Fjasmine-core%2Flib%2Fjasmine-core%2Fjasmine.js%3F578a1e5ff14db21b04e2d6db7fd0eda37042440c%3A357%0A%20%20%20%20at%20http%3A%2F%2Flocalhost%3A8080%2Fbase%2Fnode_modules%2Fjasmine-core%2Flib%2Fjasmine-core%2Fjasmine.js%3F578a1e5ff14db21b04e2d6db7fd0eda37042440c%3A2360%0A%20%20%20%20at%20attemptAsync%20(http%3A%2F%2Flocalhost%3A8080%2Fbase%2Fnode_modules%2Fjasmine-core%2Flib%2Fjasmine-core%2Fjasmine.js%3F578a1e5ff14db21b04e2d6db7fd0eda37042440c%3A1819)%0A%20%20%20%20at%20http%3A%2F%2Flocalhost%3A8080%2Fbase%2Fnode_modules%2Fjasmine-core%2Flib%2Fjasmine-core%2Fjasmine.js%3F578a1e5ff14db21b04e2d6db7fd0eda37042440c%3A1774%0A%20%20%20%20at%20http%3A%2F%2Flocalhost%3A8080%2Fbase%2Fnode_modules%2Fjasmine-core%2Flib%2Fjasmine-core%2Fjasmine.js%3F578a1e5ff14db21b04e2d6db7fd0eda37042440c%3A1801%0A%20%20%20%20at%20http%3A%2F%2Flocalhost%3A8080%2Fbase%2Fnode_modules%2Fjasmine-core%2Flib%2Fjasmine-core%2Fjasmine.js%3F578a1e5ff14db21b04e2d6db7fd0eda37042440c%3A1745%0A%20%20%20%20at%20complete%20(http%3A%2F%2Flocalhost%3A8080%2Fbase%2Fnode_modules%2Fjasmine-core%2Flib%2Fjasmine-core%2Fjasmine.js%3F578a1e5ff14db21b04e2d6db7fd0eda37042440c%3A365)%0A%20%20%20%20at%20clearStack%20(http%3A%2F%2Flocalhost%3A8080%2Fbase%2Fnode_modules%2Fjasmine-core%2Flib%2Fjasmine-core%2Fjasmine.js%3F578a1e5ff14db21b04e2d6db7fd0eda37042440c%3A605)%0A%20%20%20%20at%20http%3A%2F%2Flocalhost%3A8080%2Fbase%2Fnode_modules%2Fjasmine-core%2Flib%2Fjasmine-core%2Fjasmine.js%3F578a1e5ff14db21b04e2d6db7fd0eda37042440c%3A1784%0A%20%20%20%20at%20http%3A%2F%2Flocalhost%3A8080%2Fbase%2Fnode_modules%2Fjasmine-core%2Flib%2Fjasmine-core%2Fjasmine.js%3F578a1e5ff14db21b04e2d6db7fd0eda37042440c%3A1762%0A%20%20%20%20at%20http%3A%2F%2Flocalhost%3A8080%2Fbase%2Fnode_modules%2Fjasmine-core%2Flib%2Fjasmine-core%2Fjasmine.js%3F578a1e5ff14db21b04e2d6db7fd0eda37042440c%3A627%0A%20%20%20%20at%20http%3A%2F%2Flocalhost%3A8080%2Fbase%2Fnode_modules%2Fjasmine-core%2Flib%2Fjasmine-core%2Fjasmine.js%3F578a1e5ff14db21b04e2d6db7fd0eda37042440c%3A357%0A%20%20%20%20at%20http%3A%2F%2Flocalhost%3A8080%2Fbase%2Fnode_modules%2Fjasmine-core%2Flib%2Fjasmine-core%2Fjasmine.js%3F578a1e5ff14db21b04e2d6db7fd0eda37042440c%3A2360%0A%20%20%20%20at%20attemptAsync%20(http%3A%2F%2Flocalhost%3A8080%2Fbase%2Fnode_modules%2Fjasmine-core%2Flib%2Fjasmine-core%2Fjasmine.js%3F578a1e5ff14db21b04e2d6db7fd0eda37042440c%3A1819)%0A%20%20%20%20at%20http%3A%2F%2Flocalhost%3A8080%2Fbase%2Fnode_modules%2Fjasmine-core%2Flib%2Fjasmine-core%2Fjasmine.js%3F578a1e5ff14db21b04e2d6db7fd0eda37042440c%3A1774%0A%20%20%20%20at%20http%3A%2F%2Flocalhost%3A8080%2Fbase%2Fnode_modules%2Fjasmine-core%2Flib%2Fjasmine-core%2Fjasmine.js%3F578a1e5ff14db21b04e2d6db7fd0eda37042440c%3A1801%0A%20%20%20%20at%20http%3A%2F%2Flocalhost%3A8080%2Fbase%2Fnode_modules%2Fjasmine-core%2Flib%2Fjasmine-core%2Fjasmine.js%3F578a1e5ff14db21b04e2d6db7fd0eda37042440c%3A1745%0A%20%20%20%20at%20complete%20(http%3A%2F%2Flocalhost%3A8080%2Fbase%2Fnode_modules%2Fjasmine-core%2Flib%2Fjasmine-core%2Fjasmine.js%3F578a1e5ff14db21b04e2d6db7fd0eda37042440c%3A365)%0A%20%20%20%20at%20clearStack%20(http%3A%2F%2Flocalhost%3A8080%2Fbase%2Fnode_modules%2Fjasmine-core%2Flib%2Fjasmine-core%2Fjasmine.js%3F578a1e5ff14db21b04e2d6db7fd0eda37042440c%3A605)%0A%20%20%20%20at%20http%3A%2F%2Flocalhost%3A8080%2Fbase%2Fnode_modules%2Fjasmine-core%2Flib%2Fjasmine-core%2Fjasmine.js%3F578a1e5ff14db21b04e2d6db7fd0eda37042440c%3A1784%0A%20%20%20%20at%20http%3A%2F%2Flocalhost%3A8080%2Fbase%2Fnode_modules%2Fjasmine-core%2Flib%2Fjasmine-core%2Fjasmine.js%3F578a1e5ff14db21b04e2d6db7fd0eda37042440c%3A1762%0A%20%20%20%20at%20http%3A%2F%2Flocalhost%3A8080%2Fbase%2Fnode_modules%2Fjasmine-core%2Flib%2Fjasmine-core%2Fjasmine.js%3F578a1e5ff14db21b04e2d6db7fd0eda37042440c%3A627%0A%20%20%20%20at%20http%3A%2F%2Flocalhost%3A8080%2Fbase%2Fnode_modules%2Fjasmine-core%2Flib%2Fjasmine-core%2Fjasmine.js%3F578a1e5ff14db21b04e2d6db7fd0eda37042440c%3A357%0A%20%20%20%20at%20http%3A%2F%2Flocalhost%3A8080%2Fbase%2Fnode_modules%2Fjasmine-core%2Flib%2Fjasmine-core%2Fjasmine.js%3F578a1e5ff14db21b04e2d6db7fd0eda37042440c%3A2360%0A%20%20%20%20at%20attemptAsync%20(http%3A%2F%2Flocalhost%3A8080%2Fbase%2Fnode_modules%2Fjasmine-core%2Flib%2Fjasmine-core%2Fjasmine.js%3F578a1e5ff14db21b04e2d6db7fd0eda37042440c%3A1819)%0A%20%20%20%20at%20http%3A%2F%2Flocalhost%3A8080%2Fbase%2Fnode_modules%2Fjasmine-core%2Flib%2Fjasmine-core%2Fjasmine.js%3F578a1e5ff14db21b04e2d6db7fd0eda37042440c%3A1774%0A%20%20%20%20at%20http%3A%2F%2Flocalhost%3A8080%2Fbase%2Fnode_modules%2Fjasmine-core%2Flib%2Fjasmine-core%2Fjasmine.js%3F578a1e5ff14db21b04e2d6db7fd0eda37042440c%3A1801%0A%20%20%20%20at%20http%3A%2F%2Flocalhost%3A8080%2Fbase%2Fnode_modules%2Fjasmine-core%2Flib%2Fjasmine-core%2Fjasmine.js%3F578a1e5ff14db21b04e2d6db7fd0eda37042440c%3A1745%0A%20%20%20%20at%20complete%20(http%3A%2F%2Flocalhost%3A8080%2Fbase%2Fnode_modules%2Fjasmine-core%2Flib%2Fjasmine-core%2Fjasmine.js%3F578a1e5ff14db21b04e2d6db7fd0eda37042440c%3A365)%0A%20%20%20%20at%20clearStack%20(http%3A%2F%2Flocalhost%3A8080%2Fbase%2Fnode_modules%2Fjasmine-core%2Flib%2Fjasmine-core%2Fjasmine.js%3F578a1e5ff14db21b04e2d6db7fd0eda37042440c%3A605)%0A%20%20%20%20at%20http%3A%2F%2Flocalhost%3A8080%2Fbase%2Fnode_modules%2Fjasmine-core%2Flib%2Fjasmine-core%2Fjasmine.js%3F578a1e5ff14db21b04e2d6db7fd0eda37042440c%3A1784%0A%20%20%20%20at%20http%3A%2F%2Flocalhost%3A8080%2Fbase%2Fnode_modules%2Fjasmine-core%2Flib%2Fjasmine-core%2Fjasmine.js%3F578a1e5ff14db21b04e2d6db7fd0eda37042440c%3A1762%0A%20%20%20%20at%20http%3A%2F%2Flocalhost%3A8080%2Fbase%2Fnode_modules%2Fjasmine-core%2Flib%2Fjasmine-core%2Fjasmine.js%3F578a1e5ff14db21b04e2d6db7fd0eda37042440c%3A627%0A%20%20%20%20at%20http%3A%2F%2Flocalhost%3A8080%2Fbase%2Fnode_modules%2Fjasmine-core%2Flib%2Fjasmine-core%2Fjasmine.js%3F578a1e5ff14db21b04e2d6db7fd0eda37042440c%3A357%0A%20%20%20%20at%20http%3A%2F%2Flocalhost%3A8080%2Fbase%2Fnode_modules%2Fjasmine-core%2Flib%2Fjasmine-core%2Fjasmine.js%3F578a1e5ff14db21b04e2d6db7fd0eda37042440c%3A2360%0A%20%20%20%20at%20attemptAsync%20(http%3A%2F%2Flocalhost%3A8080%2Fbase%2Fnode_modules%2Fjasmine-core%2Flib%2Fjasmine-core%2Fjasmine.js%3F578a1e5ff14db21b04e2d6db7fd0eda37042440c%3A1819)%0A%20%20%20%20at%20http%3A%2F%2Flocalhost%3A8080%2Fbase%2Fnode_modules%2Fjasmine-core%2Flib%2Fjasmine-core%2Fjasmine.js%3F578a1e5ff14db21b04e2d6db7fd0eda37042440c%3A1774%0A%20%20%20%20at%20http%3A%2F%2Flocalhost%3A8080%2Fbase%2Fnode_modules%2Fjasmine-core%2Flib%2Fjasmine-core%2Fjasmine.js%3F578a1e5ff14db21b04e2d6db7fd0eda37042440c%3A1801%0A%20%20%20%20at%20http%3A%2F%2Flocalhost%3A8080%2Fbase%2Fnode_modules%2Fjasmine-core%2Flib%2Fjasmine-core%2Fjasmine.js%3F578a1e5ff14db21b04e2d6db7fd0eda37042440c%3A1745%0A%20%20%20%20at%20complete%20(http%3A%2F%2Flocalhost%3A8080%2Fbase%2Fnode_modules%2Fjasmine-core%2Flib%2Fjasmine-core%2Fjasmine.js%3F578a1e5ff14db21b04e2d6db7fd0eda37042440c%3A365)%0A%20%20%20%20at%20clearStack%20(http%3A%2F%2Flocalhost%3A8080%2Fbase%2Fnode_modules%2Fjasmine-core%2Flib%2Fjasmine-core%2Fjasmine.js%3F578a1e5ff14db21b04e2d6db7fd0eda37042440c%3A605)%0A%20%20%20%20at%20http%3A%2F%2Flocalhost%3A8080%2Fbase%2Fnode_modules%2Fjasmine-core%2Flib%2Fjasmine-core%2Fjasmine.js%3F578a1e5ff14db21b04e2d6db7fd0eda37042440c%3A1784%0A%20%20%20%20at%20http%3A%2F%2Flocalhost%3A8080%2Fbase%2Fnode_modules%2Fjasmine-core%2Flib%2Fjasmine-core%2Fjasmine.js%3F578a1e5ff14db21b04e2d6db7fd0eda37042440c%3A1762%0A%20%20%20%20at%20http%3A%2F%2Flocalhost%3A8080%2Fbase%2Fnode_modules%2Fjasmine-core%2Flib%2Fjasmine-core%2Fjasmine.js%3F578a1e5ff14db21b04e2d6db7fd0eda37042440c%3A627%0A%20%20%20%20at%20http%3A%2F%2Flocalhost%3A8080%2Fbase%2Fnode_modules%2Fjasmine-core%2Flib%2Fjasmine-core%2Fjasmine.js%3F578a1e5ff14db21b04e2d6db7fd0eda37042440c%3A357%0A%20%20%20%20at%20http%3A%2F%2Flocalhost%3A8080%2Fbase%2Fnode_modules%2Fjasmine-core%2Flib%2Fjasmine-core%2Fjasmine.js%3F578a1e5ff14db21b04e2d6db7fd0eda37042440c%3A2360%0A%20%20%20%20at%20attemptAsync%20(http%3A%2F%2Flocalhost%3A8080%2Fbase%2Fnode_modules%2Fjasmine-core%2Flib%2Fjasmine-core%2Fjasmine.js%3F578a1e5ff14db21b04e2d6db7fd0eda37042440c%3A1819)%0A%20%20%20%20at%20http%3A%2F%2Flocalhost%3A8080%2Fbase%2Fnode_modules%2Fjasmine-core%2Flib%2Fjasmine-core%2Fjasmine.js%3F578a1e5ff14db21b04e2d6db7fd0eda37042440c%3A1774%0A%20%20%20%20at%20http%3A%2F%2Flocalhost%3A8080%2Fbase%2Fnode_modules%2Fjasmine-core%2Flib%2Fjasmine-core%2Fjasmine.js%3F578a1e5ff14db21b04e2d6db7fd0eda37042440c%3A1801%0A%20%20%20%20at%20http%3A%2F%2Flocalhost%3A8080%2Fbase%2Fnode_modules%2Fjasmine-core%2Flib%2Fjasmine-core%2Fjasmine.js%3F578a1e5ff14db21b04e2d6db7fd0eda37042440c%3A1745%0A%20%20%20%20at%20complete%20(http%3A%2F%2Flocalhost%3A8080%2Fbase%2Fnode_modules%2Fjasmine-core%2Flib%2Fjasmine-core%2Fjasmine.js%3F578a1e5ff14db21b04e2d6db7fd0eda37042440c%3A365)%0A%20%20%20%20at%20clearStack%20(http%3A%2F%2Flocalhost%3A8080%2Fbase%2Fnode_modules%2Fjasmine-core%2Flib%2Fjasmine-core%2Fjasmine.js%3F578a1e5ff14db21b04e2d6db7fd0eda37042440c%3A605)%0A%20%20%20%20at%20http%3A%2F%2Flocalhost%3A8080%2Fbase%2Fnode_modules%2Fjasmine-core%2Flib%2Fjasmine-core%2Fjasmine.js%3F578a1e5ff14db21b04e2d6db7fd0eda37042440c%3A1784%0A%20%20%20%20at%20http%3A%2F%2Flocalhost%3A8080%2Fbase%2Fnode_modules%2Fjasmine-core%2Flib%2Fjasmine-core%2Fjasmine.js%3F578a1e5ff14db21b04e2d6db7fd0eda37042440c%3A1762%0A%20%20%20%20at%20http%3A%2F%2Flocalhost%3A8080%2Fbase%2Fnode_modules%2Fjasmine-core%2Flib%2Fjasmine-core%2Fjasmine.js%3F578a1e5ff14db21b04e2d6db7fd0eda37042440c%3A627%0A%20%20%20%20at%20http%3A%2F%2Flocalhost%3A8080%2Fbase%2Fnode_modules%2Fjasmine-core%2Flib%2Fjasmine-core%2Fjasmine.js%3F578a1e5ff14db21b04e2d6db7fd0eda37042440c%3A357%0A%20%20%20%20at%20http%3A%2F%2Flocalhost%3A8080%2Fbase%2Fnode_modules%2Fjasmine-core%2Flib%2Fjasmine-core%2Fjasmine.js%3F578a1e5ff14db21b04e2d6db7fd0eda37042440c%3A2360%0A%20%20%20%20at%20attemptAsync%20(http%3A%2F%2Flocalhost%3A8080%2Fbase%2Fnode_modules%2Fjasmine-core%2Flib%2Fjasmine-core%2Fjasmine.js%3F578a1e5ff14db21b04e2d6db7fd0eda37042440c%3A1819)%0A%20%20%20%20at%20http%3A%2F%2Flocalhost%3A8080%2Fbase%2Fnode_modules%2Fjasmine-core%2Flib%2Fjasmine-core%2Fjasmine.js%3F578a1e5ff14db21b04e2d6db7fd0eda37042440c%3A1774%0A%20%20%20%20at%20http%3A%2F%2Flocalhost%3A8080%2Fbase%2Fnode_modules%2Fjasmine-core%2Flib%2Fjasmine-core%2Fjasmine.js%3F578a1e5ff14db21b04e2d6db7fd0eda37042440c%3A1762%0A%20%20%20%20at%20http%3A%2F%2Flocalhost%3A8080%2Fbase%2Fnode_modules%2Fjasmine-core%2Flib%2Fjasmine-core%2Fjasmine.js%3F578a1e5ff14db21b04e2d6db7fd0eda37042440c%3A627%0A%20%20%20%20at%20http%3A%2F%2Flocalhost%3A8080%2Fbase%2Fnode_modules%2Fjasmine-core%2Flib%2Fjasmine-core%2Fjasmine.js%3F578a1e5ff14db21b04e2d6db7fd0eda37042440c%3A2354%0A%20%20%20%20at%20attemptAsync%20(http%3A%2F%2Flocalhost%3A8080%2Fbase%2Fnode_modules%2Fjasmine-core%2Flib%2Fjasmine-core%2Fjasmine.js%3F578a1e5ff14db21b04e2d6db7fd0eda37042440c%3A1819)%0A%20%20%20%20at%20http%3A%2F%2Flocalhost%3A8080%2Fbase%2Fnode_modules%2Fjasmine-core%2Flib%2Fjasmine-core%2Fjasmine.js%3F578a1e5ff14db21b04e2d6db7fd0eda37042440c%3A1774%0A%20%20%20%20at%20http%3A%2F%2Flocalhost%3A8080%2Fbase%2Fnode_modules%2Fjasmine-core%2Flib%2Fjasmine-core%2Fjasmine.js%3F578a1e5ff14db21b04e2d6db7fd0eda37042440c%3A1801%0A%20%20%20%20at%20http%3A%2F%2Flocalhost%3A8080%2Fbase%2Fnode_modules%2Fjasmine-core%2Flib%2Fjasmine-core%2Fjasmine.js%3F578a1e5ff14db21b04e2d6db7fd0eda37042440c%3A1745%0A%20%20%20%20at%20http%3A%2F%2Flocalhost%3A8080%2Fbase%2Fnode_modules%2Fjasmine-core%2Flib%2Fjasmine-core%2Fjasmine.js%3F578a1e5ff14db21b04e2d6db7fd0eda37042440c%3A2348%0A%20%20%20%20at%20clearStack%20(http%3A%2F%2Flocalhost%3A8080%2Fbase%2Fnode_modules%2Fjasmine-core%2Flib%2Fjasmine-core%2Fjasmine.js%3F578a1e5ff14db21b04e2d6db7fd0eda37042440c%3A605)%0A%20%20%20%20at%20http%3A%2F%2Flocalhost%3A8080%2Fbase%2Fnode_modules%2Fjasmine-core%2Flib%2Fjasmine-core%2Fjasmine.js%3F578a1e5ff14db21b04e2d6db7fd0eda37042440c%3A1784%0A%20%20%20%20at%20http%3A%2F%2Flocalhost%3A8080%2Fbase%2Fnode_modules%2Fjasmine-core%2Flib%2Fjasmine-core%2Fjasmine.js%3F578a1e5ff14db21b04e2d6db7fd0eda37042440c%3A1762%0A%20%20%20%20at%20http%3A%2F%2Flocalhost%3A8080%2Fbase%2Fnode_modules%2Fjasmine-core%2Flib%2Fjasmine-core%2Fjasmine.js%3F578a1e5ff14db21b04e2d6db7fd0eda37042440c%3A627%0A%20%20%20%20at%20http%3A%2F%2Flocalhost%3A8080%2Fbase%2Fnode_modules%2Fjasmine-core%2Flib%2Fjasmine-core%2Fjasmine.js%3F578a1e5ff14db21b04e2d6db7fd0eda37042440c%3A2354%0A%20%20%20%20at%20attemptAsync%20(http%3A%2F%2Flocalhost%3A8080%2Fbase%2Fnode_modules%2Fjasmine-core%2Flib%2Fjasmine-core%2Fjasmine.js%3F578a1e5ff14db21b04e2d6db7fd0eda37042440c%3A1819)%0A%20%20%20%20at%20http%3A%2F%2Flocalhost%3A8080%2Fbase%2Fnode_modules%2Fjasmine-core%2Flib%2Fjasmine-core%2Fjasmine.js%3F578a1e5ff14db21b04e2d6db7fd0eda37042440c%3A1774%0A%20%20%20%20at%20http%3A%2F%2Flocalhost%3A8080%2Fbase%2Fnode_modules%2Fjasmine-core%2Flib%2Fjasmine-core%2Fjasmine.js%3F578a1e5ff14db21b04e2d6db7fd0eda37042440c%3A1801%0A%20%20%20%20at%20http%3A%2F%2Flocalhost%3A8080%2Fbase%2Fnode_modules%2Fjasmine-core%2Flib%2Fjasmine-core%2Fjasmine.js%3F578a1e5ff14db21b04e2d6db7fd0eda37042440c%3A1745%0A%20%20%20%20at%20http%3A%2F%2Flocalhost%3A8080%2Fbase%2Fnode_modules%2Fjasmine-core%2Flib%2Fjasmine-core%2Fjasmine.js%3F578a1e5ff14db21b04e2d6db7fd0eda37042440c%3A2348%0A%20%20%20%20at%20clearStack%20(http%3A%2F%2Flocalhost%3A8080%2Fbase%2Fnode_modules%2Fjasmine-core%2Flib%2Fjasmine-core%2Fjasmine.js%3F578a1e5ff14db21b04e2d6db7fd0eda37042440c%3A605)%0A%20%20%20%20at%20http%3A%2F%2Flocalhost%3A8080%2Fbase%2Fnode_modules%2Fjasmine-core%2Flib%2Fjasmine-core%2Fjasmine.js%3F578a1e5ff14db21b04e2d6db7fd0eda37042440c%3A1784%0A%20%20%20%20at%20http%3A%2F%2Flocalhost%3A8080%2Fbase%2Fnode_modules%2Fjasmine-core%2Flib%2Fjasmine-core%2Fjasmine.js%3F578a1e5ff14db21b04e2d6db7fd0eda37042440c%3A1762%0A%20%20%20%20at%20http%3A%2F%2Flocalhost%3A8080%2Fbase%2Fnode_modules%2Fjasmine-core%2Flib%2Fjasmine-core%2Fjasmine.js%3F578a1e5ff14db21b04e2d6db7fd0eda37042440c%3A627%0A%20%20%20%20at%20http%3A%2F%2Flocalhost%3A8080%2Fbase%2Fnode_modules%2Fjasmine-core%2Flib%2Fjasmine-core%2Fjasmine.js%3F578a1e5ff14db21b04e2d6db7fd0eda37042440c%3A2354%0A%20%20%20%20at%20attemptAsync%20(http%3A%2F%2Flocalhost%3A8080%2Fbase%2Fnode_modules%2Fjasmine-core%2Flib%2Fjasmine-core%2Fjasmine.js%3F578a1e5ff14db21b04e2d6db7fd0eda37042440c%3A1819)%0A%20%20%20%20at%20http%3A%2F%2Flocalhost%3A8080%2Fbase%2Fnode_modules%2Fjasmine-core%2Flib%2Fjasmine-core%2Fjasmine.js%3F578a1e5ff14db21b04e2d6db7fd0eda37042440c%3A1774%0A%20%20%20%20at%20http%3A%2F%2Flocalhost%3A8080%2Fbase%2Fnode_modules%2Fjasmine-core%2Flib%2Fjasmine-core%2Fjasmine.js%3F578a1e5ff14db21b04e2d6db7fd0eda37042440c%3A1801%0A%20%20%20%20at%20http%3A%2F%2Flocalhost%3A8080%2Fbase%2Fnode_modules%2Fjasmine-core%2Flib%2Fjasmine-core%2Fjasmine.js%3F578a1e5ff14db21b04e2d6db7fd0eda37042440c%3A1745%0A%20%20%20%20at%20http%3A%2F%2Flocalhost%3A8080%2Fbase%2Fnode_modules%2Fjasmine-core%2Flib%2Fjasmine-core%2Fjasmine.js%3F578a1e5ff14db21b04e2d6db7fd0eda37042440c%3A2348%0A%20%20%20%20at%20clearStack%20(http%3A%2F%2Flocalhost%3A8080%2Fbase%2Fnode_modules%2Fjasmine-core%2Flib%2Fjasmine-core%2Fjasmine.js%3F578a1e5ff14db21b04e2d6db7fd0eda37042440c%3A605)%0A%20%20%20%20at%20http%3A%2F%2Flocalhost%3A8080%2Fbase%2Fnode_modules%2Fjasmine-core%2Flib%2Fjasmine-core%2Fjasmine.js%3F578a1e5ff14db21b04e2d6db7fd0eda37042440c%3A1784%0A%20%20%20%20at%20http%3A%2F%2Flocalhost%3A8080%2Fbase%2Fnode_modules%2Fjasmine-core%2Flib%2Fjasmine-core%2Fjasmine.js%3F578a1e5ff14db21b04e2d6db7fd0eda37042440c%3A1801%0A%20%20%20%20at%20http%3A%2F%2Flocalhost%3A8080%2Fbase%2Fnode_modules%2Fjasmine-core%2Flib%2Fjasmine-core%2Fjasmine.js%3F578a1e5ff14db21b04e2d6db7fd0eda37042440c%3A1745%0A%20%20%20%20at%20complete%20(http%3A%2F%2Flocalhost%3A8080%2Fbase%2Fnode_modules%2Fjasmine-core%2Flib%2Fjasmine-core%2Fjasmine.js%3F578a1e5ff14db21b04e2d6db7fd0eda37042440c%3A365)%0A%20%20%20%20at%20clearStack%20(http%3A%2F%2Flocalhost%3A8080%2Fbase%2Fnode_modules%2Fjasmine-core%2Flib%2Fjasmine-core%2Fjasmine.js%3F578a1e5ff14db21b04e2d6db7fd0eda37042440c%3A605)%0A%20%20%20%20at%20http%3A%2F%2Flocalhost%3A8080%2Fbase%2Fnode_modules%2Fjasmine-core%2Flib%2Fjasmine-core%2Fjasmine.js%3F578a1e5ff14db21b04e2d6db7fd0eda37042440c%3A1784%0A%20%20%20%20at%20http%3A%2F%2Flocalhost%3A8080%2Fbase%2Fnode_modules%2Fjasmine-core%2Flib%2Fjasmine-core%2Fjasmine.js%3F578a1e5ff14db21b04e2d6db7fd0eda37042440c%3A1762%0A%20%20%20%20at%20http%3A%2F%2Flocalhost%3A8080%2Fbase%2Fnode_modules%2Fjasmine-core%2Flib%2Fjasmine-core%2Fjasmine.js%3F578a1e5ff14db21b04e2d6db7fd0eda37042440c%3A627%0A%20%20%20%20at%20http%3A%2F%2Flocalhost%3A8080%2Fbase%2Fnode_modules%2Fjasmine-core%2Flib%2Fjasmine-core%2Fjasmine.js%3F578a1e5ff14db21b04e2d6db7fd0eda37042440c%3A357%0A%20%20%20%20at%20http%3A%2F%2Flocalhost%3A8080%2Fbase%2Fnode_modules%2Fjasmine-core%2Flib%2Fjasmine-core%2Fjasmine.js%3F578a1e5ff14db21b04e2d6db7fd0eda37042440c%3A2360%0A%20%20%20%20at%20attemptAsync%20(http%3A%2F%2Flocalhost%3A8080%2Fbase%2Fnode_modules%2Fjasmine-core%2Flib%2Fjasmine-core%2Fjasmine.js%3F578a1e5ff14db21b04e2d6db7fd0eda37042440c%3A1819)%0A%20%20%20%20at%20http%3A%2F%2Flocalhost%3A8080%2Fbase%2Fnode_modules%2Fjasmine-core%2Flib%2Fjasmine-core%2Fjasmine.js%3F578a1e5ff14db21b04e2d6db7fd0eda37042440c%3A1774%0A%20%20%20%20at%20http%3A%2F%2Flocalhost%3A8080%2Fbase%2Fnode_modules%2Fjasmine-core%2Flib%2Fjasmine-core%2Fjasmine.js%3F578a1e5ff14db21b04e2d6db7fd0eda37042440c%3A1801%0A%20%20%20%20at%20http%3A%2F%2Flocalhost%3A8080%2Fbase%2Fnode_modules%2Fjasmine-core%2Flib%2Fjasmine-core%2Fjasmine.js%3F578a1e5ff14db21b04e2d6db7fd0eda37042440c%3A1745%0A%20%20%20%20at%20complete%20(http%3A%2F%2Flocalhost%3A8080%2Fbase%2Fnode_modules%2Fjasmine-core%2Flib%2Fjasmine-core%2Fjasmine.js%3F578a1e5ff14db21b04e2d6db7fd0eda37042440c%3A365)%0A%20%20%20%20at%20clearStack%20(http%3A%2F%2Flocalhost%3A8080%2Fbase%2Fnode_modules%2Fjasmine-core%2Flib%2Fjasmine-core%2Fjasmine.js%3F578a1e5ff14db21b04e2d6db7fd0eda37042440c%3A605)%0A%20%20%20%20at%20http%3A%2F%2Flocalhost%3A8080%2Fbase%2Fnode_modules%2Fjasmine-core%2Flib%2Fjasmine-core%2Fjasmine.js%3F578a1e5ff14db21b04e2d6db7fd0eda37042440c%3A1784%0A%20%20%20%20at%20http%3A%2F%2Flocalhost%3A8080%2Fbase%2Fnode_modules%2Fjasmine-core%2Flib%2Fjasmine-core%2Fjasmine.js%3F578a1e5ff14db21b04e2d6db7fd0eda37042440c%3A1762%0A%20%20%20%20at%20http%3A%2F%2Flocalhost%3A8080%2Fbase%2Fnode_modules%2Fjasmine-core%2Flib%2Fjasmine-core%2Fjasmine.js%3F578a1e5ff14db21b04e2d6db7fd0eda37042440c%3A627%0A%20%20%20%20at%20http%3A%2F%2Flocalhost%3A8080%2Fbase%2Fnode_modules%2Fjasmine-core%2Flib%2Fjasmine-core%2Fjasmine.js%3F578a1e5ff14db21b04e2d6db7fd0eda37042440c%3A357%0A%20%20%20%20at%20http%3A%2F%2Flocalhost%3A8080%2Fbase%2Fnode_modules%2Fjasmine-core%2Flib%2Fjasmine-core%2Fjasmine.js%3F578a1e5ff14db21b04e2d6db7fd0eda37042440c%3A2360%0A%20%20%20%20at%20attemptAsync%20(http%3A%2F%2Flocalhost%3A8080%2Fbase%2Fnode_modules%2Fjasmine-core%2Flib%2Fjasmine-core%2Fjasmine.js%3F578a1e5ff14db21b04e2d6db7fd0eda37042440c%3A1819)%0A%20%20%20%20at%20http%3A%2F%2Flocalhost%3A8080%2Fbase%2Fnode_modules%2Fjasmine-core%2Flib%2Fjasmine-core%2Fjasmine.js%3F578a1e5ff14db21b04e2d6db7fd0eda37042440c%3A1774%0A%20%20%20%20at%20http%3A%2F%2Flocalhost%3A8080%2Fbase%2Fnode_modules%2Fjasmine-core%2Flib%2Fjasmine-core%2Fjasmine.js%3F578a1e5ff14db21b04e2d6db7fd0eda37042440c%3A1762%0A%20%20%20%20at%20http%3A%2F%2Flocalhost%3A8080%2Fbase%2Fnode_modules%2Fjasmine-core%2Flib%2Fjasmine-core%2Fjasmine.js%3F578a1e5ff14db21b04e2d6db7fd0eda37042440c%3A627%0A%20%20%20%20at%20http%3A%2F%2Flocalhost%3A8080%2Fbase%2Fnode_modules%2Fjasmine-core%2Flib%2Fjasmine-core%2Fjasmine.js%3F578a1e5ff14db21b04e2d6db7fd0eda37042440c%3A2354%0A%20%20%20%20at%20attemptAsync%20(http%3A%2F%2Flocalhost%3A8080%2Fbase%2Fnode_modules%2Fjasmine-core%2Flib%2Fjasmine-core%2Fjasmine.js%3F578a1e5ff14db21b04e2d6db7fd0eda37042440c%3A1819)%0A%20%20%20%20at%20http%3A%2F%2Flocalhost%3A8080%2Fbase%2Fnode_modules%2Fjasmine-core%2Flib%2Fjasmine-core%2Fjasmine.js%3F578a1e5ff14db21b04e2d6db7fd0eda37042440c%3A1774%0A%20%20%20%20at%20http%3A%2F%2Flocalhost%3A8080%2Fbase%2Fnode_modules%2Fjasmine-core%2Flib%2Fjasmine-core%2Fjasmine.js%3F578a1e5ff14db21b04e2d6db7fd0eda37042440c%3A1801%0A%20%20%20%20at%20http%3A%2F%2Flocalhost%3A8080%2Fbase%2Fnode_modules%2Fjasmine-core%2Flib%2Fjasmine-core%2Fjasmine.js%3F578a1e5ff14db21b04e2d6db7fd0eda37042440c%3A1745%0A%20%20%20%20at%20http%3A%2F%2Flocalhost%3A8080%2Fbase%2Fnode_modules%2Fjasmine-core%2Flib%2Fjasmine-core%2Fjasmine.js%3F578a1e5ff14db21b04e2d6db7fd0eda37042440c%3A2348%0A%20%20%20%20at%20clearStack%20(http%3A%2F%2Flocalhost%3A8080%2Fbase%2Fnode_modules%2Fjasmine-core%2Flib%2Fjasmine-core%2Fjasmine.js%3F578a1e5ff14db21b04e2d6db7fd0eda37042440c%3A605)%0A%20%20%20%20at%20http%3A%2F%2Flocalhost%3A8080%2Fbase%2Fnode_modules%2Fjasmine-core%2Flib%2Fjasmine-core%2Fjasmine.js%3F578a1e5ff14db21b04e2d6db7fd0eda37042440c%3A1784%0A%20%20%20%20at%20http%3A%2F%2Flocalhost%3A8080%2Fbase%2Fnode_modules%2Fjasmine-core%2Flib%2Fjasmine-core%2Fjasmine.js%3F578a1e5ff14db21b04e2d6db7fd0eda37042440c%3A1762%0A%20%20%20%20at%20http%3A%2F%2Flocalhost%3A8080%2Fbase%2Fnode_modules%2Fjasmine-core%2Flib%2Fjasmine-core%2Fjasmine.js%3F578a1e5ff14db21b04e2d6db7fd0eda37042440c%3A627%0A%20%20%20%20at%20http%3A%2F%2Flocalhost%3A8080%2Fbase%2Fnode_modules%2Fjasmine-core%2Flib%2Fjasmine-core%2Fjasmine.js%3F578a1e5ff14db21b04e2d6db7fd0eda37042440c%3A2354%0A%20%20%20%20at%20attemptAsync%20(http%3A%2F%2Flocalhost%3A8080%2Fbase%2Fnode_modules%2Fjasmine-core%2Flib%2Fjasmine-core%2Fjasmine.js%3F578a1e5ff14db21b04e2d6db7fd0eda37042440c%3A1819)%0A%20%20%20%20at%20http%3A%2F%2Flocalhost%3A8080%2Fbase%2Fnode_modules%2Fjasmine-core%2Flib%2Fjasmine-core%2Fjasmine.js%3F578a1e5ff14db21b04e2d6db7fd0eda37042440c%3A1774%0A%20%20%20%20at%20http%3A%2F%2Flocalhost%3A8080%2Fbase%2Fnode_modules%2Fjasmine-core%2Flib%2Fjasmine-core%2Fjasmine.js%3F578a1e5ff14db21b04e2d6db7fd0eda37042440c%3A1801%0A%20%20%20%20at%20http%3A%2F%2Flocalhost%3A8080%2Fbase%2Fnode_modules%2Fjasmine-core%2Flib%2Fjasmine-core%2Fjasmine.js%3F578a1e5ff14db21b04e2d6db7fd0eda37042440c%3A1745%0A%20%20%20%20at%20http%3A%2F%2Flocalhost%3A8080%2Fbase%2Fnode_modules%2Fjasmine-core%2Flib%2Fjasmine-core%2Fjasmine.js%3F578a1e5ff14db21b04e2d6db7fd0eda37042440c%3A2348%0A%20%20%20%20at%20clearStack%20(http%3A%2F%2Flocalhost%3A8080%2Fbase%2Fnode_modules%2Fjasmine-core%2Flib%2Fjasmine-core%2Fjasmine.js%3F578a1e5ff14db21b04e2d6db7fd0eda37042440c%3A605)%0A%20%20%20%20at%20http%3A%2F%2Flocalhost%3A8080%2Fbase%2Fnode_modules%2Fjasmine-core%2Flib%2Fjasmine-core%2Fjasmine.js%3F578a1e5ff14db21b04e2d6db7fd0eda37042440c%3A1784%0A%20%20%20%20at%20http%3A%2F%2Flocalhost%3A8080%2Fbase%2Fnode_modules%2Fjasmine-core%2Flib%2Fjasmine-core%2Fjasmine.js%3F578a1e5ff14db21b04e2d6db7fd0eda37042440c%3A1762%0A%20%20%20%20at%20http%3A%2F%2Flocalhost%3A8080%2Fbase%2Fnode_modules%2Fjasmine-core%2Flib%2Fjasmine-core%2Fjasmine.js%3F578a1e5ff14db21b04e2d6db7fd0eda37042440c%3A627%0A%20%20%20%20at%20http%3A%2F%2Flocalhost%3A8080%2Fbase%2Fnode_modules%2Fjasmine-core%2Flib%2Fjasmine-core%2Fjasmine.js%3F578a1e5ff14db21b04e2d6db7fd0eda37042440c%3A2354%0A%20%20%20%20at%20attemptAsync%20(http%3A%2F%2Flocalhost%3A8080%2Fbase%2Fnode_modules%2Fjasmine-core%2Flib%2Fjasmine-core%2Fjasmine.js%3F578a1e5ff14db21b04e2d6db7fd0eda37042440c%3A1819)%0A%20%20%20%20at%20http%3A%2F%2Flocalhost%3A8080%2Fbase%2Fnode_modules%2Fjasmine-core%2Flib%2Fjasmine-core%2Fjasmine.js%3F578a1e5ff14db21b04e2d6db7fd0eda37042440c%3A1774%0A%20%20%20%20at%20http%3A%2F%2Flocalhost%3A8080%2Fbase%2Fnode_modules%2Fjasmine-core%2Flib%2Fjasmine-core%2Fjasmine.js%3F578a1e5ff14db21b04e2d6db7fd0eda37042440c%3A1801%0A%20%20%20%20at%20http%3A%2F%2Flocalhost%3A8080%2Fbase%2Fnode_modules%2Fjasmine-core%2Flib%2Fjasmine-core%2Fjasmine.js%3F578a1e5ff14db21b04e2d6db7fd0eda37042440c%3A1745%0A%20%20%20%20at%20http%3A%2F%2Flocalhost%3A8080%2Fbase%2Fnode_modules%2Fjasmine-core%2Flib%2Fjasmine-core%2Fjasmine.js%3F578a1e5ff14db21b04e2d6db7fd0eda37042440c%3A2348%0A%20%20%20%20at%20clearStack%20(http%3A%2F%2Flocalhost%3A8080%2Fbase%2Fnode_modules%2Fjasmine-core%2Flib%2Fjasmine-core%2Fjasmine.js%3F578a1e5ff14db21b04e2d6db7fd0eda37042440c%3A605)%0A%20%20%20%20at%20http%3A%2F%2Flocalhost%3A8080%2Fbase%2Fnode_modules%2Fjasmine-core%2Flib%2Fjasmine-core%2Fjasmine.js%3F578a1e5ff14db21b04e2d6db7fd0eda37042440c%3A1784%0A%20%20%20%20at%20http%3A%2F%2Flocalhost%3A8080%2Fbase%2Fnode_modules%2Fjasmine-core%2Flib%2Fjasmine-core%2Fjasmine.js%3F578a1e5ff14db21b04e2d6db7fd0eda37042440c%3A1762%0A%20%20%20%20at%20http%3A%2F%2Flocalhost%3A8080%2Fbase%2Fnode_modules%2Fjasmine-core%2Flib%2Fjasmine-core%2Fjasmine.js%3F578a1e5ff14db21b04e2d6db7fd0eda37042440c%3A627%0A%20%20%20%20at%20http%3A%2F%2Flocalhost%3A8080%2Fbase%2Fnode_modules%2Fjasmine-core%2Flib%2Fjasmine-core%2Fjasmine.js%3F578a1e5ff14db21b04e2d6db7fd0eda37042440c%3A2354%0A%20%20%20%20at%20attemptAsync%20(http%3A%2F%2Flocalhost%3A8080%2Fbase%2Fnode_modules%2Fjasmine-core%2Flib%2Fjasmine-core%2Fjasmine.js%3F578a1e5ff14db21b04e2d6db7fd0eda37042440c%3A1819)%0A%20%20%20%20at%20http%3A%2F%2Flocalhost%3A8080%2Fbase%2Fnode_modules%2Fjasmine-core%2Flib%2Fjasmine-core%2Fjasmine.js%3F578a1e5ff14db21b04e2d6db7fd0eda37042440c%3A1774%0A%20%20%20%20at%20http%3A%2F%2Flocalhost%3A8080%2Fbase%2Fnode_modules%2Fjasmine-core%2Flib%2Fjasmine-core%2Fjasmine.js%3F578a1e5ff14db21b04e2d6db7fd0eda37042440c%3A1801%0A%20%20%20%20at%20http%3A%2F%2Flocalhost%3A8080%2Fbase%2Fnode_modules%2Fjasmine-core%2Flib%2Fjasmine-core%2Fjasmine.js%3F578a1e5ff14db21b04e2d6db7fd0eda37042440c%3A1745%0A%20%20%20%20at%20http%3A%2F%2Flocalhost%3A8080%2Fbase%2Fnode_modules%2Fjasmine-core%2Flib%2Fjasmine-core%2Fjasmine.js%3F578a1e5ff14db21b04e2d6db7fd0eda37042440c%3A2348%0A%20%20%20%20at%20clearStack%20(http%3A%2F%2Flocalhost%3A8080%2Fbase%2Fnode_modules%2Fjasmine-core%2Flib%2Fjasmine-core%2Fjasmine.js%3F578a1e5ff14db21b04e2d6db7fd0eda37042440c%3A605)%0A%20%20%20%20at%20http%3A%2F%2Flocalhost%3A8080%2Fbase%2Fnode_modules%2Fjasmine-core%2Flib%2Fjasmine-core%2Fjasmine.js%3F578a1e5ff14db21b04e2d6db7fd0eda37042440c%3A1784%0A%20%20%20%20at%20http%3A%2F%2Flocalhost%3A8080%2Fbase%2Fnode_modules%2Fjasmine-core%2Flib%2Fjasmine-core%2Fjasmine.js%3F578a1e5ff14db21b04e2d6db7fd0eda37042440c%3A1762%0A%20%20%20%20at%20http%3A%2F%2Flocalhost%3A8080%2Fbase%2Fnode_modules%2Fjasmine-core%2Flib%2Fjasmine-core%2Fjasmine.js%3F578a1e5ff14db21b04e2d6db7fd0eda37042440c%3A627%0A%20%20%20%20at%20http%3A%2F%2Flocalhost%3A8080%2Fbase%2Fnode_modules%2Fjasmine-core%2Flib%2Fjasmine-core%2Fjasmine.js%3F578a1e5ff14db21b04e2d6db7fd0eda37042440c%3A2354%0A%20%20%20%20at%20attemptAsync%20(http%3A%2F%2Flocalhost%3A8080%2Fbase%2Fnode_modules%2Fjasmine-core%2Flib%2Fjasmine-core%2Fjasmine.js%3F578a1e5ff14db21b04e2d6db7fd0eda37042440c%3A1819)%0A%20%20%20%20at%20http%3A%2F%2Flocalhost%3A8080%2Fbase%2Fnode_modules%2Fjasmine-core%2Flib%2Fjasmine-core%2Fjasmine.js%3F578a1e5ff14db21b04e2d6db7fd0eda37042440c%3A1774%0A%20%20%20%20at%20http%3A%2F%2Flocalhost%3A8080%2Fbase%2Fnode_modules%2Fjasmine-core%2Flib%2Fjasmine-core%2Fjasmine.js%3F578a1e5ff14db21b04e2d6db7fd0eda37042440c%3A1801%0A%20%20%20%20at%20http%3A%2F%2Flocalhost%3A8080%2Fbase%2Fnode_modules%2Fjasmine-core%2Flib%2Fjasmine-core%2Fjasmine.js%3F578a1e5ff14db21b04e2d6db7fd0eda37042440c%3A1745%0A%20%20%20%20at%20http%3A%2F%2Flocalhost%3A8080%2Fbase%2Fnode_modules%2Fjasmine-core%2Flib%2Fjasmine-core%2Fjasmine.js%3F578a1e5ff14db21b04e2d6db7fd0eda37042440c%3A2348%0A%20%20%20%20at%20clearStack%20(http%3A%2F%2Flocalhost%3A8080%2Fbase%2Fnode_modules%2Fjasmine-core%2Flib%2Fjasmine-core%2Fjasmine.js%3F578a1e5ff14db21b04e2d6db7fd0eda37042440c%3A605)%0A%20%20%20%20at%20http%3A%2F%2Flocalhost%3A8080%2Fbase%2Fnode_modules%2Fjasmine-core%2Flib%2Fjasmine-core%2Fjasmine.js%3F578a1e5ff14db21b04e2d6db7fd0eda37042440c%3A1784%0A%20%20%20%20at%20http%3A%2F%2Flocalhost%3A8080%2Fbase%2Fnode_modules%2Fjasmine-core%2Flib%2Fjasmine-core%2Fjasmine.js%3F578a1e5ff14db21b04e2d6db7fd0eda37042440c%3A1762%0A%20%20%20%20at%20http%3A%2F%2Flocalhost%3A8080%2Fbase%2Fnode_modules%2Fjasmine-core%2Flib%2Fjasmine-core%2Fjasmine.js%3F578a1e5ff14db21b04e2d6db7fd0eda37042440c%3A627%0A%20%20%20%20at%20http%3A%2F%2Flocalhost%3A8080%2Fbase%2Fnode_modules%2Fjasmine-core%2Flib%2Fjasmine-core%2Fjasmine.js%3F578a1e5ff14db21b04e2d6db7fd0eda37042440c%3A2354%0A%20%20%20%20at%20attemptAsync%20(http%3A%2F%2Flocalhost%3A8080%2Fbase%2Fnode_modules%2Fjasmine-core%2Flib%2Fjasmine-core%2Fjasmine.js%3F578a1e5ff14db21b04e2d6db7fd0eda37042440c%3A1819)%0A%20%20%20%20at%20http%3A%2F%2Flocalhost%3A8080%2Fbase%2Fnode_modules%2Fjasmine-core%2Flib%2Fjasmine-core%2Fjasmine.js%3F578a1e5ff14db21b04e2d6db7fd0eda37042440c%3A1774%0A%20%20%20%20at%20http%3A%2F%2Flocalhost%3A8080%2Fbase%2Fnode_modules%2Fjasmine-core%2Flib%2Fjasmine-core%2Fjasmine.js%3F578a1e5ff14db21b04e2d6db7fd0eda37042440c%3A1801%0A%20%20%20%20at%20http%3A%2F%2Flocalhost%3A8080%2Fbase%2Fnode_modules%2Fjasmine-core%2Flib%2Fjasmine-core%2Fjasmine.js%3F578a1e5ff14db21b04e2d6db7fd0eda37042440c%3A1745%0A%20%20%20%20at%20http%3A%2F%2Flocalhost%3A8080%2Fbase%2Fnode_modules%2Fjasmine-core%2Flib%2Fjasmine-core%2Fjasmine.js%3F578a1e5ff14db21b04e2d6db7fd0eda37042440c%3A2348%0A%20%20%20%20at%20clearStack%20(http%3A%2F%2Flocalhost%3A8080%2Fbase%2Fnode_modules%2Fjasmine-core%2Flib%2Fjasmine-core%2Fjasmine.js%3F578a1e5ff14db21b04e2d6db7fd0eda37042440c%3A605)%0A%20%20%20%20at%20http%3A%2F%2Flocalhost%3A8080%2Fbase%2Fnode_modules%2Fjasmine-core%2Flib%2Fjasmine-core%2Fjasmine.js%3F578a1e5ff14db21b04e2d6db7fd0eda37042440c%3A1784%0A%20%20%20%20at%20http%3A%2F%2Flocalhost%3A8080%2Fbase%2Fnode_modules%2Fjasmine-core%2Flib%2Fjasmine-core%2Fjasmine.js%3F578a1e5ff14db21b04e2d6db7fd0eda37042440c%3A1762%0A%20%20%20%20at%20http%3A%2F%2Flocalhost%3A8080%2Fbase%2Fnode_modules%2Fjasmine-core%2Flib%2Fjasmine-core%2Fjasmine.js%3F578a1e5ff14db21b04e2d6db7fd0eda37042440c%3A627%0A%20%20%20%20at%20http%3A%2F%2Flocalhost%3A8080%2Fbase%2Fnode_modules%2Fjasmine-core%2Flib%2Fjasmine-core%2Fjasmine.js%3F578a1e5ff14db21b04e2d6db7fd0eda37042440c%3A2354%0A%20%20%20%20at%20attemptAsync%20(http%3A%2F%2Flocalhost%3A8080%2Fbase%2Fnode_modules%2Fjasmine-core%2Flib%2Fjasmine-core%2Fjasmine.js%3F578a1e5ff14db21b04e2d6db7fd0eda37042440c%3A1819)%0A%20%20%20%20at%20http%3A%2F%2Flocalhost%3A8080%2Fbase%2Fnode_modules%2Fjasmine-core%2Flib%2Fjasmine-core%2Fjasmine.js%3F578a1e5ff14db21b04e2d6db7fd0eda37042440c%3A1774%0A%20%20%20%20at%20http%3A%2F%2Flocalhost%3A8080%2Fbase%2Fnode_modules%2Fjasmine-core%2Flib%2Fjasmine-core%2Fjasmine.js%3F578a1e5ff14db21b04e2d6db7fd0eda37042440c%3A1801%0A%20%20%20%20at%20http%3A%2F%2Flocalhost%3A8080%2Fbase%2Fnode_modules%2Fjasmine-core%2Flib%2Fjasmine-core%2Fjasmine.js%3F578a1e5ff14db21b04e2d6db7fd0eda37042440c%3A1745%0A%20%20%20%20at%20http%3A%2F%2Flocalhost%3A8080%2Fbase%2Fnode_modules%2Fjasmine-core%2Flib%2Fjasmine-core%2Fjasmine.js%3F578a1e5ff14db21b04e2d6db7fd0eda37042440c%3A2348%0A%20%20%20%20at%20clearStack%20(http%3A%2F%2Flocalhost%3A8080%2Fbase%2Fnode_modules%2Fjasmine-core%2Flib%2Fjasmine-core%2Fjasmine.js%3F578a1e5ff14db21b04e2d6db7fd0eda37042440c%3A605)%0A%20%20%20%20at%20http%3A%2F%2Flocalhost%3A8080%2Fbase%2Fnode_modules%2Fjasmine-core%2Flib%2Fjasmine-core%2Fjasmine.js%3F578a1e5ff14db21b04e2d6db7fd0eda37042440c%3A1784%0A%20%20%20%20at%20http%3A%2F%2Flocalhost%3A8080%2Fbase%2Fnode_modules%2Fjasmine-core%2Flib%2Fjasmine-core%2Fjasmine.js%3F578a1e5ff14db21b04e2d6db7fd0eda37042440c%3A1762%0A%20%20%20%20at%20http%3A%2F%2Flocalhost%3A8080%2Fbase%2Fnode_modules%2Fjasmine-core%2Flib%2Fjasmine-core%2Fjasmine.js%3F578a1e5ff14db21b04e2d6db7fd0eda37042440c%3A627%0A%20%20%20%20at%20http%3A%2F%2Flocalhost%3A8080%2Fbase%2Fnode_modules%2Fjasmine-core%2Flib%2Fjasmine-core%2Fjasmine.js%3F578a1e5ff14db21b04e2d6db7fd0eda37042440c%3A2354%0A%20%20%20%20at%20attemptAsync%20(http%3A%2F%2Flocalhost%3A8080%2Fbase%2Fnode_modules%2Fjasmine-core%2Flib%2Fjasmine-core%2Fjasmine.js%3F578a1e5ff14db21b04e2d6db7fd0eda37042440c%3A1819)%0A%20%20%20%20at%20http%3A%2F%2Flocalhost%3A8080%2Fbase%2Fnode_modules%2Fjasmine-core%2Flib%2Fjasmine-core%2Fjasmine.js%3F578a1e5ff14db21b04e2d6db7fd0eda37042440c%3A1774%0A%20%20%20%20at%20http%3A%2F%2Flocalhost%3A8080%2Fbase%2Fnode_modules%2Fjasmine-core%2Flib%2Fjasmine-core%2Fjasmine.js%3F578a1e5ff14db21b04e2d6db7fd0eda37042440c%3A1762%0A%20%20%20%20at%20http%3A%2F%2Flocalhost%3A8080%2Fbase%2Fnode_modules%2Fjasmine-core%2Flib%2Fjasmine-core%2Fjasmine.js%3F578a1e5ff14db21b04e2d6db7fd0eda37042440c%3A627%0A%20%20%20%20at%20http%3A%2F%2Flocalhost%3A8080%2Fbase%2Fnode_modules%2Fjasmine-core%2Flib%2Fjasmine-core%2Fjasmine.js%3F578a1e5ff14db21b04e2d6db7fd0eda37042440c%3A2215%0A%20%20%20%20at%20http%3A%2F%2Flocalhost%3A8080%2Fbase%2Fnode_modules%2Fjasmine-core%2Flib%2Fjasmine-core%2Fjasmine.js%3F578a1e5ff14db21b04e2d6db7fd0eda37042440c%3A678%0A%20%20%20%20at%20http%3A%2F%2Flocalhost%3A8080%2Fbase%2Fnode_modules%2Fkarma-jasmine%2Flib%2Fadapter.js%3F0a69ad1fa10cc8be0a12b241227d3b834f82db4f%3A317%0A%20%20%20%20at%20http%3A%2F%2Flocalhost%3A8080%2Fkarma.js%3A185%0A%20%20%20%20at%20http%3A%2F%2Flocalhost%3A8080%2Fcontext.html%3A127%0Ahttp%3A%2F%2Ferrors.angularjs.org%2F1.4.1%2F%24injector%2Fmodulerr%3Fp0%3Dui.bootstrap%26p1%3DError%253A%2520%255B%2524injector%253Anomod%255D%2520Module%2520&apos;ui.bootstrap&apos;%2520is%2520not%2520available!%2520You%2520either%2520misspelled%2520the%2520module%2520name%2520or%2520forgot%2520to%2520load%2520it.%2520If%2520registering%2520a%2520module%2520ensure%2520that%2520you%2520specify%2520the%2520dependencies%2520as%2520the%2520second%2520argument.%250Ahttp%253A%252F%252Ferrors.angularjs.org%252F1.4.1%252F%2524injector%252Fnomod%253Fp0%253Dui.bootstrap%250A%2520%2520%2520%2520at%2520http%253A%252F%252Flocalhost%253A8080%252Fbase%252Fapp%252Fvendor%252Fangular%252Fangular.js%253F9d140432f81858ac1e7888708720d419d147ffa9%253A1951%250A%2520%2520%2520%2520at%2520ensure%2520(http%253A%252F%252Flocalhost%253A8080%252Fbase%252Fapp%252Fvendor%252Fangular%252Fangular.js%253F9d140432f81858ac1e7888708720d419d147ffa9%253A1873)%250A%2520%2520%2520%2520at%2520module%2520(http%253A%252F%252Flocalhost%253A8080%252Fbase%252Fapp%252Fvendor%252Fangular%252Fangular.js%253F9d140432f81858ac1e7888708720d419d147ffa9%253A2201)%250A%2520%2520%2520%2520at%2520http%253A%252F%252Flocalhost%253A8080%252Fbase%252Fapp%252Fvendor%252Fangular%252Fangular.js%253F9d140432f81858ac1e7888708720d419d147ffa9%253A4355%250A%2520%2520%2520%2520at%2520forEach%2520(http%253A%252F%252Flocalhost%253A8080%252Fbase%252Fapp%252Fvendor%252Fangular%252Fangular.js%253F9d140432f81858ac1e7888708720d419d147ffa9%253A336)%250A%2520%2520%2520%2520at%2520loadModules%2520(http%253A%252F%252Flocalhost%253A8080%252Fbase%252Fapp%252Fvendor%252Fangular%252Fangular.js%253F9d140432f81858ac1e7888708720d419d147ffa9%253A4381)%250A%2520%2520%2520%2520at%2520http%253A%252F%252Flocalhost%253A8080%252Fbase%252Fapp%252Fvendor%252Fangular%252Fangular.js%253F9d140432f81858ac1e7888708720d419d147ffa9%253A4356%250A%2520%2520%2520%2520at%2520forEach%2520(http%253A%252F%252Flocalhost%253A8080%252Fbase%252Fapp%252Fvendor%252Fangular%252Fangular.js%253F9d140432f81858ac1e7888708720d419d147ffa9%253A336)%250A%2520%2520%2520%2520at%2520loadModules%2520(http%253A%252F%252Flocalhost%253A8080%252Fbase%252Fapp%252Fvendor%252Fangular%252Fangular.js%253F9d140432f81858ac1e7888708720d419d147ffa9%253A4381)%250A%2520%2520%2520%2520at%2520createInjector%2520(http%253A%252F%252Flocalhost%253A8080%252Fbase%252Fapp%252Fvendor%252Fangular%252Fangular.js%253F9d140432f81858ac1e7888708720d419d147ffa9%253A4265)%250A%2520%2520%2520%2520at%2520workFn%2520(http%253A%252F%252Flocalhost%253A8080%252Fbase%252Fapp%252Fvendor%252Fangular-mocks%252Fangular-mocks.js%253F6fe041cc8bb7a17f894cb12d8b0d44b12644f10a%253A2409)%250A%2520%2520%2520%2520at%2520attemptSync%2520(http%253A%252F%252Flocalhost%253A8080%252Fbase%252Fnode_modules%252Fjasmine-core%252Flib%252Fjasmine-core%252Fjasmine.js%253F578a1e5ff14db21b04e2d6db7fd0eda37042440c%253A1789)%250A%2520%2520%2520%2520at%2520http%253A%252F%252Flocalhost%253A8080%252Fbase%252Fnode_modules%252Fjasmine-core%252Flib%252Fjasmine-core%252Fjasmine.js%253F578a1e5ff14db21b04e2d6db7fd0eda37042440c%253A1777%250A%2520%2520%2520%2520at%2520http%253A%252F%252Flocalhost%253A8080%252Fbase%252Fnode_modules%252Fjasmine-core%252Flib%252Fjasmine-core%252Fjasmine.js%253F578a1e5ff14db21b04e2d6db7fd0eda37042440c%253A1762%250A%2520%2520%2520%2520at%2520http%253A%252F%252Flocalhost%253A8080%252Fbase%252Fnode_modules%252Fjasmine-core%252Flib%252Fjasmine-core%252Fjasmine.js%253F578a1e5ff14db21b04e2d6db7fd0eda37042440c%253A627%250A%2520%2520%2520%2520at%2520http%253A%252F%252Flocalhost%253A8080%252Fbase%252Fnode_modules%252Fjasmine-core%252Flib%252Fjasmine-core%252Fjasmine.js%253F578a1e5ff14db21b04e2d6db7fd0eda37042440c%253A357%250A%2520%2520%2520%2520at%2520http%253A%252F%252Flocalhost%253A8080%252Fbase%252Fnode_modules%252Fjasmine-core%252Flib%252Fjasmine-core%252Fjasmine.js%253F578a1e5ff14db21b04e2d6db7fd0eda37042440c%253A2360%250A%2520%2520%2520%2520at%2520attemptAsync%2520(http%253A%252F%252Flocalhost%253A8080%252Fbase%252Fnode_modules%252Fjasmine-core%252Flib%252Fjasmine-core%252Fjasmine.js%253F578a1e5ff14db21b04e2d6db7fd0eda37042440c%253A1819)%250A%2520%2520%2520%2520at%2520http%253A%252F%252Flocalhost%253A8080%252Fbase%252Fnode_modules%252Fjasmine-core%252Flib%252Fjasmine-core%252Fjasmine.js%253F578a1e5ff14db21b04e2d6db7fd0eda37042440c%253A1774%250A%2520%2520%2520%2520at%2520http%253A%252F%252Flocalhost%253A8080%252Fbase%252Fnode_modules%252Fjasmine-core%252Flib%252Fjasmine-core%252Fjasmine.js%253F578a1e5ff14db21b04e2d6db7fd0eda37042440c%253A1762%250A%2520%2520%2520%2520at%2520http%253A%252F%252Flocalhost%253A8080%252Fbase%252Fnode_modules%252Fjasmine-core%252Flib%252Fjasmine-core%252Fjasmine.js%253F578a1e5ff14db21b04e2d6db7fd0eda37042440c%253A627%250A%2520%2520%2520%2520at%2520http%253A%252F%252Flocalhost%253A8080%252Fbase%252Fnode_modules%252Fjasmine-core%252Flib%252Fjasmine-core%252Fjasmine.js%253F578a1e5ff14db21b04e2d6db7fd0eda37042440c%253A2354%250A%2520%2520%2520%2520at%2520attemptAsync%2520(http%253A%252F%252Flocalhost%253A8080%252Fbase%252Fnode_modules%252Fjasmine-core%252Flib%252Fjasmine-core%252Fjasmine.js%253F578a1e5ff14db21b04e2d6db7fd0eda37042440c%253A1819)%250A%2520%2520%2520%2520at%2520http%253A%252F%252Flocalhost%253A8080%252Fbase%252Fnode_modules%252Fjasmine-core%252Flib%252Fjasmine-core%252Fjasmine.js%253F578a1e5ff14db21b04e2d6db7fd0eda37042440c%253A1774%250A%2520%2520%2520%2520at%2520http%253A%252F%252Flocalhost%253A8080%252Fbase%252Fnode_modules%252Fjasmine-core%252Flib%252Fjasmine-core%252Fjasmine.js%253F578a1e5ff14db21b04e2d6db7fd0eda37042440c%253A1801%250A%2520%2520%2520%2520at%2520http%253A%252F%252Flocalhost%253A8080%252Fbase%252Fnode_modules%252Fjasmine-core%252Flib%252Fjasmine-core%252Fjasmine.js%253F578a1e5ff14db21b04e2d6db7fd0eda37042440c%253A1745%250A%2520%2520%2520%2520at%2520http%253A%252F%252Flocalhost%253A8080%252Fbase%252Fnode_modules%252Fjasmine-core%252Flib%252Fjasmine-core%252Fjasmine.js%253F578a1e5ff14db21b04e2d6db7fd0eda37042440c%253A2348%250A%2520%2520%2520%2520at%2520clearStack%2520(http%253A%252F%252Flocalhost%253A8080%252Fbase%252Fnode_modules%252Fjasmine-core%252Flib%252Fjasmine-core%252Fjasmine.js%253F578a1e5ff14db21b04e2d6db7fd0eda37042440c%253A605)%250A%2520%2520%2520%2520at%2520http%253A%252F%252Flocalhost%253A8080%252Fbase%252Fnode_modules%252Fjasmine-core%252Flib%252Fjasmine-core%252Fjasmine.js%253F578a1e5ff14db21b04e2d6db7fd0eda37042440c%253A1784%250A%2520%2520%2520%2520at%2520http%253A%252F%252Flocalhost%253A8080%252Fbase%252Fnode_modules%252Fjasmine-core%252Flib%252Fjasmine-core%252Fjasmine.js%253F578a1e5ff14db21b04e2d6db7fd0eda37042440c%253A1801%250A%2520%2520%2520%2520at%2520http%253A%252F%252Flocalhost%253A8080%252Fbase%252Fnode_modules%252Fjasmine-core%252Flib%252Fjasmine-core%252Fjasmine.js%253F578a1e5ff14db21b04e2d6db7fd0eda37042440c%253A1745%250A%2520%2520%2520%2520at%2520complete%2520(http%253A%252F%252Flocalhost%253A8080%252Fbase%252Fnode_modules%252Fjasmine-core%252Flib%252Fjasmine-core%252Fjasmine.js%253F578a1e5ff14db21b04e2d6db7fd0eda37042440c%253A365)%250A%2520%2520%2520%2520at%2520clearStack%2520(http%253A%252F%252Flocalhost%253A8080%252Fbase%252Fnode_modules%252Fjasmine-core%252Flib%252Fjasmine-core%252Fjasmine.js%253F578a1e5ff14db21b04e2d6db7fd0eda37042440c%253A605)%250A%2520%2520%2520%2520at%2520http%253A%252F%252Flocalhost%253A8080%252Fbase%252Fnode_modules%252Fjasmine-core%252Flib%252Fjasmine-core%252Fjasmine.js%253F578a1e5ff14db21b04e2d6db7fd0eda37042440c%253A1784%250A%2520%2520%2520%2520at%2520http%253A%252F%252Flocalhost%253A8080%252Fbase%252Fnode_modules%252Fjasmine-core%252Flib%252Fjasmine-core%252Fjasmine.js%253F578a1e5ff14db21b04e2d6db7fd0eda37042440c%253A1762%250A%2520%2520%2520%2520at%2520http%253A%252F%252Flocalhost%253A8080%252Fbase%252Fnode_modules%252Fjasmine-core%252Flib%252Fjasmine-core%252Fjasmine.js%253F578a1e5ff14db21b04e2d6db7fd0eda37042440c%253A627%250A%2520%2520%2520%2520at%2520http%253A%252F%252Flocalhost%253A8080%252Fbase%252Fnode_modules%252Fjasmine-core%252Flib%252Fjasmine-core%252Fjasmine.js%253F578a1e5ff14db21b04e2d6db7fd0eda37042440c%253A357%250A%2520%2520%2520%2520at%2520http%253A%252F%252Flocalhost%253A8080%252Fbase%252Fnode_modules%252Fjasmine-core%252Flib%252Fjasmine-core%252Fjasmine.js%253F578a1e5ff14db21b04e2d6db7fd0eda37042440c%253A2360%250A%2520%2520%2520%2520at%2520attemptAsync%2520(http%253A%252F%252Flocalhost%253A8080%252Fbase%252Fnode_modules%252Fjasmine-core%252Flib%252Fjasmine-core%252Fjasmine.js%253F578a1e5ff14db21b04e2d6db7fd0eda37042440c%253A1819)%250A%2520%2520%2520%2520at%2520http%253A%252F%252Flocalhost%253A8080%252Fbase%252Fnode_modules%252Fjasmine-core%252Flib%252Fjasmine-core%252Fjasmine.js%253F578a1e5ff14db21b04e2d6db7fd0eda37042440c%253A1774%250A%2520%2520%2520%2520at%2520http%253A%252F%252Flocalhost%253A8080%252Fbase%252Fnode_modules%252Fjasmine-core%252Flib%252Fjasmine-core%252Fjasmine.js%253F578a1e5ff14db21b04e2d6db7fd0eda37042440c%253A1801%250A%2520%2520%2520%2520at%2520http%253A%252F%252Flocalhost%253A8080%252Fbase%252Fnode_modules%252Fjasmine-core%252Flib%252Fjasmine-core%252Fjasmine.js%253F578a1e5ff14db21b04e2d6db7fd0eda37042440c%253A1745%250A%2520%2520%2520%2520at%2520complete%2520(http%253A%252F%252Flocalhost%253A8080%252Fbase%252Fnode_modules%252Fjasmine-core%252Flib%252Fjasmine-core%252Fjasmine.js%253F578a1e5ff14db21b04e2d6db7fd0eda37042440c%253A365)%250A%2520%2520%2520%2520at%2520clearStack%2520(http%253A%252F%252Flocalhost%253A8080%252Fbase%252Fnode_modules%252Fjasmine-core%252Flib%252Fjasmine-core%252Fjasmine.js%253F578a1e5ff14db21b04e2d6db7fd0eda37042440c%253A605)%250A%2520%2520%2520%2520at%2520http%253A%252F%252Flocalhost%253A8080%252Fbase%252Fnode_modules%252Fjasmine-core%252Flib%252Fjasmine-core%252Fjasmine.js%253F578a1e5ff14db21b04e2d6db7fd0eda37042440c%253A1784%250A%2520%2520%2520%2520at%2520http%253A%252F%252Flocalhost%253A8080%252Fbase%252Fnode_modules%252Fjasmine-core%252Flib%252Fjasmine-core%252Fjasmine.js%253F578a1e5ff14db21b04e2d6db7fd0eda37042440c%253A1762%250A%2520%2520%2520%2520at%2520http%253A%252F%252Flocalhost%253A8080%252Fbase%252Fnode_modules%252Fjasmine-core%252Flib%252Fjasmine-core%252Fjasmine.js%253F578a1e5ff14db21b04e2d6db7fd0eda37042440c%253A627%250A%2520%2520%2520%2520at%2520http%253A%252F%252Flocalhost%253A8080%252Fbase%252Fnode_modules%252Fjasmine-core%252Flib%252Fjasmine-core%252Fjasmine.js%253F578a1e5ff14db21b04e2d6db7fd0eda37042440c%253A357%250A%2520%2520%2520%2520at%2520http%253A%252F%252Flocalhost%253A8080%252Fbase%252Fnode_modules%252Fjasmine-core%252Flib%252Fjasmine-core%252Fjasmine.js%253F578a1e5ff14db21b04e2d6db7fd0eda37042440c%253A2360%250A%2520%2520%2520%2520at%2520attemptAsync%2520(http%253A%252F%252Flocalhost%253A8080%252Fbase%252Fnode_modules%252Fjasmine-core%252Flib%252Fjasmine-core%252Fjasmine.js%253F578a1e5ff14db21b04e2d6db7fd0eda37042440c%253A1819)%250A%2520%2520%2520%2520at%2520http%253A%252F%252Flocalhost%253A8080%252Fbase%252Fnode_modules%252Fjasmine-core%252Flib%252Fjasmine-core%252Fjasmine.js%253F578a1e5ff14db21b04e2d6db7fd0eda37042440c%253A1774%250A%2520%2520%2520%2520at%2520http%253A%252F%252Flocalhost%253A8080%252Fbase%252Fnode_modules%252Fjasmine-core%252Flib%252Fjasmine-core%252Fjasmine.js%253F578a1e5ff14db21b04e2d6db7fd0eda37042440c%253A1801%250A%2520%2520%2520%2520at%2520http%253A%252F%252Flocalhost%253A8080%252Fbase%252Fnode_modules%252Fjasmine-core%252Flib%252Fjasmine-core%252Fjasmine.js%253F578a1e5ff14db21b04e2d6db7fd0eda37042440c%253A1745%250A%2520%2520%2520%2520at%2520complete%2520(http%253A%252F%252Flocalhost%253A8080%252Fbase%252Fnode_modules%252Fjasmine-core%252Flib%252Fjasmine-core%252Fjasmine.js%253F578a1e5ff14db21b04e2d6db7fd0eda37042440c%253A365)%250A%2520%2520%2520%2520at%2520clearStack%2520(http%253A%252F%252Flocalhost%253A8080%252Fbase%252Fnode_modules%252Fjasmine-core%252Flib%252Fjasmine-core%252Fjasmine.js%253F578a1e5ff14db21b04e2d6db7fd0eda37042440c%253A605)%250A%2520%2520%2520%2520at%2520http%253A%252F%252Flocalhost%253A8080%252Fbase%252Fnode_modules%252Fjasmine-core%252Flib%252Fjasmine-core%252Fjasmine.js%253F578a1e5ff14db21b04e2d6db7fd0eda37042440c%253A1784%250A%2520%2520%2520%2520at%2520http%253A%252F%252Flocalhost%253A8080%252Fbase%252Fnode_modules%252Fjasmine-core%252Flib%252Fjasmine-core%252Fjasmine.js%253F578a1e5ff14db21b04e2d6db7fd0eda37042440c%253A1762%250A%2520%2520%2520%2520at%2520http%253A%252F%252Flocalhost%253A8080%252Fbase%252Fnode_modules%252Fjasmine-core%252Flib%252Fjasmine-core%252Fjasmine.js%253F578a1e5ff14db21b04e2d6db7fd0eda37042440c%253A627%250A%2520%2520%2520%2520at%2520http%253A%252F%252Flocalhost%253A8080%252Fbase%252Fnode_modules%252Fjasmine-core%252Flib%252Fjasmine-core%252Fjasmine.js%253F578a1e5ff14db21b04e2d6db7fd0eda37042440c%253A357%250A%2520%2520%2520%2520at%2520http%253A%252F%252Flocalhost%253A8080%252Fbase%252Fnode_modules%252Fjasmine-core%252Flib%252Fjasmine-core%252Fjasmine.js%253F578a1e5ff14db21b04e2d6db7fd0eda37042440c%253A2360%250A%2520%2520%2520%2520at%2520attemptAsync%2520(http%253A%252F%252Flocalhost%253A8080%252Fbase%252Fnode_modules%252Fjasmine-core%252Flib%252Fjasmine-core%252Fjasmine.js%253F578a1e5ff14db21b04e2d6db7fd0eda37042440c%253A1819)%250A%2520%2520%2520%2520at%2520http%253A%252F%252Flocalhost%253A8080%252Fbase%252Fnode_modules%252Fjasmine-core%252Flib%252Fjasmine-core%252Fjasmine.js%253F578a1e5ff14db21b04e2d6db7fd0eda37042440c%253A1774%250A%2520%2520%2520%2520at%2520http%253A%252F%252Flocalhost%253A8080%252Fbase%252Fnode_modules%252Fjasmine-core%252Flib%252Fjasmine-core%252Fjasmine.js%253F578a1e5ff14db21b04e2d6db7fd0eda37042440c%253A1801%250A%2520%2520%2520%2520at%2520http%253A%252F%252Flocalhost%253A8080%252Fbase%252Fnode_modules%252Fjasmine-core%252Flib%252Fjasmine-core%252Fjasmine.js%253F578a1e5ff14db21b04e2d6db7fd0eda37042440c%253A1745%250A%2520%2520%2520%2520at%2520complete%2520(http%253A%252F%252Flocalhost%253A8080%252Fbase%252Fnode_modules%252Fjasmine-core%252Flib%252Fjasmine-core%252Fjasmine.js%253F578a1e5ff14db21b04e2d6db7fd0eda37042440c%253A365)%250A%2520%2520%2520%2520at%2520clearStack%2520(http%253A%252F%252Flocalhost%253A8080%252Fbase%252Fnode_modules%252Fjasmine-core%252Flib%252Fjasmine-core%252Fjasmine.js%253F578a1e5ff14db21b04e2d6db7fd0eda37042440c%253A605)%250A%2520%2520%2520%2520at%2520http%253A%252F%252Flocalhost%253A8080%252Fbase%252Fnode_modules%252Fjasmine-core%252Flib%252Fjasmine-core%252Fjasmine.js%253F578a1e5ff14db21b04e2d6db7fd0eda37042440c%253A1784%250A%2520%2520%2520%2520at%2520http%253A%252F%252Flocalhost%253A8080%252Fbase%252Fnode_modules%252Fjasmine-core%252Flib%252Fjasmine-core%252Fjasmine.js%253F578a1e5ff14db21b04e2d6db7fd0eda37042440c%253A1762%250A%2520%2520%2520%2520at%2520http%253A%252F%252Flocalhost%253A8080%252Fbase%252Fnode_modules%252Fjasmine-core%252Flib%252Fjasmine-core%252Fjasmine.js%253F578a1e5ff14db21b04e2d6db7fd0eda37042440c%253A627%250A%2520%2520%2520%2520at%2520http%253A%252F%252Flocalhost%253A8080%252Fbase%252Fnode_modules%252Fjasmine-core%252Flib%252Fjasmine-core%252Fjasmine.js%253F578a1e5ff14db21b04e2d6db7fd0eda37042440c%253A357%250A%2520%2520%2520%2520at%2520http%253A%252F%252Flocalhost%253A8080%252Fbase%252Fnode_modules%252Fjasmine-core%252Flib%252Fjasmine-core%252Fjasmine.js%253F578a1e5ff14db21b04e2d6db7fd0eda37042440c%253A2360%250A%2520%2520%2520%2520at%2520attemptAsync%2520(http%253A%252F%252Flocalhost%253A8080%252Fbase%252Fnode_modules%252Fjasmine-core%252Flib%252Fjasmine-core%252Fjasmine.js%253F578a1e5ff14db21b04e2d6db7fd0eda37042440c%253A1819)%250A%2520%2520%2520%2520at%2520http%253A%252F%252Flocalhost%253A8080%252Fbase%252Fnode_modules%252Fjasmine-core%252Flib%252Fjasmine-core%252Fjasmine.js%253F578a1e5ff14db21b04e2d6db7fd0eda37042440c%253A1774%250A%2520%2520%2520%2520at%2520http%253A%252F%252Flocalhost%253A8080%252Fbase%252Fnode_modules%252Fjasmine-core%252Flib%252Fjasmine-core%252Fjasmine.js%253F578a1e5ff14db21b04e2d6db7fd0eda37042440c%253A1801%250A%2520%2520%2520%2520at%2520http%253A%252F%252Flocalhost%253A8080%252Fbase%252Fnode_modules%252Fjasmine-core%252Flib%252Fjasmine-core%252Fjasmine.js%253F578a1e5ff14db21b04e2d6db7fd0eda37042440c%253A1745%250A%2520%2520%2520%2520at%2520complete%2520(http%253A%252F%252Flocalhost%253A8080%252Fbase%252Fnode_modules%252Fjasmine-core%252Flib%252Fjasmine-core%252Fjasmine.js%253F578a1e5ff14db21b04e2d6db7fd0eda37042440c%253A365)%250A%2520%2520%2520%2520at%2520clearStack%2520(http%253A%252F%252Flocalhost%253A8080%252Fbase%252Fnode_modules%252Fjasmine-core%252Flib%252Fjasmine-core%252Fjasmine.js%253F578a1e5ff14db21b04e2d6db7fd0eda37042440c%253A605)%250A%2520%2520%2520%2520at%2520http%253A%252F%252Flocalhost%253A8080%252Fbase%252Fnode_modules%252Fjasmine-core%252Flib%252Fjasmine-core%252Fjasmine.js%253F578a1e5ff14db21b04e2d6db7fd0eda37042440c%253A1784%250A%2520%2520%2520%2520at%2520http%253A%252F%252Flocalhost%253A8080%252Fbase%252Fnode_modules%252Fjasmine-core%252Flib%252Fjasmine-core%252Fjasmine.js%253F578a1e5ff14db21b04e2d6db7fd0eda37042440c%253A1762%250A%2520%2520%2520%2520at%2520http%253A%252F%252Flocalhost%253A8080%252Fbase%252Fnode_modules%252Fjasmine-core%252Flib%252Fjasmine-core%252Fjasmine.js%253F578a1e5ff14db21b04e2d6db7fd0eda37042440c%253A627%250A%2520%2520%2520%2520at%2520http%253A%252F%252Flocalhost%253A8080%252Fbase%252Fnode_modules%252Fjasmine-core%252Flib%252Fjasmine-core%252Fjasmine.js%253F578a1e5ff14db21b04e2d6db7fd0eda37042440c%253A357%250A%2520%2520%2520%2520at%2520http%253A%252F%252Flocalhost%253A8080%252Fbase%252Fnode_modules%252Fjasmine-core%252Flib%252Fjasmine-core%252Fjasmine.js%253F578a1e5ff14db21b04e2d6db7fd0eda37042440c%253A2360%250A%2520%2520%2520%2520at%2520attemptAsync%2520(http%253A%252F%252Flocalhost%253A8080%252Fbase%252Fnode_modules%252Fjasmine-core%252Flib%252Fjasmine-core%252Fjasmine.js%253F578a1e5ff14db21b04e2d6db7fd0eda37042440c%253A1819)%250A%2520%2520%2520%2520at%2520http%253A%252F%252Flocalhost%253A8080%252Fbase%252Fnode_modules%252Fjasmine-core%252Flib%252Fjasmine-core%252Fjasmine.js%253F578a1e5ff14db21b04e2d6db7fd0eda37042440c%253A1774%250A%2520%2520%2520%2520at%2520http%253A%252F%252Flocalhost%253A8080%252Fbase%252Fnode_modules%252Fjasmine-core%252Flib%252Fjasmine-core%252Fjasmine.js%253F578a1e5ff14db21b04e2d6db7fd0eda37042440c%253A1801%250A%2520%2520%2520%2520at%2520http%253A%252F%252Flocalhost%253A8080%252Fbase%252Fnode_modules%252Fjasmine-core%252Flib%252Fjasmine-core%252Fjasmine.js%253F578a1e5ff14db21b04e2d6db7fd0eda37042440c%253A1745%250A%2520%2520%2520%2520at%2520complete%2520(http%253A%252F%252Flocalhost%253A8080%252Fbase%252Fnode_modules%252Fjasmine-core%252Flib%252Fjasmine-core%252Fjasmine.js%253F578a1e5ff14db21b04e2d6db7fd0eda37042440c%253A365)%250A%2520%2520%2520%2520at%2520clearStack%2520(http%253A%252F%252Flocalhost%253A8080%252Fbase%252Fnode_modules%252Fjasmine-core%252Flib%252Fjasmine-core%252Fjasmine.js%253F578a1e5ff14db21b04e2d6db7fd0eda37042440c%253A605)%250A%2520%2520%2520%2520at%2520http%253A%252F%252Flocalhost%253A8080%252Fbase%252Fnode_modules%252Fjasmine-core%252Flib%252Fjasmine-core%252Fjasmine.js%253F578a1e5ff14db21b04e2d6db7fd0eda37042440c%253A1784%250A%2520%2520%2520%2520at%2520http%253A%252F%252Flocalhost%253A8080%252Fbase%252Fnode_modules%252Fjasmine-core%252Flib%252Fjasmine-core%252Fjasmine.js%253F578a1e5ff14db21b04e2d6db7fd0eda37042440c%253A1762%250A%2520%2520%2520%2520at%2520http%253A%252F%252Flocalhost%253A8080%252Fbase%252Fnode_modules%252Fjasmine-core%252Flib%252Fjasmine-core%252Fjasmine.js%253F578a1e5ff14db21b04e2d6db7fd0eda37042440c%253A627%250A%2520%2520%2520%2520at%2520http%253A%252F%252Flocalhost%253A8080%252Fbase%252Fnode_modules%252Fjasmine-core%252Flib%252Fjasmine-core%252Fjasmine.js%253F578a1e5ff14db21b04e2d6db7fd0eda37042440c%253A357%250A%2520%2520%2520%2520at%2520http%253A%252F%252Flocalhost%253A8080%252Fbase%252Fnode_modules%252Fjasmine-core%252Flib%252Fjasmine-core%252Fjasmine.js%253F578a1e5ff14db21b04e2d6db7fd0eda37042440c%253A2360%250A%2520%2520%2520%2520at%2520attemptAsync%2520(http%253A%252F%252Flocalhost%253A8080%252Fbase%252Fnode_modules%252Fjasmine-core%252Flib%252Fjasmine-core%252Fjasmine.js%253F578a1e5ff14db21b04e2d6db7fd0eda37042440c%253A1819)%250A%2520%2520%2520%2520at%2520http%253A%252F%252Flocalhost%253A8080%252Fbase%252Fnode_modules%252Fjasmine-core%252Flib%252Fjasmine-core%252Fjasmine.js%253F578a1e5ff14db21b04e2d6db7fd0eda37042440c%253A1774%250A%2520%2520%2520%2520at%2520http%253A%252F%252Flocalhost%253A8080%252Fbase%252Fnode_modules%252Fjasmine-core%252Flib%252Fjasmine-core%252Fjasmine.js%253F578a1e5ff14db21b04e2d6db7fd0eda37042440c%253A1762%250A%2520%2520%2520%2520at%2520http%253A%252F%252Flocalhost%253A8080%252Fbase%252Fnode_modules%252Fjasmine-core%252Flib%252Fjasmine-core%252Fjasmine.js%253F578a1e5ff14db21b04e2d6db7fd0eda37042440c%253A627%250A%2520%2520%2520%2520at%2520http%253A%252F%252Flocalhost%253A8080%252Fbase%252Fnode_modules%252Fjasmine-core%252Flib%252Fjasmine-core%252Fjasmine.js%253F578a1e5ff14db21b04e2d6db7fd0eda37042440c%253A2354%250A%2520%2520%2520%2520at%2520attemptAsync%2520(http%253A%252F%252Flocalhost%253A8080%252Fbase%252Fnode_modules%252Fjasmine-core%252Flib%252Fjasmine-core%252Fjasmine.js%253F578a1e5ff14db21b04e2d6db7fd0eda37042440c%253A1819)%250A%2520%2520%2520%2520at%2520http%253A%252F%252Flocalhost%253A8080%252Fbase%252Fnode_modules%252Fjasmine-core%252Flib%252Fjasmine-core%252Fjasmine.js%253F578a1e5ff14db21b04e2d6db7fd0eda37042440c%253A1774%250A%2520%2520%2520%2520at%2520http%253A%252F%252Flocalhost%253A8080%252Fbase%252Fnode_modules%252Fjasmine-core%252Flib%252Fjasmine-core%252Fjasmine.js%253F578a1e5ff14db21b04e2d6db7fd0eda37042440c%253A1801%250A%2520%2520%2520%2520at%2520http%253A%252F%252Flocalhost%253A8080%252Fbase%252Fnode_modules%252Fjasmine-core%252Flib%252Fjasmine-core%252Fjasmine.js%253F578a1e5ff14db21b04e2d6db7fd0eda37042440c%253A1745%250A%2520%2520%2520%2520at%2520http%253A%252F%252Flocalhost%253A8080%252Fbase%252Fnode_modules%252Fjasmine-core%252Flib%252Fjasmine-core%252Fjasmine.js%253F578a1e5ff14db21b04e2d6db7fd0eda37042440c%253A2348%250A%2520%2520%2520%2520at%2520clearStack%2520(http%253A%252F%252Flocalhost%253A8080%252Fbase%252Fnode_modules%252Fjasmine-core%252Flib%252Fjasmine-core%252Fjasmine.js%253F578a1e5ff14db21b04e2d6db7fd0eda37042440c%253A605)%250A%2520%2520%2520%2520at%2520http%253A%252F%252Flocalhost%253A8080%252Fbase%252Fnode_modules%252Fjasmine-core%252Flib%252Fjasmine-core%252Fjasmine.js%253F578a1e5ff14db21b04e2d6db7fd0eda37042440c%253A1784%250A%2520%2520%2520%2520at%2520http%253A%252F%252Flocalhost%253A8080%252Fbase%252Fnode_modules%252Fjasmine-core%252Flib%252Fjasmine-core%252Fjasmine.js%253F578a1e5ff14db21b04e2d6db7fd0eda37042440c%253A1762%250A%2520%2520%2520%2520at%2520http%253A%252F%252Flocalhost%253A8080%252Fbase%252Fnode_modules%252Fjasmine-core%252Flib%252Fjasmine-core%252Fjasmine.js%253F578a1e5ff14db21b04e2d6db7fd0eda37042440c%253A627%250A%2520%2520%2520%2520at%2520http%253A%252F%252Flocalhost%253A8080%252Fbase%252Fnode_modules%252Fjasmine-core%252Flib%252Fjasmine-core%252Fjasmine.js%253F578a1e5ff14db21b04e2d6db7fd0eda37042440c%253A2354%250A%2520%2520%2520%2520at%2520attemptAsync%2520(http%253A%252F%252Flocalhost%253A8080%252Fbase%252Fnode_modules%252Fjasmine-core%252Flib%252Fjasmine-core%252Fjasmine.js%253F578a1e5ff14db21b04e2d6db7fd0eda37042440c%253A1819)%250A%2520%2520%2520%2520at%2520http%253A%252F%252Flocalhost%253A8080%252Fbase%252Fnode_modules%252Fjasmine-core%252Flib%252Fjasmine-core%252Fjasmine.js%253F578a1e5ff14db21b04e2d6db7fd0eda37042440c%253A1774%250A%2520%2520%2520%2520at%2520http%253A%252F%252Flocalhost%253A8080%252Fbase%252Fnode_modules%252Fjasmine-core%252Flib%252Fjasmine-core%252Fjasmine.js%253F578a1e5ff14db21b04e2d6db7fd0eda37042440c%253A1801%250A%2520%2520%2520%2520at%2520http%253A%252F%252Flocalhost%253A8080%252Fbase%252Fnode_modules%252Fjasmine-core%252Flib%252Fjasmine-core%252Fjasmine.js%253F578a1e5ff14db21b04e2d6db7fd0eda37042440c%253A1745%250A%2520%2520%2520%2520at%2520http%253A%252F%252Flocalhost%253A8080%252Fbase%252Fnode_modules%252Fjasmine-core%252Flib%252Fjasmine-core%252Fjasmine.js%253F578a1e5ff14db21b04e2d6db7fd0eda37042440c%253A2348%250A%2520%2520%2520%2520at%2520clearStack%2520(http%253A%252F%252Flocalhost%253A8080%252Fbase%252Fnode_modules%252Fjasmine-core%252Flib%252Fjasmine-core%252Fjasmine.js%253F578a1e5ff14db21b04e2d6db7fd0eda37042440c%253A605)%250A%2520%2520%2520%2520at%2520http%253A%252F%252Flocalhost%253A8080%252Fbase%252Fnode_modules%252Fjasmine-core%252Flib%252Fjasmine-core%252Fjasmine.js%253F578a1e5ff14db21b04e2d6db7fd0eda37042440c%253A1784%250A%2520%2520%2520%2520at%2520http%253A%252F%252Flocalhost%253A8080%252Fbase%252Fnode_modules%252Fjasmine-core%252Flib%252Fjasmine-core%252Fjasmine.js%253F578a1e5ff14db21b04e2d6db7fd0eda37042440c%253A1762%250A%2520%2520%2520%2520at%2520http%253A%252F%252Flocalhost%253A8080%252Fbase%252Fnode_modules%252Fjasmine-core%252Flib%252Fjasmine-core%252Fjasmine.js%253F578a1e5ff14db21b04e2d6db7fd0eda37042440c%253A627%250A%2520%2520%2520%2520at%2520http%253A%252F%252Flocalhost%253A8080%252Fbase%252Fnode_modules%252Fjasmine-core%252Flib%252Fjasmine-core%252Fjasmine.js%253F578a1e5ff14db21b04e2d6db7fd0eda37042440c%253A2354%250A%2520%2520%2520%2520at%2520attemptAsync%2520(http%253A%252F%252Flocalhost%253A8080%252Fbase%252Fnode_modules%252Fjasmine-core%252Flib%252Fjasmine-core%252Fjasmine.js%253F578a1e5ff14db21b04e2d6db7fd0eda37042440c%253A1819)%250A%2520%2520%2520%2520at%2520http%253A%252F%252Flocalhost%253A8080%252Fbase%252Fnode_modules%252Fjasmine-core%252Flib%252Fjasmine-core%252Fjasmine.js%253F578a1e5ff14db21b04e2d6db7fd0eda37042440c%253A1774%250A%2520%2520%2520%2520at%2520http%253A%252F%252Flocalhost%253A8080%252Fbase%252Fnode_modules%252Fjasmine-core%252Flib%252Fjasmine-core%252Fjasmine.js%253F578a1e5ff14db21b04e2d6db7fd0eda37042440c%253A1801%250A%2520%2520%2520%2520at%2520http%253A%252F%252Flocalhost%253A8080%252Fbase%252Fnode_modules%252Fjasmine-core%252Flib%252Fjasmine-core%252Fjasmine.js%253F578a1e5ff14db21b04e2d6db7fd0eda37042440c%253A1745%250A%2520%2520%2520%2520at%2520http%253A%252F%252Flocalhost%253A8080%252Fbase%252Fnode_modules%252Fjasmine-core%252Flib%252Fjasmine-core%252Fjasmine.js%253F578a1e5ff14db21b04e2d6db7fd0eda37042440c%253A2348%250A%2520%2520%2520%2520at%2520clearStack%2520(http%253A%252F%252Flocalhost%253A8080%252Fbase%252Fnode_modules%252Fjasmine-core%252Flib%252Fjasmine-core%252Fjasmine.js%253F578a1e5ff14db21b04e2d6db7fd0eda37042440c%253A605)%250A%2520%2520%2520%2520at%2520http%253A%252F%252Flocalhost%253A8080%252Fbase%252Fnode_modules%252Fjasmine-core%252Flib%252Fjasmine-core%252Fjasmine.js%253F578a1e5ff14db21b04e2d6db7fd0eda37042440c%253A1784%250A%2520%2520%2520%2520at%2520http%253A%252F%252Flocalhost%253A8080%252Fbase%252Fnode_modules%252Fjasmine-core%252Flib%252Fjasmine-core%252Fjasmine.js%253F578a1e5ff14db21b04e2d6db7fd0eda37042440c%253A1801%250A%2520%2520%2520%2520at%2520http%253A%252F%252Flocalhost%253A8080%252Fbase%252Fnode_modules%252Fjasmine-core%252Flib%252Fjasmine-core%252Fjasmine.js%253F578a1e5ff14db21b04e2d6db7fd0eda37042440c%253A1745%250A%2520%2520%2520%2520at%2520complete%2520(http%253A%252F%252Flocalhost%253A8080%252Fbase%252Fnode_modules%252Fjasmine-core%252Flib%252Fjasmine-core%252Fjasmine.js%253F578a1e5ff14db21b04e2d6db7fd0eda37042440c%253A365)%250A%2520%2520%2520%2520at%2520clearStack%2520(http%253A%252F%252Flocalhost%253A8080%252Fbase%252Fnode_modules%252Fjasmine-core%252Flib%252Fjasmine-core%252Fjasmine.js%253F578a1e5ff14db21b04e2d6db7fd0eda37042440c%253A605)%250A%2520%2520%2520%2520at%2520http%253A%252F%252Flocalhost%253A8080%252Fbase%252Fnode_modules%252Fjasmine-core%252Flib%252Fjasmine-core%252Fjasmine.js%253F578a1e5ff14db21b04e2d6db7fd0eda37042440c%253A1784%250A%2520%2520%2520%2520at%2520http%253A%252F%252Flocalhost%253A8080%252Fbase%252Fnode_modules%252Fjasmine-core%252Flib%252Fjasmine-core%252Fjasmine.js%253F578a1e5ff14db21b04e2d6db7fd0eda37042440c%253A1762%250A%2520%2520%2520%2520at%2520http%253A%252F%252Flocalhost%253A8080%252Fbase%252Fnode_modules%252Fjasmine-core%252Flib%252Fjasmine-core%252Fjasmine.js%253F578a1e5ff14db21b04e2d6db7fd0eda37042440c%253A627%250A%2520%2520%2520%2520at%2520http%253A%252F%252Flocalhost%253A8080%252Fbase%252Fnode_modules%252Fjasmine-core%252Flib%252Fjasmine-core%252Fjasmine.js%253F578a1e5ff14db21b04e2d6db7fd0eda37042440c%253A357%250A%2520%2520%2520%2520at%2520http%253A%252F%252Flocalhost%253A8080%252Fbase%252Fnode_modules%252Fjasmine-core%252Flib%252Fjasmine-core%252Fjasmine.js%253F578a1e5ff14db21b04e2d6db7fd0eda37042440c%253A2360%250A%2520%2520%2520%2520at%2520attemptAsync%2520(http%253A%252F%252Flocalhost%253A8080%252Fbase%252Fnode_modules%252Fjasmine-core%252Flib%252Fjasmine-core%252Fjasmine.js%253F578a1e5ff14db21b04e2d6db7fd0eda37042440c%253A1819)%250A%2520%2520%2520%2520at%2520http%253A%252F%252Flocalhost%253A8080%252Fbase%252Fnode_modules%252Fjasmine-core%252Flib%252Fjasmine-core%252Fjasmine.js%253F578a1e5ff14db21b04e2d6db7fd0eda37042440c%253A1774%250A%2520%2520%2520%2520at%2520http%253A%252F%252Flocalhost%253A8080%252Fbase%252Fnode_modules%252Fjasmine-core%252Flib%252Fjasmine-core%252Fjasmine.js%253F578a1e5ff14db21b04e2d6db7fd0eda37042440c%253A1801%250A%2520%2520%2520%2520at%2520http%253A%252F%252Flocalhost%253A8080%252Fbase%252Fnode_modules%252Fjasmine-core%252Flib%252Fjasmine-core%252Fjasmine.js%253F578a1e5ff14db21b04e2d6db7fd0eda37042440c%253A1745%250A%2520%2520%2520%2520at%2520complete%2520(http%253A%252F%252Flocalhost%253A8080%252Fbase%252Fnode_modules%252Fjasmine-core%252Flib%252Fjasmine-core%252Fjasmine.js%253F578a1e5ff14db21b04e2d6db7fd0eda37042440c%253A365)%250A%2520%2520%2520%2520at%2520clearStack%2520(http%253A%252F%252Flocalhost%253A8080%252Fbase%252Fnode_modules%252Fjasmine-core%252Flib%252Fjasmine-core%252Fjasmine.js%253F578a1e5ff14db21b04e2d6db7fd0eda37042440c%253A605)%250A%2520%2520%2520%2520at%2520http%253A%252F%252Flocalhost%253A8080%252Fbase%252Fnode_modules%252Fjasmine-core%252Flib%252Fjasmine-core%252Fjasmine.js%253F578a1e5ff14db21b04e2d6db7fd0eda37042440c%253A1784%250A%2520%2520%2520%2520at%2520http%253A%252F%252Flocalhost%253A8080%252Fbase%252Fnode_modules%252Fjasmine-core%252Flib%252Fjasmine-core%252Fjasmine.js%253F578a1e5ff14db21b04e2d6db7fd0eda37042440c%253A1762%250A%2520%2520%2520%2520at%2520http%253A%252F%252Flocalhost%253A8080%252Fbase%252Fnode_modules%252Fjasmine-core%252Flib%252Fjasmine-core%252Fjasmine.js%253F578a1e5ff14db21b04e2d6db7fd0eda37042440c%253A627%250A%2520%2520%2520%2520at%2520http%253A%252F%252Flocalhost%253A8080%252Fbase%252Fnode_modules%252Fjasmine-core%252Flib%252Fjasmine-core%252Fjasmine.js%253F578a1e5ff14db21b04e2d6db7fd0eda37042440c%253A357%250A%2520%2520%2520%2520at%2520http%253A%252F%252Flocalhost%253A8080%252Fbase%252Fnode_modules%252Fjasmine-core%252Flib%252Fjasmine-core%252Fjasmine.js%253F578a1e5ff14db21b04e2d6db7fd0eda37042440c%253A2360%250A%2520%2520%2520%2520at%2520attemptAsync%2520(http%253A%252F%252Flocalhost%253A8080%252Fbase%252Fnode_modules%252Fjasmine-core%252Flib%252Fjasmine-core%252Fjasmine.js%253F578a1e5ff14db21b04e2d6db7fd0eda37042440c%253A1819)%250A%2520%2520%2520%2520at%2520http%253A%252F%252Flocalhost%253A8080%252Fbase%252Fnode_modules%252Fjasmine-core%252Flib%252Fjasmine-core%252Fjasmine.js%253F578a1e5ff14db21b04e2d6db7fd0eda37042440c%253A1774%250A%2520%2520%2520%2520at%2520http%253A%252F%252Flocalhost%253A8080%252Fbase%252Fnode_modules%252Fjasmine-core%252Flib%252Fjasmine-core%252Fjasmine.js%253F578a1e5ff14db21b04e2d6db7fd0eda37042440c%253A1762%250A%2520%2520%2520%2520at%2520http%253A%252F%252Flocalhost%253A8080%252Fbase%252Fnode_modules%252Fjasmine-core%252Flib%252Fjasmine-core%252Fjasmine.js%253F578a1e5ff14db21b04e2d6db7fd0eda37042440c%253A627%250A%2520%2520%2520%2520at%2520http%253A%252F%252Flocalhost%253A8080%252Fbase%252Fnode_modules%252Fjasmine-core%252Flib%252Fjasmine-core%252Fjasmine.js%253F578a1e5ff14db21b04e2d6db7fd0eda37042440c%253A2354%250A%2520%2520%2520%2520at%2520attemptAsync%2520(http%253A%252F%252Flocalhost%253A8080%252Fbase%252Fnode_modules%252Fjasmine-core%252Flib%252Fjasmine-core%252Fjasmine.js%253F578a1e5ff14db21b04e2d6db7fd0eda37042440c%253A1819)%250A%2520%2520%2520%2520at%2520http%253A%252F%252Flocalhost%253A8080%252Fbase%252Fnode_modules%252Fjasmine-core%252Flib%252Fjasmine-core%252Fjasmine.js%253F578a1e5ff14db21b04e2d6db7fd0eda37042440c%253A1774%250A%2520%2520%2520%2520at%2520http%253A%252F%252Flocalhost%253A8080%252Fbase%252Fnode_modules%252Fjasmine-core%252Flib%252Fjasmine-core%252Fjasmine.js%253F578a1e5ff14db21b04e2d6db7fd0eda37042440c%253A1801%250A%2520%2520%2520%2520at%2520http%253A%252F%252Flocalhost%253A8080%252Fbase%252Fnode_modules%252Fjasmine-core%252Flib%252Fjasmine-core%252Fjasmine.js%253F578a1e5ff14db21b04e2d6db7fd0eda37042440c%253A1745%250A%2520%2520%2520%2520at%2520http%253A%252F%252Flocalhost%253A8080%252Fbase%252Fnode_modules%252Fjasmine-core%252Flib%252Fjasmine-core%252Fjasmine.js%253F578a1e5ff14db21b04e2d6db7fd0eda37042440c%253A2348%250A%2520%2520%2520%2520at%2520clearStack%2520(http%253A%252F%252Flocalhost%253A8080%252Fbase%252Fnode_modules%252Fjasmine-core%252Flib%252Fjasmine-core%252Fjasmine.js%253F578a1e5ff14db21b04e2d6db7fd0eda37042440c%253A605)%250A%2520%2520%2520%2520at%2520http%253A%252F%252Flocalhost%253A8080%252Fbase%252Fnode_modules%252Fjasmine-core%252Flib%252Fjasmine-core%252Fjasmine.js%253F578a1e5ff14db21b04e2d6db7fd0eda37042440c%253A1784%250A%2520%2520%2520%2520at%2520http%253A%252F%252Flocalhost%253A8080%252Fbase%252Fnode_modules%252Fjasmine-core%252Flib%252Fjasmine-core%252Fjasmine.js%253F578a1e5ff14db21b04e2d6db7fd0eda37042440c%253A1762%250A%2520%2520%2520%2520at%2520http%253A%252F%252Flocalhost%253A8080%252Fbase%252Fnode_modules%252Fjasmine-core%252Flib%252Fjasmine-core%252Fjasmine.js%253F578a1e5ff14db21b04e2d6db7fd0eda37042440c%253A627%250A%2520%2520%2520%2520at%2520http%253A%252F%252Flocalhost%253A8080%252Fbase%252Fnode_modules%252Fjasmine-core%252Flib%252Fjasmine-core%252Fjasmine.js%253F578a1e5ff14db21b04e2d6db7fd0eda37042440c%253A2354%250A%2520%2520%2520%2520at%2520attemptAsync%2520(http%253A%252F%252Flocalhost%253A8080%252Fbase%252Fnode_modules%252Fjasmine-core%252Flib%252Fjasmine-core%252Fjasmine.js%253F578a1e5ff14db21b04e2d6db7fd0eda37042440c%253A1819)%250A%2520%2520%2520%2520at%2520http%253A%252F%252Flocalhost%253A8080%252Fbase%252Fnode_modules%252Fjasmine-core%252Flib%252Fjasmine-core%252Fjasmine.js%253F578a1e5ff14db21b04e2d6db7fd0eda37042440c%253A1774%250A%2520%2520%2520%2520at%2520http%253A%252F%252Flocalhost%253A8080%252Fbase%252Fnode_modules%252Fjasmine-core%252Flib%252Fjasmine-core%252Fjasmine.js%253F578a1e5ff14db21b04e2d6db7fd0eda37042440c%253A1801%250A%2520%2520%2520%2520at%2520http%253A%252F%252Flocalhost%253A8080%252Fbase%252Fnode_modules%252Fjasmine-core%252Flib%252Fjasmine-core%252Fjasmine.js%253F578a1e5ff14db21b04e2d6db7fd0eda37042440c%253A1745%250A%2520%2520%2520%2520at%2520http%253A%252F%252Flocalhost%253A8080%252Fbase%252Fnode_modules%252Fjasmine-core%252Flib%252Fjasmine-core%252Fjasmine.js%253F578a1e5ff14db21b04e2d6db7fd0eda37042440c%253A2348%250A%2520%2520%2520%2520at%2520clearStack%2520(http%253A%252F%252Flocalhost%253A8080%252Fbase%252Fnode_modules%252Fjasmine-core%252Flib%252Fjasmine-core%252Fjasmine.js%253F578a1e5ff14db21b04e2d6db7fd0eda37042440c%253A605)%250A%2520%2520%2520%2520at%2520http%253A%252F%252Flocalhost%253A8080%252Fbase%252Fnode_modules%252Fjasmine-core%252Flib%252Fjasmine-core%252Fjasmine.js%253F578a1e5ff14db21b04e2d6db7fd0eda37042440c%253A1784%250A%2520%2520%2520%2520at%2520http%253A%252F%252Flocalhost%253A8080%252Fbase%252Fnode_modules%252Fjasmine-core%252Flib%252Fjasmine-core%252Fjasmine.js%253F578a1e5ff14db21b04e2d6db7fd0eda37042440c%253A1762%250A%2520%2520%2520%2520at%2520http%253A%252F%252Flocalhost%253A8080%252Fbase%252Fnode_modules%252Fjasmine-core%252Flib%252Fjasmine-core%252Fjasmine.js%253F578a1e5ff14db21b04e2d6db7fd0eda37042440c%253A627%250A%2520%2520%2520%2520at%2520http%253A%252F%252Flocalhost%253A8080%252Fbase%252Fnode_modules%252Fjasmine-core%252Flib%252Fjasmine-core%252Fjasmine.js%253F578a1e5ff14db21b04e2d6db7fd0eda37042440c%253A2354%250A%2520%2520%2520%2520at%2520attemptAsync%2520(http%253A%252F%252Flocalhost%253A8080%252Fbase%252Fnode_modules%252Fjasmine-core%252Flib%252Fjasmine-core%252Fjasmine.js%253F578a1e5ff14db21b04e2d6db7fd0eda37042440c%253A1819)%250A%2520%2520%2520%2520at%2520http%253A%252F%252Flocalhost%253A8080%252Fbase%252Fnode_modules%252Fjasmine-core%252Flib%252Fjasmine-core%252Fjasmine.js%253F578a1e5ff14db21b04e2d6db7fd0eda37042440c%253A1774%250A%2520%2520%2520%2520at%2520http%253A%252F%252Flocalhost%253A8080%252Fbase%252Fnode_modules%252Fjasmine-core%252Flib%252Fjasmine-core%252Fjasmine.js%253F578a1e5ff14db21b04e2d6db7fd0eda37042440c%253A1801%250A%2520%2520%2520%2520at%2520http%253A%252F%252Flocalhost%253A8080%252Fbase%252Fnode_modules%252Fjasmine-core%252Flib%252Fjasmine-core%252Fjasmine.js%253F578a1e5ff14db21b04e2d6db7fd0eda37042440c%253A1745%250A%2520%2520%2520%2520at%2520http%253A%252F%252Flocalhost%253A8080%252Fbase%252Fnode_modules%252Fjasmine-core%252Flib%252Fjasmine-core%252Fjasmine.js%253F578a1e5ff14db21b04e2d6db7fd0eda37042440c%253A2348%250A%2520%2520%2520%2520at%2520clearStack%2520(http%253A%252F%252Flocalhost%253A8080%252Fbase%252Fnode_modules%252Fjasmine-core%252Flib%252Fjasmine-core%252Fjasmine.js%253F578a1e5ff14db21b04e2d6db7fd0eda37042440c%253A605)%250A%2520%2520%2520%2520at%2520http%253A%252F%252Flocalhost%253A8080%252Fbase%252Fnode_modules%252Fjasmine-core%252Flib%252Fjasmine-core%252Fjasmine.js%253F578a1e5ff14db21b04e2d6db7fd0eda37042440c%253A1784%250A%2520%2520%2520%2520at%2520http%253A%252F%252Flocalhost%253A8080%252Fbase%252Fnode_modules%252Fjasmine-core%252Flib%252Fjasmine-core%252Fjasmine.js%253F578a1e5ff14db21b04e2d6db7fd0eda37042440c%253A1762%250A%2520%2520%2520%2520at%2520http%253A%252F%252Flocalhost%253A8080%252Fbase%252Fnode_modules%252Fjasmine-core%252Flib%252Fjasmine-core%252Fjasmine.js%253F578a1e5ff14db21b04e2d6db7fd0eda37042440c%253A627%250A%2520%2520%2520%2520at%2520http%253A%252F%252Flocalhost%253A8080%252Fbase%252Fnode_modules%252Fjasmine-core%252Flib%252Fjasmine-core%252Fjasmine.js%253F578a1e5ff14db21b04e2d6db7fd0eda37042440c%253A2354%250A%2520%2520%2520%2520at%2520attemptAsync%2520(http%253A%252F%252Flocalhost%253A8080%252Fbase%252Fnode_modules%252Fjasmine-core%252Flib%252Fjasmine-core%252Fjasmine.js%253F578a1e5ff14db21b04e2d6db7fd0eda37042440c%253A1819)%250A%2520%2520%2520%2520at%2520http%253A%252F%252Flocalhost%253A8080%252Fbase%252Fnode_modules%252Fjasmine-core%252Flib%252Fjasmine-core%252Fjasmine.js%253F578a1e5ff14db21b04e2d6db7fd0eda37042440c%253A1774%250A%2520%2520%2520%2520at%2520http%253A%252F%252Flocalhost%253A8080%252Fbase%252Fnode_modules%252Fjasmine-core%252Flib%252Fjasmine-core%252Fjasmine.js%253F578a1e5ff14db21b04e2d6db7fd0eda37042440c%253A1801%250A%2520%2520%2520%2520at%2520http%253A%252F%252Flocalhost%253A8080%252Fbase%252Fnode_modules%252Fjasmine-core%252Flib%252Fjasmine-core%252Fjasmine.js%253F578a1e5ff14db21b04e2d6db7fd0eda37042440c%253A1745%250A%2520%2520%2520%2520at%2520http%253A%252F%252Flocalhost%253A8080%252Fbase%252Fnode_modules%252Fjasmine-core%252Flib%252Fjasmine-core%252Fjasmine.js%253F578a1e5ff14db21b04e2d6db7fd0eda37042440c%253A2348%250A%2520%2520%2520%2520at%2520clearStack%2520(http%253A%252F%252Flocalhost%253A8080%252Fbase%252Fnode_modules%252Fjasmine-core%252Flib%252Fjasmine-core%252Fjasmine.js%253F578a1e5ff14db21b04e2d6db7fd0eda37042440c%253A605)%250A%2520%2520%2520%2520at%2520http%253A%252F%252Flocalhost%253A8080%252Fbase%252Fnode_modules%252Fjasmine-core%252Flib%252Fjasmine-core%252Fjasmine.js%253F578a1e5ff14db21b04e2d6db7fd0eda37042440c%253A1784%250A%2520%2520%2520%2520at%2520http%253A%252F%252Flocalhost%253A8080%252Fbase%252Fnode_modules%252Fjasmine-core%252Flib%252Fjasmine-core%252Fjasmine.js%253F578a1e5ff14db21b04e2d6db7fd0eda37042440c%253A1762%250A%2520%2520%2520%2520at%2520http%253A%252F%252Flocalhost%253A8080%252Fbase%252Fnode_modules%252Fjasmine-core%252Flib%252Fjasmine-core%252Fjasmine.js%253F578a1e5ff14db21b04e2d6db7fd0eda37042440c%253A627%250A%2520%2520%2520%2520at%2520http%253A%252F%252Flocalhost%253A8080%252Fbase%252Fnode_modules%252Fjasmine-core%252Flib%252Fjasmine-core%252Fjasmine.js%253F578a1e5ff14db21b04e2d6db7fd0eda37042440c%253A2354%250A%2520%2520%2520%2520at%2520attemptAsync%2520(http%253A%252F%252Flocalhost%253A8080%252Fbase%252Fnode_modules%252Fjasmine-core%252Flib%252Fjasmine-core%252Fjasmine.js%253F578a1e5ff14db21b04e2d6db7fd0eda37042440c%253A1819)%250A%2520%2520%2520%2520at%2520http%253A%252F%252Flocalhost%253A8080%252Fbase%252Fnode_modules%252Fjasmine-core%252Flib%252Fjasmine-core%252Fjasmine.js%253F578a1e5ff14db21b04e2d6db7fd0eda37042440c%253A1774%250A%2520%2520%2520%2520at%2520http%253A%252F%252Flocalhost%253A8080%252Fbase%252Fnode_modules%252Fjasmine-core%252Flib%252Fjasmine-core%252Fjasmine.js%253F578a1e5ff14db21b04e2d6db7fd0eda37042440c%253A1801%250A%2520%2520%2520%2520at%2520http%253A%252F%252Flocalhost%253A8080%252Fbase%252Fnode_modules%252Fjasmine-core%252Flib%252Fjasmine-core%252Fjasmine.js%253F578a1e5ff14db21b04e2d6db7fd0eda37042440c%253A1745%250A%2520%2520%2520%2520at%2520http%253A%252F%252Flocalhost%253A8080%252Fbase%252Fnode_modules%252Fjasmine-core%252Flib%252Fjasmine-core%252Fjasmine.js%253F578a1e5ff14db21b04e2d6db7fd0eda37042440c%253A2348%250A%2520%2520%2520%2520at%2520clearStack%2520(http%253A%252F%252Flocalhost%253A8080%252Fbase%252Fnode_modules%252Fjasmine-core%252Flib%252Fjasmine-core%252Fjasmine.js%253F578a1e5ff14db21b04e2d6db7fd0eda37042440c%253A605)%250A%2520%2520%2520%2520at%2520http%253A%252F%252Flocalhost%253A8080%252Fbase%252Fnode_modules%252Fjasmine-core%252Flib%252Fjasmine-core%252Fjasmine.js%253F578a1e5ff14db21b04e2d6db7fd0eda37042440c%253A1784%250A%2520%2520%2520%2520at%2520http%253A%252F%252Flocalhost%253A8080%252Fbase%252Fnode_modules%252Fjasmine-core%252Flib%252Fjasmine-core%252Fjasmine.js%253F578a1e5ff14db21b04e2d6db7fd0eda37042440c%253A1762%250A%2520%2520%2520%2520at%2520http%253A%252F%252Flocalhost%253A8080%252Fbase%252Fnode_modules%252Fjasmine-core%252Flib%252Fjasmine-core%252Fjasmine.js%253F578a1e5ff14db21b04e2d6db7fd0eda37042440c%253A627%250A%2520%2520%2520%2520at%2520http%253A%252F%252Flocalhost%253A8080%252Fbase%252Fnode_modules%252Fjasmine-core%252Flib%252Fjasmine-core%252Fjasmine.js%253F578a1e5ff14db21b04e2d6db7fd0eda37042440c%253A2354%250A%2520%2520%2520%2520at%2520attemptAsync%2520(http%253A%252F%252Flocalhost%253A8080%252Fbase%252Fnode_modules%252Fjasmine-core%252Flib%252Fjasmine-core%252Fjasmine.js%253F578a1e5ff14db21b04e2d6db7fd0eda37042440c%253A1819)%250A%2520%2520%2520%2520at%2520http%253A%252F%252Flocalhost%253A8080%252Fbase%252Fnode_modules%252Fjasmine-core%252Flib%252Fjasmine-core%252Fjasmine.js%253F578a1e5ff14db21b04e2d6db7fd0eda37042440c%253A1774%250A%2520%2520%2520%2520at%2520http%253A%252F%252Flocalhost%253A8080%252Fbase%252Fnode_modules%252Fjasmine-core%252Flib%252Fjasmine-core%252Fjasmine.js%253F578a1e5ff14db21b04e2d6db7fd0eda37042440c%253A1801%250A%2520%2520%2520%2520at%2520http%253A%252F%252Flocalhost%253A8080%252Fbase%252Fnode_modules%252Fjasmine-core%252Flib%252Fjasmine-core%252Fjasmine.js%253F578a1e5ff14db21b04e2d6db7fd0eda37042440c%253A1745%250A%2520%2520%2520%2520at%2520http%253A%252F%252Flocalhost%253A8080%252Fbase%252Fnode_modules%252Fjasmine-core%252Flib%252Fjasmine-core%252Fjasmine.js%253F578a1e5ff14db21b04e2d6db7fd0eda37042440c%253A2348%250A%2520%2520%2520%2520at%2520clearStack%2520(http%253A%252F%252Flocalhost%253A8080%252Fbase%252Fnode_modules%252Fjasmine-core%252Flib%252Fjasmine-core%252Fjasmine.js%253F578a1e5ff14db21b04e2d6db7fd0eda37042440c%253A605)%250A%2520%2520%2520%2520at%2520http%253A%252F%252Flocalhost%253A8080%252Fbase%252Fnode_modules%252Fjasmine-core%252Flib%252Fjasmine-core%252Fjasmine.js%253F578a1e5ff14db21b04e2d6db7fd0eda37042440c%253A1784%250A%2520%2520%2520%2520at%2520http%253A%252F%252Flocalhost%253A8080%252Fbase%252Fnode_modules%252Fjasmine-core%252Flib%252Fjasmine-core%252Fjasmine.js%253F578a1e5ff14db21b04e2d6db7fd0eda37042440c%253A1762%250A%2520%2520%2520%2520at%2520http%253A%252F%252Flocalhost%253A8080%252Fbase%252Fnode_modules%252Fjasmine-core%252Flib%252Fjasmine-core%252Fjasmine.js%253F578a1e5ff14db21b04e2d6db7fd0eda37042440c%253A627%250A%2520%2520%2520%2520at%2520http%253A%252F%252Flocalhost%253A8080%252Fbase%252Fnode_modules%252Fjasmine-core%252Flib%252Fjasmine-core%252Fjasmine.js%253F578a1e5ff14db21b04e2d6db7fd0eda37042440c%253A2354%250A%2520%2520%2520%2520at%2520attemptAsync%2520(http%253A%252F%252Flocalhost%253A8080%252Fbase%252Fnode_modules%252Fjasmine-core%252Flib%252Fjasmine-core%252Fjasmine.js%253F578a1e5ff14db21b04e2d6db7fd0eda37042440c%253A1819)%250A%2520%2520%2520%2520at%2520http%253A%252F%252Flocalhost%253A8080%252Fbase%252Fnode_modules%252Fjasmine-core%252Flib%252Fjasmine-core%252Fjasmine.js%253F578a1e5ff14db21b04e2d6db7fd0eda37042440c%253A1774%250A%2520%2520%2520%2520at%2520http%253A%252F%252Flocalhost%253A8080%252Fbase%252Fnode_modules%252Fjasmine-core%252Flib%252Fjasmine-core%252Fjasmine.js%253F578a1e5ff14db21b04e2d6db7fd0eda37042440c%253A1801%250A%2520%2520%2520%2520at%2520http%253A%252F%252Flocalhost%253A8080%252Fbase%252Fnode_modules%252Fjasmine-core%252Flib%252Fjasmine-core%252Fjasmine.js%253F578a1e5ff14db21b04e2d6db7fd0eda37042440c%253A1745%250A%2520%2520%2520%2520at%2520http%253A%252F%252Flocalhost%253A8080%252Fbase%252Fnode_modules%252Fjasmine-core%252Flib%252Fjasmine-core%252Fjasmine.js%253F578a1e5ff14db21b04e2d6db7fd0eda37042440c%253A2348%250A%2520%2520%2520%2520at%2520clearStack%2520(http%253A%252F%252Flocalhost%253A8080%252Fbase%252Fnode_modules%252Fjasmine-core%252Flib%252Fjasmine-core%252Fjasmine.js%253F578a1e5ff14db21b04e2d6db7fd0eda37042440c%253A605)%250A%2520%2520%2520%2520at%2520http%253A%252F%252Flocalhost%253A8080%252Fbase%252Fnode_modules%252Fjasmine-core%252Flib%252Fjasmine-core%252Fjasmine.js%253F578a1e5ff14db21b04e2d6db7fd0eda37042440c%253A1784%250A%2520%2520%2520%2520at%2520http%253A%252F%252Flocalhost%253A8080%252Fbase%252Fnode_modules%252Fjasmine-core%252Flib%252Fjasmine-core%252Fjasmine.js%253F578a1e5ff14db21b04e2d6db7fd0eda37042440c%253A1762%250A%2520%2520%2520%2520at%2520http%253A%252F%252Flocalhost%253A8080%252Fbase%252Fnode_modules%252Fjasmine-core%252Flib%252Fjasmine-core%252Fjasmine.js%253F578a1e5ff14db21b04e2d6db7fd0eda37042440c%253A627%250A%2520%2520%2520%2520at%2520http%253A%252F%252Flocalhost%253A8080%252Fbase%252Fnode_modules%252Fjasmine-core%252Flib%252Fjasmine-core%252Fjasmine.js%253F578a1e5ff14db21b04e2d6db7fd0eda37042440c%253A2354%250A%2520%2520%2520%2520at%2520attemptAsync%2520(http%253A%252F%252Flocalhost%253A8080%252Fbase%252Fnode_modules%252Fjasmine-core%252Flib%252Fjasmine-core%252Fjasmine.js%253F578a1e5ff14db21b04e2d6db7fd0eda37042440c%253A1819)%250A%2520%2520%2520%2520at%2520http%253A%252F%252Flocalhost%253A8080%252Fbase%252Fnode_modules%252Fjasmine-core%252Flib%252Fjasmine-core%252Fjasmine.js%253F578a1e5ff14db21b04e2d6db7fd0eda37042440c%253A1774%250A%2520%2520%2520%2520at%2520http%253A%252F%252Flocalhost%253A8080%252Fbase%252Fnode_modules%252Fjasmine-core%252Flib%252Fjasmine-core%252Fjasmine.js%253F578a1e5ff14db21b04e2d6db7fd0eda37042440c%253A1762%250A%2520%2520%2520%2520at%2520http%253A%252F%252Flocalhost%253A8080%252Fbase%252Fnode_modules%252Fjasmine-core%252Flib%252Fjasmine-core%252Fjasmine.js%253F578a1e5ff14db21b04e2d6db7fd0eda37042440c%253A627%250A%2520%2520%2520%2520at%2520http%253A%252F%252Flocalhost%253A8080%252Fbase%252Fnode_modules%252Fjasmine-core%252Flib%252Fjasmine-core%252Fjasmine.js%253F578a1e5ff14db21b04e2d6db7fd0eda37042440c%253A2215%250A%2520%2520%2520%2520at%2520http%253A%252F%252Flocalhost%253A8080%252Fbase%252Fnode_modules%252Fjasmine-core%252Flib%252Fjasmine-core%252Fjasmine.js%253F578a1e5ff14db21b04e2d6db7fd0eda37042440c%253A678%250A%2520%2520%2520%2520at%2520http%253A%252F%252Flocalhost%253A8080%252Fbase%252Fnode_modules%252Fkarma-jasmine%252Flib%252Fadapter.js%253F0a69ad1fa10cc8be0a12b241227d3b834f82db4f%253A317%250A%2520%2520%2520%2520at%2520http%253A%252F%252Flocalhost%253A8080%252Fkarma.js%253A185%250A%2520%2520%2520%2520at%2520http%253A%252F%252Flocalhost%253A8080%252Fcontext.html%253A127%0A%20%20%20%20at%20http%3A%2F%2Flocalhost%3A8080%2Fbase%2Fapp%2Fvendor%2Fangular%2Fangular.js%3F9d140432f81858ac1e7888708720d419d147ffa9%3A4379%0A%20%20%20%20at%20forEach%20(http%3A%2F%2Flocalhost%3A8080%2Fbase%2Fapp%2Fvendor%2Fangular%2Fangular.js%3F9d140432f81858ac1e7888708720d419d147ffa9%3A336)%0A%20%20%20%20at%20loadModules%20(http%3A%2F%2Flocalhost%3A8080%2Fbase%2Fapp%2Fvendor%2Fangular%2Fangular.js%3F9d140432f81858ac1e7888708720d419d147ffa9%3A4381)%0A%20%20%20%20at%20http%3A%2F%2Flocalhost%3A8080%2Fbase%2Fapp%2Fvendor%2Fangular%2Fangular.js%3F9d140432f81858ac1e7888708720d419d147ffa9%3A4356%0A%20%20%20%20at%20forEach%20(http%3A%2F%2Flocalhost%3A8080%2Fbase%2Fapp%2Fvendor%2Fangular%2Fangular.js%3F9d140432f81858ac1e7888708720d419d147ffa9%3A336)%0A%20%20%20%20at%20loadModules%20(http%3A%2F%2Flocalhost%3A8080%2Fbase%2Fapp%2Fvendor%2Fangular%2Fangular.js%3F9d140432f81858ac1e7888708720d419d147ffa9%3A4381)%0A%20%20%20%20at%20createInjector%20(http%3A%2F%2Flocalhost%3A8080%2Fbase%2Fapp%2Fvendor%2Fangular%2Fangular.js%3F9d140432f81858ac1e7888708720d419d147ffa9%3A4265)%0A%20%20%20%20at%20workFn%20(http%3A%2F%2Flocalhost%3A8080%2Fbase%2Fapp%2Fvendor%2Fangular-mocks%2Fangular-mocks.js%3F6fe041cc8bb7a17f894cb12d8b0d44b12644f10a%3A2409)%0A%20%20%20%20at%20attemptSync%20(http%3A%2F%2Flocalhost%3A8080%2Fbase%2Fnode_modules%2Fjasmine-core%2Flib%2Fjasmine-core%2Fjasmine.js%3F578a1e5ff14db21b04e2d6db7fd0eda37042440c%3A1789)%0A%20%20%20%20at%20http%3A%2F%2Flocalhost%3A8080%2Fbase%2Fnode_modules%2Fjasmine-core%2Flib%2Fjasmine-core%2Fjasmine.js%3F578a1e5ff14db21b04e2d6db7fd0eda37042440c%3A1777%0A%20%20%20%20at%20http%3A%2F%2Flocalhost%3A8080%2Fbase%2Fnode_modules%2Fjasmine-core%2Flib%2Fjasmine-core%2Fjasmine.js%3F578a1e5ff14db21b04e2d6db7fd0eda37042440c%3A1762%0A%20%20%20%20at%20http%3A%2F%2Flocalhost%3A8080%2Fbase%2Fnode_modules%2Fjasmine-core%2Flib%2Fjasmine-core%2Fjasmine.js%3F578a1e5ff14db21b04e2d6db7fd0eda37042440c%3A627%0A%20%20%20%20at%20http%3A%2F%2Flocalhost%3A8080%2Fbase%2Fnode_modules%2Fjasmine-core%2Flib%2Fjasmine-core%2Fjasmine.js%3F578a1e5ff14db21b04e2d6db7fd0eda37042440c%3A357%0A%20%20%20%20at%20http%3A%2F%2Flocalhost%3A8080%2Fbase%2Fnode_modules%2Fjasmine-core%2Flib%2Fjasmine-core%2Fjasmine.js%3F578a1e5ff14db21b04e2d6db7fd0eda37042440c%3A2360%0A%20%20%20%20at%20attemptAsync%20(http%3A%2F%2Flocalhost%3A8080%2Fbase%2Fnode_modules%2Fjasmine-core%2Flib%2Fjasmine-core%2Fjasmine.js%3F578a1e5ff14db21b04e2d6db7fd0eda37042440c%3A1819)%0A%20%20%20%20at%20http%3A%2F%2Flocalhost%3A8080%2Fbase%2Fnode_modules%2Fjasmine-core%2Flib%2Fjasmine-core%2Fjasmine.js%3F578a1e5ff14db21b04e2d6db7fd0eda37042440c%3A1774%0A%20%20%20%20at%20http%3A%2F%2Flocalhost%3A8080%2Fbase%2Fnode_modules%2Fjasmine-core%2Flib%2Fjasmine-core%2Fjasmine.js%3F578a1e5ff14db21b04e2d6db7fd0eda37042440c%3A1762%0A%20%20%20%20at%20http%3A%2F%2Flocalhost%3A8080%2Fbase%2Fnode_modules%2Fjasmine-core%2Flib%2Fjasmine-core%2Fjasmine.js%3F578a1e5ff14db21b04e2d6db7fd0eda37042440c%3A627%0A%20%20%20%20at%20http%3A%2F%2Flocalhost%3A8080%2Fbase%2Fnode_modules%2Fjasmine-core%2Flib%2Fjasmine-core%2Fjasmine.js%3F578a1e5ff14db21b04e2d6db7fd0eda37042440c%3A2354%0A%20%20%20%20at%20attemptAsync%20(http%3A%2F%2Flocalhost%3A8080%2Fbase%2Fnode_modules%2Fjasmine-core%2Flib%2Fjasmine-core%2Fjasmine.js%3F578a1e5ff14db21b04e2d6db7fd0eda37042440c%3A1819)%0A%20%20%20%20at%20http%3A%2F%2Flocalhost%3A8080%2Fbase%2Fnode_modules%2Fjasmine-core%2Flib%2Fjasmine-core%2Fjasmine.js%3F578a1e5ff14db21b04e2d6db7fd0eda37042440c%3A1774%0A%20%20%20%20at%20http%3A%2F%2Flocalhost%3A8080%2Fbase%2Fnode_modules%2Fjasmine-core%2Flib%2Fjasmine-core%2Fjasmine.js%3F578a1e5ff14db21b04e2d6db7fd0eda37042440c%3A1801%0A%20%20%20%20at%20http%3A%2F%2Flocalhost%3A8080%2Fbase%2Fnode_modules%2Fjasmine-core%2Flib%2Fjasmine-core%2Fjasmine.js%3F578a1e5ff14db21b04e2d6db7fd0eda37042440c%3A1745%0A%20%20%20%20at%20http%3A%2F%2Flocalhost%3A8080%2Fbase%2Fnode_modules%2Fjasmine-core%2Flib%2Fjasmine-core%2Fjasmine.js%3F578a1e5ff14db21b04e2d6db7fd0eda37042440c%3A2348%0A%20%20%20%20at%20clearStack%20(http%3A%2F%2Flocalhost%3A8080%2Fbase%2Fnode_modules%2Fjasmine-core%2Flib%2Fjasmine-core%2Fjasmine.js%3F578a1e5ff14db21b04e2d6db7fd0eda37042440c%3A605)%0A%20%20%20%20at%20http%3A%2F%2Flocalhost%3A8080%2Fbase%2Fnode_modules%2Fjasmine-core%2Flib%2Fjasmine-core%2Fjasmine.js%3F578a1e5ff14db21b04e2d6db7fd0eda37042440c%3A1784%0A%20%20%20%20at%20http%3A%2F%2Flocalhost%3A8080%2Fbase%2Fnode_modules%2Fjasmine-core%2Flib%2Fjasmine-core%2Fjasmine.js%3F578a1e5ff14db21b04e2d6db7fd0eda37042440c%3A1801%0A%20%20%20%20at%20http%3A%2F%2Flocalhost%3A8080%2Fbase%2Fnode_modules%2Fjasmine-core%2Flib%2Fjasmine-core%2Fjasmine.js%3F578a1e5ff14db21b04e2d6db7fd0eda37042440c%3A1745%0A%20%20%20%20at%20complete%20(http%3A%2F%2Flocalhost%3A8080%2Fbase%2Fnode_modules%2Fjasmine-core%2Flib%2Fjasmine-core%2Fjasmine.js%3F578a1e5ff14db21b04e2d6db7fd0eda37042440c%3A365)%0A%20%20%20%20at%20clearStack%20(http%3A%2F%2Flocalhost%3A8080%2Fbase%2Fnode_modules%2Fjasmine-core%2Flib%2Fjasmine-core%2Fjasmine.js%3F578a1e5ff14db21b04e2d6db7fd0eda37042440c%3A605)%0A%20%20%20%20at%20http%3A%2F%2Flocalhost%3A8080%2Fbase%2Fnode_modules%2Fjasmine-core%2Flib%2Fjasmine-core%2Fjasmine.js%3F578a1e5ff14db21b04e2d6db7fd0eda37042440c%3A1784%0A%20%20%20%20at%20http%3A%2F%2Flocalhost%3A8080%2Fbase%2Fnode_modules%2Fjasmine-core%2Flib%2Fjasmine-core%2Fjasmine.js%3F578a1e5ff14db21b04e2d6db7fd0eda37042440c%3A1762%0A%20%20%20%20at%20http%3A%2F%2Flocalhost%3A8080%2Fbase%2Fnode_modules%2Fjasmine-core%2Flib%2Fjasmine-core%2Fjasmine.js%3F578a1e5ff14db21b04e2d6db7fd0eda37042440c%3A627%0A%20%20%20%20at%20http%3A%2F%2Flocalhost%3A8080%2Fbase%2Fnode_modules%2Fjasmine-core%2Flib%2Fjasmine-core%2Fjasmine.js%3F578a1e5ff14db21b04e2d6db7fd0eda37042440c%3A357%0A%20%20%20%20at%20http%3A%2F%2Flocalhost%3A8080%2Fbase%2Fnode_modules%2Fjasmine-core%2Flib%2Fjasmine-core%2Fjasmine.js%3F578a1e5ff14db21b04e2d6db7fd0eda37042440c%3A2360%0A%20%20%20%20at%20attemptAsync%20(http%3A%2F%2Flocalhost%3A8080%2Fbase%2Fnode_modules%2Fjasmine-core%2Flib%2Fjasmine-core%2Fjasmine.js%3F578a1e5ff14db21b04e2d6db7fd0eda37042440c%3A1819)%0A%20%20%20%20at%20http%3A%2F%2Flocalhost%3A8080%2Fbase%2Fnode_modules%2Fjasmine-core%2Flib%2Fjasmine-core%2Fjasmine.js%3F578a1e5ff14db21b04e2d6db7fd0eda37042440c%3A1774%0A%20%20%20%20at%20http%3A%2F%2Flocalhost%3A8080%2Fbase%2Fnode_modules%2Fjasmine-core%2Flib%2Fjasmine-core%2Fjasmine.js%3F578a1e5ff14db21b04e2d6db7fd0eda37042440c%3A1801%0A%20%20%20%20at%20http%3A%2F%2Flocalhost%3A8080%2Fbase%2Fnode_modules%2Fjasmine-core%2Flib%2Fjasmine-core%2Fjasmine.js%3F578a1e5ff14db21b04e2d6db7fd0eda37042440c%3A1745%0A%20%20%20%20at%20complete%20(http%3A%2F%2Flocalhost%3A8080%2Fbase%2Fnode_modules%2Fjasmine-core%2Flib%2Fjasmine-core%2Fjasmine.js%3F578a1e5ff14db21b04e2d6db7fd0eda37042440c%3A365)%0A%20%20%20%20at%20clearStack%20(http%3A%2F%2Flocalhost%3A8080%2Fbase%2Fnode_modules%2Fjasmine-core%2Flib%2Fjasmine-core%2Fjasmine.js%3F578a1e5ff14db21b04e2d6db7fd0eda37042440c%3A605)%0A%20%20%20%20at%20http%3A%2F%2Flocalhost%3A8080%2Fbase%2Fnode_modules%2Fjasmine-core%2Flib%2Fjasmine-core%2Fjasmine.js%3F578a1e5ff14db21b04e2d6db7fd0eda37042440c%3A1784%0A%20%20%20%20at%20http%3A%2F%2Flocalhost%3A8080%2Fbase%2Fnode_modules%2Fjasmine-core%2Flib%2Fjasmine-core%2Fjasmine.js%3F578a1e5ff14db21b04e2d6db7fd0eda37042440c%3A1762%0A%20%20%20%20at%20http%3A%2F%2Flocalhost%3A8080%2Fbase%2Fnode_modules%2Fjasmine-core%2Flib%2Fjasmine-core%2Fjasmine.js%3F578a1e5ff14db21b04e2d6db7fd0eda37042440c%3A627%0A%20%20%20%20at%20http%3A%2F%2Flocalhost%3A8080%2Fbase%2Fnode_modules%2Fjasmine-core%2Flib%2Fjasmine-core%2Fjasmine.js%3F578a1e5ff14db21b04e2d6db7fd0eda37042440c%3A357%0A%20%20%20%20at%20http%3A%2F%2Flocalhost%3A8080%2Fbase%2Fnode_modules%2Fjasmine-core%2Flib%2Fjasmine-core%2Fjasmine.js%3F578a1e5ff14db21b04e2d6db7fd0eda37042440c%3A2360%0A%20%20%20%20at%20attemptAsync%20(http%3A%2F%2Flocalhost%3A8080%2Fbase%2Fnode_modules%2Fjasmine-core%2Flib%2Fjasmine-core%2Fjasmine.js%3F578a1e5ff14db21b04e2d6db7fd0eda37042440c%3A1819)%0A%20%20%20%20at%20http%3A%2F%2Flocalhost%3A8080%2Fbase%2Fnode_modules%2Fjasmine-core%2Flib%2Fjasmine-core%2Fjasmine.js%3F578a1e5ff14db21b04e2d6db7fd0eda37042440c%3A1774%0A%20%20%20%20at%20http%3A%2F%2Flocalhost%3A8080%2Fbase%2Fnode_modules%2Fjasmine-core%2Flib%2Fjasmine-core%2Fjasmine.js%3F578a1e5ff14db21b04e2d6db7fd0eda37042440c%3A1801%0A%20%20%20%20at%20http%3A%2F%2Flocalhost%3A8080%2Fbase%2Fnode_modules%2Fjasmine-core%2Flib%2Fjasmine-core%2Fjasmine.js%3F578a1e5ff14db21b04e2d6db7fd0eda37042440c%3A1745%0A%20%20%20%20at%20complete%20(http%3A%2F%2Flocalhost%3A8080%2Fbase%2Fnode_modules%2Fjasmine-core%2Flib%2Fjasmine-core%2Fjasmine.js%3F578a1e5ff14db21b04e2d6db7fd0eda37042440c%3A365)%0A%20%20%20%20at%20clearStack%20(http%3A%2F%2Flocalhost%3A8080%2Fbase%2Fnode_modules%2Fjasmine-core%2Flib%2Fjasmine-core%2Fjasmine.js%3F578a1e5ff14db21b04e2d6db7fd0eda37042440c%3A605)%0A%20%20%20%20at%20http%3A%2F%2Flocalhost%3A8080%2Fbase%2Fnode_modules%2Fjasmine-core%2Flib%2Fjasmine-core%2Fjasmine.js%3F578a1e5ff14db21b04e2d6db7fd0eda37042440c%3A1784%0A%20%20%20%20at%20http%3A%2F%2Flocalhost%3A8080%2Fbase%2Fnode_modules%2Fjasmine-core%2Flib%2Fjasmine-core%2Fjasmine.js%3F578a1e5ff14db21b04e2d6db7fd0eda37042440c%3A1762%0A%20%20%20%20at%20http%3A%2F%2Flocalhost%3A8080%2Fbase%2Fnode_modules%2Fjasmine-core%2Flib%2Fjasmine-core%2Fjasmine.js%3F578a1e5ff14db21b04e2d6db7fd0eda37042440c%3A627%0A%20%20%20%20at%20http%3A%2F%2Flocalhost%3A8080%2Fbase%2Fnode_modules%2Fjasmine-core%2Flib%2Fjasmine-core%2Fjasmine.js%3F578a1e5ff14db21b04e2d6db7fd0eda37042440c%3A357%0A%20%20%20%20at%20http%3A%2F%2Flocalhost%3A8080%2Fbase%2Fnode_modules%2Fjasmine-core%2Flib%2Fjasmine-core%2Fjasmine.js%3F578a1e5ff14db21b04e2d6db7fd0eda37042440c%3A2360%0A%20%20%20%20at%20attemptAsync%20(http%3A%2F%2Flocalhost%3A8080%2Fbase%2Fnode_modules%2Fjasmine-core%2Flib%2Fjasmine-core%2Fjasmine.js%3F578a1e5ff14db21b04e2d6db7fd0eda37042440c%3A1819)%0A%20%20%20%20at%20http%3A%2F%2Flocalhost%3A8080%2Fbase%2Fnode_modules%2Fjasmine-core%2Flib%2Fjasmine-core%2Fjasmine.js%3F578a1e5ff14db21b04e2d6db7fd0eda37042440c%3A1774%0A%20%20%20%20at%20http%3A%2F%2Flocalhost%3A8080%2Fbase%2Fnode_modules%2Fjasmine-core%2Flib%2Fjasmine-core%2Fjasmine.js%3F578a1e5ff14db21b04e2d6db7fd0eda37042440c%3A1801%0A%20%20%20%20at%20http%3A%2F%2Flocalhost%3A8080%2Fbase%2Fnode_modules%2Fjasmine-core%2Flib%2Fjasmine-core%2Fjasmine.js%3F578a1e5ff14db21b04e2d6db7fd0eda37042440c%3A1745%0A%20%20%20%20at%20complete%20(http%3A%2F%2Flocalhost%3A8080%2Fbase%2Fnode_modules%2Fjasmine-core%2Flib%2Fjasmine-core%2Fjasmine.js%3F578a1e5ff14db21b04e2d6db7fd0eda37042440c%3A365)%0A%20%20%20%20at%20clearStack%20(http%3A%2F%2Flocalhost%3A8080%2Fbase%2Fnode_modules%2Fjasmine-core%2Flib%2Fjasmine-core%2Fjasmine.js%3F578a1e5ff14db21b04e2d6db7fd0eda37042440c%3A605)%0A%20%20%20%20at%20http%3A%2F%2Flocalhost%3A8080%2Fbase%2Fnode_modules%2Fjasmine-core%2Flib%2Fjasmine-core%2Fjasmine.js%3F578a1e5ff14db21b04e2d6db7fd0eda37042440c%3A1784%0A%20%20%20%20at%20http%3A%2F%2Flocalhost%3A8080%2Fbase%2Fnode_modules%2Fjasmine-core%2Flib%2Fjasmine-core%2Fjasmine.js%3F578a1e5ff14db21b04e2d6db7fd0eda37042440c%3A1762%0A%20%20%20%20at%20http%3A%2F%2Flocalhost%3A8080%2Fbase%2Fnode_modules%2Fjasmine-core%2Flib%2Fjasmine-core%2Fjasmine.js%3F578a1e5ff14db21b04e2d6db7fd0eda37042440c%3A627%0A%20%20%20%20at%20http%3A%2F%2Flocalhost%3A8080%2Fbase%2Fnode_modules%2Fjasmine-core%2Flib%2Fjasmine-core%2Fjasmine.js%3F578a1e5ff14db21b04e2d6db7fd0eda37042440c%3A357%0A%20%20%20%20at%20http%3A%2F%2Flocalhost%3A8080%2Fbase%2Fnode_modules%2Fjasmine-core%2Flib%2Fjasmine-core%2Fjasmine.js%3F578a1e5ff14db21b04e2d6db7fd0eda37042440c%3A2360%0A%20%20%20%20at%20attemptAsync%20(http%3A%2F%2Flocalhost%3A8080%2Fbase%2Fnode_modules%2Fjasmine-core%2Flib%2Fjasmine-core%2Fjasmine.js%3F578a1e5ff14db21b04e2d6db7fd0eda37042440c%3A1819)%0A%20%20%20%20at%20http%3A%2F%2Flocalhost%3A8080%2Fbase%2Fnode_modules%2Fjasmine-core%2Flib%2Fjasmine-core%2Fjasmine.js%3F578a1e5ff14db21b04e2d6db7fd0eda37042440c%3A1774%0A%20%20%20%20at%20http%3A%2F%2Flocalhost%3A8080%2Fbase%2Fnode_modules%2Fjasmine-core%2Flib%2Fjasmine-core%2Fjasmine.js%3F578a1e5ff14db21b04e2d6db7fd0eda37042440c%3A1801%0A%20%20%20%20at%20http%3A%2F%2Flocalhost%3A8080%2Fbase%2Fnode_modules%2Fjasmine-core%2Flib%2Fjasmine-core%2Fjasmine.js%3F578a1e5ff14db21b04e2d6db7fd0eda37042440c%3A1745%0A%20%20%20%20at%20complete%20(http%3A%2F%2Flocalhost%3A8080%2Fbase%2Fnode_modules%2Fjasmine-core%2Flib%2Fjasmine-core%2Fjasmine.js%3F578a1e5ff14db21b04e2d6db7fd0eda37042440c%3A365)%0A%20%20%20%20at%20clearStack%20(http%3A%2F%2Flocalhost%3A8080%2Fbase%2Fnode_modules%2Fjasmine-core%2Flib%2Fjasmine-core%2Fjasmine.js%3F578a1e5ff14db21b04e2d6db7fd0eda37042440c%3A605)%0A%20%20%20%20at%20http%3A%2F%2Flocalhost%3A8080%2Fbase%2Fnode_modules%2Fjasmine-core%2Flib%2Fjasmine-core%2Fjasmine.js%3F578a1e5ff14db21b04e2d6db7fd0eda37042440c%3A1784%0A%20%20%20%20at%20http%3A%2F%2Flocalhost%3A8080%2Fbase%2Fnode_modules%2Fjasmine-core%2Flib%2Fjasmine-core%2Fjasmine.js%3F578a1e5ff14db21b04e2d6db7fd0eda37042440c%3A1762%0A%20%20%20%20at%20http%3A%2F%2Flocalhost%3A8080%2Fbase%2Fnode_modules%2Fjasmine-core%2Flib%2Fjasmine-core%2Fjasmine.js%3F578a1e5ff14db21b04e2d6db7fd0eda37042440c%3A627%0A%20%20%20%20at%20http%3A%2F%2Flocalhost%3A8080%2Fbase%2Fnode_modules%2Fjasmine-core%2Flib%2Fjasmine-core%2Fjasmine.js%3F578a1e5ff14db21b04e2d6db7fd0eda37042440c%3A357%0A%20%20%20%20at%20http%3A%2F%2Flocalhost%3A8080%2Fbase%2Fnode_modules%2Fjasmine-core%2Flib%2Fjasmine-core%2Fjasmine.js%3F578a1e5ff14db21b04e2d6db7fd0eda37042440c%3A2360%0A%20%20%20%20at%20attemptAsync%20(http%3A%2F%2Flocalhost%3A8080%2Fbase%2Fnode_modules%2Fjasmine-core%2Flib%2Fjasmine-core%2Fjasmine.js%3F578a1e5ff14db21b04e2d6db7fd0eda37042440c%3A1819)%0A%20%20%20%20at%20http%3A%2F%2Flocalhost%3A8080%2Fbase%2Fnode_modules%2Fjasmine-core%2Flib%2Fjasmine-core%2Fjasmine.js%3F578a1e5ff14db21b04e2d6db7fd0eda37042440c%3A1774%0A%20%20%20%20at%20http%3A%2F%2Flocalhost%3A8080%2Fbase%2Fnode_modules%2Fjasmine-core%2Flib%2Fjasmine-core%2Fjasmine.js%3F578a1e5ff14db21b04e2d6db7fd0eda37042440c%3A1801%0A%20%20%20%20at%20http%3A%2F%2Flocalhost%3A8080%2Fbase%2Fnode_modules%2Fjasmine-core%2Flib%2Fjasmine-core%2Fjasmine.js%3F578a1e5ff14db21b04e2d6db7fd0eda37042440c%3A1745%0A%20%20%20%20at%20complete%20(http%3A%2F%2Flocalhost%3A8080%2Fbase%2Fnode_modules%2Fjasmine-core%2Flib%2Fjasmine-core%2Fjasmine.js%3F578a1e5ff14db21b04e2d6db7fd0eda37042440c%3A365)%0A%20%20%20%20at%20clearStack%20(http%3A%2F%2Flocalhost%3A8080%2Fbase%2Fnode_modules%2Fjasmine-core%2Flib%2Fjasmine-core%2Fjasmine.js%3F578a1e5ff14db21b04e2d6db7fd0eda37042440c%3A605)%0A%20%20%20%20at%20http%3A%2F%2Flocalhost%3A8080%2Fbase%2Fnode_modules%2Fjasmine-core%2Flib%2Fjasmine-core%2Fjasmine.js%3F578a1e5ff14db21b04e2d6db7fd0eda37042440c%3A1784%0A%20%20%20%20at%20http%3A%2F%2Flocalhost%3A8080%2Fbase%2Fnode_modules%2Fjasmine-core%2Flib%2Fjasmine-core%2Fjasmine.js%3F578a1e5ff14db21b04e2d6db7fd0eda37042440c%3A1762%0A%20%20%20%20at%20http%3A%2F%2Flocalhost%3A8080%2Fbase%2Fnode_modules%2Fjasmine-core%2Flib%2Fjasmine-core%2Fjasmine.js%3F578a1e5ff14db21b04e2d6db7fd0eda37042440c%3A627%0A%20%20%20%20at%20http%3A%2F%2Flocalhost%3A8080%2Fbase%2Fnode_modules%2Fjasmine-core%2Flib%2Fjasmine-core%2Fjasmine.js%3F578a1e5ff14db21b04e2d6db7fd0eda37042440c%3A357%0A%20%20%20%20at%20http%3A%2F%2Flocalhost%3A8080%2Fbase%2Fnode_modules%2Fjasmine-core%2Flib%2Fjasmine-core%2Fjasmine.js%3F578a1e5ff14db21b04e2d6db7fd0eda37042440c%3A2360%0A%20%20%20%20at%20attemptAsync%20(http%3A%2F%2Flocalhost%3A8080%2Fbase%2Fnode_modules%2Fjasmine-core%2Flib%2Fjasmine-core%2Fjasmine.js%3F578a1e5ff14db21b04e2d6db7fd0eda37042440c%3A1819)%0A%20%20%20%20at%20http%3A%2F%2Flocalhost%3A8080%2Fbase%2Fnode_modules%2Fjasmine-core%2Flib%2Fjasmine-core%2Fjasmine.js%3F578a1e5ff14db21b04e2d6db7fd0eda37042440c%3A1774%0A%20%20%20%20at%20http%3A%2F%2Flocalhost%3A8080%2Fbase%2Fnode_modules%2Fjasmine-core%2Flib%2Fjasmine-core%2Fjasmine.js%3F578a1e5ff14db21b04e2d6db7fd0eda37042440c%3A1762%0A%20%20%20%20at%20http%3A%2F%2Flocalhost%3A8080%2Fbase%2Fnode_modules%2Fjasmine-core%2Flib%2Fjasmine-core%2Fjasmine.js%3F578a1e5ff14db21b04e2d6db7fd0eda37042440c%3A627%0A%20%20%20%20at%20http%3A%2F%2Flocalhost%3A8080%2Fbase%2Fnode_modules%2Fjasmine-core%2Flib%2Fjasmine-core%2Fjasmine.js%3F578a1e5ff14db21b04e2d6db7fd0eda37042440c%3A2354%0A%20%20%20%20at%20attemptAsync%20(http%3A%2F%2Flocalhost%3A8080%2Fbase%2Fnode_modules%2Fjasmine-core%2Flib%2Fjasmine-core%2Fjasmine.js%3F578a1e5ff14db21b04e2d6db7fd0eda37042440c%3A1819)%0A%20%20%20%20at%20http%3A%2F%2Flocalhost%3A8080%2Fbase%2Fnode_modules%2Fjasmine-core%2Flib%2Fjasmine-core%2Fjasmine.js%3F578a1e5ff14db21b04e2d6db7fd0eda37042440c%3A1774%0A%20%20%20%20at%20http%3A%2F%2Flocalhost%3A8080%2Fbase%2Fnode_modules%2Fjasmine-core%2Flib%2Fjasmine-core%2Fjasmine.js%3F578a1e5ff14db21b04e2d6db7fd0eda37042440c%3A1801%0A%20%20%20%20at%20http%3A%2F%2Flocalhost%3A8080%2Fbase%2Fnode_modules%2Fjasmine-core%2Flib%2Fjasmine-core%2Fjasmine.js%3F578a1e5ff14db21b04e2d6db7fd0eda37042440c%3A1745%0A%20%20%20%20at%20http%3A%2F%2Flocalhost%3A8080%2Fbase%2Fnode_modules%2Fjasmine-core%2Flib%2Fjasmine-core%2Fjasmine.js%3F578a1e5ff14db21b04e2d6db7fd0eda37042440c%3A2348%0A%20%20%20%20at%20clearStack%20(http%3A%2F%2Flocalhost%3A8080%2Fbase%2Fnode_modules%2Fjasmine-core%2Flib%2Fjasmine-core%2Fjasmine.js%3F578a1e5ff14db21b04e2d6db7fd0eda37042440c%3A605)%0A%20%20%20%20at%20http%3A%2F%2Flocalhost%3A8080%2Fbase%2Fnode_modules%2Fjasmine-core%2Flib%2Fjasmine-core%2Fjasmine.js%3F578a1e5ff14db21b04e2d6db7fd0eda37042440c%3A1784%0A%20%20%20%20at%20http%3A%2F%2Flocalhost%3A8080%2Fbase%2Fnode_modules%2Fjasmine-core%2Flib%2Fjasmine-core%2Fjasmine.js%3F578a1e5ff14db21b04e2d6db7fd0eda37042440c%3A1762%0A%20%20%20%20at%20http%3A%2F%2Flocalhost%3A8080%2Fbase%2Fnode_modules%2Fjasmine-core%2Flib%2Fjasmine-core%2Fjasmine.js%3F578a1e5ff14db21b04e2d6db7fd0eda37042440c%3A627%0A%20%20%20%20at%20http%3A%2F%2Flocalhost%3A8080%2Fbase%2Fnode_modules%2Fjasmine-core%2Flib%2Fjasmine-core%2Fjasmine.js%3F578a1e5ff14db21b04e2d6db7fd0eda37042440c%3A2354%0A%20%20%20%20at%20attemptAsync%20(http%3A%2F%2Flocalhost%3A8080%2Fbase%2Fnode_modules%2Fjasmine-core%2Flib%2Fjasmine-core%2Fjasmine.js%3F578a1e5ff14db21b04e2d6db7fd0eda37042440c%3A1819)%0A%20%20%20%20at%20http%3A%2F%2Flocalhost%3A8080%2Fbase%2Fnode_modules%2Fjasmine-core%2Flib%2Fjasmine-core%2Fjasmine.js%3F578a1e5ff14db21b04e2d6db7fd0eda37042440c%3A1774%0A%20%20%20%20at%20http%3A%2F%2Flocalhost%3A8080%2Fbase%2Fnode_modules%2Fjasmine-core%2Flib%2Fjasmine-core%2Fjasmine.js%3F578a1e5ff14db21b04e2d6db7fd0eda37042440c%3A1801%0A%20%20%20%20at%20http%3A%2F%2Flocalhost%3A8080%2Fbase%2Fnode_modules%2Fjasmine-core%2Flib%2Fjasmine-core%2Fjasmine.js%3F578a1e5ff14db21b04e2d6db7fd0eda37042440c%3A1745%0A%20%20%20%20at%20http%3A%2F%2Flocalhost%3A8080%2Fbase%2Fnode_modules%2Fjasmine-core%2Flib%2Fjasmine-core%2Fjasmine.js%3F578a1e5ff14db21b04e2d6db7fd0eda37042440c%3A2348%0A%20%20%20%20at%20clearStack%20(http%3A%2F%2Flocalhost%3A8080%2Fbase%2Fnode_modules%2Fjasmine-core%2Flib%2Fjasmine-core%2Fjasmine.js%3F578a1e5ff14db21b04e2d6db7fd0eda37042440c%3A605)%0A%20%20%20%20at%20http%3A%2F%2Flocalhost%3A8080%2Fbase%2Fnode_modules%2Fjasmine-core%2Flib%2Fjasmine-core%2Fjasmine.js%3F578a1e5ff14db21b04e2d6db7fd0eda37042440c%3A1784%0A%20%20%20%20at%20http%3A%2F%2Flocalhost%3A8080%2Fbase%2Fnode_modules%2Fjasmine-core%2Flib%2Fjasmine-core%2Fjasmine.js%3F578a1e5ff14db21b04e2d6db7fd0eda37042440c%3A1762%0A%20%20%20%20at%20http%3A%2F%2Flocalhost%3A8080%2Fbase%2Fnode_modules%2Fjasmine-core%2Flib%2Fjasmine-core%2Fjasmine.js%3F578a1e5ff14db21b04e2d6db7fd0eda37042440c%3A627%0A%20%20%20%20at%20http%3A%2F%2Flocalhost%3A8080%2Fbase%2Fnode_modules%2Fjasmine-core%2Flib%2Fjasmine-core%2Fjasmine.js%3F578a1e5ff14db21b04e2d6db7fd0eda37042440c%3A2354%0A%20%20%20%20at%20attemptAsync%20(http%3A%2F%2Flocalhost%3A8080%2Fbase%2Fnode_modules%2Fjasmine-core%2Flib%2Fjasmine-core%2Fjasmine.js%3F578a1e5ff14db21b04e2d6db7fd0eda37042440c%3A1819)%0A%20%20%20%20at%20http%3A%2F%2Flocalhost%3A8080%2Fbase%2Fnode_modules%2Fjasmine-core%2Flib%2Fjasmine-core%2Fjasmine.js%3F578a1e5ff14db21b04e2d6db7fd0eda37042440c%3A1774%0A%20%20%20%20at%20http%3A%2F%2Flocalhost%3A8080%2Fbase%2Fnode_modules%2Fjasmine-core%2Flib%2Fjasmine-core%2Fjasmine.js%3F578a1e5ff14db21b04e2d6db7fd0eda37042440c%3A1801%0A%20%20%20%20at%20http%3A%2F%2Flocalhost%3A8080%2Fbase%2Fnode_modules%2Fjasmine-core%2Flib%2Fjasmine-core%2Fjasmine.js%3F578a1e5ff14db21b04e2d6db7fd0eda37042440c%3A1745%0A%20%20%20%20at%20http%3A%2F%2Flocalhost%3A8080%2Fbase%2Fnode_modules%2Fjasmine-core%2Flib%2Fjasmine-core%2Fjasmine.js%3F578a1e5ff14db21b04e2d6db7fd0eda37042440c%3A2348%0A%20%20%20%20at%20clearStack%20(http%3A%2F%2Flocalhost%3A8080%2Fbase%2Fnode_modules%2Fjasmine-core%2Flib%2Fjasmine-core%2Fjasmine.js%3F578a1e5ff14db21b04e2d6db7fd0eda37042440c%3A605)%0A%20%20%20%20at%20http%3A%2F%2Flocalhost%3A8080%2Fbase%2Fnode_modules%2Fjasmine-core%2Flib%2Fjasmine-core%2Fjasmine.js%3F578a1e5ff14db21b04e2d6db7fd0eda37042440c%3A1784%0A%20%20%20%20at%20http%3A%2F%2Flocalhost%3A8080%2Fbase%2Fnode_modules%2Fjasmine-core%2Flib%2Fjasmine-core%2Fjasmine.js%3F578a1e5ff14db21b04e2d6db7fd0eda37042440c%3A1801%0A%20%20%20%20at%20http%3A%2F%2Flocalhost%3A8080%2Fbase%2Fnode_modules%2Fjasmine-core%2Flib%2Fjasmine-core%2Fjasmine.js%3F578a1e5ff14db21b04e2d6db7fd0eda37042440c%3A1745%0A%20%20%20%20at%20complete%20(http%3A%2F%2Flocalhost%3A8080%2Fbase%2Fnode_modules%2Fjasmine-core%2Flib%2Fjasmine-core%2Fjasmine.js%3F578a1e5ff14db21b04e2d6db7fd0eda37042440c%3A365)%0A%20%20%20%20at%20clearStack%20(http%3A%2F%2Flocalhost%3A8080%2Fbase%2Fnode_modules%2Fjasmine-core%2Flib%2Fjasmine-core%2Fjasmine.js%3F578a1e5ff14db21b04e2d6db7fd0eda37042440c%3A605)%0A%20%20%20%20at%20http%3A%2F%2Flocalhost%3A8080%2Fbase%2Fnode_modules%2Fjasmine-core%2Flib%2Fjasmine-core%2Fjasmine.js%3F578a1e5ff14db21b04e2d6db7fd0eda37042440c%3A1784%0A%20%20%20%20at%20http%3A%2F%2Flocalhost%3A8080%2Fbase%2Fnode_modules%2Fjasmine-core%2Flib%2Fjasmine-core%2Fjasmine.js%3F578a1e5ff14db21b04e2d6db7fd0eda37042440c%3A1762%0A%20%20%20%20at%20http%3A%2F%2Flocalhost%3A8080%2Fbase%2Fnode_modules%2Fjasmine-core%2Flib%2Fjasmine-core%2Fjasmine.js%3F578a1e5ff14db21b04e2d6db7fd0eda37042440c%3A627%0A%20%20%20%20at%20http%3A%2F%2Flocalhost%3A8080%2Fbase%2Fnode_modules%2Fjasmine-core%2Flib%2Fjasmine-core%2Fjasmine.js%3F578a1e5ff14db21b04e2d6db7fd0eda37042440c%3A357%0A%20%20%20%20at%20http%3A%2F%2Flocalhost%3A8080%2Fbase%2Fnode_modules%2Fjasmine-core%2Flib%2Fjasmine-core%2Fjasmine.js%3F578a1e5ff14db21b04e2d6db7fd0eda37042440c%3A2360%0A%20%20%20%20at%20attemptAsync%20(http%3A%2F%2Flocalhost%3A8080%2Fbase%2Fnode_modules%2Fjasmine-core%2Flib%2Fjasmine-core%2Fjasmine.js%3F578a1e5ff14db21b04e2d6db7fd0eda37042440c%3A1819)%0A%20%20%20%20at%20http%3A%2F%2Flocalhost%3A8080%2Fbase%2Fnode_modules%2Fjasmine-core%2Flib%2Fjasmine-core%2Fjasmine.js%3F578a1e5ff14db21b04e2d6db7fd0eda37042440c%3A1774%0A%20%20%20%20at%20http%3A%2F%2Flocalhost%3A8080%2Fbase%2Fnode_modules%2Fjasmine-core%2Flib%2Fjasmine-core%2Fjasmine.js%3F578a1e5ff14db21b04e2d6db7fd0eda37042440c%3A1801%0A%20%20%20%20at%20http%3A%2F%2Flocalhost%3A8080%2Fbase%2Fnode_modules%2Fjasmine-core%2Flib%2Fjasmine-core%2Fjasmine.js%3F578a1e5ff14db21b04e2d6db7fd0eda37042440c%3A1745%0A%20%20%20%20at%20complete%20(http%3A%2F%2Flocalhost%3A8080%2Fbase%2Fnode_modules%2Fjasmine-core%2Flib%2Fjasmine-core%2Fjasmine.js%3F578a1e5ff14db21b04e2d6db7fd0eda37042440c%3A365)%0A%20%20%20%20at%20clearStack%20(http%3A%2F%2Flocalhost%3A8080%2Fbase%2Fnode_modules%2Fjasmine-core%2Flib%2Fjasmine-core%2Fjasmine.js%3F578a1e5ff14db21b04e2d6db7fd0eda37042440c%3A605)%0A%20%20%20%20at%20http%3A%2F%2Flocalhost%3A8080%2Fbase%2Fnode_modules%2Fjasmine-core%2Flib%2Fjasmine-core%2Fjasmine.js%3F578a1e5ff14db21b04e2d6db7fd0eda37042440c%3A1784%0A%20%20%20%20at%20http%3A%2F%2Flocalhost%3A8080%2Fbase%2Fnode_modules%2Fjasmine-core%2Flib%2Fjasmine-core%2Fjasmine.js%3F578a1e5ff14db21b04e2d6db7fd0eda37042440c%3A1762%0A%20%20%20%20at%20http%3A%2F%2Flocalhost%3A8080%2Fbase%2Fnode_modules%2Fjasmine-core%2Flib%2Fjasmine-core%2Fjasmine.js%3F578a1e5ff14db21b04e2d6db7fd0eda37042440c%3A627%0A%20%20%20%20at%20http%3A%2F%2Flocalhost%3A8080%2Fbase%2Fnode_modules%2Fjasmine-core%2Flib%2Fjasmine-core%2Fjasmine.js%3F578a1e5ff14db21b04e2d6db7fd0eda37042440c%3A357%0A%20%20%20%20at%20http%3A%2F%2Flocalhost%3A8080%2Fbase%2Fnode_modules%2Fjasmine-core%2Flib%2Fjasmine-core%2Fjasmine.js%3F578a1e5ff14db21b04e2d6db7fd0eda37042440c%3A2360%0A%20%20%20%20at%20attemptAsync%20(http%3A%2F%2Flocalhost%3A8080%2Fbase%2Fnode_modules%2Fjasmine-core%2Flib%2Fjasmine-core%2Fjasmine.js%3F578a1e5ff14db21b04e2d6db7fd0eda37042440c%3A1819)%0A%20%20%20%20at%20http%3A%2F%2Flocalhost%3A8080%2Fbase%2Fnode_modules%2Fjasmine-core%2Flib%2Fjasmine-core%2Fjasmine.js%3F578a1e5ff14db21b04e2d6db7fd0eda37042440c%3A1774%0A%20%20%20%20at%20http%3A%2F%2Flocalhost%3A8080%2Fbase%2Fnode_modules%2Fjasmine-core%2Flib%2Fjasmine-core%2Fjasmine.js%3F578a1e5ff14db21b04e2d6db7fd0eda37042440c%3A1762%0A%20%20%20%20at%20http%3A%2F%2Flocalhost%3A8080%2Fbase%2Fnode_modules%2Fjasmine-core%2Flib%2Fjasmine-core%2Fjasmine.js%3F578a1e5ff14db21b04e2d6db7fd0eda37042440c%3A627%0A%20%20%20%20at%20http%3A%2F%2Flocalhost%3A8080%2Fbase%2Fnode_modules%2Fjasmine-core%2Flib%2Fjasmine-core%2Fjasmine.js%3F578a1e5ff14db21b04e2d6db7fd0eda37042440c%3A2354%0A%20%20%20%20at%20attemptAsync%20(http%3A%2F%2Flocalhost%3A8080%2Fbase%2Fnode_modules%2Fjasmine-core%2Flib%2Fjasmine-core%2Fjasmine.js%3F578a1e5ff14db21b04e2d6db7fd0eda37042440c%3A1819)%0A%20%20%20%20at%20http%3A%2F%2Flocalhost%3A8080%2Fbase%2Fnode_modules%2Fjasmine-core%2Flib%2Fjasmine-core%2Fjasmine.js%3F578a1e5ff14db21b04e2d6db7fd0eda37042440c%3A1774%0A%20%20%20%20at%20http%3A%2F%2Flocalhost%3A8080%2Fbase%2Fnode_modules%2Fjasmine-core%2Flib%2Fjasmine-core%2Fjasmine.js%3F578a1e5ff14db21b04e2d6db7fd0eda37042440c%3A1801%0A%20%20%20%20at%20http%3A%2F%2Flocalhost%3A8080%2Fbase%2Fnode_modules%2Fjasmine-core%2Flib%2Fjasmine-core%2Fjasmine.js%3F578a1e5ff14db21b04e2d6db7fd0eda37042440c%3A1745%0A%20%20%20%20at%20http%3A%2F%2Flocalhost%3A8080%2Fbase%2Fnode_modules%2Fjasmine-core%2Flib%2Fjasmine-core%2Fjasmine.js%3F578a1e5ff14db21b04e2d6db7fd0eda37042440c%3A2348%0A%20%20%20%20at%20clearStack%20(http%3A%2F%2Flocalhost%3A8080%2Fbase%2Fnode_modules%2Fjasmine-core%2Flib%2Fjasmine-core%2Fjasmine.js%3F578a1e5ff14db21b04e2d6db7fd0eda37042440c%3A605)%0A%20%20%20%20at%20http%3A%2F%2Flocalhost%3A8080%2Fbase%2Fnode_modules%2Fjasmine-core%2Flib%2Fjasmine-core%2Fjasmine.js%3F578a1e5ff14db21b04e2d6db7fd0eda37042440c%3A1784%0A%20%20%20%20at%20http%3A%2F%2Flocalhost%3A8080%2Fbase%2Fnode_modules%2Fjasmine-core%2Flib%2Fjasmine-core%2Fjasmine.js%3F578a1e5ff14db21b04e2d6db7fd0eda37042440c%3A1762%0A%20%20%20%20at%20http%3A%2F%2Flocalhost%3A8080%2Fbase%2Fnode_modules%2Fjasmine-core%2Flib%2Fjasmine-core%2Fjasmine.js%3F578a1e5ff14db21b04e2d6db7fd0eda37042440c%3A627%0A%20%20%20%20at%20http%3A%2F%2Flocalhost%3A8080%2Fbase%2Fnode_modules%2Fjasmine-core%2Flib%2Fjasmine-core%2Fjasmine.js%3F578a1e5ff14db21b04e2d6db7fd0eda37042440c%3A2354%0A%20%20%20%20at%20attemptAsync%20(http%3A%2F%2Flocalhost%3A8080%2Fbase%2Fnode_modules%2Fjasmine-core%2Flib%2Fjasmine-core%2Fjasmine.js%3F578a1e5ff14db21b04e2d6db7fd0eda37042440c%3A1819)%0A%20%20%20%20at%20http%3A%2F%2Flocalhost%3A8080%2Fbase%2Fnode_modules%2Fjasmine-core%2Flib%2Fjasmine-core%2Fjasmine.js%3F578a1e5ff14db21b04e2d6db7fd0eda37042440c%3A1774%0A%20%20%20%20at%20http%3A%2F%2Flocalhost%3A8080%2Fbase%2Fnode_modules%2Fjasmine-core%2Flib%2Fjasmine-core%2Fjasmine.js%3F578a1e5ff14db21b04e2d6db7fd0eda37042440c%3A1801%0A%20%20%20%20at%20http%3A%2F%2Flocalhost%3A8080%2Fbase%2Fnode_modules%2Fjasmine-core%2Flib%2Fjasmine-core%2Fjasmine.js%3F578a1e5ff14db21b04e2d6db7fd0eda37042440c%3A1745%0A%20%20%20%20at%20http%3A%2F%2Flocalhost%3A8080%2Fbase%2Fnode_modules%2Fjasmine-core%2Flib%2Fjasmine-core%2Fjasmine.js%3F578a1e5ff14db21b04e2d6db7fd0eda37042440c%3A2348%0A%20%20%20%20at%20clearStack%20(http%3A%2F%2Flocalhost%3A8080%2Fbase%2Fnode_modules%2Fjasmine-core%2Flib%2Fjasmine-core%2Fjasmine.js%3F578a1e5ff14db21b04e2d6db7fd0eda37042440c%3A605)%0A%20%20%20%20at%20http%3A%2F%2Flocalhost%3A8080%2Fbase%2Fnode_modules%2Fjasmine-core%2Flib%2Fjasmine-core%2Fjasmine.js%3F578a1e5ff14db21b04e2d6db7fd0eda37042440c%3A1784%0A%20%20%20%20at%20http%3A%2F%2Flocalhost%3A8080%2Fbase%2Fnode_modules%2Fjasmine-core%2Flib%2Fjasmine-core%2Fjasmine.js%3F578a1e5ff14db21b04e2d6db7fd0eda37042440c%3A1762%0A%20%20%20%20at%20http%3A%2F%2Flocalhost%3A8080%2Fbase%2Fnode_modules%2Fjasmine-core%2Flib%2Fjasmine-core%2Fjasmine.js%3F578a1e5ff14db21b04e2d6db7fd0eda37042440c%3A627%0A%20%20%20%20at%20http%3A%2F%2Flocalhost%3A8080%2Fbase%2Fnode_modules%2Fjasmine-core%2Flib%2Fjasmine-core%2Fjasmine.js%3F578a1e5ff14db21b04e2d6db7fd0eda37042440c%3A2354%0A%20%20%20%20at%20attemptAsync%20(http%3A%2F%2Flocalhost%3A8080%2Fbase%2Fnode_modules%2Fjasmine-core%2Flib%2Fjasmine-core%2Fjasmine.js%3F578a1e5ff14db21b04e2d6db7fd0eda37042440c%3A1819)%0A%20%20%20%20at%20http%3A%2F%2Flocalhost%3A8080%2Fbase%2Fnode_modules%2Fjasmine-core%2Flib%2Fjasmine-core%2Fjasmine.js%3F578a1e5ff14db21b04e2d6db7fd0eda37042440c%3A1774%0A%20%20%20%20at%20http%3A%2F%2Flocalhost%3A8080%2Fbase%2Fnode_modules%2Fjasmine-core%2Flib%2Fjasmine-core%2Fjasmine.js%3F578a1e5ff14db21b04e2d6db7fd0eda37042440c%3A1801%0A%20%20%20%20at%20http%3A%2F%2Flocalhost%3A8080%2Fbase%2Fnode_modules%2Fjasmine-core%2Flib%2Fjasmine-core%2Fjasmine.js%3F578a1e5ff14db21b04e2d6db7fd0eda37042440c%3A1745%0A%20%20%20%20at%20http%3A%2F%2Flocalhost%3A8080%2Fbase%2Fnode_modules%2Fjasmine-core%2Flib%2Fjasmine-core%2Fjasmine.js%3F578a1e5ff14db21b04e2d6db7fd0eda37042440c%3A2348%0A%20%20%20%20at%20clearStack%20(http%3A%2F%2Flocalhost%3A8080%2Fbase%2Fnode_modules%2Fjasmine-core%2Flib%2Fjasmine-core%2Fjasmine.js%3F578a1e5ff14db21b04e2d6db7fd0eda37042440c%3A605)%0A%20%20%20%20at%20http%3A%2F%2Flocalhost%3A8080%2Fbase%2Fnode_modules%2Fjasmine-core%2Flib%2Fjasmine-core%2Fjasmine.js%3F578a1e5ff14db21b04e2d6db7fd0eda37042440c%3A1784%0A%20%20%20%20at%20http%3A%2F%2Flocalhost%3A8080%2Fbase%2Fnode_modules%2Fjasmine-core%2Flib%2Fjasmine-core%2Fjasmine.js%3F578a1e5ff14db21b04e2d6db7fd0eda37042440c%3A1762%0A%20%20%20%20at%20http%3A%2F%2Flocalhost%3A8080%2Fbase%2Fnode_modules%2Fjasmine-core%2Flib%2Fjasmine-core%2Fjasmine.js%3F578a1e5ff14db21b04e2d6db7fd0eda37042440c%3A627%0A%20%20%20%20at%20http%3A%2F%2Flocalhost%3A8080%2Fbase%2Fnode_modules%2Fjasmine-core%2Flib%2Fjasmine-core%2Fjasmine.js%3F578a1e5ff14db21b04e2d6db7fd0eda37042440c%3A2354%0A%20%20%20%20at%20attemptAsync%20(http%3A%2F%2Flocalhost%3A8080%2Fbase%2Fnode_modules%2Fjasmine-core%2Flib%2Fjasmine-core%2Fjasmine.js%3F578a1e5ff14db21b04e2d6db7fd0eda37042440c%3A1819)%0A%20%20%20%20at%20http%3A%2F%2Flocalhost%3A8080%2Fbase%2Fnode_modules%2Fjasmine-core%2Flib%2Fjasmine-core%2Fjasmine.js%3F578a1e5ff14db21b04e2d6db7fd0eda37042440c%3A1774%0A%20%20%20%20at%20http%3A%2F%2Flocalhost%3A8080%2Fbase%2Fnode_modules%2Fjasmine-core%2Flib%2Fjasmine-core%2Fjasmine.js%3F578a1e5ff14db21b04e2d6db7fd0eda37042440c%3A1801%0A%20%20%20%20at%20http%3A%2F%2Flocalhost%3A8080%2Fbase%2Fnode_modules%2Fjasmine-core%2Flib%2Fjasmine-core%2Fjasmine.js%3F578a1e5ff14db21b04e2d6db7fd0eda37042440c%3A1745%0A%20%20%20%20at%20http%3A%2F%2Flocalhost%3A8080%2Fbase%2Fnode_modules%2Fjasmine-core%2Flib%2Fjasmine-core%2Fjasmine.js%3F578a1e5ff14db21b04e2d6db7fd0eda37042440c%3A2348%0A%20%20%20%20at%20clearStack%20(http%3A%2F%2Flocalhost%3A8080%2Fbase%2Fnode_modules%2Fjasmine-core%2Flib%2Fjasmine-core%2Fjasmine.js%3F578a1e5ff14db21b04e2d6db7fd0eda37042440c%3A605)%0A%20%20%20%20at%20http%3A%2F%2Flocalhost%3A8080%2Fbase%2Fnode_modules%2Fjasmine-core%2Flib%2Fjasmine-core%2Fjasmine.js%3F578a1e5ff14db21b04e2d6db7fd0eda37042440c%3A1784%0A%20%20%20%20at%20http%3A%2F%2Flocalhost%3A8080%2Fbase%2Fnode_modules%2Fjasmine-core%2Flib%2Fjasmine-core%2Fjasmine.js%3F578a1e5ff14db21b04e2d6db7fd0eda37042440c%3A1762%0A%20%20%20%20at%20http%3A%2F%2Flocalhost%3A8080%2Fbase%2Fnode_modules%2Fjasmine-core%2Flib%2Fjasmine-core%2Fjasmine.js%3F578a1e5ff14db21b04e2d6db7fd0eda37042440c%3A627%0A%20%20%20%20at%20http%3A%2F%2Flocalhost%3A8080%2Fbase%2Fnode_modules%2Fjasmine-core%2Flib%2Fjasmine-core%2Fjasmine.js%3F578a1e5ff14db21b04e2d6db7fd0eda37042440c%3A2354%0A%20%20%20%20at%20attemptAsync%20(http%3A%2F%2Flocalhost%3A8080%2Fbase%2Fnode_modules%2Fjasmine-core%2Flib%2Fjasmine-core%2Fjasmine.js%3F578a1e5ff14db21b04e2d6db7fd0eda37042440c%3A1819)%0A%20%20%20%20at%20http%3A%2F%2Flocalhost%3A8080%2Fbase%2Fnode_modules%2Fjasmine-core%2Flib%2Fjasmine-core%2Fjasmine.js%3F578a1e5ff14db21b04e2d6db7fd0eda37042440c%3A1774%0A%20%20%20%20at%20http%3A%2F%2Flocalhost%3A8080%2Fbase%2Fnode_modules%2Fjasmine-core%2Flib%2Fjasmine-core%2Fjasmine.js%3F578a1e5ff14db21b04e2d6db7fd0eda37042440c%3A1801%0A%20%20%20%20at%20http%3A%2F%2Flocalhost%3A8080%2Fbase%2Fnode_modules%2Fjasmine-core%2Flib%2Fjasmine-core%2Fjasmine.js%3F578a1e5ff14db21b04e2d6db7fd0eda37042440c%3A1745%0A%20%20%20%20at%20http%3A%2F%2Flocalhost%3A8080%2Fbase%2Fnode_modules%2Fjasmine-core%2Flib%2Fjasmine-core%2Fjasmine.js%3F578a1e5ff14db21b04e2d6db7fd0eda37042440c%3A2348%0A%20%20%20%20at%20clearStack%20(http%3A%2F%2Flocalhost%3A8080%2Fbase%2Fnode_modules%2Fjasmine-core%2Flib%2Fjasmine-core%2Fjasmine.js%3F578a1e5ff14db21b04e2d6db7fd0eda37042440c%3A605)%0A%20%20%20%20at%20http%3A%2F%2Flocalhost%3A8080%2Fbase%2Fnode_modules%2Fjasmine-core%2Flib%2Fjasmine-core%2Fjasmine.js%3F578a1e5ff14db21b04e2d6db7fd0eda37042440c%3A1784%0A%20%20%20%20at%20http%3A%2F%2Flocalhost%3A8080%2Fbase%2Fnode_modules%2Fjasmine-core%2Flib%2Fjasmine-core%2Fjasmine.js%3F578a1e5ff14db21b04e2d6db7fd0eda37042440c%3A1762%0A%20%20%20%20at%20http%3A%2F%2Flocalhost%3A8080%2Fbase%2Fnode_modules%2Fjasmine-core%2Flib%2Fjasmine-core%2Fjasmine.js%3F578a1e5ff14db21b04e2d6db7fd0eda37042440c%3A627%0A%20%20%20%20at%20http%3A%2F%2Flocalhost%3A8080%2Fbase%2Fnode_modules%2Fjasmine-core%2Flib%2Fjasmine-core%2Fjasmine.js%3F578a1e5ff14db21b04e2d6db7fd0eda37042440c%3A2354%0A%20%20%20%20at%20attemptAsync%20(http%3A%2F%2Flocalhost%3A8080%2Fbase%2Fnode_modules%2Fjasmine-core%2Flib%2Fjasmine-core%2Fjasmine.js%3F578a1e5ff14db21b04e2d6db7fd0eda37042440c%3A1819)%0A%20%20%20%20at%20http%3A%2F%2Flocalhost%3A8080%2Fbase%2Fnode_modules%2Fjasmine-core%2Flib%2Fjasmine-core%2Fjasmine.js%3F578a1e5ff14db21b04e2d6db7fd0eda37042440c%3A1774%0A%20%20%20%20at%20http%3A%2F%2Flocalhost%3A8080%2Fbase%2Fnode_modules%2Fjasmine-core%2Flib%2Fjasmine-core%2Fjasmine.js%3F578a1e5ff14db21b04e2d6db7fd0eda37042440c%3A1801%0A%20%20%20%20at%20http%3A%2F%2Flocalhost%3A8080%2Fbase%2Fnode_modules%2Fjasmine-core%2Flib%2Fjasmine-core%2Fjasmine.js%3F578a1e5ff14db21b04e2d6db7fd0eda37042440c%3A1745%0A%20%20%20%20at%20http%3A%2F%2Flocalhost%3A8080%2Fbase%2Fnode_modules%2Fjasmine-core%2Flib%2Fjasmine-core%2Fjasmine.js%3F578a1e5ff14db21b04e2d6db7fd0eda37042440c%3A2348%0A%20%20%20%20at%20clearStack%20(http%3A%2F%2Flocalhost%3A8080%2Fbase%2Fnode_modules%2Fjasmine-core%2Flib%2Fjasmine-core%2Fjasmine.js%3F578a1e5ff14db21b04e2d6db7fd0eda37042440c%3A605)%0A%20%20%20%20at%20http%3A%2F%2Flocalhost%3A8080%2Fbase%2Fnode_modules%2Fjasmine-core%2Flib%2Fjasmine-core%2Fjasmine.js%3F578a1e5ff14db21b04e2d6db7fd0eda37042440c%3A1784%0A%20%20%20%20at%20http%3A%2F%2Flocalhost%3A8080%2Fbase%2Fnode_modules%2Fjasmine-core%2Flib%2Fjasmine-core%2Fjasmine.js%3F578a1e5ff14db21b04e2d6db7fd0eda37042440c%3A1762%0A%20%20%20%20at%20http%3A%2F%2Flocalhost%3A8080%2Fbase%2Fnode_modules%2Fjasmine-core%2Flib%2Fjasmine-core%2Fjasmine.js%3F578a1e5ff14db21b04e2d6db7fd0eda37042440c%3A627%0A%20%20%20%20at%20http%3A%2F%2Flocalhost%3A8080%2Fbase%2Fnode_modules%2Fjasmine-core%2Flib%2Fjasmine-core%2Fjasmine.js%3F578a1e5ff14db21b04e2d6db7fd0eda37042440c%3A2354%0A%20%20%20%20at%20attemptAsync%20(http%3A%2F%2Flocalhost%3A8080%2Fbase%2Fnode_modules%2Fjasmine-core%2Flib%2Fjasmine-core%2Fjasmine.js%3F578a1e5ff14db21b04e2d6db7fd0eda37042440c%3A1819)%0A%20%20%20%20at%20http%3A%2F%2Flocalhost%3A8080%2Fbase%2Fnode_modules%2Fjasmine-core%2Flib%2Fjasmine-core%2Fjasmine.js%3F578a1e5ff14db21b04e2d6db7fd0eda37042440c%3A1774%0A%20%20%20%20at%20http%3A%2F%2Flocalhost%3A8080%2Fbase%2Fnode_modules%2Fjasmine-core%2Flib%2Fjasmine-core%2Fjasmine.js%3F578a1e5ff14db21b04e2d6db7fd0eda37042440c%3A1801%0A%20%20%20%20at%20http%3A%2F%2Flocalhost%3A8080%2Fbase%2Fnode_modules%2Fjasmine-core%2Flib%2Fjasmine-core%2Fjasmine.js%3F578a1e5ff14db21b04e2d6db7fd0eda37042440c%3A1745%0A%20%20%20%20at%20http%3A%2F%2Flocalhost%3A8080%2Fbase%2Fnode_modules%2Fjasmine-core%2Flib%2Fjasmine-core%2Fjasmine.js%3F578a1e5ff14db21b04e2d6db7fd0eda37042440c%3A2348%0A%20%20%20%20at%20clearStack%20(http%3A%2F%2Flocalhost%3A8080%2Fbase%2Fnode_modules%2Fjasmine-core%2Flib%2Fjasmine-core%2Fjasmine.js%3F578a1e5ff14db21b04e2d6db7fd0eda37042440c%3A605)%0A%20%20%20%20at%20http%3A%2F%2Flocalhost%3A8080%2Fbase%2Fnode_modules%2Fjasmine-core%2Flib%2Fjasmine-core%2Fjasmine.js%3F578a1e5ff14db21b04e2d6db7fd0eda37042440c%3A1784%0A%20%20%20%20at%20http%3A%2F%2Flocalhost%3A8080%2Fbase%2Fnode_modules%2Fjasmine-core%2Flib%2Fjasmine-core%2Fjasmine.js%3F578a1e5ff14db21b04e2d6db7fd0eda37042440c%3A1762%0A%20%20%20%20at%20http%3A%2F%2Flocalhost%3A8080%2Fbase%2Fnode_modules%2Fjasmine-core%2Flib%2Fjasmine-core%2Fjasmine.js%3F578a1e5ff14db21b04e2d6db7fd0eda37042440c%3A627%0A%20%20%20%20at%20http%3A%2F%2Flocalhost%3A8080%2Fbase%2Fnode_modules%2Fjasmine-core%2Flib%2Fjasmine-core%2Fjasmine.js%3F578a1e5ff14db21b04e2d6db7fd0eda37042440c%3A2354%0A%20%20%20%20at%20attemptAsync%20(http%3A%2F%2Flocalhost%3A8080%2Fbase%2Fnode_modules%2Fjasmine-core%2Flib%2Fjasmine-core%2Fjasmine.js%3F578a1e5ff14db21b04e2d6db7fd0eda37042440c%3A1819)%0A%20%20%20%20at%20http%3A%2F%2Flocalhost%3A8080%2Fbase%2Fnode_modules%2Fjasmine-core%2Flib%2Fjasmine-core%2Fjasmine.js%3F578a1e5ff14db21b04e2d6db7fd0eda37042440c%3A1774%0A%20%20%20%20at%20http%3A%2F%2Flocalhost%3A8080%2Fbase%2Fnode_modules%2Fjasmine-core%2Flib%2Fjasmine-core%2Fjasmine.js%3F578a1e5ff14db21b04e2d6db7fd0eda37042440c%3A1762%0A%20%20%20%20at%20http%3A%2F%2Flocalhost%3A8080%2Fbase%2Fnode_modules%2Fjasmine-core%2Flib%2Fjasmine-core%2Fjasmine.js%3F578a1e5ff14db21b04e2d6db7fd0eda37042440c%3A627%0A%20%20%20%20at%20http%3A%2F%2Flocalhost%3A8080%2Fbase%2Fnode_modules%2Fjasmine-core%2Flib%2Fjasmine-core%2Fjasmine.js%3F578a1e5ff14db21b04e2d6db7fd0eda37042440c%3A2215%0A%20%20%20%20at%20http%3A%2F%2Flocalhost%3A8080%2Fbase%2Fnode_modules%2Fjasmine-core%2Flib%2Fjasmine-core%2Fjasmine.js%3F578a1e5ff14db21b04e2d6db7fd0eda37042440c%3A678%0A%20%20%20%20at%20http%3A%2F%2Flocalhost%3A8080%2Fbase%2Fnode_modules%2Fkarma-jasmine%2Flib%2Fadapter.js%3F0a69ad1fa10cc8be0a12b241227d3b834f82db4f%3A317%0A%20%20%20%20at%20http%3A%2F%2Flocalhost%3A8080%2Fkarma.js%3A185%0A%20%20%20%20at%20http%3A%2F%2Flocalhost%3A8080%2Fcontext.html%3A127
    at C:/dev/MedExplorer/src/client/app/vendor/angular/angular.js:4379
    at forEach (C:/dev/MedExplorer/src/client/app/vendor/angular/angular.js:336)
    at loadModules (C:/dev/MedExplorer/src/client/app/vendor/angular/angular.js:4381)
    at createInjector (C:/dev/MedExplorer/src/client/app/vendor/angular/angular.js:4265)
    at workFn (C:/dev/MedExplorer/src/client/app/vendor/angular-mocks/angular-mocks.js:2409)
</failure>
      <failure type="">Error: [$injector:modulerr] Failed to instantiate module MedExplorer due to:
Error: [$injector:modulerr] Failed to instantiate module ui.bootstrap due to:
Error: [$injector:nomod] Module &apos;ui.bootstrap&apos; is not available! You either misspelled the module name or forgot to load it. If registering a module ensure that you specify the dependencies as the second argument.
http://errors.angularjs.org/1.4.1/$injector/nomod?p0=ui.bootstrap
    at C:/dev/MedExplorer/src/client/app/vendor/angular/angular.js:1951
    at ensure (C:/dev/MedExplorer/src/client/app/vendor/angular/angular.js:1873)
    at module (C:/dev/MedExplorer/src/client/app/vendor/angular/angular.js:2201)
    at C:/dev/MedExplorer/src/client/app/vendor/angular/angular.js:4355
    at forEach (C:/dev/MedExplorer/src/client/app/vendor/angular/angular.js:336)
    at loadModules (C:/dev/MedExplorer/src/client/app/vendor/angular/angular.js:4381)
    at C:/dev/MedExplorer/src/client/app/vendor/angular/angular.js:4356
    at forEach (C:/dev/MedExplorer/src/client/app/vendor/angular/angular.js:336)
    at loadModules (C:/dev/MedExplorer/src/client/app/vendor/angular/angular.js:4381)
    at createInjector (C:/dev/MedExplorer/src/client/app/vendor/angular/angular.js:4265)
    at workFn (C:/dev/MedExplorer/src/client/app/vendor/angular-mocks/angular-mocks.js:2409)
http://errors.angularjs.org/1.4.1/$injector/modulerr?p0=ui.bootstrap&amp;p1=Error%3A%20%5B%24injector%3Anomod%5D%20Module%20&apos;ui.bootstrap&apos;%20is%20not%20available!%20You%20either%20misspelled%20the%20module%20name%20or%20forgot%20to%20load%20it.%20If%20registering%20a%20module%20ensure%20that%20you%20specify%20the%20dependencies%20as%20the%20second%20argument.%0Ahttp%3A%2F%2Ferrors.angularjs.org%2F1.4.1%2F%24injector%2Fnomod%3Fp0%3Dui.bootstrap%0A%20%20%20%20at%20http%3A%2F%2Flocalhost%3A8080%2Fbase%2Fapp%2Fvendor%2Fangular%2Fangular.js%3F9d140432f81858ac1e7888708720d419d147ffa9%3A1951%0A%20%20%20%20at%20ensure%20(http%3A%2F%2Flocalhost%3A8080%2Fbase%2Fapp%2Fvendor%2Fangular%2Fangular.js%3F9d140432f81858ac1e7888708720d419d147ffa9%3A1873)%0A%20%20%20%20at%20module%20(http%3A%2F%2Flocalhost%3A8080%2Fbase%2Fapp%2Fvendor%2Fangular%2Fangular.js%3F9d140432f81858ac1e7888708720d419d147ffa9%3A2201)%0A%20%20%20%20at%20http%3A%2F%2Flocalhost%3A8080%2Fbase%2Fapp%2Fvendor%2Fangular%2Fangular.js%3F9d140432f81858ac1e7888708720d419d147ffa9%3A4355%0A%20%20%20%20at%20forEach%20(http%3A%2F%2Flocalhost%3A8080%2Fbase%2Fapp%2Fvendor%2Fangular%2Fangular.js%3F9d140432f81858ac1e7888708720d419d147ffa9%3A336)%0A%20%20%20%20at%20loadModules%20(http%3A%2F%2Flocalhost%3A8080%2Fbase%2Fapp%2Fvendor%2Fangular%2Fangular.js%3F9d140432f81858ac1e7888708720d419d147ffa9%3A4381)%0A%20%20%20%20at%20http%3A%2F%2Flocalhost%3A8080%2Fbase%2Fapp%2Fvendor%2Fangular%2Fangular.js%3F9d140432f81858ac1e7888708720d419d147ffa9%3A4356%0A%20%20%20%20at%20forEach%20(http%3A%2F%2Flocalhost%3A8080%2Fbase%2Fapp%2Fvendor%2Fangular%2Fangular.js%3F9d140432f81858ac1e7888708720d419d147ffa9%3A336)%0A%20%20%20%20at%20loadModules%20(http%3A%2F%2Flocalhost%3A8080%2Fbase%2Fapp%2Fvendor%2Fangular%2Fangular.js%3F9d140432f81858ac1e7888708720d419d147ffa9%3A4381)%0A%20%20%20%20at%20createInjector%20(http%3A%2F%2Flocalhost%3A8080%2Fbase%2Fapp%2Fvendor%2Fangular%2Fangular.js%3F9d140432f81858ac1e7888708720d419d147ffa9%3A4265)%0A%20%20%20%20at%20workFn%20(http%3A%2F%2Flocalhost%3A8080%2Fbase%2Fapp%2Fvendor%2Fangular-mocks%2Fangular-mocks.js%3F6fe041cc8bb7a17f894cb12d8b0d44b12644f10a%3A2409)%0A%20%20%20%20at%20attemptSync%20(http%3A%2F%2Flocalhost%3A8080%2Fbase%2Fnode_modules%2Fjasmine-core%2Flib%2Fjasmine-core%2Fjasmine.js%3F578a1e5ff14db21b04e2d6db7fd0eda37042440c%3A1789)%0A%20%20%20%20at%20http%3A%2F%2Flocalhost%3A8080%2Fbase%2Fnode_modules%2Fjasmine-core%2Flib%2Fjasmine-core%2Fjasmine.js%3F578a1e5ff14db21b04e2d6db7fd0eda37042440c%3A1777%0A%20%20%20%20at%20http%3A%2F%2Flocalhost%3A8080%2Fbase%2Fnode_modules%2Fjasmine-core%2Flib%2Fjasmine-core%2Fjasmine.js%3F578a1e5ff14db21b04e2d6db7fd0eda37042440c%3A1762%0A%20%20%20%20at%20http%3A%2F%2Flocalhost%3A8080%2Fbase%2Fnode_modules%2Fjasmine-core%2Flib%2Fjasmine-core%2Fjasmine.js%3F578a1e5ff14db21b04e2d6db7fd0eda37042440c%3A627%0A%20%20%20%20at%20http%3A%2F%2Flocalhost%3A8080%2Fbase%2Fnode_modules%2Fjasmine-core%2Flib%2Fjasmine-core%2Fjasmine.js%3F578a1e5ff14db21b04e2d6db7fd0eda37042440c%3A357%0A%20%20%20%20at%20http%3A%2F%2Flocalhost%3A8080%2Fbase%2Fnode_modules%2Fjasmine-core%2Flib%2Fjasmine-core%2Fjasmine.js%3F578a1e5ff14db21b04e2d6db7fd0eda37042440c%3A2360%0A%20%20%20%20at%20attemptAsync%20(http%3A%2F%2Flocalhost%3A8080%2Fbase%2Fnode_modules%2Fjasmine-core%2Flib%2Fjasmine-core%2Fjasmine.js%3F578a1e5ff14db21b04e2d6db7fd0eda37042440c%3A1819)%0A%20%20%20%20at%20http%3A%2F%2Flocalhost%3A8080%2Fbase%2Fnode_modules%2Fjasmine-core%2Flib%2Fjasmine-core%2Fjasmine.js%3F578a1e5ff14db21b04e2d6db7fd0eda37042440c%3A1774%0A%20%20%20%20at%20http%3A%2F%2Flocalhost%3A8080%2Fbase%2Fnode_modules%2Fjasmine-core%2Flib%2Fjasmine-core%2Fjasmine.js%3F578a1e5ff14db21b04e2d6db7fd0eda37042440c%3A1762%0A%20%20%20%20at%20http%3A%2F%2Flocalhost%3A8080%2Fbase%2Fnode_modules%2Fjasmine-core%2Flib%2Fjasmine-core%2Fjasmine.js%3F578a1e5ff14db21b04e2d6db7fd0eda37042440c%3A627%0A%20%20%20%20at%20http%3A%2F%2Flocalhost%3A8080%2Fbase%2Fnode_modules%2Fjasmine-core%2Flib%2Fjasmine-core%2Fjasmine.js%3F578a1e5ff14db21b04e2d6db7fd0eda37042440c%3A2354%0A%20%20%20%20at%20attemptAsync%20(http%3A%2F%2Flocalhost%3A8080%2Fbase%2Fnode_modules%2Fjasmine-core%2Flib%2Fjasmine-core%2Fjasmine.js%3F578a1e5ff14db21b04e2d6db7fd0eda37042440c%3A1819)%0A%20%20%20%20at%20http%3A%2F%2Flocalhost%3A8080%2Fbase%2Fnode_modules%2Fjasmine-core%2Flib%2Fjasmine-core%2Fjasmine.js%3F578a1e5ff14db21b04e2d6db7fd0eda37042440c%3A1774%0A%20%20%20%20at%20http%3A%2F%2Flocalhost%3A8080%2Fbase%2Fnode_modules%2Fjasmine-core%2Flib%2Fjasmine-core%2Fjasmine.js%3F578a1e5ff14db21b04e2d6db7fd0eda37042440c%3A1801%0A%20%20%20%20at%20http%3A%2F%2Flocalhost%3A8080%2Fbase%2Fnode_modules%2Fjasmine-core%2Flib%2Fjasmine-core%2Fjasmine.js%3F578a1e5ff14db21b04e2d6db7fd0eda37042440c%3A1745%0A%20%20%20%20at%20http%3A%2F%2Flocalhost%3A8080%2Fbase%2Fnode_modules%2Fjasmine-core%2Flib%2Fjasmine-core%2Fjasmine.js%3F578a1e5ff14db21b04e2d6db7fd0eda37042440c%3A2348%0A%20%20%20%20at%20clearStack%20(http%3A%2F%2Flocalhost%3A8080%2Fbase%2Fnode_modules%2Fjasmine-core%2Flib%2Fjasmine-core%2Fjasmine.js%3F578a1e5ff14db21b04e2d6db7fd0eda37042440c%3A605)%0A%20%20%20%20at%20http%3A%2F%2Flocalhost%3A8080%2Fbase%2Fnode_modules%2Fjasmine-core%2Flib%2Fjasmine-core%2Fjasmine.js%3F578a1e5ff14db21b04e2d6db7fd0eda37042440c%3A1784%0A%20%20%20%20at%20http%3A%2F%2Flocalhost%3A8080%2Fbase%2Fnode_modules%2Fjasmine-core%2Flib%2Fjasmine-core%2Fjasmine.js%3F578a1e5ff14db21b04e2d6db7fd0eda37042440c%3A1801%0A%20%20%20%20at%20http%3A%2F%2Flocalhost%3A8080%2Fbase%2Fnode_modules%2Fjasmine-core%2Flib%2Fjasmine-core%2Fjasmine.js%3F578a1e5ff14db21b04e2d6db7fd0eda37042440c%3A1745%0A%20%20%20%20at%20complete%20(http%3A%2F%2Flocalhost%3A8080%2Fbase%2Fnode_modules%2Fjasmine-core%2Flib%2Fjasmine-core%2Fjasmine.js%3F578a1e5ff14db21b04e2d6db7fd0eda37042440c%3A365)%0A%20%20%20%20at%20clearStack%20(http%3A%2F%2Flocalhost%3A8080%2Fbase%2Fnode_modules%2Fjasmine-core%2Flib%2Fjasmine-core%2Fjasmine.js%3F578a1e5ff14db21b04e2d6db7fd0eda37042440c%3A605)%0A%20%20%20%20at%20http%3A%2F%2Flocalhost%3A8080%2Fbase%2Fnode_modules%2Fjasmine-core%2Flib%2Fjasmine-core%2Fjasmine.js%3F578a1e5ff14db21b04e2d6db7fd0eda37042440c%3A1784%0A%20%20%20%20at%20http%3A%2F%2Flocalhost%3A8080%2Fbase%2Fnode_modules%2Fjasmine-core%2Flib%2Fjasmine-core%2Fjasmine.js%3F578a1e5ff14db21b04e2d6db7fd0eda37042440c%3A1762%0A%20%20%20%20at%20http%3A%2F%2Flocalhost%3A8080%2Fbase%2Fnode_modules%2Fjasmine-core%2Flib%2Fjasmine-core%2Fjasmine.js%3F578a1e5ff14db21b04e2d6db7fd0eda37042440c%3A627%0A%20%20%20%20at%20http%3A%2F%2Flocalhost%3A8080%2Fbase%2Fnode_modules%2Fjasmine-core%2Flib%2Fjasmine-core%2Fjasmine.js%3F578a1e5ff14db21b04e2d6db7fd0eda37042440c%3A357%0A%20%20%20%20at%20http%3A%2F%2Flocalhost%3A8080%2Fbase%2Fnode_modules%2Fjasmine-core%2Flib%2Fjasmine-core%2Fjasmine.js%3F578a1e5ff14db21b04e2d6db7fd0eda37042440c%3A2360%0A%20%20%20%20at%20attemptAsync%20(http%3A%2F%2Flocalhost%3A8080%2Fbase%2Fnode_modules%2Fjasmine-core%2Flib%2Fjasmine-core%2Fjasmine.js%3F578a1e5ff14db21b04e2d6db7fd0eda37042440c%3A1819)%0A%20%20%20%20at%20http%3A%2F%2Flocalhost%3A8080%2Fbase%2Fnode_modules%2Fjasmine-core%2Flib%2Fjasmine-core%2Fjasmine.js%3F578a1e5ff14db21b04e2d6db7fd0eda37042440c%3A1774%0A%20%20%20%20at%20http%3A%2F%2Flocalhost%3A8080%2Fbase%2Fnode_modules%2Fjasmine-core%2Flib%2Fjasmine-core%2Fjasmine.js%3F578a1e5ff14db21b04e2d6db7fd0eda37042440c%3A1801%0A%20%20%20%20at%20http%3A%2F%2Flocalhost%3A8080%2Fbase%2Fnode_modules%2Fjasmine-core%2Flib%2Fjasmine-core%2Fjasmine.js%3F578a1e5ff14db21b04e2d6db7fd0eda37042440c%3A1745%0A%20%20%20%20at%20complete%20(http%3A%2F%2Flocalhost%3A8080%2Fbase%2Fnode_modules%2Fjasmine-core%2Flib%2Fjasmine-core%2Fjasmine.js%3F578a1e5ff14db21b04e2d6db7fd0eda37042440c%3A365)%0A%20%20%20%20at%20clearStack%20(http%3A%2F%2Flocalhost%3A8080%2Fbase%2Fnode_modules%2Fjasmine-core%2Flib%2Fjasmine-core%2Fjasmine.js%3F578a1e5ff14db21b04e2d6db7fd0eda37042440c%3A605)%0A%20%20%20%20at%20http%3A%2F%2Flocalhost%3A8080%2Fbase%2Fnode_modules%2Fjasmine-core%2Flib%2Fjasmine-core%2Fjasmine.js%3F578a1e5ff14db21b04e2d6db7fd0eda37042440c%3A1784%0A%20%20%20%20at%20http%3A%2F%2Flocalhost%3A8080%2Fbase%2Fnode_modules%2Fjasmine-core%2Flib%2Fjasmine-core%2Fjasmine.js%3F578a1e5ff14db21b04e2d6db7fd0eda37042440c%3A1762%0A%20%20%20%20at%20http%3A%2F%2Flocalhost%3A8080%2Fbase%2Fnode_modules%2Fjasmine-core%2Flib%2Fjasmine-core%2Fjasmine.js%3F578a1e5ff14db21b04e2d6db7fd0eda37042440c%3A627%0A%20%20%20%20at%20http%3A%2F%2Flocalhost%3A8080%2Fbase%2Fnode_modules%2Fjasmine-core%2Flib%2Fjasmine-core%2Fjasmine.js%3F578a1e5ff14db21b04e2d6db7fd0eda37042440c%3A357%0A%20%20%20%20at%20http%3A%2F%2Flocalhost%3A8080%2Fbase%2Fnode_modules%2Fjasmine-core%2Flib%2Fjasmine-core%2Fjasmine.js%3F578a1e5ff14db21b04e2d6db7fd0eda37042440c%3A2360%0A%20%20%20%20at%20attemptAsync%20(http%3A%2F%2Flocalhost%3A8080%2Fbase%2Fnode_modules%2Fjasmine-core%2Flib%2Fjasmine-core%2Fjasmine.js%3F578a1e5ff14db21b04e2d6db7fd0eda37042440c%3A1819)%0A%20%20%20%20at%20http%3A%2F%2Flocalhost%3A8080%2Fbase%2Fnode_modules%2Fjasmine-core%2Flib%2Fjasmine-core%2Fjasmine.js%3F578a1e5ff14db21b04e2d6db7fd0eda37042440c%3A1774%0A%20%20%20%20at%20http%3A%2F%2Flocalhost%3A8080%2Fbase%2Fnode_modules%2Fjasmine-core%2Flib%2Fjasmine-core%2Fjasmine.js%3F578a1e5ff14db21b04e2d6db7fd0eda37042440c%3A1801%0A%20%20%20%20at%20http%3A%2F%2Flocalhost%3A8080%2Fbase%2Fnode_modules%2Fjasmine-core%2Flib%2Fjasmine-core%2Fjasmine.js%3F578a1e5ff14db21b04e2d6db7fd0eda37042440c%3A1745%0A%20%20%20%20at%20complete%20(http%3A%2F%2Flocalhost%3A8080%2Fbase%2Fnode_modules%2Fjasmine-core%2Flib%2Fjasmine-core%2Fjasmine.js%3F578a1e5ff14db21b04e2d6db7fd0eda37042440c%3A365)%0A%20%20%20%20at%20clearStack%20(http%3A%2F%2Flocalhost%3A8080%2Fbase%2Fnode_modules%2Fjasmine-core%2Flib%2Fjasmine-core%2Fjasmine.js%3F578a1e5ff14db21b04e2d6db7fd0eda37042440c%3A605)%0A%20%20%20%20at%20http%3A%2F%2Flocalhost%3A8080%2Fbase%2Fnode_modules%2Fjasmine-core%2Flib%2Fjasmine-core%2Fjasmine.js%3F578a1e5ff14db21b04e2d6db7fd0eda37042440c%3A1784%0A%20%20%20%20at%20http%3A%2F%2Flocalhost%3A8080%2Fbase%2Fnode_modules%2Fjasmine-core%2Flib%2Fjasmine-core%2Fjasmine.js%3F578a1e5ff14db21b04e2d6db7fd0eda37042440c%3A1762%0A%20%20%20%20at%20http%3A%2F%2Flocalhost%3A8080%2Fbase%2Fnode_modules%2Fjasmine-core%2Flib%2Fjasmine-core%2Fjasmine.js%3F578a1e5ff14db21b04e2d6db7fd0eda37042440c%3A627%0A%20%20%20%20at%20http%3A%2F%2Flocalhost%3A8080%2Fbase%2Fnode_modules%2Fjasmine-core%2Flib%2Fjasmine-core%2Fjasmine.js%3F578a1e5ff14db21b04e2d6db7fd0eda37042440c%3A357%0A%20%20%20%20at%20http%3A%2F%2Flocalhost%3A8080%2Fbase%2Fnode_modules%2Fjasmine-core%2Flib%2Fjasmine-core%2Fjasmine.js%3F578a1e5ff14db21b04e2d6db7fd0eda37042440c%3A2360%0A%20%20%20%20at%20attemptAsync%20(http%3A%2F%2Flocalhost%3A8080%2Fbase%2Fnode_modules%2Fjasmine-core%2Flib%2Fjasmine-core%2Fjasmine.js%3F578a1e5ff14db21b04e2d6db7fd0eda37042440c%3A1819)%0A%20%20%20%20at%20http%3A%2F%2Flocalhost%3A8080%2Fbase%2Fnode_modules%2Fjasmine-core%2Flib%2Fjasmine-core%2Fjasmine.js%3F578a1e5ff14db21b04e2d6db7fd0eda37042440c%3A1774%0A%20%20%20%20at%20http%3A%2F%2Flocalhost%3A8080%2Fbase%2Fnode_modules%2Fjasmine-core%2Flib%2Fjasmine-core%2Fjasmine.js%3F578a1e5ff14db21b04e2d6db7fd0eda37042440c%3A1801%0A%20%20%20%20at%20http%3A%2F%2Flocalhost%3A8080%2Fbase%2Fnode_modules%2Fjasmine-core%2Flib%2Fjasmine-core%2Fjasmine.js%3F578a1e5ff14db21b04e2d6db7fd0eda37042440c%3A1745%0A%20%20%20%20at%20complete%20(http%3A%2F%2Flocalhost%3A8080%2Fbase%2Fnode_modules%2Fjasmine-core%2Flib%2Fjasmine-core%2Fjasmine.js%3F578a1e5ff14db21b04e2d6db7fd0eda37042440c%3A365)%0A%20%20%20%20at%20clearStack%20(http%3A%2F%2Flocalhost%3A8080%2Fbase%2Fnode_modules%2Fjasmine-core%2Flib%2Fjasmine-core%2Fjasmine.js%3F578a1e5ff14db21b04e2d6db7fd0eda37042440c%3A605)%0A%20%20%20%20at%20http%3A%2F%2Flocalhost%3A8080%2Fbase%2Fnode_modules%2Fjasmine-core%2Flib%2Fjasmine-core%2Fjasmine.js%3F578a1e5ff14db21b04e2d6db7fd0eda37042440c%3A1784%0A%20%20%20%20at%20http%3A%2F%2Flocalhost%3A8080%2Fbase%2Fnode_modules%2Fjasmine-core%2Flib%2Fjasmine-core%2Fjasmine.js%3F578a1e5ff14db21b04e2d6db7fd0eda37042440c%3A1762%0A%20%20%20%20at%20http%3A%2F%2Flocalhost%3A8080%2Fbase%2Fnode_modules%2Fjasmine-core%2Flib%2Fjasmine-core%2Fjasmine.js%3F578a1e5ff14db21b04e2d6db7fd0eda37042440c%3A627%0A%20%20%20%20at%20http%3A%2F%2Flocalhost%3A8080%2Fbase%2Fnode_modules%2Fjasmine-core%2Flib%2Fjasmine-core%2Fjasmine.js%3F578a1e5ff14db21b04e2d6db7fd0eda37042440c%3A357%0A%20%20%20%20at%20http%3A%2F%2Flocalhost%3A8080%2Fbase%2Fnode_modules%2Fjasmine-core%2Flib%2Fjasmine-core%2Fjasmine.js%3F578a1e5ff14db21b04e2d6db7fd0eda37042440c%3A2360%0A%20%20%20%20at%20attemptAsync%20(http%3A%2F%2Flocalhost%3A8080%2Fbase%2Fnode_modules%2Fjasmine-core%2Flib%2Fjasmine-core%2Fjasmine.js%3F578a1e5ff14db21b04e2d6db7fd0eda37042440c%3A1819)%0A%20%20%20%20at%20http%3A%2F%2Flocalhost%3A8080%2Fbase%2Fnode_modules%2Fjasmine-core%2Flib%2Fjasmine-core%2Fjasmine.js%3F578a1e5ff14db21b04e2d6db7fd0eda37042440c%3A1774%0A%20%20%20%20at%20http%3A%2F%2Flocalhost%3A8080%2Fbase%2Fnode_modules%2Fjasmine-core%2Flib%2Fjasmine-core%2Fjasmine.js%3F578a1e5ff14db21b04e2d6db7fd0eda37042440c%3A1801%0A%20%20%20%20at%20http%3A%2F%2Flocalhost%3A8080%2Fbase%2Fnode_modules%2Fjasmine-core%2Flib%2Fjasmine-core%2Fjasmine.js%3F578a1e5ff14db21b04e2d6db7fd0eda37042440c%3A1745%0A%20%20%20%20at%20complete%20(http%3A%2F%2Flocalhost%3A8080%2Fbase%2Fnode_modules%2Fjasmine-core%2Flib%2Fjasmine-core%2Fjasmine.js%3F578a1e5ff14db21b04e2d6db7fd0eda37042440c%3A365)%0A%20%20%20%20at%20clearStack%20(http%3A%2F%2Flocalhost%3A8080%2Fbase%2Fnode_modules%2Fjasmine-core%2Flib%2Fjasmine-core%2Fjasmine.js%3F578a1e5ff14db21b04e2d6db7fd0eda37042440c%3A605)%0A%20%20%20%20at%20http%3A%2F%2Flocalhost%3A8080%2Fbase%2Fnode_modules%2Fjasmine-core%2Flib%2Fjasmine-core%2Fjasmine.js%3F578a1e5ff14db21b04e2d6db7fd0eda37042440c%3A1784%0A%20%20%20%20at%20http%3A%2F%2Flocalhost%3A8080%2Fbase%2Fnode_modules%2Fjasmine-core%2Flib%2Fjasmine-core%2Fjasmine.js%3F578a1e5ff14db21b04e2d6db7fd0eda37042440c%3A1762%0A%20%20%20%20at%20http%3A%2F%2Flocalhost%3A8080%2Fbase%2Fnode_modules%2Fjasmine-core%2Flib%2Fjasmine-core%2Fjasmine.js%3F578a1e5ff14db21b04e2d6db7fd0eda37042440c%3A627%0A%20%20%20%20at%20http%3A%2F%2Flocalhost%3A8080%2Fbase%2Fnode_modules%2Fjasmine-core%2Flib%2Fjasmine-core%2Fjasmine.js%3F578a1e5ff14db21b04e2d6db7fd0eda37042440c%3A357%0A%20%20%20%20at%20http%3A%2F%2Flocalhost%3A8080%2Fbase%2Fnode_modules%2Fjasmine-core%2Flib%2Fjasmine-core%2Fjasmine.js%3F578a1e5ff14db21b04e2d6db7fd0eda37042440c%3A2360%0A%20%20%20%20at%20attemptAsync%20(http%3A%2F%2Flocalhost%3A8080%2Fbase%2Fnode_modules%2Fjasmine-core%2Flib%2Fjasmine-core%2Fjasmine.js%3F578a1e5ff14db21b04e2d6db7fd0eda37042440c%3A1819)%0A%20%20%20%20at%20http%3A%2F%2Flocalhost%3A8080%2Fbase%2Fnode_modules%2Fjasmine-core%2Flib%2Fjasmine-core%2Fjasmine.js%3F578a1e5ff14db21b04e2d6db7fd0eda37042440c%3A1774%0A%20%20%20%20at%20http%3A%2F%2Flocalhost%3A8080%2Fbase%2Fnode_modules%2Fjasmine-core%2Flib%2Fjasmine-core%2Fjasmine.js%3F578a1e5ff14db21b04e2d6db7fd0eda37042440c%3A1801%0A%20%20%20%20at%20http%3A%2F%2Flocalhost%3A8080%2Fbase%2Fnode_modules%2Fjasmine-core%2Flib%2Fjasmine-core%2Fjasmine.js%3F578a1e5ff14db21b04e2d6db7fd0eda37042440c%3A1745%0A%20%20%20%20at%20complete%20(http%3A%2F%2Flocalhost%3A8080%2Fbase%2Fnode_modules%2Fjasmine-core%2Flib%2Fjasmine-core%2Fjasmine.js%3F578a1e5ff14db21b04e2d6db7fd0eda37042440c%3A365)%0A%20%20%20%20at%20clearStack%20(http%3A%2F%2Flocalhost%3A8080%2Fbase%2Fnode_modules%2Fjasmine-core%2Flib%2Fjasmine-core%2Fjasmine.js%3F578a1e5ff14db21b04e2d6db7fd0eda37042440c%3A605)%0A%20%20%20%20at%20http%3A%2F%2Flocalhost%3A8080%2Fbase%2Fnode_modules%2Fjasmine-core%2Flib%2Fjasmine-core%2Fjasmine.js%3F578a1e5ff14db21b04e2d6db7fd0eda37042440c%3A1784%0A%20%20%20%20at%20http%3A%2F%2Flocalhost%3A8080%2Fbase%2Fnode_modules%2Fjasmine-core%2Flib%2Fjasmine-core%2Fjasmine.js%3F578a1e5ff14db21b04e2d6db7fd0eda37042440c%3A1762%0A%20%20%20%20at%20http%3A%2F%2Flocalhost%3A8080%2Fbase%2Fnode_modules%2Fjasmine-core%2Flib%2Fjasmine-core%2Fjasmine.js%3F578a1e5ff14db21b04e2d6db7fd0eda37042440c%3A627%0A%20%20%20%20at%20http%3A%2F%2Flocalhost%3A8080%2Fbase%2Fnode_modules%2Fjasmine-core%2Flib%2Fjasmine-core%2Fjasmine.js%3F578a1e5ff14db21b04e2d6db7fd0eda37042440c%3A357%0A%20%20%20%20at%20http%3A%2F%2Flocalhost%3A8080%2Fbase%2Fnode_modules%2Fjasmine-core%2Flib%2Fjasmine-core%2Fjasmine.js%3F578a1e5ff14db21b04e2d6db7fd0eda37042440c%3A2360%0A%20%20%20%20at%20attemptAsync%20(http%3A%2F%2Flocalhost%3A8080%2Fbase%2Fnode_modules%2Fjasmine-core%2Flib%2Fjasmine-core%2Fjasmine.js%3F578a1e5ff14db21b04e2d6db7fd0eda37042440c%3A1819)%0A%20%20%20%20at%20http%3A%2F%2Flocalhost%3A8080%2Fbase%2Fnode_modules%2Fjasmine-core%2Flib%2Fjasmine-core%2Fjasmine.js%3F578a1e5ff14db21b04e2d6db7fd0eda37042440c%3A1774%0A%20%20%20%20at%20http%3A%2F%2Flocalhost%3A8080%2Fbase%2Fnode_modules%2Fjasmine-core%2Flib%2Fjasmine-core%2Fjasmine.js%3F578a1e5ff14db21b04e2d6db7fd0eda37042440c%3A1762%0A%20%20%20%20at%20http%3A%2F%2Flocalhost%3A8080%2Fbase%2Fnode_modules%2Fjasmine-core%2Flib%2Fjasmine-core%2Fjasmine.js%3F578a1e5ff14db21b04e2d6db7fd0eda37042440c%3A627%0A%20%20%20%20at%20http%3A%2F%2Flocalhost%3A8080%2Fbase%2Fnode_modules%2Fjasmine-core%2Flib%2Fjasmine-core%2Fjasmine.js%3F578a1e5ff14db21b04e2d6db7fd0eda37042440c%3A2354%0A%20%20%20%20at%20attemptAsync%20(http%3A%2F%2Flocalhost%3A8080%2Fbase%2Fnode_modules%2Fjasmine-core%2Flib%2Fjasmine-core%2Fjasmine.js%3F578a1e5ff14db21b04e2d6db7fd0eda37042440c%3A1819)%0A%20%20%20%20at%20http%3A%2F%2Flocalhost%3A8080%2Fbase%2Fnode_modules%2Fjasmine-core%2Flib%2Fjasmine-core%2Fjasmine.js%3F578a1e5ff14db21b04e2d6db7fd0eda37042440c%3A1774%0A%20%20%20%20at%20http%3A%2F%2Flocalhost%3A8080%2Fbase%2Fnode_modules%2Fjasmine-core%2Flib%2Fjasmine-core%2Fjasmine.js%3F578a1e5ff14db21b04e2d6db7fd0eda37042440c%3A1801%0A%20%20%20%20at%20http%3A%2F%2Flocalhost%3A8080%2Fbase%2Fnode_modules%2Fjasmine-core%2Flib%2Fjasmine-core%2Fjasmine.js%3F578a1e5ff14db21b04e2d6db7fd0eda37042440c%3A1745%0A%20%20%20%20at%20http%3A%2F%2Flocalhost%3A8080%2Fbase%2Fnode_modules%2Fjasmine-core%2Flib%2Fjasmine-core%2Fjasmine.js%3F578a1e5ff14db21b04e2d6db7fd0eda37042440c%3A2348%0A%20%20%20%20at%20clearStack%20(http%3A%2F%2Flocalhost%3A8080%2Fbase%2Fnode_modules%2Fjasmine-core%2Flib%2Fjasmine-core%2Fjasmine.js%3F578a1e5ff14db21b04e2d6db7fd0eda37042440c%3A605)%0A%20%20%20%20at%20http%3A%2F%2Flocalhost%3A8080%2Fbase%2Fnode_modules%2Fjasmine-core%2Flib%2Fjasmine-core%2Fjasmine.js%3F578a1e5ff14db21b04e2d6db7fd0eda37042440c%3A1784%0A%20%20%20%20at%20http%3A%2F%2Flocalhost%3A8080%2Fbase%2Fnode_modules%2Fjasmine-core%2Flib%2Fjasmine-core%2Fjasmine.js%3F578a1e5ff14db21b04e2d6db7fd0eda37042440c%3A1762%0A%20%20%20%20at%20http%3A%2F%2Flocalhost%3A8080%2Fbase%2Fnode_modules%2Fjasmine-core%2Flib%2Fjasmine-core%2Fjasmine.js%3F578a1e5ff14db21b04e2d6db7fd0eda37042440c%3A627%0A%20%20%20%20at%20http%3A%2F%2Flocalhost%3A8080%2Fbase%2Fnode_modules%2Fjasmine-core%2Flib%2Fjasmine-core%2Fjasmine.js%3F578a1e5ff14db21b04e2d6db7fd0eda37042440c%3A2354%0A%20%20%20%20at%20attemptAsync%20(http%3A%2F%2Flocalhost%3A8080%2Fbase%2Fnode_modules%2Fjasmine-core%2Flib%2Fjasmine-core%2Fjasmine.js%3F578a1e5ff14db21b04e2d6db7fd0eda37042440c%3A1819)%0A%20%20%20%20at%20http%3A%2F%2Flocalhost%3A8080%2Fbase%2Fnode_modules%2Fjasmine-core%2Flib%2Fjasmine-core%2Fjasmine.js%3F578a1e5ff14db21b04e2d6db7fd0eda37042440c%3A1774%0A%20%20%20%20at%20http%3A%2F%2Flocalhost%3A8080%2Fbase%2Fnode_modules%2Fjasmine-core%2Flib%2Fjasmine-core%2Fjasmine.js%3F578a1e5ff14db21b04e2d6db7fd0eda37042440c%3A1801%0A%20%20%20%20at%20http%3A%2F%2Flocalhost%3A8080%2Fbase%2Fnode_modules%2Fjasmine-core%2Flib%2Fjasmine-core%2Fjasmine.js%3F578a1e5ff14db21b04e2d6db7fd0eda37042440c%3A1745%0A%20%20%20%20at%20http%3A%2F%2Flocalhost%3A8080%2Fbase%2Fnode_modules%2Fjasmine-core%2Flib%2Fjasmine-core%2Fjasmine.js%3F578a1e5ff14db21b04e2d6db7fd0eda37042440c%3A2348%0A%20%20%20%20at%20clearStack%20(http%3A%2F%2Flocalhost%3A8080%2Fbase%2Fnode_modules%2Fjasmine-core%2Flib%2Fjasmine-core%2Fjasmine.js%3F578a1e5ff14db21b04e2d6db7fd0eda37042440c%3A605)%0A%20%20%20%20at%20http%3A%2F%2Flocalhost%3A8080%2Fbase%2Fnode_modules%2Fjasmine-core%2Flib%2Fjasmine-core%2Fjasmine.js%3F578a1e5ff14db21b04e2d6db7fd0eda37042440c%3A1784%0A%20%20%20%20at%20http%3A%2F%2Flocalhost%3A8080%2Fbase%2Fnode_modules%2Fjasmine-core%2Flib%2Fjasmine-core%2Fjasmine.js%3F578a1e5ff14db21b04e2d6db7fd0eda37042440c%3A1762%0A%20%20%20%20at%20http%3A%2F%2Flocalhost%3A8080%2Fbase%2Fnode_modules%2Fjasmine-core%2Flib%2Fjasmine-core%2Fjasmine.js%3F578a1e5ff14db21b04e2d6db7fd0eda37042440c%3A627%0A%20%20%20%20at%20http%3A%2F%2Flocalhost%3A8080%2Fbase%2Fnode_modules%2Fjasmine-core%2Flib%2Fjasmine-core%2Fjasmine.js%3F578a1e5ff14db21b04e2d6db7fd0eda37042440c%3A2354%0A%20%20%20%20at%20attemptAsync%20(http%3A%2F%2Flocalhost%3A8080%2Fbase%2Fnode_modules%2Fjasmine-core%2Flib%2Fjasmine-core%2Fjasmine.js%3F578a1e5ff14db21b04e2d6db7fd0eda37042440c%3A1819)%0A%20%20%20%20at%20http%3A%2F%2Flocalhost%3A8080%2Fbase%2Fnode_modules%2Fjasmine-core%2Flib%2Fjasmine-core%2Fjasmine.js%3F578a1e5ff14db21b04e2d6db7fd0eda37042440c%3A1774%0A%20%20%20%20at%20http%3A%2F%2Flocalhost%3A8080%2Fbase%2Fnode_modules%2Fjasmine-core%2Flib%2Fjasmine-core%2Fjasmine.js%3F578a1e5ff14db21b04e2d6db7fd0eda37042440c%3A1801%0A%20%20%20%20at%20http%3A%2F%2Flocalhost%3A8080%2Fbase%2Fnode_modules%2Fjasmine-core%2Flib%2Fjasmine-core%2Fjasmine.js%3F578a1e5ff14db21b04e2d6db7fd0eda37042440c%3A1745%0A%20%20%20%20at%20http%3A%2F%2Flocalhost%3A8080%2Fbase%2Fnode_modules%2Fjasmine-core%2Flib%2Fjasmine-core%2Fjasmine.js%3F578a1e5ff14db21b04e2d6db7fd0eda37042440c%3A2348%0A%20%20%20%20at%20clearStack%20(http%3A%2F%2Flocalhost%3A8080%2Fbase%2Fnode_modules%2Fjasmine-core%2Flib%2Fjasmine-core%2Fjasmine.js%3F578a1e5ff14db21b04e2d6db7fd0eda37042440c%3A605)%0A%20%20%20%20at%20http%3A%2F%2Flocalhost%3A8080%2Fbase%2Fnode_modules%2Fjasmine-core%2Flib%2Fjasmine-core%2Fjasmine.js%3F578a1e5ff14db21b04e2d6db7fd0eda37042440c%3A1784%0A%20%20%20%20at%20http%3A%2F%2Flocalhost%3A8080%2Fbase%2Fnode_modules%2Fjasmine-core%2Flib%2Fjasmine-core%2Fjasmine.js%3F578a1e5ff14db21b04e2d6db7fd0eda37042440c%3A1801%0A%20%20%20%20at%20http%3A%2F%2Flocalhost%3A8080%2Fbase%2Fnode_modules%2Fjasmine-core%2Flib%2Fjasmine-core%2Fjasmine.js%3F578a1e5ff14db21b04e2d6db7fd0eda37042440c%3A1745%0A%20%20%20%20at%20complete%20(http%3A%2F%2Flocalhost%3A8080%2Fbase%2Fnode_modules%2Fjasmine-core%2Flib%2Fjasmine-core%2Fjasmine.js%3F578a1e5ff14db21b04e2d6db7fd0eda37042440c%3A365)%0A%20%20%20%20at%20clearStack%20(http%3A%2F%2Flocalhost%3A8080%2Fbase%2Fnode_modules%2Fjasmine-core%2Flib%2Fjasmine-core%2Fjasmine.js%3F578a1e5ff14db21b04e2d6db7fd0eda37042440c%3A605)%0A%20%20%20%20at%20http%3A%2F%2Flocalhost%3A8080%2Fbase%2Fnode_modules%2Fjasmine-core%2Flib%2Fjasmine-core%2Fjasmine.js%3F578a1e5ff14db21b04e2d6db7fd0eda37042440c%3A1784%0A%20%20%20%20at%20http%3A%2F%2Flocalhost%3A8080%2Fbase%2Fnode_modules%2Fjasmine-core%2Flib%2Fjasmine-core%2Fjasmine.js%3F578a1e5ff14db21b04e2d6db7fd0eda37042440c%3A1762%0A%20%20%20%20at%20http%3A%2F%2Flocalhost%3A8080%2Fbase%2Fnode_modules%2Fjasmine-core%2Flib%2Fjasmine-core%2Fjasmine.js%3F578a1e5ff14db21b04e2d6db7fd0eda37042440c%3A627%0A%20%20%20%20at%20http%3A%2F%2Flocalhost%3A8080%2Fbase%2Fnode_modules%2Fjasmine-core%2Flib%2Fjasmine-core%2Fjasmine.js%3F578a1e5ff14db21b04e2d6db7fd0eda37042440c%3A357%0A%20%20%20%20at%20http%3A%2F%2Flocalhost%3A8080%2Fbase%2Fnode_modules%2Fjasmine-core%2Flib%2Fjasmine-core%2Fjasmine.js%3F578a1e5ff14db21b04e2d6db7fd0eda37042440c%3A2360%0A%20%20%20%20at%20attemptAsync%20(http%3A%2F%2Flocalhost%3A8080%2Fbase%2Fnode_modules%2Fjasmine-core%2Flib%2Fjasmine-core%2Fjasmine.js%3F578a1e5ff14db21b04e2d6db7fd0eda37042440c%3A1819)%0A%20%20%20%20at%20http%3A%2F%2Flocalhost%3A8080%2Fbase%2Fnode_modules%2Fjasmine-core%2Flib%2Fjasmine-core%2Fjasmine.js%3F578a1e5ff14db21b04e2d6db7fd0eda37042440c%3A1774%0A%20%20%20%20at%20http%3A%2F%2Flocalhost%3A8080%2Fbase%2Fnode_modules%2Fjasmine-core%2Flib%2Fjasmine-core%2Fjasmine.js%3F578a1e5ff14db21b04e2d6db7fd0eda37042440c%3A1801%0A%20%20%20%20at%20http%3A%2F%2Flocalhost%3A8080%2Fbase%2Fnode_modules%2Fjasmine-core%2Flib%2Fjasmine-core%2Fjasmine.js%3F578a1e5ff14db21b04e2d6db7fd0eda37042440c%3A1745%0A%20%20%20%20at%20complete%20(http%3A%2F%2Flocalhost%3A8080%2Fbase%2Fnode_modules%2Fjasmine-core%2Flib%2Fjasmine-core%2Fjasmine.js%3F578a1e5ff14db21b04e2d6db7fd0eda37042440c%3A365)%0A%20%20%20%20at%20clearStack%20(http%3A%2F%2Flocalhost%3A8080%2Fbase%2Fnode_modules%2Fjasmine-core%2Flib%2Fjasmine-core%2Fjasmine.js%3F578a1e5ff14db21b04e2d6db7fd0eda37042440c%3A605)%0A%20%20%20%20at%20http%3A%2F%2Flocalhost%3A8080%2Fbase%2Fnode_modules%2Fjasmine-core%2Flib%2Fjasmine-core%2Fjasmine.js%3F578a1e5ff14db21b04e2d6db7fd0eda37042440c%3A1784%0A%20%20%20%20at%20http%3A%2F%2Flocalhost%3A8080%2Fbase%2Fnode_modules%2Fjasmine-core%2Flib%2Fjasmine-core%2Fjasmine.js%3F578a1e5ff14db21b04e2d6db7fd0eda37042440c%3A1762%0A%20%20%20%20at%20http%3A%2F%2Flocalhost%3A8080%2Fbase%2Fnode_modules%2Fjasmine-core%2Flib%2Fjasmine-core%2Fjasmine.js%3F578a1e5ff14db21b04e2d6db7fd0eda37042440c%3A627%0A%20%20%20%20at%20http%3A%2F%2Flocalhost%3A8080%2Fbase%2Fnode_modules%2Fjasmine-core%2Flib%2Fjasmine-core%2Fjasmine.js%3F578a1e5ff14db21b04e2d6db7fd0eda37042440c%3A357%0A%20%20%20%20at%20http%3A%2F%2Flocalhost%3A8080%2Fbase%2Fnode_modules%2Fjasmine-core%2Flib%2Fjasmine-core%2Fjasmine.js%3F578a1e5ff14db21b04e2d6db7fd0eda37042440c%3A2360%0A%20%20%20%20at%20attemptAsync%20(http%3A%2F%2Flocalhost%3A8080%2Fbase%2Fnode_modules%2Fjasmine-core%2Flib%2Fjasmine-core%2Fjasmine.js%3F578a1e5ff14db21b04e2d6db7fd0eda37042440c%3A1819)%0A%20%20%20%20at%20http%3A%2F%2Flocalhost%3A8080%2Fbase%2Fnode_modules%2Fjasmine-core%2Flib%2Fjasmine-core%2Fjasmine.js%3F578a1e5ff14db21b04e2d6db7fd0eda37042440c%3A1774%0A%20%20%20%20at%20http%3A%2F%2Flocalhost%3A8080%2Fbase%2Fnode_modules%2Fjasmine-core%2Flib%2Fjasmine-core%2Fjasmine.js%3F578a1e5ff14db21b04e2d6db7fd0eda37042440c%3A1762%0A%20%20%20%20at%20http%3A%2F%2Flocalhost%3A8080%2Fbase%2Fnode_modules%2Fjasmine-core%2Flib%2Fjasmine-core%2Fjasmine.js%3F578a1e5ff14db21b04e2d6db7fd0eda37042440c%3A627%0A%20%20%20%20at%20http%3A%2F%2Flocalhost%3A8080%2Fbase%2Fnode_modules%2Fjasmine-core%2Flib%2Fjasmine-core%2Fjasmine.js%3F578a1e5ff14db21b04e2d6db7fd0eda37042440c%3A2354%0A%20%20%20%20at%20attemptAsync%20(http%3A%2F%2Flocalhost%3A8080%2Fbase%2Fnode_modules%2Fjasmine-core%2Flib%2Fjasmine-core%2Fjasmine.js%3F578a1e5ff14db21b04e2d6db7fd0eda37042440c%3A1819)%0A%20%20%20%20at%20http%3A%2F%2Flocalhost%3A8080%2Fbase%2Fnode_modules%2Fjasmine-core%2Flib%2Fjasmine-core%2Fjasmine.js%3F578a1e5ff14db21b04e2d6db7fd0eda37042440c%3A1774%0A%20%20%20%20at%20http%3A%2F%2Flocalhost%3A8080%2Fbase%2Fnode_modules%2Fjasmine-core%2Flib%2Fjasmine-core%2Fjasmine.js%3F578a1e5ff14db21b04e2d6db7fd0eda37042440c%3A1801%0A%20%20%20%20at%20http%3A%2F%2Flocalhost%3A8080%2Fbase%2Fnode_modules%2Fjasmine-core%2Flib%2Fjasmine-core%2Fjasmine.js%3F578a1e5ff14db21b04e2d6db7fd0eda37042440c%3A1745%0A%20%20%20%20at%20http%3A%2F%2Flocalhost%3A8080%2Fbase%2Fnode_modules%2Fjasmine-core%2Flib%2Fjasmine-core%2Fjasmine.js%3F578a1e5ff14db21b04e2d6db7fd0eda37042440c%3A2348%0A%20%20%20%20at%20clearStack%20(http%3A%2F%2Flocalhost%3A8080%2Fbase%2Fnode_modules%2Fjasmine-core%2Flib%2Fjasmine-core%2Fjasmine.js%3F578a1e5ff14db21b04e2d6db7fd0eda37042440c%3A605)%0A%20%20%20%20at%20http%3A%2F%2Flocalhost%3A8080%2Fbase%2Fnode_modules%2Fjasmine-core%2Flib%2Fjasmine-core%2Fjasmine.js%3F578a1e5ff14db21b04e2d6db7fd0eda37042440c%3A1784%0A%20%20%20%20at%20http%3A%2F%2Flocalhost%3A8080%2Fbase%2Fnode_modules%2Fjasmine-core%2Flib%2Fjasmine-core%2Fjasmine.js%3F578a1e5ff14db21b04e2d6db7fd0eda37042440c%3A1762%0A%20%20%20%20at%20http%3A%2F%2Flocalhost%3A8080%2Fbase%2Fnode_modules%2Fjasmine-core%2Flib%2Fjasmine-core%2Fjasmine.js%3F578a1e5ff14db21b04e2d6db7fd0eda37042440c%3A627%0A%20%20%20%20at%20http%3A%2F%2Flocalhost%3A8080%2Fbase%2Fnode_modules%2Fjasmine-core%2Flib%2Fjasmine-core%2Fjasmine.js%3F578a1e5ff14db21b04e2d6db7fd0eda37042440c%3A2354%0A%20%20%20%20at%20attemptAsync%20(http%3A%2F%2Flocalhost%3A8080%2Fbase%2Fnode_modules%2Fjasmine-core%2Flib%2Fjasmine-core%2Fjasmine.js%3F578a1e5ff14db21b04e2d6db7fd0eda37042440c%3A1819)%0A%20%20%20%20at%20http%3A%2F%2Flocalhost%3A8080%2Fbase%2Fnode_modules%2Fjasmine-core%2Flib%2Fjasmine-core%2Fjasmine.js%3F578a1e5ff14db21b04e2d6db7fd0eda37042440c%3A1774%0A%20%20%20%20at%20http%3A%2F%2Flocalhost%3A8080%2Fbase%2Fnode_modules%2Fjasmine-core%2Flib%2Fjasmine-core%2Fjasmine.js%3F578a1e5ff14db21b04e2d6db7fd0eda37042440c%3A1801%0A%20%20%20%20at%20http%3A%2F%2Flocalhost%3A8080%2Fbase%2Fnode_modules%2Fjasmine-core%2Flib%2Fjasmine-core%2Fjasmine.js%3F578a1e5ff14db21b04e2d6db7fd0eda37042440c%3A1745%0A%20%20%20%20at%20http%3A%2F%2Flocalhost%3A8080%2Fbase%2Fnode_modules%2Fjasmine-core%2Flib%2Fjasmine-core%2Fjasmine.js%3F578a1e5ff14db21b04e2d6db7fd0eda37042440c%3A2348%0A%20%20%20%20at%20clearStack%20(http%3A%2F%2Flocalhost%3A8080%2Fbase%2Fnode_modules%2Fjasmine-core%2Flib%2Fjasmine-core%2Fjasmine.js%3F578a1e5ff14db21b04e2d6db7fd0eda37042440c%3A605)%0A%20%20%20%20at%20http%3A%2F%2Flocalhost%3A8080%2Fbase%2Fnode_modules%2Fjasmine-core%2Flib%2Fjasmine-core%2Fjasmine.js%3F578a1e5ff14db21b04e2d6db7fd0eda37042440c%3A1784%0A%20%20%20%20at%20http%3A%2F%2Flocalhost%3A8080%2Fbase%2Fnode_modules%2Fjasmine-core%2Flib%2Fjasmine-core%2Fjasmine.js%3F578a1e5ff14db21b04e2d6db7fd0eda37042440c%3A1762%0A%20%20%20%20at%20http%3A%2F%2Flocalhost%3A8080%2Fbase%2Fnode_modules%2Fjasmine-core%2Flib%2Fjasmine-core%2Fjasmine.js%3F578a1e5ff14db21b04e2d6db7fd0eda37042440c%3A627%0A%20%20%20%20at%20http%3A%2F%2Flocalhost%3A8080%2Fbase%2Fnode_modules%2Fjasmine-core%2Flib%2Fjasmine-core%2Fjasmine.js%3F578a1e5ff14db21b04e2d6db7fd0eda37042440c%3A2354%0A%20%20%20%20at%20attemptAsync%20(http%3A%2F%2Flocalhost%3A8080%2Fbase%2Fnode_modules%2Fjasmine-core%2Flib%2Fjasmine-core%2Fjasmine.js%3F578a1e5ff14db21b04e2d6db7fd0eda37042440c%3A1819)%0A%20%20%20%20at%20http%3A%2F%2Flocalhost%3A8080%2Fbase%2Fnode_modules%2Fjasmine-core%2Flib%2Fjasmine-core%2Fjasmine.js%3F578a1e5ff14db21b04e2d6db7fd0eda37042440c%3A1774%0A%20%20%20%20at%20http%3A%2F%2Flocalhost%3A8080%2Fbase%2Fnode_modules%2Fjasmine-core%2Flib%2Fjasmine-core%2Fjasmine.js%3F578a1e5ff14db21b04e2d6db7fd0eda37042440c%3A1801%0A%20%20%20%20at%20http%3A%2F%2Flocalhost%3A8080%2Fbase%2Fnode_modules%2Fjasmine-core%2Flib%2Fjasmine-core%2Fjasmine.js%3F578a1e5ff14db21b04e2d6db7fd0eda37042440c%3A1745%0A%20%20%20%20at%20http%3A%2F%2Flocalhost%3A8080%2Fbase%2Fnode_modules%2Fjasmine-core%2Flib%2Fjasmine-core%2Fjasmine.js%3F578a1e5ff14db21b04e2d6db7fd0eda37042440c%3A2348%0A%20%20%20%20at%20clearStack%20(http%3A%2F%2Flocalhost%3A8080%2Fbase%2Fnode_modules%2Fjasmine-core%2Flib%2Fjasmine-core%2Fjasmine.js%3F578a1e5ff14db21b04e2d6db7fd0eda37042440c%3A605)%0A%20%20%20%20at%20http%3A%2F%2Flocalhost%3A8080%2Fbase%2Fnode_modules%2Fjasmine-core%2Flib%2Fjasmine-core%2Fjasmine.js%3F578a1e5ff14db21b04e2d6db7fd0eda37042440c%3A1784%0A%20%20%20%20at%20http%3A%2F%2Flocalhost%3A8080%2Fbase%2Fnode_modules%2Fjasmine-core%2Flib%2Fjasmine-core%2Fjasmine.js%3F578a1e5ff14db21b04e2d6db7fd0eda37042440c%3A1762%0A%20%20%20%20at%20http%3A%2F%2Flocalhost%3A8080%2Fbase%2Fnode_modules%2Fjasmine-core%2Flib%2Fjasmine-core%2Fjasmine.js%3F578a1e5ff14db21b04e2d6db7fd0eda37042440c%3A627%0A%20%20%20%20at%20http%3A%2F%2Flocalhost%3A8080%2Fbase%2Fnode_modules%2Fjasmine-core%2Flib%2Fjasmine-core%2Fjasmine.js%3F578a1e5ff14db21b04e2d6db7fd0eda37042440c%3A2354%0A%20%20%20%20at%20attemptAsync%20(http%3A%2F%2Flocalhost%3A8080%2Fbase%2Fnode_modules%2Fjasmine-core%2Flib%2Fjasmine-core%2Fjasmine.js%3F578a1e5ff14db21b04e2d6db7fd0eda37042440c%3A1819)%0A%20%20%20%20at%20http%3A%2F%2Flocalhost%3A8080%2Fbase%2Fnode_modules%2Fjasmine-core%2Flib%2Fjasmine-core%2Fjasmine.js%3F578a1e5ff14db21b04e2d6db7fd0eda37042440c%3A1774%0A%20%20%20%20at%20http%3A%2F%2Flocalhost%3A8080%2Fbase%2Fnode_modules%2Fjasmine-core%2Flib%2Fjasmine-core%2Fjasmine.js%3F578a1e5ff14db21b04e2d6db7fd0eda37042440c%3A1801%0A%20%20%20%20at%20http%3A%2F%2Flocalhost%3A8080%2Fbase%2Fnode_modules%2Fjasmine-core%2Flib%2Fjasmine-core%2Fjasmine.js%3F578a1e5ff14db21b04e2d6db7fd0eda37042440c%3A1745%0A%20%20%20%20at%20http%3A%2F%2Flocalhost%3A8080%2Fbase%2Fnode_modules%2Fjasmine-core%2Flib%2Fjasmine-core%2Fjasmine.js%3F578a1e5ff14db21b04e2d6db7fd0eda37042440c%3A2348%0A%20%20%20%20at%20clearStack%20(http%3A%2F%2Flocalhost%3A8080%2Fbase%2Fnode_modules%2Fjasmine-core%2Flib%2Fjasmine-core%2Fjasmine.js%3F578a1e5ff14db21b04e2d6db7fd0eda37042440c%3A605)%0A%20%20%20%20at%20http%3A%2F%2Flocalhost%3A8080%2Fbase%2Fnode_modules%2Fjasmine-core%2Flib%2Fjasmine-core%2Fjasmine.js%3F578a1e5ff14db21b04e2d6db7fd0eda37042440c%3A1784%0A%20%20%20%20at%20http%3A%2F%2Flocalhost%3A8080%2Fbase%2Fnode_modules%2Fjasmine-core%2Flib%2Fjasmine-core%2Fjasmine.js%3F578a1e5ff14db21b04e2d6db7fd0eda37042440c%3A1762%0A%20%20%20%20at%20http%3A%2F%2Flocalhost%3A8080%2Fbase%2Fnode_modules%2Fjasmine-core%2Flib%2Fjasmine-core%2Fjasmine.js%3F578a1e5ff14db21b04e2d6db7fd0eda37042440c%3A627%0A%20%20%20%20at%20http%3A%2F%2Flocalhost%3A8080%2Fbase%2Fnode_modules%2Fjasmine-core%2Flib%2Fjasmine-core%2Fjasmine.js%3F578a1e5ff14db21b04e2d6db7fd0eda37042440c%3A2354%0A%20%20%20%20at%20attemptAsync%20(http%3A%2F%2Flocalhost%3A8080%2Fbase%2Fnode_modules%2Fjasmine-core%2Flib%2Fjasmine-core%2Fjasmine.js%3F578a1e5ff14db21b04e2d6db7fd0eda37042440c%3A1819)%0A%20%20%20%20at%20http%3A%2F%2Flocalhost%3A8080%2Fbase%2Fnode_modules%2Fjasmine-core%2Flib%2Fjasmine-core%2Fjasmine.js%3F578a1e5ff14db21b04e2d6db7fd0eda37042440c%3A1774%0A%20%20%20%20at%20http%3A%2F%2Flocalhost%3A8080%2Fbase%2Fnode_modules%2Fjasmine-core%2Flib%2Fjasmine-core%2Fjasmine.js%3F578a1e5ff14db21b04e2d6db7fd0eda37042440c%3A1801%0A%20%20%20%20at%20http%3A%2F%2Flocalhost%3A8080%2Fbase%2Fnode_modules%2Fjasmine-core%2Flib%2Fjasmine-core%2Fjasmine.js%3F578a1e5ff14db21b04e2d6db7fd0eda37042440c%3A1745%0A%20%20%20%20at%20http%3A%2F%2Flocalhost%3A8080%2Fbase%2Fnode_modules%2Fjasmine-core%2Flib%2Fjasmine-core%2Fjasmine.js%3F578a1e5ff14db21b04e2d6db7fd0eda37042440c%3A2348%0A%20%20%20%20at%20clearStack%20(http%3A%2F%2Flocalhost%3A8080%2Fbase%2Fnode_modules%2Fjasmine-core%2Flib%2Fjasmine-core%2Fjasmine.js%3F578a1e5ff14db21b04e2d6db7fd0eda37042440c%3A605)%0A%20%20%20%20at%20http%3A%2F%2Flocalhost%3A8080%2Fbase%2Fnode_modules%2Fjasmine-core%2Flib%2Fjasmine-core%2Fjasmine.js%3F578a1e5ff14db21b04e2d6db7fd0eda37042440c%3A1784%0A%20%20%20%20at%20http%3A%2F%2Flocalhost%3A8080%2Fbase%2Fnode_modules%2Fjasmine-core%2Flib%2Fjasmine-core%2Fjasmine.js%3F578a1e5ff14db21b04e2d6db7fd0eda37042440c%3A1762%0A%20%20%20%20at%20http%3A%2F%2Flocalhost%3A8080%2Fbase%2Fnode_modules%2Fjasmine-core%2Flib%2Fjasmine-core%2Fjasmine.js%3F578a1e5ff14db21b04e2d6db7fd0eda37042440c%3A627%0A%20%20%20%20at%20http%3A%2F%2Flocalhost%3A8080%2Fbase%2Fnode_modules%2Fjasmine-core%2Flib%2Fjasmine-core%2Fjasmine.js%3F578a1e5ff14db21b04e2d6db7fd0eda37042440c%3A2354%0A%20%20%20%20at%20attemptAsync%20(http%3A%2F%2Flocalhost%3A8080%2Fbase%2Fnode_modules%2Fjasmine-core%2Flib%2Fjasmine-core%2Fjasmine.js%3F578a1e5ff14db21b04e2d6db7fd0eda37042440c%3A1819)%0A%20%20%20%20at%20http%3A%2F%2Flocalhost%3A8080%2Fbase%2Fnode_modules%2Fjasmine-core%2Flib%2Fjasmine-core%2Fjasmine.js%3F578a1e5ff14db21b04e2d6db7fd0eda37042440c%3A1774%0A%20%20%20%20at%20http%3A%2F%2Flocalhost%3A8080%2Fbase%2Fnode_modules%2Fjasmine-core%2Flib%2Fjasmine-core%2Fjasmine.js%3F578a1e5ff14db21b04e2d6db7fd0eda37042440c%3A1801%0A%20%20%20%20at%20http%3A%2F%2Flocalhost%3A8080%2Fbase%2Fnode_modules%2Fjasmine-core%2Flib%2Fjasmine-core%2Fjasmine.js%3F578a1e5ff14db21b04e2d6db7fd0eda37042440c%3A1745%0A%20%20%20%20at%20http%3A%2F%2Flocalhost%3A8080%2Fbase%2Fnode_modules%2Fjasmine-core%2Flib%2Fjasmine-core%2Fjasmine.js%3F578a1e5ff14db21b04e2d6db7fd0eda37042440c%3A2348%0A%20%20%20%20at%20clearStack%20(http%3A%2F%2Flocalhost%3A8080%2Fbase%2Fnode_modules%2Fjasmine-core%2Flib%2Fjasmine-core%2Fjasmine.js%3F578a1e5ff14db21b04e2d6db7fd0eda37042440c%3A605)%0A%20%20%20%20at%20http%3A%2F%2Flocalhost%3A8080%2Fbase%2Fnode_modules%2Fjasmine-core%2Flib%2Fjasmine-core%2Fjasmine.js%3F578a1e5ff14db21b04e2d6db7fd0eda37042440c%3A1784%0A%20%20%20%20at%20http%3A%2F%2Flocalhost%3A8080%2Fbase%2Fnode_modules%2Fjasmine-core%2Flib%2Fjasmine-core%2Fjasmine.js%3F578a1e5ff14db21b04e2d6db7fd0eda37042440c%3A1762%0A%20%20%20%20at%20http%3A%2F%2Flocalhost%3A8080%2Fbase%2Fnode_modules%2Fjasmine-core%2Flib%2Fjasmine-core%2Fjasmine.js%3F578a1e5ff14db21b04e2d6db7fd0eda37042440c%3A627%0A%20%20%20%20at%20http%3A%2F%2Flocalhost%3A8080%2Fbase%2Fnode_modules%2Fjasmine-core%2Flib%2Fjasmine-core%2Fjasmine.js%3F578a1e5ff14db21b04e2d6db7fd0eda37042440c%3A2354%0A%20%20%20%20at%20attemptAsync%20(http%3A%2F%2Flocalhost%3A8080%2Fbase%2Fnode_modules%2Fjasmine-core%2Flib%2Fjasmine-core%2Fjasmine.js%3F578a1e5ff14db21b04e2d6db7fd0eda37042440c%3A1819)%0A%20%20%20%20at%20http%3A%2F%2Flocalhost%3A8080%2Fbase%2Fnode_modules%2Fjasmine-core%2Flib%2Fjasmine-core%2Fjasmine.js%3F578a1e5ff14db21b04e2d6db7fd0eda37042440c%3A1774%0A%20%20%20%20at%20http%3A%2F%2Flocalhost%3A8080%2Fbase%2Fnode_modules%2Fjasmine-core%2Flib%2Fjasmine-core%2Fjasmine.js%3F578a1e5ff14db21b04e2d6db7fd0eda37042440c%3A1801%0A%20%20%20%20at%20http%3A%2F%2Flocalhost%3A8080%2Fbase%2Fnode_modules%2Fjasmine-core%2Flib%2Fjasmine-core%2Fjasmine.js%3F578a1e5ff14db21b04e2d6db7fd0eda37042440c%3A1745%0A%20%20%20%20at%20http%3A%2F%2Flocalhost%3A8080%2Fbase%2Fnode_modules%2Fjasmine-core%2Flib%2Fjasmine-core%2Fjasmine.js%3F578a1e5ff14db21b04e2d6db7fd0eda37042440c%3A2348%0A%20%20%20%20at%20clearStack%20(http%3A%2F%2Flocalhost%3A8080%2Fbase%2Fnode_modules%2Fjasmine-core%2Flib%2Fjasmine-core%2Fjasmine.js%3F578a1e5ff14db21b04e2d6db7fd0eda37042440c%3A605)%0A%20%20%20%20at%20http%3A%2F%2Flocalhost%3A8080%2Fbase%2Fnode_modules%2Fjasmine-core%2Flib%2Fjasmine-core%2Fjasmine.js%3F578a1e5ff14db21b04e2d6db7fd0eda37042440c%3A1784%0A%20%20%20%20at%20http%3A%2F%2Flocalhost%3A8080%2Fbase%2Fnode_modules%2Fjasmine-core%2Flib%2Fjasmine-core%2Fjasmine.js%3F578a1e5ff14db21b04e2d6db7fd0eda37042440c%3A1762%0A%20%20%20%20at%20http%3A%2F%2Flocalhost%3A8080%2Fbase%2Fnode_modules%2Fjasmine-core%2Flib%2Fjasmine-core%2Fjasmine.js%3F578a1e5ff14db21b04e2d6db7fd0eda37042440c%3A627%0A%20%20%20%20at%20http%3A%2F%2Flocalhost%3A8080%2Fbase%2Fnode_modules%2Fjasmine-core%2Flib%2Fjasmine-core%2Fjasmine.js%3F578a1e5ff14db21b04e2d6db7fd0eda37042440c%3A2354%0A%20%20%20%20at%20attemptAsync%20(http%3A%2F%2Flocalhost%3A8080%2Fbase%2Fnode_modules%2Fjasmine-core%2Flib%2Fjasmine-core%2Fjasmine.js%3F578a1e5ff14db21b04e2d6db7fd0eda37042440c%3A1819)%0A%20%20%20%20at%20http%3A%2F%2Flocalhost%3A8080%2Fbase%2Fnode_modules%2Fjasmine-core%2Flib%2Fjasmine-core%2Fjasmine.js%3F578a1e5ff14db21b04e2d6db7fd0eda37042440c%3A1774%0A%20%20%20%20at%20http%3A%2F%2Flocalhost%3A8080%2Fbase%2Fnode_modules%2Fjasmine-core%2Flib%2Fjasmine-core%2Fjasmine.js%3F578a1e5ff14db21b04e2d6db7fd0eda37042440c%3A1762%0A%20%20%20%20at%20http%3A%2F%2Flocalhost%3A8080%2Fbase%2Fnode_modules%2Fjasmine-core%2Flib%2Fjasmine-core%2Fjasmine.js%3F578a1e5ff14db21b04e2d6db7fd0eda37042440c%3A627%0A%20%20%20%20at%20http%3A%2F%2Flocalhost%3A8080%2Fbase%2Fnode_modules%2Fjasmine-core%2Flib%2Fjasmine-core%2Fjasmine.js%3F578a1e5ff14db21b04e2d6db7fd0eda37042440c%3A2215%0A%20%20%20%20at%20http%3A%2F%2Flocalhost%3A8080%2Fbase%2Fnode_modules%2Fjasmine-core%2Flib%2Fjasmine-core%2Fjasmine.js%3F578a1e5ff14db21b04e2d6db7fd0eda37042440c%3A678%0A%20%20%20%20at%20http%3A%2F%2Flocalhost%3A8080%2Fbase%2Fnode_modules%2Fkarma-jasmine%2Flib%2Fadapter.js%3F0a69ad1fa10cc8be0a12b241227d3b834f82db4f%3A317%0A%20%20%20%20at%20http%3A%2F%2Flocalhost%3A8080%2Fkarma.js%3A185%0A%20%20%20%20at%20http%3A%2F%2Flocalhost%3A8080%2Fcontext.html%3A127
    at C:/dev/MedExplorer/src/client/app/vendor/angular/angular.js:4379
    at forEach (C:/dev/MedExplorer/src/client/app/vendor/angular/angular.js:336)
    at loadModules (C:/dev/MedExplorer/src/client/app/vendor/angular/angular.js:4381)
    at C:/dev/MedExplorer/src/client/app/vendor/angular/angular.js:4356
    at forEach (C:/dev/MedExplorer/src/client/app/vendor/angular/angular.js:336)
    at loadModules (C:/dev/MedExplorer/src/client/app/vendor/angular/angular.js:4381)
    at createInjector (C:/dev/MedExplorer/src/client/app/vendor/angular/angular.js:4265)
    at workFn (C:/dev/MedExplorer/src/client/app/vendor/angular-mocks/angular-mocks.js:2409)
http://errors.angularjs.org/1.4.1/$injector/modulerr?p0=MedExplorer&amp;p1=Error%3A%20%5B%24injector%3Amodulerr%5D%20Failed%20to%20instantiate%20module%20ui.bootstrap%20due%20to%3A%0AError%3A%20%5B%24injector%3Anomod%5D%20Module%20&apos;ui.bootstrap&apos;%20is%20not%20available!%20You%20either%20misspelled%20the%20module%20name%20or%20forgot%20to%20load%20it.%20If%20registering%20a%20module%20ensure%20that%20you%20specify%20the%20dependencies%20as%20the%20second%20argument.%0Ahttp%3A%2F%2Ferrors.angularjs.org%2F1.4.1%2F%24injector%2Fnomod%3Fp0%3Dui.bootstrap%0A%20%20%20%20at%20http%3A%2F%2Flocalhost%3A8080%2Fbase%2Fapp%2Fvendor%2Fangular%2Fangular.js%3F9d140432f81858ac1e7888708720d419d147ffa9%3A1951%0A%20%20%20%20at%20ensure%20(http%3A%2F%2Flocalhost%3A8080%2Fbase%2Fapp%2Fvendor%2Fangular%2Fangular.js%3F9d140432f81858ac1e7888708720d419d147ffa9%3A1873)%0A%20%20%20%20at%20module%20(http%3A%2F%2Flocalhost%3A8080%2Fbase%2Fapp%2Fvendor%2Fangular%2Fangular.js%3F9d140432f81858ac1e7888708720d419d147ffa9%3A2201)%0A%20%20%20%20at%20http%3A%2F%2Flocalhost%3A8080%2Fbase%2Fapp%2Fvendor%2Fangular%2Fangular.js%3F9d140432f81858ac1e7888708720d419d147ffa9%3A4355%0A%20%20%20%20at%20forEach%20(http%3A%2F%2Flocalhost%3A8080%2Fbase%2Fapp%2Fvendor%2Fangular%2Fangular.js%3F9d140432f81858ac1e7888708720d419d147ffa9%3A336)%0A%20%20%20%20at%20loadModules%20(http%3A%2F%2Flocalhost%3A8080%2Fbase%2Fapp%2Fvendor%2Fangular%2Fangular.js%3F9d140432f81858ac1e7888708720d419d147ffa9%3A4381)%0A%20%20%20%20at%20http%3A%2F%2Flocalhost%3A8080%2Fbase%2Fapp%2Fvendor%2Fangular%2Fangular.js%3F9d140432f81858ac1e7888708720d419d147ffa9%3A4356%0A%20%20%20%20at%20forEach%20(http%3A%2F%2Flocalhost%3A8080%2Fbase%2Fapp%2Fvendor%2Fangular%2Fangular.js%3F9d140432f81858ac1e7888708720d419d147ffa9%3A336)%0A%20%20%20%20at%20loadModules%20(http%3A%2F%2Flocalhost%3A8080%2Fbase%2Fapp%2Fvendor%2Fangular%2Fangular.js%3F9d140432f81858ac1e7888708720d419d147ffa9%3A4381)%0A%20%20%20%20at%20createInjector%20(http%3A%2F%2Flocalhost%3A8080%2Fbase%2Fapp%2Fvendor%2Fangular%2Fangular.js%3F9d140432f81858ac1e7888708720d419d147ffa9%3A4265)%0A%20%20%20%20at%20workFn%20(http%3A%2F%2Flocalhost%3A8080%2Fbase%2Fapp%2Fvendor%2Fangular-mocks%2Fangular-mocks.js%3F6fe041cc8bb7a17f894cb12d8b0d44b12644f10a%3A2409)%0A%20%20%20%20at%20attemptSync%20(http%3A%2F%2Flocalhost%3A8080%2Fbase%2Fnode_modules%2Fjasmine-core%2Flib%2Fjasmine-core%2Fjasmine.js%3F578a1e5ff14db21b04e2d6db7fd0eda37042440c%3A1789)%0A%20%20%20%20at%20http%3A%2F%2Flocalhost%3A8080%2Fbase%2Fnode_modules%2Fjasmine-core%2Flib%2Fjasmine-core%2Fjasmine.js%3F578a1e5ff14db21b04e2d6db7fd0eda37042440c%3A1777%0A%20%20%20%20at%20http%3A%2F%2Flocalhost%3A8080%2Fbase%2Fnode_modules%2Fjasmine-core%2Flib%2Fjasmine-core%2Fjasmine.js%3F578a1e5ff14db21b04e2d6db7fd0eda37042440c%3A1762%0A%20%20%20%20at%20http%3A%2F%2Flocalhost%3A8080%2Fbase%2Fnode_modules%2Fjasmine-core%2Flib%2Fjasmine-core%2Fjasmine.js%3F578a1e5ff14db21b04e2d6db7fd0eda37042440c%3A627%0A%20%20%20%20at%20http%3A%2F%2Flocalhost%3A8080%2Fbase%2Fnode_modules%2Fjasmine-core%2Flib%2Fjasmine-core%2Fjasmine.js%3F578a1e5ff14db21b04e2d6db7fd0eda37042440c%3A357%0A%20%20%20%20at%20http%3A%2F%2Flocalhost%3A8080%2Fbase%2Fnode_modules%2Fjasmine-core%2Flib%2Fjasmine-core%2Fjasmine.js%3F578a1e5ff14db21b04e2d6db7fd0eda37042440c%3A2360%0A%20%20%20%20at%20attemptAsync%20(http%3A%2F%2Flocalhost%3A8080%2Fbase%2Fnode_modules%2Fjasmine-core%2Flib%2Fjasmine-core%2Fjasmine.js%3F578a1e5ff14db21b04e2d6db7fd0eda37042440c%3A1819)%0A%20%20%20%20at%20http%3A%2F%2Flocalhost%3A8080%2Fbase%2Fnode_modules%2Fjasmine-core%2Flib%2Fjasmine-core%2Fjasmine.js%3F578a1e5ff14db21b04e2d6db7fd0eda37042440c%3A1774%0A%20%20%20%20at%20http%3A%2F%2Flocalhost%3A8080%2Fbase%2Fnode_modules%2Fjasmine-core%2Flib%2Fjasmine-core%2Fjasmine.js%3F578a1e5ff14db21b04e2d6db7fd0eda37042440c%3A1762%0A%20%20%20%20at%20http%3A%2F%2Flocalhost%3A8080%2Fbase%2Fnode_modules%2Fjasmine-core%2Flib%2Fjasmine-core%2Fjasmine.js%3F578a1e5ff14db21b04e2d6db7fd0eda37042440c%3A627%0A%20%20%20%20at%20http%3A%2F%2Flocalhost%3A8080%2Fbase%2Fnode_modules%2Fjasmine-core%2Flib%2Fjasmine-core%2Fjasmine.js%3F578a1e5ff14db21b04e2d6db7fd0eda37042440c%3A2354%0A%20%20%20%20at%20attemptAsync%20(http%3A%2F%2Flocalhost%3A8080%2Fbase%2Fnode_modules%2Fjasmine-core%2Flib%2Fjasmine-core%2Fjasmine.js%3F578a1e5ff14db21b04e2d6db7fd0eda37042440c%3A1819)%0A%20%20%20%20at%20http%3A%2F%2Flocalhost%3A8080%2Fbase%2Fnode_modules%2Fjasmine-core%2Flib%2Fjasmine-core%2Fjasmine.js%3F578a1e5ff14db21b04e2d6db7fd0eda37042440c%3A1774%0A%20%20%20%20at%20http%3A%2F%2Flocalhost%3A8080%2Fbase%2Fnode_modules%2Fjasmine-core%2Flib%2Fjasmine-core%2Fjasmine.js%3F578a1e5ff14db21b04e2d6db7fd0eda37042440c%3A1801%0A%20%20%20%20at%20http%3A%2F%2Flocalhost%3A8080%2Fbase%2Fnode_modules%2Fjasmine-core%2Flib%2Fjasmine-core%2Fjasmine.js%3F578a1e5ff14db21b04e2d6db7fd0eda37042440c%3A1745%0A%20%20%20%20at%20http%3A%2F%2Flocalhost%3A8080%2Fbase%2Fnode_modules%2Fjasmine-core%2Flib%2Fjasmine-core%2Fjasmine.js%3F578a1e5ff14db21b04e2d6db7fd0eda37042440c%3A2348%0A%20%20%20%20at%20clearStack%20(http%3A%2F%2Flocalhost%3A8080%2Fbase%2Fnode_modules%2Fjasmine-core%2Flib%2Fjasmine-core%2Fjasmine.js%3F578a1e5ff14db21b04e2d6db7fd0eda37042440c%3A605)%0A%20%20%20%20at%20http%3A%2F%2Flocalhost%3A8080%2Fbase%2Fnode_modules%2Fjasmine-core%2Flib%2Fjasmine-core%2Fjasmine.js%3F578a1e5ff14db21b04e2d6db7fd0eda37042440c%3A1784%0A%20%20%20%20at%20http%3A%2F%2Flocalhost%3A8080%2Fbase%2Fnode_modules%2Fjasmine-core%2Flib%2Fjasmine-core%2Fjasmine.js%3F578a1e5ff14db21b04e2d6db7fd0eda37042440c%3A1801%0A%20%20%20%20at%20http%3A%2F%2Flocalhost%3A8080%2Fbase%2Fnode_modules%2Fjasmine-core%2Flib%2Fjasmine-core%2Fjasmine.js%3F578a1e5ff14db21b04e2d6db7fd0eda37042440c%3A1745%0A%20%20%20%20at%20complete%20(http%3A%2F%2Flocalhost%3A8080%2Fbase%2Fnode_modules%2Fjasmine-core%2Flib%2Fjasmine-core%2Fjasmine.js%3F578a1e5ff14db21b04e2d6db7fd0eda37042440c%3A365)%0A%20%20%20%20at%20clearStack%20(http%3A%2F%2Flocalhost%3A8080%2Fbase%2Fnode_modules%2Fjasmine-core%2Flib%2Fjasmine-core%2Fjasmine.js%3F578a1e5ff14db21b04e2d6db7fd0eda37042440c%3A605)%0A%20%20%20%20at%20http%3A%2F%2Flocalhost%3A8080%2Fbase%2Fnode_modules%2Fjasmine-core%2Flib%2Fjasmine-core%2Fjasmine.js%3F578a1e5ff14db21b04e2d6db7fd0eda37042440c%3A1784%0A%20%20%20%20at%20http%3A%2F%2Flocalhost%3A8080%2Fbase%2Fnode_modules%2Fjasmine-core%2Flib%2Fjasmine-core%2Fjasmine.js%3F578a1e5ff14db21b04e2d6db7fd0eda37042440c%3A1762%0A%20%20%20%20at%20http%3A%2F%2Flocalhost%3A8080%2Fbase%2Fnode_modules%2Fjasmine-core%2Flib%2Fjasmine-core%2Fjasmine.js%3F578a1e5ff14db21b04e2d6db7fd0eda37042440c%3A627%0A%20%20%20%20at%20http%3A%2F%2Flocalhost%3A8080%2Fbase%2Fnode_modules%2Fjasmine-core%2Flib%2Fjasmine-core%2Fjasmine.js%3F578a1e5ff14db21b04e2d6db7fd0eda37042440c%3A357%0A%20%20%20%20at%20http%3A%2F%2Flocalhost%3A8080%2Fbase%2Fnode_modules%2Fjasmine-core%2Flib%2Fjasmine-core%2Fjasmine.js%3F578a1e5ff14db21b04e2d6db7fd0eda37042440c%3A2360%0A%20%20%20%20at%20attemptAsync%20(http%3A%2F%2Flocalhost%3A8080%2Fbase%2Fnode_modules%2Fjasmine-core%2Flib%2Fjasmine-core%2Fjasmine.js%3F578a1e5ff14db21b04e2d6db7fd0eda37042440c%3A1819)%0A%20%20%20%20at%20http%3A%2F%2Flocalhost%3A8080%2Fbase%2Fnode_modules%2Fjasmine-core%2Flib%2Fjasmine-core%2Fjasmine.js%3F578a1e5ff14db21b04e2d6db7fd0eda37042440c%3A1774%0A%20%20%20%20at%20http%3A%2F%2Flocalhost%3A8080%2Fbase%2Fnode_modules%2Fjasmine-core%2Flib%2Fjasmine-core%2Fjasmine.js%3F578a1e5ff14db21b04e2d6db7fd0eda37042440c%3A1801%0A%20%20%20%20at%20http%3A%2F%2Flocalhost%3A8080%2Fbase%2Fnode_modules%2Fjasmine-core%2Flib%2Fjasmine-core%2Fjasmine.js%3F578a1e5ff14db21b04e2d6db7fd0eda37042440c%3A1745%0A%20%20%20%20at%20complete%20(http%3A%2F%2Flocalhost%3A8080%2Fbase%2Fnode_modules%2Fjasmine-core%2Flib%2Fjasmine-core%2Fjasmine.js%3F578a1e5ff14db21b04e2d6db7fd0eda37042440c%3A365)%0A%20%20%20%20at%20clearStack%20(http%3A%2F%2Flocalhost%3A8080%2Fbase%2Fnode_modules%2Fjasmine-core%2Flib%2Fjasmine-core%2Fjasmine.js%3F578a1e5ff14db21b04e2d6db7fd0eda37042440c%3A605)%0A%20%20%20%20at%20http%3A%2F%2Flocalhost%3A8080%2Fbase%2Fnode_modules%2Fjasmine-core%2Flib%2Fjasmine-core%2Fjasmine.js%3F578a1e5ff14db21b04e2d6db7fd0eda37042440c%3A1784%0A%20%20%20%20at%20http%3A%2F%2Flocalhost%3A8080%2Fbase%2Fnode_modules%2Fjasmine-core%2Flib%2Fjasmine-core%2Fjasmine.js%3F578a1e5ff14db21b04e2d6db7fd0eda37042440c%3A1762%0A%20%20%20%20at%20http%3A%2F%2Flocalhost%3A8080%2Fbase%2Fnode_modules%2Fjasmine-core%2Flib%2Fjasmine-core%2Fjasmine.js%3F578a1e5ff14db21b04e2d6db7fd0eda37042440c%3A627%0A%20%20%20%20at%20http%3A%2F%2Flocalhost%3A8080%2Fbase%2Fnode_modules%2Fjasmine-core%2Flib%2Fjasmine-core%2Fjasmine.js%3F578a1e5ff14db21b04e2d6db7fd0eda37042440c%3A357%0A%20%20%20%20at%20http%3A%2F%2Flocalhost%3A8080%2Fbase%2Fnode_modules%2Fjasmine-core%2Flib%2Fjasmine-core%2Fjasmine.js%3F578a1e5ff14db21b04e2d6db7fd0eda37042440c%3A2360%0A%20%20%20%20at%20attemptAsync%20(http%3A%2F%2Flocalhost%3A8080%2Fbase%2Fnode_modules%2Fjasmine-core%2Flib%2Fjasmine-core%2Fjasmine.js%3F578a1e5ff14db21b04e2d6db7fd0eda37042440c%3A1819)%0A%20%20%20%20at%20http%3A%2F%2Flocalhost%3A8080%2Fbase%2Fnode_modules%2Fjasmine-core%2Flib%2Fjasmine-core%2Fjasmine.js%3F578a1e5ff14db21b04e2d6db7fd0eda37042440c%3A1774%0A%20%20%20%20at%20http%3A%2F%2Flocalhost%3A8080%2Fbase%2Fnode_modules%2Fjasmine-core%2Flib%2Fjasmine-core%2Fjasmine.js%3F578a1e5ff14db21b04e2d6db7fd0eda37042440c%3A1801%0A%20%20%20%20at%20http%3A%2F%2Flocalhost%3A8080%2Fbase%2Fnode_modules%2Fjasmine-core%2Flib%2Fjasmine-core%2Fjasmine.js%3F578a1e5ff14db21b04e2d6db7fd0eda37042440c%3A1745%0A%20%20%20%20at%20complete%20(http%3A%2F%2Flocalhost%3A8080%2Fbase%2Fnode_modules%2Fjasmine-core%2Flib%2Fjasmine-core%2Fjasmine.js%3F578a1e5ff14db21b04e2d6db7fd0eda37042440c%3A365)%0A%20%20%20%20at%20clearStack%20(http%3A%2F%2Flocalhost%3A8080%2Fbase%2Fnode_modules%2Fjasmine-core%2Flib%2Fjasmine-core%2Fjasmine.js%3F578a1e5ff14db21b04e2d6db7fd0eda37042440c%3A605)%0A%20%20%20%20at%20http%3A%2F%2Flocalhost%3A8080%2Fbase%2Fnode_modules%2Fjasmine-core%2Flib%2Fjasmine-core%2Fjasmine.js%3F578a1e5ff14db21b04e2d6db7fd0eda37042440c%3A1784%0A%20%20%20%20at%20http%3A%2F%2Flocalhost%3A8080%2Fbase%2Fnode_modules%2Fjasmine-core%2Flib%2Fjasmine-core%2Fjasmine.js%3F578a1e5ff14db21b04e2d6db7fd0eda37042440c%3A1762%0A%20%20%20%20at%20http%3A%2F%2Flocalhost%3A8080%2Fbase%2Fnode_modules%2Fjasmine-core%2Flib%2Fjasmine-core%2Fjasmine.js%3F578a1e5ff14db21b04e2d6db7fd0eda37042440c%3A627%0A%20%20%20%20at%20http%3A%2F%2Flocalhost%3A8080%2Fbase%2Fnode_modules%2Fjasmine-core%2Flib%2Fjasmine-core%2Fjasmine.js%3F578a1e5ff14db21b04e2d6db7fd0eda37042440c%3A357%0A%20%20%20%20at%20http%3A%2F%2Flocalhost%3A8080%2Fbase%2Fnode_modules%2Fjasmine-core%2Flib%2Fjasmine-core%2Fjasmine.js%3F578a1e5ff14db21b04e2d6db7fd0eda37042440c%3A2360%0A%20%20%20%20at%20attemptAsync%20(http%3A%2F%2Flocalhost%3A8080%2Fbase%2Fnode_modules%2Fjasmine-core%2Flib%2Fjasmine-core%2Fjasmine.js%3F578a1e5ff14db21b04e2d6db7fd0eda37042440c%3A1819)%0A%20%20%20%20at%20http%3A%2F%2Flocalhost%3A8080%2Fbase%2Fnode_modules%2Fjasmine-core%2Flib%2Fjasmine-core%2Fjasmine.js%3F578a1e5ff14db21b04e2d6db7fd0eda37042440c%3A1774%0A%20%20%20%20at%20http%3A%2F%2Flocalhost%3A8080%2Fbase%2Fnode_modules%2Fjasmine-core%2Flib%2Fjasmine-core%2Fjasmine.js%3F578a1e5ff14db21b04e2d6db7fd0eda37042440c%3A1801%0A%20%20%20%20at%20http%3A%2F%2Flocalhost%3A8080%2Fbase%2Fnode_modules%2Fjasmine-core%2Flib%2Fjasmine-core%2Fjasmine.js%3F578a1e5ff14db21b04e2d6db7fd0eda37042440c%3A1745%0A%20%20%20%20at%20complete%20(http%3A%2F%2Flocalhost%3A8080%2Fbase%2Fnode_modules%2Fjasmine-core%2Flib%2Fjasmine-core%2Fjasmine.js%3F578a1e5ff14db21b04e2d6db7fd0eda37042440c%3A365)%0A%20%20%20%20at%20clearStack%20(http%3A%2F%2Flocalhost%3A8080%2Fbase%2Fnode_modules%2Fjasmine-core%2Flib%2Fjasmine-core%2Fjasmine.js%3F578a1e5ff14db21b04e2d6db7fd0eda37042440c%3A605)%0A%20%20%20%20at%20http%3A%2F%2Flocalhost%3A8080%2Fbase%2Fnode_modules%2Fjasmine-core%2Flib%2Fjasmine-core%2Fjasmine.js%3F578a1e5ff14db21b04e2d6db7fd0eda37042440c%3A1784%0A%20%20%20%20at%20http%3A%2F%2Flocalhost%3A8080%2Fbase%2Fnode_modules%2Fjasmine-core%2Flib%2Fjasmine-core%2Fjasmine.js%3F578a1e5ff14db21b04e2d6db7fd0eda37042440c%3A1762%0A%20%20%20%20at%20http%3A%2F%2Flocalhost%3A8080%2Fbase%2Fnode_modules%2Fjasmine-core%2Flib%2Fjasmine-core%2Fjasmine.js%3F578a1e5ff14db21b04e2d6db7fd0eda37042440c%3A627%0A%20%20%20%20at%20http%3A%2F%2Flocalhost%3A8080%2Fbase%2Fnode_modules%2Fjasmine-core%2Flib%2Fjasmine-core%2Fjasmine.js%3F578a1e5ff14db21b04e2d6db7fd0eda37042440c%3A357%0A%20%20%20%20at%20http%3A%2F%2Flocalhost%3A8080%2Fbase%2Fnode_modules%2Fjasmine-core%2Flib%2Fjasmine-core%2Fjasmine.js%3F578a1e5ff14db21b04e2d6db7fd0eda37042440c%3A2360%0A%20%20%20%20at%20attemptAsync%20(http%3A%2F%2Flocalhost%3A8080%2Fbase%2Fnode_modules%2Fjasmine-core%2Flib%2Fjasmine-core%2Fjasmine.js%3F578a1e5ff14db21b04e2d6db7fd0eda37042440c%3A1819)%0A%20%20%20%20at%20http%3A%2F%2Flocalhost%3A8080%2Fbase%2Fnode_modules%2Fjasmine-core%2Flib%2Fjasmine-core%2Fjasmine.js%3F578a1e5ff14db21b04e2d6db7fd0eda37042440c%3A1774%0A%20%20%20%20at%20http%3A%2F%2Flocalhost%3A8080%2Fbase%2Fnode_modules%2Fjasmine-core%2Flib%2Fjasmine-core%2Fjasmine.js%3F578a1e5ff14db21b04e2d6db7fd0eda37042440c%3A1801%0A%20%20%20%20at%20http%3A%2F%2Flocalhost%3A8080%2Fbase%2Fnode_modules%2Fjasmine-core%2Flib%2Fjasmine-core%2Fjasmine.js%3F578a1e5ff14db21b04e2d6db7fd0eda37042440c%3A1745%0A%20%20%20%20at%20complete%20(http%3A%2F%2Flocalhost%3A8080%2Fbase%2Fnode_modules%2Fjasmine-core%2Flib%2Fjasmine-core%2Fjasmine.js%3F578a1e5ff14db21b04e2d6db7fd0eda37042440c%3A365)%0A%20%20%20%20at%20clearStack%20(http%3A%2F%2Flocalhost%3A8080%2Fbase%2Fnode_modules%2Fjasmine-core%2Flib%2Fjasmine-core%2Fjasmine.js%3F578a1e5ff14db21b04e2d6db7fd0eda37042440c%3A605)%0A%20%20%20%20at%20http%3A%2F%2Flocalhost%3A8080%2Fbase%2Fnode_modules%2Fjasmine-core%2Flib%2Fjasmine-core%2Fjasmine.js%3F578a1e5ff14db21b04e2d6db7fd0eda37042440c%3A1784%0A%20%20%20%20at%20http%3A%2F%2Flocalhost%3A8080%2Fbase%2Fnode_modules%2Fjasmine-core%2Flib%2Fjasmine-core%2Fjasmine.js%3F578a1e5ff14db21b04e2d6db7fd0eda37042440c%3A1762%0A%20%20%20%20at%20http%3A%2F%2Flocalhost%3A8080%2Fbase%2Fnode_modules%2Fjasmine-core%2Flib%2Fjasmine-core%2Fjasmine.js%3F578a1e5ff14db21b04e2d6db7fd0eda37042440c%3A627%0A%20%20%20%20at%20http%3A%2F%2Flocalhost%3A8080%2Fbase%2Fnode_modules%2Fjasmine-core%2Flib%2Fjasmine-core%2Fjasmine.js%3F578a1e5ff14db21b04e2d6db7fd0eda37042440c%3A357%0A%20%20%20%20at%20http%3A%2F%2Flocalhost%3A8080%2Fbase%2Fnode_modules%2Fjasmine-core%2Flib%2Fjasmine-core%2Fjasmine.js%3F578a1e5ff14db21b04e2d6db7fd0eda37042440c%3A2360%0A%20%20%20%20at%20attemptAsync%20(http%3A%2F%2Flocalhost%3A8080%2Fbase%2Fnode_modules%2Fjasmine-core%2Flib%2Fjasmine-core%2Fjasmine.js%3F578a1e5ff14db21b04e2d6db7fd0eda37042440c%3A1819)%0A%20%20%20%20at%20http%3A%2F%2Flocalhost%3A8080%2Fbase%2Fnode_modules%2Fjasmine-core%2Flib%2Fjasmine-core%2Fjasmine.js%3F578a1e5ff14db21b04e2d6db7fd0eda37042440c%3A1774%0A%20%20%20%20at%20http%3A%2F%2Flocalhost%3A8080%2Fbase%2Fnode_modules%2Fjasmine-core%2Flib%2Fjasmine-core%2Fjasmine.js%3F578a1e5ff14db21b04e2d6db7fd0eda37042440c%3A1801%0A%20%20%20%20at%20http%3A%2F%2Flocalhost%3A8080%2Fbase%2Fnode_modules%2Fjasmine-core%2Flib%2Fjasmine-core%2Fjasmine.js%3F578a1e5ff14db21b04e2d6db7fd0eda37042440c%3A1745%0A%20%20%20%20at%20complete%20(http%3A%2F%2Flocalhost%3A8080%2Fbase%2Fnode_modules%2Fjasmine-core%2Flib%2Fjasmine-core%2Fjasmine.js%3F578a1e5ff14db21b04e2d6db7fd0eda37042440c%3A365)%0A%20%20%20%20at%20clearStack%20(http%3A%2F%2Flocalhost%3A8080%2Fbase%2Fnode_modules%2Fjasmine-core%2Flib%2Fjasmine-core%2Fjasmine.js%3F578a1e5ff14db21b04e2d6db7fd0eda37042440c%3A605)%0A%20%20%20%20at%20http%3A%2F%2Flocalhost%3A8080%2Fbase%2Fnode_modules%2Fjasmine-core%2Flib%2Fjasmine-core%2Fjasmine.js%3F578a1e5ff14db21b04e2d6db7fd0eda37042440c%3A1784%0A%20%20%20%20at%20http%3A%2F%2Flocalhost%3A8080%2Fbase%2Fnode_modules%2Fjasmine-core%2Flib%2Fjasmine-core%2Fjasmine.js%3F578a1e5ff14db21b04e2d6db7fd0eda37042440c%3A1762%0A%20%20%20%20at%20http%3A%2F%2Flocalhost%3A8080%2Fbase%2Fnode_modules%2Fjasmine-core%2Flib%2Fjasmine-core%2Fjasmine.js%3F578a1e5ff14db21b04e2d6db7fd0eda37042440c%3A627%0A%20%20%20%20at%20http%3A%2F%2Flocalhost%3A8080%2Fbase%2Fnode_modules%2Fjasmine-core%2Flib%2Fjasmine-core%2Fjasmine.js%3F578a1e5ff14db21b04e2d6db7fd0eda37042440c%3A357%0A%20%20%20%20at%20http%3A%2F%2Flocalhost%3A8080%2Fbase%2Fnode_modules%2Fjasmine-core%2Flib%2Fjasmine-core%2Fjasmine.js%3F578a1e5ff14db21b04e2d6db7fd0eda37042440c%3A2360%0A%20%20%20%20at%20attemptAsync%20(http%3A%2F%2Flocalhost%3A8080%2Fbase%2Fnode_modules%2Fjasmine-core%2Flib%2Fjasmine-core%2Fjasmine.js%3F578a1e5ff14db21b04e2d6db7fd0eda37042440c%3A1819)%0A%20%20%20%20at%20http%3A%2F%2Flocalhost%3A8080%2Fbase%2Fnode_modules%2Fjasmine-core%2Flib%2Fjasmine-core%2Fjasmine.js%3F578a1e5ff14db21b04e2d6db7fd0eda37042440c%3A1774%0A%20%20%20%20at%20http%3A%2F%2Flocalhost%3A8080%2Fbase%2Fnode_modules%2Fjasmine-core%2Flib%2Fjasmine-core%2Fjasmine.js%3F578a1e5ff14db21b04e2d6db7fd0eda37042440c%3A1762%0A%20%20%20%20at%20http%3A%2F%2Flocalhost%3A8080%2Fbase%2Fnode_modules%2Fjasmine-core%2Flib%2Fjasmine-core%2Fjasmine.js%3F578a1e5ff14db21b04e2d6db7fd0eda37042440c%3A627%0A%20%20%20%20at%20http%3A%2F%2Flocalhost%3A8080%2Fbase%2Fnode_modules%2Fjasmine-core%2Flib%2Fjasmine-core%2Fjasmine.js%3F578a1e5ff14db21b04e2d6db7fd0eda37042440c%3A2354%0A%20%20%20%20at%20attemptAsync%20(http%3A%2F%2Flocalhost%3A8080%2Fbase%2Fnode_modules%2Fjasmine-core%2Flib%2Fjasmine-core%2Fjasmine.js%3F578a1e5ff14db21b04e2d6db7fd0eda37042440c%3A1819)%0A%20%20%20%20at%20http%3A%2F%2Flocalhost%3A8080%2Fbase%2Fnode_modules%2Fjasmine-core%2Flib%2Fjasmine-core%2Fjasmine.js%3F578a1e5ff14db21b04e2d6db7fd0eda37042440c%3A1774%0A%20%20%20%20at%20http%3A%2F%2Flocalhost%3A8080%2Fbase%2Fnode_modules%2Fjasmine-core%2Flib%2Fjasmine-core%2Fjasmine.js%3F578a1e5ff14db21b04e2d6db7fd0eda37042440c%3A1801%0A%20%20%20%20at%20http%3A%2F%2Flocalhost%3A8080%2Fbase%2Fnode_modules%2Fjasmine-core%2Flib%2Fjasmine-core%2Fjasmine.js%3F578a1e5ff14db21b04e2d6db7fd0eda37042440c%3A1745%0A%20%20%20%20at%20http%3A%2F%2Flocalhost%3A8080%2Fbase%2Fnode_modules%2Fjasmine-core%2Flib%2Fjasmine-core%2Fjasmine.js%3F578a1e5ff14db21b04e2d6db7fd0eda37042440c%3A2348%0A%20%20%20%20at%20clearStack%20(http%3A%2F%2Flocalhost%3A8080%2Fbase%2Fnode_modules%2Fjasmine-core%2Flib%2Fjasmine-core%2Fjasmine.js%3F578a1e5ff14db21b04e2d6db7fd0eda37042440c%3A605)%0A%20%20%20%20at%20http%3A%2F%2Flocalhost%3A8080%2Fbase%2Fnode_modules%2Fjasmine-core%2Flib%2Fjasmine-core%2Fjasmine.js%3F578a1e5ff14db21b04e2d6db7fd0eda37042440c%3A1784%0A%20%20%20%20at%20http%3A%2F%2Flocalhost%3A8080%2Fbase%2Fnode_modules%2Fjasmine-core%2Flib%2Fjasmine-core%2Fjasmine.js%3F578a1e5ff14db21b04e2d6db7fd0eda37042440c%3A1762%0A%20%20%20%20at%20http%3A%2F%2Flocalhost%3A8080%2Fbase%2Fnode_modules%2Fjasmine-core%2Flib%2Fjasmine-core%2Fjasmine.js%3F578a1e5ff14db21b04e2d6db7fd0eda37042440c%3A627%0A%20%20%20%20at%20http%3A%2F%2Flocalhost%3A8080%2Fbase%2Fnode_modules%2Fjasmine-core%2Flib%2Fjasmine-core%2Fjasmine.js%3F578a1e5ff14db21b04e2d6db7fd0eda37042440c%3A2354%0A%20%20%20%20at%20attemptAsync%20(http%3A%2F%2Flocalhost%3A8080%2Fbase%2Fnode_modules%2Fjasmine-core%2Flib%2Fjasmine-core%2Fjasmine.js%3F578a1e5ff14db21b04e2d6db7fd0eda37042440c%3A1819)%0A%20%20%20%20at%20http%3A%2F%2Flocalhost%3A8080%2Fbase%2Fnode_modules%2Fjasmine-core%2Flib%2Fjasmine-core%2Fjasmine.js%3F578a1e5ff14db21b04e2d6db7fd0eda37042440c%3A1774%0A%20%20%20%20at%20http%3A%2F%2Flocalhost%3A8080%2Fbase%2Fnode_modules%2Fjasmine-core%2Flib%2Fjasmine-core%2Fjasmine.js%3F578a1e5ff14db21b04e2d6db7fd0eda37042440c%3A1801%0A%20%20%20%20at%20http%3A%2F%2Flocalhost%3A8080%2Fbase%2Fnode_modules%2Fjasmine-core%2Flib%2Fjasmine-core%2Fjasmine.js%3F578a1e5ff14db21b04e2d6db7fd0eda37042440c%3A1745%0A%20%20%20%20at%20http%3A%2F%2Flocalhost%3A8080%2Fbase%2Fnode_modules%2Fjasmine-core%2Flib%2Fjasmine-core%2Fjasmine.js%3F578a1e5ff14db21b04e2d6db7fd0eda37042440c%3A2348%0A%20%20%20%20at%20clearStack%20(http%3A%2F%2Flocalhost%3A8080%2Fbase%2Fnode_modules%2Fjasmine-core%2Flib%2Fjasmine-core%2Fjasmine.js%3F578a1e5ff14db21b04e2d6db7fd0eda37042440c%3A605)%0A%20%20%20%20at%20http%3A%2F%2Flocalhost%3A8080%2Fbase%2Fnode_modules%2Fjasmine-core%2Flib%2Fjasmine-core%2Fjasmine.js%3F578a1e5ff14db21b04e2d6db7fd0eda37042440c%3A1784%0A%20%20%20%20at%20http%3A%2F%2Flocalhost%3A8080%2Fbase%2Fnode_modules%2Fjasmine-core%2Flib%2Fjasmine-core%2Fjasmine.js%3F578a1e5ff14db21b04e2d6db7fd0eda37042440c%3A1762%0A%20%20%20%20at%20http%3A%2F%2Flocalhost%3A8080%2Fbase%2Fnode_modules%2Fjasmine-core%2Flib%2Fjasmine-core%2Fjasmine.js%3F578a1e5ff14db21b04e2d6db7fd0eda37042440c%3A627%0A%20%20%20%20at%20http%3A%2F%2Flocalhost%3A8080%2Fbase%2Fnode_modules%2Fjasmine-core%2Flib%2Fjasmine-core%2Fjasmine.js%3F578a1e5ff14db21b04e2d6db7fd0eda37042440c%3A2354%0A%20%20%20%20at%20attemptAsync%20(http%3A%2F%2Flocalhost%3A8080%2Fbase%2Fnode_modules%2Fjasmine-core%2Flib%2Fjasmine-core%2Fjasmine.js%3F578a1e5ff14db21b04e2d6db7fd0eda37042440c%3A1819)%0A%20%20%20%20at%20http%3A%2F%2Flocalhost%3A8080%2Fbase%2Fnode_modules%2Fjasmine-core%2Flib%2Fjasmine-core%2Fjasmine.js%3F578a1e5ff14db21b04e2d6db7fd0eda37042440c%3A1774%0A%20%20%20%20at%20http%3A%2F%2Flocalhost%3A8080%2Fbase%2Fnode_modules%2Fjasmine-core%2Flib%2Fjasmine-core%2Fjasmine.js%3F578a1e5ff14db21b04e2d6db7fd0eda37042440c%3A1801%0A%20%20%20%20at%20http%3A%2F%2Flocalhost%3A8080%2Fbase%2Fnode_modules%2Fjasmine-core%2Flib%2Fjasmine-core%2Fjasmine.js%3F578a1e5ff14db21b04e2d6db7fd0eda37042440c%3A1745%0A%20%20%20%20at%20http%3A%2F%2Flocalhost%3A8080%2Fbase%2Fnode_modules%2Fjasmine-core%2Flib%2Fjasmine-core%2Fjasmine.js%3F578a1e5ff14db21b04e2d6db7fd0eda37042440c%3A2348%0A%20%20%20%20at%20clearStack%20(http%3A%2F%2Flocalhost%3A8080%2Fbase%2Fnode_modules%2Fjasmine-core%2Flib%2Fjasmine-core%2Fjasmine.js%3F578a1e5ff14db21b04e2d6db7fd0eda37042440c%3A605)%0A%20%20%20%20at%20http%3A%2F%2Flocalhost%3A8080%2Fbase%2Fnode_modules%2Fjasmine-core%2Flib%2Fjasmine-core%2Fjasmine.js%3F578a1e5ff14db21b04e2d6db7fd0eda37042440c%3A1784%0A%20%20%20%20at%20http%3A%2F%2Flocalhost%3A8080%2Fbase%2Fnode_modules%2Fjasmine-core%2Flib%2Fjasmine-core%2Fjasmine.js%3F578a1e5ff14db21b04e2d6db7fd0eda37042440c%3A1801%0A%20%20%20%20at%20http%3A%2F%2Flocalhost%3A8080%2Fbase%2Fnode_modules%2Fjasmine-core%2Flib%2Fjasmine-core%2Fjasmine.js%3F578a1e5ff14db21b04e2d6db7fd0eda37042440c%3A1745%0A%20%20%20%20at%20complete%20(http%3A%2F%2Flocalhost%3A8080%2Fbase%2Fnode_modules%2Fjasmine-core%2Flib%2Fjasmine-core%2Fjasmine.js%3F578a1e5ff14db21b04e2d6db7fd0eda37042440c%3A365)%0A%20%20%20%20at%20clearStack%20(http%3A%2F%2Flocalhost%3A8080%2Fbase%2Fnode_modules%2Fjasmine-core%2Flib%2Fjasmine-core%2Fjasmine.js%3F578a1e5ff14db21b04e2d6db7fd0eda37042440c%3A605)%0A%20%20%20%20at%20http%3A%2F%2Flocalhost%3A8080%2Fbase%2Fnode_modules%2Fjasmine-core%2Flib%2Fjasmine-core%2Fjasmine.js%3F578a1e5ff14db21b04e2d6db7fd0eda37042440c%3A1784%0A%20%20%20%20at%20http%3A%2F%2Flocalhost%3A8080%2Fbase%2Fnode_modules%2Fjasmine-core%2Flib%2Fjasmine-core%2Fjasmine.js%3F578a1e5ff14db21b04e2d6db7fd0eda37042440c%3A1762%0A%20%20%20%20at%20http%3A%2F%2Flocalhost%3A8080%2Fbase%2Fnode_modules%2Fjasmine-core%2Flib%2Fjasmine-core%2Fjasmine.js%3F578a1e5ff14db21b04e2d6db7fd0eda37042440c%3A627%0A%20%20%20%20at%20http%3A%2F%2Flocalhost%3A8080%2Fbase%2Fnode_modules%2Fjasmine-core%2Flib%2Fjasmine-core%2Fjasmine.js%3F578a1e5ff14db21b04e2d6db7fd0eda37042440c%3A357%0A%20%20%20%20at%20http%3A%2F%2Flocalhost%3A8080%2Fbase%2Fnode_modules%2Fjasmine-core%2Flib%2Fjasmine-core%2Fjasmine.js%3F578a1e5ff14db21b04e2d6db7fd0eda37042440c%3A2360%0A%20%20%20%20at%20attemptAsync%20(http%3A%2F%2Flocalhost%3A8080%2Fbase%2Fnode_modules%2Fjasmine-core%2Flib%2Fjasmine-core%2Fjasmine.js%3F578a1e5ff14db21b04e2d6db7fd0eda37042440c%3A1819)%0A%20%20%20%20at%20http%3A%2F%2Flocalhost%3A8080%2Fbase%2Fnode_modules%2Fjasmine-core%2Flib%2Fjasmine-core%2Fjasmine.js%3F578a1e5ff14db21b04e2d6db7fd0eda37042440c%3A1774%0A%20%20%20%20at%20http%3A%2F%2Flocalhost%3A8080%2Fbase%2Fnode_modules%2Fjasmine-core%2Flib%2Fjasmine-core%2Fjasmine.js%3F578a1e5ff14db21b04e2d6db7fd0eda37042440c%3A1801%0A%20%20%20%20at%20http%3A%2F%2Flocalhost%3A8080%2Fbase%2Fnode_modules%2Fjasmine-core%2Flib%2Fjasmine-core%2Fjasmine.js%3F578a1e5ff14db21b04e2d6db7fd0eda37042440c%3A1745%0A%20%20%20%20at%20complete%20(http%3A%2F%2Flocalhost%3A8080%2Fbase%2Fnode_modules%2Fjasmine-core%2Flib%2Fjasmine-core%2Fjasmine.js%3F578a1e5ff14db21b04e2d6db7fd0eda37042440c%3A365)%0A%20%20%20%20at%20clearStack%20(http%3A%2F%2Flocalhost%3A8080%2Fbase%2Fnode_modules%2Fjasmine-core%2Flib%2Fjasmine-core%2Fjasmine.js%3F578a1e5ff14db21b04e2d6db7fd0eda37042440c%3A605)%0A%20%20%20%20at%20http%3A%2F%2Flocalhost%3A8080%2Fbase%2Fnode_modules%2Fjasmine-core%2Flib%2Fjasmine-core%2Fjasmine.js%3F578a1e5ff14db21b04e2d6db7fd0eda37042440c%3A1784%0A%20%20%20%20at%20http%3A%2F%2Flocalhost%3A8080%2Fbase%2Fnode_modules%2Fjasmine-core%2Flib%2Fjasmine-core%2Fjasmine.js%3F578a1e5ff14db21b04e2d6db7fd0eda37042440c%3A1762%0A%20%20%20%20at%20http%3A%2F%2Flocalhost%3A8080%2Fbase%2Fnode_modules%2Fjasmine-core%2Flib%2Fjasmine-core%2Fjasmine.js%3F578a1e5ff14db21b04e2d6db7fd0eda37042440c%3A627%0A%20%20%20%20at%20http%3A%2F%2Flocalhost%3A8080%2Fbase%2Fnode_modules%2Fjasmine-core%2Flib%2Fjasmine-core%2Fjasmine.js%3F578a1e5ff14db21b04e2d6db7fd0eda37042440c%3A357%0A%20%20%20%20at%20http%3A%2F%2Flocalhost%3A8080%2Fbase%2Fnode_modules%2Fjasmine-core%2Flib%2Fjasmine-core%2Fjasmine.js%3F578a1e5ff14db21b04e2d6db7fd0eda37042440c%3A2360%0A%20%20%20%20at%20attemptAsync%20(http%3A%2F%2Flocalhost%3A8080%2Fbase%2Fnode_modules%2Fjasmine-core%2Flib%2Fjasmine-core%2Fjasmine.js%3F578a1e5ff14db21b04e2d6db7fd0eda37042440c%3A1819)%0A%20%20%20%20at%20http%3A%2F%2Flocalhost%3A8080%2Fbase%2Fnode_modules%2Fjasmine-core%2Flib%2Fjasmine-core%2Fjasmine.js%3F578a1e5ff14db21b04e2d6db7fd0eda37042440c%3A1774%0A%20%20%20%20at%20http%3A%2F%2Flocalhost%3A8080%2Fbase%2Fnode_modules%2Fjasmine-core%2Flib%2Fjasmine-core%2Fjasmine.js%3F578a1e5ff14db21b04e2d6db7fd0eda37042440c%3A1762%0A%20%20%20%20at%20http%3A%2F%2Flocalhost%3A8080%2Fbase%2Fnode_modules%2Fjasmine-core%2Flib%2Fjasmine-core%2Fjasmine.js%3F578a1e5ff14db21b04e2d6db7fd0eda37042440c%3A627%0A%20%20%20%20at%20http%3A%2F%2Flocalhost%3A8080%2Fbase%2Fnode_modules%2Fjasmine-core%2Flib%2Fjasmine-core%2Fjasmine.js%3F578a1e5ff14db21b04e2d6db7fd0eda37042440c%3A2354%0A%20%20%20%20at%20attemptAsync%20(http%3A%2F%2Flocalhost%3A8080%2Fbase%2Fnode_modules%2Fjasmine-core%2Flib%2Fjasmine-core%2Fjasmine.js%3F578a1e5ff14db21b04e2d6db7fd0eda37042440c%3A1819)%0A%20%20%20%20at%20http%3A%2F%2Flocalhost%3A8080%2Fbase%2Fnode_modules%2Fjasmine-core%2Flib%2Fjasmine-core%2Fjasmine.js%3F578a1e5ff14db21b04e2d6db7fd0eda37042440c%3A1774%0A%20%20%20%20at%20http%3A%2F%2Flocalhost%3A8080%2Fbase%2Fnode_modules%2Fjasmine-core%2Flib%2Fjasmine-core%2Fjasmine.js%3F578a1e5ff14db21b04e2d6db7fd0eda37042440c%3A1801%0A%20%20%20%20at%20http%3A%2F%2Flocalhost%3A8080%2Fbase%2Fnode_modules%2Fjasmine-core%2Flib%2Fjasmine-core%2Fjasmine.js%3F578a1e5ff14db21b04e2d6db7fd0eda37042440c%3A1745%0A%20%20%20%20at%20http%3A%2F%2Flocalhost%3A8080%2Fbase%2Fnode_modules%2Fjasmine-core%2Flib%2Fjasmine-core%2Fjasmine.js%3F578a1e5ff14db21b04e2d6db7fd0eda37042440c%3A2348%0A%20%20%20%20at%20clearStack%20(http%3A%2F%2Flocalhost%3A8080%2Fbase%2Fnode_modules%2Fjasmine-core%2Flib%2Fjasmine-core%2Fjasmine.js%3F578a1e5ff14db21b04e2d6db7fd0eda37042440c%3A605)%0A%20%20%20%20at%20http%3A%2F%2Flocalhost%3A8080%2Fbase%2Fnode_modules%2Fjasmine-core%2Flib%2Fjasmine-core%2Fjasmine.js%3F578a1e5ff14db21b04e2d6db7fd0eda37042440c%3A1784%0A%20%20%20%20at%20http%3A%2F%2Flocalhost%3A8080%2Fbase%2Fnode_modules%2Fjasmine-core%2Flib%2Fjasmine-core%2Fjasmine.js%3F578a1e5ff14db21b04e2d6db7fd0eda37042440c%3A1762%0A%20%20%20%20at%20http%3A%2F%2Flocalhost%3A8080%2Fbase%2Fnode_modules%2Fjasmine-core%2Flib%2Fjasmine-core%2Fjasmine.js%3F578a1e5ff14db21b04e2d6db7fd0eda37042440c%3A627%0A%20%20%20%20at%20http%3A%2F%2Flocalhost%3A8080%2Fbase%2Fnode_modules%2Fjasmine-core%2Flib%2Fjasmine-core%2Fjasmine.js%3F578a1e5ff14db21b04e2d6db7fd0eda37042440c%3A2354%0A%20%20%20%20at%20attemptAsync%20(http%3A%2F%2Flocalhost%3A8080%2Fbase%2Fnode_modules%2Fjasmine-core%2Flib%2Fjasmine-core%2Fjasmine.js%3F578a1e5ff14db21b04e2d6db7fd0eda37042440c%3A1819)%0A%20%20%20%20at%20http%3A%2F%2Flocalhost%3A8080%2Fbase%2Fnode_modules%2Fjasmine-core%2Flib%2Fjasmine-core%2Fjasmine.js%3F578a1e5ff14db21b04e2d6db7fd0eda37042440c%3A1774%0A%20%20%20%20at%20http%3A%2F%2Flocalhost%3A8080%2Fbase%2Fnode_modules%2Fjasmine-core%2Flib%2Fjasmine-core%2Fjasmine.js%3F578a1e5ff14db21b04e2d6db7fd0eda37042440c%3A1801%0A%20%20%20%20at%20http%3A%2F%2Flocalhost%3A8080%2Fbase%2Fnode_modules%2Fjasmine-core%2Flib%2Fjasmine-core%2Fjasmine.js%3F578a1e5ff14db21b04e2d6db7fd0eda37042440c%3A1745%0A%20%20%20%20at%20http%3A%2F%2Flocalhost%3A8080%2Fbase%2Fnode_modules%2Fjasmine-core%2Flib%2Fjasmine-core%2Fjasmine.js%3F578a1e5ff14db21b04e2d6db7fd0eda37042440c%3A2348%0A%20%20%20%20at%20clearStack%20(http%3A%2F%2Flocalhost%3A8080%2Fbase%2Fnode_modules%2Fjasmine-core%2Flib%2Fjasmine-core%2Fjasmine.js%3F578a1e5ff14db21b04e2d6db7fd0eda37042440c%3A605)%0A%20%20%20%20at%20http%3A%2F%2Flocalhost%3A8080%2Fbase%2Fnode_modules%2Fjasmine-core%2Flib%2Fjasmine-core%2Fjasmine.js%3F578a1e5ff14db21b04e2d6db7fd0eda37042440c%3A1784%0A%20%20%20%20at%20http%3A%2F%2Flocalhost%3A8080%2Fbase%2Fnode_modules%2Fjasmine-core%2Flib%2Fjasmine-core%2Fjasmine.js%3F578a1e5ff14db21b04e2d6db7fd0eda37042440c%3A1762%0A%20%20%20%20at%20http%3A%2F%2Flocalhost%3A8080%2Fbase%2Fnode_modules%2Fjasmine-core%2Flib%2Fjasmine-core%2Fjasmine.js%3F578a1e5ff14db21b04e2d6db7fd0eda37042440c%3A627%0A%20%20%20%20at%20http%3A%2F%2Flocalhost%3A8080%2Fbase%2Fnode_modules%2Fjasmine-core%2Flib%2Fjasmine-core%2Fjasmine.js%3F578a1e5ff14db21b04e2d6db7fd0eda37042440c%3A2354%0A%20%20%20%20at%20attemptAsync%20(http%3A%2F%2Flocalhost%3A8080%2Fbase%2Fnode_modules%2Fjasmine-core%2Flib%2Fjasmine-core%2Fjasmine.js%3F578a1e5ff14db21b04e2d6db7fd0eda37042440c%3A1819)%0A%20%20%20%20at%20http%3A%2F%2Flocalhost%3A8080%2Fbase%2Fnode_modules%2Fjasmine-core%2Flib%2Fjasmine-core%2Fjasmine.js%3F578a1e5ff14db21b04e2d6db7fd0eda37042440c%3A1774%0A%20%20%20%20at%20http%3A%2F%2Flocalhost%3A8080%2Fbase%2Fnode_modules%2Fjasmine-core%2Flib%2Fjasmine-core%2Fjasmine.js%3F578a1e5ff14db21b04e2d6db7fd0eda37042440c%3A1801%0A%20%20%20%20at%20http%3A%2F%2Flocalhost%3A8080%2Fbase%2Fnode_modules%2Fjasmine-core%2Flib%2Fjasmine-core%2Fjasmine.js%3F578a1e5ff14db21b04e2d6db7fd0eda37042440c%3A1745%0A%20%20%20%20at%20http%3A%2F%2Flocalhost%3A8080%2Fbase%2Fnode_modules%2Fjasmine-core%2Flib%2Fjasmine-core%2Fjasmine.js%3F578a1e5ff14db21b04e2d6db7fd0eda37042440c%3A2348%0A%20%20%20%20at%20clearStack%20(http%3A%2F%2Flocalhost%3A8080%2Fbase%2Fnode_modules%2Fjasmine-core%2Flib%2Fjasmine-core%2Fjasmine.js%3F578a1e5ff14db21b04e2d6db7fd0eda37042440c%3A605)%0A%20%20%20%20at%20http%3A%2F%2Flocalhost%3A8080%2Fbase%2Fnode_modules%2Fjasmine-core%2Flib%2Fjasmine-core%2Fjasmine.js%3F578a1e5ff14db21b04e2d6db7fd0eda37042440c%3A1784%0A%20%20%20%20at%20http%3A%2F%2Flocalhost%3A8080%2Fbase%2Fnode_modules%2Fjasmine-core%2Flib%2Fjasmine-core%2Fjasmine.js%3F578a1e5ff14db21b04e2d6db7fd0eda37042440c%3A1762%0A%20%20%20%20at%20http%3A%2F%2Flocalhost%3A8080%2Fbase%2Fnode_modules%2Fjasmine-core%2Flib%2Fjasmine-core%2Fjasmine.js%3F578a1e5ff14db21b04e2d6db7fd0eda37042440c%3A627%0A%20%20%20%20at%20http%3A%2F%2Flocalhost%3A8080%2Fbase%2Fnode_modules%2Fjasmine-core%2Flib%2Fjasmine-core%2Fjasmine.js%3F578a1e5ff14db21b04e2d6db7fd0eda37042440c%3A2354%0A%20%20%20%20at%20attemptAsync%20(http%3A%2F%2Flocalhost%3A8080%2Fbase%2Fnode_modules%2Fjasmine-core%2Flib%2Fjasmine-core%2Fjasmine.js%3F578a1e5ff14db21b04e2d6db7fd0eda37042440c%3A1819)%0A%20%20%20%20at%20http%3A%2F%2Flocalhost%3A8080%2Fbase%2Fnode_modules%2Fjasmine-core%2Flib%2Fjasmine-core%2Fjasmine.js%3F578a1e5ff14db21b04e2d6db7fd0eda37042440c%3A1774%0A%20%20%20%20at%20http%3A%2F%2Flocalhost%3A8080%2Fbase%2Fnode_modules%2Fjasmine-core%2Flib%2Fjasmine-core%2Fjasmine.js%3F578a1e5ff14db21b04e2d6db7fd0eda37042440c%3A1801%0A%20%20%20%20at%20http%3A%2F%2Flocalhost%3A8080%2Fbase%2Fnode_modules%2Fjasmine-core%2Flib%2Fjasmine-core%2Fjasmine.js%3F578a1e5ff14db21b04e2d6db7fd0eda37042440c%3A1745%0A%20%20%20%20at%20http%3A%2F%2Flocalhost%3A8080%2Fbase%2Fnode_modules%2Fjasmine-core%2Flib%2Fjasmine-core%2Fjasmine.js%3F578a1e5ff14db21b04e2d6db7fd0eda37042440c%3A2348%0A%20%20%20%20at%20clearStack%20(http%3A%2F%2Flocalhost%3A8080%2Fbase%2Fnode_modules%2Fjasmine-core%2Flib%2Fjasmine-core%2Fjasmine.js%3F578a1e5ff14db21b04e2d6db7fd0eda37042440c%3A605)%0A%20%20%20%20at%20http%3A%2F%2Flocalhost%3A8080%2Fbase%2Fnode_modules%2Fjasmine-core%2Flib%2Fjasmine-core%2Fjasmine.js%3F578a1e5ff14db21b04e2d6db7fd0eda37042440c%3A1784%0A%20%20%20%20at%20http%3A%2F%2Flocalhost%3A8080%2Fbase%2Fnode_modules%2Fjasmine-core%2Flib%2Fjasmine-core%2Fjasmine.js%3F578a1e5ff14db21b04e2d6db7fd0eda37042440c%3A1762%0A%20%20%20%20at%20http%3A%2F%2Flocalhost%3A8080%2Fbase%2Fnode_modules%2Fjasmine-core%2Flib%2Fjasmine-core%2Fjasmine.js%3F578a1e5ff14db21b04e2d6db7fd0eda37042440c%3A627%0A%20%20%20%20at%20http%3A%2F%2Flocalhost%3A8080%2Fbase%2Fnode_modules%2Fjasmine-core%2Flib%2Fjasmine-core%2Fjasmine.js%3F578a1e5ff14db21b04e2d6db7fd0eda37042440c%3A2354%0A%20%20%20%20at%20attemptAsync%20(http%3A%2F%2Flocalhost%3A8080%2Fbase%2Fnode_modules%2Fjasmine-core%2Flib%2Fjasmine-core%2Fjasmine.js%3F578a1e5ff14db21b04e2d6db7fd0eda37042440c%3A1819)%0A%20%20%20%20at%20http%3A%2F%2Flocalhost%3A8080%2Fbase%2Fnode_modules%2Fjasmine-core%2Flib%2Fjasmine-core%2Fjasmine.js%3F578a1e5ff14db21b04e2d6db7fd0eda37042440c%3A1774%0A%20%20%20%20at%20http%3A%2F%2Flocalhost%3A8080%2Fbase%2Fnode_modules%2Fjasmine-core%2Flib%2Fjasmine-core%2Fjasmine.js%3F578a1e5ff14db21b04e2d6db7fd0eda37042440c%3A1801%0A%20%20%20%20at%20http%3A%2F%2Flocalhost%3A8080%2Fbase%2Fnode_modules%2Fjasmine-core%2Flib%2Fjasmine-core%2Fjasmine.js%3F578a1e5ff14db21b04e2d6db7fd0eda37042440c%3A1745%0A%20%20%20%20at%20http%3A%2F%2Flocalhost%3A8080%2Fbase%2Fnode_modules%2Fjasmine-core%2Flib%2Fjasmine-core%2Fjasmine.js%3F578a1e5ff14db21b04e2d6db7fd0eda37042440c%3A2348%0A%20%20%20%20at%20clearStack%20(http%3A%2F%2Flocalhost%3A8080%2Fbase%2Fnode_modules%2Fjasmine-core%2Flib%2Fjasmine-core%2Fjasmine.js%3F578a1e5ff14db21b04e2d6db7fd0eda37042440c%3A605)%0A%20%20%20%20at%20http%3A%2F%2Flocalhost%3A8080%2Fbase%2Fnode_modules%2Fjasmine-core%2Flib%2Fjasmine-core%2Fjasmine.js%3F578a1e5ff14db21b04e2d6db7fd0eda37042440c%3A1784%0A%20%20%20%20at%20http%3A%2F%2Flocalhost%3A8080%2Fbase%2Fnode_modules%2Fjasmine-core%2Flib%2Fjasmine-core%2Fjasmine.js%3F578a1e5ff14db21b04e2d6db7fd0eda37042440c%3A1762%0A%20%20%20%20at%20http%3A%2F%2Flocalhost%3A8080%2Fbase%2Fnode_modules%2Fjasmine-core%2Flib%2Fjasmine-core%2Fjasmine.js%3F578a1e5ff14db21b04e2d6db7fd0eda37042440c%3A627%0A%20%20%20%20at%20http%3A%2F%2Flocalhost%3A8080%2Fbase%2Fnode_modules%2Fjasmine-core%2Flib%2Fjasmine-core%2Fjasmine.js%3F578a1e5ff14db21b04e2d6db7fd0eda37042440c%3A2354%0A%20%20%20%20at%20attemptAsync%20(http%3A%2F%2Flocalhost%3A8080%2Fbase%2Fnode_modules%2Fjasmine-core%2Flib%2Fjasmine-core%2Fjasmine.js%3F578a1e5ff14db21b04e2d6db7fd0eda37042440c%3A1819)%0A%20%20%20%20at%20http%3A%2F%2Flocalhost%3A8080%2Fbase%2Fnode_modules%2Fjasmine-core%2Flib%2Fjasmine-core%2Fjasmine.js%3F578a1e5ff14db21b04e2d6db7fd0eda37042440c%3A1774%0A%20%20%20%20at%20http%3A%2F%2Flocalhost%3A8080%2Fbase%2Fnode_modules%2Fjasmine-core%2Flib%2Fjasmine-core%2Fjasmine.js%3F578a1e5ff14db21b04e2d6db7fd0eda37042440c%3A1801%0A%20%20%20%20at%20http%3A%2F%2Flocalhost%3A8080%2Fbase%2Fnode_modules%2Fjasmine-core%2Flib%2Fjasmine-core%2Fjasmine.js%3F578a1e5ff14db21b04e2d6db7fd0eda37042440c%3A1745%0A%20%20%20%20at%20http%3A%2F%2Flocalhost%3A8080%2Fbase%2Fnode_modules%2Fjasmine-core%2Flib%2Fjasmine-core%2Fjasmine.js%3F578a1e5ff14db21b04e2d6db7fd0eda37042440c%3A2348%0A%20%20%20%20at%20clearStack%20(http%3A%2F%2Flocalhost%3A8080%2Fbase%2Fnode_modules%2Fjasmine-core%2Flib%2Fjasmine-core%2Fjasmine.js%3F578a1e5ff14db21b04e2d6db7fd0eda37042440c%3A605)%0A%20%20%20%20at%20http%3A%2F%2Flocalhost%3A8080%2Fbase%2Fnode_modules%2Fjasmine-core%2Flib%2Fjasmine-core%2Fjasmine.js%3F578a1e5ff14db21b04e2d6db7fd0eda37042440c%3A1784%0A%20%20%20%20at%20http%3A%2F%2Flocalhost%3A8080%2Fbase%2Fnode_modules%2Fjasmine-core%2Flib%2Fjasmine-core%2Fjasmine.js%3F578a1e5ff14db21b04e2d6db7fd0eda37042440c%3A1762%0A%20%20%20%20at%20http%3A%2F%2Flocalhost%3A8080%2Fbase%2Fnode_modules%2Fjasmine-core%2Flib%2Fjasmine-core%2Fjasmine.js%3F578a1e5ff14db21b04e2d6db7fd0eda37042440c%3A627%0A%20%20%20%20at%20http%3A%2F%2Flocalhost%3A8080%2Fbase%2Fnode_modules%2Fjasmine-core%2Flib%2Fjasmine-core%2Fjasmine.js%3F578a1e5ff14db21b04e2d6db7fd0eda37042440c%3A2354%0A%20%20%20%20at%20attemptAsync%20(http%3A%2F%2Flocalhost%3A8080%2Fbase%2Fnode_modules%2Fjasmine-core%2Flib%2Fjasmine-core%2Fjasmine.js%3F578a1e5ff14db21b04e2d6db7fd0eda37042440c%3A1819)%0A%20%20%20%20at%20http%3A%2F%2Flocalhost%3A8080%2Fbase%2Fnode_modules%2Fjasmine-core%2Flib%2Fjasmine-core%2Fjasmine.js%3F578a1e5ff14db21b04e2d6db7fd0eda37042440c%3A1774%0A%20%20%20%20at%20http%3A%2F%2Flocalhost%3A8080%2Fbase%2Fnode_modules%2Fjasmine-core%2Flib%2Fjasmine-core%2Fjasmine.js%3F578a1e5ff14db21b04e2d6db7fd0eda37042440c%3A1801%0A%20%20%20%20at%20http%3A%2F%2Flocalhost%3A8080%2Fbase%2Fnode_modules%2Fjasmine-core%2Flib%2Fjasmine-core%2Fjasmine.js%3F578a1e5ff14db21b04e2d6db7fd0eda37042440c%3A1745%0A%20%20%20%20at%20http%3A%2F%2Flocalhost%3A8080%2Fbase%2Fnode_modules%2Fjasmine-core%2Flib%2Fjasmine-core%2Fjasmine.js%3F578a1e5ff14db21b04e2d6db7fd0eda37042440c%3A2348%0A%20%20%20%20at%20clearStack%20(http%3A%2F%2Flocalhost%3A8080%2Fbase%2Fnode_modules%2Fjasmine-core%2Flib%2Fjasmine-core%2Fjasmine.js%3F578a1e5ff14db21b04e2d6db7fd0eda37042440c%3A605)%0A%20%20%20%20at%20http%3A%2F%2Flocalhost%3A8080%2Fbase%2Fnode_modules%2Fjasmine-core%2Flib%2Fjasmine-core%2Fjasmine.js%3F578a1e5ff14db21b04e2d6db7fd0eda37042440c%3A1784%0A%20%20%20%20at%20http%3A%2F%2Flocalhost%3A8080%2Fbase%2Fnode_modules%2Fjasmine-core%2Flib%2Fjasmine-core%2Fjasmine.js%3F578a1e5ff14db21b04e2d6db7fd0eda37042440c%3A1762%0A%20%20%20%20at%20http%3A%2F%2Flocalhost%3A8080%2Fbase%2Fnode_modules%2Fjasmine-core%2Flib%2Fjasmine-core%2Fjasmine.js%3F578a1e5ff14db21b04e2d6db7fd0eda37042440c%3A627%0A%20%20%20%20at%20http%3A%2F%2Flocalhost%3A8080%2Fbase%2Fnode_modules%2Fjasmine-core%2Flib%2Fjasmine-core%2Fjasmine.js%3F578a1e5ff14db21b04e2d6db7fd0eda37042440c%3A2354%0A%20%20%20%20at%20attemptAsync%20(http%3A%2F%2Flocalhost%3A8080%2Fbase%2Fnode_modules%2Fjasmine-core%2Flib%2Fjasmine-core%2Fjasmine.js%3F578a1e5ff14db21b04e2d6db7fd0eda37042440c%3A1819)%0A%20%20%20%20at%20http%3A%2F%2Flocalhost%3A8080%2Fbase%2Fnode_modules%2Fjasmine-core%2Flib%2Fjasmine-core%2Fjasmine.js%3F578a1e5ff14db21b04e2d6db7fd0eda37042440c%3A1774%0A%20%20%20%20at%20http%3A%2F%2Flocalhost%3A8080%2Fbase%2Fnode_modules%2Fjasmine-core%2Flib%2Fjasmine-core%2Fjasmine.js%3F578a1e5ff14db21b04e2d6db7fd0eda37042440c%3A1762%0A%20%20%20%20at%20http%3A%2F%2Flocalhost%3A8080%2Fbase%2Fnode_modules%2Fjasmine-core%2Flib%2Fjasmine-core%2Fjasmine.js%3F578a1e5ff14db21b04e2d6db7fd0eda37042440c%3A627%0A%20%20%20%20at%20http%3A%2F%2Flocalhost%3A8080%2Fbase%2Fnode_modules%2Fjasmine-core%2Flib%2Fjasmine-core%2Fjasmine.js%3F578a1e5ff14db21b04e2d6db7fd0eda37042440c%3A2215%0A%20%20%20%20at%20http%3A%2F%2Flocalhost%3A8080%2Fbase%2Fnode_modules%2Fjasmine-core%2Flib%2Fjasmine-core%2Fjasmine.js%3F578a1e5ff14db21b04e2d6db7fd0eda37042440c%3A678%0A%20%20%20%20at%20http%3A%2F%2Flocalhost%3A8080%2Fbase%2Fnode_modules%2Fkarma-jasmine%2Flib%2Fadapter.js%3F0a69ad1fa10cc8be0a12b241227d3b834f82db4f%3A317%0A%20%20%20%20at%20http%3A%2F%2Flocalhost%3A8080%2Fkarma.js%3A185%0A%20%20%20%20at%20http%3A%2F%2Flocalhost%3A8080%2Fcontext.html%3A127%0Ahttp%3A%2F%2Ferrors.angularjs.org%2F1.4.1%2F%24injector%2Fmodulerr%3Fp0%3Dui.bootstrap%26p1%3DError%253A%2520%255B%2524injector%253Anomod%255D%2520Module%2520&apos;ui.bootstrap&apos;%2520is%2520not%2520available!%2520You%2520either%2520misspelled%2520the%2520module%2520name%2520or%2520forgot%2520to%2520load%2520it.%2520If%2520registering%2520a%2520module%2520ensure%2520that%2520you%2520specify%2520the%2520dependencies%2520as%2520the%2520second%2520argument.%250Ahttp%253A%252F%252Ferrors.angularjs.org%252F1.4.1%252F%2524injector%252Fnomod%253Fp0%253Dui.bootstrap%250A%2520%2520%2520%2520at%2520http%253A%252F%252Flocalhost%253A8080%252Fbase%252Fapp%252Fvendor%252Fangular%252Fangular.js%253F9d140432f81858ac1e7888708720d419d147ffa9%253A1951%250A%2520%2520%2520%2520at%2520ensure%2520(http%253A%252F%252Flocalhost%253A8080%252Fbase%252Fapp%252Fvendor%252Fangular%252Fangular.js%253F9d140432f81858ac1e7888708720d419d147ffa9%253A1873)%250A%2520%2520%2520%2520at%2520module%2520(http%253A%252F%252Flocalhost%253A8080%252Fbase%252Fapp%252Fvendor%252Fangular%252Fangular.js%253F9d140432f81858ac1e7888708720d419d147ffa9%253A2201)%250A%2520%2520%2520%2520at%2520http%253A%252F%252Flocalhost%253A8080%252Fbase%252Fapp%252Fvendor%252Fangular%252Fangular.js%253F9d140432f81858ac1e7888708720d419d147ffa9%253A4355%250A%2520%2520%2520%2520at%2520forEach%2520(http%253A%252F%252Flocalhost%253A8080%252Fbase%252Fapp%252Fvendor%252Fangular%252Fangular.js%253F9d140432f81858ac1e7888708720d419d147ffa9%253A336)%250A%2520%2520%2520%2520at%2520loadModules%2520(http%253A%252F%252Flocalhost%253A8080%252Fbase%252Fapp%252Fvendor%252Fangular%252Fangular.js%253F9d140432f81858ac1e7888708720d419d147ffa9%253A4381)%250A%2520%2520%2520%2520at%2520http%253A%252F%252Flocalhost%253A8080%252Fbase%252Fapp%252Fvendor%252Fangular%252Fangular.js%253F9d140432f81858ac1e7888708720d419d147ffa9%253A4356%250A%2520%2520%2520%2520at%2520forEach%2520(http%253A%252F%252Flocalhost%253A8080%252Fbase%252Fapp%252Fvendor%252Fangular%252Fangular.js%253F9d140432f81858ac1e7888708720d419d147ffa9%253A336)%250A%2520%2520%2520%2520at%2520loadModules%2520(http%253A%252F%252Flocalhost%253A8080%252Fbase%252Fapp%252Fvendor%252Fangular%252Fangular.js%253F9d140432f81858ac1e7888708720d419d147ffa9%253A4381)%250A%2520%2520%2520%2520at%2520createInjector%2520(http%253A%252F%252Flocalhost%253A8080%252Fbase%252Fapp%252Fvendor%252Fangular%252Fangular.js%253F9d140432f81858ac1e7888708720d419d147ffa9%253A4265)%250A%2520%2520%2520%2520at%2520workFn%2520(http%253A%252F%252Flocalhost%253A8080%252Fbase%252Fapp%252Fvendor%252Fangular-mocks%252Fangular-mocks.js%253F6fe041cc8bb7a17f894cb12d8b0d44b12644f10a%253A2409)%250A%2520%2520%2520%2520at%2520attemptSync%2520(http%253A%252F%252Flocalhost%253A8080%252Fbase%252Fnode_modules%252Fjasmine-core%252Flib%252Fjasmine-core%252Fjasmine.js%253F578a1e5ff14db21b04e2d6db7fd0eda37042440c%253A1789)%250A%2520%2520%2520%2520at%2520http%253A%252F%252Flocalhost%253A8080%252Fbase%252Fnode_modules%252Fjasmine-core%252Flib%252Fjasmine-core%252Fjasmine.js%253F578a1e5ff14db21b04e2d6db7fd0eda37042440c%253A1777%250A%2520%2520%2520%2520at%2520http%253A%252F%252Flocalhost%253A8080%252Fbase%252Fnode_modules%252Fjasmine-core%252Flib%252Fjasmine-core%252Fjasmine.js%253F578a1e5ff14db21b04e2d6db7fd0eda37042440c%253A1762%250A%2520%2520%2520%2520at%2520http%253A%252F%252Flocalhost%253A8080%252Fbase%252Fnode_modules%252Fjasmine-core%252Flib%252Fjasmine-core%252Fjasmine.js%253F578a1e5ff14db21b04e2d6db7fd0eda37042440c%253A627%250A%2520%2520%2520%2520at%2520http%253A%252F%252Flocalhost%253A8080%252Fbase%252Fnode_modules%252Fjasmine-core%252Flib%252Fjasmine-core%252Fjasmine.js%253F578a1e5ff14db21b04e2d6db7fd0eda37042440c%253A357%250A%2520%2520%2520%2520at%2520http%253A%252F%252Flocalhost%253A8080%252Fbase%252Fnode_modules%252Fjasmine-core%252Flib%252Fjasmine-core%252Fjasmine.js%253F578a1e5ff14db21b04e2d6db7fd0eda37042440c%253A2360%250A%2520%2520%2520%2520at%2520attemptAsync%2520(http%253A%252F%252Flocalhost%253A8080%252Fbase%252Fnode_modules%252Fjasmine-core%252Flib%252Fjasmine-core%252Fjasmine.js%253F578a1e5ff14db21b04e2d6db7fd0eda37042440c%253A1819)%250A%2520%2520%2520%2520at%2520http%253A%252F%252Flocalhost%253A8080%252Fbase%252Fnode_modules%252Fjasmine-core%252Flib%252Fjasmine-core%252Fjasmine.js%253F578a1e5ff14db21b04e2d6db7fd0eda37042440c%253A1774%250A%2520%2520%2520%2520at%2520http%253A%252F%252Flocalhost%253A8080%252Fbase%252Fnode_modules%252Fjasmine-core%252Flib%252Fjasmine-core%252Fjasmine.js%253F578a1e5ff14db21b04e2d6db7fd0eda37042440c%253A1762%250A%2520%2520%2520%2520at%2520http%253A%252F%252Flocalhost%253A8080%252Fbase%252Fnode_modules%252Fjasmine-core%252Flib%252Fjasmine-core%252Fjasmine.js%253F578a1e5ff14db21b04e2d6db7fd0eda37042440c%253A627%250A%2520%2520%2520%2520at%2520http%253A%252F%252Flocalhost%253A8080%252Fbase%252Fnode_modules%252Fjasmine-core%252Flib%252Fjasmine-core%252Fjasmine.js%253F578a1e5ff14db21b04e2d6db7fd0eda37042440c%253A2354%250A%2520%2520%2520%2520at%2520attemptAsync%2520(http%253A%252F%252Flocalhost%253A8080%252Fbase%252Fnode_modules%252Fjasmine-core%252Flib%252Fjasmine-core%252Fjasmine.js%253F578a1e5ff14db21b04e2d6db7fd0eda37042440c%253A1819)%250A%2520%2520%2520%2520at%2520http%253A%252F%252Flocalhost%253A8080%252Fbase%252Fnode_modules%252Fjasmine-core%252Flib%252Fjasmine-core%252Fjasmine.js%253F578a1e5ff14db21b04e2d6db7fd0eda37042440c%253A1774%250A%2520%2520%2520%2520at%2520http%253A%252F%252Flocalhost%253A8080%252Fbase%252Fnode_modules%252Fjasmine-core%252Flib%252Fjasmine-core%252Fjasmine.js%253F578a1e5ff14db21b04e2d6db7fd0eda37042440c%253A1801%250A%2520%2520%2520%2520at%2520http%253A%252F%252Flocalhost%253A8080%252Fbase%252Fnode_modules%252Fjasmine-core%252Flib%252Fjasmine-core%252Fjasmine.js%253F578a1e5ff14db21b04e2d6db7fd0eda37042440c%253A1745%250A%2520%2520%2520%2520at%2520http%253A%252F%252Flocalhost%253A8080%252Fbase%252Fnode_modules%252Fjasmine-core%252Flib%252Fjasmine-core%252Fjasmine.js%253F578a1e5ff14db21b04e2d6db7fd0eda37042440c%253A2348%250A%2520%2520%2520%2520at%2520clearStack%2520(http%253A%252F%252Flocalhost%253A8080%252Fbase%252Fnode_modules%252Fjasmine-core%252Flib%252Fjasmine-core%252Fjasmine.js%253F578a1e5ff14db21b04e2d6db7fd0eda37042440c%253A605)%250A%2520%2520%2520%2520at%2520http%253A%252F%252Flocalhost%253A8080%252Fbase%252Fnode_modules%252Fjasmine-core%252Flib%252Fjasmine-core%252Fjasmine.js%253F578a1e5ff14db21b04e2d6db7fd0eda37042440c%253A1784%250A%2520%2520%2520%2520at%2520http%253A%252F%252Flocalhost%253A8080%252Fbase%252Fnode_modules%252Fjasmine-core%252Flib%252Fjasmine-core%252Fjasmine.js%253F578a1e5ff14db21b04e2d6db7fd0eda37042440c%253A1801%250A%2520%2520%2520%2520at%2520http%253A%252F%252Flocalhost%253A8080%252Fbase%252Fnode_modules%252Fjasmine-core%252Flib%252Fjasmine-core%252Fjasmine.js%253F578a1e5ff14db21b04e2d6db7fd0eda37042440c%253A1745%250A%2520%2520%2520%2520at%2520complete%2520(http%253A%252F%252Flocalhost%253A8080%252Fbase%252Fnode_modules%252Fjasmine-core%252Flib%252Fjasmine-core%252Fjasmine.js%253F578a1e5ff14db21b04e2d6db7fd0eda37042440c%253A365)%250A%2520%2520%2520%2520at%2520clearStack%2520(http%253A%252F%252Flocalhost%253A8080%252Fbase%252Fnode_modules%252Fjasmine-core%252Flib%252Fjasmine-core%252Fjasmine.js%253F578a1e5ff14db21b04e2d6db7fd0eda37042440c%253A605)%250A%2520%2520%2520%2520at%2520http%253A%252F%252Flocalhost%253A8080%252Fbase%252Fnode_modules%252Fjasmine-core%252Flib%252Fjasmine-core%252Fjasmine.js%253F578a1e5ff14db21b04e2d6db7fd0eda37042440c%253A1784%250A%2520%2520%2520%2520at%2520http%253A%252F%252Flocalhost%253A8080%252Fbase%252Fnode_modules%252Fjasmine-core%252Flib%252Fjasmine-core%252Fjasmine.js%253F578a1e5ff14db21b04e2d6db7fd0eda37042440c%253A1762%250A%2520%2520%2520%2520at%2520http%253A%252F%252Flocalhost%253A8080%252Fbase%252Fnode_modules%252Fjasmine-core%252Flib%252Fjasmine-core%252Fjasmine.js%253F578a1e5ff14db21b04e2d6db7fd0eda37042440c%253A627%250A%2520%2520%2520%2520at%2520http%253A%252F%252Flocalhost%253A8080%252Fbase%252Fnode_modules%252Fjasmine-core%252Flib%252Fjasmine-core%252Fjasmine.js%253F578a1e5ff14db21b04e2d6db7fd0eda37042440c%253A357%250A%2520%2520%2520%2520at%2520http%253A%252F%252Flocalhost%253A8080%252Fbase%252Fnode_modules%252Fjasmine-core%252Flib%252Fjasmine-core%252Fjasmine.js%253F578a1e5ff14db21b04e2d6db7fd0eda37042440c%253A2360%250A%2520%2520%2520%2520at%2520attemptAsync%2520(http%253A%252F%252Flocalhost%253A8080%252Fbase%252Fnode_modules%252Fjasmine-core%252Flib%252Fjasmine-core%252Fjasmine.js%253F578a1e5ff14db21b04e2d6db7fd0eda37042440c%253A1819)%250A%2520%2520%2520%2520at%2520http%253A%252F%252Flocalhost%253A8080%252Fbase%252Fnode_modules%252Fjasmine-core%252Flib%252Fjasmine-core%252Fjasmine.js%253F578a1e5ff14db21b04e2d6db7fd0eda37042440c%253A1774%250A%2520%2520%2520%2520at%2520http%253A%252F%252Flocalhost%253A8080%252Fbase%252Fnode_modules%252Fjasmine-core%252Flib%252Fjasmine-core%252Fjasmine.js%253F578a1e5ff14db21b04e2d6db7fd0eda37042440c%253A1801%250A%2520%2520%2520%2520at%2520http%253A%252F%252Flocalhost%253A8080%252Fbase%252Fnode_modules%252Fjasmine-core%252Flib%252Fjasmine-core%252Fjasmine.js%253F578a1e5ff14db21b04e2d6db7fd0eda37042440c%253A1745%250A%2520%2520%2520%2520at%2520complete%2520(http%253A%252F%252Flocalhost%253A8080%252Fbase%252Fnode_modules%252Fjasmine-core%252Flib%252Fjasmine-core%252Fjasmine.js%253F578a1e5ff14db21b04e2d6db7fd0eda37042440c%253A365)%250A%2520%2520%2520%2520at%2520clearStack%2520(http%253A%252F%252Flocalhost%253A8080%252Fbase%252Fnode_modules%252Fjasmine-core%252Flib%252Fjasmine-core%252Fjasmine.js%253F578a1e5ff14db21b04e2d6db7fd0eda37042440c%253A605)%250A%2520%2520%2520%2520at%2520http%253A%252F%252Flocalhost%253A8080%252Fbase%252Fnode_modules%252Fjasmine-core%252Flib%252Fjasmine-core%252Fjasmine.js%253F578a1e5ff14db21b04e2d6db7fd0eda37042440c%253A1784%250A%2520%2520%2520%2520at%2520http%253A%252F%252Flocalhost%253A8080%252Fbase%252Fnode_modules%252Fjasmine-core%252Flib%252Fjasmine-core%252Fjasmine.js%253F578a1e5ff14db21b04e2d6db7fd0eda37042440c%253A1762%250A%2520%2520%2520%2520at%2520http%253A%252F%252Flocalhost%253A8080%252Fbase%252Fnode_modules%252Fjasmine-core%252Flib%252Fjasmine-core%252Fjasmine.js%253F578a1e5ff14db21b04e2d6db7fd0eda37042440c%253A627%250A%2520%2520%2520%2520at%2520http%253A%252F%252Flocalhost%253A8080%252Fbase%252Fnode_modules%252Fjasmine-core%252Flib%252Fjasmine-core%252Fjasmine.js%253F578a1e5ff14db21b04e2d6db7fd0eda37042440c%253A357%250A%2520%2520%2520%2520at%2520http%253A%252F%252Flocalhost%253A8080%252Fbase%252Fnode_modules%252Fjasmine-core%252Flib%252Fjasmine-core%252Fjasmine.js%253F578a1e5ff14db21b04e2d6db7fd0eda37042440c%253A2360%250A%2520%2520%2520%2520at%2520attemptAsync%2520(http%253A%252F%252Flocalhost%253A8080%252Fbase%252Fnode_modules%252Fjasmine-core%252Flib%252Fjasmine-core%252Fjasmine.js%253F578a1e5ff14db21b04e2d6db7fd0eda37042440c%253A1819)%250A%2520%2520%2520%2520at%2520http%253A%252F%252Flocalhost%253A8080%252Fbase%252Fnode_modules%252Fjasmine-core%252Flib%252Fjasmine-core%252Fjasmine.js%253F578a1e5ff14db21b04e2d6db7fd0eda37042440c%253A1774%250A%2520%2520%2520%2520at%2520http%253A%252F%252Flocalhost%253A8080%252Fbase%252Fnode_modules%252Fjasmine-core%252Flib%252Fjasmine-core%252Fjasmine.js%253F578a1e5ff14db21b04e2d6db7fd0eda37042440c%253A1801%250A%2520%2520%2520%2520at%2520http%253A%252F%252Flocalhost%253A8080%252Fbase%252Fnode_modules%252Fjasmine-core%252Flib%252Fjasmine-core%252Fjasmine.js%253F578a1e5ff14db21b04e2d6db7fd0eda37042440c%253A1745%250A%2520%2520%2520%2520at%2520complete%2520(http%253A%252F%252Flocalhost%253A8080%252Fbase%252Fnode_modules%252Fjasmine-core%252Flib%252Fjasmine-core%252Fjasmine.js%253F578a1e5ff14db21b04e2d6db7fd0eda37042440c%253A365)%250A%2520%2520%2520%2520at%2520clearStack%2520(http%253A%252F%252Flocalhost%253A8080%252Fbase%252Fnode_modules%252Fjasmine-core%252Flib%252Fjasmine-core%252Fjasmine.js%253F578a1e5ff14db21b04e2d6db7fd0eda37042440c%253A605)%250A%2520%2520%2520%2520at%2520http%253A%252F%252Flocalhost%253A8080%252Fbase%252Fnode_modules%252Fjasmine-core%252Flib%252Fjasmine-core%252Fjasmine.js%253F578a1e5ff14db21b04e2d6db7fd0eda37042440c%253A1784%250A%2520%2520%2520%2520at%2520http%253A%252F%252Flocalhost%253A8080%252Fbase%252Fnode_modules%252Fjasmine-core%252Flib%252Fjasmine-core%252Fjasmine.js%253F578a1e5ff14db21b04e2d6db7fd0eda37042440c%253A1762%250A%2520%2520%2520%2520at%2520http%253A%252F%252Flocalhost%253A8080%252Fbase%252Fnode_modules%252Fjasmine-core%252Flib%252Fjasmine-core%252Fjasmine.js%253F578a1e5ff14db21b04e2d6db7fd0eda37042440c%253A627%250A%2520%2520%2520%2520at%2520http%253A%252F%252Flocalhost%253A8080%252Fbase%252Fnode_modules%252Fjasmine-core%252Flib%252Fjasmine-core%252Fjasmine.js%253F578a1e5ff14db21b04e2d6db7fd0eda37042440c%253A357%250A%2520%2520%2520%2520at%2520http%253A%252F%252Flocalhost%253A8080%252Fbase%252Fnode_modules%252Fjasmine-core%252Flib%252Fjasmine-core%252Fjasmine.js%253F578a1e5ff14db21b04e2d6db7fd0eda37042440c%253A2360%250A%2520%2520%2520%2520at%2520attemptAsync%2520(http%253A%252F%252Flocalhost%253A8080%252Fbase%252Fnode_modules%252Fjasmine-core%252Flib%252Fjasmine-core%252Fjasmine.js%253F578a1e5ff14db21b04e2d6db7fd0eda37042440c%253A1819)%250A%2520%2520%2520%2520at%2520http%253A%252F%252Flocalhost%253A8080%252Fbase%252Fnode_modules%252Fjasmine-core%252Flib%252Fjasmine-core%252Fjasmine.js%253F578a1e5ff14db21b04e2d6db7fd0eda37042440c%253A1774%250A%2520%2520%2520%2520at%2520http%253A%252F%252Flocalhost%253A8080%252Fbase%252Fnode_modules%252Fjasmine-core%252Flib%252Fjasmine-core%252Fjasmine.js%253F578a1e5ff14db21b04e2d6db7fd0eda37042440c%253A1801%250A%2520%2520%2520%2520at%2520http%253A%252F%252Flocalhost%253A8080%252Fbase%252Fnode_modules%252Fjasmine-core%252Flib%252Fjasmine-core%252Fjasmine.js%253F578a1e5ff14db21b04e2d6db7fd0eda37042440c%253A1745%250A%2520%2520%2520%2520at%2520complete%2520(http%253A%252F%252Flocalhost%253A8080%252Fbase%252Fnode_modules%252Fjasmine-core%252Flib%252Fjasmine-core%252Fjasmine.js%253F578a1e5ff14db21b04e2d6db7fd0eda37042440c%253A365)%250A%2520%2520%2520%2520at%2520clearStack%2520(http%253A%252F%252Flocalhost%253A8080%252Fbase%252Fnode_modules%252Fjasmine-core%252Flib%252Fjasmine-core%252Fjasmine.js%253F578a1e5ff14db21b04e2d6db7fd0eda37042440c%253A605)%250A%2520%2520%2520%2520at%2520http%253A%252F%252Flocalhost%253A8080%252Fbase%252Fnode_modules%252Fjasmine-core%252Flib%252Fjasmine-core%252Fjasmine.js%253F578a1e5ff14db21b04e2d6db7fd0eda37042440c%253A1784%250A%2520%2520%2520%2520at%2520http%253A%252F%252Flocalhost%253A8080%252Fbase%252Fnode_modules%252Fjasmine-core%252Flib%252Fjasmine-core%252Fjasmine.js%253F578a1e5ff14db21b04e2d6db7fd0eda37042440c%253A1762%250A%2520%2520%2520%2520at%2520http%253A%252F%252Flocalhost%253A8080%252Fbase%252Fnode_modules%252Fjasmine-core%252Flib%252Fjasmine-core%252Fjasmine.js%253F578a1e5ff14db21b04e2d6db7fd0eda37042440c%253A627%250A%2520%2520%2520%2520at%2520http%253A%252F%252Flocalhost%253A8080%252Fbase%252Fnode_modules%252Fjasmine-core%252Flib%252Fjasmine-core%252Fjasmine.js%253F578a1e5ff14db21b04e2d6db7fd0eda37042440c%253A357%250A%2520%2520%2520%2520at%2520http%253A%252F%252Flocalhost%253A8080%252Fbase%252Fnode_modules%252Fjasmine-core%252Flib%252Fjasmine-core%252Fjasmine.js%253F578a1e5ff14db21b04e2d6db7fd0eda37042440c%253A2360%250A%2520%2520%2520%2520at%2520attemptAsync%2520(http%253A%252F%252Flocalhost%253A8080%252Fbase%252Fnode_modules%252Fjasmine-core%252Flib%252Fjasmine-core%252Fjasmine.js%253F578a1e5ff14db21b04e2d6db7fd0eda37042440c%253A1819)%250A%2520%2520%2520%2520at%2520http%253A%252F%252Flocalhost%253A8080%252Fbase%252Fnode_modules%252Fjasmine-core%252Flib%252Fjasmine-core%252Fjasmine.js%253F578a1e5ff14db21b04e2d6db7fd0eda37042440c%253A1774%250A%2520%2520%2520%2520at%2520http%253A%252F%252Flocalhost%253A8080%252Fbase%252Fnode_modules%252Fjasmine-core%252Flib%252Fjasmine-core%252Fjasmine.js%253F578a1e5ff14db21b04e2d6db7fd0eda37042440c%253A1801%250A%2520%2520%2520%2520at%2520http%253A%252F%252Flocalhost%253A8080%252Fbase%252Fnode_modules%252Fjasmine-core%252Flib%252Fjasmine-core%252Fjasmine.js%253F578a1e5ff14db21b04e2d6db7fd0eda37042440c%253A1745%250A%2520%2520%2520%2520at%2520complete%2520(http%253A%252F%252Flocalhost%253A8080%252Fbase%252Fnode_modules%252Fjasmine-core%252Flib%252Fjasmine-core%252Fjasmine.js%253F578a1e5ff14db21b04e2d6db7fd0eda37042440c%253A365)%250A%2520%2520%2520%2520at%2520clearStack%2520(http%253A%252F%252Flocalhost%253A8080%252Fbase%252Fnode_modules%252Fjasmine-core%252Flib%252Fjasmine-core%252Fjasmine.js%253F578a1e5ff14db21b04e2d6db7fd0eda37042440c%253A605)%250A%2520%2520%2520%2520at%2520http%253A%252F%252Flocalhost%253A8080%252Fbase%252Fnode_modules%252Fjasmine-core%252Flib%252Fjasmine-core%252Fjasmine.js%253F578a1e5ff14db21b04e2d6db7fd0eda37042440c%253A1784%250A%2520%2520%2520%2520at%2520http%253A%252F%252Flocalhost%253A8080%252Fbase%252Fnode_modules%252Fjasmine-core%252Flib%252Fjasmine-core%252Fjasmine.js%253F578a1e5ff14db21b04e2d6db7fd0eda37042440c%253A1762%250A%2520%2520%2520%2520at%2520http%253A%252F%252Flocalhost%253A8080%252Fbase%252Fnode_modules%252Fjasmine-core%252Flib%252Fjasmine-core%252Fjasmine.js%253F578a1e5ff14db21b04e2d6db7fd0eda37042440c%253A627%250A%2520%2520%2520%2520at%2520http%253A%252F%252Flocalhost%253A8080%252Fbase%252Fnode_modules%252Fjasmine-core%252Flib%252Fjasmine-core%252Fjasmine.js%253F578a1e5ff14db21b04e2d6db7fd0eda37042440c%253A357%250A%2520%2520%2520%2520at%2520http%253A%252F%252Flocalhost%253A8080%252Fbase%252Fnode_modules%252Fjasmine-core%252Flib%252Fjasmine-core%252Fjasmine.js%253F578a1e5ff14db21b04e2d6db7fd0eda37042440c%253A2360%250A%2520%2520%2520%2520at%2520attemptAsync%2520(http%253A%252F%252Flocalhost%253A8080%252Fbase%252Fnode_modules%252Fjasmine-core%252Flib%252Fjasmine-core%252Fjasmine.js%253F578a1e5ff14db21b04e2d6db7fd0eda37042440c%253A1819)%250A%2520%2520%2520%2520at%2520http%253A%252F%252Flocalhost%253A8080%252Fbase%252Fnode_modules%252Fjasmine-core%252Flib%252Fjasmine-core%252Fjasmine.js%253F578a1e5ff14db21b04e2d6db7fd0eda37042440c%253A1774%250A%2520%2520%2520%2520at%2520http%253A%252F%252Flocalhost%253A8080%252Fbase%252Fnode_modules%252Fjasmine-core%252Flib%252Fjasmine-core%252Fjasmine.js%253F578a1e5ff14db21b04e2d6db7fd0eda37042440c%253A1801%250A%2520%2520%2520%2520at%2520http%253A%252F%252Flocalhost%253A8080%252Fbase%252Fnode_modules%252Fjasmine-core%252Flib%252Fjasmine-core%252Fjasmine.js%253F578a1e5ff14db21b04e2d6db7fd0eda37042440c%253A1745%250A%2520%2520%2520%2520at%2520complete%2520(http%253A%252F%252Flocalhost%253A8080%252Fbase%252Fnode_modules%252Fjasmine-core%252Flib%252Fjasmine-core%252Fjasmine.js%253F578a1e5ff14db21b04e2d6db7fd0eda37042440c%253A365)%250A%2520%2520%2520%2520at%2520clearStack%2520(http%253A%252F%252Flocalhost%253A8080%252Fbase%252Fnode_modules%252Fjasmine-core%252Flib%252Fjasmine-core%252Fjasmine.js%253F578a1e5ff14db21b04e2d6db7fd0eda37042440c%253A605)%250A%2520%2520%2520%2520at%2520http%253A%252F%252Flocalhost%253A8080%252Fbase%252Fnode_modules%252Fjasmine-core%252Flib%252Fjasmine-core%252Fjasmine.js%253F578a1e5ff14db21b04e2d6db7fd0eda37042440c%253A1784%250A%2520%2520%2520%2520at%2520http%253A%252F%252Flocalhost%253A8080%252Fbase%252Fnode_modules%252Fjasmine-core%252Flib%252Fjasmine-core%252Fjasmine.js%253F578a1e5ff14db21b04e2d6db7fd0eda37042440c%253A1762%250A%2520%2520%2520%2520at%2520http%253A%252F%252Flocalhost%253A8080%252Fbase%252Fnode_modules%252Fjasmine-core%252Flib%252Fjasmine-core%252Fjasmine.js%253F578a1e5ff14db21b04e2d6db7fd0eda37042440c%253A627%250A%2520%2520%2520%2520at%2520http%253A%252F%252Flocalhost%253A8080%252Fbase%252Fnode_modules%252Fjasmine-core%252Flib%252Fjasmine-core%252Fjasmine.js%253F578a1e5ff14db21b04e2d6db7fd0eda37042440c%253A357%250A%2520%2520%2520%2520at%2520http%253A%252F%252Flocalhost%253A8080%252Fbase%252Fnode_modules%252Fjasmine-core%252Flib%252Fjasmine-core%252Fjasmine.js%253F578a1e5ff14db21b04e2d6db7fd0eda37042440c%253A2360%250A%2520%2520%2520%2520at%2520attemptAsync%2520(http%253A%252F%252Flocalhost%253A8080%252Fbase%252Fnode_modules%252Fjasmine-core%252Flib%252Fjasmine-core%252Fjasmine.js%253F578a1e5ff14db21b04e2d6db7fd0eda37042440c%253A1819)%250A%2520%2520%2520%2520at%2520http%253A%252F%252Flocalhost%253A8080%252Fbase%252Fnode_modules%252Fjasmine-core%252Flib%252Fjasmine-core%252Fjasmine.js%253F578a1e5ff14db21b04e2d6db7fd0eda37042440c%253A1774%250A%2520%2520%2520%2520at%2520http%253A%252F%252Flocalhost%253A8080%252Fbase%252Fnode_modules%252Fjasmine-core%252Flib%252Fjasmine-core%252Fjasmine.js%253F578a1e5ff14db21b04e2d6db7fd0eda37042440c%253A1762%250A%2520%2520%2520%2520at%2520http%253A%252F%252Flocalhost%253A8080%252Fbase%252Fnode_modules%252Fjasmine-core%252Flib%252Fjasmine-core%252Fjasmine.js%253F578a1e5ff14db21b04e2d6db7fd0eda37042440c%253A627%250A%2520%2520%2520%2520at%2520http%253A%252F%252Flocalhost%253A8080%252Fbase%252Fnode_modules%252Fjasmine-core%252Flib%252Fjasmine-core%252Fjasmine.js%253F578a1e5ff14db21b04e2d6db7fd0eda37042440c%253A2354%250A%2520%2520%2520%2520at%2520attemptAsync%2520(http%253A%252F%252Flocalhost%253A8080%252Fbase%252Fnode_modules%252Fjasmine-core%252Flib%252Fjasmine-core%252Fjasmine.js%253F578a1e5ff14db21b04e2d6db7fd0eda37042440c%253A1819)%250A%2520%2520%2520%2520at%2520http%253A%252F%252Flocalhost%253A8080%252Fbase%252Fnode_modules%252Fjasmine-core%252Flib%252Fjasmine-core%252Fjasmine.js%253F578a1e5ff14db21b04e2d6db7fd0eda37042440c%253A1774%250A%2520%2520%2520%2520at%2520http%253A%252F%252Flocalhost%253A8080%252Fbase%252Fnode_modules%252Fjasmine-core%252Flib%252Fjasmine-core%252Fjasmine.js%253F578a1e5ff14db21b04e2d6db7fd0eda37042440c%253A1801%250A%2520%2520%2520%2520at%2520http%253A%252F%252Flocalhost%253A8080%252Fbase%252Fnode_modules%252Fjasmine-core%252Flib%252Fjasmine-core%252Fjasmine.js%253F578a1e5ff14db21b04e2d6db7fd0eda37042440c%253A1745%250A%2520%2520%2520%2520at%2520http%253A%252F%252Flocalhost%253A8080%252Fbase%252Fnode_modules%252Fjasmine-core%252Flib%252Fjasmine-core%252Fjasmine.js%253F578a1e5ff14db21b04e2d6db7fd0eda37042440c%253A2348%250A%2520%2520%2520%2520at%2520clearStack%2520(http%253A%252F%252Flocalhost%253A8080%252Fbase%252Fnode_modules%252Fjasmine-core%252Flib%252Fjasmine-core%252Fjasmine.js%253F578a1e5ff14db21b04e2d6db7fd0eda37042440c%253A605)%250A%2520%2520%2520%2520at%2520http%253A%252F%252Flocalhost%253A8080%252Fbase%252Fnode_modules%252Fjasmine-core%252Flib%252Fjasmine-core%252Fjasmine.js%253F578a1e5ff14db21b04e2d6db7fd0eda37042440c%253A1784%250A%2520%2520%2520%2520at%2520http%253A%252F%252Flocalhost%253A8080%252Fbase%252Fnode_modules%252Fjasmine-core%252Flib%252Fjasmine-core%252Fjasmine.js%253F578a1e5ff14db21b04e2d6db7fd0eda37042440c%253A1762%250A%2520%2520%2520%2520at%2520http%253A%252F%252Flocalhost%253A8080%252Fbase%252Fnode_modules%252Fjasmine-core%252Flib%252Fjasmine-core%252Fjasmine.js%253F578a1e5ff14db21b04e2d6db7fd0eda37042440c%253A627%250A%2520%2520%2520%2520at%2520http%253A%252F%252Flocalhost%253A8080%252Fbase%252Fnode_modules%252Fjasmine-core%252Flib%252Fjasmine-core%252Fjasmine.js%253F578a1e5ff14db21b04e2d6db7fd0eda37042440c%253A2354%250A%2520%2520%2520%2520at%2520attemptAsync%2520(http%253A%252F%252Flocalhost%253A8080%252Fbase%252Fnode_modules%252Fjasmine-core%252Flib%252Fjasmine-core%252Fjasmine.js%253F578a1e5ff14db21b04e2d6db7fd0eda37042440c%253A1819)%250A%2520%2520%2520%2520at%2520http%253A%252F%252Flocalhost%253A8080%252Fbase%252Fnode_modules%252Fjasmine-core%252Flib%252Fjasmine-core%252Fjasmine.js%253F578a1e5ff14db21b04e2d6db7fd0eda37042440c%253A1774%250A%2520%2520%2520%2520at%2520http%253A%252F%252Flocalhost%253A8080%252Fbase%252Fnode_modules%252Fjasmine-core%252Flib%252Fjasmine-core%252Fjasmine.js%253F578a1e5ff14db21b04e2d6db7fd0eda37042440c%253A1801%250A%2520%2520%2520%2520at%2520http%253A%252F%252Flocalhost%253A8080%252Fbase%252Fnode_modules%252Fjasmine-core%252Flib%252Fjasmine-core%252Fjasmine.js%253F578a1e5ff14db21b04e2d6db7fd0eda37042440c%253A1745%250A%2520%2520%2520%2520at%2520http%253A%252F%252Flocalhost%253A8080%252Fbase%252Fnode_modules%252Fjasmine-core%252Flib%252Fjasmine-core%252Fjasmine.js%253F578a1e5ff14db21b04e2d6db7fd0eda37042440c%253A2348%250A%2520%2520%2520%2520at%2520clearStack%2520(http%253A%252F%252Flocalhost%253A8080%252Fbase%252Fnode_modules%252Fjasmine-core%252Flib%252Fjasmine-core%252Fjasmine.js%253F578a1e5ff14db21b04e2d6db7fd0eda37042440c%253A605)%250A%2520%2520%2520%2520at%2520http%253A%252F%252Flocalhost%253A8080%252Fbase%252Fnode_modules%252Fjasmine-core%252Flib%252Fjasmine-core%252Fjasmine.js%253F578a1e5ff14db21b04e2d6db7fd0eda37042440c%253A1784%250A%2520%2520%2520%2520at%2520http%253A%252F%252Flocalhost%253A8080%252Fbase%252Fnode_modules%252Fjasmine-core%252Flib%252Fjasmine-core%252Fjasmine.js%253F578a1e5ff14db21b04e2d6db7fd0eda37042440c%253A1762%250A%2520%2520%2520%2520at%2520http%253A%252F%252Flocalhost%253A8080%252Fbase%252Fnode_modules%252Fjasmine-core%252Flib%252Fjasmine-core%252Fjasmine.js%253F578a1e5ff14db21b04e2d6db7fd0eda37042440c%253A627%250A%2520%2520%2520%2520at%2520http%253A%252F%252Flocalhost%253A8080%252Fbase%252Fnode_modules%252Fjasmine-core%252Flib%252Fjasmine-core%252Fjasmine.js%253F578a1e5ff14db21b04e2d6db7fd0eda37042440c%253A2354%250A%2520%2520%2520%2520at%2520attemptAsync%2520(http%253A%252F%252Flocalhost%253A8080%252Fbase%252Fnode_modules%252Fjasmine-core%252Flib%252Fjasmine-core%252Fjasmine.js%253F578a1e5ff14db21b04e2d6db7fd0eda37042440c%253A1819)%250A%2520%2520%2520%2520at%2520http%253A%252F%252Flocalhost%253A8080%252Fbase%252Fnode_modules%252Fjasmine-core%252Flib%252Fjasmine-core%252Fjasmine.js%253F578a1e5ff14db21b04e2d6db7fd0eda37042440c%253A1774%250A%2520%2520%2520%2520at%2520http%253A%252F%252Flocalhost%253A8080%252Fbase%252Fnode_modules%252Fjasmine-core%252Flib%252Fjasmine-core%252Fjasmine.js%253F578a1e5ff14db21b04e2d6db7fd0eda37042440c%253A1801%250A%2520%2520%2520%2520at%2520http%253A%252F%252Flocalhost%253A8080%252Fbase%252Fnode_modules%252Fjasmine-core%252Flib%252Fjasmine-core%252Fjasmine.js%253F578a1e5ff14db21b04e2d6db7fd0eda37042440c%253A1745%250A%2520%2520%2520%2520at%2520http%253A%252F%252Flocalhost%253A8080%252Fbase%252Fnode_modules%252Fjasmine-core%252Flib%252Fjasmine-core%252Fjasmine.js%253F578a1e5ff14db21b04e2d6db7fd0eda37042440c%253A2348%250A%2520%2520%2520%2520at%2520clearStack%2520(http%253A%252F%252Flocalhost%253A8080%252Fbase%252Fnode_modules%252Fjasmine-core%252Flib%252Fjasmine-core%252Fjasmine.js%253F578a1e5ff14db21b04e2d6db7fd0eda37042440c%253A605)%250A%2520%2520%2520%2520at%2520http%253A%252F%252Flocalhost%253A8080%252Fbase%252Fnode_modules%252Fjasmine-core%252Flib%252Fjasmine-core%252Fjasmine.js%253F578a1e5ff14db21b04e2d6db7fd0eda37042440c%253A1784%250A%2520%2520%2520%2520at%2520http%253A%252F%252Flocalhost%253A8080%252Fbase%252Fnode_modules%252Fjasmine-core%252Flib%252Fjasmine-core%252Fjasmine.js%253F578a1e5ff14db21b04e2d6db7fd0eda37042440c%253A1801%250A%2520%2520%2520%2520at%2520http%253A%252F%252Flocalhost%253A8080%252Fbase%252Fnode_modules%252Fjasmine-core%252Flib%252Fjasmine-core%252Fjasmine.js%253F578a1e5ff14db21b04e2d6db7fd0eda37042440c%253A1745%250A%2520%2520%2520%2520at%2520complete%2520(http%253A%252F%252Flocalhost%253A8080%252Fbase%252Fnode_modules%252Fjasmine-core%252Flib%252Fjasmine-core%252Fjasmine.js%253F578a1e5ff14db21b04e2d6db7fd0eda37042440c%253A365)%250A%2520%2520%2520%2520at%2520clearStack%2520(http%253A%252F%252Flocalhost%253A8080%252Fbase%252Fnode_modules%252Fjasmine-core%252Flib%252Fjasmine-core%252Fjasmine.js%253F578a1e5ff14db21b04e2d6db7fd0eda37042440c%253A605)%250A%2520%2520%2520%2520at%2520http%253A%252F%252Flocalhost%253A8080%252Fbase%252Fnode_modules%252Fjasmine-core%252Flib%252Fjasmine-core%252Fjasmine.js%253F578a1e5ff14db21b04e2d6db7fd0eda37042440c%253A1784%250A%2520%2520%2520%2520at%2520http%253A%252F%252Flocalhost%253A8080%252Fbase%252Fnode_modules%252Fjasmine-core%252Flib%252Fjasmine-core%252Fjasmine.js%253F578a1e5ff14db21b04e2d6db7fd0eda37042440c%253A1762%250A%2520%2520%2520%2520at%2520http%253A%252F%252Flocalhost%253A8080%252Fbase%252Fnode_modules%252Fjasmine-core%252Flib%252Fjasmine-core%252Fjasmine.js%253F578a1e5ff14db21b04e2d6db7fd0eda37042440c%253A627%250A%2520%2520%2520%2520at%2520http%253A%252F%252Flocalhost%253A8080%252Fbase%252Fnode_modules%252Fjasmine-core%252Flib%252Fjasmine-core%252Fjasmine.js%253F578a1e5ff14db21b04e2d6db7fd0eda37042440c%253A357%250A%2520%2520%2520%2520at%2520http%253A%252F%252Flocalhost%253A8080%252Fbase%252Fnode_modules%252Fjasmine-core%252Flib%252Fjasmine-core%252Fjasmine.js%253F578a1e5ff14db21b04e2d6db7fd0eda37042440c%253A2360%250A%2520%2520%2520%2520at%2520attemptAsync%2520(http%253A%252F%252Flocalhost%253A8080%252Fbase%252Fnode_modules%252Fjasmine-core%252Flib%252Fjasmine-core%252Fjasmine.js%253F578a1e5ff14db21b04e2d6db7fd0eda37042440c%253A1819)%250A%2520%2520%2520%2520at%2520http%253A%252F%252Flocalhost%253A8080%252Fbase%252Fnode_modules%252Fjasmine-core%252Flib%252Fjasmine-core%252Fjasmine.js%253F578a1e5ff14db21b04e2d6db7fd0eda37042440c%253A1774%250A%2520%2520%2520%2520at%2520http%253A%252F%252Flocalhost%253A8080%252Fbase%252Fnode_modules%252Fjasmine-core%252Flib%252Fjasmine-core%252Fjasmine.js%253F578a1e5ff14db21b04e2d6db7fd0eda37042440c%253A1801%250A%2520%2520%2520%2520at%2520http%253A%252F%252Flocalhost%253A8080%252Fbase%252Fnode_modules%252Fjasmine-core%252Flib%252Fjasmine-core%252Fjasmine.js%253F578a1e5ff14db21b04e2d6db7fd0eda37042440c%253A1745%250A%2520%2520%2520%2520at%2520complete%2520(http%253A%252F%252Flocalhost%253A8080%252Fbase%252Fnode_modules%252Fjasmine-core%252Flib%252Fjasmine-core%252Fjasmine.js%253F578a1e5ff14db21b04e2d6db7fd0eda37042440c%253A365)%250A%2520%2520%2520%2520at%2520clearStack%2520(http%253A%252F%252Flocalhost%253A8080%252Fbase%252Fnode_modules%252Fjasmine-core%252Flib%252Fjasmine-core%252Fjasmine.js%253F578a1e5ff14db21b04e2d6db7fd0eda37042440c%253A605)%250A%2520%2520%2520%2520at%2520http%253A%252F%252Flocalhost%253A8080%252Fbase%252Fnode_modules%252Fjasmine-core%252Flib%252Fjasmine-core%252Fjasmine.js%253F578a1e5ff14db21b04e2d6db7fd0eda37042440c%253A1784%250A%2520%2520%2520%2520at%2520http%253A%252F%252Flocalhost%253A8080%252Fbase%252Fnode_modules%252Fjasmine-core%252Flib%252Fjasmine-core%252Fjasmine.js%253F578a1e5ff14db21b04e2d6db7fd0eda37042440c%253A1762%250A%2520%2520%2520%2520at%2520http%253A%252F%252Flocalhost%253A8080%252Fbase%252Fnode_modules%252Fjasmine-core%252Flib%252Fjasmine-core%252Fjasmine.js%253F578a1e5ff14db21b04e2d6db7fd0eda37042440c%253A627%250A%2520%2520%2520%2520at%2520http%253A%252F%252Flocalhost%253A8080%252Fbase%252Fnode_modules%252Fjasmine-core%252Flib%252Fjasmine-core%252Fjasmine.js%253F578a1e5ff14db21b04e2d6db7fd0eda37042440c%253A357%250A%2520%2520%2520%2520at%2520http%253A%252F%252Flocalhost%253A8080%252Fbase%252Fnode_modules%252Fjasmine-core%252Flib%252Fjasmine-core%252Fjasmine.js%253F578a1e5ff14db21b04e2d6db7fd0eda37042440c%253A2360%250A%2520%2520%2520%2520at%2520attemptAsync%2520(http%253A%252F%252Flocalhost%253A8080%252Fbase%252Fnode_modules%252Fjasmine-core%252Flib%252Fjasmine-core%252Fjasmine.js%253F578a1e5ff14db21b04e2d6db7fd0eda37042440c%253A1819)%250A%2520%2520%2520%2520at%2520http%253A%252F%252Flocalhost%253A8080%252Fbase%252Fnode_modules%252Fjasmine-core%252Flib%252Fjasmine-core%252Fjasmine.js%253F578a1e5ff14db21b04e2d6db7fd0eda37042440c%253A1774%250A%2520%2520%2520%2520at%2520http%253A%252F%252Flocalhost%253A8080%252Fbase%252Fnode_modules%252Fjasmine-core%252Flib%252Fjasmine-core%252Fjasmine.js%253F578a1e5ff14db21b04e2d6db7fd0eda37042440c%253A1762%250A%2520%2520%2520%2520at%2520http%253A%252F%252Flocalhost%253A8080%252Fbase%252Fnode_modules%252Fjasmine-core%252Flib%252Fjasmine-core%252Fjasmine.js%253F578a1e5ff14db21b04e2d6db7fd0eda37042440c%253A627%250A%2520%2520%2520%2520at%2520http%253A%252F%252Flocalhost%253A8080%252Fbase%252Fnode_modules%252Fjasmine-core%252Flib%252Fjasmine-core%252Fjasmine.js%253F578a1e5ff14db21b04e2d6db7fd0eda37042440c%253A2354%250A%2520%2520%2520%2520at%2520attemptAsync%2520(http%253A%252F%252Flocalhost%253A8080%252Fbase%252Fnode_modules%252Fjasmine-core%252Flib%252Fjasmine-core%252Fjasmine.js%253F578a1e5ff14db21b04e2d6db7fd0eda37042440c%253A1819)%250A%2520%2520%2520%2520at%2520http%253A%252F%252Flocalhost%253A8080%252Fbase%252Fnode_modules%252Fjasmine-core%252Flib%252Fjasmine-core%252Fjasmine.js%253F578a1e5ff14db21b04e2d6db7fd0eda37042440c%253A1774%250A%2520%2520%2520%2520at%2520http%253A%252F%252Flocalhost%253A8080%252Fbase%252Fnode_modules%252Fjasmine-core%252Flib%252Fjasmine-core%252Fjasmine.js%253F578a1e5ff14db21b04e2d6db7fd0eda37042440c%253A1801%250A%2520%2520%2520%2520at%2520http%253A%252F%252Flocalhost%253A8080%252Fbase%252Fnode_modules%252Fjasmine-core%252Flib%252Fjasmine-core%252Fjasmine.js%253F578a1e5ff14db21b04e2d6db7fd0eda37042440c%253A1745%250A%2520%2520%2520%2520at%2520http%253A%252F%252Flocalhost%253A8080%252Fbase%252Fnode_modules%252Fjasmine-core%252Flib%252Fjasmine-core%252Fjasmine.js%253F578a1e5ff14db21b04e2d6db7fd0eda37042440c%253A2348%250A%2520%2520%2520%2520at%2520clearStack%2520(http%253A%252F%252Flocalhost%253A8080%252Fbase%252Fnode_modules%252Fjasmine-core%252Flib%252Fjasmine-core%252Fjasmine.js%253F578a1e5ff14db21b04e2d6db7fd0eda37042440c%253A605)%250A%2520%2520%2520%2520at%2520http%253A%252F%252Flocalhost%253A8080%252Fbase%252Fnode_modules%252Fjasmine-core%252Flib%252Fjasmine-core%252Fjasmine.js%253F578a1e5ff14db21b04e2d6db7fd0eda37042440c%253A1784%250A%2520%2520%2520%2520at%2520http%253A%252F%252Flocalhost%253A8080%252Fbase%252Fnode_modules%252Fjasmine-core%252Flib%252Fjasmine-core%252Fjasmine.js%253F578a1e5ff14db21b04e2d6db7fd0eda37042440c%253A1762%250A%2520%2520%2520%2520at%2520http%253A%252F%252Flocalhost%253A8080%252Fbase%252Fnode_modules%252Fjasmine-core%252Flib%252Fjasmine-core%252Fjasmine.js%253F578a1e5ff14db21b04e2d6db7fd0eda37042440c%253A627%250A%2520%2520%2520%2520at%2520http%253A%252F%252Flocalhost%253A8080%252Fbase%252Fnode_modules%252Fjasmine-core%252Flib%252Fjasmine-core%252Fjasmine.js%253F578a1e5ff14db21b04e2d6db7fd0eda37042440c%253A2354%250A%2520%2520%2520%2520at%2520attemptAsync%2520(http%253A%252F%252Flocalhost%253A8080%252Fbase%252Fnode_modules%252Fjasmine-core%252Flib%252Fjasmine-core%252Fjasmine.js%253F578a1e5ff14db21b04e2d6db7fd0eda37042440c%253A1819)%250A%2520%2520%2520%2520at%2520http%253A%252F%252Flocalhost%253A8080%252Fbase%252Fnode_modules%252Fjasmine-core%252Flib%252Fjasmine-core%252Fjasmine.js%253F578a1e5ff14db21b04e2d6db7fd0eda37042440c%253A1774%250A%2520%2520%2520%2520at%2520http%253A%252F%252Flocalhost%253A8080%252Fbase%252Fnode_modules%252Fjasmine-core%252Flib%252Fjasmine-core%252Fjasmine.js%253F578a1e5ff14db21b04e2d6db7fd0eda37042440c%253A1801%250A%2520%2520%2520%2520at%2520http%253A%252F%252Flocalhost%253A8080%252Fbase%252Fnode_modules%252Fjasmine-core%252Flib%252Fjasmine-core%252Fjasmine.js%253F578a1e5ff14db21b04e2d6db7fd0eda37042440c%253A1745%250A%2520%2520%2520%2520at%2520http%253A%252F%252Flocalhost%253A8080%252Fbase%252Fnode_modules%252Fjasmine-core%252Flib%252Fjasmine-core%252Fjasmine.js%253F578a1e5ff14db21b04e2d6db7fd0eda37042440c%253A2348%250A%2520%2520%2520%2520at%2520clearStack%2520(http%253A%252F%252Flocalhost%253A8080%252Fbase%252Fnode_modules%252Fjasmine-core%252Flib%252Fjasmine-core%252Fjasmine.js%253F578a1e5ff14db21b04e2d6db7fd0eda37042440c%253A605)%250A%2520%2520%2520%2520at%2520http%253A%252F%252Flocalhost%253A8080%252Fbase%252Fnode_modules%252Fjasmine-core%252Flib%252Fjasmine-core%252Fjasmine.js%253F578a1e5ff14db21b04e2d6db7fd0eda37042440c%253A1784%250A%2520%2520%2520%2520at%2520http%253A%252F%252Flocalhost%253A8080%252Fbase%252Fnode_modules%252Fjasmine-core%252Flib%252Fjasmine-core%252Fjasmine.js%253F578a1e5ff14db21b04e2d6db7fd0eda37042440c%253A1762%250A%2520%2520%2520%2520at%2520http%253A%252F%252Flocalhost%253A8080%252Fbase%252Fnode_modules%252Fjasmine-core%252Flib%252Fjasmine-core%252Fjasmine.js%253F578a1e5ff14db21b04e2d6db7fd0eda37042440c%253A627%250A%2520%2520%2520%2520at%2520http%253A%252F%252Flocalhost%253A8080%252Fbase%252Fnode_modules%252Fjasmine-core%252Flib%252Fjasmine-core%252Fjasmine.js%253F578a1e5ff14db21b04e2d6db7fd0eda37042440c%253A2354%250A%2520%2520%2520%2520at%2520attemptAsync%2520(http%253A%252F%252Flocalhost%253A8080%252Fbase%252Fnode_modules%252Fjasmine-core%252Flib%252Fjasmine-core%252Fjasmine.js%253F578a1e5ff14db21b04e2d6db7fd0eda37042440c%253A1819)%250A%2520%2520%2520%2520at%2520http%253A%252F%252Flocalhost%253A8080%252Fbase%252Fnode_modules%252Fjasmine-core%252Flib%252Fjasmine-core%252Fjasmine.js%253F578a1e5ff14db21b04e2d6db7fd0eda37042440c%253A1774%250A%2520%2520%2520%2520at%2520http%253A%252F%252Flocalhost%253A8080%252Fbase%252Fnode_modules%252Fjasmine-core%252Flib%252Fjasmine-core%252Fjasmine.js%253F578a1e5ff14db21b04e2d6db7fd0eda37042440c%253A1801%250A%2520%2520%2520%2520at%2520http%253A%252F%252Flocalhost%253A8080%252Fbase%252Fnode_modules%252Fjasmine-core%252Flib%252Fjasmine-core%252Fjasmine.js%253F578a1e5ff14db21b04e2d6db7fd0eda37042440c%253A1745%250A%2520%2520%2520%2520at%2520http%253A%252F%252Flocalhost%253A8080%252Fbase%252Fnode_modules%252Fjasmine-core%252Flib%252Fjasmine-core%252Fjasmine.js%253F578a1e5ff14db21b04e2d6db7fd0eda37042440c%253A2348%250A%2520%2520%2520%2520at%2520clearStack%2520(http%253A%252F%252Flocalhost%253A8080%252Fbase%252Fnode_modules%252Fjasmine-core%252Flib%252Fjasmine-core%252Fjasmine.js%253F578a1e5ff14db21b04e2d6db7fd0eda37042440c%253A605)%250A%2520%2520%2520%2520at%2520http%253A%252F%252Flocalhost%253A8080%252Fbase%252Fnode_modules%252Fjasmine-core%252Flib%252Fjasmine-core%252Fjasmine.js%253F578a1e5ff14db21b04e2d6db7fd0eda37042440c%253A1784%250A%2520%2520%2520%2520at%2520http%253A%252F%252Flocalhost%253A8080%252Fbase%252Fnode_modules%252Fjasmine-core%252Flib%252Fjasmine-core%252Fjasmine.js%253F578a1e5ff14db21b04e2d6db7fd0eda37042440c%253A1762%250A%2520%2520%2520%2520at%2520http%253A%252F%252Flocalhost%253A8080%252Fbase%252Fnode_modules%252Fjasmine-core%252Flib%252Fjasmine-core%252Fjasmine.js%253F578a1e5ff14db21b04e2d6db7fd0eda37042440c%253A627%250A%2520%2520%2520%2520at%2520http%253A%252F%252Flocalhost%253A8080%252Fbase%252Fnode_modules%252Fjasmine-core%252Flib%252Fjasmine-core%252Fjasmine.js%253F578a1e5ff14db21b04e2d6db7fd0eda37042440c%253A2354%250A%2520%2520%2520%2520at%2520attemptAsync%2520(http%253A%252F%252Flocalhost%253A8080%252Fbase%252Fnode_modules%252Fjasmine-core%252Flib%252Fjasmine-core%252Fjasmine.js%253F578a1e5ff14db21b04e2d6db7fd0eda37042440c%253A1819)%250A%2520%2520%2520%2520at%2520http%253A%252F%252Flocalhost%253A8080%252Fbase%252Fnode_modules%252Fjasmine-core%252Flib%252Fjasmine-core%252Fjasmine.js%253F578a1e5ff14db21b04e2d6db7fd0eda37042440c%253A1774%250A%2520%2520%2520%2520at%2520http%253A%252F%252Flocalhost%253A8080%252Fbase%252Fnode_modules%252Fjasmine-core%252Flib%252Fjasmine-core%252Fjasmine.js%253F578a1e5ff14db21b04e2d6db7fd0eda37042440c%253A1801%250A%2520%2520%2520%2520at%2520http%253A%252F%252Flocalhost%253A8080%252Fbase%252Fnode_modules%252Fjasmine-core%252Flib%252Fjasmine-core%252Fjasmine.js%253F578a1e5ff14db21b04e2d6db7fd0eda37042440c%253A1745%250A%2520%2520%2520%2520at%2520http%253A%252F%252Flocalhost%253A8080%252Fbase%252Fnode_modules%252Fjasmine-core%252Flib%252Fjasmine-core%252Fjasmine.js%253F578a1e5ff14db21b04e2d6db7fd0eda37042440c%253A2348%250A%2520%2520%2520%2520at%2520clearStack%2520(http%253A%252F%252Flocalhost%253A8080%252Fbase%252Fnode_modules%252Fjasmine-core%252Flib%252Fjasmine-core%252Fjasmine.js%253F578a1e5ff14db21b04e2d6db7fd0eda37042440c%253A605)%250A%2520%2520%2520%2520at%2520http%253A%252F%252Flocalhost%253A8080%252Fbase%252Fnode_modules%252Fjasmine-core%252Flib%252Fjasmine-core%252Fjasmine.js%253F578a1e5ff14db21b04e2d6db7fd0eda37042440c%253A1784%250A%2520%2520%2520%2520at%2520http%253A%252F%252Flocalhost%253A8080%252Fbase%252Fnode_modules%252Fjasmine-core%252Flib%252Fjasmine-core%252Fjasmine.js%253F578a1e5ff14db21b04e2d6db7fd0eda37042440c%253A1762%250A%2520%2520%2520%2520at%2520http%253A%252F%252Flocalhost%253A8080%252Fbase%252Fnode_modules%252Fjasmine-core%252Flib%252Fjasmine-core%252Fjasmine.js%253F578a1e5ff14db21b04e2d6db7fd0eda37042440c%253A627%250A%2520%2520%2520%2520at%2520http%253A%252F%252Flocalhost%253A8080%252Fbase%252Fnode_modules%252Fjasmine-core%252Flib%252Fjasmine-core%252Fjasmine.js%253F578a1e5ff14db21b04e2d6db7fd0eda37042440c%253A2354%250A%2520%2520%2520%2520at%2520attemptAsync%2520(http%253A%252F%252Flocalhost%253A8080%252Fbase%252Fnode_modules%252Fjasmine-core%252Flib%252Fjasmine-core%252Fjasmine.js%253F578a1e5ff14db21b04e2d6db7fd0eda37042440c%253A1819)%250A%2520%2520%2520%2520at%2520http%253A%252F%252Flocalhost%253A8080%252Fbase%252Fnode_modules%252Fjasmine-core%252Flib%252Fjasmine-core%252Fjasmine.js%253F578a1e5ff14db21b04e2d6db7fd0eda37042440c%253A1774%250A%2520%2520%2520%2520at%2520http%253A%252F%252Flocalhost%253A8080%252Fbase%252Fnode_modules%252Fjasmine-core%252Flib%252Fjasmine-core%252Fjasmine.js%253F578a1e5ff14db21b04e2d6db7fd0eda37042440c%253A1801%250A%2520%2520%2520%2520at%2520http%253A%252F%252Flocalhost%253A8080%252Fbase%252Fnode_modules%252Fjasmine-core%252Flib%252Fjasmine-core%252Fjasmine.js%253F578a1e5ff14db21b04e2d6db7fd0eda37042440c%253A1745%250A%2520%2520%2520%2520at%2520http%253A%252F%252Flocalhost%253A8080%252Fbase%252Fnode_modules%252Fjasmine-core%252Flib%252Fjasmine-core%252Fjasmine.js%253F578a1e5ff14db21b04e2d6db7fd0eda37042440c%253A2348%250A%2520%2520%2520%2520at%2520clearStack%2520(http%253A%252F%252Flocalhost%253A8080%252Fbase%252Fnode_modules%252Fjasmine-core%252Flib%252Fjasmine-core%252Fjasmine.js%253F578a1e5ff14db21b04e2d6db7fd0eda37042440c%253A605)%250A%2520%2520%2520%2520at%2520http%253A%252F%252Flocalhost%253A8080%252Fbase%252Fnode_modules%252Fjasmine-core%252Flib%252Fjasmine-core%252Fjasmine.js%253F578a1e5ff14db21b04e2d6db7fd0eda37042440c%253A1784%250A%2520%2520%2520%2520at%2520http%253A%252F%252Flocalhost%253A8080%252Fbase%252Fnode_modules%252Fjasmine-core%252Flib%252Fjasmine-core%252Fjasmine.js%253F578a1e5ff14db21b04e2d6db7fd0eda37042440c%253A1762%250A%2520%2520%2520%2520at%2520http%253A%252F%252Flocalhost%253A8080%252Fbase%252Fnode_modules%252Fjasmine-core%252Flib%252Fjasmine-core%252Fjasmine.js%253F578a1e5ff14db21b04e2d6db7fd0eda37042440c%253A627%250A%2520%2520%2520%2520at%2520http%253A%252F%252Flocalhost%253A8080%252Fbase%252Fnode_modules%252Fjasmine-core%252Flib%252Fjasmine-core%252Fjasmine.js%253F578a1e5ff14db21b04e2d6db7fd0eda37042440c%253A2354%250A%2520%2520%2520%2520at%2520attemptAsync%2520(http%253A%252F%252Flocalhost%253A8080%252Fbase%252Fnode_modules%252Fjasmine-core%252Flib%252Fjasmine-core%252Fjasmine.js%253F578a1e5ff14db21b04e2d6db7fd0eda37042440c%253A1819)%250A%2520%2520%2520%2520at%2520http%253A%252F%252Flocalhost%253A8080%252Fbase%252Fnode_modules%252Fjasmine-core%252Flib%252Fjasmine-core%252Fjasmine.js%253F578a1e5ff14db21b04e2d6db7fd0eda37042440c%253A1774%250A%2520%2520%2520%2520at%2520http%253A%252F%252Flocalhost%253A8080%252Fbase%252Fnode_modules%252Fjasmine-core%252Flib%252Fjasmine-core%252Fjasmine.js%253F578a1e5ff14db21b04e2d6db7fd0eda37042440c%253A1801%250A%2520%2520%2520%2520at%2520http%253A%252F%252Flocalhost%253A8080%252Fbase%252Fnode_modules%252Fjasmine-core%252Flib%252Fjasmine-core%252Fjasmine.js%253F578a1e5ff14db21b04e2d6db7fd0eda37042440c%253A1745%250A%2520%2520%2520%2520at%2520http%253A%252F%252Flocalhost%253A8080%252Fbase%252Fnode_modules%252Fjasmine-core%252Flib%252Fjasmine-core%252Fjasmine.js%253F578a1e5ff14db21b04e2d6db7fd0eda37042440c%253A2348%250A%2520%2520%2520%2520at%2520clearStack%2520(http%253A%252F%252Flocalhost%253A8080%252Fbase%252Fnode_modules%252Fjasmine-core%252Flib%252Fjasmine-core%252Fjasmine.js%253F578a1e5ff14db21b04e2d6db7fd0eda37042440c%253A605)%250A%2520%2520%2520%2520at%2520http%253A%252F%252Flocalhost%253A8080%252Fbase%252Fnode_modules%252Fjasmine-core%252Flib%252Fjasmine-core%252Fjasmine.js%253F578a1e5ff14db21b04e2d6db7fd0eda37042440c%253A1784%250A%2520%2520%2520%2520at%2520http%253A%252F%252Flocalhost%253A8080%252Fbase%252Fnode_modules%252Fjasmine-core%252Flib%252Fjasmine-core%252Fjasmine.js%253F578a1e5ff14db21b04e2d6db7fd0eda37042440c%253A1762%250A%2520%2520%2520%2520at%2520http%253A%252F%252Flocalhost%253A8080%252Fbase%252Fnode_modules%252Fjasmine-core%252Flib%252Fjasmine-core%252Fjasmine.js%253F578a1e5ff14db21b04e2d6db7fd0eda37042440c%253A627%250A%2520%2520%2520%2520at%2520http%253A%252F%252Flocalhost%253A8080%252Fbase%252Fnode_modules%252Fjasmine-core%252Flib%252Fjasmine-core%252Fjasmine.js%253F578a1e5ff14db21b04e2d6db7fd0eda37042440c%253A2354%250A%2520%2520%2520%2520at%2520attemptAsync%2520(http%253A%252F%252Flocalhost%253A8080%252Fbase%252Fnode_modules%252Fjasmine-core%252Flib%252Fjasmine-core%252Fjasmine.js%253F578a1e5ff14db21b04e2d6db7fd0eda37042440c%253A1819)%250A%2520%2520%2520%2520at%2520http%253A%252F%252Flocalhost%253A8080%252Fbase%252Fnode_modules%252Fjasmine-core%252Flib%252Fjasmine-core%252Fjasmine.js%253F578a1e5ff14db21b04e2d6db7fd0eda37042440c%253A1774%250A%2520%2520%2520%2520at%2520http%253A%252F%252Flocalhost%253A8080%252Fbase%252Fnode_modules%252Fjasmine-core%252Flib%252Fjasmine-core%252Fjasmine.js%253F578a1e5ff14db21b04e2d6db7fd0eda37042440c%253A1801%250A%2520%2520%2520%2520at%2520http%253A%252F%252Flocalhost%253A8080%252Fbase%252Fnode_modules%252Fjasmine-core%252Flib%252Fjasmine-core%252Fjasmine.js%253F578a1e5ff14db21b04e2d6db7fd0eda37042440c%253A1745%250A%2520%2520%2520%2520at%2520http%253A%252F%252Flocalhost%253A8080%252Fbase%252Fnode_modules%252Fjasmine-core%252Flib%252Fjasmine-core%252Fjasmine.js%253F578a1e5ff14db21b04e2d6db7fd0eda37042440c%253A2348%250A%2520%2520%2520%2520at%2520clearStack%2520(http%253A%252F%252Flocalhost%253A8080%252Fbase%252Fnode_modules%252Fjasmine-core%252Flib%252Fjasmine-core%252Fjasmine.js%253F578a1e5ff14db21b04e2d6db7fd0eda37042440c%253A605)%250A%2520%2520%2520%2520at%2520http%253A%252F%252Flocalhost%253A8080%252Fbase%252Fnode_modules%252Fjasmine-core%252Flib%252Fjasmine-core%252Fjasmine.js%253F578a1e5ff14db21b04e2d6db7fd0eda37042440c%253A1784%250A%2520%2520%2520%2520at%2520http%253A%252F%252Flocalhost%253A8080%252Fbase%252Fnode_modules%252Fjasmine-core%252Flib%252Fjasmine-core%252Fjasmine.js%253F578a1e5ff14db21b04e2d6db7fd0eda37042440c%253A1762%250A%2520%2520%2520%2520at%2520http%253A%252F%252Flocalhost%253A8080%252Fbase%252Fnode_modules%252Fjasmine-core%252Flib%252Fjasmine-core%252Fjasmine.js%253F578a1e5ff14db21b04e2d6db7fd0eda37042440c%253A627%250A%2520%2520%2520%2520at%2520http%253A%252F%252Flocalhost%253A8080%252Fbase%252Fnode_modules%252Fjasmine-core%252Flib%252Fjasmine-core%252Fjasmine.js%253F578a1e5ff14db21b04e2d6db7fd0eda37042440c%253A2354%250A%2520%2520%2520%2520at%2520attemptAsync%2520(http%253A%252F%252Flocalhost%253A8080%252Fbase%252Fnode_modules%252Fjasmine-core%252Flib%252Fjasmine-core%252Fjasmine.js%253F578a1e5ff14db21b04e2d6db7fd0eda37042440c%253A1819)%250A%2520%2520%2520%2520at%2520http%253A%252F%252Flocalhost%253A8080%252Fbase%252Fnode_modules%252Fjasmine-core%252Flib%252Fjasmine-core%252Fjasmine.js%253F578a1e5ff14db21b04e2d6db7fd0eda37042440c%253A1774%250A%2520%2520%2520%2520at%2520http%253A%252F%252Flocalhost%253A8080%252Fbase%252Fnode_modules%252Fjasmine-core%252Flib%252Fjasmine-core%252Fjasmine.js%253F578a1e5ff14db21b04e2d6db7fd0eda37042440c%253A1762%250A%2520%2520%2520%2520at%2520http%253A%252F%252Flocalhost%253A8080%252Fbase%252Fnode_modules%252Fjasmine-core%252Flib%252Fjasmine-core%252Fjasmine.js%253F578a1e5ff14db21b04e2d6db7fd0eda37042440c%253A627%250A%2520%2520%2520%2520at%2520http%253A%252F%252Flocalhost%253A8080%252Fbase%252Fnode_modules%252Fjasmine-core%252Flib%252Fjasmine-core%252Fjasmine.js%253F578a1e5ff14db21b04e2d6db7fd0eda37042440c%253A2215%250A%2520%2520%2520%2520at%2520http%253A%252F%252Flocalhost%253A8080%252Fbase%252Fnode_modules%252Fjasmine-core%252Flib%252Fjasmine-core%252Fjasmine.js%253F578a1e5ff14db21b04e2d6db7fd0eda37042440c%253A678%250A%2520%2520%2520%2520at%2520http%253A%252F%252Flocalhost%253A8080%252Fbase%252Fnode_modules%252Fkarma-jasmine%252Flib%252Fadapter.js%253F0a69ad1fa10cc8be0a12b241227d3b834f82db4f%253A317%250A%2520%2520%2520%2520at%2520http%253A%252F%252Flocalhost%253A8080%252Fkarma.js%253A185%250A%2520%2520%2520%2520at%2520http%253A%252F%252Flocalhost%253A8080%252Fcontext.html%253A127%0A%20%20%20%20at%20http%3A%2F%2Flocalhost%3A8080%2Fbase%2Fapp%2Fvendor%2Fangular%2Fangular.js%3F9d140432f81858ac1e7888708720d419d147ffa9%3A4379%0A%20%20%20%20at%20forEach%20(http%3A%2F%2Flocalhost%3A8080%2Fbase%2Fapp%2Fvendor%2Fangular%2Fangular.js%3F9d140432f81858ac1e7888708720d419d147ffa9%3A336)%0A%20%20%20%20at%20loadModules%20(http%3A%2F%2Flocalhost%3A8080%2Fbase%2Fapp%2Fvendor%2Fangular%2Fangular.js%3F9d140432f81858ac1e7888708720d419d147ffa9%3A4381)%0A%20%20%20%20at%20http%3A%2F%2Flocalhost%3A8080%2Fbase%2Fapp%2Fvendor%2Fangular%2Fangular.js%3F9d140432f81858ac1e7888708720d419d147ffa9%3A4356%0A%20%20%20%20at%20forEach%20(http%3A%2F%2Flocalhost%3A8080%2Fbase%2Fapp%2Fvendor%2Fangular%2Fangular.js%3F9d140432f81858ac1e7888708720d419d147ffa9%3A336)%0A%20%20%20%20at%20loadModules%20(http%3A%2F%2Flocalhost%3A8080%2Fbase%2Fapp%2Fvendor%2Fangular%2Fangular.js%3F9d140432f81858ac1e7888708720d419d147ffa9%3A4381)%0A%20%20%20%20at%20createInjector%20(http%3A%2F%2Flocalhost%3A8080%2Fbase%2Fapp%2Fvendor%2Fangular%2Fangular.js%3F9d140432f81858ac1e7888708720d419d147ffa9%3A4265)%0A%20%20%20%20at%20workFn%20(http%3A%2F%2Flocalhost%3A8080%2Fbase%2Fapp%2Fvendor%2Fangular-mocks%2Fangular-mocks.js%3F6fe041cc8bb7a17f894cb12d8b0d44b12644f10a%3A2409)%0A%20%20%20%20at%20attemptSync%20(http%3A%2F%2Flocalhost%3A8080%2Fbase%2Fnode_modules%2Fjasmine-core%2Flib%2Fjasmine-core%2Fjasmine.js%3F578a1e5ff14db21b04e2d6db7fd0eda37042440c%3A1789)%0A%20%20%20%20at%20http%3A%2F%2Flocalhost%3A8080%2Fbase%2Fnode_modules%2Fjasmine-core%2Flib%2Fjasmine-core%2Fjasmine.js%3F578a1e5ff14db21b04e2d6db7fd0eda37042440c%3A1777%0A%20%20%20%20at%20http%3A%2F%2Flocalhost%3A8080%2Fbase%2Fnode_modules%2Fjasmine-core%2Flib%2Fjasmine-core%2Fjasmine.js%3F578a1e5ff14db21b04e2d6db7fd0eda37042440c%3A1762%0A%20%20%20%20at%20http%3A%2F%2Flocalhost%3A8080%2Fbase%2Fnode_modules%2Fjasmine-core%2Flib%2Fjasmine-core%2Fjasmine.js%3F578a1e5ff14db21b04e2d6db7fd0eda37042440c%3A627%0A%20%20%20%20at%20http%3A%2F%2Flocalhost%3A8080%2Fbase%2Fnode_modules%2Fjasmine-core%2Flib%2Fjasmine-core%2Fjasmine.js%3F578a1e5ff14db21b04e2d6db7fd0eda37042440c%3A357%0A%20%20%20%20at%20http%3A%2F%2Flocalhost%3A8080%2Fbase%2Fnode_modules%2Fjasmine-core%2Flib%2Fjasmine-core%2Fjasmine.js%3F578a1e5ff14db21b04e2d6db7fd0eda37042440c%3A2360%0A%20%20%20%20at%20attemptAsync%20(http%3A%2F%2Flocalhost%3A8080%2Fbase%2Fnode_modules%2Fjasmine-core%2Flib%2Fjasmine-core%2Fjasmine.js%3F578a1e5ff14db21b04e2d6db7fd0eda37042440c%3A1819)%0A%20%20%20%20at%20http%3A%2F%2Flocalhost%3A8080%2Fbase%2Fnode_modules%2Fjasmine-core%2Flib%2Fjasmine-core%2Fjasmine.js%3F578a1e5ff14db21b04e2d6db7fd0eda37042440c%3A1774%0A%20%20%20%20at%20http%3A%2F%2Flocalhost%3A8080%2Fbase%2Fnode_modules%2Fjasmine-core%2Flib%2Fjasmine-core%2Fjasmine.js%3F578a1e5ff14db21b04e2d6db7fd0eda37042440c%3A1762%0A%20%20%20%20at%20http%3A%2F%2Flocalhost%3A8080%2Fbase%2Fnode_modules%2Fjasmine-core%2Flib%2Fjasmine-core%2Fjasmine.js%3F578a1e5ff14db21b04e2d6db7fd0eda37042440c%3A627%0A%20%20%20%20at%20http%3A%2F%2Flocalhost%3A8080%2Fbase%2Fnode_modules%2Fjasmine-core%2Flib%2Fjasmine-core%2Fjasmine.js%3F578a1e5ff14db21b04e2d6db7fd0eda37042440c%3A2354%0A%20%20%20%20at%20attemptAsync%20(http%3A%2F%2Flocalhost%3A8080%2Fbase%2Fnode_modules%2Fjasmine-core%2Flib%2Fjasmine-core%2Fjasmine.js%3F578a1e5ff14db21b04e2d6db7fd0eda37042440c%3A1819)%0A%20%20%20%20at%20http%3A%2F%2Flocalhost%3A8080%2Fbase%2Fnode_modules%2Fjasmine-core%2Flib%2Fjasmine-core%2Fjasmine.js%3F578a1e5ff14db21b04e2d6db7fd0eda37042440c%3A1774%0A%20%20%20%20at%20http%3A%2F%2Flocalhost%3A8080%2Fbase%2Fnode_modules%2Fjasmine-core%2Flib%2Fjasmine-core%2Fjasmine.js%3F578a1e5ff14db21b04e2d6db7fd0eda37042440c%3A1801%0A%20%20%20%20at%20http%3A%2F%2Flocalhost%3A8080%2Fbase%2Fnode_modules%2Fjasmine-core%2Flib%2Fjasmine-core%2Fjasmine.js%3F578a1e5ff14db21b04e2d6db7fd0eda37042440c%3A1745%0A%20%20%20%20at%20http%3A%2F%2Flocalhost%3A8080%2Fbase%2Fnode_modules%2Fjasmine-core%2Flib%2Fjasmine-core%2Fjasmine.js%3F578a1e5ff14db21b04e2d6db7fd0eda37042440c%3A2348%0A%20%20%20%20at%20clearStack%20(http%3A%2F%2Flocalhost%3A8080%2Fbase%2Fnode_modules%2Fjasmine-core%2Flib%2Fjasmine-core%2Fjasmine.js%3F578a1e5ff14db21b04e2d6db7fd0eda37042440c%3A605)%0A%20%20%20%20at%20http%3A%2F%2Flocalhost%3A8080%2Fbase%2Fnode_modules%2Fjasmine-core%2Flib%2Fjasmine-core%2Fjasmine.js%3F578a1e5ff14db21b04e2d6db7fd0eda37042440c%3A1784%0A%20%20%20%20at%20http%3A%2F%2Flocalhost%3A8080%2Fbase%2Fnode_modules%2Fjasmine-core%2Flib%2Fjasmine-core%2Fjasmine.js%3F578a1e5ff14db21b04e2d6db7fd0eda37042440c%3A1801%0A%20%20%20%20at%20http%3A%2F%2Flocalhost%3A8080%2Fbase%2Fnode_modules%2Fjasmine-core%2Flib%2Fjasmine-core%2Fjasmine.js%3F578a1e5ff14db21b04e2d6db7fd0eda37042440c%3A1745%0A%20%20%20%20at%20complete%20(http%3A%2F%2Flocalhost%3A8080%2Fbase%2Fnode_modules%2Fjasmine-core%2Flib%2Fjasmine-core%2Fjasmine.js%3F578a1e5ff14db21b04e2d6db7fd0eda37042440c%3A365)%0A%20%20%20%20at%20clearStack%20(http%3A%2F%2Flocalhost%3A8080%2Fbase%2Fnode_modules%2Fjasmine-core%2Flib%2Fjasmine-core%2Fjasmine.js%3F578a1e5ff14db21b04e2d6db7fd0eda37042440c%3A605)%0A%20%20%20%20at%20http%3A%2F%2Flocalhost%3A8080%2Fbase%2Fnode_modules%2Fjasmine-core%2Flib%2Fjasmine-core%2Fjasmine.js%3F578a1e5ff14db21b04e2d6db7fd0eda37042440c%3A1784%0A%20%20%20%20at%20http%3A%2F%2Flocalhost%3A8080%2Fbase%2Fnode_modules%2Fjasmine-core%2Flib%2Fjasmine-core%2Fjasmine.js%3F578a1e5ff14db21b04e2d6db7fd0eda37042440c%3A1762%0A%20%20%20%20at%20http%3A%2F%2Flocalhost%3A8080%2Fbase%2Fnode_modules%2Fjasmine-core%2Flib%2Fjasmine-core%2Fjasmine.js%3F578a1e5ff14db21b04e2d6db7fd0eda37042440c%3A627%0A%20%20%20%20at%20http%3A%2F%2Flocalhost%3A8080%2Fbase%2Fnode_modules%2Fjasmine-core%2Flib%2Fjasmine-core%2Fjasmine.js%3F578a1e5ff14db21b04e2d6db7fd0eda37042440c%3A357%0A%20%20%20%20at%20http%3A%2F%2Flocalhost%3A8080%2Fbase%2Fnode_modules%2Fjasmine-core%2Flib%2Fjasmine-core%2Fjasmine.js%3F578a1e5ff14db21b04e2d6db7fd0eda37042440c%3A2360%0A%20%20%20%20at%20attemptAsync%20(http%3A%2F%2Flocalhost%3A8080%2Fbase%2Fnode_modules%2Fjasmine-core%2Flib%2Fjasmine-core%2Fjasmine.js%3F578a1e5ff14db21b04e2d6db7fd0eda37042440c%3A1819)%0A%20%20%20%20at%20http%3A%2F%2Flocalhost%3A8080%2Fbase%2Fnode_modules%2Fjasmine-core%2Flib%2Fjasmine-core%2Fjasmine.js%3F578a1e5ff14db21b04e2d6db7fd0eda37042440c%3A1774%0A%20%20%20%20at%20http%3A%2F%2Flocalhost%3A8080%2Fbase%2Fnode_modules%2Fjasmine-core%2Flib%2Fjasmine-core%2Fjasmine.js%3F578a1e5ff14db21b04e2d6db7fd0eda37042440c%3A1801%0A%20%20%20%20at%20http%3A%2F%2Flocalhost%3A8080%2Fbase%2Fnode_modules%2Fjasmine-core%2Flib%2Fjasmine-core%2Fjasmine.js%3F578a1e5ff14db21b04e2d6db7fd0eda37042440c%3A1745%0A%20%20%20%20at%20complete%20(http%3A%2F%2Flocalhost%3A8080%2Fbase%2Fnode_modules%2Fjasmine-core%2Flib%2Fjasmine-core%2Fjasmine.js%3F578a1e5ff14db21b04e2d6db7fd0eda37042440c%3A365)%0A%20%20%20%20at%20clearStack%20(http%3A%2F%2Flocalhost%3A8080%2Fbase%2Fnode_modules%2Fjasmine-core%2Flib%2Fjasmine-core%2Fjasmine.js%3F578a1e5ff14db21b04e2d6db7fd0eda37042440c%3A605)%0A%20%20%20%20at%20http%3A%2F%2Flocalhost%3A8080%2Fbase%2Fnode_modules%2Fjasmine-core%2Flib%2Fjasmine-core%2Fjasmine.js%3F578a1e5ff14db21b04e2d6db7fd0eda37042440c%3A1784%0A%20%20%20%20at%20http%3A%2F%2Flocalhost%3A8080%2Fbase%2Fnode_modules%2Fjasmine-core%2Flib%2Fjasmine-core%2Fjasmine.js%3F578a1e5ff14db21b04e2d6db7fd0eda37042440c%3A1762%0A%20%20%20%20at%20http%3A%2F%2Flocalhost%3A8080%2Fbase%2Fnode_modules%2Fjasmine-core%2Flib%2Fjasmine-core%2Fjasmine.js%3F578a1e5ff14db21b04e2d6db7fd0eda37042440c%3A627%0A%20%20%20%20at%20http%3A%2F%2Flocalhost%3A8080%2Fbase%2Fnode_modules%2Fjasmine-core%2Flib%2Fjasmine-core%2Fjasmine.js%3F578a1e5ff14db21b04e2d6db7fd0eda37042440c%3A357%0A%20%20%20%20at%20http%3A%2F%2Flocalhost%3A8080%2Fbase%2Fnode_modules%2Fjasmine-core%2Flib%2Fjasmine-core%2Fjasmine.js%3F578a1e5ff14db21b04e2d6db7fd0eda37042440c%3A2360%0A%20%20%20%20at%20attemptAsync%20(http%3A%2F%2Flocalhost%3A8080%2Fbase%2Fnode_modules%2Fjasmine-core%2Flib%2Fjasmine-core%2Fjasmine.js%3F578a1e5ff14db21b04e2d6db7fd0eda37042440c%3A1819)%0A%20%20%20%20at%20http%3A%2F%2Flocalhost%3A8080%2Fbase%2Fnode_modules%2Fjasmine-core%2Flib%2Fjasmine-core%2Fjasmine.js%3F578a1e5ff14db21b04e2d6db7fd0eda37042440c%3A1774%0A%20%20%20%20at%20http%3A%2F%2Flocalhost%3A8080%2Fbase%2Fnode_modules%2Fjasmine-core%2Flib%2Fjasmine-core%2Fjasmine.js%3F578a1e5ff14db21b04e2d6db7fd0eda37042440c%3A1801%0A%20%20%20%20at%20http%3A%2F%2Flocalhost%3A8080%2Fbase%2Fnode_modules%2Fjasmine-core%2Flib%2Fjasmine-core%2Fjasmine.js%3F578a1e5ff14db21b04e2d6db7fd0eda37042440c%3A1745%0A%20%20%20%20at%20complete%20(http%3A%2F%2Flocalhost%3A8080%2Fbase%2Fnode_modules%2Fjasmine-core%2Flib%2Fjasmine-core%2Fjasmine.js%3F578a1e5ff14db21b04e2d6db7fd0eda37042440c%3A365)%0A%20%20%20%20at%20clearStack%20(http%3A%2F%2Flocalhost%3A8080%2Fbase%2Fnode_modules%2Fjasmine-core%2Flib%2Fjasmine-core%2Fjasmine.js%3F578a1e5ff14db21b04e2d6db7fd0eda37042440c%3A605)%0A%20%20%20%20at%20http%3A%2F%2Flocalhost%3A8080%2Fbase%2Fnode_modules%2Fjasmine-core%2Flib%2Fjasmine-core%2Fjasmine.js%3F578a1e5ff14db21b04e2d6db7fd0eda37042440c%3A1784%0A%20%20%20%20at%20http%3A%2F%2Flocalhost%3A8080%2Fbase%2Fnode_modules%2Fjasmine-core%2Flib%2Fjasmine-core%2Fjasmine.js%3F578a1e5ff14db21b04e2d6db7fd0eda37042440c%3A1762%0A%20%20%20%20at%20http%3A%2F%2Flocalhost%3A8080%2Fbase%2Fnode_modules%2Fjasmine-core%2Flib%2Fjasmine-core%2Fjasmine.js%3F578a1e5ff14db21b04e2d6db7fd0eda37042440c%3A627%0A%20%20%20%20at%20http%3A%2F%2Flocalhost%3A8080%2Fbase%2Fnode_modules%2Fjasmine-core%2Flib%2Fjasmine-core%2Fjasmine.js%3F578a1e5ff14db21b04e2d6db7fd0eda37042440c%3A357%0A%20%20%20%20at%20http%3A%2F%2Flocalhost%3A8080%2Fbase%2Fnode_modules%2Fjasmine-core%2Flib%2Fjasmine-core%2Fjasmine.js%3F578a1e5ff14db21b04e2d6db7fd0eda37042440c%3A2360%0A%20%20%20%20at%20attemptAsync%20(http%3A%2F%2Flocalhost%3A8080%2Fbase%2Fnode_modules%2Fjasmine-core%2Flib%2Fjasmine-core%2Fjasmine.js%3F578a1e5ff14db21b04e2d6db7fd0eda37042440c%3A1819)%0A%20%20%20%20at%20http%3A%2F%2Flocalhost%3A8080%2Fbase%2Fnode_modules%2Fjasmine-core%2Flib%2Fjasmine-core%2Fjasmine.js%3F578a1e5ff14db21b04e2d6db7fd0eda37042440c%3A1774%0A%20%20%20%20at%20http%3A%2F%2Flocalhost%3A8080%2Fbase%2Fnode_modules%2Fjasmine-core%2Flib%2Fjasmine-core%2Fjasmine.js%3F578a1e5ff14db21b04e2d6db7fd0eda37042440c%3A1801%0A%20%20%20%20at%20http%3A%2F%2Flocalhost%3A8080%2Fbase%2Fnode_modules%2Fjasmine-core%2Flib%2Fjasmine-core%2Fjasmine.js%3F578a1e5ff14db21b04e2d6db7fd0eda37042440c%3A1745%0A%20%20%20%20at%20complete%20(http%3A%2F%2Flocalhost%3A8080%2Fbase%2Fnode_modules%2Fjasmine-core%2Flib%2Fjasmine-core%2Fjasmine.js%3F578a1e5ff14db21b04e2d6db7fd0eda37042440c%3A365)%0A%20%20%20%20at%20clearStack%20(http%3A%2F%2Flocalhost%3A8080%2Fbase%2Fnode_modules%2Fjasmine-core%2Flib%2Fjasmine-core%2Fjasmine.js%3F578a1e5ff14db21b04e2d6db7fd0eda37042440c%3A605)%0A%20%20%20%20at%20http%3A%2F%2Flocalhost%3A8080%2Fbase%2Fnode_modules%2Fjasmine-core%2Flib%2Fjasmine-core%2Fjasmine.js%3F578a1e5ff14db21b04e2d6db7fd0eda37042440c%3A1784%0A%20%20%20%20at%20http%3A%2F%2Flocalhost%3A8080%2Fbase%2Fnode_modules%2Fjasmine-core%2Flib%2Fjasmine-core%2Fjasmine.js%3F578a1e5ff14db21b04e2d6db7fd0eda37042440c%3A1762%0A%20%20%20%20at%20http%3A%2F%2Flocalhost%3A8080%2Fbase%2Fnode_modules%2Fjasmine-core%2Flib%2Fjasmine-core%2Fjasmine.js%3F578a1e5ff14db21b04e2d6db7fd0eda37042440c%3A627%0A%20%20%20%20at%20http%3A%2F%2Flocalhost%3A8080%2Fbase%2Fnode_modules%2Fjasmine-core%2Flib%2Fjasmine-core%2Fjasmine.js%3F578a1e5ff14db21b04e2d6db7fd0eda37042440c%3A357%0A%20%20%20%20at%20http%3A%2F%2Flocalhost%3A8080%2Fbase%2Fnode_modules%2Fjasmine-core%2Flib%2Fjasmine-core%2Fjasmine.js%3F578a1e5ff14db21b04e2d6db7fd0eda37042440c%3A2360%0A%20%20%20%20at%20attemptAsync%20(http%3A%2F%2Flocalhost%3A8080%2Fbase%2Fnode_modules%2Fjasmine-core%2Flib%2Fjasmine-core%2Fjasmine.js%3F578a1e5ff14db21b04e2d6db7fd0eda37042440c%3A1819)%0A%20%20%20%20at%20http%3A%2F%2Flocalhost%3A8080%2Fbase%2Fnode_modules%2Fjasmine-core%2Flib%2Fjasmine-core%2Fjasmine.js%3F578a1e5ff14db21b04e2d6db7fd0eda37042440c%3A1774%0A%20%20%20%20at%20http%3A%2F%2Flocalhost%3A8080%2Fbase%2Fnode_modules%2Fjasmine-core%2Flib%2Fjasmine-core%2Fjasmine.js%3F578a1e5ff14db21b04e2d6db7fd0eda37042440c%3A1801%0A%20%20%20%20at%20http%3A%2F%2Flocalhost%3A8080%2Fbase%2Fnode_modules%2Fjasmine-core%2Flib%2Fjasmine-core%2Fjasmine.js%3F578a1e5ff14db21b04e2d6db7fd0eda37042440c%3A1745%0A%20%20%20%20at%20complete%20(http%3A%2F%2Flocalhost%3A8080%2Fbase%2Fnode_modules%2Fjasmine-core%2Flib%2Fjasmine-core%2Fjasmine.js%3F578a1e5ff14db21b04e2d6db7fd0eda37042440c%3A365)%0A%20%20%20%20at%20clearStack%20(http%3A%2F%2Flocalhost%3A8080%2Fbase%2Fnode_modules%2Fjasmine-core%2Flib%2Fjasmine-core%2Fjasmine.js%3F578a1e5ff14db21b04e2d6db7fd0eda37042440c%3A605)%0A%20%20%20%20at%20http%3A%2F%2Flocalhost%3A8080%2Fbase%2Fnode_modules%2Fjasmine-core%2Flib%2Fjasmine-core%2Fjasmine.js%3F578a1e5ff14db21b04e2d6db7fd0eda37042440c%3A1784%0A%20%20%20%20at%20http%3A%2F%2Flocalhost%3A8080%2Fbase%2Fnode_modules%2Fjasmine-core%2Flib%2Fjasmine-core%2Fjasmine.js%3F578a1e5ff14db21b04e2d6db7fd0eda37042440c%3A1762%0A%20%20%20%20at%20http%3A%2F%2Flocalhost%3A8080%2Fbase%2Fnode_modules%2Fjasmine-core%2Flib%2Fjasmine-core%2Fjasmine.js%3F578a1e5ff14db21b04e2d6db7fd0eda37042440c%3A627%0A%20%20%20%20at%20http%3A%2F%2Flocalhost%3A8080%2Fbase%2Fnode_modules%2Fjasmine-core%2Flib%2Fjasmine-core%2Fjasmine.js%3F578a1e5ff14db21b04e2d6db7fd0eda37042440c%3A357%0A%20%20%20%20at%20http%3A%2F%2Flocalhost%3A8080%2Fbase%2Fnode_modules%2Fjasmine-core%2Flib%2Fjasmine-core%2Fjasmine.js%3F578a1e5ff14db21b04e2d6db7fd0eda37042440c%3A2360%0A%20%20%20%20at%20attemptAsync%20(http%3A%2F%2Flocalhost%3A8080%2Fbase%2Fnode_modules%2Fjasmine-core%2Flib%2Fjasmine-core%2Fjasmine.js%3F578a1e5ff14db21b04e2d6db7fd0eda37042440c%3A1819)%0A%20%20%20%20at%20http%3A%2F%2Flocalhost%3A8080%2Fbase%2Fnode_modules%2Fjasmine-core%2Flib%2Fjasmine-core%2Fjasmine.js%3F578a1e5ff14db21b04e2d6db7fd0eda37042440c%3A1774%0A%20%20%20%20at%20http%3A%2F%2Flocalhost%3A8080%2Fbase%2Fnode_modules%2Fjasmine-core%2Flib%2Fjasmine-core%2Fjasmine.js%3F578a1e5ff14db21b04e2d6db7fd0eda37042440c%3A1801%0A%20%20%20%20at%20http%3A%2F%2Flocalhost%3A8080%2Fbase%2Fnode_modules%2Fjasmine-core%2Flib%2Fjasmine-core%2Fjasmine.js%3F578a1e5ff14db21b04e2d6db7fd0eda37042440c%3A1745%0A%20%20%20%20at%20complete%20(http%3A%2F%2Flocalhost%3A8080%2Fbase%2Fnode_modules%2Fjasmine-core%2Flib%2Fjasmine-core%2Fjasmine.js%3F578a1e5ff14db21b04e2d6db7fd0eda37042440c%3A365)%0A%20%20%20%20at%20clearStack%20(http%3A%2F%2Flocalhost%3A8080%2Fbase%2Fnode_modules%2Fjasmine-core%2Flib%2Fjasmine-core%2Fjasmine.js%3F578a1e5ff14db21b04e2d6db7fd0eda37042440c%3A605)%0A%20%20%20%20at%20http%3A%2F%2Flocalhost%3A8080%2Fbase%2Fnode_modules%2Fjasmine-core%2Flib%2Fjasmine-core%2Fjasmine.js%3F578a1e5ff14db21b04e2d6db7fd0eda37042440c%3A1784%0A%20%20%20%20at%20http%3A%2F%2Flocalhost%3A8080%2Fbase%2Fnode_modules%2Fjasmine-core%2Flib%2Fjasmine-core%2Fjasmine.js%3F578a1e5ff14db21b04e2d6db7fd0eda37042440c%3A1762%0A%20%20%20%20at%20http%3A%2F%2Flocalhost%3A8080%2Fbase%2Fnode_modules%2Fjasmine-core%2Flib%2Fjasmine-core%2Fjasmine.js%3F578a1e5ff14db21b04e2d6db7fd0eda37042440c%3A627%0A%20%20%20%20at%20http%3A%2F%2Flocalhost%3A8080%2Fbase%2Fnode_modules%2Fjasmine-core%2Flib%2Fjasmine-core%2Fjasmine.js%3F578a1e5ff14db21b04e2d6db7fd0eda37042440c%3A357%0A%20%20%20%20at%20http%3A%2F%2Flocalhost%3A8080%2Fbase%2Fnode_modules%2Fjasmine-core%2Flib%2Fjasmine-core%2Fjasmine.js%3F578a1e5ff14db21b04e2d6db7fd0eda37042440c%3A2360%0A%20%20%20%20at%20attemptAsync%20(http%3A%2F%2Flocalhost%3A8080%2Fbase%2Fnode_modules%2Fjasmine-core%2Flib%2Fjasmine-core%2Fjasmine.js%3F578a1e5ff14db21b04e2d6db7fd0eda37042440c%3A1819)%0A%20%20%20%20at%20http%3A%2F%2Flocalhost%3A8080%2Fbase%2Fnode_modules%2Fjasmine-core%2Flib%2Fjasmine-core%2Fjasmine.js%3F578a1e5ff14db21b04e2d6db7fd0eda37042440c%3A1774%0A%20%20%20%20at%20http%3A%2F%2Flocalhost%3A8080%2Fbase%2Fnode_modules%2Fjasmine-core%2Flib%2Fjasmine-core%2Fjasmine.js%3F578a1e5ff14db21b04e2d6db7fd0eda37042440c%3A1762%0A%20%20%20%20at%20http%3A%2F%2Flocalhost%3A8080%2Fbase%2Fnode_modules%2Fjasmine-core%2Flib%2Fjasmine-core%2Fjasmine.js%3F578a1e5ff14db21b04e2d6db7fd0eda37042440c%3A627%0A%20%20%20%20at%20http%3A%2F%2Flocalhost%3A8080%2Fbase%2Fnode_modules%2Fjasmine-core%2Flib%2Fjasmine-core%2Fjasmine.js%3F578a1e5ff14db21b04e2d6db7fd0eda37042440c%3A2354%0A%20%20%20%20at%20attemptAsync%20(http%3A%2F%2Flocalhost%3A8080%2Fbase%2Fnode_modules%2Fjasmine-core%2Flib%2Fjasmine-core%2Fjasmine.js%3F578a1e5ff14db21b04e2d6db7fd0eda37042440c%3A1819)%0A%20%20%20%20at%20http%3A%2F%2Flocalhost%3A8080%2Fbase%2Fnode_modules%2Fjasmine-core%2Flib%2Fjasmine-core%2Fjasmine.js%3F578a1e5ff14db21b04e2d6db7fd0eda37042440c%3A1774%0A%20%20%20%20at%20http%3A%2F%2Flocalhost%3A8080%2Fbase%2Fnode_modules%2Fjasmine-core%2Flib%2Fjasmine-core%2Fjasmine.js%3F578a1e5ff14db21b04e2d6db7fd0eda37042440c%3A1801%0A%20%20%20%20at%20http%3A%2F%2Flocalhost%3A8080%2Fbase%2Fnode_modules%2Fjasmine-core%2Flib%2Fjasmine-core%2Fjasmine.js%3F578a1e5ff14db21b04e2d6db7fd0eda37042440c%3A1745%0A%20%20%20%20at%20http%3A%2F%2Flocalhost%3A8080%2Fbase%2Fnode_modules%2Fjasmine-core%2Flib%2Fjasmine-core%2Fjasmine.js%3F578a1e5ff14db21b04e2d6db7fd0eda37042440c%3A2348%0A%20%20%20%20at%20clearStack%20(http%3A%2F%2Flocalhost%3A8080%2Fbase%2Fnode_modules%2Fjasmine-core%2Flib%2Fjasmine-core%2Fjasmine.js%3F578a1e5ff14db21b04e2d6db7fd0eda37042440c%3A605)%0A%20%20%20%20at%20http%3A%2F%2Flocalhost%3A8080%2Fbase%2Fnode_modules%2Fjasmine-core%2Flib%2Fjasmine-core%2Fjasmine.js%3F578a1e5ff14db21b04e2d6db7fd0eda37042440c%3A1784%0A%20%20%20%20at%20http%3A%2F%2Flocalhost%3A8080%2Fbase%2Fnode_modules%2Fjasmine-core%2Flib%2Fjasmine-core%2Fjasmine.js%3F578a1e5ff14db21b04e2d6db7fd0eda37042440c%3A1762%0A%20%20%20%20at%20http%3A%2F%2Flocalhost%3A8080%2Fbase%2Fnode_modules%2Fjasmine-core%2Flib%2Fjasmine-core%2Fjasmine.js%3F578a1e5ff14db21b04e2d6db7fd0eda37042440c%3A627%0A%20%20%20%20at%20http%3A%2F%2Flocalhost%3A8080%2Fbase%2Fnode_modules%2Fjasmine-core%2Flib%2Fjasmine-core%2Fjasmine.js%3F578a1e5ff14db21b04e2d6db7fd0eda37042440c%3A2354%0A%20%20%20%20at%20attemptAsync%20(http%3A%2F%2Flocalhost%3A8080%2Fbase%2Fnode_modules%2Fjasmine-core%2Flib%2Fjasmine-core%2Fjasmine.js%3F578a1e5ff14db21b04e2d6db7fd0eda37042440c%3A1819)%0A%20%20%20%20at%20http%3A%2F%2Flocalhost%3A8080%2Fbase%2Fnode_modules%2Fjasmine-core%2Flib%2Fjasmine-core%2Fjasmine.js%3F578a1e5ff14db21b04e2d6db7fd0eda37042440c%3A1774%0A%20%20%20%20at%20http%3A%2F%2Flocalhost%3A8080%2Fbase%2Fnode_modules%2Fjasmine-core%2Flib%2Fjasmine-core%2Fjasmine.js%3F578a1e5ff14db21b04e2d6db7fd0eda37042440c%3A1801%0A%20%20%20%20at%20http%3A%2F%2Flocalhost%3A8080%2Fbase%2Fnode_modules%2Fjasmine-core%2Flib%2Fjasmine-core%2Fjasmine.js%3F578a1e5ff14db21b04e2d6db7fd0eda37042440c%3A1745%0A%20%20%20%20at%20http%3A%2F%2Flocalhost%3A8080%2Fbase%2Fnode_modules%2Fjasmine-core%2Flib%2Fjasmine-core%2Fjasmine.js%3F578a1e5ff14db21b04e2d6db7fd0eda37042440c%3A2348%0A%20%20%20%20at%20clearStack%20(http%3A%2F%2Flocalhost%3A8080%2Fbase%2Fnode_modules%2Fjasmine-core%2Flib%2Fjasmine-core%2Fjasmine.js%3F578a1e5ff14db21b04e2d6db7fd0eda37042440c%3A605)%0A%20%20%20%20at%20http%3A%2F%2Flocalhost%3A8080%2Fbase%2Fnode_modules%2Fjasmine-core%2Flib%2Fjasmine-core%2Fjasmine.js%3F578a1e5ff14db21b04e2d6db7fd0eda37042440c%3A1784%0A%20%20%20%20at%20http%3A%2F%2Flocalhost%3A8080%2Fbase%2Fnode_modules%2Fjasmine-core%2Flib%2Fjasmine-core%2Fjasmine.js%3F578a1e5ff14db21b04e2d6db7fd0eda37042440c%3A1762%0A%20%20%20%20at%20http%3A%2F%2Flocalhost%3A8080%2Fbase%2Fnode_modules%2Fjasmine-core%2Flib%2Fjasmine-core%2Fjasmine.js%3F578a1e5ff14db21b04e2d6db7fd0eda37042440c%3A627%0A%20%20%20%20at%20http%3A%2F%2Flocalhost%3A8080%2Fbase%2Fnode_modules%2Fjasmine-core%2Flib%2Fjasmine-core%2Fjasmine.js%3F578a1e5ff14db21b04e2d6db7fd0eda37042440c%3A2354%0A%20%20%20%20at%20attemptAsync%20(http%3A%2F%2Flocalhost%3A8080%2Fbase%2Fnode_modules%2Fjasmine-core%2Flib%2Fjasmine-core%2Fjasmine.js%3F578a1e5ff14db21b04e2d6db7fd0eda37042440c%3A1819)%0A%20%20%20%20at%20http%3A%2F%2Flocalhost%3A8080%2Fbase%2Fnode_modules%2Fjasmine-core%2Flib%2Fjasmine-core%2Fjasmine.js%3F578a1e5ff14db21b04e2d6db7fd0eda37042440c%3A1774%0A%20%20%20%20at%20http%3A%2F%2Flocalhost%3A8080%2Fbase%2Fnode_modules%2Fjasmine-core%2Flib%2Fjasmine-core%2Fjasmine.js%3F578a1e5ff14db21b04e2d6db7fd0eda37042440c%3A1801%0A%20%20%20%20at%20http%3A%2F%2Flocalhost%3A8080%2Fbase%2Fnode_modules%2Fjasmine-core%2Flib%2Fjasmine-core%2Fjasmine.js%3F578a1e5ff14db21b04e2d6db7fd0eda37042440c%3A1745%0A%20%20%20%20at%20http%3A%2F%2Flocalhost%3A8080%2Fbase%2Fnode_modules%2Fjasmine-core%2Flib%2Fjasmine-core%2Fjasmine.js%3F578a1e5ff14db21b04e2d6db7fd0eda37042440c%3A2348%0A%20%20%20%20at%20clearStack%20(http%3A%2F%2Flocalhost%3A8080%2Fbase%2Fnode_modules%2Fjasmine-core%2Flib%2Fjasmine-core%2Fjasmine.js%3F578a1e5ff14db21b04e2d6db7fd0eda37042440c%3A605)%0A%20%20%20%20at%20http%3A%2F%2Flocalhost%3A8080%2Fbase%2Fnode_modules%2Fjasmine-core%2Flib%2Fjasmine-core%2Fjasmine.js%3F578a1e5ff14db21b04e2d6db7fd0eda37042440c%3A1784%0A%20%20%20%20at%20http%3A%2F%2Flocalhost%3A8080%2Fbase%2Fnode_modules%2Fjasmine-core%2Flib%2Fjasmine-core%2Fjasmine.js%3F578a1e5ff14db21b04e2d6db7fd0eda37042440c%3A1801%0A%20%20%20%20at%20http%3A%2F%2Flocalhost%3A8080%2Fbase%2Fnode_modules%2Fjasmine-core%2Flib%2Fjasmine-core%2Fjasmine.js%3F578a1e5ff14db21b04e2d6db7fd0eda37042440c%3A1745%0A%20%20%20%20at%20complete%20(http%3A%2F%2Flocalhost%3A8080%2Fbase%2Fnode_modules%2Fjasmine-core%2Flib%2Fjasmine-core%2Fjasmine.js%3F578a1e5ff14db21b04e2d6db7fd0eda37042440c%3A365)%0A%20%20%20%20at%20clearStack%20(http%3A%2F%2Flocalhost%3A8080%2Fbase%2Fnode_modules%2Fjasmine-core%2Flib%2Fjasmine-core%2Fjasmine.js%3F578a1e5ff14db21b04e2d6db7fd0eda37042440c%3A605)%0A%20%20%20%20at%20http%3A%2F%2Flocalhost%3A8080%2Fbase%2Fnode_modules%2Fjasmine-core%2Flib%2Fjasmine-core%2Fjasmine.js%3F578a1e5ff14db21b04e2d6db7fd0eda37042440c%3A1784%0A%20%20%20%20at%20http%3A%2F%2Flocalhost%3A8080%2Fbase%2Fnode_modules%2Fjasmine-core%2Flib%2Fjasmine-core%2Fjasmine.js%3F578a1e5ff14db21b04e2d6db7fd0eda37042440c%3A1762%0A%20%20%20%20at%20http%3A%2F%2Flocalhost%3A8080%2Fbase%2Fnode_modules%2Fjasmine-core%2Flib%2Fjasmine-core%2Fjasmine.js%3F578a1e5ff14db21b04e2d6db7fd0eda37042440c%3A627%0A%20%20%20%20at%20http%3A%2F%2Flocalhost%3A8080%2Fbase%2Fnode_modules%2Fjasmine-core%2Flib%2Fjasmine-core%2Fjasmine.js%3F578a1e5ff14db21b04e2d6db7fd0eda37042440c%3A357%0A%20%20%20%20at%20http%3A%2F%2Flocalhost%3A8080%2Fbase%2Fnode_modules%2Fjasmine-core%2Flib%2Fjasmine-core%2Fjasmine.js%3F578a1e5ff14db21b04e2d6db7fd0eda37042440c%3A2360%0A%20%20%20%20at%20attemptAsync%20(http%3A%2F%2Flocalhost%3A8080%2Fbase%2Fnode_modules%2Fjasmine-core%2Flib%2Fjasmine-core%2Fjasmine.js%3F578a1e5ff14db21b04e2d6db7fd0eda37042440c%3A1819)%0A%20%20%20%20at%20http%3A%2F%2Flocalhost%3A8080%2Fbase%2Fnode_modules%2Fjasmine-core%2Flib%2Fjasmine-core%2Fjasmine.js%3F578a1e5ff14db21b04e2d6db7fd0eda37042440c%3A1774%0A%20%20%20%20at%20http%3A%2F%2Flocalhost%3A8080%2Fbase%2Fnode_modules%2Fjasmine-core%2Flib%2Fjasmine-core%2Fjasmine.js%3F578a1e5ff14db21b04e2d6db7fd0eda37042440c%3A1801%0A%20%20%20%20at%20http%3A%2F%2Flocalhost%3A8080%2Fbase%2Fnode_modules%2Fjasmine-core%2Flib%2Fjasmine-core%2Fjasmine.js%3F578a1e5ff14db21b04e2d6db7fd0eda37042440c%3A1745%0A%20%20%20%20at%20complete%20(http%3A%2F%2Flocalhost%3A8080%2Fbase%2Fnode_modules%2Fjasmine-core%2Flib%2Fjasmine-core%2Fjasmine.js%3F578a1e5ff14db21b04e2d6db7fd0eda37042440c%3A365)%0A%20%20%20%20at%20clearStack%20(http%3A%2F%2Flocalhost%3A8080%2Fbase%2Fnode_modules%2Fjasmine-core%2Flib%2Fjasmine-core%2Fjasmine.js%3F578a1e5ff14db21b04e2d6db7fd0eda37042440c%3A605)%0A%20%20%20%20at%20http%3A%2F%2Flocalhost%3A8080%2Fbase%2Fnode_modules%2Fjasmine-core%2Flib%2Fjasmine-core%2Fjasmine.js%3F578a1e5ff14db21b04e2d6db7fd0eda37042440c%3A1784%0A%20%20%20%20at%20http%3A%2F%2Flocalhost%3A8080%2Fbase%2Fnode_modules%2Fjasmine-core%2Flib%2Fjasmine-core%2Fjasmine.js%3F578a1e5ff14db21b04e2d6db7fd0eda37042440c%3A1762%0A%20%20%20%20at%20http%3A%2F%2Flocalhost%3A8080%2Fbase%2Fnode_modules%2Fjasmine-core%2Flib%2Fjasmine-core%2Fjasmine.js%3F578a1e5ff14db21b04e2d6db7fd0eda37042440c%3A627%0A%20%20%20%20at%20http%3A%2F%2Flocalhost%3A8080%2Fbase%2Fnode_modules%2Fjasmine-core%2Flib%2Fjasmine-core%2Fjasmine.js%3F578a1e5ff14db21b04e2d6db7fd0eda37042440c%3A357%0A%20%20%20%20at%20http%3A%2F%2Flocalhost%3A8080%2Fbase%2Fnode_modules%2Fjasmine-core%2Flib%2Fjasmine-core%2Fjasmine.js%3F578a1e5ff14db21b04e2d6db7fd0eda37042440c%3A2360%0A%20%20%20%20at%20attemptAsync%20(http%3A%2F%2Flocalhost%3A8080%2Fbase%2Fnode_modules%2Fjasmine-core%2Flib%2Fjasmine-core%2Fjasmine.js%3F578a1e5ff14db21b04e2d6db7fd0eda37042440c%3A1819)%0A%20%20%20%20at%20http%3A%2F%2Flocalhost%3A8080%2Fbase%2Fnode_modules%2Fjasmine-core%2Flib%2Fjasmine-core%2Fjasmine.js%3F578a1e5ff14db21b04e2d6db7fd0eda37042440c%3A1774%0A%20%20%20%20at%20http%3A%2F%2Flocalhost%3A8080%2Fbase%2Fnode_modules%2Fjasmine-core%2Flib%2Fjasmine-core%2Fjasmine.js%3F578a1e5ff14db21b04e2d6db7fd0eda37042440c%3A1762%0A%20%20%20%20at%20http%3A%2F%2Flocalhost%3A8080%2Fbase%2Fnode_modules%2Fjasmine-core%2Flib%2Fjasmine-core%2Fjasmine.js%3F578a1e5ff14db21b04e2d6db7fd0eda37042440c%3A627%0A%20%20%20%20at%20http%3A%2F%2Flocalhost%3A8080%2Fbase%2Fnode_modules%2Fjasmine-core%2Flib%2Fjasmine-core%2Fjasmine.js%3F578a1e5ff14db21b04e2d6db7fd0eda37042440c%3A2354%0A%20%20%20%20at%20attemptAsync%20(http%3A%2F%2Flocalhost%3A8080%2Fbase%2Fnode_modules%2Fjasmine-core%2Flib%2Fjasmine-core%2Fjasmine.js%3F578a1e5ff14db21b04e2d6db7fd0eda37042440c%3A1819)%0A%20%20%20%20at%20http%3A%2F%2Flocalhost%3A8080%2Fbase%2Fnode_modules%2Fjasmine-core%2Flib%2Fjasmine-core%2Fjasmine.js%3F578a1e5ff14db21b04e2d6db7fd0eda37042440c%3A1774%0A%20%20%20%20at%20http%3A%2F%2Flocalhost%3A8080%2Fbase%2Fnode_modules%2Fjasmine-core%2Flib%2Fjasmine-core%2Fjasmine.js%3F578a1e5ff14db21b04e2d6db7fd0eda37042440c%3A1801%0A%20%20%20%20at%20http%3A%2F%2Flocalhost%3A8080%2Fbase%2Fnode_modules%2Fjasmine-core%2Flib%2Fjasmine-core%2Fjasmine.js%3F578a1e5ff14db21b04e2d6db7fd0eda37042440c%3A1745%0A%20%20%20%20at%20http%3A%2F%2Flocalhost%3A8080%2Fbase%2Fnode_modules%2Fjasmine-core%2Flib%2Fjasmine-core%2Fjasmine.js%3F578a1e5ff14db21b04e2d6db7fd0eda37042440c%3A2348%0A%20%20%20%20at%20clearStack%20(http%3A%2F%2Flocalhost%3A8080%2Fbase%2Fnode_modules%2Fjasmine-core%2Flib%2Fjasmine-core%2Fjasmine.js%3F578a1e5ff14db21b04e2d6db7fd0eda37042440c%3A605)%0A%20%20%20%20at%20http%3A%2F%2Flocalhost%3A8080%2Fbase%2Fnode_modules%2Fjasmine-core%2Flib%2Fjasmine-core%2Fjasmine.js%3F578a1e5ff14db21b04e2d6db7fd0eda37042440c%3A1784%0A%20%20%20%20at%20http%3A%2F%2Flocalhost%3A8080%2Fbase%2Fnode_modules%2Fjasmine-core%2Flib%2Fjasmine-core%2Fjasmine.js%3F578a1e5ff14db21b04e2d6db7fd0eda37042440c%3A1762%0A%20%20%20%20at%20http%3A%2F%2Flocalhost%3A8080%2Fbase%2Fnode_modules%2Fjasmine-core%2Flib%2Fjasmine-core%2Fjasmine.js%3F578a1e5ff14db21b04e2d6db7fd0eda37042440c%3A627%0A%20%20%20%20at%20http%3A%2F%2Flocalhost%3A8080%2Fbase%2Fnode_modules%2Fjasmine-core%2Flib%2Fjasmine-core%2Fjasmine.js%3F578a1e5ff14db21b04e2d6db7fd0eda37042440c%3A2354%0A%20%20%20%20at%20attemptAsync%20(http%3A%2F%2Flocalhost%3A8080%2Fbase%2Fnode_modules%2Fjasmine-core%2Flib%2Fjasmine-core%2Fjasmine.js%3F578a1e5ff14db21b04e2d6db7fd0eda37042440c%3A1819)%0A%20%20%20%20at%20http%3A%2F%2Flocalhost%3A8080%2Fbase%2Fnode_modules%2Fjasmine-core%2Flib%2Fjasmine-core%2Fjasmine.js%3F578a1e5ff14db21b04e2d6db7fd0eda37042440c%3A1774%0A%20%20%20%20at%20http%3A%2F%2Flocalhost%3A8080%2Fbase%2Fnode_modules%2Fjasmine-core%2Flib%2Fjasmine-core%2Fjasmine.js%3F578a1e5ff14db21b04e2d6db7fd0eda37042440c%3A1801%0A%20%20%20%20at%20http%3A%2F%2Flocalhost%3A8080%2Fbase%2Fnode_modules%2Fjasmine-core%2Flib%2Fjasmine-core%2Fjasmine.js%3F578a1e5ff14db21b04e2d6db7fd0eda37042440c%3A1745%0A%20%20%20%20at%20http%3A%2F%2Flocalhost%3A8080%2Fbase%2Fnode_modules%2Fjasmine-core%2Flib%2Fjasmine-core%2Fjasmine.js%3F578a1e5ff14db21b04e2d6db7fd0eda37042440c%3A2348%0A%20%20%20%20at%20clearStack%20(http%3A%2F%2Flocalhost%3A8080%2Fbase%2Fnode_modules%2Fjasmine-core%2Flib%2Fjasmine-core%2Fjasmine.js%3F578a1e5ff14db21b04e2d6db7fd0eda37042440c%3A605)%0A%20%20%20%20at%20http%3A%2F%2Flocalhost%3A8080%2Fbase%2Fnode_modules%2Fjasmine-core%2Flib%2Fjasmine-core%2Fjasmine.js%3F578a1e5ff14db21b04e2d6db7fd0eda37042440c%3A1784%0A%20%20%20%20at%20http%3A%2F%2Flocalhost%3A8080%2Fbase%2Fnode_modules%2Fjasmine-core%2Flib%2Fjasmine-core%2Fjasmine.js%3F578a1e5ff14db21b04e2d6db7fd0eda37042440c%3A1762%0A%20%20%20%20at%20http%3A%2F%2Flocalhost%3A8080%2Fbase%2Fnode_modules%2Fjasmine-core%2Flib%2Fjasmine-core%2Fjasmine.js%3F578a1e5ff14db21b04e2d6db7fd0eda37042440c%3A627%0A%20%20%20%20at%20http%3A%2F%2Flocalhost%3A8080%2Fbase%2Fnode_modules%2Fjasmine-core%2Flib%2Fjasmine-core%2Fjasmine.js%3F578a1e5ff14db21b04e2d6db7fd0eda37042440c%3A2354%0A%20%20%20%20at%20attemptAsync%20(http%3A%2F%2Flocalhost%3A8080%2Fbase%2Fnode_modules%2Fjasmine-core%2Flib%2Fjasmine-core%2Fjasmine.js%3F578a1e5ff14db21b04e2d6db7fd0eda37042440c%3A1819)%0A%20%20%20%20at%20http%3A%2F%2Flocalhost%3A8080%2Fbase%2Fnode_modules%2Fjasmine-core%2Flib%2Fjasmine-core%2Fjasmine.js%3F578a1e5ff14db21b04e2d6db7fd0eda37042440c%3A1774%0A%20%20%20%20at%20http%3A%2F%2Flocalhost%3A8080%2Fbase%2Fnode_modules%2Fjasmine-core%2Flib%2Fjasmine-core%2Fjasmine.js%3F578a1e5ff14db21b04e2d6db7fd0eda37042440c%3A1801%0A%20%20%20%20at%20http%3A%2F%2Flocalhost%3A8080%2Fbase%2Fnode_modules%2Fjasmine-core%2Flib%2Fjasmine-core%2Fjasmine.js%3F578a1e5ff14db21b04e2d6db7fd0eda37042440c%3A1745%0A%20%20%20%20at%20http%3A%2F%2Flocalhost%3A8080%2Fbase%2Fnode_modules%2Fjasmine-core%2Flib%2Fjasmine-core%2Fjasmine.js%3F578a1e5ff14db21b04e2d6db7fd0eda37042440c%3A2348%0A%20%20%20%20at%20clearStack%20(http%3A%2F%2Flocalhost%3A8080%2Fbase%2Fnode_modules%2Fjasmine-core%2Flib%2Fjasmine-core%2Fjasmine.js%3F578a1e5ff14db21b04e2d6db7fd0eda37042440c%3A605)%0A%20%20%20%20at%20http%3A%2F%2Flocalhost%3A8080%2Fbase%2Fnode_modules%2Fjasmine-core%2Flib%2Fjasmine-core%2Fjasmine.js%3F578a1e5ff14db21b04e2d6db7fd0eda37042440c%3A1784%0A%20%20%20%20at%20http%3A%2F%2Flocalhost%3A8080%2Fbase%2Fnode_modules%2Fjasmine-core%2Flib%2Fjasmine-core%2Fjasmine.js%3F578a1e5ff14db21b04e2d6db7fd0eda37042440c%3A1762%0A%20%20%20%20at%20http%3A%2F%2Flocalhost%3A8080%2Fbase%2Fnode_modules%2Fjasmine-core%2Flib%2Fjasmine-core%2Fjasmine.js%3F578a1e5ff14db21b04e2d6db7fd0eda37042440c%3A627%0A%20%20%20%20at%20http%3A%2F%2Flocalhost%3A8080%2Fbase%2Fnode_modules%2Fjasmine-core%2Flib%2Fjasmine-core%2Fjasmine.js%3F578a1e5ff14db21b04e2d6db7fd0eda37042440c%3A2354%0A%20%20%20%20at%20attemptAsync%20(http%3A%2F%2Flocalhost%3A8080%2Fbase%2Fnode_modules%2Fjasmine-core%2Flib%2Fjasmine-core%2Fjasmine.js%3F578a1e5ff14db21b04e2d6db7fd0eda37042440c%3A1819)%0A%20%20%20%20at%20http%3A%2F%2Flocalhost%3A8080%2Fbase%2Fnode_modules%2Fjasmine-core%2Flib%2Fjasmine-core%2Fjasmine.js%3F578a1e5ff14db21b04e2d6db7fd0eda37042440c%3A1774%0A%20%20%20%20at%20http%3A%2F%2Flocalhost%3A8080%2Fbase%2Fnode_modules%2Fjasmine-core%2Flib%2Fjasmine-core%2Fjasmine.js%3F578a1e5ff14db21b04e2d6db7fd0eda37042440c%3A1801%0A%20%20%20%20at%20http%3A%2F%2Flocalhost%3A8080%2Fbase%2Fnode_modules%2Fjasmine-core%2Flib%2Fjasmine-core%2Fjasmine.js%3F578a1e5ff14db21b04e2d6db7fd0eda37042440c%3A1745%0A%20%20%20%20at%20http%3A%2F%2Flocalhost%3A8080%2Fbase%2Fnode_modules%2Fjasmine-core%2Flib%2Fjasmine-core%2Fjasmine.js%3F578a1e5ff14db21b04e2d6db7fd0eda37042440c%3A2348%0A%20%20%20%20at%20clearStack%20(http%3A%2F%2Flocalhost%3A8080%2Fbase%2Fnode_modules%2Fjasmine-core%2Flib%2Fjasmine-core%2Fjasmine.js%3F578a1e5ff14db21b04e2d6db7fd0eda37042440c%3A605)%0A%20%20%20%20at%20http%3A%2F%2Flocalhost%3A8080%2Fbase%2Fnode_modules%2Fjasmine-core%2Flib%2Fjasmine-core%2Fjasmine.js%3F578a1e5ff14db21b04e2d6db7fd0eda37042440c%3A1784%0A%20%20%20%20at%20http%3A%2F%2Flocalhost%3A8080%2Fbase%2Fnode_modules%2Fjasmine-core%2Flib%2Fjasmine-core%2Fjasmine.js%3F578a1e5ff14db21b04e2d6db7fd0eda37042440c%3A1762%0A%20%20%20%20at%20http%3A%2F%2Flocalhost%3A8080%2Fbase%2Fnode_modules%2Fjasmine-core%2Flib%2Fjasmine-core%2Fjasmine.js%3F578a1e5ff14db21b04e2d6db7fd0eda37042440c%3A627%0A%20%20%20%20at%20http%3A%2F%2Flocalhost%3A8080%2Fbase%2Fnode_modules%2Fjasmine-core%2Flib%2Fjasmine-core%2Fjasmine.js%3F578a1e5ff14db21b04e2d6db7fd0eda37042440c%3A2354%0A%20%20%20%20at%20attemptAsync%20(http%3A%2F%2Flocalhost%3A8080%2Fbase%2Fnode_modules%2Fjasmine-core%2Flib%2Fjasmine-core%2Fjasmine.js%3F578a1e5ff14db21b04e2d6db7fd0eda37042440c%3A1819)%0A%20%20%20%20at%20http%3A%2F%2Flocalhost%3A8080%2Fbase%2Fnode_modules%2Fjasmine-core%2Flib%2Fjasmine-core%2Fjasmine.js%3F578a1e5ff14db21b04e2d6db7fd0eda37042440c%3A1774%0A%20%20%20%20at%20http%3A%2F%2Flocalhost%3A8080%2Fbase%2Fnode_modules%2Fjasmine-core%2Flib%2Fjasmine-core%2Fjasmine.js%3F578a1e5ff14db21b04e2d6db7fd0eda37042440c%3A1801%0A%20%20%20%20at%20http%3A%2F%2Flocalhost%3A8080%2Fbase%2Fnode_modules%2Fjasmine-core%2Flib%2Fjasmine-core%2Fjasmine.js%3F578a1e5ff14db21b04e2d6db7fd0eda37042440c%3A1745%0A%20%20%20%20at%20http%3A%2F%2Flocalhost%3A8080%2Fbase%2Fnode_modules%2Fjasmine-core%2Flib%2Fjasmine-core%2Fjasmine.js%3F578a1e5ff14db21b04e2d6db7fd0eda37042440c%3A2348%0A%20%20%20%20at%20clearStack%20(http%3A%2F%2Flocalhost%3A8080%2Fbase%2Fnode_modules%2Fjasmine-core%2Flib%2Fjasmine-core%2Fjasmine.js%3F578a1e5ff14db21b04e2d6db7fd0eda37042440c%3A605)%0A%20%20%20%20at%20http%3A%2F%2Flocalhost%3A8080%2Fbase%2Fnode_modules%2Fjasmine-core%2Flib%2Fjasmine-core%2Fjasmine.js%3F578a1e5ff14db21b04e2d6db7fd0eda37042440c%3A1784%0A%20%20%20%20at%20http%3A%2F%2Flocalhost%3A8080%2Fbase%2Fnode_modules%2Fjasmine-core%2Flib%2Fjasmine-core%2Fjasmine.js%3F578a1e5ff14db21b04e2d6db7fd0eda37042440c%3A1762%0A%20%20%20%20at%20http%3A%2F%2Flocalhost%3A8080%2Fbase%2Fnode_modules%2Fjasmine-core%2Flib%2Fjasmine-core%2Fjasmine.js%3F578a1e5ff14db21b04e2d6db7fd0eda37042440c%3A627%0A%20%20%20%20at%20http%3A%2F%2Flocalhost%3A8080%2Fbase%2Fnode_modules%2Fjasmine-core%2Flib%2Fjasmine-core%2Fjasmine.js%3F578a1e5ff14db21b04e2d6db7fd0eda37042440c%3A2354%0A%20%20%20%20at%20attemptAsync%20(http%3A%2F%2Flocalhost%3A8080%2Fbase%2Fnode_modules%2Fjasmine-core%2Flib%2Fjasmine-core%2Fjasmine.js%3F578a1e5ff14db21b04e2d6db7fd0eda37042440c%3A1819)%0A%20%20%20%20at%20http%3A%2F%2Flocalhost%3A8080%2Fbase%2Fnode_modules%2Fjasmine-core%2Flib%2Fjasmine-core%2Fjasmine.js%3F578a1e5ff14db21b04e2d6db7fd0eda37042440c%3A1774%0A%20%20%20%20at%20http%3A%2F%2Flocalhost%3A8080%2Fbase%2Fnode_modules%2Fjasmine-core%2Flib%2Fjasmine-core%2Fjasmine.js%3F578a1e5ff14db21b04e2d6db7fd0eda37042440c%3A1801%0A%20%20%20%20at%20http%3A%2F%2Flocalhost%3A8080%2Fbase%2Fnode_modules%2Fjasmine-core%2Flib%2Fjasmine-core%2Fjasmine.js%3F578a1e5ff14db21b04e2d6db7fd0eda37042440c%3A1745%0A%20%20%20%20at%20http%3A%2F%2Flocalhost%3A8080%2Fbase%2Fnode_modules%2Fjasmine-core%2Flib%2Fjasmine-core%2Fjasmine.js%3F578a1e5ff14db21b04e2d6db7fd0eda37042440c%3A2348%0A%20%20%20%20at%20clearStack%20(http%3A%2F%2Flocalhost%3A8080%2Fbase%2Fnode_modules%2Fjasmine-core%2Flib%2Fjasmine-core%2Fjasmine.js%3F578a1e5ff14db21b04e2d6db7fd0eda37042440c%3A605)%0A%20%20%20%20at%20http%3A%2F%2Flocalhost%3A8080%2Fbase%2Fnode_modules%2Fjasmine-core%2Flib%2Fjasmine-core%2Fjasmine.js%3F578a1e5ff14db21b04e2d6db7fd0eda37042440c%3A1784%0A%20%20%20%20at%20http%3A%2F%2Flocalhost%3A8080%2Fbase%2Fnode_modules%2Fjasmine-core%2Flib%2Fjasmine-core%2Fjasmine.js%3F578a1e5ff14db21b04e2d6db7fd0eda37042440c%3A1762%0A%20%20%20%20at%20http%3A%2F%2Flocalhost%3A8080%2Fbase%2Fnode_modules%2Fjasmine-core%2Flib%2Fjasmine-core%2Fjasmine.js%3F578a1e5ff14db21b04e2d6db7fd0eda37042440c%3A627%0A%20%20%20%20at%20http%3A%2F%2Flocalhost%3A8080%2Fbase%2Fnode_modules%2Fjasmine-core%2Flib%2Fjasmine-core%2Fjasmine.js%3F578a1e5ff14db21b04e2d6db7fd0eda37042440c%3A2354%0A%20%20%20%20at%20attemptAsync%20(http%3A%2F%2Flocalhost%3A8080%2Fbase%2Fnode_modules%2Fjasmine-core%2Flib%2Fjasmine-core%2Fjasmine.js%3F578a1e5ff14db21b04e2d6db7fd0eda37042440c%3A1819)%0A%20%20%20%20at%20http%3A%2F%2Flocalhost%3A8080%2Fbase%2Fnode_modules%2Fjasmine-core%2Flib%2Fjasmine-core%2Fjasmine.js%3F578a1e5ff14db21b04e2d6db7fd0eda37042440c%3A1774%0A%20%20%20%20at%20http%3A%2F%2Flocalhost%3A8080%2Fbase%2Fnode_modules%2Fjasmine-core%2Flib%2Fjasmine-core%2Fjasmine.js%3F578a1e5ff14db21b04e2d6db7fd0eda37042440c%3A1801%0A%20%20%20%20at%20http%3A%2F%2Flocalhost%3A8080%2Fbase%2Fnode_modules%2Fjasmine-core%2Flib%2Fjasmine-core%2Fjasmine.js%3F578a1e5ff14db21b04e2d6db7fd0eda37042440c%3A1745%0A%20%20%20%20at%20http%3A%2F%2Flocalhost%3A8080%2Fbase%2Fnode_modules%2Fjasmine-core%2Flib%2Fjasmine-core%2Fjasmine.js%3F578a1e5ff14db21b04e2d6db7fd0eda37042440c%3A2348%0A%20%20%20%20at%20clearStack%20(http%3A%2F%2Flocalhost%3A8080%2Fbase%2Fnode_modules%2Fjasmine-core%2Flib%2Fjasmine-core%2Fjasmine.js%3F578a1e5ff14db21b04e2d6db7fd0eda37042440c%3A605)%0A%20%20%20%20at%20http%3A%2F%2Flocalhost%3A8080%2Fbase%2Fnode_modules%2Fjasmine-core%2Flib%2Fjasmine-core%2Fjasmine.js%3F578a1e5ff14db21b04e2d6db7fd0eda37042440c%3A1784%0A%20%20%20%20at%20http%3A%2F%2Flocalhost%3A8080%2Fbase%2Fnode_modules%2Fjasmine-core%2Flib%2Fjasmine-core%2Fjasmine.js%3F578a1e5ff14db21b04e2d6db7fd0eda37042440c%3A1762%0A%20%20%20%20at%20http%3A%2F%2Flocalhost%3A8080%2Fbase%2Fnode_modules%2Fjasmine-core%2Flib%2Fjasmine-core%2Fjasmine.js%3F578a1e5ff14db21b04e2d6db7fd0eda37042440c%3A627%0A%20%20%20%20at%20http%3A%2F%2Flocalhost%3A8080%2Fbase%2Fnode_modules%2Fjasmine-core%2Flib%2Fjasmine-core%2Fjasmine.js%3F578a1e5ff14db21b04e2d6db7fd0eda37042440c%3A2354%0A%20%20%20%20at%20attemptAsync%20(http%3A%2F%2Flocalhost%3A8080%2Fbase%2Fnode_modules%2Fjasmine-core%2Flib%2Fjasmine-core%2Fjasmine.js%3F578a1e5ff14db21b04e2d6db7fd0eda37042440c%3A1819)%0A%20%20%20%20at%20http%3A%2F%2Flocalhost%3A8080%2Fbase%2Fnode_modules%2Fjasmine-core%2Flib%2Fjasmine-core%2Fjasmine.js%3F578a1e5ff14db21b04e2d6db7fd0eda37042440c%3A1774%0A%20%20%20%20at%20http%3A%2F%2Flocalhost%3A8080%2Fbase%2Fnode_modules%2Fjasmine-core%2Flib%2Fjasmine-core%2Fjasmine.js%3F578a1e5ff14db21b04e2d6db7fd0eda37042440c%3A1762%0A%20%20%20%20at%20http%3A%2F%2Flocalhost%3A8080%2Fbase%2Fnode_modules%2Fjasmine-core%2Flib%2Fjasmine-core%2Fjasmine.js%3F578a1e5ff14db21b04e2d6db7fd0eda37042440c%3A627%0A%20%20%20%20at%20http%3A%2F%2Flocalhost%3A8080%2Fbase%2Fnode_modules%2Fjasmine-core%2Flib%2Fjasmine-core%2Fjasmine.js%3F578a1e5ff14db21b04e2d6db7fd0eda37042440c%3A2215%0A%20%20%20%20at%20http%3A%2F%2Flocalhost%3A8080%2Fbase%2Fnode_modules%2Fjasmine-core%2Flib%2Fjasmine-core%2Fjasmine.js%3F578a1e5ff14db21b04e2d6db7fd0eda37042440c%3A678%0A%20%20%20%20at%20http%3A%2F%2Flocalhost%3A8080%2Fbase%2Fnode_modules%2Fkarma-jasmine%2Flib%2Fadapter.js%3F0a69ad1fa10cc8be0a12b241227d3b834f82db4f%3A317%0A%20%20%20%20at%20http%3A%2F%2Flocalhost%3A8080%2Fkarma.js%3A185%0A%20%20%20%20at%20http%3A%2F%2Flocalhost%3A8080%2Fcontext.html%3A127
    at C:/dev/MedExplorer/src/client/app/vendor/angular/angular.js:4379
    at forEach (C:/dev/MedExplorer/src/client/app/vendor/angular/angular.js:336)
    at loadModules (C:/dev/MedExplorer/src/client/app/vendor/angular/angular.js:4381)
    at createInjector (C:/dev/MedExplorer/src/client/app/vendor/angular/angular.js:4265)
    at workFn (C:/dev/MedExplorer/src/client/app/vendor/angular-mocks/angular-mocks.js:2409)
</failure>
    </testcase>
    <testcase name="convert mmddyyyy_slashes" time="0.007" classname="PhantomJS 1.9.8 (Windows 7 0.0.0).Filter: date">
      <failure type="">Error: [$injector:modulerr] Failed to instantiate module MedExplorer due to:
Error: [$injector:modulerr] Failed to instantiate module ui.bootstrap due to:
Error: [$injector:nomod] Module &apos;ui.bootstrap&apos; is not available! You either misspelled the module name or forgot to load it. If registering a module ensure that you specify the dependencies as the second argument.
http://errors.angularjs.org/1.4.1/$injector/nomod?p0=ui.bootstrap
    at C:/dev/MedExplorer/src/client/app/vendor/angular/angular.js:1951
    at ensure (C:/dev/MedExplorer/src/client/app/vendor/angular/angular.js:1873)
    at module (C:/dev/MedExplorer/src/client/app/vendor/angular/angular.js:2201)
    at C:/dev/MedExplorer/src/client/app/vendor/angular/angular.js:4355
    at forEach (C:/dev/MedExplorer/src/client/app/vendor/angular/angular.js:336)
    at loadModules (C:/dev/MedExplorer/src/client/app/vendor/angular/angular.js:4381)
    at C:/dev/MedExplorer/src/client/app/vendor/angular/angular.js:4356
    at forEach (C:/dev/MedExplorer/src/client/app/vendor/angular/angular.js:336)
    at loadModules (C:/dev/MedExplorer/src/client/app/vendor/angular/angular.js:4381)
    at createInjector (C:/dev/MedExplorer/src/client/app/vendor/angular/angular.js:4265)
    at workFn (C:/dev/MedExplorer/src/client/app/vendor/angular-mocks/angular-mocks.js:2409)
http://errors.angularjs.org/1.4.1/$injector/modulerr?p0=ui.bootstrap&amp;p1=Error%3A%20%5B%24injector%3Anomod%5D%20Module%20&apos;ui.bootstrap&apos;%20is%20not%20available!%20You%20either%20misspelled%20the%20module%20name%20or%20forgot%20to%20load%20it.%20If%20registering%20a%20module%20ensure%20that%20you%20specify%20the%20dependencies%20as%20the%20second%20argument.%0Ahttp%3A%2F%2Ferrors.angularjs.org%2F1.4.1%2F%24injector%2Fnomod%3Fp0%3Dui.bootstrap%0A%20%20%20%20at%20http%3A%2F%2Flocalhost%3A8080%2Fbase%2Fapp%2Fvendor%2Fangular%2Fangular.js%3F9d140432f81858ac1e7888708720d419d147ffa9%3A1951%0A%20%20%20%20at%20ensure%20(http%3A%2F%2Flocalhost%3A8080%2Fbase%2Fapp%2Fvendor%2Fangular%2Fangular.js%3F9d140432f81858ac1e7888708720d419d147ffa9%3A1873)%0A%20%20%20%20at%20module%20(http%3A%2F%2Flocalhost%3A8080%2Fbase%2Fapp%2Fvendor%2Fangular%2Fangular.js%3F9d140432f81858ac1e7888708720d419d147ffa9%3A2201)%0A%20%20%20%20at%20http%3A%2F%2Flocalhost%3A8080%2Fbase%2Fapp%2Fvendor%2Fangular%2Fangular.js%3F9d140432f81858ac1e7888708720d419d147ffa9%3A4355%0A%20%20%20%20at%20forEach%20(http%3A%2F%2Flocalhost%3A8080%2Fbase%2Fapp%2Fvendor%2Fangular%2Fangular.js%3F9d140432f81858ac1e7888708720d419d147ffa9%3A336)%0A%20%20%20%20at%20loadModules%20(http%3A%2F%2Flocalhost%3A8080%2Fbase%2Fapp%2Fvendor%2Fangular%2Fangular.js%3F9d140432f81858ac1e7888708720d419d147ffa9%3A4381)%0A%20%20%20%20at%20http%3A%2F%2Flocalhost%3A8080%2Fbase%2Fapp%2Fvendor%2Fangular%2Fangular.js%3F9d140432f81858ac1e7888708720d419d147ffa9%3A4356%0A%20%20%20%20at%20forEach%20(http%3A%2F%2Flocalhost%3A8080%2Fbase%2Fapp%2Fvendor%2Fangular%2Fangular.js%3F9d140432f81858ac1e7888708720d419d147ffa9%3A336)%0A%20%20%20%20at%20loadModules%20(http%3A%2F%2Flocalhost%3A8080%2Fbase%2Fapp%2Fvendor%2Fangular%2Fangular.js%3F9d140432f81858ac1e7888708720d419d147ffa9%3A4381)%0A%20%20%20%20at%20createInjector%20(http%3A%2F%2Flocalhost%3A8080%2Fbase%2Fapp%2Fvendor%2Fangular%2Fangular.js%3F9d140432f81858ac1e7888708720d419d147ffa9%3A4265)%0A%20%20%20%20at%20workFn%20(http%3A%2F%2Flocalhost%3A8080%2Fbase%2Fapp%2Fvendor%2Fangular-mocks%2Fangular-mocks.js%3F6fe041cc8bb7a17f894cb12d8b0d44b12644f10a%3A2409)%0A%20%20%20%20at%20attemptSync%20(http%3A%2F%2Flocalhost%3A8080%2Fbase%2Fnode_modules%2Fjasmine-core%2Flib%2Fjasmine-core%2Fjasmine.js%3F578a1e5ff14db21b04e2d6db7fd0eda37042440c%3A1789)%0A%20%20%20%20at%20http%3A%2F%2Flocalhost%3A8080%2Fbase%2Fnode_modules%2Fjasmine-core%2Flib%2Fjasmine-core%2Fjasmine.js%3F578a1e5ff14db21b04e2d6db7fd0eda37042440c%3A1777%0A%20%20%20%20at%20http%3A%2F%2Flocalhost%3A8080%2Fbase%2Fnode_modules%2Fjasmine-core%2Flib%2Fjasmine-core%2Fjasmine.js%3F578a1e5ff14db21b04e2d6db7fd0eda37042440c%3A1762%0A%20%20%20%20at%20http%3A%2F%2Flocalhost%3A8080%2Fbase%2Fnode_modules%2Fjasmine-core%2Flib%2Fjasmine-core%2Fjasmine.js%3F578a1e5ff14db21b04e2d6db7fd0eda37042440c%3A627%0A%20%20%20%20at%20http%3A%2F%2Flocalhost%3A8080%2Fbase%2Fnode_modules%2Fjasmine-core%2Flib%2Fjasmine-core%2Fjasmine.js%3F578a1e5ff14db21b04e2d6db7fd0eda37042440c%3A357%0A%20%20%20%20at%20http%3A%2F%2Flocalhost%3A8080%2Fbase%2Fnode_modules%2Fjasmine-core%2Flib%2Fjasmine-core%2Fjasmine.js%3F578a1e5ff14db21b04e2d6db7fd0eda37042440c%3A2360%0A%20%20%20%20at%20attemptAsync%20(http%3A%2F%2Flocalhost%3A8080%2Fbase%2Fnode_modules%2Fjasmine-core%2Flib%2Fjasmine-core%2Fjasmine.js%3F578a1e5ff14db21b04e2d6db7fd0eda37042440c%3A1819)%0A%20%20%20%20at%20http%3A%2F%2Flocalhost%3A8080%2Fbase%2Fnode_modules%2Fjasmine-core%2Flib%2Fjasmine-core%2Fjasmine.js%3F578a1e5ff14db21b04e2d6db7fd0eda37042440c%3A1774%0A%20%20%20%20at%20http%3A%2F%2Flocalhost%3A8080%2Fbase%2Fnode_modules%2Fjasmine-core%2Flib%2Fjasmine-core%2Fjasmine.js%3F578a1e5ff14db21b04e2d6db7fd0eda37042440c%3A1801%0A%20%20%20%20at%20http%3A%2F%2Flocalhost%3A8080%2Fbase%2Fnode_modules%2Fjasmine-core%2Flib%2Fjasmine-core%2Fjasmine.js%3F578a1e5ff14db21b04e2d6db7fd0eda37042440c%3A1745%0A%20%20%20%20at%20complete%20(http%3A%2F%2Flocalhost%3A8080%2Fbase%2Fnode_modules%2Fjasmine-core%2Flib%2Fjasmine-core%2Fjasmine.js%3F578a1e5ff14db21b04e2d6db7fd0eda37042440c%3A365)
    at C:/dev/MedExplorer/src/client/app/vendor/angular/angular.js:4379
    at forEach (C:/dev/MedExplorer/src/client/app/vendor/angular/angular.js:336)
    at loadModules (C:/dev/MedExplorer/src/client/app/vendor/angular/angular.js:4381)
    at C:/dev/MedExplorer/src/client/app/vendor/angular/angular.js:4356
    at forEach (C:/dev/MedExplorer/src/client/app/vendor/angular/angular.js:336)
    at loadModules (C:/dev/MedExplorer/src/client/app/vendor/angular/angular.js:4381)
    at createInjector (C:/dev/MedExplorer/src/client/app/vendor/angular/angular.js:4265)
    at workFn (C:/dev/MedExplorer/src/client/app/vendor/angular-mocks/angular-mocks.js:2409)
http://errors.angularjs.org/1.4.1/$injector/modulerr?p0=MedExplorer&amp;p1=Error%3A%20%5B%24injector%3Amodulerr%5D%20Failed%20to%20instantiate%20module%20ui.bootstrap%20due%20to%3A%0AError%3A%20%5B%24injector%3Anomod%5D%20Module%20&apos;ui.bootstrap&apos;%20is%20not%20available!%20You%20either%20misspelled%20the%20module%20name%20or%20forgot%20to%20load%20it.%20If%20registering%20a%20module%20ensure%20that%20you%20specify%20the%20dependencies%20as%20the%20second%20argument.%0Ahttp%3A%2F%2Ferrors.angularjs.org%2F1.4.1%2F%24injector%2Fnomod%3Fp0%3Dui.bootstrap%0A%20%20%20%20at%20http%3A%2F%2Flocalhost%3A8080%2Fbase%2Fapp%2Fvendor%2Fangular%2Fangular.js%3F9d140432f81858ac1e7888708720d419d147ffa9%3A1951%0A%20%20%20%20at%20ensure%20(http%3A%2F%2Flocalhost%3A8080%2Fbase%2Fapp%2Fvendor%2Fangular%2Fangular.js%3F9d140432f81858ac1e7888708720d419d147ffa9%3A1873)%0A%20%20%20%20at%20module%20(http%3A%2F%2Flocalhost%3A8080%2Fbase%2Fapp%2Fvendor%2Fangular%2Fangular.js%3F9d140432f81858ac1e7888708720d419d147ffa9%3A2201)%0A%20%20%20%20at%20http%3A%2F%2Flocalhost%3A8080%2Fbase%2Fapp%2Fvendor%2Fangular%2Fangular.js%3F9d140432f81858ac1e7888708720d419d147ffa9%3A4355%0A%20%20%20%20at%20forEach%20(http%3A%2F%2Flocalhost%3A8080%2Fbase%2Fapp%2Fvendor%2Fangular%2Fangular.js%3F9d140432f81858ac1e7888708720d419d147ffa9%3A336)%0A%20%20%20%20at%20loadModules%20(http%3A%2F%2Flocalhost%3A8080%2Fbase%2Fapp%2Fvendor%2Fangular%2Fangular.js%3F9d140432f81858ac1e7888708720d419d147ffa9%3A4381)%0A%20%20%20%20at%20http%3A%2F%2Flocalhost%3A8080%2Fbase%2Fapp%2Fvendor%2Fangular%2Fangular.js%3F9d140432f81858ac1e7888708720d419d147ffa9%3A4356%0A%20%20%20%20at%20forEach%20(http%3A%2F%2Flocalhost%3A8080%2Fbase%2Fapp%2Fvendor%2Fangular%2Fangular.js%3F9d140432f81858ac1e7888708720d419d147ffa9%3A336)%0A%20%20%20%20at%20loadModules%20(http%3A%2F%2Flocalhost%3A8080%2Fbase%2Fapp%2Fvendor%2Fangular%2Fangular.js%3F9d140432f81858ac1e7888708720d419d147ffa9%3A4381)%0A%20%20%20%20at%20createInjector%20(http%3A%2F%2Flocalhost%3A8080%2Fbase%2Fapp%2Fvendor%2Fangular%2Fangular.js%3F9d140432f81858ac1e7888708720d419d147ffa9%3A4265)%0A%20%20%20%20at%20workFn%20(http%3A%2F%2Flocalhost%3A8080%2Fbase%2Fapp%2Fvendor%2Fangular-mocks%2Fangular-mocks.js%3F6fe041cc8bb7a17f894cb12d8b0d44b12644f10a%3A2409)%0A%20%20%20%20at%20attemptSync%20(http%3A%2F%2Flocalhost%3A8080%2Fbase%2Fnode_modules%2Fjasmine-core%2Flib%2Fjasmine-core%2Fjasmine.js%3F578a1e5ff14db21b04e2d6db7fd0eda37042440c%3A1789)%0A%20%20%20%20at%20http%3A%2F%2Flocalhost%3A8080%2Fbase%2Fnode_modules%2Fjasmine-core%2Flib%2Fjasmine-core%2Fjasmine.js%3F578a1e5ff14db21b04e2d6db7fd0eda37042440c%3A1777%0A%20%20%20%20at%20http%3A%2F%2Flocalhost%3A8080%2Fbase%2Fnode_modules%2Fjasmine-core%2Flib%2Fjasmine-core%2Fjasmine.js%3F578a1e5ff14db21b04e2d6db7fd0eda37042440c%3A1762%0A%20%20%20%20at%20http%3A%2F%2Flocalhost%3A8080%2Fbase%2Fnode_modules%2Fjasmine-core%2Flib%2Fjasmine-core%2Fjasmine.js%3F578a1e5ff14db21b04e2d6db7fd0eda37042440c%3A627%0A%20%20%20%20at%20http%3A%2F%2Flocalhost%3A8080%2Fbase%2Fnode_modules%2Fjasmine-core%2Flib%2Fjasmine-core%2Fjasmine.js%3F578a1e5ff14db21b04e2d6db7fd0eda37042440c%3A357%0A%20%20%20%20at%20http%3A%2F%2Flocalhost%3A8080%2Fbase%2Fnode_modules%2Fjasmine-core%2Flib%2Fjasmine-core%2Fjasmine.js%3F578a1e5ff14db21b04e2d6db7fd0eda37042440c%3A2360%0A%20%20%20%20at%20attemptAsync%20(http%3A%2F%2Flocalhost%3A8080%2Fbase%2Fnode_modules%2Fjasmine-core%2Flib%2Fjasmine-core%2Fjasmine.js%3F578a1e5ff14db21b04e2d6db7fd0eda37042440c%3A1819)%0A%20%20%20%20at%20http%3A%2F%2Flocalhost%3A8080%2Fbase%2Fnode_modules%2Fjasmine-core%2Flib%2Fjasmine-core%2Fjasmine.js%3F578a1e5ff14db21b04e2d6db7fd0eda37042440c%3A1774%0A%20%20%20%20at%20http%3A%2F%2Flocalhost%3A8080%2Fbase%2Fnode_modules%2Fjasmine-core%2Flib%2Fjasmine-core%2Fjasmine.js%3F578a1e5ff14db21b04e2d6db7fd0eda37042440c%3A1801%0A%20%20%20%20at%20http%3A%2F%2Flocalhost%3A8080%2Fbase%2Fnode_modules%2Fjasmine-core%2Flib%2Fjasmine-core%2Fjasmine.js%3F578a1e5ff14db21b04e2d6db7fd0eda37042440c%3A1745%0A%20%20%20%20at%20complete%20(http%3A%2F%2Flocalhost%3A8080%2Fbase%2Fnode_modules%2Fjasmine-core%2Flib%2Fjasmine-core%2Fjasmine.js%3F578a1e5ff14db21b04e2d6db7fd0eda37042440c%3A365)%0Ahttp%3A%2F%2Ferrors.angularjs.org%2F1.4.1%2F%24injector%2Fmodulerr%3Fp0%3Dui.bootstrap%26p1%3DError%253A%2520%255B%2524injector%253Anomod%255D%2520Module%2520&apos;ui.bootstrap&apos;%2520is%2520not%2520available!%2520You%2520either%2520misspelled%2520the%2520module%2520name%2520or%2520forgot%2520to%2520load%2520it.%2520If%2520registering%2520a%2520module%2520ensure%2520that%2520you%2520specify%2520the%2520dependencies%2520as%2520the%2520second%2520argument.%250Ahttp%253A%252F%252Ferrors.angularjs.org%252F1.4.1%252F%2524injector%252Fnomod%253Fp0%253Dui.bootstrap%250A%2520%2520%2520%2520at%2520http%253A%252F%252Flocalhost%253A8080%252Fbase%252Fapp%252Fvendor%252Fangular%252Fangular.js%253F9d140432f81858ac1e7888708720d419d147ffa9%253A1951%250A%2520%2520%2520%2520at%2520ensure%2520(http%253A%252F%252Flocalhost%253A8080%252Fbase%252Fapp%252Fvendor%252Fangular%252Fangular.js%253F9d140432f81858ac1e7888708720d419d147ffa9%253A1873)%250A%2520%2520%2520%2520at%2520module%2520(http%253A%252F%252Flocalhost%253A8080%252Fbase%252Fapp%252Fvendor%252Fangular%252Fangular.js%253F9d140432f81858ac1e7888708720d419d147ffa9%253A2201)%250A%2520%2520%2520%2520at%2520http%253A%252F%252Flocalhost%253A8080%252Fbase%252Fapp%252Fvendor%252Fangular%252Fangular.js%253F9d140432f81858ac1e7888708720d419d147ffa9%253A4355%250A%2520%2520%2520%2520at%2520forEach%2520(http%253A%252F%252Flocalhost%253A8080%252Fbase%252Fapp%252Fvendor%252Fangular%252Fangular.js%253F9d140432f81858ac1e7888708720d419d147ffa9%253A336)%250A%2520%2520%2520%2520at%2520loadModules%2520(http%253A%252F%252Flocalhost%253A8080%252Fbase%252Fapp%252Fvendor%252Fangular%252Fangular.js%253F9d140432f81858ac1e7888708720d419d147ffa9%253A4381)%250A%2520%2520%2520%2520at%2520http%253A%252F%252Flocalhost%253A8080%252Fbase%252Fapp%252Fvendor%252Fangular%252Fangular.js%253F9d140432f81858ac1e7888708720d419d147ffa9%253A4356%250A%2520%2520%2520%2520at%2520forEach%2520(http%253A%252F%252Flocalhost%253A8080%252Fbase%252Fapp%252Fvendor%252Fangular%252Fangular.js%253F9d140432f81858ac1e7888708720d419d147ffa9%253A336)%250A%2520%2520%2520%2520at%2520loadModules%2520(http%253A%252F%252Flocalhost%253A8080%252Fbase%252Fapp%252Fvendor%252Fangular%252Fangular.js%253F9d140432f81858ac1e7888708720d419d147ffa9%253A4381)%250A%2520%2520%2520%2520at%2520createInjector%2520(http%253A%252F%252Flocalhost%253A8080%252Fbase%252Fapp%252Fvendor%252Fangular%252Fangular.js%253F9d140432f81858ac1e7888708720d419d147ffa9%253A4265)%250A%2520%2520%2520%2520at%2520workFn%2520(http%253A%252F%252Flocalhost%253A8080%252Fbase%252Fapp%252Fvendor%252Fangular-mocks%252Fangular-mocks.js%253F6fe041cc8bb7a17f894cb12d8b0d44b12644f10a%253A2409)%250A%2520%2520%2520%2520at%2520attemptSync%2520(http%253A%252F%252Flocalhost%253A8080%252Fbase%252Fnode_modules%252Fjasmine-core%252Flib%252Fjasmine-core%252Fjasmine.js%253F578a1e5ff14db21b04e2d6db7fd0eda37042440c%253A1789)%250A%2520%2520%2520%2520at%2520http%253A%252F%252Flocalhost%253A8080%252Fbase%252Fnode_modules%252Fjasmine-core%252Flib%252Fjasmine-core%252Fjasmine.js%253F578a1e5ff14db21b04e2d6db7fd0eda37042440c%253A1777%250A%2520%2520%2520%2520at%2520http%253A%252F%252Flocalhost%253A8080%252Fbase%252Fnode_modules%252Fjasmine-core%252Flib%252Fjasmine-core%252Fjasmine.js%253F578a1e5ff14db21b04e2d6db7fd0eda37042440c%253A1762%250A%2520%2520%2520%2520at%2520http%253A%252F%252Flocalhost%253A8080%252Fbase%252Fnode_modules%252Fjasmine-core%252Flib%252Fjasmine-core%252Fjasmine.js%253F578a1e5ff14db21b04e2d6db7fd0eda37042440c%253A627%250A%2520%2520%2520%2520at%2520http%253A%252F%252Flocalhost%253A8080%252Fbase%252Fnode_modules%252Fjasmine-core%252Flib%252Fjasmine-core%252Fjasmine.js%253F578a1e5ff14db21b04e2d6db7fd0eda37042440c%253A357%250A%2520%2520%2520%2520at%2520http%253A%252F%252Flocalhost%253A8080%252Fbase%252Fnode_modules%252Fjasmine-core%252Flib%252Fjasmine-core%252Fjasmine.js%253F578a1e5ff14db21b04e2d6db7fd0eda37042440c%253A2360%250A%2520%2520%2520%2520at%2520attemptAsync%2520(http%253A%252F%252Flocalhost%253A8080%252Fbase%252Fnode_modules%252Fjasmine-core%252Flib%252Fjasmine-core%252Fjasmine.js%253F578a1e5ff14db21b04e2d6db7fd0eda37042440c%253A1819)%250A%2520%2520%2520%2520at%2520http%253A%252F%252Flocalhost%253A8080%252Fbase%252Fnode_modules%252Fjasmine-core%252Flib%252Fjasmine-core%252Fjasmine.js%253F578a1e5ff14db21b04e2d6db7fd0eda37042440c%253A1774%250A%2520%2520%2520%2520at%2520http%253A%252F%252Flocalhost%253A8080%252Fbase%252Fnode_modules%252Fjasmine-core%252Flib%252Fjasmine-core%252Fjasmine.js%253F578a1e5ff14db21b04e2d6db7fd0eda37042440c%253A1801%250A%2520%2520%2520%2520at%2520http%253A%252F%252Flocalhost%253A8080%252Fbase%252Fnode_modules%252Fjasmine-core%252Flib%252Fjasmine-core%252Fjasmine.js%253F578a1e5ff14db21b04e2d6db7fd0eda37042440c%253A1745%250A%2520%2520%2520%2520at%2520complete%2520(http%253A%252F%252Flocalhost%253A8080%252Fbase%252Fnode_modules%252Fjasmine-core%252Flib%252Fjasmine-core%252Fjasmine.js%253F578a1e5ff14db21b04e2d6db7fd0eda37042440c%253A365)%0A%20%20%20%20at%20http%3A%2F%2Flocalhost%3A8080%2Fbase%2Fapp%2Fvendor%2Fangular%2Fangular.js%3F9d140432f81858ac1e7888708720d419d147ffa9%3A4379%0A%20%20%20%20at%20forEach%20(http%3A%2F%2Flocalhost%3A8080%2Fbase%2Fapp%2Fvendor%2Fangular%2Fangular.js%3F9d140432f81858ac1e7888708720d419d147ffa9%3A336)%0A%20%20%20%20at%20loadModules%20(http%3A%2F%2Flocalhost%3A8080%2Fbase%2Fapp%2Fvendor%2Fangular%2Fangular.js%3F9d140432f81858ac1e7888708720d419d147ffa9%3A4381)%0A%20%20%20%20at%20http%3A%2F%2Flocalhost%3A8080%2Fbase%2Fapp%2Fvendor%2Fangular%2Fangular.js%3F9d140432f81858ac1e7888708720d419d147ffa9%3A4356%0A%20%20%20%20at%20forEach%20(http%3A%2F%2Flocalhost%3A8080%2Fbase%2Fapp%2Fvendor%2Fangular%2Fangular.js%3F9d140432f81858ac1e7888708720d419d147ffa9%3A336)%0A%20%20%20%20at%20loadModules%20(http%3A%2F%2Flocalhost%3A8080%2Fbase%2Fapp%2Fvendor%2Fangular%2Fangular.js%3F9d140432f81858ac1e7888708720d419d147ffa9%3A4381)%0A%20%20%20%20at%20createInjector%20(http%3A%2F%2Flocalhost%3A8080%2Fbase%2Fapp%2Fvendor%2Fangular%2Fangular.js%3F9d140432f81858ac1e7888708720d419d147ffa9%3A4265)%0A%20%20%20%20at%20workFn%20(http%3A%2F%2Flocalhost%3A8080%2Fbase%2Fapp%2Fvendor%2Fangular-mocks%2Fangular-mocks.js%3F6fe041cc8bb7a17f894cb12d8b0d44b12644f10a%3A2409)%0A%20%20%20%20at%20attemptSync%20(http%3A%2F%2Flocalhost%3A8080%2Fbase%2Fnode_modules%2Fjasmine-core%2Flib%2Fjasmine-core%2Fjasmine.js%3F578a1e5ff14db21b04e2d6db7fd0eda37042440c%3A1789)%0A%20%20%20%20at%20http%3A%2F%2Flocalhost%3A8080%2Fbase%2Fnode_modules%2Fjasmine-core%2Flib%2Fjasmine-core%2Fjasmine.js%3F578a1e5ff14db21b04e2d6db7fd0eda37042440c%3A1777%0A%20%20%20%20at%20http%3A%2F%2Flocalhost%3A8080%2Fbase%2Fnode_modules%2Fjasmine-core%2Flib%2Fjasmine-core%2Fjasmine.js%3F578a1e5ff14db21b04e2d6db7fd0eda37042440c%3A1762%0A%20%20%20%20at%20http%3A%2F%2Flocalhost%3A8080%2Fbase%2Fnode_modules%2Fjasmine-core%2Flib%2Fjasmine-core%2Fjasmine.js%3F578a1e5ff14db21b04e2d6db7fd0eda37042440c%3A627%0A%20%20%20%20at%20http%3A%2F%2Flocalhost%3A8080%2Fbase%2Fnode_modules%2Fjasmine-core%2Flib%2Fjasmine-core%2Fjasmine.js%3F578a1e5ff14db21b04e2d6db7fd0eda37042440c%3A357%0A%20%20%20%20at%20http%3A%2F%2Flocalhost%3A8080%2Fbase%2Fnode_modules%2Fjasmine-core%2Flib%2Fjasmine-core%2Fjasmine.js%3F578a1e5ff14db21b04e2d6db7fd0eda37042440c%3A2360%0A%20%20%20%20at%20attemptAsync%20(http%3A%2F%2Flocalhost%3A8080%2Fbase%2Fnode_modules%2Fjasmine-core%2Flib%2Fjasmine-core%2Fjasmine.js%3F578a1e5ff14db21b04e2d6db7fd0eda37042440c%3A1819)%0A%20%20%20%20at%20http%3A%2F%2Flocalhost%3A8080%2Fbase%2Fnode_modules%2Fjasmine-core%2Flib%2Fjasmine-core%2Fjasmine.js%3F578a1e5ff14db21b04e2d6db7fd0eda37042440c%3A1774%0A%20%20%20%20at%20http%3A%2F%2Flocalhost%3A8080%2Fbase%2Fnode_modules%2Fjasmine-core%2Flib%2Fjasmine-core%2Fjasmine.js%3F578a1e5ff14db21b04e2d6db7fd0eda37042440c%3A1801%0A%20%20%20%20at%20http%3A%2F%2Flocalhost%3A8080%2Fbase%2Fnode_modules%2Fjasmine-core%2Flib%2Fjasmine-core%2Fjasmine.js%3F578a1e5ff14db21b04e2d6db7fd0eda37042440c%3A1745%0A%20%20%20%20at%20complete%20(http%3A%2F%2Flocalhost%3A8080%2Fbase%2Fnode_modules%2Fjasmine-core%2Flib%2Fjasmine-core%2Fjasmine.js%3F578a1e5ff14db21b04e2d6db7fd0eda37042440c%3A365)
    at C:/dev/MedExplorer/src/client/app/vendor/angular/angular.js:4379
    at forEach (C:/dev/MedExplorer/src/client/app/vendor/angular/angular.js:336)
    at loadModules (C:/dev/MedExplorer/src/client/app/vendor/angular/angular.js:4381)
    at createInjector (C:/dev/MedExplorer/src/client/app/vendor/angular/angular.js:4265)
    at workFn (C:/dev/MedExplorer/src/client/app/vendor/angular-mocks/angular-mocks.js:2409)
</failure>
      <failure type="">TypeError: &apos;undefined&apos; is not a function (evaluating &apos;mmddyyyy_slashes(&apos;20150625&apos;, null)&apos;)
    at C:/dev/MedExplorer/src/client/test/spec/filters/dateTest.js:20
</failure>
    </testcase>
    <testcase name="has a replaceOTC filter" time="0.018" classname="PhantomJS 1.9.8 (Windows 7 0.0.0).Filter: replaceotc">
      <failure type="">Error: [$injector:modulerr] Failed to instantiate module MedExplorer due to:
Error: [$injector:modulerr] Failed to instantiate module ui.bootstrap due to:
Error: [$injector:nomod] Module &apos;ui.bootstrap&apos; is not available! You either misspelled the module name or forgot to load it. If registering a module ensure that you specify the dependencies as the second argument.
http://errors.angularjs.org/1.4.1/$injector/nomod?p0=ui.bootstrap
    at C:/dev/MedExplorer/src/client/app/vendor/angular/angular.js:1951
    at ensure (C:/dev/MedExplorer/src/client/app/vendor/angular/angular.js:1873)
    at module (C:/dev/MedExplorer/src/client/app/vendor/angular/angular.js:2201)
    at C:/dev/MedExplorer/src/client/app/vendor/angular/angular.js:4355
    at forEach (C:/dev/MedExplorer/src/client/app/vendor/angular/angular.js:336)
    at loadModules (C:/dev/MedExplorer/src/client/app/vendor/angular/angular.js:4381)
    at C:/dev/MedExplorer/src/client/app/vendor/angular/angular.js:4356
    at forEach (C:/dev/MedExplorer/src/client/app/vendor/angular/angular.js:336)
    at loadModules (C:/dev/MedExplorer/src/client/app/vendor/angular/angular.js:4381)
    at createInjector (C:/dev/MedExplorer/src/client/app/vendor/angular/angular.js:4265)
    at workFn (C:/dev/MedExplorer/src/client/app/vendor/angular-mocks/angular-mocks.js:2409)
http://errors.angularjs.org/1.4.1/$injector/modulerr?p0=ui.bootstrap&amp;p1=Error%3A%20%5B%24injector%3Anomod%5D%20Module%20&apos;ui.bootstrap&apos;%20is%20not%20available!%20You%20either%20misspelled%20the%20module%20name%20or%20forgot%20to%20load%20it.%20If%20registering%20a%20module%20ensure%20that%20you%20specify%20the%20dependencies%20as%20the%20second%20argument.%0Ahttp%3A%2F%2Ferrors.angularjs.org%2F1.4.1%2F%24injector%2Fnomod%3Fp0%3Dui.bootstrap%0A%20%20%20%20at%20http%3A%2F%2Flocalhost%3A8080%2Fbase%2Fapp%2Fvendor%2Fangular%2Fangular.js%3F9d140432f81858ac1e7888708720d419d147ffa9%3A1951%0A%20%20%20%20at%20ensure%20(http%3A%2F%2Flocalhost%3A8080%2Fbase%2Fapp%2Fvendor%2Fangular%2Fangular.js%3F9d140432f81858ac1e7888708720d419d147ffa9%3A1873)%0A%20%20%20%20at%20module%20(http%3A%2F%2Flocalhost%3A8080%2Fbase%2Fapp%2Fvendor%2Fangular%2Fangular.js%3F9d140432f81858ac1e7888708720d419d147ffa9%3A2201)%0A%20%20%20%20at%20http%3A%2F%2Flocalhost%3A8080%2Fbase%2Fapp%2Fvendor%2Fangular%2Fangular.js%3F9d140432f81858ac1e7888708720d419d147ffa9%3A4355%0A%20%20%20%20at%20forEach%20(http%3A%2F%2Flocalhost%3A8080%2Fbase%2Fapp%2Fvendor%2Fangular%2Fangular.js%3F9d140432f81858ac1e7888708720d419d147ffa9%3A336)%0A%20%20%20%20at%20loadModules%20(http%3A%2F%2Flocalhost%3A8080%2Fbase%2Fapp%2Fvendor%2Fangular%2Fangular.js%3F9d140432f81858ac1e7888708720d419d147ffa9%3A4381)%0A%20%20%20%20at%20http%3A%2F%2Flocalhost%3A8080%2Fbase%2Fapp%2Fvendor%2Fangular%2Fangular.js%3F9d140432f81858ac1e7888708720d419d147ffa9%3A4356%0A%20%20%20%20at%20forEach%20(http%3A%2F%2Flocalhost%3A8080%2Fbase%2Fapp%2Fvendor%2Fangular%2Fangular.js%3F9d140432f81858ac1e7888708720d419d147ffa9%3A336)%0A%20%20%20%20at%20loadModules%20(http%3A%2F%2Flocalhost%3A8080%2Fbase%2Fapp%2Fvendor%2Fangular%2Fangular.js%3F9d140432f81858ac1e7888708720d419d147ffa9%3A4381)%0A%20%20%20%20at%20createInjector%20(http%3A%2F%2Flocalhost%3A8080%2Fbase%2Fapp%2Fvendor%2Fangular%2Fangular.js%3F9d140432f81858ac1e7888708720d419d147ffa9%3A4265)%0A%20%20%20%20at%20workFn%20(http%3A%2F%2Flocalhost%3A8080%2Fbase%2Fapp%2Fvendor%2Fangular-mocks%2Fangular-mocks.js%3F6fe041cc8bb7a17f894cb12d8b0d44b12644f10a%3A2409)%0A%20%20%20%20at%20attemptSync%20(http%3A%2F%2Flocalhost%3A8080%2Fbase%2Fnode_modules%2Fjasmine-core%2Flib%2Fjasmine-core%2Fjasmine.js%3F578a1e5ff14db21b04e2d6db7fd0eda37042440c%3A1789)%0A%20%20%20%20at%20http%3A%2F%2Flocalhost%3A8080%2Fbase%2Fnode_modules%2Fjasmine-core%2Flib%2Fjasmine-core%2Fjasmine.js%3F578a1e5ff14db21b04e2d6db7fd0eda37042440c%3A1777%0A%20%20%20%20at%20http%3A%2F%2Flocalhost%3A8080%2Fbase%2Fnode_modules%2Fjasmine-core%2Flib%2Fjasmine-core%2Fjasmine.js%3F578a1e5ff14db21b04e2d6db7fd0eda37042440c%3A1762%0A%20%20%20%20at%20http%3A%2F%2Flocalhost%3A8080%2Fbase%2Fnode_modules%2Fjasmine-core%2Flib%2Fjasmine-core%2Fjasmine.js%3F578a1e5ff14db21b04e2d6db7fd0eda37042440c%3A627%0A%20%20%20%20at%20http%3A%2F%2Flocalhost%3A8080%2Fbase%2Fnode_modules%2Fjasmine-core%2Flib%2Fjasmine-core%2Fjasmine.js%3F578a1e5ff14db21b04e2d6db7fd0eda37042440c%3A357%0A%20%20%20%20at%20http%3A%2F%2Flocalhost%3A8080%2Fbase%2Fnode_modules%2Fjasmine-core%2Flib%2Fjasmine-core%2Fjasmine.js%3F578a1e5ff14db21b04e2d6db7fd0eda37042440c%3A2360%0A%20%20%20%20at%20attemptAsync%20(http%3A%2F%2Flocalhost%3A8080%2Fbase%2Fnode_modules%2Fjasmine-core%2Flib%2Fjasmine-core%2Fjasmine.js%3F578a1e5ff14db21b04e2d6db7fd0eda37042440c%3A1819)%0A%20%20%20%20at%20http%3A%2F%2Flocalhost%3A8080%2Fbase%2Fnode_modules%2Fjasmine-core%2Flib%2Fjasmine-core%2Fjasmine.js%3F578a1e5ff14db21b04e2d6db7fd0eda37042440c%3A1774%0A%20%20%20%20at%20http%3A%2F%2Flocalhost%3A8080%2Fbase%2Fnode_modules%2Fjasmine-core%2Flib%2Fjasmine-core%2Fjasmine.js%3F578a1e5ff14db21b04e2d6db7fd0eda37042440c%3A1762%0A%20%20%20%20at%20http%3A%2F%2Flocalhost%3A8080%2Fbase%2Fnode_modules%2Fjasmine-core%2Flib%2Fjasmine-core%2Fjasmine.js%3F578a1e5ff14db21b04e2d6db7fd0eda37042440c%3A627%0A%20%20%20%20at%20http%3A%2F%2Flocalhost%3A8080%2Fbase%2Fnode_modules%2Fjasmine-core%2Flib%2Fjasmine-core%2Fjasmine.js%3F578a1e5ff14db21b04e2d6db7fd0eda37042440c%3A2354%0A%20%20%20%20at%20attemptAsync%20(http%3A%2F%2Flocalhost%3A8080%2Fbase%2Fnode_modules%2Fjasmine-core%2Flib%2Fjasmine-core%2Fjasmine.js%3F578a1e5ff14db21b04e2d6db7fd0eda37042440c%3A1819)%0A%20%20%20%20at%20http%3A%2F%2Flocalhost%3A8080%2Fbase%2Fnode_modules%2Fjasmine-core%2Flib%2Fjasmine-core%2Fjasmine.js%3F578a1e5ff14db21b04e2d6db7fd0eda37042440c%3A1774%0A%20%20%20%20at%20http%3A%2F%2Flocalhost%3A8080%2Fbase%2Fnode_modules%2Fjasmine-core%2Flib%2Fjasmine-core%2Fjasmine.js%3F578a1e5ff14db21b04e2d6db7fd0eda37042440c%3A1801%0A%20%20%20%20at%20http%3A%2F%2Flocalhost%3A8080%2Fbase%2Fnode_modules%2Fjasmine-core%2Flib%2Fjasmine-core%2Fjasmine.js%3F578a1e5ff14db21b04e2d6db7fd0eda37042440c%3A1745%0A%20%20%20%20at%20http%3A%2F%2Flocalhost%3A8080%2Fbase%2Fnode_modules%2Fjasmine-core%2Flib%2Fjasmine-core%2Fjasmine.js%3F578a1e5ff14db21b04e2d6db7fd0eda37042440c%3A2348%0A%20%20%20%20at%20clearStack%20(http%3A%2F%2Flocalhost%3A8080%2Fbase%2Fnode_modules%2Fjasmine-core%2Flib%2Fjasmine-core%2Fjasmine.js%3F578a1e5ff14db21b04e2d6db7fd0eda37042440c%3A605)%0A%20%20%20%20at%20http%3A%2F%2Flocalhost%3A8080%2Fbase%2Fnode_modules%2Fjasmine-core%2Flib%2Fjasmine-core%2Fjasmine.js%3F578a1e5ff14db21b04e2d6db7fd0eda37042440c%3A1784%0A%20%20%20%20at%20http%3A%2F%2Flocalhost%3A8080%2Fbase%2Fnode_modules%2Fjasmine-core%2Flib%2Fjasmine-core%2Fjasmine.js%3F578a1e5ff14db21b04e2d6db7fd0eda37042440c%3A1801%0A%20%20%20%20at%20http%3A%2F%2Flocalhost%3A8080%2Fbase%2Fnode_modules%2Fjasmine-core%2Flib%2Fjasmine-core%2Fjasmine.js%3F578a1e5ff14db21b04e2d6db7fd0eda37042440c%3A1745%0A%20%20%20%20at%20complete%20(http%3A%2F%2Flocalhost%3A8080%2Fbase%2Fnode_modules%2Fjasmine-core%2Flib%2Fjasmine-core%2Fjasmine.js%3F578a1e5ff14db21b04e2d6db7fd0eda37042440c%3A365)%0A%20%20%20%20at%20clearStack%20(http%3A%2F%2Flocalhost%3A8080%2Fbase%2Fnode_modules%2Fjasmine-core%2Flib%2Fjasmine-core%2Fjasmine.js%3F578a1e5ff14db21b04e2d6db7fd0eda37042440c%3A605)%0A%20%20%20%20at%20http%3A%2F%2Flocalhost%3A8080%2Fbase%2Fnode_modules%2Fjasmine-core%2Flib%2Fjasmine-core%2Fjasmine.js%3F578a1e5ff14db21b04e2d6db7fd0eda37042440c%3A1784%0A%20%20%20%20at%20http%3A%2F%2Flocalhost%3A8080%2Fbase%2Fnode_modules%2Fjasmine-core%2Flib%2Fjasmine-core%2Fjasmine.js%3F578a1e5ff14db21b04e2d6db7fd0eda37042440c%3A1762%0A%20%20%20%20at%20http%3A%2F%2Flocalhost%3A8080%2Fbase%2Fnode_modules%2Fjasmine-core%2Flib%2Fjasmine-core%2Fjasmine.js%3F578a1e5ff14db21b04e2d6db7fd0eda37042440c%3A627%0A%20%20%20%20at%20http%3A%2F%2Flocalhost%3A8080%2Fbase%2Fnode_modules%2Fjasmine-core%2Flib%2Fjasmine-core%2Fjasmine.js%3F578a1e5ff14db21b04e2d6db7fd0eda37042440c%3A357%0A%20%20%20%20at%20http%3A%2F%2Flocalhost%3A8080%2Fbase%2Fnode_modules%2Fjasmine-core%2Flib%2Fjasmine-core%2Fjasmine.js%3F578a1e5ff14db21b04e2d6db7fd0eda37042440c%3A2360%0A%20%20%20%20at%20attemptAsync%20(http%3A%2F%2Flocalhost%3A8080%2Fbase%2Fnode_modules%2Fjasmine-core%2Flib%2Fjasmine-core%2Fjasmine.js%3F578a1e5ff14db21b04e2d6db7fd0eda37042440c%3A1819)%0A%20%20%20%20at%20http%3A%2F%2Flocalhost%3A8080%2Fbase%2Fnode_modules%2Fjasmine-core%2Flib%2Fjasmine-core%2Fjasmine.js%3F578a1e5ff14db21b04e2d6db7fd0eda37042440c%3A1774%0A%20%20%20%20at%20http%3A%2F%2Flocalhost%3A8080%2Fbase%2Fnode_modules%2Fjasmine-core%2Flib%2Fjasmine-core%2Fjasmine.js%3F578a1e5ff14db21b04e2d6db7fd0eda37042440c%3A1801%0A%20%20%20%20at%20http%3A%2F%2Flocalhost%3A8080%2Fbase%2Fnode_modules%2Fjasmine-core%2Flib%2Fjasmine-core%2Fjasmine.js%3F578a1e5ff14db21b04e2d6db7fd0eda37042440c%3A1745%0A%20%20%20%20at%20complete%20(http%3A%2F%2Flocalhost%3A8080%2Fbase%2Fnode_modules%2Fjasmine-core%2Flib%2Fjasmine-core%2Fjasmine.js%3F578a1e5ff14db21b04e2d6db7fd0eda37042440c%3A365)
    at C:/dev/MedExplorer/src/client/app/vendor/angular/angular.js:4379
    at forEach (C:/dev/MedExplorer/src/client/app/vendor/angular/angular.js:336)
    at loadModules (C:/dev/MedExplorer/src/client/app/vendor/angular/angular.js:4381)
    at C:/dev/MedExplorer/src/client/app/vendor/angular/angular.js:4356
    at forEach (C:/dev/MedExplorer/src/client/app/vendor/angular/angular.js:336)
    at loadModules (C:/dev/MedExplorer/src/client/app/vendor/angular/angular.js:4381)
    at createInjector (C:/dev/MedExplorer/src/client/app/vendor/angular/angular.js:4265)
    at workFn (C:/dev/MedExplorer/src/client/app/vendor/angular-mocks/angular-mocks.js:2409)
http://errors.angularjs.org/1.4.1/$injector/modulerr?p0=MedExplorer&amp;p1=Error%3A%20%5B%24injector%3Amodulerr%5D%20Failed%20to%20instantiate%20module%20ui.bootstrap%20due%20to%3A%0AError%3A%20%5B%24injector%3Anomod%5D%20Module%20&apos;ui.bootstrap&apos;%20is%20not%20available!%20You%20either%20misspelled%20the%20module%20name%20or%20forgot%20to%20load%20it.%20If%20registering%20a%20module%20ensure%20that%20you%20specify%20the%20dependencies%20as%20the%20second%20argument.%0Ahttp%3A%2F%2Ferrors.angularjs.org%2F1.4.1%2F%24injector%2Fnomod%3Fp0%3Dui.bootstrap%0A%20%20%20%20at%20http%3A%2F%2Flocalhost%3A8080%2Fbase%2Fapp%2Fvendor%2Fangular%2Fangular.js%3F9d140432f81858ac1e7888708720d419d147ffa9%3A1951%0A%20%20%20%20at%20ensure%20(http%3A%2F%2Flocalhost%3A8080%2Fbase%2Fapp%2Fvendor%2Fangular%2Fangular.js%3F9d140432f81858ac1e7888708720d419d147ffa9%3A1873)%0A%20%20%20%20at%20module%20(http%3A%2F%2Flocalhost%3A8080%2Fbase%2Fapp%2Fvendor%2Fangular%2Fangular.js%3F9d140432f81858ac1e7888708720d419d147ffa9%3A2201)%0A%20%20%20%20at%20http%3A%2F%2Flocalhost%3A8080%2Fbase%2Fapp%2Fvendor%2Fangular%2Fangular.js%3F9d140432f81858ac1e7888708720d419d147ffa9%3A4355%0A%20%20%20%20at%20forEach%20(http%3A%2F%2Flocalhost%3A8080%2Fbase%2Fapp%2Fvendor%2Fangular%2Fangular.js%3F9d140432f81858ac1e7888708720d419d147ffa9%3A336)%0A%20%20%20%20at%20loadModules%20(http%3A%2F%2Flocalhost%3A8080%2Fbase%2Fapp%2Fvendor%2Fangular%2Fangular.js%3F9d140432f81858ac1e7888708720d419d147ffa9%3A4381)%0A%20%20%20%20at%20http%3A%2F%2Flocalhost%3A8080%2Fbase%2Fapp%2Fvendor%2Fangular%2Fangular.js%3F9d140432f81858ac1e7888708720d419d147ffa9%3A4356%0A%20%20%20%20at%20forEach%20(http%3A%2F%2Flocalhost%3A8080%2Fbase%2Fapp%2Fvendor%2Fangular%2Fangular.js%3F9d140432f81858ac1e7888708720d419d147ffa9%3A336)%0A%20%20%20%20at%20loadModules%20(http%3A%2F%2Flocalhost%3A8080%2Fbase%2Fapp%2Fvendor%2Fangular%2Fangular.js%3F9d140432f81858ac1e7888708720d419d147ffa9%3A4381)%0A%20%20%20%20at%20createInjector%20(http%3A%2F%2Flocalhost%3A8080%2Fbase%2Fapp%2Fvendor%2Fangular%2Fangular.js%3F9d140432f81858ac1e7888708720d419d147ffa9%3A4265)%0A%20%20%20%20at%20workFn%20(http%3A%2F%2Flocalhost%3A8080%2Fbase%2Fapp%2Fvendor%2Fangular-mocks%2Fangular-mocks.js%3F6fe041cc8bb7a17f894cb12d8b0d44b12644f10a%3A2409)%0A%20%20%20%20at%20attemptSync%20(http%3A%2F%2Flocalhost%3A8080%2Fbase%2Fnode_modules%2Fjasmine-core%2Flib%2Fjasmine-core%2Fjasmine.js%3F578a1e5ff14db21b04e2d6db7fd0eda37042440c%3A1789)%0A%20%20%20%20at%20http%3A%2F%2Flocalhost%3A8080%2Fbase%2Fnode_modules%2Fjasmine-core%2Flib%2Fjasmine-core%2Fjasmine.js%3F578a1e5ff14db21b04e2d6db7fd0eda37042440c%3A1777%0A%20%20%20%20at%20http%3A%2F%2Flocalhost%3A8080%2Fbase%2Fnode_modules%2Fjasmine-core%2Flib%2Fjasmine-core%2Fjasmine.js%3F578a1e5ff14db21b04e2d6db7fd0eda37042440c%3A1762%0A%20%20%20%20at%20http%3A%2F%2Flocalhost%3A8080%2Fbase%2Fnode_modules%2Fjasmine-core%2Flib%2Fjasmine-core%2Fjasmine.js%3F578a1e5ff14db21b04e2d6db7fd0eda37042440c%3A627%0A%20%20%20%20at%20http%3A%2F%2Flocalhost%3A8080%2Fbase%2Fnode_modules%2Fjasmine-core%2Flib%2Fjasmine-core%2Fjasmine.js%3F578a1e5ff14db21b04e2d6db7fd0eda37042440c%3A357%0A%20%20%20%20at%20http%3A%2F%2Flocalhost%3A8080%2Fbase%2Fnode_modules%2Fjasmine-core%2Flib%2Fjasmine-core%2Fjasmine.js%3F578a1e5ff14db21b04e2d6db7fd0eda37042440c%3A2360%0A%20%20%20%20at%20attemptAsync%20(http%3A%2F%2Flocalhost%3A8080%2Fbase%2Fnode_modules%2Fjasmine-core%2Flib%2Fjasmine-core%2Fjasmine.js%3F578a1e5ff14db21b04e2d6db7fd0eda37042440c%3A1819)%0A%20%20%20%20at%20http%3A%2F%2Flocalhost%3A8080%2Fbase%2Fnode_modules%2Fjasmine-core%2Flib%2Fjasmine-core%2Fjasmine.js%3F578a1e5ff14db21b04e2d6db7fd0eda37042440c%3A1774%0A%20%20%20%20at%20http%3A%2F%2Flocalhost%3A8080%2Fbase%2Fnode_modules%2Fjasmine-core%2Flib%2Fjasmine-core%2Fjasmine.js%3F578a1e5ff14db21b04e2d6db7fd0eda37042440c%3A1762%0A%20%20%20%20at%20http%3A%2F%2Flocalhost%3A8080%2Fbase%2Fnode_modules%2Fjasmine-core%2Flib%2Fjasmine-core%2Fjasmine.js%3F578a1e5ff14db21b04e2d6db7fd0eda37042440c%3A627%0A%20%20%20%20at%20http%3A%2F%2Flocalhost%3A8080%2Fbase%2Fnode_modules%2Fjasmine-core%2Flib%2Fjasmine-core%2Fjasmine.js%3F578a1e5ff14db21b04e2d6db7fd0eda37042440c%3A2354%0A%20%20%20%20at%20attemptAsync%20(http%3A%2F%2Flocalhost%3A8080%2Fbase%2Fnode_modules%2Fjasmine-core%2Flib%2Fjasmine-core%2Fjasmine.js%3F578a1e5ff14db21b04e2d6db7fd0eda37042440c%3A1819)%0A%20%20%20%20at%20http%3A%2F%2Flocalhost%3A8080%2Fbase%2Fnode_modules%2Fjasmine-core%2Flib%2Fjasmine-core%2Fjasmine.js%3F578a1e5ff14db21b04e2d6db7fd0eda37042440c%3A1774%0A%20%20%20%20at%20http%3A%2F%2Flocalhost%3A8080%2Fbase%2Fnode_modules%2Fjasmine-core%2Flib%2Fjasmine-core%2Fjasmine.js%3F578a1e5ff14db21b04e2d6db7fd0eda37042440c%3A1801%0A%20%20%20%20at%20http%3A%2F%2Flocalhost%3A8080%2Fbase%2Fnode_modules%2Fjasmine-core%2Flib%2Fjasmine-core%2Fjasmine.js%3F578a1e5ff14db21b04e2d6db7fd0eda37042440c%3A1745%0A%20%20%20%20at%20http%3A%2F%2Flocalhost%3A8080%2Fbase%2Fnode_modules%2Fjasmine-core%2Flib%2Fjasmine-core%2Fjasmine.js%3F578a1e5ff14db21b04e2d6db7fd0eda37042440c%3A2348%0A%20%20%20%20at%20clearStack%20(http%3A%2F%2Flocalhost%3A8080%2Fbase%2Fnode_modules%2Fjasmine-core%2Flib%2Fjasmine-core%2Fjasmine.js%3F578a1e5ff14db21b04e2d6db7fd0eda37042440c%3A605)%0A%20%20%20%20at%20http%3A%2F%2Flocalhost%3A8080%2Fbase%2Fnode_modules%2Fjasmine-core%2Flib%2Fjasmine-core%2Fjasmine.js%3F578a1e5ff14db21b04e2d6db7fd0eda37042440c%3A1784%0A%20%20%20%20at%20http%3A%2F%2Flocalhost%3A8080%2Fbase%2Fnode_modules%2Fjasmine-core%2Flib%2Fjasmine-core%2Fjasmine.js%3F578a1e5ff14db21b04e2d6db7fd0eda37042440c%3A1801%0A%20%20%20%20at%20http%3A%2F%2Flocalhost%3A8080%2Fbase%2Fnode_modules%2Fjasmine-core%2Flib%2Fjasmine-core%2Fjasmine.js%3F578a1e5ff14db21b04e2d6db7fd0eda37042440c%3A1745%0A%20%20%20%20at%20complete%20(http%3A%2F%2Flocalhost%3A8080%2Fbase%2Fnode_modules%2Fjasmine-core%2Flib%2Fjasmine-core%2Fjasmine.js%3F578a1e5ff14db21b04e2d6db7fd0eda37042440c%3A365)%0A%20%20%20%20at%20clearStack%20(http%3A%2F%2Flocalhost%3A8080%2Fbase%2Fnode_modules%2Fjasmine-core%2Flib%2Fjasmine-core%2Fjasmine.js%3F578a1e5ff14db21b04e2d6db7fd0eda37042440c%3A605)%0A%20%20%20%20at%20http%3A%2F%2Flocalhost%3A8080%2Fbase%2Fnode_modules%2Fjasmine-core%2Flib%2Fjasmine-core%2Fjasmine.js%3F578a1e5ff14db21b04e2d6db7fd0eda37042440c%3A1784%0A%20%20%20%20at%20http%3A%2F%2Flocalhost%3A8080%2Fbase%2Fnode_modules%2Fjasmine-core%2Flib%2Fjasmine-core%2Fjasmine.js%3F578a1e5ff14db21b04e2d6db7fd0eda37042440c%3A1762%0A%20%20%20%20at%20http%3A%2F%2Flocalhost%3A8080%2Fbase%2Fnode_modules%2Fjasmine-core%2Flib%2Fjasmine-core%2Fjasmine.js%3F578a1e5ff14db21b04e2d6db7fd0eda37042440c%3A627%0A%20%20%20%20at%20http%3A%2F%2Flocalhost%3A8080%2Fbase%2Fnode_modules%2Fjasmine-core%2Flib%2Fjasmine-core%2Fjasmine.js%3F578a1e5ff14db21b04e2d6db7fd0eda37042440c%3A357%0A%20%20%20%20at%20http%3A%2F%2Flocalhost%3A8080%2Fbase%2Fnode_modules%2Fjasmine-core%2Flib%2Fjasmine-core%2Fjasmine.js%3F578a1e5ff14db21b04e2d6db7fd0eda37042440c%3A2360%0A%20%20%20%20at%20attemptAsync%20(http%3A%2F%2Flocalhost%3A8080%2Fbase%2Fnode_modules%2Fjasmine-core%2Flib%2Fjasmine-core%2Fjasmine.js%3F578a1e5ff14db21b04e2d6db7fd0eda37042440c%3A1819)%0A%20%20%20%20at%20http%3A%2F%2Flocalhost%3A8080%2Fbase%2Fnode_modules%2Fjasmine-core%2Flib%2Fjasmine-core%2Fjasmine.js%3F578a1e5ff14db21b04e2d6db7fd0eda37042440c%3A1774%0A%20%20%20%20at%20http%3A%2F%2Flocalhost%3A8080%2Fbase%2Fnode_modules%2Fjasmine-core%2Flib%2Fjasmine-core%2Fjasmine.js%3F578a1e5ff14db21b04e2d6db7fd0eda37042440c%3A1801%0A%20%20%20%20at%20http%3A%2F%2Flocalhost%3A8080%2Fbase%2Fnode_modules%2Fjasmine-core%2Flib%2Fjasmine-core%2Fjasmine.js%3F578a1e5ff14db21b04e2d6db7fd0eda37042440c%3A1745%0A%20%20%20%20at%20complete%20(http%3A%2F%2Flocalhost%3A8080%2Fbase%2Fnode_modules%2Fjasmine-core%2Flib%2Fjasmine-core%2Fjasmine.js%3F578a1e5ff14db21b04e2d6db7fd0eda37042440c%3A365)%0Ahttp%3A%2F%2Ferrors.angularjs.org%2F1.4.1%2F%24injector%2Fmodulerr%3Fp0%3Dui.bootstrap%26p1%3DError%253A%2520%255B%2524injector%253Anomod%255D%2520Module%2520&apos;ui.bootstrap&apos;%2520is%2520not%2520available!%2520You%2520either%2520misspelled%2520the%2520module%2520name%2520or%2520forgot%2520to%2520load%2520it.%2520If%2520registering%2520a%2520module%2520ensure%2520that%2520you%2520specify%2520the%2520dependencies%2520as%2520the%2520second%2520argument.%250Ahttp%253A%252F%252Ferrors.angularjs.org%252F1.4.1%252F%2524injector%252Fnomod%253Fp0%253Dui.bootstrap%250A%2520%2520%2520%2520at%2520http%253A%252F%252Flocalhost%253A8080%252Fbase%252Fapp%252Fvendor%252Fangular%252Fangular.js%253F9d140432f81858ac1e7888708720d419d147ffa9%253A1951%250A%2520%2520%2520%2520at%2520ensure%2520(http%253A%252F%252Flocalhost%253A8080%252Fbase%252Fapp%252Fvendor%252Fangular%252Fangular.js%253F9d140432f81858ac1e7888708720d419d147ffa9%253A1873)%250A%2520%2520%2520%2520at%2520module%2520(http%253A%252F%252Flocalhost%253A8080%252Fbase%252Fapp%252Fvendor%252Fangular%252Fangular.js%253F9d140432f81858ac1e7888708720d419d147ffa9%253A2201)%250A%2520%2520%2520%2520at%2520http%253A%252F%252Flocalhost%253A8080%252Fbase%252Fapp%252Fvendor%252Fangular%252Fangular.js%253F9d140432f81858ac1e7888708720d419d147ffa9%253A4355%250A%2520%2520%2520%2520at%2520forEach%2520(http%253A%252F%252Flocalhost%253A8080%252Fbase%252Fapp%252Fvendor%252Fangular%252Fangular.js%253F9d140432f81858ac1e7888708720d419d147ffa9%253A336)%250A%2520%2520%2520%2520at%2520loadModules%2520(http%253A%252F%252Flocalhost%253A8080%252Fbase%252Fapp%252Fvendor%252Fangular%252Fangular.js%253F9d140432f81858ac1e7888708720d419d147ffa9%253A4381)%250A%2520%2520%2520%2520at%2520http%253A%252F%252Flocalhost%253A8080%252Fbase%252Fapp%252Fvendor%252Fangular%252Fangular.js%253F9d140432f81858ac1e7888708720d419d147ffa9%253A4356%250A%2520%2520%2520%2520at%2520forEach%2520(http%253A%252F%252Flocalhost%253A8080%252Fbase%252Fapp%252Fvendor%252Fangular%252Fangular.js%253F9d140432f81858ac1e7888708720d419d147ffa9%253A336)%250A%2520%2520%2520%2520at%2520loadModules%2520(http%253A%252F%252Flocalhost%253A8080%252Fbase%252Fapp%252Fvendor%252Fangular%252Fangular.js%253F9d140432f81858ac1e7888708720d419d147ffa9%253A4381)%250A%2520%2520%2520%2520at%2520createInjector%2520(http%253A%252F%252Flocalhost%253A8080%252Fbase%252Fapp%252Fvendor%252Fangular%252Fangular.js%253F9d140432f81858ac1e7888708720d419d147ffa9%253A4265)%250A%2520%2520%2520%2520at%2520workFn%2520(http%253A%252F%252Flocalhost%253A8080%252Fbase%252Fapp%252Fvendor%252Fangular-mocks%252Fangular-mocks.js%253F6fe041cc8bb7a17f894cb12d8b0d44b12644f10a%253A2409)%250A%2520%2520%2520%2520at%2520attemptSync%2520(http%253A%252F%252Flocalhost%253A8080%252Fbase%252Fnode_modules%252Fjasmine-core%252Flib%252Fjasmine-core%252Fjasmine.js%253F578a1e5ff14db21b04e2d6db7fd0eda37042440c%253A1789)%250A%2520%2520%2520%2520at%2520http%253A%252F%252Flocalhost%253A8080%252Fbase%252Fnode_modules%252Fjasmine-core%252Flib%252Fjasmine-core%252Fjasmine.js%253F578a1e5ff14db21b04e2d6db7fd0eda37042440c%253A1777%250A%2520%2520%2520%2520at%2520http%253A%252F%252Flocalhost%253A8080%252Fbase%252Fnode_modules%252Fjasmine-core%252Flib%252Fjasmine-core%252Fjasmine.js%253F578a1e5ff14db21b04e2d6db7fd0eda37042440c%253A1762%250A%2520%2520%2520%2520at%2520http%253A%252F%252Flocalhost%253A8080%252Fbase%252Fnode_modules%252Fjasmine-core%252Flib%252Fjasmine-core%252Fjasmine.js%253F578a1e5ff14db21b04e2d6db7fd0eda37042440c%253A627%250A%2520%2520%2520%2520at%2520http%253A%252F%252Flocalhost%253A8080%252Fbase%252Fnode_modules%252Fjasmine-core%252Flib%252Fjasmine-core%252Fjasmine.js%253F578a1e5ff14db21b04e2d6db7fd0eda37042440c%253A357%250A%2520%2520%2520%2520at%2520http%253A%252F%252Flocalhost%253A8080%252Fbase%252Fnode_modules%252Fjasmine-core%252Flib%252Fjasmine-core%252Fjasmine.js%253F578a1e5ff14db21b04e2d6db7fd0eda37042440c%253A2360%250A%2520%2520%2520%2520at%2520attemptAsync%2520(http%253A%252F%252Flocalhost%253A8080%252Fbase%252Fnode_modules%252Fjasmine-core%252Flib%252Fjasmine-core%252Fjasmine.js%253F578a1e5ff14db21b04e2d6db7fd0eda37042440c%253A1819)%250A%2520%2520%2520%2520at%2520http%253A%252F%252Flocalhost%253A8080%252Fbase%252Fnode_modules%252Fjasmine-core%252Flib%252Fjasmine-core%252Fjasmine.js%253F578a1e5ff14db21b04e2d6db7fd0eda37042440c%253A1774%250A%2520%2520%2520%2520at%2520http%253A%252F%252Flocalhost%253A8080%252Fbase%252Fnode_modules%252Fjasmine-core%252Flib%252Fjasmine-core%252Fjasmine.js%253F578a1e5ff14db21b04e2d6db7fd0eda37042440c%253A1762%250A%2520%2520%2520%2520at%2520http%253A%252F%252Flocalhost%253A8080%252Fbase%252Fnode_modules%252Fjasmine-core%252Flib%252Fjasmine-core%252Fjasmine.js%253F578a1e5ff14db21b04e2d6db7fd0eda37042440c%253A627%250A%2520%2520%2520%2520at%2520http%253A%252F%252Flocalhost%253A8080%252Fbase%252Fnode_modules%252Fjasmine-core%252Flib%252Fjasmine-core%252Fjasmine.js%253F578a1e5ff14db21b04e2d6db7fd0eda37042440c%253A2354%250A%2520%2520%2520%2520at%2520attemptAsync%2520(http%253A%252F%252Flocalhost%253A8080%252Fbase%252Fnode_modules%252Fjasmine-core%252Flib%252Fjasmine-core%252Fjasmine.js%253F578a1e5ff14db21b04e2d6db7fd0eda37042440c%253A1819)%250A%2520%2520%2520%2520at%2520http%253A%252F%252Flocalhost%253A8080%252Fbase%252Fnode_modules%252Fjasmine-core%252Flib%252Fjasmine-core%252Fjasmine.js%253F578a1e5ff14db21b04e2d6db7fd0eda37042440c%253A1774%250A%2520%2520%2520%2520at%2520http%253A%252F%252Flocalhost%253A8080%252Fbase%252Fnode_modules%252Fjasmine-core%252Flib%252Fjasmine-core%252Fjasmine.js%253F578a1e5ff14db21b04e2d6db7fd0eda37042440c%253A1801%250A%2520%2520%2520%2520at%2520http%253A%252F%252Flocalhost%253A8080%252Fbase%252Fnode_modules%252Fjasmine-core%252Flib%252Fjasmine-core%252Fjasmine.js%253F578a1e5ff14db21b04e2d6db7fd0eda37042440c%253A1745%250A%2520%2520%2520%2520at%2520http%253A%252F%252Flocalhost%253A8080%252Fbase%252Fnode_modules%252Fjasmine-core%252Flib%252Fjasmine-core%252Fjasmine.js%253F578a1e5ff14db21b04e2d6db7fd0eda37042440c%253A2348%250A%2520%2520%2520%2520at%2520clearStack%2520(http%253A%252F%252Flocalhost%253A8080%252Fbase%252Fnode_modules%252Fjasmine-core%252Flib%252Fjasmine-core%252Fjasmine.js%253F578a1e5ff14db21b04e2d6db7fd0eda37042440c%253A605)%250A%2520%2520%2520%2520at%2520http%253A%252F%252Flocalhost%253A8080%252Fbase%252Fnode_modules%252Fjasmine-core%252Flib%252Fjasmine-core%252Fjasmine.js%253F578a1e5ff14db21b04e2d6db7fd0eda37042440c%253A1784%250A%2520%2520%2520%2520at%2520http%253A%252F%252Flocalhost%253A8080%252Fbase%252Fnode_modules%252Fjasmine-core%252Flib%252Fjasmine-core%252Fjasmine.js%253F578a1e5ff14db21b04e2d6db7fd0eda37042440c%253A1801%250A%2520%2520%2520%2520at%2520http%253A%252F%252Flocalhost%253A8080%252Fbase%252Fnode_modules%252Fjasmine-core%252Flib%252Fjasmine-core%252Fjasmine.js%253F578a1e5ff14db21b04e2d6db7fd0eda37042440c%253A1745%250A%2520%2520%2520%2520at%2520complete%2520(http%253A%252F%252Flocalhost%253A8080%252Fbase%252Fnode_modules%252Fjasmine-core%252Flib%252Fjasmine-core%252Fjasmine.js%253F578a1e5ff14db21b04e2d6db7fd0eda37042440c%253A365)%250A%2520%2520%2520%2520at%2520clearStack%2520(http%253A%252F%252Flocalhost%253A8080%252Fbase%252Fnode_modules%252Fjasmine-core%252Flib%252Fjasmine-core%252Fjasmine.js%253F578a1e5ff14db21b04e2d6db7fd0eda37042440c%253A605)%250A%2520%2520%2520%2520at%2520http%253A%252F%252Flocalhost%253A8080%252Fbase%252Fnode_modules%252Fjasmine-core%252Flib%252Fjasmine-core%252Fjasmine.js%253F578a1e5ff14db21b04e2d6db7fd0eda37042440c%253A1784%250A%2520%2520%2520%2520at%2520http%253A%252F%252Flocalhost%253A8080%252Fbase%252Fnode_modules%252Fjasmine-core%252Flib%252Fjasmine-core%252Fjasmine.js%253F578a1e5ff14db21b04e2d6db7fd0eda37042440c%253A1762%250A%2520%2520%2520%2520at%2520http%253A%252F%252Flocalhost%253A8080%252Fbase%252Fnode_modules%252Fjasmine-core%252Flib%252Fjasmine-core%252Fjasmine.js%253F578a1e5ff14db21b04e2d6db7fd0eda37042440c%253A627%250A%2520%2520%2520%2520at%2520http%253A%252F%252Flocalhost%253A8080%252Fbase%252Fnode_modules%252Fjasmine-core%252Flib%252Fjasmine-core%252Fjasmine.js%253F578a1e5ff14db21b04e2d6db7fd0eda37042440c%253A357%250A%2520%2520%2520%2520at%2520http%253A%252F%252Flocalhost%253A8080%252Fbase%252Fnode_modules%252Fjasmine-core%252Flib%252Fjasmine-core%252Fjasmine.js%253F578a1e5ff14db21b04e2d6db7fd0eda37042440c%253A2360%250A%2520%2520%2520%2520at%2520attemptAsync%2520(http%253A%252F%252Flocalhost%253A8080%252Fbase%252Fnode_modules%252Fjasmine-core%252Flib%252Fjasmine-core%252Fjasmine.js%253F578a1e5ff14db21b04e2d6db7fd0eda37042440c%253A1819)%250A%2520%2520%2520%2520at%2520http%253A%252F%252Flocalhost%253A8080%252Fbase%252Fnode_modules%252Fjasmine-core%252Flib%252Fjasmine-core%252Fjasmine.js%253F578a1e5ff14db21b04e2d6db7fd0eda37042440c%253A1774%250A%2520%2520%2520%2520at%2520http%253A%252F%252Flocalhost%253A8080%252Fbase%252Fnode_modules%252Fjasmine-core%252Flib%252Fjasmine-core%252Fjasmine.js%253F578a1e5ff14db21b04e2d6db7fd0eda37042440c%253A1801%250A%2520%2520%2520%2520at%2520http%253A%252F%252Flocalhost%253A8080%252Fbase%252Fnode_modules%252Fjasmine-core%252Flib%252Fjasmine-core%252Fjasmine.js%253F578a1e5ff14db21b04e2d6db7fd0eda37042440c%253A1745%250A%2520%2520%2520%2520at%2520complete%2520(http%253A%252F%252Flocalhost%253A8080%252Fbase%252Fnode_modules%252Fjasmine-core%252Flib%252Fjasmine-core%252Fjasmine.js%253F578a1e5ff14db21b04e2d6db7fd0eda37042440c%253A365)%0A%20%20%20%20at%20http%3A%2F%2Flocalhost%3A8080%2Fbase%2Fapp%2Fvendor%2Fangular%2Fangular.js%3F9d140432f81858ac1e7888708720d419d147ffa9%3A4379%0A%20%20%20%20at%20forEach%20(http%3A%2F%2Flocalhost%3A8080%2Fbase%2Fapp%2Fvendor%2Fangular%2Fangular.js%3F9d140432f81858ac1e7888708720d419d147ffa9%3A336)%0A%20%20%20%20at%20loadModules%20(http%3A%2F%2Flocalhost%3A8080%2Fbase%2Fapp%2Fvendor%2Fangular%2Fangular.js%3F9d140432f81858ac1e7888708720d419d147ffa9%3A4381)%0A%20%20%20%20at%20http%3A%2F%2Flocalhost%3A8080%2Fbase%2Fapp%2Fvendor%2Fangular%2Fangular.js%3F9d140432f81858ac1e7888708720d419d147ffa9%3A4356%0A%20%20%20%20at%20forEach%20(http%3A%2F%2Flocalhost%3A8080%2Fbase%2Fapp%2Fvendor%2Fangular%2Fangular.js%3F9d140432f81858ac1e7888708720d419d147ffa9%3A336)%0A%20%20%20%20at%20loadModules%20(http%3A%2F%2Flocalhost%3A8080%2Fbase%2Fapp%2Fvendor%2Fangular%2Fangular.js%3F9d140432f81858ac1e7888708720d419d147ffa9%3A4381)%0A%20%20%20%20at%20createInjector%20(http%3A%2F%2Flocalhost%3A8080%2Fbase%2Fapp%2Fvendor%2Fangular%2Fangular.js%3F9d140432f81858ac1e7888708720d419d147ffa9%3A4265)%0A%20%20%20%20at%20workFn%20(http%3A%2F%2Flocalhost%3A8080%2Fbase%2Fapp%2Fvendor%2Fangular-mocks%2Fangular-mocks.js%3F6fe041cc8bb7a17f894cb12d8b0d44b12644f10a%3A2409)%0A%20%20%20%20at%20attemptSync%20(http%3A%2F%2Flocalhost%3A8080%2Fbase%2Fnode_modules%2Fjasmine-core%2Flib%2Fjasmine-core%2Fjasmine.js%3F578a1e5ff14db21b04e2d6db7fd0eda37042440c%3A1789)%0A%20%20%20%20at%20http%3A%2F%2Flocalhost%3A8080%2Fbase%2Fnode_modules%2Fjasmine-core%2Flib%2Fjasmine-core%2Fjasmine.js%3F578a1e5ff14db21b04e2d6db7fd0eda37042440c%3A1777%0A%20%20%20%20at%20http%3A%2F%2Flocalhost%3A8080%2Fbase%2Fnode_modules%2Fjasmine-core%2Flib%2Fjasmine-core%2Fjasmine.js%3F578a1e5ff14db21b04e2d6db7fd0eda37042440c%3A1762%0A%20%20%20%20at%20http%3A%2F%2Flocalhost%3A8080%2Fbase%2Fnode_modules%2Fjasmine-core%2Flib%2Fjasmine-core%2Fjasmine.js%3F578a1e5ff14db21b04e2d6db7fd0eda37042440c%3A627%0A%20%20%20%20at%20http%3A%2F%2Flocalhost%3A8080%2Fbase%2Fnode_modules%2Fjasmine-core%2Flib%2Fjasmine-core%2Fjasmine.js%3F578a1e5ff14db21b04e2d6db7fd0eda37042440c%3A357%0A%20%20%20%20at%20http%3A%2F%2Flocalhost%3A8080%2Fbase%2Fnode_modules%2Fjasmine-core%2Flib%2Fjasmine-core%2Fjasmine.js%3F578a1e5ff14db21b04e2d6db7fd0eda37042440c%3A2360%0A%20%20%20%20at%20attemptAsync%20(http%3A%2F%2Flocalhost%3A8080%2Fbase%2Fnode_modules%2Fjasmine-core%2Flib%2Fjasmine-core%2Fjasmine.js%3F578a1e5ff14db21b04e2d6db7fd0eda37042440c%3A1819)%0A%20%20%20%20at%20http%3A%2F%2Flocalhost%3A8080%2Fbase%2Fnode_modules%2Fjasmine-core%2Flib%2Fjasmine-core%2Fjasmine.js%3F578a1e5ff14db21b04e2d6db7fd0eda37042440c%3A1774%0A%20%20%20%20at%20http%3A%2F%2Flocalhost%3A8080%2Fbase%2Fnode_modules%2Fjasmine-core%2Flib%2Fjasmine-core%2Fjasmine.js%3F578a1e5ff14db21b04e2d6db7fd0eda37042440c%3A1762%0A%20%20%20%20at%20http%3A%2F%2Flocalhost%3A8080%2Fbase%2Fnode_modules%2Fjasmine-core%2Flib%2Fjasmine-core%2Fjasmine.js%3F578a1e5ff14db21b04e2d6db7fd0eda37042440c%3A627%0A%20%20%20%20at%20http%3A%2F%2Flocalhost%3A8080%2Fbase%2Fnode_modules%2Fjasmine-core%2Flib%2Fjasmine-core%2Fjasmine.js%3F578a1e5ff14db21b04e2d6db7fd0eda37042440c%3A2354%0A%20%20%20%20at%20attemptAsync%20(http%3A%2F%2Flocalhost%3A8080%2Fbase%2Fnode_modules%2Fjasmine-core%2Flib%2Fjasmine-core%2Fjasmine.js%3F578a1e5ff14db21b04e2d6db7fd0eda37042440c%3A1819)%0A%20%20%20%20at%20http%3A%2F%2Flocalhost%3A8080%2Fbase%2Fnode_modules%2Fjasmine-core%2Flib%2Fjasmine-core%2Fjasmine.js%3F578a1e5ff14db21b04e2d6db7fd0eda37042440c%3A1774%0A%20%20%20%20at%20http%3A%2F%2Flocalhost%3A8080%2Fbase%2Fnode_modules%2Fjasmine-core%2Flib%2Fjasmine-core%2Fjasmine.js%3F578a1e5ff14db21b04e2d6db7fd0eda37042440c%3A1801%0A%20%20%20%20at%20http%3A%2F%2Flocalhost%3A8080%2Fbase%2Fnode_modules%2Fjasmine-core%2Flib%2Fjasmine-core%2Fjasmine.js%3F578a1e5ff14db21b04e2d6db7fd0eda37042440c%3A1745%0A%20%20%20%20at%20http%3A%2F%2Flocalhost%3A8080%2Fbase%2Fnode_modules%2Fjasmine-core%2Flib%2Fjasmine-core%2Fjasmine.js%3F578a1e5ff14db21b04e2d6db7fd0eda37042440c%3A2348%0A%20%20%20%20at%20clearStack%20(http%3A%2F%2Flocalhost%3A8080%2Fbase%2Fnode_modules%2Fjasmine-core%2Flib%2Fjasmine-core%2Fjasmine.js%3F578a1e5ff14db21b04e2d6db7fd0eda37042440c%3A605)%0A%20%20%20%20at%20http%3A%2F%2Flocalhost%3A8080%2Fbase%2Fnode_modules%2Fjasmine-core%2Flib%2Fjasmine-core%2Fjasmine.js%3F578a1e5ff14db21b04e2d6db7fd0eda37042440c%3A1784%0A%20%20%20%20at%20http%3A%2F%2Flocalhost%3A8080%2Fbase%2Fnode_modules%2Fjasmine-core%2Flib%2Fjasmine-core%2Fjasmine.js%3F578a1e5ff14db21b04e2d6db7fd0eda37042440c%3A1801%0A%20%20%20%20at%20http%3A%2F%2Flocalhost%3A8080%2Fbase%2Fnode_modules%2Fjasmine-core%2Flib%2Fjasmine-core%2Fjasmine.js%3F578a1e5ff14db21b04e2d6db7fd0eda37042440c%3A1745%0A%20%20%20%20at%20complete%20(http%3A%2F%2Flocalhost%3A8080%2Fbase%2Fnode_modules%2Fjasmine-core%2Flib%2Fjasmine-core%2Fjasmine.js%3F578a1e5ff14db21b04e2d6db7fd0eda37042440c%3A365)%0A%20%20%20%20at%20clearStack%20(http%3A%2F%2Flocalhost%3A8080%2Fbase%2Fnode_modules%2Fjasmine-core%2Flib%2Fjasmine-core%2Fjasmine.js%3F578a1e5ff14db21b04e2d6db7fd0eda37042440c%3A605)%0A%20%20%20%20at%20http%3A%2F%2Flocalhost%3A8080%2Fbase%2Fnode_modules%2Fjasmine-core%2Flib%2Fjasmine-core%2Fjasmine.js%3F578a1e5ff14db21b04e2d6db7fd0eda37042440c%3A1784%0A%20%20%20%20at%20http%3A%2F%2Flocalhost%3A8080%2Fbase%2Fnode_modules%2Fjasmine-core%2Flib%2Fjasmine-core%2Fjasmine.js%3F578a1e5ff14db21b04e2d6db7fd0eda37042440c%3A1762%0A%20%20%20%20at%20http%3A%2F%2Flocalhost%3A8080%2Fbase%2Fnode_modules%2Fjasmine-core%2Flib%2Fjasmine-core%2Fjasmine.js%3F578a1e5ff14db21b04e2d6db7fd0eda37042440c%3A627%0A%20%20%20%20at%20http%3A%2F%2Flocalhost%3A8080%2Fbase%2Fnode_modules%2Fjasmine-core%2Flib%2Fjasmine-core%2Fjasmine.js%3F578a1e5ff14db21b04e2d6db7fd0eda37042440c%3A357%0A%20%20%20%20at%20http%3A%2F%2Flocalhost%3A8080%2Fbase%2Fnode_modules%2Fjasmine-core%2Flib%2Fjasmine-core%2Fjasmine.js%3F578a1e5ff14db21b04e2d6db7fd0eda37042440c%3A2360%0A%20%20%20%20at%20attemptAsync%20(http%3A%2F%2Flocalhost%3A8080%2Fbase%2Fnode_modules%2Fjasmine-core%2Flib%2Fjasmine-core%2Fjasmine.js%3F578a1e5ff14db21b04e2d6db7fd0eda37042440c%3A1819)%0A%20%20%20%20at%20http%3A%2F%2Flocalhost%3A8080%2Fbase%2Fnode_modules%2Fjasmine-core%2Flib%2Fjasmine-core%2Fjasmine.js%3F578a1e5ff14db21b04e2d6db7fd0eda37042440c%3A1774%0A%20%20%20%20at%20http%3A%2F%2Flocalhost%3A8080%2Fbase%2Fnode_modules%2Fjasmine-core%2Flib%2Fjasmine-core%2Fjasmine.js%3F578a1e5ff14db21b04e2d6db7fd0eda37042440c%3A1801%0A%20%20%20%20at%20http%3A%2F%2Flocalhost%3A8080%2Fbase%2Fnode_modules%2Fjasmine-core%2Flib%2Fjasmine-core%2Fjasmine.js%3F578a1e5ff14db21b04e2d6db7fd0eda37042440c%3A1745%0A%20%20%20%20at%20complete%20(http%3A%2F%2Flocalhost%3A8080%2Fbase%2Fnode_modules%2Fjasmine-core%2Flib%2Fjasmine-core%2Fjasmine.js%3F578a1e5ff14db21b04e2d6db7fd0eda37042440c%3A365)
    at C:/dev/MedExplorer/src/client/app/vendor/angular/angular.js:4379
    at forEach (C:/dev/MedExplorer/src/client/app/vendor/angular/angular.js:336)
    at loadModules (C:/dev/MedExplorer/src/client/app/vendor/angular/angular.js:4381)
    at createInjector (C:/dev/MedExplorer/src/client/app/vendor/angular/angular.js:4265)
    at workFn (C:/dev/MedExplorer/src/client/app/vendor/angular-mocks/angular-mocks.js:2409)
</failure>
      <failure type="">Error: [$injector:modulerr] Failed to instantiate module MedExplorer due to:
Error: [$injector:modulerr] Failed to instantiate module ui.bootstrap due to:
Error: [$injector:nomod] Module &apos;ui.bootstrap&apos; is not available! You either misspelled the module name or forgot to load it. If registering a module ensure that you specify the dependencies as the second argument.
http://errors.angularjs.org/1.4.1/$injector/nomod?p0=ui.bootstrap
    at C:/dev/MedExplorer/src/client/app/vendor/angular/angular.js:1951
    at ensure (C:/dev/MedExplorer/src/client/app/vendor/angular/angular.js:1873)
    at module (C:/dev/MedExplorer/src/client/app/vendor/angular/angular.js:2201)
    at C:/dev/MedExplorer/src/client/app/vendor/angular/angular.js:4355
    at forEach (C:/dev/MedExplorer/src/client/app/vendor/angular/angular.js:336)
    at loadModules (C:/dev/MedExplorer/src/client/app/vendor/angular/angular.js:4381)
    at C:/dev/MedExplorer/src/client/app/vendor/angular/angular.js:4356
    at forEach (C:/dev/MedExplorer/src/client/app/vendor/angular/angular.js:336)
    at loadModules (C:/dev/MedExplorer/src/client/app/vendor/angular/angular.js:4381)
    at createInjector (C:/dev/MedExplorer/src/client/app/vendor/angular/angular.js:4265)
    at workFn (C:/dev/MedExplorer/src/client/app/vendor/angular-mocks/angular-mocks.js:2409)
http://errors.angularjs.org/1.4.1/$injector/modulerr?p0=ui.bootstrap&amp;p1=Error%3A%20%5B%24injector%3Anomod%5D%20Module%20&apos;ui.bootstrap&apos;%20is%20not%20available!%20You%20either%20misspelled%20the%20module%20name%20or%20forgot%20to%20load%20it.%20If%20registering%20a%20module%20ensure%20that%20you%20specify%20the%20dependencies%20as%20the%20second%20argument.%0Ahttp%3A%2F%2Ferrors.angularjs.org%2F1.4.1%2F%24injector%2Fnomod%3Fp0%3Dui.bootstrap%0A%20%20%20%20at%20http%3A%2F%2Flocalhost%3A8080%2Fbase%2Fapp%2Fvendor%2Fangular%2Fangular.js%3F9d140432f81858ac1e7888708720d419d147ffa9%3A1951%0A%20%20%20%20at%20ensure%20(http%3A%2F%2Flocalhost%3A8080%2Fbase%2Fapp%2Fvendor%2Fangular%2Fangular.js%3F9d140432f81858ac1e7888708720d419d147ffa9%3A1873)%0A%20%20%20%20at%20module%20(http%3A%2F%2Flocalhost%3A8080%2Fbase%2Fapp%2Fvendor%2Fangular%2Fangular.js%3F9d140432f81858ac1e7888708720d419d147ffa9%3A2201)%0A%20%20%20%20at%20http%3A%2F%2Flocalhost%3A8080%2Fbase%2Fapp%2Fvendor%2Fangular%2Fangular.js%3F9d140432f81858ac1e7888708720d419d147ffa9%3A4355%0A%20%20%20%20at%20forEach%20(http%3A%2F%2Flocalhost%3A8080%2Fbase%2Fapp%2Fvendor%2Fangular%2Fangular.js%3F9d140432f81858ac1e7888708720d419d147ffa9%3A336)%0A%20%20%20%20at%20loadModules%20(http%3A%2F%2Flocalhost%3A8080%2Fbase%2Fapp%2Fvendor%2Fangular%2Fangular.js%3F9d140432f81858ac1e7888708720d419d147ffa9%3A4381)%0A%20%20%20%20at%20http%3A%2F%2Flocalhost%3A8080%2Fbase%2Fapp%2Fvendor%2Fangular%2Fangular.js%3F9d140432f81858ac1e7888708720d419d147ffa9%3A4356%0A%20%20%20%20at%20forEach%20(http%3A%2F%2Flocalhost%3A8080%2Fbase%2Fapp%2Fvendor%2Fangular%2Fangular.js%3F9d140432f81858ac1e7888708720d419d147ffa9%3A336)%0A%20%20%20%20at%20loadModules%20(http%3A%2F%2Flocalhost%3A8080%2Fbase%2Fapp%2Fvendor%2Fangular%2Fangular.js%3F9d140432f81858ac1e7888708720d419d147ffa9%3A4381)%0A%20%20%20%20at%20createInjector%20(http%3A%2F%2Flocalhost%3A8080%2Fbase%2Fapp%2Fvendor%2Fangular%2Fangular.js%3F9d140432f81858ac1e7888708720d419d147ffa9%3A4265)%0A%20%20%20%20at%20workFn%20(http%3A%2F%2Flocalhost%3A8080%2Fbase%2Fapp%2Fvendor%2Fangular-mocks%2Fangular-mocks.js%3F6fe041cc8bb7a17f894cb12d8b0d44b12644f10a%3A2409)%0A%20%20%20%20at%20attemptSync%20(http%3A%2F%2Flocalhost%3A8080%2Fbase%2Fnode_modules%2Fjasmine-core%2Flib%2Fjasmine-core%2Fjasmine.js%3F578a1e5ff14db21b04e2d6db7fd0eda37042440c%3A1789)%0A%20%20%20%20at%20http%3A%2F%2Flocalhost%3A8080%2Fbase%2Fnode_modules%2Fjasmine-core%2Flib%2Fjasmine-core%2Fjasmine.js%3F578a1e5ff14db21b04e2d6db7fd0eda37042440c%3A1777%0A%20%20%20%20at%20http%3A%2F%2Flocalhost%3A8080%2Fbase%2Fnode_modules%2Fjasmine-core%2Flib%2Fjasmine-core%2Fjasmine.js%3F578a1e5ff14db21b04e2d6db7fd0eda37042440c%3A1762%0A%20%20%20%20at%20http%3A%2F%2Flocalhost%3A8080%2Fbase%2Fnode_modules%2Fjasmine-core%2Flib%2Fjasmine-core%2Fjasmine.js%3F578a1e5ff14db21b04e2d6db7fd0eda37042440c%3A627%0A%20%20%20%20at%20http%3A%2F%2Flocalhost%3A8080%2Fbase%2Fnode_modules%2Fjasmine-core%2Flib%2Fjasmine-core%2Fjasmine.js%3F578a1e5ff14db21b04e2d6db7fd0eda37042440c%3A357%0A%20%20%20%20at%20http%3A%2F%2Flocalhost%3A8080%2Fbase%2Fnode_modules%2Fjasmine-core%2Flib%2Fjasmine-core%2Fjasmine.js%3F578a1e5ff14db21b04e2d6db7fd0eda37042440c%3A2360%0A%20%20%20%20at%20attemptAsync%20(http%3A%2F%2Flocalhost%3A8080%2Fbase%2Fnode_modules%2Fjasmine-core%2Flib%2Fjasmine-core%2Fjasmine.js%3F578a1e5ff14db21b04e2d6db7fd0eda37042440c%3A1819)%0A%20%20%20%20at%20http%3A%2F%2Flocalhost%3A8080%2Fbase%2Fnode_modules%2Fjasmine-core%2Flib%2Fjasmine-core%2Fjasmine.js%3F578a1e5ff14db21b04e2d6db7fd0eda37042440c%3A1774%0A%20%20%20%20at%20http%3A%2F%2Flocalhost%3A8080%2Fbase%2Fnode_modules%2Fjasmine-core%2Flib%2Fjasmine-core%2Fjasmine.js%3F578a1e5ff14db21b04e2d6db7fd0eda37042440c%3A1762%0A%20%20%20%20at%20http%3A%2F%2Flocalhost%3A8080%2Fbase%2Fnode_modules%2Fjasmine-core%2Flib%2Fjasmine-core%2Fjasmine.js%3F578a1e5ff14db21b04e2d6db7fd0eda37042440c%3A627%0A%20%20%20%20at%20http%3A%2F%2Flocalhost%3A8080%2Fbase%2Fnode_modules%2Fjasmine-core%2Flib%2Fjasmine-core%2Fjasmine.js%3F578a1e5ff14db21b04e2d6db7fd0eda37042440c%3A2354%0A%20%20%20%20at%20attemptAsync%20(http%3A%2F%2Flocalhost%3A8080%2Fbase%2Fnode_modules%2Fjasmine-core%2Flib%2Fjasmine-core%2Fjasmine.js%3F578a1e5ff14db21b04e2d6db7fd0eda37042440c%3A1819)%0A%20%20%20%20at%20http%3A%2F%2Flocalhost%3A8080%2Fbase%2Fnode_modules%2Fjasmine-core%2Flib%2Fjasmine-core%2Fjasmine.js%3F578a1e5ff14db21b04e2d6db7fd0eda37042440c%3A1774%0A%20%20%20%20at%20http%3A%2F%2Flocalhost%3A8080%2Fbase%2Fnode_modules%2Fjasmine-core%2Flib%2Fjasmine-core%2Fjasmine.js%3F578a1e5ff14db21b04e2d6db7fd0eda37042440c%3A1801%0A%20%20%20%20at%20http%3A%2F%2Flocalhost%3A8080%2Fbase%2Fnode_modules%2Fjasmine-core%2Flib%2Fjasmine-core%2Fjasmine.js%3F578a1e5ff14db21b04e2d6db7fd0eda37042440c%3A1745%0A%20%20%20%20at%20http%3A%2F%2Flocalhost%3A8080%2Fbase%2Fnode_modules%2Fjasmine-core%2Flib%2Fjasmine-core%2Fjasmine.js%3F578a1e5ff14db21b04e2d6db7fd0eda37042440c%3A2348%0A%20%20%20%20at%20clearStack%20(http%3A%2F%2Flocalhost%3A8080%2Fbase%2Fnode_modules%2Fjasmine-core%2Flib%2Fjasmine-core%2Fjasmine.js%3F578a1e5ff14db21b04e2d6db7fd0eda37042440c%3A605)%0A%20%20%20%20at%20http%3A%2F%2Flocalhost%3A8080%2Fbase%2Fnode_modules%2Fjasmine-core%2Flib%2Fjasmine-core%2Fjasmine.js%3F578a1e5ff14db21b04e2d6db7fd0eda37042440c%3A1784%0A%20%20%20%20at%20http%3A%2F%2Flocalhost%3A8080%2Fbase%2Fnode_modules%2Fjasmine-core%2Flib%2Fjasmine-core%2Fjasmine.js%3F578a1e5ff14db21b04e2d6db7fd0eda37042440c%3A1801%0A%20%20%20%20at%20http%3A%2F%2Flocalhost%3A8080%2Fbase%2Fnode_modules%2Fjasmine-core%2Flib%2Fjasmine-core%2Fjasmine.js%3F578a1e5ff14db21b04e2d6db7fd0eda37042440c%3A1745%0A%20%20%20%20at%20complete%20(http%3A%2F%2Flocalhost%3A8080%2Fbase%2Fnode_modules%2Fjasmine-core%2Flib%2Fjasmine-core%2Fjasmine.js%3F578a1e5ff14db21b04e2d6db7fd0eda37042440c%3A365)%0A%20%20%20%20at%20clearStack%20(http%3A%2F%2Flocalhost%3A8080%2Fbase%2Fnode_modules%2Fjasmine-core%2Flib%2Fjasmine-core%2Fjasmine.js%3F578a1e5ff14db21b04e2d6db7fd0eda37042440c%3A605)%0A%20%20%20%20at%20http%3A%2F%2Flocalhost%3A8080%2Fbase%2Fnode_modules%2Fjasmine-core%2Flib%2Fjasmine-core%2Fjasmine.js%3F578a1e5ff14db21b04e2d6db7fd0eda37042440c%3A1784%0A%20%20%20%20at%20http%3A%2F%2Flocalhost%3A8080%2Fbase%2Fnode_modules%2Fjasmine-core%2Flib%2Fjasmine-core%2Fjasmine.js%3F578a1e5ff14db21b04e2d6db7fd0eda37042440c%3A1762%0A%20%20%20%20at%20http%3A%2F%2Flocalhost%3A8080%2Fbase%2Fnode_modules%2Fjasmine-core%2Flib%2Fjasmine-core%2Fjasmine.js%3F578a1e5ff14db21b04e2d6db7fd0eda37042440c%3A627%0A%20%20%20%20at%20http%3A%2F%2Flocalhost%3A8080%2Fbase%2Fnode_modules%2Fjasmine-core%2Flib%2Fjasmine-core%2Fjasmine.js%3F578a1e5ff14db21b04e2d6db7fd0eda37042440c%3A357%0A%20%20%20%20at%20http%3A%2F%2Flocalhost%3A8080%2Fbase%2Fnode_modules%2Fjasmine-core%2Flib%2Fjasmine-core%2Fjasmine.js%3F578a1e5ff14db21b04e2d6db7fd0eda37042440c%3A2360%0A%20%20%20%20at%20attemptAsync%20(http%3A%2F%2Flocalhost%3A8080%2Fbase%2Fnode_modules%2Fjasmine-core%2Flib%2Fjasmine-core%2Fjasmine.js%3F578a1e5ff14db21b04e2d6db7fd0eda37042440c%3A1819)%0A%20%20%20%20at%20http%3A%2F%2Flocalhost%3A8080%2Fbase%2Fnode_modules%2Fjasmine-core%2Flib%2Fjasmine-core%2Fjasmine.js%3F578a1e5ff14db21b04e2d6db7fd0eda37042440c%3A1774%0A%20%20%20%20at%20http%3A%2F%2Flocalhost%3A8080%2Fbase%2Fnode_modules%2Fjasmine-core%2Flib%2Fjasmine-core%2Fjasmine.js%3F578a1e5ff14db21b04e2d6db7fd0eda37042440c%3A1801%0A%20%20%20%20at%20http%3A%2F%2Flocalhost%3A8080%2Fbase%2Fnode_modules%2Fjasmine-core%2Flib%2Fjasmine-core%2Fjasmine.js%3F578a1e5ff14db21b04e2d6db7fd0eda37042440c%3A1745%0A%20%20%20%20at%20complete%20(http%3A%2F%2Flocalhost%3A8080%2Fbase%2Fnode_modules%2Fjasmine-core%2Flib%2Fjasmine-core%2Fjasmine.js%3F578a1e5ff14db21b04e2d6db7fd0eda37042440c%3A365)
    at C:/dev/MedExplorer/src/client/app/vendor/angular/angular.js:4379
    at forEach (C:/dev/MedExplorer/src/client/app/vendor/angular/angular.js:336)
    at loadModules (C:/dev/MedExplorer/src/client/app/vendor/angular/angular.js:4381)
    at C:/dev/MedExplorer/src/client/app/vendor/angular/angular.js:4356
    at forEach (C:/dev/MedExplorer/src/client/app/vendor/angular/angular.js:336)
    at loadModules (C:/dev/MedExplorer/src/client/app/vendor/angular/angular.js:4381)
    at createInjector (C:/dev/MedExplorer/src/client/app/vendor/angular/angular.js:4265)
    at workFn (C:/dev/MedExplorer/src/client/app/vendor/angular-mocks/angular-mocks.js:2409)
http://errors.angularjs.org/1.4.1/$injector/modulerr?p0=MedExplorer&amp;p1=Error%3A%20%5B%24injector%3Amodulerr%5D%20Failed%20to%20instantiate%20module%20ui.bootstrap%20due%20to%3A%0AError%3A%20%5B%24injector%3Anomod%5D%20Module%20&apos;ui.bootstrap&apos;%20is%20not%20available!%20You%20either%20misspelled%20the%20module%20name%20or%20forgot%20to%20load%20it.%20If%20registering%20a%20module%20ensure%20that%20you%20specify%20the%20dependencies%20as%20the%20second%20argument.%0Ahttp%3A%2F%2Ferrors.angularjs.org%2F1.4.1%2F%24injector%2Fnomod%3Fp0%3Dui.bootstrap%0A%20%20%20%20at%20http%3A%2F%2Flocalhost%3A8080%2Fbase%2Fapp%2Fvendor%2Fangular%2Fangular.js%3F9d140432f81858ac1e7888708720d419d147ffa9%3A1951%0A%20%20%20%20at%20ensure%20(http%3A%2F%2Flocalhost%3A8080%2Fbase%2Fapp%2Fvendor%2Fangular%2Fangular.js%3F9d140432f81858ac1e7888708720d419d147ffa9%3A1873)%0A%20%20%20%20at%20module%20(http%3A%2F%2Flocalhost%3A8080%2Fbase%2Fapp%2Fvendor%2Fangular%2Fangular.js%3F9d140432f81858ac1e7888708720d419d147ffa9%3A2201)%0A%20%20%20%20at%20http%3A%2F%2Flocalhost%3A8080%2Fbase%2Fapp%2Fvendor%2Fangular%2Fangular.js%3F9d140432f81858ac1e7888708720d419d147ffa9%3A4355%0A%20%20%20%20at%20forEach%20(http%3A%2F%2Flocalhost%3A8080%2Fbase%2Fapp%2Fvendor%2Fangular%2Fangular.js%3F9d140432f81858ac1e7888708720d419d147ffa9%3A336)%0A%20%20%20%20at%20loadModules%20(http%3A%2F%2Flocalhost%3A8080%2Fbase%2Fapp%2Fvendor%2Fangular%2Fangular.js%3F9d140432f81858ac1e7888708720d419d147ffa9%3A4381)%0A%20%20%20%20at%20http%3A%2F%2Flocalhost%3A8080%2Fbase%2Fapp%2Fvendor%2Fangular%2Fangular.js%3F9d140432f81858ac1e7888708720d419d147ffa9%3A4356%0A%20%20%20%20at%20forEach%20(http%3A%2F%2Flocalhost%3A8080%2Fbase%2Fapp%2Fvendor%2Fangular%2Fangular.js%3F9d140432f81858ac1e7888708720d419d147ffa9%3A336)%0A%20%20%20%20at%20loadModules%20(http%3A%2F%2Flocalhost%3A8080%2Fbase%2Fapp%2Fvendor%2Fangular%2Fangular.js%3F9d140432f81858ac1e7888708720d419d147ffa9%3A4381)%0A%20%20%20%20at%20createInjector%20(http%3A%2F%2Flocalhost%3A8080%2Fbase%2Fapp%2Fvendor%2Fangular%2Fangular.js%3F9d140432f81858ac1e7888708720d419d147ffa9%3A4265)%0A%20%20%20%20at%20workFn%20(http%3A%2F%2Flocalhost%3A8080%2Fbase%2Fapp%2Fvendor%2Fangular-mocks%2Fangular-mocks.js%3F6fe041cc8bb7a17f894cb12d8b0d44b12644f10a%3A2409)%0A%20%20%20%20at%20attemptSync%20(http%3A%2F%2Flocalhost%3A8080%2Fbase%2Fnode_modules%2Fjasmine-core%2Flib%2Fjasmine-core%2Fjasmine.js%3F578a1e5ff14db21b04e2d6db7fd0eda37042440c%3A1789)%0A%20%20%20%20at%20http%3A%2F%2Flocalhost%3A8080%2Fbase%2Fnode_modules%2Fjasmine-core%2Flib%2Fjasmine-core%2Fjasmine.js%3F578a1e5ff14db21b04e2d6db7fd0eda37042440c%3A1777%0A%20%20%20%20at%20http%3A%2F%2Flocalhost%3A8080%2Fbase%2Fnode_modules%2Fjasmine-core%2Flib%2Fjasmine-core%2Fjasmine.js%3F578a1e5ff14db21b04e2d6db7fd0eda37042440c%3A1762%0A%20%20%20%20at%20http%3A%2F%2Flocalhost%3A8080%2Fbase%2Fnode_modules%2Fjasmine-core%2Flib%2Fjasmine-core%2Fjasmine.js%3F578a1e5ff14db21b04e2d6db7fd0eda37042440c%3A627%0A%20%20%20%20at%20http%3A%2F%2Flocalhost%3A8080%2Fbase%2Fnode_modules%2Fjasmine-core%2Flib%2Fjasmine-core%2Fjasmine.js%3F578a1e5ff14db21b04e2d6db7fd0eda37042440c%3A357%0A%20%20%20%20at%20http%3A%2F%2Flocalhost%3A8080%2Fbase%2Fnode_modules%2Fjasmine-core%2Flib%2Fjasmine-core%2Fjasmine.js%3F578a1e5ff14db21b04e2d6db7fd0eda37042440c%3A2360%0A%20%20%20%20at%20attemptAsync%20(http%3A%2F%2Flocalhost%3A8080%2Fbase%2Fnode_modules%2Fjasmine-core%2Flib%2Fjasmine-core%2Fjasmine.js%3F578a1e5ff14db21b04e2d6db7fd0eda37042440c%3A1819)%0A%20%20%20%20at%20http%3A%2F%2Flocalhost%3A8080%2Fbase%2Fnode_modules%2Fjasmine-core%2Flib%2Fjasmine-core%2Fjasmine.js%3F578a1e5ff14db21b04e2d6db7fd0eda37042440c%3A1774%0A%20%20%20%20at%20http%3A%2F%2Flocalhost%3A8080%2Fbase%2Fnode_modules%2Fjasmine-core%2Flib%2Fjasmine-core%2Fjasmine.js%3F578a1e5ff14db21b04e2d6db7fd0eda37042440c%3A1762%0A%20%20%20%20at%20http%3A%2F%2Flocalhost%3A8080%2Fbase%2Fnode_modules%2Fjasmine-core%2Flib%2Fjasmine-core%2Fjasmine.js%3F578a1e5ff14db21b04e2d6db7fd0eda37042440c%3A627%0A%20%20%20%20at%20http%3A%2F%2Flocalhost%3A8080%2Fbase%2Fnode_modules%2Fjasmine-core%2Flib%2Fjasmine-core%2Fjasmine.js%3F578a1e5ff14db21b04e2d6db7fd0eda37042440c%3A2354%0A%20%20%20%20at%20attemptAsync%20(http%3A%2F%2Flocalhost%3A8080%2Fbase%2Fnode_modules%2Fjasmine-core%2Flib%2Fjasmine-core%2Fjasmine.js%3F578a1e5ff14db21b04e2d6db7fd0eda37042440c%3A1819)%0A%20%20%20%20at%20http%3A%2F%2Flocalhost%3A8080%2Fbase%2Fnode_modules%2Fjasmine-core%2Flib%2Fjasmine-core%2Fjasmine.js%3F578a1e5ff14db21b04e2d6db7fd0eda37042440c%3A1774%0A%20%20%20%20at%20http%3A%2F%2Flocalhost%3A8080%2Fbase%2Fnode_modules%2Fjasmine-core%2Flib%2Fjasmine-core%2Fjasmine.js%3F578a1e5ff14db21b04e2d6db7fd0eda37042440c%3A1801%0A%20%20%20%20at%20http%3A%2F%2Flocalhost%3A8080%2Fbase%2Fnode_modules%2Fjasmine-core%2Flib%2Fjasmine-core%2Fjasmine.js%3F578a1e5ff14db21b04e2d6db7fd0eda37042440c%3A1745%0A%20%20%20%20at%20http%3A%2F%2Flocalhost%3A8080%2Fbase%2Fnode_modules%2Fjasmine-core%2Flib%2Fjasmine-core%2Fjasmine.js%3F578a1e5ff14db21b04e2d6db7fd0eda37042440c%3A2348%0A%20%20%20%20at%20clearStack%20(http%3A%2F%2Flocalhost%3A8080%2Fbase%2Fnode_modules%2Fjasmine-core%2Flib%2Fjasmine-core%2Fjasmine.js%3F578a1e5ff14db21b04e2d6db7fd0eda37042440c%3A605)%0A%20%20%20%20at%20http%3A%2F%2Flocalhost%3A8080%2Fbase%2Fnode_modules%2Fjasmine-core%2Flib%2Fjasmine-core%2Fjasmine.js%3F578a1e5ff14db21b04e2d6db7fd0eda37042440c%3A1784%0A%20%20%20%20at%20http%3A%2F%2Flocalhost%3A8080%2Fbase%2Fnode_modules%2Fjasmine-core%2Flib%2Fjasmine-core%2Fjasmine.js%3F578a1e5ff14db21b04e2d6db7fd0eda37042440c%3A1801%0A%20%20%20%20at%20http%3A%2F%2Flocalhost%3A8080%2Fbase%2Fnode_modules%2Fjasmine-core%2Flib%2Fjasmine-core%2Fjasmine.js%3F578a1e5ff14db21b04e2d6db7fd0eda37042440c%3A1745%0A%20%20%20%20at%20complete%20(http%3A%2F%2Flocalhost%3A8080%2Fbase%2Fnode_modules%2Fjasmine-core%2Flib%2Fjasmine-core%2Fjasmine.js%3F578a1e5ff14db21b04e2d6db7fd0eda37042440c%3A365)%0A%20%20%20%20at%20clearStack%20(http%3A%2F%2Flocalhost%3A8080%2Fbase%2Fnode_modules%2Fjasmine-core%2Flib%2Fjasmine-core%2Fjasmine.js%3F578a1e5ff14db21b04e2d6db7fd0eda37042440c%3A605)%0A%20%20%20%20at%20http%3A%2F%2Flocalhost%3A8080%2Fbase%2Fnode_modules%2Fjasmine-core%2Flib%2Fjasmine-core%2Fjasmine.js%3F578a1e5ff14db21b04e2d6db7fd0eda37042440c%3A1784%0A%20%20%20%20at%20http%3A%2F%2Flocalhost%3A8080%2Fbase%2Fnode_modules%2Fjasmine-core%2Flib%2Fjasmine-core%2Fjasmine.js%3F578a1e5ff14db21b04e2d6db7fd0eda37042440c%3A1762%0A%20%20%20%20at%20http%3A%2F%2Flocalhost%3A8080%2Fbase%2Fnode_modules%2Fjasmine-core%2Flib%2Fjasmine-core%2Fjasmine.js%3F578a1e5ff14db21b04e2d6db7fd0eda37042440c%3A627%0A%20%20%20%20at%20http%3A%2F%2Flocalhost%3A8080%2Fbase%2Fnode_modules%2Fjasmine-core%2Flib%2Fjasmine-core%2Fjasmine.js%3F578a1e5ff14db21b04e2d6db7fd0eda37042440c%3A357%0A%20%20%20%20at%20http%3A%2F%2Flocalhost%3A8080%2Fbase%2Fnode_modules%2Fjasmine-core%2Flib%2Fjasmine-core%2Fjasmine.js%3F578a1e5ff14db21b04e2d6db7fd0eda37042440c%3A2360%0A%20%20%20%20at%20attemptAsync%20(http%3A%2F%2Flocalhost%3A8080%2Fbase%2Fnode_modules%2Fjasmine-core%2Flib%2Fjasmine-core%2Fjasmine.js%3F578a1e5ff14db21b04e2d6db7fd0eda37042440c%3A1819)%0A%20%20%20%20at%20http%3A%2F%2Flocalhost%3A8080%2Fbase%2Fnode_modules%2Fjasmine-core%2Flib%2Fjasmine-core%2Fjasmine.js%3F578a1e5ff14db21b04e2d6db7fd0eda37042440c%3A1774%0A%20%20%20%20at%20http%3A%2F%2Flocalhost%3A8080%2Fbase%2Fnode_modules%2Fjasmine-core%2Flib%2Fjasmine-core%2Fjasmine.js%3F578a1e5ff14db21b04e2d6db7fd0eda37042440c%3A1801%0A%20%20%20%20at%20http%3A%2F%2Flocalhost%3A8080%2Fbase%2Fnode_modules%2Fjasmine-core%2Flib%2Fjasmine-core%2Fjasmine.js%3F578a1e5ff14db21b04e2d6db7fd0eda37042440c%3A1745%0A%20%20%20%20at%20complete%20(http%3A%2F%2Flocalhost%3A8080%2Fbase%2Fnode_modules%2Fjasmine-core%2Flib%2Fjasmine-core%2Fjasmine.js%3F578a1e5ff14db21b04e2d6db7fd0eda37042440c%3A365)%0Ahttp%3A%2F%2Ferrors.angularjs.org%2F1.4.1%2F%24injector%2Fmodulerr%3Fp0%3Dui.bootstrap%26p1%3DError%253A%2520%255B%2524injector%253Anomod%255D%2520Module%2520&apos;ui.bootstrap&apos;%2520is%2520not%2520available!%2520You%2520either%2520misspelled%2520the%2520module%2520name%2520or%2520forgot%2520to%2520load%2520it.%2520If%2520registering%2520a%2520module%2520ensure%2520that%2520you%2520specify%2520the%2520dependencies%2520as%2520the%2520second%2520argument.%250Ahttp%253A%252F%252Ferrors.angularjs.org%252F1.4.1%252F%2524injector%252Fnomod%253Fp0%253Dui.bootstrap%250A%2520%2520%2520%2520at%2520http%253A%252F%252Flocalhost%253A8080%252Fbase%252Fapp%252Fvendor%252Fangular%252Fangular.js%253F9d140432f81858ac1e7888708720d419d147ffa9%253A1951%250A%2520%2520%2520%2520at%2520ensure%2520(http%253A%252F%252Flocalhost%253A8080%252Fbase%252Fapp%252Fvendor%252Fangular%252Fangular.js%253F9d140432f81858ac1e7888708720d419d147ffa9%253A1873)%250A%2520%2520%2520%2520at%2520module%2520(http%253A%252F%252Flocalhost%253A8080%252Fbase%252Fapp%252Fvendor%252Fangular%252Fangular.js%253F9d140432f81858ac1e7888708720d419d147ffa9%253A2201)%250A%2520%2520%2520%2520at%2520http%253A%252F%252Flocalhost%253A8080%252Fbase%252Fapp%252Fvendor%252Fangular%252Fangular.js%253F9d140432f81858ac1e7888708720d419d147ffa9%253A4355%250A%2520%2520%2520%2520at%2520forEach%2520(http%253A%252F%252Flocalhost%253A8080%252Fbase%252Fapp%252Fvendor%252Fangular%252Fangular.js%253F9d140432f81858ac1e7888708720d419d147ffa9%253A336)%250A%2520%2520%2520%2520at%2520loadModules%2520(http%253A%252F%252Flocalhost%253A8080%252Fbase%252Fapp%252Fvendor%252Fangular%252Fangular.js%253F9d140432f81858ac1e7888708720d419d147ffa9%253A4381)%250A%2520%2520%2520%2520at%2520http%253A%252F%252Flocalhost%253A8080%252Fbase%252Fapp%252Fvendor%252Fangular%252Fangular.js%253F9d140432f81858ac1e7888708720d419d147ffa9%253A4356%250A%2520%2520%2520%2520at%2520forEach%2520(http%253A%252F%252Flocalhost%253A8080%252Fbase%252Fapp%252Fvendor%252Fangular%252Fangular.js%253F9d140432f81858ac1e7888708720d419d147ffa9%253A336)%250A%2520%2520%2520%2520at%2520loadModules%2520(http%253A%252F%252Flocalhost%253A8080%252Fbase%252Fapp%252Fvendor%252Fangular%252Fangular.js%253F9d140432f81858ac1e7888708720d419d147ffa9%253A4381)%250A%2520%2520%2520%2520at%2520createInjector%2520(http%253A%252F%252Flocalhost%253A8080%252Fbase%252Fapp%252Fvendor%252Fangular%252Fangular.js%253F9d140432f81858ac1e7888708720d419d147ffa9%253A4265)%250A%2520%2520%2520%2520at%2520workFn%2520(http%253A%252F%252Flocalhost%253A8080%252Fbase%252Fapp%252Fvendor%252Fangular-mocks%252Fangular-mocks.js%253F6fe041cc8bb7a17f894cb12d8b0d44b12644f10a%253A2409)%250A%2520%2520%2520%2520at%2520attemptSync%2520(http%253A%252F%252Flocalhost%253A8080%252Fbase%252Fnode_modules%252Fjasmine-core%252Flib%252Fjasmine-core%252Fjasmine.js%253F578a1e5ff14db21b04e2d6db7fd0eda37042440c%253A1789)%250A%2520%2520%2520%2520at%2520http%253A%252F%252Flocalhost%253A8080%252Fbase%252Fnode_modules%252Fjasmine-core%252Flib%252Fjasmine-core%252Fjasmine.js%253F578a1e5ff14db21b04e2d6db7fd0eda37042440c%253A1777%250A%2520%2520%2520%2520at%2520http%253A%252F%252Flocalhost%253A8080%252Fbase%252Fnode_modules%252Fjasmine-core%252Flib%252Fjasmine-core%252Fjasmine.js%253F578a1e5ff14db21b04e2d6db7fd0eda37042440c%253A1762%250A%2520%2520%2520%2520at%2520http%253A%252F%252Flocalhost%253A8080%252Fbase%252Fnode_modules%252Fjasmine-core%252Flib%252Fjasmine-core%252Fjasmine.js%253F578a1e5ff14db21b04e2d6db7fd0eda37042440c%253A627%250A%2520%2520%2520%2520at%2520http%253A%252F%252Flocalhost%253A8080%252Fbase%252Fnode_modules%252Fjasmine-core%252Flib%252Fjasmine-core%252Fjasmine.js%253F578a1e5ff14db21b04e2d6db7fd0eda37042440c%253A357%250A%2520%2520%2520%2520at%2520http%253A%252F%252Flocalhost%253A8080%252Fbase%252Fnode_modules%252Fjasmine-core%252Flib%252Fjasmine-core%252Fjasmine.js%253F578a1e5ff14db21b04e2d6db7fd0eda37042440c%253A2360%250A%2520%2520%2520%2520at%2520attemptAsync%2520(http%253A%252F%252Flocalhost%253A8080%252Fbase%252Fnode_modules%252Fjasmine-core%252Flib%252Fjasmine-core%252Fjasmine.js%253F578a1e5ff14db21b04e2d6db7fd0eda37042440c%253A1819)%250A%2520%2520%2520%2520at%2520http%253A%252F%252Flocalhost%253A8080%252Fbase%252Fnode_modules%252Fjasmine-core%252Flib%252Fjasmine-core%252Fjasmine.js%253F578a1e5ff14db21b04e2d6db7fd0eda37042440c%253A1774%250A%2520%2520%2520%2520at%2520http%253A%252F%252Flocalhost%253A8080%252Fbase%252Fnode_modules%252Fjasmine-core%252Flib%252Fjasmine-core%252Fjasmine.js%253F578a1e5ff14db21b04e2d6db7fd0eda37042440c%253A1762%250A%2520%2520%2520%2520at%2520http%253A%252F%252Flocalhost%253A8080%252Fbase%252Fnode_modules%252Fjasmine-core%252Flib%252Fjasmine-core%252Fjasmine.js%253F578a1e5ff14db21b04e2d6db7fd0eda37042440c%253A627%250A%2520%2520%2520%2520at%2520http%253A%252F%252Flocalhost%253A8080%252Fbase%252Fnode_modules%252Fjasmine-core%252Flib%252Fjasmine-core%252Fjasmine.js%253F578a1e5ff14db21b04e2d6db7fd0eda37042440c%253A2354%250A%2520%2520%2520%2520at%2520attemptAsync%2520(http%253A%252F%252Flocalhost%253A8080%252Fbase%252Fnode_modules%252Fjasmine-core%252Flib%252Fjasmine-core%252Fjasmine.js%253F578a1e5ff14db21b04e2d6db7fd0eda37042440c%253A1819)%250A%2520%2520%2520%2520at%2520http%253A%252F%252Flocalhost%253A8080%252Fbase%252Fnode_modules%252Fjasmine-core%252Flib%252Fjasmine-core%252Fjasmine.js%253F578a1e5ff14db21b04e2d6db7fd0eda37042440c%253A1774%250A%2520%2520%2520%2520at%2520http%253A%252F%252Flocalhost%253A8080%252Fbase%252Fnode_modules%252Fjasmine-core%252Flib%252Fjasmine-core%252Fjasmine.js%253F578a1e5ff14db21b04e2d6db7fd0eda37042440c%253A1801%250A%2520%2520%2520%2520at%2520http%253A%252F%252Flocalhost%253A8080%252Fbase%252Fnode_modules%252Fjasmine-core%252Flib%252Fjasmine-core%252Fjasmine.js%253F578a1e5ff14db21b04e2d6db7fd0eda37042440c%253A1745%250A%2520%2520%2520%2520at%2520http%253A%252F%252Flocalhost%253A8080%252Fbase%252Fnode_modules%252Fjasmine-core%252Flib%252Fjasmine-core%252Fjasmine.js%253F578a1e5ff14db21b04e2d6db7fd0eda37042440c%253A2348%250A%2520%2520%2520%2520at%2520clearStack%2520(http%253A%252F%252Flocalhost%253A8080%252Fbase%252Fnode_modules%252Fjasmine-core%252Flib%252Fjasmine-core%252Fjasmine.js%253F578a1e5ff14db21b04e2d6db7fd0eda37042440c%253A605)%250A%2520%2520%2520%2520at%2520http%253A%252F%252Flocalhost%253A8080%252Fbase%252Fnode_modules%252Fjasmine-core%252Flib%252Fjasmine-core%252Fjasmine.js%253F578a1e5ff14db21b04e2d6db7fd0eda37042440c%253A1784%250A%2520%2520%2520%2520at%2520http%253A%252F%252Flocalhost%253A8080%252Fbase%252Fnode_modules%252Fjasmine-core%252Flib%252Fjasmine-core%252Fjasmine.js%253F578a1e5ff14db21b04e2d6db7fd0eda37042440c%253A1801%250A%2520%2520%2520%2520at%2520http%253A%252F%252Flocalhost%253A8080%252Fbase%252Fnode_modules%252Fjasmine-core%252Flib%252Fjasmine-core%252Fjasmine.js%253F578a1e5ff14db21b04e2d6db7fd0eda37042440c%253A1745%250A%2520%2520%2520%2520at%2520complete%2520(http%253A%252F%252Flocalhost%253A8080%252Fbase%252Fnode_modules%252Fjasmine-core%252Flib%252Fjasmine-core%252Fjasmine.js%253F578a1e5ff14db21b04e2d6db7fd0eda37042440c%253A365)%250A%2520%2520%2520%2520at%2520clearStack%2520(http%253A%252F%252Flocalhost%253A8080%252Fbase%252Fnode_modules%252Fjasmine-core%252Flib%252Fjasmine-core%252Fjasmine.js%253F578a1e5ff14db21b04e2d6db7fd0eda37042440c%253A605)%250A%2520%2520%2520%2520at%2520http%253A%252F%252Flocalhost%253A8080%252Fbase%252Fnode_modules%252Fjasmine-core%252Flib%252Fjasmine-core%252Fjasmine.js%253F578a1e5ff14db21b04e2d6db7fd0eda37042440c%253A1784%250A%2520%2520%2520%2520at%2520http%253A%252F%252Flocalhost%253A8080%252Fbase%252Fnode_modules%252Fjasmine-core%252Flib%252Fjasmine-core%252Fjasmine.js%253F578a1e5ff14db21b04e2d6db7fd0eda37042440c%253A1762%250A%2520%2520%2520%2520at%2520http%253A%252F%252Flocalhost%253A8080%252Fbase%252Fnode_modules%252Fjasmine-core%252Flib%252Fjasmine-core%252Fjasmine.js%253F578a1e5ff14db21b04e2d6db7fd0eda37042440c%253A627%250A%2520%2520%2520%2520at%2520http%253A%252F%252Flocalhost%253A8080%252Fbase%252Fnode_modules%252Fjasmine-core%252Flib%252Fjasmine-core%252Fjasmine.js%253F578a1e5ff14db21b04e2d6db7fd0eda37042440c%253A357%250A%2520%2520%2520%2520at%2520http%253A%252F%252Flocalhost%253A8080%252Fbase%252Fnode_modules%252Fjasmine-core%252Flib%252Fjasmine-core%252Fjasmine.js%253F578a1e5ff14db21b04e2d6db7fd0eda37042440c%253A2360%250A%2520%2520%2520%2520at%2520attemptAsync%2520(http%253A%252F%252Flocalhost%253A8080%252Fbase%252Fnode_modules%252Fjasmine-core%252Flib%252Fjasmine-core%252Fjasmine.js%253F578a1e5ff14db21b04e2d6db7fd0eda37042440c%253A1819)%250A%2520%2520%2520%2520at%2520http%253A%252F%252Flocalhost%253A8080%252Fbase%252Fnode_modules%252Fjasmine-core%252Flib%252Fjasmine-core%252Fjasmine.js%253F578a1e5ff14db21b04e2d6db7fd0eda37042440c%253A1774%250A%2520%2520%2520%2520at%2520http%253A%252F%252Flocalhost%253A8080%252Fbase%252Fnode_modules%252Fjasmine-core%252Flib%252Fjasmine-core%252Fjasmine.js%253F578a1e5ff14db21b04e2d6db7fd0eda37042440c%253A1801%250A%2520%2520%2520%2520at%2520http%253A%252F%252Flocalhost%253A8080%252Fbase%252Fnode_modules%252Fjasmine-core%252Flib%252Fjasmine-core%252Fjasmine.js%253F578a1e5ff14db21b04e2d6db7fd0eda37042440c%253A1745%250A%2520%2520%2520%2520at%2520complete%2520(http%253A%252F%252Flocalhost%253A8080%252Fbase%252Fnode_modules%252Fjasmine-core%252Flib%252Fjasmine-core%252Fjasmine.js%253F578a1e5ff14db21b04e2d6db7fd0eda37042440c%253A365)%0A%20%20%20%20at%20http%3A%2F%2Flocalhost%3A8080%2Fbase%2Fapp%2Fvendor%2Fangular%2Fangular.js%3F9d140432f81858ac1e7888708720d419d147ffa9%3A4379%0A%20%20%20%20at%20forEach%20(http%3A%2F%2Flocalhost%3A8080%2Fbase%2Fapp%2Fvendor%2Fangular%2Fangular.js%3F9d140432f81858ac1e7888708720d419d147ffa9%3A336)%0A%20%20%20%20at%20loadModules%20(http%3A%2F%2Flocalhost%3A8080%2Fbase%2Fapp%2Fvendor%2Fangular%2Fangular.js%3F9d140432f81858ac1e7888708720d419d147ffa9%3A4381)%0A%20%20%20%20at%20http%3A%2F%2Flocalhost%3A8080%2Fbase%2Fapp%2Fvendor%2Fangular%2Fangular.js%3F9d140432f81858ac1e7888708720d419d147ffa9%3A4356%0A%20%20%20%20at%20forEach%20(http%3A%2F%2Flocalhost%3A8080%2Fbase%2Fapp%2Fvendor%2Fangular%2Fangular.js%3F9d140432f81858ac1e7888708720d419d147ffa9%3A336)%0A%20%20%20%20at%20loadModules%20(http%3A%2F%2Flocalhost%3A8080%2Fbase%2Fapp%2Fvendor%2Fangular%2Fangular.js%3F9d140432f81858ac1e7888708720d419d147ffa9%3A4381)%0A%20%20%20%20at%20createInjector%20(http%3A%2F%2Flocalhost%3A8080%2Fbase%2Fapp%2Fvendor%2Fangular%2Fangular.js%3F9d140432f81858ac1e7888708720d419d147ffa9%3A4265)%0A%20%20%20%20at%20workFn%20(http%3A%2F%2Flocalhost%3A8080%2Fbase%2Fapp%2Fvendor%2Fangular-mocks%2Fangular-mocks.js%3F6fe041cc8bb7a17f894cb12d8b0d44b12644f10a%3A2409)%0A%20%20%20%20at%20attemptSync%20(http%3A%2F%2Flocalhost%3A8080%2Fbase%2Fnode_modules%2Fjasmine-core%2Flib%2Fjasmine-core%2Fjasmine.js%3F578a1e5ff14db21b04e2d6db7fd0eda37042440c%3A1789)%0A%20%20%20%20at%20http%3A%2F%2Flocalhost%3A8080%2Fbase%2Fnode_modules%2Fjasmine-core%2Flib%2Fjasmine-core%2Fjasmine.js%3F578a1e5ff14db21b04e2d6db7fd0eda37042440c%3A1777%0A%20%20%20%20at%20http%3A%2F%2Flocalhost%3A8080%2Fbase%2Fnode_modules%2Fjasmine-core%2Flib%2Fjasmine-core%2Fjasmine.js%3F578a1e5ff14db21b04e2d6db7fd0eda37042440c%3A1762%0A%20%20%20%20at%20http%3A%2F%2Flocalhost%3A8080%2Fbase%2Fnode_modules%2Fjasmine-core%2Flib%2Fjasmine-core%2Fjasmine.js%3F578a1e5ff14db21b04e2d6db7fd0eda37042440c%3A627%0A%20%20%20%20at%20http%3A%2F%2Flocalhost%3A8080%2Fbase%2Fnode_modules%2Fjasmine-core%2Flib%2Fjasmine-core%2Fjasmine.js%3F578a1e5ff14db21b04e2d6db7fd0eda37042440c%3A357%0A%20%20%20%20at%20http%3A%2F%2Flocalhost%3A8080%2Fbase%2Fnode_modules%2Fjasmine-core%2Flib%2Fjasmine-core%2Fjasmine.js%3F578a1e5ff14db21b04e2d6db7fd0eda37042440c%3A2360%0A%20%20%20%20at%20attemptAsync%20(http%3A%2F%2Flocalhost%3A8080%2Fbase%2Fnode_modules%2Fjasmine-core%2Flib%2Fjasmine-core%2Fjasmine.js%3F578a1e5ff14db21b04e2d6db7fd0eda37042440c%3A1819)%0A%20%20%20%20at%20http%3A%2F%2Flocalhost%3A8080%2Fbase%2Fnode_modules%2Fjasmine-core%2Flib%2Fjasmine-core%2Fjasmine.js%3F578a1e5ff14db21b04e2d6db7fd0eda37042440c%3A1774%0A%20%20%20%20at%20http%3A%2F%2Flocalhost%3A8080%2Fbase%2Fnode_modules%2Fjasmine-core%2Flib%2Fjasmine-core%2Fjasmine.js%3F578a1e5ff14db21b04e2d6db7fd0eda37042440c%3A1762%0A%20%20%20%20at%20http%3A%2F%2Flocalhost%3A8080%2Fbase%2Fnode_modules%2Fjasmine-core%2Flib%2Fjasmine-core%2Fjasmine.js%3F578a1e5ff14db21b04e2d6db7fd0eda37042440c%3A627%0A%20%20%20%20at%20http%3A%2F%2Flocalhost%3A8080%2Fbase%2Fnode_modules%2Fjasmine-core%2Flib%2Fjasmine-core%2Fjasmine.js%3F578a1e5ff14db21b04e2d6db7fd0eda37042440c%3A2354%0A%20%20%20%20at%20attemptAsync%20(http%3A%2F%2Flocalhost%3A8080%2Fbase%2Fnode_modules%2Fjasmine-core%2Flib%2Fjasmine-core%2Fjasmine.js%3F578a1e5ff14db21b04e2d6db7fd0eda37042440c%3A1819)%0A%20%20%20%20at%20http%3A%2F%2Flocalhost%3A8080%2Fbase%2Fnode_modules%2Fjasmine-core%2Flib%2Fjasmine-core%2Fjasmine.js%3F578a1e5ff14db21b04e2d6db7fd0eda37042440c%3A1774%0A%20%20%20%20at%20http%3A%2F%2Flocalhost%3A8080%2Fbase%2Fnode_modules%2Fjasmine-core%2Flib%2Fjasmine-core%2Fjasmine.js%3F578a1e5ff14db21b04e2d6db7fd0eda37042440c%3A1801%0A%20%20%20%20at%20http%3A%2F%2Flocalhost%3A8080%2Fbase%2Fnode_modules%2Fjasmine-core%2Flib%2Fjasmine-core%2Fjasmine.js%3F578a1e5ff14db21b04e2d6db7fd0eda37042440c%3A1745%0A%20%20%20%20at%20http%3A%2F%2Flocalhost%3A8080%2Fbase%2Fnode_modules%2Fjasmine-core%2Flib%2Fjasmine-core%2Fjasmine.js%3F578a1e5ff14db21b04e2d6db7fd0eda37042440c%3A2348%0A%20%20%20%20at%20clearStack%20(http%3A%2F%2Flocalhost%3A8080%2Fbase%2Fnode_modules%2Fjasmine-core%2Flib%2Fjasmine-core%2Fjasmine.js%3F578a1e5ff14db21b04e2d6db7fd0eda37042440c%3A605)%0A%20%20%20%20at%20http%3A%2F%2Flocalhost%3A8080%2Fbase%2Fnode_modules%2Fjasmine-core%2Flib%2Fjasmine-core%2Fjasmine.js%3F578a1e5ff14db21b04e2d6db7fd0eda37042440c%3A1784%0A%20%20%20%20at%20http%3A%2F%2Flocalhost%3A8080%2Fbase%2Fnode_modules%2Fjasmine-core%2Flib%2Fjasmine-core%2Fjasmine.js%3F578a1e5ff14db21b04e2d6db7fd0eda37042440c%3A1801%0A%20%20%20%20at%20http%3A%2F%2Flocalhost%3A8080%2Fbase%2Fnode_modules%2Fjasmine-core%2Flib%2Fjasmine-core%2Fjasmine.js%3F578a1e5ff14db21b04e2d6db7fd0eda37042440c%3A1745%0A%20%20%20%20at%20complete%20(http%3A%2F%2Flocalhost%3A8080%2Fbase%2Fnode_modules%2Fjasmine-core%2Flib%2Fjasmine-core%2Fjasmine.js%3F578a1e5ff14db21b04e2d6db7fd0eda37042440c%3A365)%0A%20%20%20%20at%20clearStack%20(http%3A%2F%2Flocalhost%3A8080%2Fbase%2Fnode_modules%2Fjasmine-core%2Flib%2Fjasmine-core%2Fjasmine.js%3F578a1e5ff14db21b04e2d6db7fd0eda37042440c%3A605)%0A%20%20%20%20at%20http%3A%2F%2Flocalhost%3A8080%2Fbase%2Fnode_modules%2Fjasmine-core%2Flib%2Fjasmine-core%2Fjasmine.js%3F578a1e5ff14db21b04e2d6db7fd0eda37042440c%3A1784%0A%20%20%20%20at%20http%3A%2F%2Flocalhost%3A8080%2Fbase%2Fnode_modules%2Fjasmine-core%2Flib%2Fjasmine-core%2Fjasmine.js%3F578a1e5ff14db21b04e2d6db7fd0eda37042440c%3A1762%0A%20%20%20%20at%20http%3A%2F%2Flocalhost%3A8080%2Fbase%2Fnode_modules%2Fjasmine-core%2Flib%2Fjasmine-core%2Fjasmine.js%3F578a1e5ff14db21b04e2d6db7fd0eda37042440c%3A627%0A%20%20%20%20at%20http%3A%2F%2Flocalhost%3A8080%2Fbase%2Fnode_modules%2Fjasmine-core%2Flib%2Fjasmine-core%2Fjasmine.js%3F578a1e5ff14db21b04e2d6db7fd0eda37042440c%3A357%0A%20%20%20%20at%20http%3A%2F%2Flocalhost%3A8080%2Fbase%2Fnode_modules%2Fjasmine-core%2Flib%2Fjasmine-core%2Fjasmine.js%3F578a1e5ff14db21b04e2d6db7fd0eda37042440c%3A2360%0A%20%20%20%20at%20attemptAsync%20(http%3A%2F%2Flocalhost%3A8080%2Fbase%2Fnode_modules%2Fjasmine-core%2Flib%2Fjasmine-core%2Fjasmine.js%3F578a1e5ff14db21b04e2d6db7fd0eda37042440c%3A1819)%0A%20%20%20%20at%20http%3A%2F%2Flocalhost%3A8080%2Fbase%2Fnode_modules%2Fjasmine-core%2Flib%2Fjasmine-core%2Fjasmine.js%3F578a1e5ff14db21b04e2d6db7fd0eda37042440c%3A1774%0A%20%20%20%20at%20http%3A%2F%2Flocalhost%3A8080%2Fbase%2Fnode_modules%2Fjasmine-core%2Flib%2Fjasmine-core%2Fjasmine.js%3F578a1e5ff14db21b04e2d6db7fd0eda37042440c%3A1801%0A%20%20%20%20at%20http%3A%2F%2Flocalhost%3A8080%2Fbase%2Fnode_modules%2Fjasmine-core%2Flib%2Fjasmine-core%2Fjasmine.js%3F578a1e5ff14db21b04e2d6db7fd0eda37042440c%3A1745%0A%20%20%20%20at%20complete%20(http%3A%2F%2Flocalhost%3A8080%2Fbase%2Fnode_modules%2Fjasmine-core%2Flib%2Fjasmine-core%2Fjasmine.js%3F578a1e5ff14db21b04e2d6db7fd0eda37042440c%3A365)
    at C:/dev/MedExplorer/src/client/app/vendor/angular/angular.js:4379
    at forEach (C:/dev/MedExplorer/src/client/app/vendor/angular/angular.js:336)
    at loadModules (C:/dev/MedExplorer/src/client/app/vendor/angular/angular.js:4381)
    at createInjector (C:/dev/MedExplorer/src/client/app/vendor/angular/angular.js:4265)
    at workFn (C:/dev/MedExplorer/src/client/app/vendor/angular-mocks/angular-mocks.js:2409)
</failure>
    </testcase>
    <testcase name="convert replaceOTC" time="0.022" classname="PhantomJS 1.9.8 (Windows 7 0.0.0).Filter: replaceotc">
      <failure type="">Error: [$injector:modulerr] Failed to instantiate module MedExplorer due to:
Error: [$injector:modulerr] Failed to instantiate module ui.bootstrap due to:
Error: [$injector:nomod] Module &apos;ui.bootstrap&apos; is not available! You either misspelled the module name or forgot to load it. If registering a module ensure that you specify the dependencies as the second argument.
http://errors.angularjs.org/1.4.1/$injector/nomod?p0=ui.bootstrap
    at C:/dev/MedExplorer/src/client/app/vendor/angular/angular.js:1951
    at ensure (C:/dev/MedExplorer/src/client/app/vendor/angular/angular.js:1873)
    at module (C:/dev/MedExplorer/src/client/app/vendor/angular/angular.js:2201)
    at C:/dev/MedExplorer/src/client/app/vendor/angular/angular.js:4355
    at forEach (C:/dev/MedExplorer/src/client/app/vendor/angular/angular.js:336)
    at loadModules (C:/dev/MedExplorer/src/client/app/vendor/angular/angular.js:4381)
    at C:/dev/MedExplorer/src/client/app/vendor/angular/angular.js:4356
    at forEach (C:/dev/MedExplorer/src/client/app/vendor/angular/angular.js:336)
    at loadModules (C:/dev/MedExplorer/src/client/app/vendor/angular/angular.js:4381)
    at createInjector (C:/dev/MedExplorer/src/client/app/vendor/angular/angular.js:4265)
    at workFn (C:/dev/MedExplorer/src/client/app/vendor/angular-mocks/angular-mocks.js:2409)
http://errors.angularjs.org/1.4.1/$injector/modulerr?p0=ui.bootstrap&amp;p1=Error%3A%20%5B%24injector%3Anomod%5D%20Module%20&apos;ui.bootstrap&apos;%20is%20not%20available!%20You%20either%20misspelled%20the%20module%20name%20or%20forgot%20to%20load%20it.%20If%20registering%20a%20module%20ensure%20that%20you%20specify%20the%20dependencies%20as%20the%20second%20argument.%0Ahttp%3A%2F%2Ferrors.angularjs.org%2F1.4.1%2F%24injector%2Fnomod%3Fp0%3Dui.bootstrap%0A%20%20%20%20at%20http%3A%2F%2Flocalhost%3A8080%2Fbase%2Fapp%2Fvendor%2Fangular%2Fangular.js%3F9d140432f81858ac1e7888708720d419d147ffa9%3A1951%0A%20%20%20%20at%20ensure%20(http%3A%2F%2Flocalhost%3A8080%2Fbase%2Fapp%2Fvendor%2Fangular%2Fangular.js%3F9d140432f81858ac1e7888708720d419d147ffa9%3A1873)%0A%20%20%20%20at%20module%20(http%3A%2F%2Flocalhost%3A8080%2Fbase%2Fapp%2Fvendor%2Fangular%2Fangular.js%3F9d140432f81858ac1e7888708720d419d147ffa9%3A2201)%0A%20%20%20%20at%20http%3A%2F%2Flocalhost%3A8080%2Fbase%2Fapp%2Fvendor%2Fangular%2Fangular.js%3F9d140432f81858ac1e7888708720d419d147ffa9%3A4355%0A%20%20%20%20at%20forEach%20(http%3A%2F%2Flocalhost%3A8080%2Fbase%2Fapp%2Fvendor%2Fangular%2Fangular.js%3F9d140432f81858ac1e7888708720d419d147ffa9%3A336)%0A%20%20%20%20at%20loadModules%20(http%3A%2F%2Flocalhost%3A8080%2Fbase%2Fapp%2Fvendor%2Fangular%2Fangular.js%3F9d140432f81858ac1e7888708720d419d147ffa9%3A4381)%0A%20%20%20%20at%20http%3A%2F%2Flocalhost%3A8080%2Fbase%2Fapp%2Fvendor%2Fangular%2Fangular.js%3F9d140432f81858ac1e7888708720d419d147ffa9%3A4356%0A%20%20%20%20at%20forEach%20(http%3A%2F%2Flocalhost%3A8080%2Fbase%2Fapp%2Fvendor%2Fangular%2Fangular.js%3F9d140432f81858ac1e7888708720d419d147ffa9%3A336)%0A%20%20%20%20at%20loadModules%20(http%3A%2F%2Flocalhost%3A8080%2Fbase%2Fapp%2Fvendor%2Fangular%2Fangular.js%3F9d140432f81858ac1e7888708720d419d147ffa9%3A4381)%0A%20%20%20%20at%20createInjector%20(http%3A%2F%2Flocalhost%3A8080%2Fbase%2Fapp%2Fvendor%2Fangular%2Fangular.js%3F9d140432f81858ac1e7888708720d419d147ffa9%3A4265)%0A%20%20%20%20at%20workFn%20(http%3A%2F%2Flocalhost%3A8080%2Fbase%2Fapp%2Fvendor%2Fangular-mocks%2Fangular-mocks.js%3F6fe041cc8bb7a17f894cb12d8b0d44b12644f10a%3A2409)%0A%20%20%20%20at%20attemptSync%20(http%3A%2F%2Flocalhost%3A8080%2Fbase%2Fnode_modules%2Fjasmine-core%2Flib%2Fjasmine-core%2Fjasmine.js%3F578a1e5ff14db21b04e2d6db7fd0eda37042440c%3A1789)%0A%20%20%20%20at%20http%3A%2F%2Flocalhost%3A8080%2Fbase%2Fnode_modules%2Fjasmine-core%2Flib%2Fjasmine-core%2Fjasmine.js%3F578a1e5ff14db21b04e2d6db7fd0eda37042440c%3A1777%0A%20%20%20%20at%20http%3A%2F%2Flocalhost%3A8080%2Fbase%2Fnode_modules%2Fjasmine-core%2Flib%2Fjasmine-core%2Fjasmine.js%3F578a1e5ff14db21b04e2d6db7fd0eda37042440c%3A1762%0A%20%20%20%20at%20http%3A%2F%2Flocalhost%3A8080%2Fbase%2Fnode_modules%2Fjasmine-core%2Flib%2Fjasmine-core%2Fjasmine.js%3F578a1e5ff14db21b04e2d6db7fd0eda37042440c%3A627%0A%20%20%20%20at%20http%3A%2F%2Flocalhost%3A8080%2Fbase%2Fnode_modules%2Fjasmine-core%2Flib%2Fjasmine-core%2Fjasmine.js%3F578a1e5ff14db21b04e2d6db7fd0eda37042440c%3A357%0A%20%20%20%20at%20http%3A%2F%2Flocalhost%3A8080%2Fbase%2Fnode_modules%2Fjasmine-core%2Flib%2Fjasmine-core%2Fjasmine.js%3F578a1e5ff14db21b04e2d6db7fd0eda37042440c%3A2360%0A%20%20%20%20at%20attemptAsync%20(http%3A%2F%2Flocalhost%3A8080%2Fbase%2Fnode_modules%2Fjasmine-core%2Flib%2Fjasmine-core%2Fjasmine.js%3F578a1e5ff14db21b04e2d6db7fd0eda37042440c%3A1819)%0A%20%20%20%20at%20http%3A%2F%2Flocalhost%3A8080%2Fbase%2Fnode_modules%2Fjasmine-core%2Flib%2Fjasmine-core%2Fjasmine.js%3F578a1e5ff14db21b04e2d6db7fd0eda37042440c%3A1774%0A%20%20%20%20at%20http%3A%2F%2Flocalhost%3A8080%2Fbase%2Fnode_modules%2Fjasmine-core%2Flib%2Fjasmine-core%2Fjasmine.js%3F578a1e5ff14db21b04e2d6db7fd0eda37042440c%3A1801%0A%20%20%20%20at%20http%3A%2F%2Flocalhost%3A8080%2Fbase%2Fnode_modules%2Fjasmine-core%2Flib%2Fjasmine-core%2Fjasmine.js%3F578a1e5ff14db21b04e2d6db7fd0eda37042440c%3A1745%0A%20%20%20%20at%20complete%20(http%3A%2F%2Flocalhost%3A8080%2Fbase%2Fnode_modules%2Fjasmine-core%2Flib%2Fjasmine-core%2Fjasmine.js%3F578a1e5ff14db21b04e2d6db7fd0eda37042440c%3A365)%0A%20%20%20%20at%20clearStack%20(http%3A%2F%2Flocalhost%3A8080%2Fbase%2Fnode_modules%2Fjasmine-core%2Flib%2Fjasmine-core%2Fjasmine.js%3F578a1e5ff14db21b04e2d6db7fd0eda37042440c%3A605)%0A%20%20%20%20at%20http%3A%2F%2Flocalhost%3A8080%2Fbase%2Fnode_modules%2Fjasmine-core%2Flib%2Fjasmine-core%2Fjasmine.js%3F578a1e5ff14db21b04e2d6db7fd0eda37042440c%3A1784%0A%20%20%20%20at%20http%3A%2F%2Flocalhost%3A8080%2Fbase%2Fnode_modules%2Fjasmine-core%2Flib%2Fjasmine-core%2Fjasmine.js%3F578a1e5ff14db21b04e2d6db7fd0eda37042440c%3A1762%0A%20%20%20%20at%20http%3A%2F%2Flocalhost%3A8080%2Fbase%2Fnode_modules%2Fjasmine-core%2Flib%2Fjasmine-core%2Fjasmine.js%3F578a1e5ff14db21b04e2d6db7fd0eda37042440c%3A627%0A%20%20%20%20at%20http%3A%2F%2Flocalhost%3A8080%2Fbase%2Fnode_modules%2Fjasmine-core%2Flib%2Fjasmine-core%2Fjasmine.js%3F578a1e5ff14db21b04e2d6db7fd0eda37042440c%3A357%0A%20%20%20%20at%20http%3A%2F%2Flocalhost%3A8080%2Fbase%2Fnode_modules%2Fjasmine-core%2Flib%2Fjasmine-core%2Fjasmine.js%3F578a1e5ff14db21b04e2d6db7fd0eda37042440c%3A2360%0A%20%20%20%20at%20attemptAsync%20(http%3A%2F%2Flocalhost%3A8080%2Fbase%2Fnode_modules%2Fjasmine-core%2Flib%2Fjasmine-core%2Fjasmine.js%3F578a1e5ff14db21b04e2d6db7fd0eda37042440c%3A1819)%0A%20%20%20%20at%20http%3A%2F%2Flocalhost%3A8080%2Fbase%2Fnode_modules%2Fjasmine-core%2Flib%2Fjasmine-core%2Fjasmine.js%3F578a1e5ff14db21b04e2d6db7fd0eda37042440c%3A1774%0A%20%20%20%20at%20http%3A%2F%2Flocalhost%3A8080%2Fbase%2Fnode_modules%2Fjasmine-core%2Flib%2Fjasmine-core%2Fjasmine.js%3F578a1e5ff14db21b04e2d6db7fd0eda37042440c%3A1762%0A%20%20%20%20at%20http%3A%2F%2Flocalhost%3A8080%2Fbase%2Fnode_modules%2Fjasmine-core%2Flib%2Fjasmine-core%2Fjasmine.js%3F578a1e5ff14db21b04e2d6db7fd0eda37042440c%3A627%0A%20%20%20%20at%20http%3A%2F%2Flocalhost%3A8080%2Fbase%2Fnode_modules%2Fjasmine-core%2Flib%2Fjasmine-core%2Fjasmine.js%3F578a1e5ff14db21b04e2d6db7fd0eda37042440c%3A2354%0A%20%20%20%20at%20attemptAsync%20(http%3A%2F%2Flocalhost%3A8080%2Fbase%2Fnode_modules%2Fjasmine-core%2Flib%2Fjasmine-core%2Fjasmine.js%3F578a1e5ff14db21b04e2d6db7fd0eda37042440c%3A1819)%0A%20%20%20%20at%20http%3A%2F%2Flocalhost%3A8080%2Fbase%2Fnode_modules%2Fjasmine-core%2Flib%2Fjasmine-core%2Fjasmine.js%3F578a1e5ff14db21b04e2d6db7fd0eda37042440c%3A1774%0A%20%20%20%20at%20http%3A%2F%2Flocalhost%3A8080%2Fbase%2Fnode_modules%2Fjasmine-core%2Flib%2Fjasmine-core%2Fjasmine.js%3F578a1e5ff14db21b04e2d6db7fd0eda37042440c%3A1801%0A%20%20%20%20at%20http%3A%2F%2Flocalhost%3A8080%2Fbase%2Fnode_modules%2Fjasmine-core%2Flib%2Fjasmine-core%2Fjasmine.js%3F578a1e5ff14db21b04e2d6db7fd0eda37042440c%3A1745%0A%20%20%20%20at%20http%3A%2F%2Flocalhost%3A8080%2Fbase%2Fnode_modules%2Fjasmine-core%2Flib%2Fjasmine-core%2Fjasmine.js%3F578a1e5ff14db21b04e2d6db7fd0eda37042440c%3A2348%0A%20%20%20%20at%20clearStack%20(http%3A%2F%2Flocalhost%3A8080%2Fbase%2Fnode_modules%2Fjasmine-core%2Flib%2Fjasmine-core%2Fjasmine.js%3F578a1e5ff14db21b04e2d6db7fd0eda37042440c%3A605)%0A%20%20%20%20at%20http%3A%2F%2Flocalhost%3A8080%2Fbase%2Fnode_modules%2Fjasmine-core%2Flib%2Fjasmine-core%2Fjasmine.js%3F578a1e5ff14db21b04e2d6db7fd0eda37042440c%3A1784%0A%20%20%20%20at%20http%3A%2F%2Flocalhost%3A8080%2Fbase%2Fnode_modules%2Fjasmine-core%2Flib%2Fjasmine-core%2Fjasmine.js%3F578a1e5ff14db21b04e2d6db7fd0eda37042440c%3A1801%0A%20%20%20%20at%20http%3A%2F%2Flocalhost%3A8080%2Fbase%2Fnode_modules%2Fjasmine-core%2Flib%2Fjasmine-core%2Fjasmine.js%3F578a1e5ff14db21b04e2d6db7fd0eda37042440c%3A1745%0A%20%20%20%20at%20complete%20(http%3A%2F%2Flocalhost%3A8080%2Fbase%2Fnode_modules%2Fjasmine-core%2Flib%2Fjasmine-core%2Fjasmine.js%3F578a1e5ff14db21b04e2d6db7fd0eda37042440c%3A365)%0A%20%20%20%20at%20clearStack%20(http%3A%2F%2Flocalhost%3A8080%2Fbase%2Fnode_modules%2Fjasmine-core%2Flib%2Fjasmine-core%2Fjasmine.js%3F578a1e5ff14db21b04e2d6db7fd0eda37042440c%3A605)%0A%20%20%20%20at%20http%3A%2F%2Flocalhost%3A8080%2Fbase%2Fnode_modules%2Fjasmine-core%2Flib%2Fjasmine-core%2Fjasmine.js%3F578a1e5ff14db21b04e2d6db7fd0eda37042440c%3A1784%0A%20%20%20%20at%20http%3A%2F%2Flocalhost%3A8080%2Fbase%2Fnode_modules%2Fjasmine-core%2Flib%2Fjasmine-core%2Fjasmine.js%3F578a1e5ff14db21b04e2d6db7fd0eda37042440c%3A1762%0A%20%20%20%20at%20http%3A%2F%2Flocalhost%3A8080%2Fbase%2Fnode_modules%2Fjasmine-core%2Flib%2Fjasmine-core%2Fjasmine.js%3F578a1e5ff14db21b04e2d6db7fd0eda37042440c%3A627%0A%20%20%20%20at%20http%3A%2F%2Flocalhost%3A8080%2Fbase%2Fnode_modules%2Fjasmine-core%2Flib%2Fjasmine-core%2Fjasmine.js%3F578a1e5ff14db21b04e2d6db7fd0eda37042440c%3A357%0A%20%20%20%20at%20http%3A%2F%2Flocalhost%3A8080%2Fbase%2Fnode_modules%2Fjasmine-core%2Flib%2Fjasmine-core%2Fjasmine.js%3F578a1e5ff14db21b04e2d6db7fd0eda37042440c%3A2360%0A%20%20%20%20at%20attemptAsync%20(http%3A%2F%2Flocalhost%3A8080%2Fbase%2Fnode_modules%2Fjasmine-core%2Flib%2Fjasmine-core%2Fjasmine.js%3F578a1e5ff14db21b04e2d6db7fd0eda37042440c%3A1819)%0A%20%20%20%20at%20http%3A%2F%2Flocalhost%3A8080%2Fbase%2Fnode_modules%2Fjasmine-core%2Flib%2Fjasmine-core%2Fjasmine.js%3F578a1e5ff14db21b04e2d6db7fd0eda37042440c%3A1774%0A%20%20%20%20at%20http%3A%2F%2Flocalhost%3A8080%2Fbase%2Fnode_modules%2Fjasmine-core%2Flib%2Fjasmine-core%2Fjasmine.js%3F578a1e5ff14db21b04e2d6db7fd0eda37042440c%3A1801%0A%20%20%20%20at%20http%3A%2F%2Flocalhost%3A8080%2Fbase%2Fnode_modules%2Fjasmine-core%2Flib%2Fjasmine-core%2Fjasmine.js%3F578a1e5ff14db21b04e2d6db7fd0eda37042440c%3A1745%0A%20%20%20%20at%20complete%20(http%3A%2F%2Flocalhost%3A8080%2Fbase%2Fnode_modules%2Fjasmine-core%2Flib%2Fjasmine-core%2Fjasmine.js%3F578a1e5ff14db21b04e2d6db7fd0eda37042440c%3A365)
    at C:/dev/MedExplorer/src/client/app/vendor/angular/angular.js:4379
    at forEach (C:/dev/MedExplorer/src/client/app/vendor/angular/angular.js:336)
    at loadModules (C:/dev/MedExplorer/src/client/app/vendor/angular/angular.js:4381)
    at C:/dev/MedExplorer/src/client/app/vendor/angular/angular.js:4356
    at forEach (C:/dev/MedExplorer/src/client/app/vendor/angular/angular.js:336)
    at loadModules (C:/dev/MedExplorer/src/client/app/vendor/angular/angular.js:4381)
    at createInjector (C:/dev/MedExplorer/src/client/app/vendor/angular/angular.js:4265)
    at workFn (C:/dev/MedExplorer/src/client/app/vendor/angular-mocks/angular-mocks.js:2409)
http://errors.angularjs.org/1.4.1/$injector/modulerr?p0=MedExplorer&amp;p1=Error%3A%20%5B%24injector%3Amodulerr%5D%20Failed%20to%20instantiate%20module%20ui.bootstrap%20due%20to%3A%0AError%3A%20%5B%24injector%3Anomod%5D%20Module%20&apos;ui.bootstrap&apos;%20is%20not%20available!%20You%20either%20misspelled%20the%20module%20name%20or%20forgot%20to%20load%20it.%20If%20registering%20a%20module%20ensure%20that%20you%20specify%20the%20dependencies%20as%20the%20second%20argument.%0Ahttp%3A%2F%2Ferrors.angularjs.org%2F1.4.1%2F%24injector%2Fnomod%3Fp0%3Dui.bootstrap%0A%20%20%20%20at%20http%3A%2F%2Flocalhost%3A8080%2Fbase%2Fapp%2Fvendor%2Fangular%2Fangular.js%3F9d140432f81858ac1e7888708720d419d147ffa9%3A1951%0A%20%20%20%20at%20ensure%20(http%3A%2F%2Flocalhost%3A8080%2Fbase%2Fapp%2Fvendor%2Fangular%2Fangular.js%3F9d140432f81858ac1e7888708720d419d147ffa9%3A1873)%0A%20%20%20%20at%20module%20(http%3A%2F%2Flocalhost%3A8080%2Fbase%2Fapp%2Fvendor%2Fangular%2Fangular.js%3F9d140432f81858ac1e7888708720d419d147ffa9%3A2201)%0A%20%20%20%20at%20http%3A%2F%2Flocalhost%3A8080%2Fbase%2Fapp%2Fvendor%2Fangular%2Fangular.js%3F9d140432f81858ac1e7888708720d419d147ffa9%3A4355%0A%20%20%20%20at%20forEach%20(http%3A%2F%2Flocalhost%3A8080%2Fbase%2Fapp%2Fvendor%2Fangular%2Fangular.js%3F9d140432f81858ac1e7888708720d419d147ffa9%3A336)%0A%20%20%20%20at%20loadModules%20(http%3A%2F%2Flocalhost%3A8080%2Fbase%2Fapp%2Fvendor%2Fangular%2Fangular.js%3F9d140432f81858ac1e7888708720d419d147ffa9%3A4381)%0A%20%20%20%20at%20http%3A%2F%2Flocalhost%3A8080%2Fbase%2Fapp%2Fvendor%2Fangular%2Fangular.js%3F9d140432f81858ac1e7888708720d419d147ffa9%3A4356%0A%20%20%20%20at%20forEach%20(http%3A%2F%2Flocalhost%3A8080%2Fbase%2Fapp%2Fvendor%2Fangular%2Fangular.js%3F9d140432f81858ac1e7888708720d419d147ffa9%3A336)%0A%20%20%20%20at%20loadModules%20(http%3A%2F%2Flocalhost%3A8080%2Fbase%2Fapp%2Fvendor%2Fangular%2Fangular.js%3F9d140432f81858ac1e7888708720d419d147ffa9%3A4381)%0A%20%20%20%20at%20createInjector%20(http%3A%2F%2Flocalhost%3A8080%2Fbase%2Fapp%2Fvendor%2Fangular%2Fangular.js%3F9d140432f81858ac1e7888708720d419d147ffa9%3A4265)%0A%20%20%20%20at%20workFn%20(http%3A%2F%2Flocalhost%3A8080%2Fbase%2Fapp%2Fvendor%2Fangular-mocks%2Fangular-mocks.js%3F6fe041cc8bb7a17f894cb12d8b0d44b12644f10a%3A2409)%0A%20%20%20%20at%20attemptSync%20(http%3A%2F%2Flocalhost%3A8080%2Fbase%2Fnode_modules%2Fjasmine-core%2Flib%2Fjasmine-core%2Fjasmine.js%3F578a1e5ff14db21b04e2d6db7fd0eda37042440c%3A1789)%0A%20%20%20%20at%20http%3A%2F%2Flocalhost%3A8080%2Fbase%2Fnode_modules%2Fjasmine-core%2Flib%2Fjasmine-core%2Fjasmine.js%3F578a1e5ff14db21b04e2d6db7fd0eda37042440c%3A1777%0A%20%20%20%20at%20http%3A%2F%2Flocalhost%3A8080%2Fbase%2Fnode_modules%2Fjasmine-core%2Flib%2Fjasmine-core%2Fjasmine.js%3F578a1e5ff14db21b04e2d6db7fd0eda37042440c%3A1762%0A%20%20%20%20at%20http%3A%2F%2Flocalhost%3A8080%2Fbase%2Fnode_modules%2Fjasmine-core%2Flib%2Fjasmine-core%2Fjasmine.js%3F578a1e5ff14db21b04e2d6db7fd0eda37042440c%3A627%0A%20%20%20%20at%20http%3A%2F%2Flocalhost%3A8080%2Fbase%2Fnode_modules%2Fjasmine-core%2Flib%2Fjasmine-core%2Fjasmine.js%3F578a1e5ff14db21b04e2d6db7fd0eda37042440c%3A357%0A%20%20%20%20at%20http%3A%2F%2Flocalhost%3A8080%2Fbase%2Fnode_modules%2Fjasmine-core%2Flib%2Fjasmine-core%2Fjasmine.js%3F578a1e5ff14db21b04e2d6db7fd0eda37042440c%3A2360%0A%20%20%20%20at%20attemptAsync%20(http%3A%2F%2Flocalhost%3A8080%2Fbase%2Fnode_modules%2Fjasmine-core%2Flib%2Fjasmine-core%2Fjasmine.js%3F578a1e5ff14db21b04e2d6db7fd0eda37042440c%3A1819)%0A%20%20%20%20at%20http%3A%2F%2Flocalhost%3A8080%2Fbase%2Fnode_modules%2Fjasmine-core%2Flib%2Fjasmine-core%2Fjasmine.js%3F578a1e5ff14db21b04e2d6db7fd0eda37042440c%3A1774%0A%20%20%20%20at%20http%3A%2F%2Flocalhost%3A8080%2Fbase%2Fnode_modules%2Fjasmine-core%2Flib%2Fjasmine-core%2Fjasmine.js%3F578a1e5ff14db21b04e2d6db7fd0eda37042440c%3A1801%0A%20%20%20%20at%20http%3A%2F%2Flocalhost%3A8080%2Fbase%2Fnode_modules%2Fjasmine-core%2Flib%2Fjasmine-core%2Fjasmine.js%3F578a1e5ff14db21b04e2d6db7fd0eda37042440c%3A1745%0A%20%20%20%20at%20complete%20(http%3A%2F%2Flocalhost%3A8080%2Fbase%2Fnode_modules%2Fjasmine-core%2Flib%2Fjasmine-core%2Fjasmine.js%3F578a1e5ff14db21b04e2d6db7fd0eda37042440c%3A365)%0A%20%20%20%20at%20clearStack%20(http%3A%2F%2Flocalhost%3A8080%2Fbase%2Fnode_modules%2Fjasmine-core%2Flib%2Fjasmine-core%2Fjasmine.js%3F578a1e5ff14db21b04e2d6db7fd0eda37042440c%3A605)%0A%20%20%20%20at%20http%3A%2F%2Flocalhost%3A8080%2Fbase%2Fnode_modules%2Fjasmine-core%2Flib%2Fjasmine-core%2Fjasmine.js%3F578a1e5ff14db21b04e2d6db7fd0eda37042440c%3A1784%0A%20%20%20%20at%20http%3A%2F%2Flocalhost%3A8080%2Fbase%2Fnode_modules%2Fjasmine-core%2Flib%2Fjasmine-core%2Fjasmine.js%3F578a1e5ff14db21b04e2d6db7fd0eda37042440c%3A1762%0A%20%20%20%20at%20http%3A%2F%2Flocalhost%3A8080%2Fbase%2Fnode_modules%2Fjasmine-core%2Flib%2Fjasmine-core%2Fjasmine.js%3F578a1e5ff14db21b04e2d6db7fd0eda37042440c%3A627%0A%20%20%20%20at%20http%3A%2F%2Flocalhost%3A8080%2Fbase%2Fnode_modules%2Fjasmine-core%2Flib%2Fjasmine-core%2Fjasmine.js%3F578a1e5ff14db21b04e2d6db7fd0eda37042440c%3A357%0A%20%20%20%20at%20http%3A%2F%2Flocalhost%3A8080%2Fbase%2Fnode_modules%2Fjasmine-core%2Flib%2Fjasmine-core%2Fjasmine.js%3F578a1e5ff14db21b04e2d6db7fd0eda37042440c%3A2360%0A%20%20%20%20at%20attemptAsync%20(http%3A%2F%2Flocalhost%3A8080%2Fbase%2Fnode_modules%2Fjasmine-core%2Flib%2Fjasmine-core%2Fjasmine.js%3F578a1e5ff14db21b04e2d6db7fd0eda37042440c%3A1819)%0A%20%20%20%20at%20http%3A%2F%2Flocalhost%3A8080%2Fbase%2Fnode_modules%2Fjasmine-core%2Flib%2Fjasmine-core%2Fjasmine.js%3F578a1e5ff14db21b04e2d6db7fd0eda37042440c%3A1774%0A%20%20%20%20at%20http%3A%2F%2Flocalhost%3A8080%2Fbase%2Fnode_modules%2Fjasmine-core%2Flib%2Fjasmine-core%2Fjasmine.js%3F578a1e5ff14db21b04e2d6db7fd0eda37042440c%3A1762%0A%20%20%20%20at%20http%3A%2F%2Flocalhost%3A8080%2Fbase%2Fnode_modules%2Fjasmine-core%2Flib%2Fjasmine-core%2Fjasmine.js%3F578a1e5ff14db21b04e2d6db7fd0eda37042440c%3A627%0A%20%20%20%20at%20http%3A%2F%2Flocalhost%3A8080%2Fbase%2Fnode_modules%2Fjasmine-core%2Flib%2Fjasmine-core%2Fjasmine.js%3F578a1e5ff14db21b04e2d6db7fd0eda37042440c%3A2354%0A%20%20%20%20at%20attemptAsync%20(http%3A%2F%2Flocalhost%3A8080%2Fbase%2Fnode_modules%2Fjasmine-core%2Flib%2Fjasmine-core%2Fjasmine.js%3F578a1e5ff14db21b04e2d6db7fd0eda37042440c%3A1819)%0A%20%20%20%20at%20http%3A%2F%2Flocalhost%3A8080%2Fbase%2Fnode_modules%2Fjasmine-core%2Flib%2Fjasmine-core%2Fjasmine.js%3F578a1e5ff14db21b04e2d6db7fd0eda37042440c%3A1774%0A%20%20%20%20at%20http%3A%2F%2Flocalhost%3A8080%2Fbase%2Fnode_modules%2Fjasmine-core%2Flib%2Fjasmine-core%2Fjasmine.js%3F578a1e5ff14db21b04e2d6db7fd0eda37042440c%3A1801%0A%20%20%20%20at%20http%3A%2F%2Flocalhost%3A8080%2Fbase%2Fnode_modules%2Fjasmine-core%2Flib%2Fjasmine-core%2Fjasmine.js%3F578a1e5ff14db21b04e2d6db7fd0eda37042440c%3A1745%0A%20%20%20%20at%20http%3A%2F%2Flocalhost%3A8080%2Fbase%2Fnode_modules%2Fjasmine-core%2Flib%2Fjasmine-core%2Fjasmine.js%3F578a1e5ff14db21b04e2d6db7fd0eda37042440c%3A2348%0A%20%20%20%20at%20clearStack%20(http%3A%2F%2Flocalhost%3A8080%2Fbase%2Fnode_modules%2Fjasmine-core%2Flib%2Fjasmine-core%2Fjasmine.js%3F578a1e5ff14db21b04e2d6db7fd0eda37042440c%3A605)%0A%20%20%20%20at%20http%3A%2F%2Flocalhost%3A8080%2Fbase%2Fnode_modules%2Fjasmine-core%2Flib%2Fjasmine-core%2Fjasmine.js%3F578a1e5ff14db21b04e2d6db7fd0eda37042440c%3A1784%0A%20%20%20%20at%20http%3A%2F%2Flocalhost%3A8080%2Fbase%2Fnode_modules%2Fjasmine-core%2Flib%2Fjasmine-core%2Fjasmine.js%3F578a1e5ff14db21b04e2d6db7fd0eda37042440c%3A1801%0A%20%20%20%20at%20http%3A%2F%2Flocalhost%3A8080%2Fbase%2Fnode_modules%2Fjasmine-core%2Flib%2Fjasmine-core%2Fjasmine.js%3F578a1e5ff14db21b04e2d6db7fd0eda37042440c%3A1745%0A%20%20%20%20at%20complete%20(http%3A%2F%2Flocalhost%3A8080%2Fbase%2Fnode_modules%2Fjasmine-core%2Flib%2Fjasmine-core%2Fjasmine.js%3F578a1e5ff14db21b04e2d6db7fd0eda37042440c%3A365)%0A%20%20%20%20at%20clearStack%20(http%3A%2F%2Flocalhost%3A8080%2Fbase%2Fnode_modules%2Fjasmine-core%2Flib%2Fjasmine-core%2Fjasmine.js%3F578a1e5ff14db21b04e2d6db7fd0eda37042440c%3A605)%0A%20%20%20%20at%20http%3A%2F%2Flocalhost%3A8080%2Fbase%2Fnode_modules%2Fjasmine-core%2Flib%2Fjasmine-core%2Fjasmine.js%3F578a1e5ff14db21b04e2d6db7fd0eda37042440c%3A1784%0A%20%20%20%20at%20http%3A%2F%2Flocalhost%3A8080%2Fbase%2Fnode_modules%2Fjasmine-core%2Flib%2Fjasmine-core%2Fjasmine.js%3F578a1e5ff14db21b04e2d6db7fd0eda37042440c%3A1762%0A%20%20%20%20at%20http%3A%2F%2Flocalhost%3A8080%2Fbase%2Fnode_modules%2Fjasmine-core%2Flib%2Fjasmine-core%2Fjasmine.js%3F578a1e5ff14db21b04e2d6db7fd0eda37042440c%3A627%0A%20%20%20%20at%20http%3A%2F%2Flocalhost%3A8080%2Fbase%2Fnode_modules%2Fjasmine-core%2Flib%2Fjasmine-core%2Fjasmine.js%3F578a1e5ff14db21b04e2d6db7fd0eda37042440c%3A357%0A%20%20%20%20at%20http%3A%2F%2Flocalhost%3A8080%2Fbase%2Fnode_modules%2Fjasmine-core%2Flib%2Fjasmine-core%2Fjasmine.js%3F578a1e5ff14db21b04e2d6db7fd0eda37042440c%3A2360%0A%20%20%20%20at%20attemptAsync%20(http%3A%2F%2Flocalhost%3A8080%2Fbase%2Fnode_modules%2Fjasmine-core%2Flib%2Fjasmine-core%2Fjasmine.js%3F578a1e5ff14db21b04e2d6db7fd0eda37042440c%3A1819)%0A%20%20%20%20at%20http%3A%2F%2Flocalhost%3A8080%2Fbase%2Fnode_modules%2Fjasmine-core%2Flib%2Fjasmine-core%2Fjasmine.js%3F578a1e5ff14db21b04e2d6db7fd0eda37042440c%3A1774%0A%20%20%20%20at%20http%3A%2F%2Flocalhost%3A8080%2Fbase%2Fnode_modules%2Fjasmine-core%2Flib%2Fjasmine-core%2Fjasmine.js%3F578a1e5ff14db21b04e2d6db7fd0eda37042440c%3A1801%0A%20%20%20%20at%20http%3A%2F%2Flocalhost%3A8080%2Fbase%2Fnode_modules%2Fjasmine-core%2Flib%2Fjasmine-core%2Fjasmine.js%3F578a1e5ff14db21b04e2d6db7fd0eda37042440c%3A1745%0A%20%20%20%20at%20complete%20(http%3A%2F%2Flocalhost%3A8080%2Fbase%2Fnode_modules%2Fjasmine-core%2Flib%2Fjasmine-core%2Fjasmine.js%3F578a1e5ff14db21b04e2d6db7fd0eda37042440c%3A365)%0Ahttp%3A%2F%2Ferrors.angularjs.org%2F1.4.1%2F%24injector%2Fmodulerr%3Fp0%3Dui.bootstrap%26p1%3DError%253A%2520%255B%2524injector%253Anomod%255D%2520Module%2520&apos;ui.bootstrap&apos;%2520is%2520not%2520available!%2520You%2520either%2520misspelled%2520the%2520module%2520name%2520or%2520forgot%2520to%2520load%2520it.%2520If%2520registering%2520a%2520module%2520ensure%2520that%2520you%2520specify%2520the%2520dependencies%2520as%2520the%2520second%2520argument.%250Ahttp%253A%252F%252Ferrors.angularjs.org%252F1.4.1%252F%2524injector%252Fnomod%253Fp0%253Dui.bootstrap%250A%2520%2520%2520%2520at%2520http%253A%252F%252Flocalhost%253A8080%252Fbase%252Fapp%252Fvendor%252Fangular%252Fangular.js%253F9d140432f81858ac1e7888708720d419d147ffa9%253A1951%250A%2520%2520%2520%2520at%2520ensure%2520(http%253A%252F%252Flocalhost%253A8080%252Fbase%252Fapp%252Fvendor%252Fangular%252Fangular.js%253F9d140432f81858ac1e7888708720d419d147ffa9%253A1873)%250A%2520%2520%2520%2520at%2520module%2520(http%253A%252F%252Flocalhost%253A8080%252Fbase%252Fapp%252Fvendor%252Fangular%252Fangular.js%253F9d140432f81858ac1e7888708720d419d147ffa9%253A2201)%250A%2520%2520%2520%2520at%2520http%253A%252F%252Flocalhost%253A8080%252Fbase%252Fapp%252Fvendor%252Fangular%252Fangular.js%253F9d140432f81858ac1e7888708720d419d147ffa9%253A4355%250A%2520%2520%2520%2520at%2520forEach%2520(http%253A%252F%252Flocalhost%253A8080%252Fbase%252Fapp%252Fvendor%252Fangular%252Fangular.js%253F9d140432f81858ac1e7888708720d419d147ffa9%253A336)%250A%2520%2520%2520%2520at%2520loadModules%2520(http%253A%252F%252Flocalhost%253A8080%252Fbase%252Fapp%252Fvendor%252Fangular%252Fangular.js%253F9d140432f81858ac1e7888708720d419d147ffa9%253A4381)%250A%2520%2520%2520%2520at%2520http%253A%252F%252Flocalhost%253A8080%252Fbase%252Fapp%252Fvendor%252Fangular%252Fangular.js%253F9d140432f81858ac1e7888708720d419d147ffa9%253A4356%250A%2520%2520%2520%2520at%2520forEach%2520(http%253A%252F%252Flocalhost%253A8080%252Fbase%252Fapp%252Fvendor%252Fangular%252Fangular.js%253F9d140432f81858ac1e7888708720d419d147ffa9%253A336)%250A%2520%2520%2520%2520at%2520loadModules%2520(http%253A%252F%252Flocalhost%253A8080%252Fbase%252Fapp%252Fvendor%252Fangular%252Fangular.js%253F9d140432f81858ac1e7888708720d419d147ffa9%253A4381)%250A%2520%2520%2520%2520at%2520createInjector%2520(http%253A%252F%252Flocalhost%253A8080%252Fbase%252Fapp%252Fvendor%252Fangular%252Fangular.js%253F9d140432f81858ac1e7888708720d419d147ffa9%253A4265)%250A%2520%2520%2520%2520at%2520workFn%2520(http%253A%252F%252Flocalhost%253A8080%252Fbase%252Fapp%252Fvendor%252Fangular-mocks%252Fangular-mocks.js%253F6fe041cc8bb7a17f894cb12d8b0d44b12644f10a%253A2409)%250A%2520%2520%2520%2520at%2520attemptSync%2520(http%253A%252F%252Flocalhost%253A8080%252Fbase%252Fnode_modules%252Fjasmine-core%252Flib%252Fjasmine-core%252Fjasmine.js%253F578a1e5ff14db21b04e2d6db7fd0eda37042440c%253A1789)%250A%2520%2520%2520%2520at%2520http%253A%252F%252Flocalhost%253A8080%252Fbase%252Fnode_modules%252Fjasmine-core%252Flib%252Fjasmine-core%252Fjasmine.js%253F578a1e5ff14db21b04e2d6db7fd0eda37042440c%253A1777%250A%2520%2520%2520%2520at%2520http%253A%252F%252Flocalhost%253A8080%252Fbase%252Fnode_modules%252Fjasmine-core%252Flib%252Fjasmine-core%252Fjasmine.js%253F578a1e5ff14db21b04e2d6db7fd0eda37042440c%253A1762%250A%2520%2520%2520%2520at%2520http%253A%252F%252Flocalhost%253A8080%252Fbase%252Fnode_modules%252Fjasmine-core%252Flib%252Fjasmine-core%252Fjasmine.js%253F578a1e5ff14db21b04e2d6db7fd0eda37042440c%253A627%250A%2520%2520%2520%2520at%2520http%253A%252F%252Flocalhost%253A8080%252Fbase%252Fnode_modules%252Fjasmine-core%252Flib%252Fjasmine-core%252Fjasmine.js%253F578a1e5ff14db21b04e2d6db7fd0eda37042440c%253A357%250A%2520%2520%2520%2520at%2520http%253A%252F%252Flocalhost%253A8080%252Fbase%252Fnode_modules%252Fjasmine-core%252Flib%252Fjasmine-core%252Fjasmine.js%253F578a1e5ff14db21b04e2d6db7fd0eda37042440c%253A2360%250A%2520%2520%2520%2520at%2520attemptAsync%2520(http%253A%252F%252Flocalhost%253A8080%252Fbase%252Fnode_modules%252Fjasmine-core%252Flib%252Fjasmine-core%252Fjasmine.js%253F578a1e5ff14db21b04e2d6db7fd0eda37042440c%253A1819)%250A%2520%2520%2520%2520at%2520http%253A%252F%252Flocalhost%253A8080%252Fbase%252Fnode_modules%252Fjasmine-core%252Flib%252Fjasmine-core%252Fjasmine.js%253F578a1e5ff14db21b04e2d6db7fd0eda37042440c%253A1774%250A%2520%2520%2520%2520at%2520http%253A%252F%252Flocalhost%253A8080%252Fbase%252Fnode_modules%252Fjasmine-core%252Flib%252Fjasmine-core%252Fjasmine.js%253F578a1e5ff14db21b04e2d6db7fd0eda37042440c%253A1801%250A%2520%2520%2520%2520at%2520http%253A%252F%252Flocalhost%253A8080%252Fbase%252Fnode_modules%252Fjasmine-core%252Flib%252Fjasmine-core%252Fjasmine.js%253F578a1e5ff14db21b04e2d6db7fd0eda37042440c%253A1745%250A%2520%2520%2520%2520at%2520complete%2520(http%253A%252F%252Flocalhost%253A8080%252Fbase%252Fnode_modules%252Fjasmine-core%252Flib%252Fjasmine-core%252Fjasmine.js%253F578a1e5ff14db21b04e2d6db7fd0eda37042440c%253A365)%250A%2520%2520%2520%2520at%2520clearStack%2520(http%253A%252F%252Flocalhost%253A8080%252Fbase%252Fnode_modules%252Fjasmine-core%252Flib%252Fjasmine-core%252Fjasmine.js%253F578a1e5ff14db21b04e2d6db7fd0eda37042440c%253A605)%250A%2520%2520%2520%2520at%2520http%253A%252F%252Flocalhost%253A8080%252Fbase%252Fnode_modules%252Fjasmine-core%252Flib%252Fjasmine-core%252Fjasmine.js%253F578a1e5ff14db21b04e2d6db7fd0eda37042440c%253A1784%250A%2520%2520%2520%2520at%2520http%253A%252F%252Flocalhost%253A8080%252Fbase%252Fnode_modules%252Fjasmine-core%252Flib%252Fjasmine-core%252Fjasmine.js%253F578a1e5ff14db21b04e2d6db7fd0eda37042440c%253A1762%250A%2520%2520%2520%2520at%2520http%253A%252F%252Flocalhost%253A8080%252Fbase%252Fnode_modules%252Fjasmine-core%252Flib%252Fjasmine-core%252Fjasmine.js%253F578a1e5ff14db21b04e2d6db7fd0eda37042440c%253A627%250A%2520%2520%2520%2520at%2520http%253A%252F%252Flocalhost%253A8080%252Fbase%252Fnode_modules%252Fjasmine-core%252Flib%252Fjasmine-core%252Fjasmine.js%253F578a1e5ff14db21b04e2d6db7fd0eda37042440c%253A357%250A%2520%2520%2520%2520at%2520http%253A%252F%252Flocalhost%253A8080%252Fbase%252Fnode_modules%252Fjasmine-core%252Flib%252Fjasmine-core%252Fjasmine.js%253F578a1e5ff14db21b04e2d6db7fd0eda37042440c%253A2360%250A%2520%2520%2520%2520at%2520attemptAsync%2520(http%253A%252F%252Flocalhost%253A8080%252Fbase%252Fnode_modules%252Fjasmine-core%252Flib%252Fjasmine-core%252Fjasmine.js%253F578a1e5ff14db21b04e2d6db7fd0eda37042440c%253A1819)%250A%2520%2520%2520%2520at%2520http%253A%252F%252Flocalhost%253A8080%252Fbase%252Fnode_modules%252Fjasmine-core%252Flib%252Fjasmine-core%252Fjasmine.js%253F578a1e5ff14db21b04e2d6db7fd0eda37042440c%253A1774%250A%2520%2520%2520%2520at%2520http%253A%252F%252Flocalhost%253A8080%252Fbase%252Fnode_modules%252Fjasmine-core%252Flib%252Fjasmine-core%252Fjasmine.js%253F578a1e5ff14db21b04e2d6db7fd0eda37042440c%253A1762%250A%2520%2520%2520%2520at%2520http%253A%252F%252Flocalhost%253A8080%252Fbase%252Fnode_modules%252Fjasmine-core%252Flib%252Fjasmine-core%252Fjasmine.js%253F578a1e5ff14db21b04e2d6db7fd0eda37042440c%253A627%250A%2520%2520%2520%2520at%2520http%253A%252F%252Flocalhost%253A8080%252Fbase%252Fnode_modules%252Fjasmine-core%252Flib%252Fjasmine-core%252Fjasmine.js%253F578a1e5ff14db21b04e2d6db7fd0eda37042440c%253A2354%250A%2520%2520%2520%2520at%2520attemptAsync%2520(http%253A%252F%252Flocalhost%253A8080%252Fbase%252Fnode_modules%252Fjasmine-core%252Flib%252Fjasmine-core%252Fjasmine.js%253F578a1e5ff14db21b04e2d6db7fd0eda37042440c%253A1819)%250A%2520%2520%2520%2520at%2520http%253A%252F%252Flocalhost%253A8080%252Fbase%252Fnode_modules%252Fjasmine-core%252Flib%252Fjasmine-core%252Fjasmine.js%253F578a1e5ff14db21b04e2d6db7fd0eda37042440c%253A1774%250A%2520%2520%2520%2520at%2520http%253A%252F%252Flocalhost%253A8080%252Fbase%252Fnode_modules%252Fjasmine-core%252Flib%252Fjasmine-core%252Fjasmine.js%253F578a1e5ff14db21b04e2d6db7fd0eda37042440c%253A1801%250A%2520%2520%2520%2520at%2520http%253A%252F%252Flocalhost%253A8080%252Fbase%252Fnode_modules%252Fjasmine-core%252Flib%252Fjasmine-core%252Fjasmine.js%253F578a1e5ff14db21b04e2d6db7fd0eda37042440c%253A1745%250A%2520%2520%2520%2520at%2520http%253A%252F%252Flocalhost%253A8080%252Fbase%252Fnode_modules%252Fjasmine-core%252Flib%252Fjasmine-core%252Fjasmine.js%253F578a1e5ff14db21b04e2d6db7fd0eda37042440c%253A2348%250A%2520%2520%2520%2520at%2520clearStack%2520(http%253A%252F%252Flocalhost%253A8080%252Fbase%252Fnode_modules%252Fjasmine-core%252Flib%252Fjasmine-core%252Fjasmine.js%253F578a1e5ff14db21b04e2d6db7fd0eda37042440c%253A605)%250A%2520%2520%2520%2520at%2520http%253A%252F%252Flocalhost%253A8080%252Fbase%252Fnode_modules%252Fjasmine-core%252Flib%252Fjasmine-core%252Fjasmine.js%253F578a1e5ff14db21b04e2d6db7fd0eda37042440c%253A1784%250A%2520%2520%2520%2520at%2520http%253A%252F%252Flocalhost%253A8080%252Fbase%252Fnode_modules%252Fjasmine-core%252Flib%252Fjasmine-core%252Fjasmine.js%253F578a1e5ff14db21b04e2d6db7fd0eda37042440c%253A1801%250A%2520%2520%2520%2520at%2520http%253A%252F%252Flocalhost%253A8080%252Fbase%252Fnode_modules%252Fjasmine-core%252Flib%252Fjasmine-core%252Fjasmine.js%253F578a1e5ff14db21b04e2d6db7fd0eda37042440c%253A1745%250A%2520%2520%2520%2520at%2520complete%2520(http%253A%252F%252Flocalhost%253A8080%252Fbase%252Fnode_modules%252Fjasmine-core%252Flib%252Fjasmine-core%252Fjasmine.js%253F578a1e5ff14db21b04e2d6db7fd0eda37042440c%253A365)%250A%2520%2520%2520%2520at%2520clearStack%2520(http%253A%252F%252Flocalhost%253A8080%252Fbase%252Fnode_modules%252Fjasmine-core%252Flib%252Fjasmine-core%252Fjasmine.js%253F578a1e5ff14db21b04e2d6db7fd0eda37042440c%253A605)%250A%2520%2520%2520%2520at%2520http%253A%252F%252Flocalhost%253A8080%252Fbase%252Fnode_modules%252Fjasmine-core%252Flib%252Fjasmine-core%252Fjasmine.js%253F578a1e5ff14db21b04e2d6db7fd0eda37042440c%253A1784%250A%2520%2520%2520%2520at%2520http%253A%252F%252Flocalhost%253A8080%252Fbase%252Fnode_modules%252Fjasmine-core%252Flib%252Fjasmine-core%252Fjasmine.js%253F578a1e5ff14db21b04e2d6db7fd0eda37042440c%253A1762%250A%2520%2520%2520%2520at%2520http%253A%252F%252Flocalhost%253A8080%252Fbase%252Fnode_modules%252Fjasmine-core%252Flib%252Fjasmine-core%252Fjasmine.js%253F578a1e5ff14db21b04e2d6db7fd0eda37042440c%253A627%250A%2520%2520%2520%2520at%2520http%253A%252F%252Flocalhost%253A8080%252Fbase%252Fnode_modules%252Fjasmine-core%252Flib%252Fjasmine-core%252Fjasmine.js%253F578a1e5ff14db21b04e2d6db7fd0eda37042440c%253A357%250A%2520%2520%2520%2520at%2520http%253A%252F%252Flocalhost%253A8080%252Fbase%252Fnode_modules%252Fjasmine-core%252Flib%252Fjasmine-core%252Fjasmine.js%253F578a1e5ff14db21b04e2d6db7fd0eda37042440c%253A2360%250A%2520%2520%2520%2520at%2520attemptAsync%2520(http%253A%252F%252Flocalhost%253A8080%252Fbase%252Fnode_modules%252Fjasmine-core%252Flib%252Fjasmine-core%252Fjasmine.js%253F578a1e5ff14db21b04e2d6db7fd0eda37042440c%253A1819)%250A%2520%2520%2520%2520at%2520http%253A%252F%252Flocalhost%253A8080%252Fbase%252Fnode_modules%252Fjasmine-core%252Flib%252Fjasmine-core%252Fjasmine.js%253F578a1e5ff14db21b04e2d6db7fd0eda37042440c%253A1774%250A%2520%2520%2520%2520at%2520http%253A%252F%252Flocalhost%253A8080%252Fbase%252Fnode_modules%252Fjasmine-core%252Flib%252Fjasmine-core%252Fjasmine.js%253F578a1e5ff14db21b04e2d6db7fd0eda37042440c%253A1801%250A%2520%2520%2520%2520at%2520http%253A%252F%252Flocalhost%253A8080%252Fbase%252Fnode_modules%252Fjasmine-core%252Flib%252Fjasmine-core%252Fjasmine.js%253F578a1e5ff14db21b04e2d6db7fd0eda37042440c%253A1745%250A%2520%2520%2520%2520at%2520complete%2520(http%253A%252F%252Flocalhost%253A8080%252Fbase%252Fnode_modules%252Fjasmine-core%252Flib%252Fjasmine-core%252Fjasmine.js%253F578a1e5ff14db21b04e2d6db7fd0eda37042440c%253A365)%0A%20%20%20%20at%20http%3A%2F%2Flocalhost%3A8080%2Fbase%2Fapp%2Fvendor%2Fangular%2Fangular.js%3F9d140432f81858ac1e7888708720d419d147ffa9%3A4379%0A%20%20%20%20at%20forEach%20(http%3A%2F%2Flocalhost%3A8080%2Fbase%2Fapp%2Fvendor%2Fangular%2Fangular.js%3F9d140432f81858ac1e7888708720d419d147ffa9%3A336)%0A%20%20%20%20at%20loadModules%20(http%3A%2F%2Flocalhost%3A8080%2Fbase%2Fapp%2Fvendor%2Fangular%2Fangular.js%3F9d140432f81858ac1e7888708720d419d147ffa9%3A4381)%0A%20%20%20%20at%20http%3A%2F%2Flocalhost%3A8080%2Fbase%2Fapp%2Fvendor%2Fangular%2Fangular.js%3F9d140432f81858ac1e7888708720d419d147ffa9%3A4356%0A%20%20%20%20at%20forEach%20(http%3A%2F%2Flocalhost%3A8080%2Fbase%2Fapp%2Fvendor%2Fangular%2Fangular.js%3F9d140432f81858ac1e7888708720d419d147ffa9%3A336)%0A%20%20%20%20at%20loadModules%20(http%3A%2F%2Flocalhost%3A8080%2Fbase%2Fapp%2Fvendor%2Fangular%2Fangular.js%3F9d140432f81858ac1e7888708720d419d147ffa9%3A4381)%0A%20%20%20%20at%20createInjector%20(http%3A%2F%2Flocalhost%3A8080%2Fbase%2Fapp%2Fvendor%2Fangular%2Fangular.js%3F9d140432f81858ac1e7888708720d419d147ffa9%3A4265)%0A%20%20%20%20at%20workFn%20(http%3A%2F%2Flocalhost%3A8080%2Fbase%2Fapp%2Fvendor%2Fangular-mocks%2Fangular-mocks.js%3F6fe041cc8bb7a17f894cb12d8b0d44b12644f10a%3A2409)%0A%20%20%20%20at%20attemptSync%20(http%3A%2F%2Flocalhost%3A8080%2Fbase%2Fnode_modules%2Fjasmine-core%2Flib%2Fjasmine-core%2Fjasmine.js%3F578a1e5ff14db21b04e2d6db7fd0eda37042440c%3A1789)%0A%20%20%20%20at%20http%3A%2F%2Flocalhost%3A8080%2Fbase%2Fnode_modules%2Fjasmine-core%2Flib%2Fjasmine-core%2Fjasmine.js%3F578a1e5ff14db21b04e2d6db7fd0eda37042440c%3A1777%0A%20%20%20%20at%20http%3A%2F%2Flocalhost%3A8080%2Fbase%2Fnode_modules%2Fjasmine-core%2Flib%2Fjasmine-core%2Fjasmine.js%3F578a1e5ff14db21b04e2d6db7fd0eda37042440c%3A1762%0A%20%20%20%20at%20http%3A%2F%2Flocalhost%3A8080%2Fbase%2Fnode_modules%2Fjasmine-core%2Flib%2Fjasmine-core%2Fjasmine.js%3F578a1e5ff14db21b04e2d6db7fd0eda37042440c%3A627%0A%20%20%20%20at%20http%3A%2F%2Flocalhost%3A8080%2Fbase%2Fnode_modules%2Fjasmine-core%2Flib%2Fjasmine-core%2Fjasmine.js%3F578a1e5ff14db21b04e2d6db7fd0eda37042440c%3A357%0A%20%20%20%20at%20http%3A%2F%2Flocalhost%3A8080%2Fbase%2Fnode_modules%2Fjasmine-core%2Flib%2Fjasmine-core%2Fjasmine.js%3F578a1e5ff14db21b04e2d6db7fd0eda37042440c%3A2360%0A%20%20%20%20at%20attemptAsync%20(http%3A%2F%2Flocalhost%3A8080%2Fbase%2Fnode_modules%2Fjasmine-core%2Flib%2Fjasmine-core%2Fjasmine.js%3F578a1e5ff14db21b04e2d6db7fd0eda37042440c%3A1819)%0A%20%20%20%20at%20http%3A%2F%2Flocalhost%3A8080%2Fbase%2Fnode_modules%2Fjasmine-core%2Flib%2Fjasmine-core%2Fjasmine.js%3F578a1e5ff14db21b04e2d6db7fd0eda37042440c%3A1774%0A%20%20%20%20at%20http%3A%2F%2Flocalhost%3A8080%2Fbase%2Fnode_modules%2Fjasmine-core%2Flib%2Fjasmine-core%2Fjasmine.js%3F578a1e5ff14db21b04e2d6db7fd0eda37042440c%3A1801%0A%20%20%20%20at%20http%3A%2F%2Flocalhost%3A8080%2Fbase%2Fnode_modules%2Fjasmine-core%2Flib%2Fjasmine-core%2Fjasmine.js%3F578a1e5ff14db21b04e2d6db7fd0eda37042440c%3A1745%0A%20%20%20%20at%20complete%20(http%3A%2F%2Flocalhost%3A8080%2Fbase%2Fnode_modules%2Fjasmine-core%2Flib%2Fjasmine-core%2Fjasmine.js%3F578a1e5ff14db21b04e2d6db7fd0eda37042440c%3A365)%0A%20%20%20%20at%20clearStack%20(http%3A%2F%2Flocalhost%3A8080%2Fbase%2Fnode_modules%2Fjasmine-core%2Flib%2Fjasmine-core%2Fjasmine.js%3F578a1e5ff14db21b04e2d6db7fd0eda37042440c%3A605)%0A%20%20%20%20at%20http%3A%2F%2Flocalhost%3A8080%2Fbase%2Fnode_modules%2Fjasmine-core%2Flib%2Fjasmine-core%2Fjasmine.js%3F578a1e5ff14db21b04e2d6db7fd0eda37042440c%3A1784%0A%20%20%20%20at%20http%3A%2F%2Flocalhost%3A8080%2Fbase%2Fnode_modules%2Fjasmine-core%2Flib%2Fjasmine-core%2Fjasmine.js%3F578a1e5ff14db21b04e2d6db7fd0eda37042440c%3A1762%0A%20%20%20%20at%20http%3A%2F%2Flocalhost%3A8080%2Fbase%2Fnode_modules%2Fjasmine-core%2Flib%2Fjasmine-core%2Fjasmine.js%3F578a1e5ff14db21b04e2d6db7fd0eda37042440c%3A627%0A%20%20%20%20at%20http%3A%2F%2Flocalhost%3A8080%2Fbase%2Fnode_modules%2Fjasmine-core%2Flib%2Fjasmine-core%2Fjasmine.js%3F578a1e5ff14db21b04e2d6db7fd0eda37042440c%3A357%0A%20%20%20%20at%20http%3A%2F%2Flocalhost%3A8080%2Fbase%2Fnode_modules%2Fjasmine-core%2Flib%2Fjasmine-core%2Fjasmine.js%3F578a1e5ff14db21b04e2d6db7fd0eda37042440c%3A2360%0A%20%20%20%20at%20attemptAsync%20(http%3A%2F%2Flocalhost%3A8080%2Fbase%2Fnode_modules%2Fjasmine-core%2Flib%2Fjasmine-core%2Fjasmine.js%3F578a1e5ff14db21b04e2d6db7fd0eda37042440c%3A1819)%0A%20%20%20%20at%20http%3A%2F%2Flocalhost%3A8080%2Fbase%2Fnode_modules%2Fjasmine-core%2Flib%2Fjasmine-core%2Fjasmine.js%3F578a1e5ff14db21b04e2d6db7fd0eda37042440c%3A1774%0A%20%20%20%20at%20http%3A%2F%2Flocalhost%3A8080%2Fbase%2Fnode_modules%2Fjasmine-core%2Flib%2Fjasmine-core%2Fjasmine.js%3F578a1e5ff14db21b04e2d6db7fd0eda37042440c%3A1762%0A%20%20%20%20at%20http%3A%2F%2Flocalhost%3A8080%2Fbase%2Fnode_modules%2Fjasmine-core%2Flib%2Fjasmine-core%2Fjasmine.js%3F578a1e5ff14db21b04e2d6db7fd0eda37042440c%3A627%0A%20%20%20%20at%20http%3A%2F%2Flocalhost%3A8080%2Fbase%2Fnode_modules%2Fjasmine-core%2Flib%2Fjasmine-core%2Fjasmine.js%3F578a1e5ff14db21b04e2d6db7fd0eda37042440c%3A2354%0A%20%20%20%20at%20attemptAsync%20(http%3A%2F%2Flocalhost%3A8080%2Fbase%2Fnode_modules%2Fjasmine-core%2Flib%2Fjasmine-core%2Fjasmine.js%3F578a1e5ff14db21b04e2d6db7fd0eda37042440c%3A1819)%0A%20%20%20%20at%20http%3A%2F%2Flocalhost%3A8080%2Fbase%2Fnode_modules%2Fjasmine-core%2Flib%2Fjasmine-core%2Fjasmine.js%3F578a1e5ff14db21b04e2d6db7fd0eda37042440c%3A1774%0A%20%20%20%20at%20http%3A%2F%2Flocalhost%3A8080%2Fbase%2Fnode_modules%2Fjasmine-core%2Flib%2Fjasmine-core%2Fjasmine.js%3F578a1e5ff14db21b04e2d6db7fd0eda37042440c%3A1801%0A%20%20%20%20at%20http%3A%2F%2Flocalhost%3A8080%2Fbase%2Fnode_modules%2Fjasmine-core%2Flib%2Fjasmine-core%2Fjasmine.js%3F578a1e5ff14db21b04e2d6db7fd0eda37042440c%3A1745%0A%20%20%20%20at%20http%3A%2F%2Flocalhost%3A8080%2Fbase%2Fnode_modules%2Fjasmine-core%2Flib%2Fjasmine-core%2Fjasmine.js%3F578a1e5ff14db21b04e2d6db7fd0eda37042440c%3A2348%0A%20%20%20%20at%20clearStack%20(http%3A%2F%2Flocalhost%3A8080%2Fbase%2Fnode_modules%2Fjasmine-core%2Flib%2Fjasmine-core%2Fjasmine.js%3F578a1e5ff14db21b04e2d6db7fd0eda37042440c%3A605)%0A%20%20%20%20at%20http%3A%2F%2Flocalhost%3A8080%2Fbase%2Fnode_modules%2Fjasmine-core%2Flib%2Fjasmine-core%2Fjasmine.js%3F578a1e5ff14db21b04e2d6db7fd0eda37042440c%3A1784%0A%20%20%20%20at%20http%3A%2F%2Flocalhost%3A8080%2Fbase%2Fnode_modules%2Fjasmine-core%2Flib%2Fjasmine-core%2Fjasmine.js%3F578a1e5ff14db21b04e2d6db7fd0eda37042440c%3A1801%0A%20%20%20%20at%20http%3A%2F%2Flocalhost%3A8080%2Fbase%2Fnode_modules%2Fjasmine-core%2Flib%2Fjasmine-core%2Fjasmine.js%3F578a1e5ff14db21b04e2d6db7fd0eda37042440c%3A1745%0A%20%20%20%20at%20complete%20(http%3A%2F%2Flocalhost%3A8080%2Fbase%2Fnode_modules%2Fjasmine-core%2Flib%2Fjasmine-core%2Fjasmine.js%3F578a1e5ff14db21b04e2d6db7fd0eda37042440c%3A365)%0A%20%20%20%20at%20clearStack%20(http%3A%2F%2Flocalhost%3A8080%2Fbase%2Fnode_modules%2Fjasmine-core%2Flib%2Fjasmine-core%2Fjasmine.js%3F578a1e5ff14db21b04e2d6db7fd0eda37042440c%3A605)%0A%20%20%20%20at%20http%3A%2F%2Flocalhost%3A8080%2Fbase%2Fnode_modules%2Fjasmine-core%2Flib%2Fjasmine-core%2Fjasmine.js%3F578a1e5ff14db21b04e2d6db7fd0eda37042440c%3A1784%0A%20%20%20%20at%20http%3A%2F%2Flocalhost%3A8080%2Fbase%2Fnode_modules%2Fjasmine-core%2Flib%2Fjasmine-core%2Fjasmine.js%3F578a1e5ff14db21b04e2d6db7fd0eda37042440c%3A1762%0A%20%20%20%20at%20http%3A%2F%2Flocalhost%3A8080%2Fbase%2Fnode_modules%2Fjasmine-core%2Flib%2Fjasmine-core%2Fjasmine.js%3F578a1e5ff14db21b04e2d6db7fd0eda37042440c%3A627%0A%20%20%20%20at%20http%3A%2F%2Flocalhost%3A8080%2Fbase%2Fnode_modules%2Fjasmine-core%2Flib%2Fjasmine-core%2Fjasmine.js%3F578a1e5ff14db21b04e2d6db7fd0eda37042440c%3A357%0A%20%20%20%20at%20http%3A%2F%2Flocalhost%3A8080%2Fbase%2Fnode_modules%2Fjasmine-core%2Flib%2Fjasmine-core%2Fjasmine.js%3F578a1e5ff14db21b04e2d6db7fd0eda37042440c%3A2360%0A%20%20%20%20at%20attemptAsync%20(http%3A%2F%2Flocalhost%3A8080%2Fbase%2Fnode_modules%2Fjasmine-core%2Flib%2Fjasmine-core%2Fjasmine.js%3F578a1e5ff14db21b04e2d6db7fd0eda37042440c%3A1819)%0A%20%20%20%20at%20http%3A%2F%2Flocalhost%3A8080%2Fbase%2Fnode_modules%2Fjasmine-core%2Flib%2Fjasmine-core%2Fjasmine.js%3F578a1e5ff14db21b04e2d6db7fd0eda37042440c%3A1774%0A%20%20%20%20at%20http%3A%2F%2Flocalhost%3A8080%2Fbase%2Fnode_modules%2Fjasmine-core%2Flib%2Fjasmine-core%2Fjasmine.js%3F578a1e5ff14db21b04e2d6db7fd0eda37042440c%3A1801%0A%20%20%20%20at%20http%3A%2F%2Flocalhost%3A8080%2Fbase%2Fnode_modules%2Fjasmine-core%2Flib%2Fjasmine-core%2Fjasmine.js%3F578a1e5ff14db21b04e2d6db7fd0eda37042440c%3A1745%0A%20%20%20%20at%20complete%20(http%3A%2F%2Flocalhost%3A8080%2Fbase%2Fnode_modules%2Fjasmine-core%2Flib%2Fjasmine-core%2Fjasmine.js%3F578a1e5ff14db21b04e2d6db7fd0eda37042440c%3A365)
    at C:/dev/MedExplorer/src/client/app/vendor/angular/angular.js:4379
    at forEach (C:/dev/MedExplorer/src/client/app/vendor/angular/angular.js:336)
    at loadModules (C:/dev/MedExplorer/src/client/app/vendor/angular/angular.js:4381)
    at createInjector (C:/dev/MedExplorer/src/client/app/vendor/angular/angular.js:4265)
    at workFn (C:/dev/MedExplorer/src/client/app/vendor/angular-mocks/angular-mocks.js:2409)
</failure>
      <failure type="">TypeError: &apos;undefined&apos; is not a function (evaluating &apos;replaceOTC(&apos;otc&apos;)&apos;)
    at C:/dev/MedExplorer/src/client/test/spec/filters/replaceotcTest.js:19
</failure>
    </testcase>
    <system-out><![CDATA[
]]></system-out>
    <system-err/>
  </testsuite>
</testsuites>
