<?xml version="1.0"?>
<testsuites>
  <testsuite name="PhantomJS 1.9.8 (Windows 7 0.0.0)" package="" timestamp="2015-06-25T18:08:01" id="0" hostname="HAYES-LT" tests="12" errors="0" failures="0" time="0.05">
    <properties>
      <property name="browser.fullName" value="Mozilla/5.0 (Windows NT 6.1; WOW64) AppleWebKit/534.34 (KHTML, like Gecko) PhantomJS/1.9.8 Safari/534.34"/>
    </properties>
    <testcase name="this is a test" time="0.001" classname="PhantomJS 1.9.8 (Windows 7 0.0.0).Controller: HelloWorldController"/>
    <testcase name="this is another test (which should NOT fail)" time="0" classname="PhantomJS 1.9.8 (Windows 7 0.0.0).Controller: HelloWorldController"/>
    <testcase name="filters not null" time="0.015" classname="PhantomJS 1.9.8 (Windows 7 0.0.0).Filter: capitalization"/>
    <testcase name="sentence_test" time="0.006" classname="PhantomJS 1.9.8 (Windows 7 0.0.0).Filter: capitalization"/>
    <testcase name="uppercase_test" time="0.002" classname="PhantomJS 1.9.8 (Windows 7 0.0.0).Filter: capitalization"/>
    <testcase name="lowercase_test" time="0.003" classname="PhantomJS 1.9.8 (Windows 7 0.0.0).Filter: capitalization"/>
    <testcase name="title_test" time="0.002" classname="PhantomJS 1.9.8 (Windows 7 0.0.0).Filter: capitalization"/>
    <testcase name="titlePreserveUpper_test" time="0.002" classname="PhantomJS 1.9.8 (Windows 7 0.0.0).Filter: capitalization"/>
    <testcase name="has a mmddyyyy_slashes date filter" time="0.003" classname="PhantomJS 1.9.8 (Windows 7 0.0.0).Filter: date"/>
    <testcase name="convert mmddyyyy_slashes" time="0.01" classname="PhantomJS 1.9.8 (Windows 7 0.0.0).Filter: date"/>
    <testcase name="has a replaceOTC filter" time="0.003" classname="PhantomJS 1.9.8 (Windows 7 0.0.0).Filter: replaceotc"/>
    <testcase name="convert replaceOTC" time="0.003" classname="PhantomJS 1.9.8 (Windows 7 0.0.0).Filter: replaceotc"/>
    <system-out><![CDATA[
]]></system-out>
    <system-err/>
  </testsuite>
</testsuites>
